step     5000 | reward(last100)  0.0000 | sigma 0.0309 | elapsed    4.0s
step    10000 | reward(last100)  0.0000 | sigma 0.0309 | elapsed    7.9s
step    15000 | reward(last100)  0.0000 | sigma 0.0301 | elapsed   23.2s
step    20000 | reward(last100)  0.0456 | sigma 0.0289 | elapsed   39.5s
step    25000 | reward(last100)  0.1888 | sigma 0.0278 | elapsed   55.7s
step    30000 | reward(last100)  0.2680 | sigma 0.0269 | elapsed   72.7s
step    35000 | reward(last100)  0.4112 | sigma 0.0261 | elapsed   86.0s
step    40000 | reward(last100)  0.9139 | sigma 0.0256 | elapsed  105.4s
step    45000 | reward(last100)  0.8930 | sigma 0.0252 | elapsed  127.2s
step    50000 | reward(last100)  0.7224 | sigma 0.0248 | elapsed  146.7s
step    55000 | reward(last100)  0.5406 | sigma 0.0245 | elapsed  166.8s
step    60000 | reward(last100)  0.3734 | sigma 0.0243 | elapsed  182.6s
step    65000 | reward(last100)  0.2172 | sigma 0.0242 | elapsed  198.9s
step    70000 | reward(last100)  0.0623 | sigma 0.0240 | elapsed  218.7s
step    75000 | reward(last100)  0.0127 | sigma 0.0239 | elapsed  236.3s
step    80000 | reward(last100)  0.1675 | sigma 0.0238 | elapsed  250.1s
step    85000 | reward(last100)  0.2786 | sigma 0.0238 | elapsed  263.8s
step    90000 | reward(last100)  0.4374 | sigma 0.0237 | elapsed  277.8s
step    95000 | reward(last100)  0.4639 | sigma 0.0237 | elapsed  293.7s
step   100000 | reward(last100)  0.5813 | sigma 0.0237 | elapsed  313.2s
step   105000 | reward(last100)  0.6722 | sigma 0.0237 | elapsed  332.7s
step   110000 | reward(last100)  0.6107 | sigma 0.0236 | elapsed  352.3s
step   115000 | reward(last100)  0.5195 | sigma 0.0236 | elapsed  370.5s
step   120000 | reward(last100)  0.5072 | sigma 0.0236 | elapsed  386.3s
step   125000 | reward(last100)  0.5570 | sigma 0.0236 | elapsed  401.6s
step   130000 | reward(last100)  0.6193 | sigma 0.0235 | elapsed  420.1s
step   135000 | reward(last100)  0.5517 | sigma 0.0235 | elapsed  441.3s
step   140000 | reward(last100)  0.5937 | sigma 0.0235 | elapsed  460.9s
step   145000 | reward(last100)  0.5746 | sigma 0.0235 | elapsed  480.7s
step   150000 | reward(last100)  0.4759 | sigma 0.0235 | elapsed  499.7s
step   155000 | reward(last100)  0.3617 | sigma 0.0235 | elapsed  513.1s
step   160000 | reward(last100)  0.3085 | sigma 0.0235 | elapsed  527.6s
step   165000 | reward(last100)  0.5259 | sigma 0.0235 | elapsed  542.5s
step   170000 | reward(last100)  0.6677 | sigma 0.0235 | elapsed  560.9s
step   175000 | reward(last100)  0.7586 | sigma 0.0235 | elapsed  576.9s
step   180000 | reward(last100)  0.7094 | sigma 0.0235 | elapsed  592.1s
step   185000 | reward(last100)  0.5813 | sigma 0.0235 | elapsed  610.2s
step   190000 | reward(last100)  0.4953 | sigma 0.0235 | elapsed  629.0s
step   195000 | reward(last100)  0.6268 | sigma 0.0235 | elapsed  647.3s
step   200000 | reward(last100)  0.6743 | sigma 0.0235 | elapsed  665.9s
step   205000 | reward(last100)  0.5610 | sigma 0.0235 | elapsed  680.4s
step   210000 | reward(last100)  0.4272 | sigma 0.0235 | elapsed  700.9s
step   215000 | reward(last100)  0.9299 | sigma 0.0235 | elapsed  720.4s
step   220000 | reward(last100)  0.9341 | sigma 0.0235 | elapsed  738.0s
step   225000 | reward(last100)  0.9415 | sigma 0.0235 | elapsed  756.3s
step   230000 | reward(last100)  0.8337 | sigma 0.0234 | elapsed  775.2s
step   235000 | reward(last100)  0.9196 | sigma 0.0234 | elapsed  795.6s
step   240000 | reward(last100)  0.9378 | sigma 0.0234 | elapsed  813.5s
step   245000 | reward(last100)  0.9390 | sigma 0.0234 | elapsed  830.4s
step   250000 | reward(last100)  0.9493 | sigma 0.0234 | elapsed  849.1s
step   255000 | reward(last100)  0.9505 | sigma 0.0234 | elapsed  865.6s
step   260000 | reward(last100)  0.9498 | sigma 0.0234 | elapsed  882.6s
step   265000 | reward(last100)  0.9517 | sigma 0.0234 | elapsed  900.0s
step   270000 | reward(last100)  0.9508 | sigma 0.0234 | elapsed  916.3s
step   275000 | reward(last100)  0.9529 | sigma 0.0233 | elapsed  929.4s
step   280000 | reward(last100)  0.9523 | sigma 0.0233 | elapsed  942.2s
step   285000 | reward(last100)  0.9537 | sigma 0.0233 | elapsed  957.6s
step   290000 | reward(last100)  0.9524 | sigma 0.0233 | elapsed  974.3s
step   295000 | reward(last100)  0.9536 | sigma 0.0233 | elapsed  991.2s
step   300000 | reward(last100)  0.9521 | sigma 0.0233 | elapsed 1008.3s
step   305000 | reward(last100)  0.9532 | sigma 0.0233 | elapsed 1022.3s
step   310000 | reward(last100)  0.9530 | sigma 0.0233 | elapsed 1035.3s
step   315000 | reward(last100)  0.9525 | sigma 0.0233 | elapsed 1051.7s
step   320000 | reward(last100)  0.9482 | sigma 0.0233 | elapsed 1068.1s
step   325000 | reward(last100)  0.9533 | sigma 0.0233 | elapsed 1081.7s
step   330000 | reward(last100)  0.9535 | sigma 0.0233 | elapsed 1095.5s
step   335000 | reward(last100)  0.9540 | sigma 0.0233 | elapsed 1108.9s
step   340000 | reward(last100)  0.9508 | sigma 0.0233 | elapsed 1123.9s
step   345000 | reward(last100)  0.9530 | sigma 0.0233 | elapsed 1138.6s
step   350000 | reward(last100)  0.9534 | sigma 0.0233 | elapsed 1153.5s
step   355000 | reward(last100)  0.9520 | sigma 0.0233 | elapsed 1172.2s
step   360000 | reward(last100)  0.9516 | sigma 0.0233 | elapsed 1190.7s
step   365000 | reward(last100)  0.9531 | sigma 0.0233 | elapsed 1208.6s
step   370000 | reward(last100)  0.9534 | sigma 0.0233 | elapsed 1226.7s
step   375000 | reward(last100)  0.9524 | sigma 0.0233 | elapsed 1242.0s
step   380000 | reward(last100)  0.9517 | sigma 0.0233 | elapsed 1256.2s
step   385000 | reward(last100)  0.9528 | sigma 0.0233 | elapsed 1270.3s
step   390000 | reward(last100)  0.9518 | sigma 0.0233 | elapsed 1285.8s
step   395000 | reward(last100)  0.9530 | sigma 0.0233 | elapsed 1302.8s
step   400000 | reward(last100)  0.9536 | sigma 0.0233 | elapsed 1317.5s
step   405000 | reward(last100)  0.9525 | sigma 0.0233 | elapsed 1332.5s
step   410000 | reward(last100)  0.9532 | sigma 0.0233 | elapsed 1348.2s
step   415000 | reward(last100)  0.9540 | sigma 0.0233 | elapsed 1364.2s
step   420000 | reward(last100)  0.9534 | sigma 0.0233 | elapsed 1380.4s
step   425000 | reward(last100)  0.9530 | sigma 0.0233 | elapsed 1397.0s
step   430000 | reward(last100)  0.9512 | sigma 0.0233 | elapsed 1413.8s
step   435000 | reward(last100)  0.9531 | sigma 0.0233 | elapsed 1430.9s
step   440000 | reward(last100)  0.9525 | sigma 0.0233 | elapsed 1447.6s
step   445000 | reward(last100)  0.9525 | sigma 0.0233 | elapsed 1463.4s
step   450000 | reward(last100)  0.9485 | sigma 0.0233 | elapsed 1479.1s
step   455000 | reward(last100)  0.9537 | sigma 0.0233 | elapsed 1496.3s
step   460000 | reward(last100)  0.9524 | sigma 0.0233 | elapsed 1512.3s
step   465000 | reward(last100)  0.9527 | sigma 0.0233 | elapsed 1527.6s
step   470000 | reward(last100)  0.9538 | sigma 0.0233 | elapsed 1542.7s
step   475000 | reward(last100)  0.9525 | sigma 0.0233 | elapsed 1557.7s
step   480000 | reward(last100)  0.9525 | sigma 0.0233 | elapsed 1574.2s
step   485000 | reward(last100)  0.9523 | sigma 0.0233 | elapsed 1590.7s
step   490000 | reward(last100)  0.9529 | sigma 0.0233 | elapsed 1607.6s
step   495000 | reward(last100)  0.9529 | sigma 0.0233 | elapsed 1624.1s
step   500000 | reward(last100)  0.9517 | sigma 0.0233 | elapsed 1643.3s
