step     5000 | reward(last100)  0.0000 | sigma 0.0309 | elapsed    3.5s
step    10000 | reward(last100)  0.0000 | sigma 0.0309 | elapsed    7.0s
step    15000 | reward(last100)  0.0182 | sigma 0.0298 | elapsed   19.2s
step    20000 | reward(last100)  0.0137 | sigma 0.0280 | elapsed   31.4s
step    25000 | reward(last100)  0.0109 | sigma 0.0267 | elapsed   43.6s
step    30000 | reward(last100)  0.0091 | sigma 0.0261 | elapsed   55.8s
step    35000 | reward(last100)  0.0111 | sigma 0.0258 | elapsed   69.2s
step    40000 | reward(last100)  0.0131 | sigma 0.0257 | elapsed   85.0s
step    45000 | reward(last100)  0.0131 | sigma 0.0256 | elapsed  100.7s
step    50000 | reward(last100)  0.0054 | sigma 0.0256 | elapsed  116.8s
step    55000 | reward(last100)  0.0054 | sigma 0.0255 | elapsed  129.7s
step    60000 | reward(last100)  0.0095 | sigma 0.0254 | elapsed  142.1s
step    65000 | reward(last100)  0.0095 | sigma 0.0254 | elapsed  154.6s
step    70000 | reward(last100)  0.0095 | sigma 0.0253 | elapsed  167.0s
step    75000 | reward(last100)  0.0040 | sigma 0.0253 | elapsed  179.5s
step    80000 | reward(last100)  0.0040 | sigma 0.0252 | elapsed  191.9s
step    85000 | reward(last100)  0.0124 | sigma 0.0252 | elapsed  204.4s
step    90000 | reward(last100)  0.0124 | sigma 0.0251 | elapsed  216.8s
step    95000 | reward(last100)  0.0084 | sigma 0.0251 | elapsed  229.3s
step   100000 | reward(last100)  0.0084 | sigma 0.0251 | elapsed  241.7s
step   105000 | reward(last100)  0.0123 | sigma 0.0251 | elapsed  254.6s
step   110000 | reward(last100)  0.0123 | sigma 0.0250 | elapsed  268.0s
step   115000 | reward(last100)  0.0147 | sigma 0.0250 | elapsed  282.7s
step   120000 | reward(last100)  0.0093 | sigma 0.0250 | elapsed  297.4s
step   125000 | reward(last100)  0.0233 | sigma 0.0250 | elapsed  314.0s
step   130000 | reward(last100)  0.0412 | sigma 0.0249 | elapsed  336.5s
step   135000 | reward(last100)  0.0445 | sigma 0.0249 | elapsed  359.6s
step   140000 | reward(last100)  0.0434 | sigma 0.0249 | elapsed  376.7s
step   145000 | reward(last100)  0.0648 | sigma 0.0249 | elapsed  393.7s
step   150000 | reward(last100)  0.0806 | sigma 0.0248 | elapsed  412.1s
step   155000 | reward(last100)  0.1067 | sigma 0.0248 | elapsed  436.3s
step   160000 | reward(last100)  0.1276 | sigma 0.0248 | elapsed  459.8s
step   165000 | reward(last100)  0.1446 | sigma 0.0248 | elapsed  481.6s
step   170000 | reward(last100)  0.1702 | sigma 0.0248 | elapsed  498.8s
step   175000 | reward(last100)  0.1810 | sigma 0.0248 | elapsed  513.9s
step   180000 | reward(last100)  0.2797 | sigma 0.0248 | elapsed  528.5s
step   185000 | reward(last100)  0.2765 | sigma 0.0248 | elapsed  544.8s
step   190000 | reward(last100)  0.3361 | sigma 0.0248 | elapsed  566.1s
step   195000 | reward(last100)  0.3752 | sigma 0.0248 | elapsed  587.4s
step   200000 | reward(last100)  0.3547 | sigma 0.0247 | elapsed  600.6s
step   205000 | reward(last100)  0.3118 | sigma 0.0247 | elapsed  614.2s
step   210000 | reward(last100)  0.2896 | sigma 0.0246 | elapsed  627.2s
step   215000 | reward(last100)  0.3330 | sigma 0.0246 | elapsed  640.0s
step   220000 | reward(last100)  0.5290 | sigma 0.0245 | elapsed  652.9s
step   225000 | reward(last100)  0.6973 | sigma 0.0244 | elapsed  665.8s
step   230000 | reward(last100)  0.6726 | sigma 0.0243 | elapsed  680.4s
step   235000 | reward(last100)  0.7662 | sigma 0.0242 | elapsed  695.5s
step   240000 | reward(last100)  0.6788 | sigma 0.0242 | elapsed  710.0s
step   245000 | reward(last100)  0.5807 | sigma 0.0241 | elapsed  723.1s
step   250000 | reward(last100)  0.4660 | sigma 0.0241 | elapsed  736.3s
step   255000 | reward(last100)  0.3593 | sigma 0.0241 | elapsed  750.0s
step   260000 | reward(last100)  0.2337 | sigma 0.0240 | elapsed  763.2s
step   265000 | reward(last100)  0.1311 | sigma 0.0240 | elapsed  776.5s
step   270000 | reward(last100)  0.0338 | sigma 0.0240 | elapsed  789.8s
step   275000 | reward(last100)  0.0086 | sigma 0.0240 | elapsed  803.3s
step   280000 | reward(last100)  0.0164 | sigma 0.0240 | elapsed  816.9s
step   285000 | reward(last100)  0.0366 | sigma 0.0240 | elapsed  830.7s
step   290000 | reward(last100)  0.0590 | sigma 0.0240 | elapsed  844.6s
step   295000 | reward(last100)  0.1519 | sigma 0.0240 | elapsed  858.6s
step   300000 | reward(last100)  0.2230 | sigma 0.0240 | elapsed  874.4s
step   305000 | reward(last100)  0.5449 | sigma 0.0240 | elapsed  897.0s
step   310000 | reward(last100)  0.6671 | sigma 0.0240 | elapsed  920.1s
step   315000 | reward(last100)  0.6874 | sigma 0.0240 | elapsed  944.3s
step   320000 | reward(last100)  0.6347 | sigma 0.0240 | elapsed  967.7s
step   325000 | reward(last100)  0.6184 | sigma 0.0240 | elapsed  991.0s
step   330000 | reward(last100)  0.6597 | sigma 0.0240 | elapsed 1013.9s
step   335000 | reward(last100)  0.7988 | sigma 0.0240 | elapsed 1031.4s
step   340000 | reward(last100)  0.8727 | sigma 0.0240 | elapsed 1047.8s
step   345000 | reward(last100)  0.8504 | sigma 0.0240 | elapsed 1063.3s
step   350000 | reward(last100)  0.8311 | sigma 0.0240 | elapsed 1078.3s
step   355000 | reward(last100)  0.8698 | sigma 0.0240 | elapsed 1096.0s
step   360000 | reward(last100)  0.8971 | sigma 0.0240 | elapsed 1111.9s
step   365000 | reward(last100)  0.8040 | sigma 0.0240 | elapsed 1127.0s
step   370000 | reward(last100)  0.7440 | sigma 0.0239 | elapsed 1143.2s
step   375000 | reward(last100)  0.7701 | sigma 0.0239 | elapsed 1161.7s
step   380000 | reward(last100)  0.8247 | sigma 0.0239 | elapsed 1181.9s
step   385000 | reward(last100)  0.8957 | sigma 0.0239 | elapsed 1204.5s
step   390000 | reward(last100)  0.9193 | sigma 0.0239 | elapsed 1227.9s
step   395000 | reward(last100)  0.9333 | sigma 0.0239 | elapsed 1250.7s
step   400000 | reward(last100)  0.9365 | sigma 0.0238 | elapsed 1272.5s
step   405000 | reward(last100)  0.9588 | sigma 0.0238 | elapsed 1290.8s
step   410000 | reward(last100)  0.9374 | sigma 0.0238 | elapsed 1308.7s
step   415000 | reward(last100)  0.9596 | sigma 0.0238 | elapsed 1326.5s
step   420000 | reward(last100)  0.9490 | sigma 0.0238 | elapsed 1344.3s
step   425000 | reward(last100)  0.9569 | sigma 0.0237 | elapsed 1362.1s
step   430000 | reward(last100)  0.9333 | sigma 0.0237 | elapsed 1380.0s
step   435000 | reward(last100)  0.9627 | sigma 0.0237 | elapsed 1398.4s
step   440000 | reward(last100)  0.9661 | sigma 0.0237 | elapsed 1418.2s
step   445000 | reward(last100)  0.9593 | sigma 0.0237 | elapsed 1437.1s
step   450000 | reward(last100)  0.9660 | sigma 0.0237 | elapsed 1454.7s
step   455000 | reward(last100)  0.9645 | sigma 0.0237 | elapsed 1471.1s
step   460000 | reward(last100)  0.9651 | sigma 0.0237 | elapsed 1487.3s
step   465000 | reward(last100)  0.9660 | sigma 0.0237 | elapsed 1503.4s
step   470000 | reward(last100)  0.9667 | sigma 0.0236 | elapsed 1519.5s
step   475000 | reward(last100)  0.9666 | sigma 0.0236 | elapsed 1539.3s
step   480000 | reward(last100)  0.9651 | sigma 0.0237 | elapsed 1561.6s
step   485000 | reward(last100)  0.9649 | sigma 0.0237 | elapsed 1582.8s
step   490000 | reward(last100)  0.9646 | sigma 0.0237 | elapsed 1600.8s
step   495000 | reward(last100)  0.9663 | sigma 0.0237 | elapsed 1618.7s
step   500000 | reward(last100)  0.9657 | sigma 0.0237 | elapsed 1636.7s
step   505000 | reward(last100)  0.9665 | sigma 0.0237 | elapsed 1653.8s
step   510000 | reward(last100)  0.9682 | sigma 0.0237 | elapsed 1670.2s
step   515000 | reward(last100)  0.9667 | sigma 0.0237 | elapsed 1686.6s
step   520000 | reward(last100)  0.9667 | sigma 0.0237 | elapsed 1703.0s
step   525000 | reward(last100)  0.9389 | sigma 0.0237 | elapsed 1721.2s
step   530000 | reward(last100)  0.9670 | sigma 0.0237 | elapsed 1743.6s
step   535000 | reward(last100)  0.9679 | sigma 0.0237 | elapsed 1765.9s
step   540000 | reward(last100)  0.9674 | sigma 0.0237 | elapsed 1788.1s
step   545000 | reward(last100)  0.9687 | sigma 0.0237 | elapsed 1807.8s
step   550000 | reward(last100)  0.9674 | sigma 0.0236 | elapsed 1824.3s
step   555000 | reward(last100)  0.9669 | sigma 0.0236 | elapsed 1841.4s
step   560000 | reward(last100)  0.9683 | sigma 0.0236 | elapsed 1858.0s
step   565000 | reward(last100)  0.9688 | sigma 0.0236 | elapsed 1874.7s
step   570000 | reward(last100)  0.9679 | sigma 0.0237 | elapsed 1891.3s
step   575000 | reward(last100)  0.9690 | sigma 0.0236 | elapsed 1908.0s
step   580000 | reward(last100)  0.9684 | sigma 0.0236 | elapsed 1924.5s
step   585000 | reward(last100)  0.9678 | sigma 0.0237 | elapsed 1941.1s
step   590000 | reward(last100)  0.9681 | sigma 0.0237 | elapsed 1957.7s
step   595000 | reward(last100)  0.9666 | sigma 0.0236 | elapsed 1974.3s
step   600000 | reward(last100)  0.9657 | sigma 0.0236 | elapsed 1994.4s
step   605000 | reward(last100)  0.9683 | sigma 0.0236 | elapsed 2011.5s
step   610000 | reward(last100)  0.9688 | sigma 0.0236 | elapsed 2028.1s
step   615000 | reward(last100)  0.9646 | sigma 0.0236 | elapsed 2044.6s
step   620000 | reward(last100)  0.9670 | sigma 0.0236 | elapsed 2061.2s
step   625000 | reward(last100)  0.9643 | sigma 0.0236 | elapsed 2077.8s
step   630000 | reward(last100)  0.9663 | sigma 0.0237 | elapsed 2094.4s
step   635000 | reward(last100)  0.9684 | sigma 0.0237 | elapsed 2110.9s
step   640000 | reward(last100)  0.9665 | sigma 0.0236 | elapsed 2127.5s
step   645000 | reward(last100)  0.9683 | sigma 0.0236 | elapsed 2144.1s
step   650000 | reward(last100)  0.9682 | sigma 0.0236 | elapsed 2160.7s
step   655000 | reward(last100)  0.9695 | sigma 0.0236 | elapsed 2177.9s
step   660000 | reward(last100)  0.9661 | sigma 0.0236 | elapsed 2194.7s
step   665000 | reward(last100)  0.9670 | sigma 0.0237 | elapsed 2211.4s
step   670000 | reward(last100)  0.9680 | sigma 0.0237 | elapsed 2228.1s
step   675000 | reward(last100)  0.9666 | sigma 0.0236 | elapsed 2244.9s
step   680000 | reward(last100)  0.9656 | sigma 0.0237 | elapsed 2261.7s
step   685000 | reward(last100)  0.9671 | sigma 0.0237 | elapsed 2278.4s
step   690000 | reward(last100)  0.9667 | sigma 0.0237 | elapsed 2295.1s
step   695000 | reward(last100)  0.9681 | sigma 0.0237 | elapsed 2311.8s
step   700000 | reward(last100)  0.9679 | sigma 0.0237 | elapsed 2328.5s
step   705000 | reward(last100)  0.9686 | sigma 0.0237 | elapsed 2345.6s
step   710000 | reward(last100)  0.9682 | sigma 0.0237 | elapsed 2362.3s
step   715000 | reward(last100)  0.9689 | sigma 0.0237 | elapsed 2379.0s
step   720000 | reward(last100)  0.9678 | sigma 0.0236 | elapsed 2395.7s
step   725000 | reward(last100)  0.9687 | sigma 0.0236 | elapsed 2412.3s
step   730000 | reward(last100)  0.9676 | sigma 0.0236 | elapsed 2428.9s
step   735000 | reward(last100)  0.9688 | sigma 0.0236 | elapsed 2445.4s
step   740000 | reward(last100)  0.9693 | sigma 0.0236 | elapsed 2462.0s
step   745000 | reward(last100)  0.9680 | sigma 0.0236 | elapsed 2478.6s
step   750000 | reward(last100)  0.9674 | sigma 0.0237 | elapsed 2495.4s
step   755000 | reward(last100)  0.9684 | sigma 0.0237 | elapsed 2515.1s
step   760000 | reward(last100)  0.9686 | sigma 0.0237 | elapsed 2538.9s
step   765000 | reward(last100)  0.9664 | sigma 0.0237 | elapsed 2562.7s
step   770000 | reward(last100)  0.9673 | sigma 0.0237 | elapsed 2586.6s
step   775000 | reward(last100)  0.9655 | sigma 0.0236 | elapsed 2610.4s
step   780000 | reward(last100)  0.9669 | sigma 0.0237 | elapsed 2628.5s
step   785000 | reward(last100)  0.9685 | sigma 0.0237 | elapsed 2646.6s
step   790000 | reward(last100)  0.9675 | sigma 0.0237 | elapsed 2669.7s
step   795000 | reward(last100)  0.9664 | sigma 0.0237 | elapsed 2692.4s
step   800000 | reward(last100)  0.9677 | sigma 0.0237 | elapsed 2715.2s
step   805000 | reward(last100)  0.9677 | sigma 0.0237 | elapsed 2733.4s
step   810000 | reward(last100)  0.9670 | sigma 0.0236 | elapsed 2751.7s
step   815000 | reward(last100)  0.9685 | sigma 0.0236 | elapsed 2769.9s
step   820000 | reward(last100)  0.9687 | sigma 0.0236 | elapsed 2788.3s
step   825000 | reward(last100)  0.9684 | sigma 0.0236 | elapsed 2805.3s
step   830000 | reward(last100)  0.9675 | sigma 0.0236 | elapsed 2821.9s
step   835000 | reward(last100)  0.9676 | sigma 0.0236 | elapsed 2838.5s
step   840000 | reward(last100)  0.9663 | sigma 0.0236 | elapsed 2855.0s
step   845000 | reward(last100)  0.9689 | sigma 0.0236 | elapsed 2871.6s
step   850000 | reward(last100)  0.9690 | sigma 0.0237 | elapsed 2888.1s
step   855000 | reward(last100)  0.9684 | sigma 0.0236 | elapsed 2906.9s
step   860000 | reward(last100)  0.9681 | sigma 0.0236 | elapsed 2925.4s
step   865000 | reward(last100)  0.9686 | sigma 0.0236 | elapsed 2943.8s
step   870000 | reward(last100)  0.9689 | sigma 0.0236 | elapsed 2962.2s
step   875000 | reward(last100)  0.9666 | sigma 0.0236 | elapsed 2980.0s
step   880000 | reward(last100)  0.9682 | sigma 0.0236 | elapsed 2996.4s
step   885000 | reward(last100)  0.9672 | sigma 0.0236 | elapsed 3013.0s
step   890000 | reward(last100)  0.9694 | sigma 0.0236 | elapsed 3029.5s
step   895000 | reward(last100)  0.9688 | sigma 0.0236 | elapsed 3046.1s
step   900000 | reward(last100)  0.9685 | sigma 0.0236 | elapsed 3062.7s
step   905000 | reward(last100)  0.9684 | sigma 0.0236 | elapsed 3086.4s
step   910000 | reward(last100)  0.9681 | sigma 0.0236 | elapsed 3109.6s
step   915000 | reward(last100)  0.9688 | sigma 0.0236 | elapsed 3133.6s
step   920000 | reward(last100)  0.9689 | sigma 0.0236 | elapsed 3153.5s
step   925000 | reward(last100)  0.9692 | sigma 0.0236 | elapsed 3172.7s
step   930000 | reward(last100)  0.9681 | sigma 0.0236 | elapsed 3191.1s
step   935000 | reward(last100)  0.9698 | sigma 0.0236 | elapsed 3209.3s
step   940000 | reward(last100)  0.9671 | sigma 0.0236 | elapsed 3227.6s
step   945000 | reward(last100)  0.9674 | sigma 0.0236 | elapsed 3245.9s
step   950000 | reward(last100)  0.9685 | sigma 0.0236 | elapsed 3264.2s
step   955000 | reward(last100)  0.9675 | sigma 0.0236 | elapsed 3281.3s
step   960000 | reward(last100)  0.9638 | sigma 0.0235 | elapsed 3298.0s
step   965000 | reward(last100)  0.9670 | sigma 0.0236 | elapsed 3314.7s
step   970000 | reward(last100)  0.9679 | sigma 0.0236 | elapsed 3331.5s
step   975000 | reward(last100)  0.9692 | sigma 0.0235 | elapsed 3348.3s
step   980000 | reward(last100)  0.9684 | sigma 0.0235 | elapsed 3365.1s
step   985000 | reward(last100)  0.9683 | sigma 0.0236 | elapsed 3382.0s
step   990000 | reward(last100)  0.9665 | sigma 0.0236 | elapsed 3398.9s
step   995000 | reward(last100)  0.9687 | sigma 0.0235 | elapsed 3415.8s
step  1000000 | reward(last100)  0.9683 | sigma 0.0235 | elapsed 3432.7s
step  1005000 | reward(last100)  0.9675 | sigma 0.0235 | elapsed 3449.9s
step  1010000 | reward(last100)  0.9664 | sigma 0.0235 | elapsed 3466.9s
step  1015000 | reward(last100)  0.9672 | sigma 0.0235 | elapsed 3483.8s
step  1020000 | reward(last100)  0.9681 | sigma 0.0235 | elapsed 3500.7s
step  1025000 | reward(last100)  0.9681 | sigma 0.0235 | elapsed 3517.7s
step  1030000 | reward(last100)  0.9675 | sigma 0.0235 | elapsed 3534.7s
step  1035000 | reward(last100)  0.9670 | sigma 0.0235 | elapsed 3551.7s
step  1040000 | reward(last100)  0.9688 | sigma 0.0235 | elapsed 3568.7s
step  1045000 | reward(last100)  0.9677 | sigma 0.0235 | elapsed 3585.7s
step  1050000 | reward(last100)  0.9695 | sigma 0.0235 | elapsed 3602.7s
step  1055000 | reward(last100)  0.9675 | sigma 0.0235 | elapsed 3620.2s
step  1060000 | reward(last100)  0.9679 | sigma 0.0235 | elapsed 3637.3s
step  1065000 | reward(last100)  0.9677 | sigma 0.0235 | elapsed 3655.4s
step  1070000 | reward(last100)  0.9669 | sigma 0.0235 | elapsed 3673.9s
step  1075000 | reward(last100)  0.9679 | sigma 0.0235 | elapsed 3692.1s
step  1080000 | reward(last100)  0.9677 | sigma 0.0235 | elapsed 3710.4s
step  1085000 | reward(last100)  0.9684 | sigma 0.0235 | elapsed 3729.9s
step  1090000 | reward(last100)  0.9687 | sigma 0.0235 | elapsed 3749.5s
step  1095000 | reward(last100)  0.9682 | sigma 0.0235 | elapsed 3768.9s
step  1100000 | reward(last100)  0.9681 | sigma 0.0235 | elapsed 3788.3s
step  1105000 | reward(last100)  0.9692 | sigma 0.0235 | elapsed 3805.7s
step  1110000 | reward(last100)  0.9676 | sigma 0.0235 | elapsed 3822.9s
step  1115000 | reward(last100)  0.9688 | sigma 0.0235 | elapsed 3840.0s
step  1120000 | reward(last100)  0.9680 | sigma 0.0235 | elapsed 3857.1s
step  1125000 | reward(last100)  0.9665 | sigma 0.0235 | elapsed 3874.2s
step  1130000 | reward(last100)  0.9677 | sigma 0.0235 | elapsed 3891.4s
step  1135000 | reward(last100)  0.9672 | sigma 0.0235 | elapsed 3908.5s
step  1140000 | reward(last100)  0.9690 | sigma 0.0235 | elapsed 3925.6s
step  1145000 | reward(last100)  0.9678 | sigma 0.0235 | elapsed 3942.7s
step  1150000 | reward(last100)  0.9686 | sigma 0.0235 | elapsed 3959.9s
step  1155000 | reward(last100)  0.9686 | sigma 0.0235 | elapsed 3980.7s
step  1160000 | reward(last100)  0.9677 | sigma 0.0235 | elapsed 3999.5s
step  1165000 | reward(last100)  0.9681 | sigma 0.0235 | elapsed 4017.0s
step  1170000 | reward(last100)  0.9689 | sigma 0.0235 | elapsed 4034.6s
step  1175000 | reward(last100)  0.9681 | sigma 0.0235 | elapsed 4052.1s
step  1180000 | reward(last100)  0.9698 | sigma 0.0235 | elapsed 4069.6s
step  1185000 | reward(last100)  0.9687 | sigma 0.0235 | elapsed 4087.0s
step  1190000 | reward(last100)  0.9686 | sigma 0.0235 | elapsed 4104.5s
step  1195000 | reward(last100)  0.9684 | sigma 0.0235 | elapsed 4122.0s
step  1200000 | reward(last100)  0.9700 | sigma 0.0235 | elapsed 4139.5s
step  1205000 | reward(last100)  0.9679 | sigma 0.0235 | elapsed 4157.9s
step  1210000 | reward(last100)  0.9687 | sigma 0.0235 | elapsed 4177.0s
step  1215000 | reward(last100)  0.9685 | sigma 0.0235 | elapsed 4196.5s
step  1220000 | reward(last100)  0.9692 | sigma 0.0235 | elapsed 4215.7s
step  1225000 | reward(last100)  0.9673 | sigma 0.0235 | elapsed 4234.8s
step  1230000 | reward(last100)  0.9680 | sigma 0.0235 | elapsed 4253.7s
step  1235000 | reward(last100)  0.9680 | sigma 0.0235 | elapsed 4272.6s
step  1240000 | reward(last100)  0.9678 | sigma 0.0236 | elapsed 4291.4s
step  1245000 | reward(last100)  0.9672 | sigma 0.0236 | elapsed 4310.2s
step  1250000 | reward(last100)  0.9682 | sigma 0.0235 | elapsed 4332.7s
step  1255000 | reward(last100)  0.9687 | sigma 0.0235 | elapsed 4355.4s
step  1260000 | reward(last100)  0.9683 | sigma 0.0235 | elapsed 4376.3s
step  1265000 | reward(last100)  0.9675 | sigma 0.0236 | elapsed 4395.6s
step  1270000 | reward(last100)  0.9687 | sigma 0.0235 | elapsed 4414.6s
step  1275000 | reward(last100)  0.9663 | sigma 0.0235 | elapsed 4433.6s
step  1280000 | reward(last100)  0.9681 | sigma 0.0235 | elapsed 4452.4s
step  1285000 | reward(last100)  0.9685 | sigma 0.0236 | elapsed 4471.2s
step  1290000 | reward(last100)  0.9668 | sigma 0.0235 | elapsed 4488.4s
step  1295000 | reward(last100)  0.9686 | sigma 0.0235 | elapsed 4505.6s
step  1300000 | reward(last100)  0.9687 | sigma 0.0235 | elapsed 4522.8s
step  1305000 | reward(last100)  0.9689 | sigma 0.0235 | elapsed 4548.6s
step  1310000 | reward(last100)  0.9689 | sigma 0.0235 | elapsed 4573.9s
step  1315000 | reward(last100)  0.9685 | sigma 0.0235 | elapsed 4598.2s
step  1320000 | reward(last100)  0.9684 | sigma 0.0235 | elapsed 4622.3s
step  1325000 | reward(last100)  0.9686 | sigma 0.0235 | elapsed 4646.4s
step  1330000 | reward(last100)  0.9687 | sigma 0.0235 | elapsed 4670.5s
step  1335000 | reward(last100)  0.9678 | sigma 0.0235 | elapsed 4694.5s
step  1340000 | reward(last100)  0.9689 | sigma 0.0235 | elapsed 4718.5s
step  1345000 | reward(last100)  0.9689 | sigma 0.0235 | elapsed 4738.3s
step  1350000 | reward(last100)  0.9684 | sigma 0.0235 | elapsed 4755.3s
step  1355000 | reward(last100)  0.9684 | sigma 0.0235 | elapsed 4773.4s
step  1360000 | reward(last100)  0.9679 | sigma 0.0235 | elapsed 4790.9s
step  1365000 | reward(last100)  0.9689 | sigma 0.0235 | elapsed 4808.2s
step  1370000 | reward(last100)  0.9688 | sigma 0.0235 | elapsed 4825.4s
step  1375000 | reward(last100)  0.9680 | sigma 0.0235 | elapsed 4842.7s
step  1380000 | reward(last100)  0.9679 | sigma 0.0235 | elapsed 4859.9s
step  1385000 | reward(last100)  0.9693 | sigma 0.0235 | elapsed 4877.1s
step  1390000 | reward(last100)  0.9679 | sigma 0.0235 | elapsed 4894.3s
step  1395000 | reward(last100)  0.9692 | sigma 0.0235 | elapsed 4913.0s
step  1400000 | reward(last100)  0.9689 | sigma 0.0235 | elapsed 4931.7s
step  1405000 | reward(last100)  0.9667 | sigma 0.0235 | elapsed 4955.6s
step  1410000 | reward(last100)  0.9680 | sigma 0.0235 | elapsed 4979.1s
step  1415000 | reward(last100)  0.9702 | sigma 0.0235 | elapsed 5002.5s
step  1420000 | reward(last100)  0.9680 | sigma 0.0235 | elapsed 5026.0s
step  1425000 | reward(last100)  0.9683 | sigma 0.0235 | elapsed 5049.5s
step  1430000 | reward(last100)  0.9669 | sigma 0.0235 | elapsed 5073.0s
step  1435000 | reward(last100)  0.9677 | sigma 0.0235 | elapsed 5091.8s
step  1440000 | reward(last100)  0.9682 | sigma 0.0235 | elapsed 5111.1s
step  1445000 | reward(last100)  0.9679 | sigma 0.0235 | elapsed 5128.7s
step  1450000 | reward(last100)  0.9692 | sigma 0.0235 | elapsed 5145.8s
step  1455000 | reward(last100)  0.9688 | sigma 0.0235 | elapsed 5163.3s
step  1460000 | reward(last100)  0.9691 | sigma 0.0235 | elapsed 5180.4s
step  1465000 | reward(last100)  0.9683 | sigma 0.0235 | elapsed 5197.5s
step  1470000 | reward(last100)  0.9687 | sigma 0.0235 | elapsed 5214.7s
step  1475000 | reward(last100)  0.9680 | sigma 0.0235 | elapsed 5231.9s
step  1480000 | reward(last100)  0.9685 | sigma 0.0235 | elapsed 5249.0s
step  1485000 | reward(last100)  0.9679 | sigma 0.0235 | elapsed 5266.2s
step  1490000 | reward(last100)  0.9669 | sigma 0.0235 | elapsed 5283.4s
step  1495000 | reward(last100)  0.9657 | sigma 0.0235 | elapsed 5300.6s
step  1500000 | reward(last100)  0.9692 | sigma 0.0235 | elapsed 5317.8s
step  1505000 | reward(last100)  0.9672 | sigma 0.0235 | elapsed 5335.3s
step  1510000 | reward(last100)  0.9685 | sigma 0.0235 | elapsed 5352.5s
step  1515000 | reward(last100)  0.9688 | sigma 0.0235 | elapsed 5369.6s
step  1520000 | reward(last100)  0.9688 | sigma 0.0235 | elapsed 5386.8s
step  1525000 | reward(last100)  0.9684 | sigma 0.0235 | elapsed 5404.0s
step  1530000 | reward(last100)  0.9690 | sigma 0.0235 | elapsed 5421.2s
step  1535000 | reward(last100)  0.9692 | sigma 0.0235 | elapsed 5438.5s
step  1540000 | reward(last100)  0.9683 | sigma 0.0235 | elapsed 5455.8s
step  1545000 | reward(last100)  0.9678 | sigma 0.0235 | elapsed 5473.0s
step  1550000 | reward(last100)  0.9685 | sigma 0.0235 | elapsed 5490.1s
step  1555000 | reward(last100)  0.9678 | sigma 0.0235 | elapsed 5507.7s
step  1560000 | reward(last100)  0.9697 | sigma 0.0235 | elapsed 5524.9s
step  1565000 | reward(last100)  0.9673 | sigma 0.0235 | elapsed 5542.0s
step  1570000 | reward(last100)  0.9682 | sigma 0.0235 | elapsed 5559.2s
step  1575000 | reward(last100)  0.9684 | sigma 0.0235 | elapsed 5576.3s
step  1580000 | reward(last100)  0.9685 | sigma 0.0235 | elapsed 5593.4s
step  1585000 | reward(last100)  0.9677 | sigma 0.0235 | elapsed 5610.5s
step  1590000 | reward(last100)  0.9681 | sigma 0.0235 | elapsed 5627.6s
step  1595000 | reward(last100)  0.9687 | sigma 0.0235 | elapsed 5644.7s
step  1600000 | reward(last100)  0.9674 | sigma 0.0235 | elapsed 5661.9s
step  1605000 | reward(last100)  0.9679 | sigma 0.0235 | elapsed 5681.3s
step  1610000 | reward(last100)  0.9685 | sigma 0.0235 | elapsed 5700.3s
step  1615000 | reward(last100)  0.9670 | sigma 0.0235 | elapsed 5719.9s
step  1620000 | reward(last100)  0.9694 | sigma 0.0235 | elapsed 5739.6s
step  1625000 | reward(last100)  0.9681 | sigma 0.0235 | elapsed 5759.2s
step  1630000 | reward(last100)  0.9678 | sigma 0.0235 | elapsed 5778.9s
step  1635000 | reward(last100)  0.9688 | sigma 0.0235 | elapsed 5798.5s
step  1640000 | reward(last100)  0.9693 | sigma 0.0235 | elapsed 5818.0s
step  1645000 | reward(last100)  0.9691 | sigma 0.0235 | elapsed 5838.3s
step  1650000 | reward(last100)  0.9673 | sigma 0.0235 | elapsed 5858.9s
step  1655000 | reward(last100)  0.9688 | sigma 0.0235 | elapsed 5876.4s
step  1660000 | reward(last100)  0.9687 | sigma 0.0235 | elapsed 5893.5s
step  1665000 | reward(last100)  0.9694 | sigma 0.0235 | elapsed 5910.7s
step  1670000 | reward(last100)  0.9689 | sigma 0.0235 | elapsed 5927.8s
step  1675000 | reward(last100)  0.9673 | sigma 0.0235 | elapsed 5945.0s
step  1680000 | reward(last100)  0.9690 | sigma 0.0235 | elapsed 5962.1s
step  1685000 | reward(last100)  0.9692 | sigma 0.0235 | elapsed 5979.4s
step  1690000 | reward(last100)  0.9695 | sigma 0.0235 | elapsed 5996.6s
step  1695000 | reward(last100)  0.9683 | sigma 0.0235 | elapsed 6013.8s
step  1700000 | reward(last100)  0.9699 | sigma 0.0235 | elapsed 6031.1s
step  1705000 | reward(last100)  0.9640 | sigma 0.0235 | elapsed 6048.6s
step  1710000 | reward(last100)  0.9681 | sigma 0.0235 | elapsed 6065.7s
step  1715000 | reward(last100)  0.9680 | sigma 0.0235 | elapsed 6083.1s
step  1720000 | reward(last100)  0.9687 | sigma 0.0235 | elapsed 6102.1s
step  1725000 | reward(last100)  0.9686 | sigma 0.0235 | elapsed 6121.2s
step  1730000 | reward(last100)  0.9644 | sigma 0.0235 | elapsed 6140.3s
step  1735000 | reward(last100)  0.9684 | sigma 0.0235 | elapsed 6159.3s
step  1740000 | reward(last100)  0.9675 | sigma 0.0235 | elapsed 6178.3s
step  1745000 | reward(last100)  0.9694 | sigma 0.0234 | elapsed 6197.0s
step  1750000 | reward(last100)  0.9684 | sigma 0.0234 | elapsed 6214.1s
step  1755000 | reward(last100)  0.9681 | sigma 0.0235 | elapsed 6231.9s
step  1760000 | reward(last100)  0.9686 | sigma 0.0235 | elapsed 6249.2s
step  1765000 | reward(last100)  0.9682 | sigma 0.0235 | elapsed 6266.5s
step  1770000 | reward(last100)  0.9685 | sigma 0.0234 | elapsed 6283.8s
step  1775000 | reward(last100)  0.9686 | sigma 0.0234 | elapsed 6301.2s
step  1780000 | reward(last100)  0.9680 | sigma 0.0234 | elapsed 6318.4s
step  1785000 | reward(last100)  0.9696 | sigma 0.0234 | elapsed 6335.7s
step  1790000 | reward(last100)  0.9686 | sigma 0.0234 | elapsed 6353.0s
step  1795000 | reward(last100)  0.9695 | sigma 0.0234 | elapsed 6370.3s
step  1800000 | reward(last100)  0.9675 | sigma 0.0234 | elapsed 6387.7s
step  1805000 | reward(last100)  0.9680 | sigma 0.0234 | elapsed 6407.0s
step  1810000 | reward(last100)  0.9676 | sigma 0.0234 | elapsed 6426.4s
step  1815000 | reward(last100)  0.9682 | sigma 0.0234 | elapsed 6448.0s
step  1820000 | reward(last100)  0.9690 | sigma 0.0234 | elapsed 6467.6s
step  1825000 | reward(last100)  0.9689 | sigma 0.0234 | elapsed 6489.2s
step  1830000 | reward(last100)  0.9692 | sigma 0.0234 | elapsed 6515.7s
step  1835000 | reward(last100)  0.9693 | sigma 0.0234 | elapsed 6540.3s
step  1840000 | reward(last100)  0.9684 | sigma 0.0234 | elapsed 6559.5s
step  1845000 | reward(last100)  0.9686 | sigma 0.0234 | elapsed 6578.8s
step  1850000 | reward(last100)  0.9687 | sigma 0.0234 | elapsed 6597.9s
step  1855000 | reward(last100)  0.9688 | sigma 0.0234 | elapsed 6621.8s
step  1860000 | reward(last100)  0.9684 | sigma 0.0234 | elapsed 6642.2s
step  1865000 | reward(last100)  0.9676 | sigma 0.0234 | elapsed 6661.2s
step  1870000 | reward(last100)  0.9680 | sigma 0.0234 | elapsed 6680.1s
step  1875000 | reward(last100)  0.9681 | sigma 0.0234 | elapsed 6699.1s
step  1880000 | reward(last100)  0.9691 | sigma 0.0234 | elapsed 6718.1s
step  1885000 | reward(last100)  0.9698 | sigma 0.0235 | elapsed 6737.1s
step  1890000 | reward(last100)  0.9678 | sigma 0.0235 | elapsed 6756.0s
step  1895000 | reward(last100)  0.9678 | sigma 0.0235 | elapsed 6774.9s
step  1900000 | reward(last100)  0.9567 | sigma 0.0235 | elapsed 6794.0s
step  1905000 | reward(last100)  0.9668 | sigma 0.0234 | elapsed 6813.7s
step  1910000 | reward(last100)  0.9679 | sigma 0.0235 | elapsed 6835.8s
step  1915000 | reward(last100)  0.9683 | sigma 0.0234 | elapsed 6858.3s
step  1920000 | reward(last100)  0.9683 | sigma 0.0234 | elapsed 6880.7s
step  1925000 | reward(last100)  0.9681 | sigma 0.0234 | elapsed 6903.1s
step  1930000 | reward(last100)  0.9682 | sigma 0.0235 | elapsed 6925.5s
step  1935000 | reward(last100)  0.9685 | sigma 0.0234 | elapsed 6948.0s
step  1940000 | reward(last100)  0.9685 | sigma 0.0234 | elapsed 6968.7s
step  1945000 | reward(last100)  0.9697 | sigma 0.0234 | elapsed 6987.8s
step  1950000 | reward(last100)  0.9697 | sigma 0.0234 | elapsed 7007.1s
step  1955000 | reward(last100)  0.9679 | sigma 0.0234 | elapsed 7024.7s
step  1960000 | reward(last100)  0.9688 | sigma 0.0234 | elapsed 7042.0s
step  1965000 | reward(last100)  0.9684 | sigma 0.0234 | elapsed 7059.3s
step  1970000 | reward(last100)  0.9682 | sigma 0.0234 | elapsed 7076.5s
step  1975000 | reward(last100)  0.9659 | sigma 0.0235 | elapsed 7094.0s
step  1980000 | reward(last100)  0.9691 | sigma 0.0235 | elapsed 7112.1s
step  1985000 | reward(last100)  0.9690 | sigma 0.0235 | elapsed 7130.5s
step  1990000 | reward(last100)  0.9695 | sigma 0.0235 | elapsed 7148.8s
step  1995000 | reward(last100)  0.9690 | sigma 0.0235 | elapsed 7167.2s
step  2000000 | reward(last100)  0.9699 | sigma 0.0235 | elapsed 7184.9s
