step     5000 | reward(last100)  0.1402 | eps 0.976 | elapsed    1.4s
step    10000 | reward(last100)  0.1261 | eps 0.953 | elapsed    3.1s
step    15000 | reward(last100)  0.1335 | eps 0.929 | elapsed   19.2s
step    20000 | reward(last100)  0.1839 | eps 0.905 | elapsed   35.7s
step    25000 | reward(last100)  0.1842 | eps 0.881 | elapsed   51.0s
step    30000 | reward(last100)  0.1772 | eps 0.858 | elapsed   66.0s
step    35000 | reward(last100)  0.1844 | eps 0.834 | elapsed   78.2s
step    40000 | reward(last100)  0.1701 | eps 0.810 | elapsed   90.6s
step    45000 | reward(last100)  0.1683 | eps 0.786 | elapsed  103.9s
step    50000 | reward(last100)  0.1934 | eps 0.762 | elapsed  119.0s
step    55000 | reward(last100)  0.1858 | eps 0.739 | elapsed  135.4s
step    60000 | reward(last100)  0.1739 | eps 0.715 | elapsed  151.7s
step    65000 | reward(last100)  0.1379 | eps 0.691 | elapsed  167.4s
step    70000 | reward(last100)  0.1296 | eps 0.667 | elapsed  180.2s
step    75000 | reward(last100)  0.1087 | eps 0.644 | elapsed  195.9s
step    80000 | reward(last100)  0.0828 | eps 0.620 | elapsed  208.6s
step    85000 | reward(last100)  0.0996 | eps 0.596 | elapsed  223.9s
step    90000 | reward(last100)  0.0925 | eps 0.573 | elapsed  239.3s
step    95000 | reward(last100)  0.0757 | eps 0.549 | elapsed  254.5s
step   100000 | reward(last100)  0.0819 | eps 0.525 | elapsed  269.5s
step   105000 | reward(last100)  0.0899 | eps 0.501 | elapsed  283.4s
step   110000 | reward(last100)  0.0988 | eps 0.478 | elapsed  295.6s
step   115000 | reward(last100)  0.0847 | eps 0.454 | elapsed  307.5s
step   120000 | reward(last100)  0.0785 | eps 0.430 | elapsed  319.0s
step   125000 | reward(last100)  0.1311 | eps 0.406 | elapsed  329.9s
step   130000 | reward(last100)  0.1616 | eps 0.383 | elapsed  340.8s
step   135000 | reward(last100)  0.1929 | eps 0.359 | elapsed  354.3s
step   140000 | reward(last100)  0.2198 | eps 0.335 | elapsed  366.9s
step   145000 | reward(last100)  0.2087 | eps 0.311 | elapsed  381.7s
step   150000 | reward(last100)  0.1805 | eps 0.288 | elapsed  397.2s
step   155000 | reward(last100)  0.1604 | eps 0.264 | elapsed  414.1s
step   160000 | reward(last100)  0.2345 | eps 0.240 | elapsed  431.2s
step   165000 | reward(last100)  0.2553 | eps 0.216 | elapsed  447.7s
step   170000 | reward(last100)  0.3388 | eps 0.193 | elapsed  463.4s
step   175000 | reward(last100)  0.3258 | eps 0.169 | elapsed  479.3s
step   180000 | reward(last100)  0.2519 | eps 0.145 | elapsed  495.4s
step   185000 | reward(last100)  0.2633 | eps 0.121 | elapsed  511.3s
step   190000 | reward(last100)  0.8976 | eps 0.098 | elapsed  526.1s
step   195000 | reward(last100)  0.7600 | eps 0.074 | elapsed  538.8s
step   200000 | reward(last100)  0.5902 | eps 0.050 | elapsed  550.3s
step   205000 | reward(last100)  0.4336 | eps 0.050 | elapsed  562.9s
step   210000 | reward(last100)  0.2540 | eps 0.050 | elapsed  575.0s
step   215000 | reward(last100)  0.0764 | eps 0.050 | elapsed  587.9s
step   220000 | reward(last100)  0.0235 | eps 0.050 | elapsed  601.4s
step   225000 | reward(last100)  0.0235 | eps 0.050 | elapsed  617.1s
step   230000 | reward(last100)  0.0329 | eps 0.050 | elapsed  632.9s
step   235000 | reward(last100)  0.1256 | eps 0.050 | elapsed  646.5s
step   240000 | reward(last100)  0.3718 | eps 0.050 | elapsed  657.7s
step   245000 | reward(last100)  0.6655 | eps 0.050 | elapsed  674.3s
step   250000 | reward(last100)  0.7641 | eps 0.050 | elapsed  691.2s
step   255000 | reward(last100)  0.8396 | eps 0.050 | elapsed  707.0s
step   260000 | reward(last100)  0.8805 | eps 0.050 | elapsed  723.7s
step   265000 | reward(last100)  0.8914 | eps 0.050 | elapsed  740.9s
step   270000 | reward(last100)  0.8907 | eps 0.050 | elapsed  757.1s
step   275000 | reward(last100)  0.9047 | eps 0.050 | elapsed  773.0s
step   280000 | reward(last100)  0.9207 | eps 0.050 | elapsed  789.6s
step   285000 | reward(last100)  0.8925 | eps 0.050 | elapsed  804.0s
step   290000 | reward(last100)  0.8871 | eps 0.050 | elapsed  821.6s
step   295000 | reward(last100)  0.9342 | eps 0.050 | elapsed  839.1s
step   300000 | reward(last100)  0.9346 | eps 0.050 | elapsed  855.9s
step   305000 | reward(last100)  0.9511 | eps 0.050 | elapsed  870.2s
step   310000 | reward(last100)  0.9483 | eps 0.050 | elapsed  886.5s
step   315000 | reward(last100)  0.9511 | eps 0.050 | elapsed  903.1s
step   320000 | reward(last100)  0.9403 | eps 0.050 | elapsed  918.6s
step   325000 | reward(last100)  0.9359 | eps 0.050 | elapsed  931.6s
step   330000 | reward(last100)  0.9458 | eps 0.050 | elapsed  946.2s
step   335000 | reward(last100)  0.9436 | eps 0.050 | elapsed  959.5s
step   340000 | reward(last100)  0.9519 | eps 0.050 | elapsed  972.7s
step   345000 | reward(last100)  0.9518 | eps 0.050 | elapsed  985.5s
step   350000 | reward(last100)  0.9509 | eps 0.050 | elapsed  997.2s
step   355000 | reward(last100)  0.9504 | eps 0.050 | elapsed 1012.5s
step   360000 | reward(last100)  0.9465 | eps 0.050 | elapsed 1027.8s
step   365000 | reward(last100)  0.9511 | eps 0.050 | elapsed 1042.5s
step   370000 | reward(last100)  0.9501 | eps 0.050 | elapsed 1056.1s
step   375000 | reward(last100)  0.9480 | eps 0.050 | elapsed 1068.4s
step   380000 | reward(last100)  0.9501 | eps 0.050 | elapsed 1079.0s
step   385000 | reward(last100)  0.9462 | eps 0.050 | elapsed 1091.7s
step   390000 | reward(last100)  0.9516 | eps 0.050 | elapsed 1104.2s
step   395000 | reward(last100)  0.9483 | eps 0.050 | elapsed 1116.7s
step   400000 | reward(last100)  0.9514 | eps 0.050 | elapsed 1128.3s
step   405000 | reward(last100)  0.9510 | eps 0.050 | elapsed 1141.3s
step   410000 | reward(last100)  0.9517 | eps 0.050 | elapsed 1155.6s
step   415000 | reward(last100)  0.9518 | eps 0.050 | elapsed 1169.8s
step   420000 | reward(last100)  0.9508 | eps 0.050 | elapsed 1184.0s
step   425000 | reward(last100)  0.9513 | eps 0.050 | elapsed 1198.3s
step   430000 | reward(last100)  0.9510 | eps 0.050 | elapsed 1212.5s
step   435000 | reward(last100)  0.9507 | eps 0.050 | elapsed 1226.8s
step   440000 | reward(last100)  0.9470 | eps 0.050 | elapsed 1241.1s
step   445000 | reward(last100)  0.9511 | eps 0.050 | elapsed 1255.3s
step   450000 | reward(last100)  0.9522 | eps 0.050 | elapsed 1268.5s
step   455000 | reward(last100)  0.9497 | eps 0.050 | elapsed 1279.6s
step   460000 | reward(last100)  0.9508 | eps 0.050 | elapsed 1290.5s
step   465000 | reward(last100)  0.9516 | eps 0.050 | elapsed 1302.0s
step   470000 | reward(last100)  0.9523 | eps 0.050 | elapsed 1313.3s
step   475000 | reward(last100)  0.9510 | eps 0.050 | elapsed 1324.6s
step   480000 | reward(last100)  0.9446 | eps 0.050 | elapsed 1336.1s
step   485000 | reward(last100)  0.9510 | eps 0.050 | elapsed 1347.8s
step   490000 | reward(last100)  0.9404 | eps 0.050 | elapsed 1358.8s
step   495000 | reward(last100)  0.9518 | eps 0.050 | elapsed 1369.7s
step   500000 | reward(last100)  0.9475 | eps 0.050 | elapsed 1381.7s
