step     5000 | reward(last100)  0.0000 | eps 0.976 | elapsed    1.1s
step    10000 | reward(last100)  0.0047 | eps 0.953 | elapsed    2.2s
step    15000 | reward(last100)  0.0031 | eps 0.929 | elapsed   12.4s
step    20000 | reward(last100)  0.0023 | eps 0.905 | elapsed   22.7s
step    25000 | reward(last100)  0.0018 | eps 0.881 | elapsed   32.7s
step    30000 | reward(last100)  0.0015 | eps 0.858 | elapsed   42.8s
step    35000 | reward(last100)  0.0074 | eps 0.834 | elapsed   52.8s
step    40000 | reward(last100)  0.0217 | eps 0.810 | elapsed   65.3s
step    45000 | reward(last100)  0.0264 | eps 0.786 | elapsed   78.4s
step    50000 | reward(last100)  0.0365 | eps 0.762 | elapsed   91.6s
step    55000 | reward(last100)  0.0546 | eps 0.739 | elapsed  100.3s
step    60000 | reward(last100)  0.0734 | eps 0.715 | elapsed  107.4s
step    65000 | reward(last100)  0.0961 | eps 0.691 | elapsed  114.5s
step    70000 | reward(last100)  0.0895 | eps 0.667 | elapsed  121.6s
step    75000 | reward(last100)  0.1289 | eps 0.644 | elapsed  128.7s
step    80000 | reward(last100)  0.1551 | eps 0.620 | elapsed  136.0s
step    85000 | reward(last100)  0.1747 | eps 0.596 | elapsed  143.2s
step    90000 | reward(last100)  0.1905 | eps 0.573 | elapsed  150.5s
step    95000 | reward(last100)  0.2194 | eps 0.549 | elapsed  158.4s
step   100000 | reward(last100)  0.2357 | eps 0.525 | elapsed  166.3s
step   105000 | reward(last100)  0.2350 | eps 0.501 | elapsed  173.8s
step   110000 | reward(last100)  0.2430 | eps 0.478 | elapsed  180.9s
step   115000 | reward(last100)  0.2380 | eps 0.454 | elapsed  188.1s
step   120000 | reward(last100)  0.2365 | eps 0.430 | elapsed  195.3s
step   125000 | reward(last100)  0.2097 | eps 0.406 | elapsed  202.7s
step   130000 | reward(last100)  0.2033 | eps 0.383 | elapsed  213.2s
step   135000 | reward(last100)  0.1969 | eps 0.359 | elapsed  223.8s
step   140000 | reward(last100)  0.2480 | eps 0.335 | elapsed  234.5s
step   145000 | reward(last100)  0.2396 | eps 0.311 | elapsed  245.3s
step   150000 | reward(last100)  0.2850 | eps 0.288 | elapsed  256.1s
step   155000 | reward(last100)  0.2693 | eps 0.264 | elapsed  263.7s
step   160000 | reward(last100)  0.2779 | eps 0.240 | elapsed  271.1s
step   165000 | reward(last100)  0.2478 | eps 0.216 | elapsed  278.6s
step   170000 | reward(last100)  0.1986 | eps 0.193 | elapsed  286.0s
step   175000 | reward(last100)  0.1934 | eps 0.169 | elapsed  293.8s
step   180000 | reward(last100)  0.1399 | eps 0.145 | elapsed  302.3s
step   185000 | reward(last100)  0.1155 | eps 0.121 | elapsed  313.3s
step   190000 | reward(last100)  0.0869 | eps 0.098 | elapsed  324.4s
step   195000 | reward(last100)  0.0879 | eps 0.074 | elapsed  335.6s
step   200000 | reward(last100)  0.0828 | eps 0.050 | elapsed  346.7s
step   205000 | reward(last100)  0.0720 | eps 0.050 | elapsed  354.8s
step   210000 | reward(last100)  0.0563 | eps 0.050 | elapsed  362.6s
step   215000 | reward(last100)  0.0512 | eps 0.050 | elapsed  371.0s
step   220000 | reward(last100)  0.0544 | eps 0.050 | elapsed  378.7s
step   225000 | reward(last100)  0.0383 | eps 0.050 | elapsed  386.4s
step   230000 | reward(last100)  0.0336 | eps 0.050 | elapsed  394.1s
step   235000 | reward(last100)  0.0398 | eps 0.050 | elapsed  401.8s
step   240000 | reward(last100)  0.0613 | eps 0.050 | elapsed  410.1s
step   245000 | reward(last100)  0.0659 | eps 0.050 | elapsed  419.1s
step   250000 | reward(last100)  0.0750 | eps 0.050 | elapsed  428.2s
step   255000 | reward(last100)  0.1035 | eps 0.050 | elapsed  436.8s
step   260000 | reward(last100)  0.1016 | eps 0.050 | elapsed  446.0s
step   265000 | reward(last100)  0.2074 | eps 0.050 | elapsed  454.3s
step   270000 | reward(last100)  0.3278 | eps 0.050 | elapsed  465.1s
step   275000 | reward(last100)  0.3321 | eps 0.050 | elapsed  474.3s
step   280000 | reward(last100)  0.3862 | eps 0.050 | elapsed  483.3s
step   285000 | reward(last100)  0.3903 | eps 0.050 | elapsed  493.3s
step   290000 | reward(last100)  0.3580 | eps 0.050 | elapsed  503.0s
step   295000 | reward(last100)  0.2798 | eps 0.050 | elapsed  511.8s
step   300000 | reward(last100)  0.2577 | eps 0.050 | elapsed  521.6s
step   305000 | reward(last100)  0.2849 | eps 0.050 | elapsed  531.5s
step   310000 | reward(last100)  0.2898 | eps 0.050 | elapsed  541.2s
step   315000 | reward(last100)  0.3766 | eps 0.050 | elapsed  551.7s
step   320000 | reward(last100)  0.4323 | eps 0.050 | elapsed  560.9s
step   325000 | reward(last100)  0.4418 | eps 0.050 | elapsed  569.9s
step   330000 | reward(last100)  0.4675 | eps 0.050 | elapsed  578.9s
step   335000 | reward(last100)  0.4841 | eps 0.050 | elapsed  588.2s
step   340000 | reward(last100)  0.5335 | eps 0.050 | elapsed  597.4s
step   345000 | reward(last100)  0.5091 | eps 0.050 | elapsed  606.8s
step   350000 | reward(last100)  0.4617 | eps 0.050 | elapsed  616.3s
step   355000 | reward(last100)  0.4137 | eps 0.050 | elapsed  626.3s
step   360000 | reward(last100)  0.3807 | eps 0.050 | elapsed  636.1s
step   365000 | reward(last100)  0.3358 | eps 0.050 | elapsed  646.3s
step   370000 | reward(last100)  0.4304 | eps 0.050 | elapsed  658.3s
step   375000 | reward(last100)  0.4412 | eps 0.050 | elapsed  670.4s
step   380000 | reward(last100)  0.4384 | eps 0.050 | elapsed  682.4s
step   385000 | reward(last100)  0.4082 | eps 0.050 | elapsed  694.6s
step   390000 | reward(last100)  0.3682 | eps 0.050 | elapsed  706.7s
step   395000 | reward(last100)  0.3402 | eps 0.050 | elapsed  716.4s
step   400000 | reward(last100)  0.3258 | eps 0.050 | elapsed  727.4s
step   405000 | reward(last100)  0.3549 | eps 0.050 | elapsed  737.9s
step   410000 | reward(last100)  0.3925 | eps 0.050 | elapsed  747.5s
step   415000 | reward(last100)  0.3474 | eps 0.050 | elapsed  757.0s
step   420000 | reward(last100)  0.3124 | eps 0.050 | elapsed  769.1s
step   425000 | reward(last100)  0.3136 | eps 0.050 | elapsed  781.3s
step   430000 | reward(last100)  0.3573 | eps 0.050 | elapsed  794.3s
step   435000 | reward(last100)  0.3613 | eps 0.050 | elapsed  804.0s
step   440000 | reward(last100)  0.5056 | eps 0.050 | elapsed  814.1s
step   445000 | reward(last100)  0.5605 | eps 0.050 | elapsed  824.0s
step   450000 | reward(last100)  0.6203 | eps 0.050 | elapsed  834.5s
step   455000 | reward(last100)  0.6009 | eps 0.050 | elapsed  845.2s
step   460000 | reward(last100)  0.6519 | eps 0.050 | elapsed  855.3s
step   465000 | reward(last100)  0.5871 | eps 0.050 | elapsed  865.7s
step   470000 | reward(last100)  0.5319 | eps 0.050 | elapsed  878.7s
step   475000 | reward(last100)  0.5296 | eps 0.050 | elapsed  891.8s
step   480000 | reward(last100)  0.6008 | eps 0.050 | elapsed  903.6s
step   485000 | reward(last100)  0.5391 | eps 0.050 | elapsed  913.9s
step   490000 | reward(last100)  0.5881 | eps 0.050 | elapsed  926.0s
step   495000 | reward(last100)  0.5315 | eps 0.050 | elapsed  936.2s
step   500000 | reward(last100)  0.5525 | eps 0.050 | elapsed  949.0s
step   505000 | reward(last100)  0.5354 | eps 0.050 | elapsed  959.7s
step   510000 | reward(last100)  0.5465 | eps 0.050 | elapsed  969.1s
step   515000 | reward(last100)  0.5804 | eps 0.050 | elapsed  978.9s
step   520000 | reward(last100)  0.6347 | eps 0.050 | elapsed  989.4s
step   525000 | reward(last100)  0.5975 | eps 0.050 | elapsed  999.4s
step   530000 | reward(last100)  0.5589 | eps 0.050 | elapsed 1012.9s
step   535000 | reward(last100)  0.5228 | eps 0.050 | elapsed 1026.7s
step   540000 | reward(last100)  0.4922 | eps 0.050 | elapsed 1040.0s
step   545000 | reward(last100)  0.5532 | eps 0.050 | elapsed 1052.3s
step   550000 | reward(last100)  0.6892 | eps 0.050 | elapsed 1064.4s
step   555000 | reward(last100)  0.6392 | eps 0.050 | elapsed 1075.3s
step   560000 | reward(last100)  0.6895 | eps 0.050 | elapsed 1086.4s
step   565000 | reward(last100)  0.7986 | eps 0.050 | elapsed 1097.5s
step   570000 | reward(last100)  0.7503 | eps 0.050 | elapsed 1108.5s
step   575000 | reward(last100)  0.8201 | eps 0.050 | elapsed 1119.3s
step   580000 | reward(last100)  0.8162 | eps 0.050 | elapsed 1129.3s
step   585000 | reward(last100)  0.9127 | eps 0.050 | elapsed 1140.2s
step   590000 | reward(last100)  0.9012 | eps 0.050 | elapsed 1152.6s
step   595000 | reward(last100)  0.7965 | eps 0.050 | elapsed 1165.0s
step   600000 | reward(last100)  0.7922 | eps 0.050 | elapsed 1177.3s
step   605000 | reward(last100)  0.8466 | eps 0.050 | elapsed 1189.9s
step   610000 | reward(last100)  0.8966 | eps 0.050 | elapsed 1202.2s
step   615000 | reward(last100)  0.9437 | eps 0.050 | elapsed 1214.6s
step   620000 | reward(last100)  0.9534 | eps 0.050 | elapsed 1226.9s
step   625000 | reward(last100)  0.9225 | eps 0.050 | elapsed 1239.2s
step   630000 | reward(last100)  0.9179 | eps 0.050 | elapsed 1251.5s
step   635000 | reward(last100)  0.8533 | eps 0.050 | elapsed 1263.6s
step   640000 | reward(last100)  0.9027 | eps 0.050 | elapsed 1273.8s
step   645000 | reward(last100)  0.9098 | eps 0.050 | elapsed 1284.3s
step   650000 | reward(last100)  0.8602 | eps 0.050 | elapsed 1297.1s
step   655000 | reward(last100)  0.9151 | eps 0.050 | elapsed 1311.3s
step   660000 | reward(last100)  0.9182 | eps 0.050 | elapsed 1325.1s
step   665000 | reward(last100)  0.9078 | eps 0.050 | elapsed 1337.5s
step   670000 | reward(last100)  0.9453 | eps 0.050 | elapsed 1347.4s
step   675000 | reward(last100)  0.9302 | eps 0.050 | elapsed 1357.1s
step   680000 | reward(last100)  0.9523 | eps 0.050 | elapsed 1366.3s
step   685000 | reward(last100)  0.9361 | eps 0.050 | elapsed 1375.6s
step   690000 | reward(last100)  0.9024 | eps 0.050 | elapsed 1384.8s
step   695000 | reward(last100)  0.9096 | eps 0.050 | elapsed 1395.7s
step   700000 | reward(last100)  0.9274 | eps 0.050 | elapsed 1408.0s
step   705000 | reward(last100)  0.9320 | eps 0.050 | elapsed 1419.9s
step   710000 | reward(last100)  0.9434 | eps 0.050 | elapsed 1432.0s
step   715000 | reward(last100)  0.9451 | eps 0.050 | elapsed 1443.6s
step   720000 | reward(last100)  0.9594 | eps 0.050 | elapsed 1453.9s
step   725000 | reward(last100)  0.8999 | eps 0.050 | elapsed 1465.7s
step   730000 | reward(last100)  0.9553 | eps 0.050 | elapsed 1478.0s
step   735000 | reward(last100)  0.8967 | eps 0.050 | elapsed 1488.3s
step   740000 | reward(last100)  0.9394 | eps 0.050 | elapsed 1497.6s
step   745000 | reward(last100)  0.8919 | eps 0.050 | elapsed 1506.9s
step   750000 | reward(last100)  0.9490 | eps 0.050 | elapsed 1517.3s
step   755000 | reward(last100)  0.9627 | eps 0.050 | elapsed 1529.6s
step   760000 | reward(last100)  0.9645 | eps 0.050 | elapsed 1540.8s
step   765000 | reward(last100)  0.9514 | eps 0.050 | elapsed 1551.4s
step   770000 | reward(last100)  0.8979 | eps 0.050 | elapsed 1561.6s
step   775000 | reward(last100)  0.9575 | eps 0.050 | elapsed 1572.1s
step   780000 | reward(last100)  0.9603 | eps 0.050 | elapsed 1582.5s
step   785000 | reward(last100)  0.9367 | eps 0.050 | elapsed 1592.1s
step   790000 | reward(last100)  0.8991 | eps 0.050 | elapsed 1601.7s
step   795000 | reward(last100)  0.9317 | eps 0.050 | elapsed 1612.0s
step   800000 | reward(last100)  0.9574 | eps 0.050 | elapsed 1625.0s
step   805000 | reward(last100)  0.9464 | eps 0.050 | elapsed 1639.0s
step   810000 | reward(last100)  0.9614 | eps 0.050 | elapsed 1652.6s
step   815000 | reward(last100)  0.9638 | eps 0.050 | elapsed 1665.8s
step   820000 | reward(last100)  0.9430 | eps 0.050 | elapsed 1676.2s
step   825000 | reward(last100)  0.9589 | eps 0.050 | elapsed 1686.6s
step   830000 | reward(last100)  0.9590 | eps 0.050 | elapsed 1697.3s
step   835000 | reward(last100)  0.9575 | eps 0.050 | elapsed 1709.8s
step   840000 | reward(last100)  0.9625 | eps 0.050 | elapsed 1722.5s
step   845000 | reward(last100)  0.9582 | eps 0.050 | elapsed 1736.0s
step   850000 | reward(last100)  0.9474 | eps 0.050 | elapsed 1749.6s
step   855000 | reward(last100)  0.9503 | eps 0.050 | elapsed 1761.8s
step   860000 | reward(last100)  0.9606 | eps 0.050 | elapsed 1775.0s
step   865000 | reward(last100)  0.9623 | eps 0.050 | elapsed 1787.5s
step   870000 | reward(last100)  0.9641 | eps 0.050 | elapsed 1800.1s
step   875000 | reward(last100)  0.9637 | eps 0.050 | elapsed 1813.2s
step   880000 | reward(last100)  0.9425 | eps 0.050 | elapsed 1826.3s
step   885000 | reward(last100)  0.9540 | eps 0.050 | elapsed 1839.6s
step   890000 | reward(last100)  0.9552 | eps 0.050 | elapsed 1852.8s
step   895000 | reward(last100)  0.9509 | eps 0.050 | elapsed 1866.0s
step   900000 | reward(last100)  0.9669 | eps 0.050 | elapsed 1879.2s
step   905000 | reward(last100)  0.9500 | eps 0.050 | elapsed 1890.5s
step   910000 | reward(last100)  0.9629 | eps 0.050 | elapsed 1900.1s
step   915000 | reward(last100)  0.9675 | eps 0.050 | elapsed 1909.6s
step   920000 | reward(last100)  0.9624 | eps 0.050 | elapsed 1919.2s
step   925000 | reward(last100)  0.9593 | eps 0.050 | elapsed 1929.1s
step   930000 | reward(last100)  0.9650 | eps 0.050 | elapsed 1939.9s
step   935000 | reward(last100)  0.9589 | eps 0.050 | elapsed 1950.7s
step   940000 | reward(last100)  0.9535 | eps 0.050 | elapsed 1961.4s
step   945000 | reward(last100)  0.9657 | eps 0.050 | elapsed 1972.2s
step   950000 | reward(last100)  0.9635 | eps 0.050 | elapsed 1983.8s
step   955000 | reward(last100)  0.9621 | eps 0.050 | elapsed 1993.8s
step   960000 | reward(last100)  0.9643 | eps 0.050 | elapsed 2004.1s
step   965000 | reward(last100)  0.9656 | eps 0.050 | elapsed 2014.5s
step   970000 | reward(last100)  0.9578 | eps 0.050 | elapsed 2025.0s
step   975000 | reward(last100)  0.9658 | eps 0.050 | elapsed 2036.6s
step   980000 | reward(last100)  0.9605 | eps 0.050 | elapsed 2046.6s
step   985000 | reward(last100)  0.9638 | eps 0.050 | elapsed 2056.2s
step   990000 | reward(last100)  0.9594 | eps 0.050 | elapsed 2065.7s
step   995000 | reward(last100)  0.9658 | eps 0.050 | elapsed 2075.4s
step  1000000 | reward(last100)  0.9652 | eps 0.050 | elapsed 2085.0s
step  1005000 | reward(last100)  0.9646 | eps 0.050 | elapsed 2096.8s
step  1010000 | reward(last100)  0.9663 | eps 0.050 | elapsed 2108.6s
step  1015000 | reward(last100)  0.9643 | eps 0.050 | elapsed 2120.5s
step  1020000 | reward(last100)  0.9656 | eps 0.050 | elapsed 2132.3s
step  1025000 | reward(last100)  0.9473 | eps 0.050 | elapsed 2143.9s
step  1030000 | reward(last100)  0.9633 | eps 0.050 | elapsed 2154.4s
step  1035000 | reward(last100)  0.9601 | eps 0.050 | elapsed 2164.1s
step  1040000 | reward(last100)  0.9629 | eps 0.050 | elapsed 2173.6s
step  1045000 | reward(last100)  0.9425 | eps 0.050 | elapsed 2183.2s
step  1050000 | reward(last100)  0.9639 | eps 0.050 | elapsed 2192.8s
step  1055000 | reward(last100)  0.9646 | eps 0.050 | elapsed 2202.7s
step  1060000 | reward(last100)  0.9672 | eps 0.050 | elapsed 2212.4s
step  1065000 | reward(last100)  0.9646 | eps 0.050 | elapsed 2222.0s
step  1070000 | reward(last100)  0.9649 | eps 0.050 | elapsed 2231.9s
step  1075000 | reward(last100)  0.9650 | eps 0.050 | elapsed 2241.5s
step  1080000 | reward(last100)  0.9648 | eps 0.050 | elapsed 2251.2s
step  1085000 | reward(last100)  0.9610 | eps 0.050 | elapsed 2260.8s
step  1090000 | reward(last100)  0.9666 | eps 0.050 | elapsed 2270.5s
step  1095000 | reward(last100)  0.9623 | eps 0.050 | elapsed 2280.1s
step  1100000 | reward(last100)  0.9608 | eps 0.050 | elapsed 2289.7s
step  1105000 | reward(last100)  0.9586 | eps 0.050 | elapsed 2303.3s
step  1110000 | reward(last100)  0.9600 | eps 0.050 | elapsed 2316.4s
step  1115000 | reward(last100)  0.9557 | eps 0.050 | elapsed 2329.4s
step  1120000 | reward(last100)  0.9655 | eps 0.050 | elapsed 2342.7s
step  1125000 | reward(last100)  0.9661 | eps 0.050 | elapsed 2356.1s
step  1130000 | reward(last100)  0.9659 | eps 0.050 | elapsed 2370.3s
step  1135000 | reward(last100)  0.9576 | eps 0.050 | elapsed 2384.5s
step  1140000 | reward(last100)  0.9638 | eps 0.050 | elapsed 2398.7s
step  1145000 | reward(last100)  0.9614 | eps 0.050 | elapsed 2412.0s
step  1150000 | reward(last100)  0.9664 | eps 0.050 | elapsed 2425.0s
step  1155000 | reward(last100)  0.9569 | eps 0.050 | elapsed 2436.1s
step  1160000 | reward(last100)  0.9550 | eps 0.050 | elapsed 2446.2s
step  1165000 | reward(last100)  0.9559 | eps 0.050 | elapsed 2455.9s
step  1170000 | reward(last100)  0.9652 | eps 0.050 | elapsed 2465.5s
step  1175000 | reward(last100)  0.9649 | eps 0.050 | elapsed 2475.6s
step  1180000 | reward(last100)  0.9668 | eps 0.050 | elapsed 2485.9s
step  1185000 | reward(last100)  0.9652 | eps 0.050 | elapsed 2496.3s
step  1190000 | reward(last100)  0.9648 | eps 0.050 | elapsed 2506.7s
step  1195000 | reward(last100)  0.9610 | eps 0.050 | elapsed 2517.5s
step  1200000 | reward(last100)  0.9536 | eps 0.050 | elapsed 2528.2s
step  1205000 | reward(last100)  0.9663 | eps 0.050 | elapsed 2538.6s
step  1210000 | reward(last100)  0.9617 | eps 0.050 | elapsed 2550.0s
step  1215000 | reward(last100)  0.9650 | eps 0.050 | elapsed 2561.2s
step  1220000 | reward(last100)  0.9660 | eps 0.050 | elapsed 2571.8s
step  1225000 | reward(last100)  0.9601 | eps 0.050 | elapsed 2581.4s
step  1230000 | reward(last100)  0.9634 | eps 0.050 | elapsed 2591.6s
step  1235000 | reward(last100)  0.9661 | eps 0.050 | elapsed 2602.4s
step  1240000 | reward(last100)  0.9566 | eps 0.050 | elapsed 2613.1s
step  1245000 | reward(last100)  0.9652 | eps 0.050 | elapsed 2623.9s
step  1250000 | reward(last100)  0.9667 | eps 0.050 | elapsed 2634.7s
step  1255000 | reward(last100)  0.9656 | eps 0.050 | elapsed 2645.8s
step  1260000 | reward(last100)  0.9659 | eps 0.050 | elapsed 2657.1s
step  1265000 | reward(last100)  0.9629 | eps 0.050 | elapsed 2668.3s
step  1270000 | reward(last100)  0.9633 | eps 0.050 | elapsed 2679.5s
step  1275000 | reward(last100)  0.9516 | eps 0.050 | elapsed 2690.3s
step  1280000 | reward(last100)  0.9661 | eps 0.050 | elapsed 2701.2s
step  1285000 | reward(last100)  0.9647 | eps 0.050 | elapsed 2711.5s
step  1290000 | reward(last100)  0.9632 | eps 0.050 | elapsed 2721.2s
step  1295000 | reward(last100)  0.9589 | eps 0.050 | elapsed 2730.9s
step  1300000 | reward(last100)  0.9636 | eps 0.050 | elapsed 2740.4s
step  1305000 | reward(last100)  0.9643 | eps 0.050 | elapsed 2750.7s
step  1310000 | reward(last100)  0.9660 | eps 0.050 | elapsed 2761.1s
step  1315000 | reward(last100)  0.9639 | eps 0.050 | elapsed 2771.5s
step  1320000 | reward(last100)  0.9636 | eps 0.050 | elapsed 2781.2s
step  1325000 | reward(last100)  0.9646 | eps 0.050 | elapsed 2790.9s
step  1330000 | reward(last100)  0.9638 | eps 0.050 | elapsed 2801.8s
step  1335000 | reward(last100)  0.9669 | eps 0.050 | elapsed 2812.4s
step  1340000 | reward(last100)  0.9667 | eps 0.050 | elapsed 2822.1s
step  1345000 | reward(last100)  0.9626 | eps 0.050 | elapsed 2831.7s
step  1350000 | reward(last100)  0.9663 | eps 0.050 | elapsed 2841.4s
step  1355000 | reward(last100)  0.9657 | eps 0.050 | elapsed 2855.1s
step  1360000 | reward(last100)  0.9658 | eps 0.050 | elapsed 2868.6s
step  1365000 | reward(last100)  0.9645 | eps 0.050 | elapsed 2882.7s
step  1370000 | reward(last100)  0.9657 | eps 0.050 | elapsed 2896.7s
step  1375000 | reward(last100)  0.9670 | eps 0.050 | elapsed 2910.9s
step  1380000 | reward(last100)  0.9621 | eps 0.050 | elapsed 2922.9s
step  1385000 | reward(last100)  0.9666 | eps 0.050 | elapsed 2934.8s
step  1390000 | reward(last100)  0.9647 | eps 0.050 | elapsed 2946.3s
step  1395000 | reward(last100)  0.9660 | eps 0.050 | elapsed 2957.5s
step  1400000 | reward(last100)  0.9651 | eps 0.050 | elapsed 2968.8s
step  1405000 | reward(last100)  0.9651 | eps 0.050 | elapsed 2980.1s
step  1410000 | reward(last100)  0.9589 | eps 0.050 | elapsed 2991.5s
step  1415000 | reward(last100)  0.9615 | eps 0.050 | elapsed 3002.8s
step  1420000 | reward(last100)  0.9663 | eps 0.050 | elapsed 3014.1s
step  1425000 | reward(last100)  0.9650 | eps 0.050 | elapsed 3024.0s
step  1430000 | reward(last100)  0.9646 | eps 0.050 | elapsed 3034.5s
step  1435000 | reward(last100)  0.9645 | eps 0.050 | elapsed 3045.0s
step  1440000 | reward(last100)  0.9664 | eps 0.050 | elapsed 3055.4s
step  1445000 | reward(last100)  0.9668 | eps 0.050 | elapsed 3065.6s
step  1450000 | reward(last100)  0.9664 | eps 0.050 | elapsed 3075.2s
step  1455000 | reward(last100)  0.9624 | eps 0.050 | elapsed 3086.2s
step  1460000 | reward(last100)  0.9688 | eps 0.050 | elapsed 3096.1s
step  1465000 | reward(last100)  0.9667 | eps 0.050 | elapsed 3107.5s
step  1470000 | reward(last100)  0.9670 | eps 0.050 | elapsed 3117.3s
step  1475000 | reward(last100)  0.9647 | eps 0.050 | elapsed 3127.2s
step  1480000 | reward(last100)  0.9650 | eps 0.050 | elapsed 3138.6s
step  1485000 | reward(last100)  0.9650 | eps 0.050 | elapsed 3152.6s
step  1490000 | reward(last100)  0.9660 | eps 0.050 | elapsed 3166.4s
step  1495000 | reward(last100)  0.9651 | eps 0.050 | elapsed 3179.7s
step  1500000 | reward(last100)  0.9643 | eps 0.050 | elapsed 3193.1s
step  1505000 | reward(last100)  0.9654 | eps 0.050 | elapsed 3206.8s
step  1510000 | reward(last100)  0.9633 | eps 0.050 | elapsed 3220.0s
step  1515000 | reward(last100)  0.9550 | eps 0.050 | elapsed 3233.3s
step  1520000 | reward(last100)  0.9672 | eps 0.050 | elapsed 3246.7s
step  1525000 | reward(last100)  0.9662 | eps 0.050 | elapsed 3260.1s
step  1530000 | reward(last100)  0.9643 | eps 0.050 | elapsed 3273.4s
step  1535000 | reward(last100)  0.9658 | eps 0.050 | elapsed 3283.6s
step  1540000 | reward(last100)  0.9603 | eps 0.050 | elapsed 3293.3s
step  1545000 | reward(last100)  0.9669 | eps 0.050 | elapsed 3302.9s
step  1550000 | reward(last100)  0.9661 | eps 0.050 | elapsed 3312.6s
step  1555000 | reward(last100)  0.9677 | eps 0.050 | elapsed 3325.4s
step  1560000 | reward(last100)  0.9594 | eps 0.050 | elapsed 3338.7s
step  1565000 | reward(last100)  0.9656 | eps 0.050 | elapsed 3353.8s
step  1570000 | reward(last100)  0.9655 | eps 0.050 | elapsed 3368.2s
step  1575000 | reward(last100)  0.9666 | eps 0.050 | elapsed 3379.9s
step  1580000 | reward(last100)  0.9647 | eps 0.050 | elapsed 3390.5s
step  1585000 | reward(last100)  0.9627 | eps 0.050 | elapsed 3401.1s
step  1590000 | reward(last100)  0.9648 | eps 0.050 | elapsed 3411.7s
step  1595000 | reward(last100)  0.9666 | eps 0.050 | elapsed 3422.3s
step  1600000 | reward(last100)  0.9672 | eps 0.050 | elapsed 3432.3s
step  1605000 | reward(last100)  0.9669 | eps 0.050 | elapsed 3443.5s
step  1610000 | reward(last100)  0.9497 | eps 0.050 | elapsed 3454.7s
step  1615000 | reward(last100)  0.9638 | eps 0.050 | elapsed 3467.9s
step  1620000 | reward(last100)  0.9666 | eps 0.050 | elapsed 3481.5s
step  1625000 | reward(last100)  0.9666 | eps 0.050 | elapsed 3495.0s
step  1630000 | reward(last100)  0.9651 | eps 0.050 | elapsed 3508.1s
step  1635000 | reward(last100)  0.9667 | eps 0.050 | elapsed 3520.4s
step  1640000 | reward(last100)  0.9653 | eps 0.050 | elapsed 3531.4s
step  1645000 | reward(last100)  0.9638 | eps 0.050 | elapsed 3544.2s
step  1650000 | reward(last100)  0.9582 | eps 0.050 | elapsed 3557.1s
step  1655000 | reward(last100)  0.9687 | eps 0.050 | elapsed 3571.4s
step  1660000 | reward(last100)  0.9664 | eps 0.050 | elapsed 3585.3s
step  1665000 | reward(last100)  0.9653 | eps 0.050 | elapsed 3599.2s
step  1670000 | reward(last100)  0.9656 | eps 0.050 | elapsed 3613.1s
step  1675000 | reward(last100)  0.9655 | eps 0.050 | elapsed 3627.0s
step  1680000 | reward(last100)  0.9673 | eps 0.050 | elapsed 3640.9s
step  1685000 | reward(last100)  0.9649 | eps 0.050 | elapsed 3654.7s
step  1690000 | reward(last100)  0.9681 | eps 0.050 | elapsed 3666.4s
step  1695000 | reward(last100)  0.9671 | eps 0.050 | elapsed 3676.8s
step  1700000 | reward(last100)  0.9658 | eps 0.050 | elapsed 3691.5s
step  1705000 | reward(last100)  0.9646 | eps 0.050 | elapsed 3703.0s
step  1710000 | reward(last100)  0.9577 | eps 0.050 | elapsed 3715.2s
step  1715000 | reward(last100)  0.9630 | eps 0.050 | elapsed 3729.0s
step  1720000 | reward(last100)  0.9664 | eps 0.050 | elapsed 3742.8s
step  1725000 | reward(last100)  0.9677 | eps 0.050 | elapsed 3756.7s
step  1730000 | reward(last100)  0.9654 | eps 0.050 | elapsed 3770.5s
step  1735000 | reward(last100)  0.9677 | eps 0.050 | elapsed 3784.4s
step  1740000 | reward(last100)  0.9654 | eps 0.050 | elapsed 3798.2s
step  1745000 | reward(last100)  0.9662 | eps 0.050 | elapsed 3812.1s
step  1750000 | reward(last100)  0.9663 | eps 0.050 | elapsed 3824.7s
step  1755000 | reward(last100)  0.9661 | eps 0.050 | elapsed 3835.7s
step  1760000 | reward(last100)  0.9660 | eps 0.050 | elapsed 3846.3s
step  1765000 | reward(last100)  0.9667 | eps 0.050 | elapsed 3856.9s
step  1770000 | reward(last100)  0.9656 | eps 0.050 | elapsed 3867.5s
step  1775000 | reward(last100)  0.9668 | eps 0.050 | elapsed 3878.6s
step  1780000 | reward(last100)  0.9646 | eps 0.050 | elapsed 3889.2s
step  1785000 | reward(last100)  0.9678 | eps 0.050 | elapsed 3899.8s
step  1790000 | reward(last100)  0.9660 | eps 0.050 | elapsed 3910.4s
step  1795000 | reward(last100)  0.9644 | eps 0.050 | elapsed 3920.9s
step  1800000 | reward(last100)  0.9671 | eps 0.050 | elapsed 3933.0s
step  1805000 | reward(last100)  0.9645 | eps 0.050 | elapsed 3944.8s
step  1810000 | reward(last100)  0.9643 | eps 0.050 | elapsed 3955.4s
step  1815000 | reward(last100)  0.9663 | eps 0.050 | elapsed 3965.8s
step  1820000 | reward(last100)  0.9668 | eps 0.050 | elapsed 3976.3s
step  1825000 | reward(last100)  0.9659 | eps 0.050 | elapsed 3987.2s
step  1830000 | reward(last100)  0.9668 | eps 0.050 | elapsed 3998.0s
step  1835000 | reward(last100)  0.9628 | eps 0.050 | elapsed 4008.9s
step  1840000 | reward(last100)  0.9663 | eps 0.050 | elapsed 4019.7s
step  1845000 | reward(last100)  0.9669 | eps 0.050 | elapsed 4030.6s
step  1850000 | reward(last100)  0.9667 | eps 0.050 | elapsed 4041.5s
step  1855000 | reward(last100)  0.9635 | eps 0.050 | elapsed 4051.5s
step  1860000 | reward(last100)  0.9670 | eps 0.050 | elapsed 4064.1s
step  1865000 | reward(last100)  0.9650 | eps 0.050 | elapsed 4077.3s
step  1870000 | reward(last100)  0.9663 | eps 0.050 | elapsed 4090.6s
step  1875000 | reward(last100)  0.9648 | eps 0.050 | elapsed 4103.6s
step  1880000 | reward(last100)  0.9680 | eps 0.050 | elapsed 4116.2s
step  1885000 | reward(last100)  0.9677 | eps 0.050 | elapsed 4128.3s
step  1890000 | reward(last100)  0.9656 | eps 0.050 | elapsed 4138.8s
step  1895000 | reward(last100)  0.9629 | eps 0.050 | elapsed 4149.2s
step  1900000 | reward(last100)  0.9638 | eps 0.050 | elapsed 4159.7s
step  1905000 | reward(last100)  0.9607 | eps 0.050 | elapsed 4171.1s
step  1910000 | reward(last100)  0.9666 | eps 0.050 | elapsed 4181.9s
step  1915000 | reward(last100)  0.9684 | eps 0.050 | elapsed 4192.3s
step  1920000 | reward(last100)  0.9658 | eps 0.050 | elapsed 4202.7s
step  1925000 | reward(last100)  0.9677 | eps 0.050 | elapsed 4213.5s
step  1930000 | reward(last100)  0.9648 | eps 0.050 | elapsed 4226.1s
step  1935000 | reward(last100)  0.9667 | eps 0.050 | elapsed 4238.7s
step  1940000 | reward(last100)  0.9664 | eps 0.050 | elapsed 4251.3s
step  1945000 | reward(last100)  0.9634 | eps 0.050 | elapsed 4263.8s
step  1950000 | reward(last100)  0.9641 | eps 0.050 | elapsed 4274.7s
step  1955000 | reward(last100)  0.9674 | eps 0.050 | elapsed 4288.5s
step  1960000 | reward(last100)  0.9640 | eps 0.050 | elapsed 4302.5s
step  1965000 | reward(last100)  0.9666 | eps 0.050 | elapsed 4316.6s
step  1970000 | reward(last100)  0.9680 | eps 0.050 | elapsed 4330.7s
step  1975000 | reward(last100)  0.9674 | eps 0.050 | elapsed 4345.1s
step  1980000 | reward(last100)  0.9674 | eps 0.050 | elapsed 4359.6s
step  1985000 | reward(last100)  0.9651 | eps 0.050 | elapsed 4374.3s
step  1990000 | reward(last100)  0.9667 | eps 0.050 | elapsed 4388.7s
step  1995000 | reward(last100)  0.9664 | eps 0.050 | elapsed 4402.6s
step  2000000 | reward(last100)  0.9674 | eps 0.050 | elapsed 4416.2s
