step     5000 | reward(last100)  0.0000 | sigma 0.0309 | elapsed    5.0s
step    10000 | reward(last100)  0.0000 | sigma 0.0309 | elapsed   10.6s
step    15000 | reward(last100)  0.0000 | sigma 0.0301 | elapsed   32.6s
step    20000 | reward(last100)  0.0402 | sigma 0.0284 | elapsed   54.5s
step    25000 | reward(last100)  0.0819 | sigma 0.0269 | elapsed   76.2s
step    30000 | reward(last100)  0.1104 | sigma 0.0262 | elapsed   98.3s
step    35000 | reward(last100)  0.4848 | sigma 0.0257 | elapsed  118.6s
step    40000 | reward(last100)  0.1546 | sigma 0.0251 | elapsed  137.8s
step    45000 | reward(last100)  0.1378 | sigma 0.0246 | elapsed  156.8s
step    50000 | reward(last100)  0.0715 | sigma 0.0242 | elapsed  176.7s
step    55000 | reward(last100)  0.0000 | sigma 0.0239 | elapsed  197.9s
step    60000 | reward(last100)  0.0000 | sigma 0.0237 | elapsed  222.3s
step    65000 | reward(last100)  0.0000 | sigma 0.0235 | elapsed  245.7s
step    70000 | reward(last100)  0.0000 | sigma 0.0234 | elapsed  268.8s
step    75000 | reward(last100)  0.0000 | sigma 0.0233 | elapsed  291.7s
step    80000 | reward(last100)  0.0264 | sigma 0.0232 | elapsed  314.2s
step    85000 | reward(last100)  0.0240 | sigma 0.0232 | elapsed  337.1s
step    90000 | reward(last100)  0.0314 | sigma 0.0231 | elapsed  359.4s
step    95000 | reward(last100)  0.0438 | sigma 0.0230 | elapsed  382.0s
step   100000 | reward(last100)  0.0554 | sigma 0.0230 | elapsed  402.8s
step   105000 | reward(last100)  0.1380 | sigma 0.0229 | elapsed  425.8s
step   110000 | reward(last100)  0.1296 | sigma 0.0229 | elapsed  443.4s
step   115000 | reward(last100)  0.1303 | sigma 0.0229 | elapsed  463.4s
step   120000 | reward(last100)  0.0990 | sigma 0.0228 | elapsed  485.0s
step   125000 | reward(last100)  0.0865 | sigma 0.0228 | elapsed  506.4s
step   130000 | reward(last100)  0.1728 | sigma 0.0228 | elapsed  526.6s
step   135000 | reward(last100)  0.1750 | sigma 0.0228 | elapsed  546.7s
step   140000 | reward(last100)  0.0973 | sigma 0.0228 | elapsed  564.6s
step   145000 | reward(last100)  0.0835 | sigma 0.0227 | elapsed  585.5s
step   150000 | reward(last100)  0.1442 | sigma 0.0227 | elapsed  607.6s
step   155000 | reward(last100)  0.1708 | sigma 0.0226 | elapsed  628.1s
step   160000 | reward(last100)  0.1777 | sigma 0.0225 | elapsed  649.9s
step   165000 | reward(last100)  0.2353 | sigma 0.0225 | elapsed  666.8s
step   170000 | reward(last100)  0.1578 | sigma 0.0224 | elapsed  683.3s
step   175000 | reward(last100)  0.1360 | sigma 0.0224 | elapsed  702.4s
step   180000 | reward(last100)  0.1814 | sigma 0.0224 | elapsed  728.0s
step   185000 | reward(last100)  0.2056 | sigma 0.0224 | elapsed  752.8s
step   190000 | reward(last100)  0.1805 | sigma 0.0223 | elapsed  776.2s
step   195000 | reward(last100)  0.1498 | sigma 0.0223 | elapsed  798.3s
step   200000 | reward(last100)  0.1644 | sigma 0.0223 | elapsed  816.6s
step   205000 | reward(last100)  0.1180 | sigma 0.0223 | elapsed  835.1s
step   210000 | reward(last100)  0.1751 | sigma 0.0223 | elapsed  855.1s
step   215000 | reward(last100)  0.1931 | sigma 0.0223 | elapsed  875.6s
step   220000 | reward(last100)  0.1771 | sigma 0.0223 | elapsed  895.7s
step   225000 | reward(last100)  0.1295 | sigma 0.0222 | elapsed  915.2s
step   230000 | reward(last100)  0.1594 | sigma 0.0222 | elapsed  932.6s
step   235000 | reward(last100)  0.2030 | sigma 0.0222 | elapsed  949.1s
step   240000 | reward(last100)  0.1604 | sigma 0.0223 | elapsed  967.8s
step   245000 | reward(last100)  0.2678 | sigma 0.0223 | elapsed  987.3s
step   250000 | reward(last100)  0.1113 | sigma 0.0222 | elapsed 1009.7s
step   255000 | reward(last100)  0.1733 | sigma 0.0222 | elapsed 1025.9s
step   260000 | reward(last100)  0.1873 | sigma 0.0222 | elapsed 1047.5s
step   265000 | reward(last100)  0.2053 | sigma 0.0222 | elapsed 1070.2s
step   270000 | reward(last100)  0.1920 | sigma 0.0222 | elapsed 1087.4s
step   275000 | reward(last100)  0.1556 | sigma 0.0222 | elapsed 1104.9s
step   280000 | reward(last100)  0.1555 | sigma 0.0222 | elapsed 1122.2s
step   285000 | reward(last100)  0.2153 | sigma 0.0222 | elapsed 1139.4s
step   290000 | reward(last100)  0.1202 | sigma 0.0222 | elapsed 1156.9s
step   295000 | reward(last100)  0.1772 | sigma 0.0222 | elapsed 1178.7s
step   300000 | reward(last100)  0.1806 | sigma 0.0222 | elapsed 1198.9s
step   305000 | reward(last100)  0.1346 | sigma 0.0222 | elapsed 1216.9s
step   310000 | reward(last100)  0.2616 | sigma 0.0222 | elapsed 1237.3s
step   315000 | reward(last100)  0.1605 | sigma 0.0222 | elapsed 1254.6s
step   320000 | reward(last100)  0.2191 | sigma 0.0223 | elapsed 1273.7s
step   325000 | reward(last100)  0.2071 | sigma 0.0223 | elapsed 1296.3s
step   330000 | reward(last100)  0.2328 | sigma 0.0223 | elapsed 1317.9s
step   335000 | reward(last100)  0.2418 | sigma 0.0222 | elapsed 1339.9s
step   340000 | reward(last100)  0.1657 | sigma 0.0223 | elapsed 1359.6s
step   345000 | reward(last100)  0.2089 | sigma 0.0223 | elapsed 1377.0s
step   350000 | reward(last100)  0.1512 | sigma 0.0223 | elapsed 1393.8s
step   355000 | reward(last100)  0.1805 | sigma 0.0223 | elapsed 1412.4s
step   360000 | reward(last100)  0.1298 | sigma 0.0223 | elapsed 1430.4s
step   365000 | reward(last100)  0.1953 | sigma 0.0223 | elapsed 1448.2s
step   370000 | reward(last100)  0.1494 | sigma 0.0223 | elapsed 1466.0s
step   375000 | reward(last100)  0.1468 | sigma 0.0223 | elapsed 1483.2s
step   380000 | reward(last100)  0.1574 | sigma 0.0223 | elapsed 1500.9s
step   385000 | reward(last100)  0.1152 | sigma 0.0223 | elapsed 1519.5s
step   390000 | reward(last100)  0.1229 | sigma 0.0223 | elapsed 1542.1s
step   395000 | reward(last100)  0.2195 | sigma 0.0223 | elapsed 1565.0s
step   400000 | reward(last100)  0.2606 | sigma 0.0224 | elapsed 1587.3s
step   405000 | reward(last100)  0.1132 | sigma 0.0223 | elapsed 1606.7s
step   410000 | reward(last100)  0.2092 | sigma 0.0224 | elapsed 1625.5s
step   415000 | reward(last100)  0.2429 | sigma 0.0224 | elapsed 1642.0s
step   420000 | reward(last100)  0.2436 | sigma 0.0224 | elapsed 1658.4s
step   425000 | reward(last100)  0.1886 | sigma 0.0224 | elapsed 1679.0s
step   430000 | reward(last100)  0.1929 | sigma 0.0223 | elapsed 1701.8s
step   435000 | reward(last100)  0.1428 | sigma 0.0223 | elapsed 1725.1s
step   440000 | reward(last100)  0.2311 | sigma 0.0223 | elapsed 1748.9s
step   445000 | reward(last100)  0.2030 | sigma 0.0223 | elapsed 1771.6s
step   450000 | reward(last100)  0.2306 | sigma 0.0224 | elapsed 1790.2s
step   455000 | reward(last100)  0.1367 | sigma 0.0223 | elapsed 1812.2s
step   460000 | reward(last100)  0.2186 | sigma 0.0223 | elapsed 1830.7s
step   465000 | reward(last100)  0.1785 | sigma 0.0223 | elapsed 1848.2s
step   470000 | reward(last100)  0.1789 | sigma 0.0224 | elapsed 1867.5s
step   475000 | reward(last100)  0.2272 | sigma 0.0224 | elapsed 1886.4s
step   480000 | reward(last100)  0.2272 | sigma 0.0224 | elapsed 1905.4s
step   485000 | reward(last100)  0.1876 | sigma 0.0224 | elapsed 1924.0s
step   490000 | reward(last100)  0.2028 | sigma 0.0224 | elapsed 1942.1s
step   495000 | reward(last100)  0.0886 | sigma 0.0224 | elapsed 1960.4s
step   500000 | reward(last100)  0.1378 | sigma 0.0224 | elapsed 1977.9s
step   505000 | reward(last100)  0.1705 | sigma 0.0224 | elapsed 1996.5s
step   510000 | reward(last100)  0.2410 | sigma 0.0224 | elapsed 2016.0s
step   515000 | reward(last100)  0.1359 | sigma 0.0224 | elapsed 2037.0s
step   520000 | reward(last100)  0.1609 | sigma 0.0224 | elapsed 2057.9s
step   525000 | reward(last100)  0.1808 | sigma 0.0224 | elapsed 2076.8s
step   530000 | reward(last100)  0.1845 | sigma 0.0224 | elapsed 2093.6s
step   535000 | reward(last100)  0.1614 | sigma 0.0224 | elapsed 2109.6s
step   540000 | reward(last100)  0.1563 | sigma 0.0224 | elapsed 2125.7s
step   545000 | reward(last100)  0.2167 | sigma 0.0224 | elapsed 2141.9s
step   550000 | reward(last100)  0.2404 | sigma 0.0224 | elapsed 2158.0s
step   555000 | reward(last100)  0.1906 | sigma 0.0224 | elapsed 2174.5s
step   560000 | reward(last100)  0.1510 | sigma 0.0224 | elapsed 2192.2s
step   565000 | reward(last100)  0.1870 | sigma 0.0224 | elapsed 2210.0s
step   570000 | reward(last100)  0.2703 | sigma 0.0224 | elapsed 2227.7s
step   575000 | reward(last100)  0.1436 | sigma 0.0224 | elapsed 2245.8s
step   580000 | reward(last100)  0.2312 | sigma 0.0224 | elapsed 2263.1s
step   585000 | reward(last100)  0.1349 | sigma 0.0224 | elapsed 2283.4s
step   590000 | reward(last100)  0.1923 | sigma 0.0224 | elapsed 2306.8s
step   595000 | reward(last100)  0.2458 | sigma 0.0224 | elapsed 2330.2s
step   600000 | reward(last100)  0.1494 | sigma 0.0224 | elapsed 2354.0s
step   605000 | reward(last100)  0.1359 | sigma 0.0224 | elapsed 2371.3s
step   610000 | reward(last100)  0.1311 | sigma 0.0224 | elapsed 2387.7s
step   615000 | reward(last100)  0.1426 | sigma 0.0224 | elapsed 2405.9s
step   620000 | reward(last100)  0.1667 | sigma 0.0224 | elapsed 2424.8s
step   625000 | reward(last100)  0.1685 | sigma 0.0224 | elapsed 2449.6s
step   630000 | reward(last100)  0.1473 | sigma 0.0224 | elapsed 2473.7s
step   635000 | reward(last100)  0.2307 | sigma 0.0224 | elapsed 2496.3s
step   640000 | reward(last100)  0.1719 | sigma 0.0224 | elapsed 2514.4s
step   645000 | reward(last100)  0.2403 | sigma 0.0224 | elapsed 2532.7s
step   650000 | reward(last100)  0.1566 | sigma 0.0224 | elapsed 2550.2s
step   655000 | reward(last100)  0.1213 | sigma 0.0224 | elapsed 2570.2s
step   660000 | reward(last100)  0.1811 | sigma 0.0224 | elapsed 2594.2s
step   665000 | reward(last100)  0.1648 | sigma 0.0224 | elapsed 2614.5s
step   670000 | reward(last100)  0.1959 | sigma 0.0225 | elapsed 2633.1s
step   675000 | reward(last100)  0.0669 | sigma 0.0224 | elapsed 2652.0s
step   680000 | reward(last100)  0.1977 | sigma 0.0224 | elapsed 2668.7s
step   685000 | reward(last100)  0.1847 | sigma 0.0224 | elapsed 2686.6s
step   690000 | reward(last100)  0.2496 | sigma 0.0225 | elapsed 2706.4s
step   695000 | reward(last100)  0.1209 | sigma 0.0224 | elapsed 2727.7s
step   700000 | reward(last100)  0.2478 | sigma 0.0224 | elapsed 2745.4s
step   705000 | reward(last100)  0.1841 | sigma 0.0224 | elapsed 2763.7s
step   710000 | reward(last100)  0.1715 | sigma 0.0224 | elapsed 2781.0s
step   715000 | reward(last100)  0.1433 | sigma 0.0225 | elapsed 2798.4s
step   720000 | reward(last100)  0.1868 | sigma 0.0225 | elapsed 2815.0s
step   725000 | reward(last100)  0.1144 | sigma 0.0225 | elapsed 2832.4s
step   730000 | reward(last100)  0.1522 | sigma 0.0225 | elapsed 2850.5s
step   735000 | reward(last100)  0.2369 | sigma 0.0225 | elapsed 2868.6s
step   740000 | reward(last100)  0.1715 | sigma 0.0225 | elapsed 2886.8s
step   745000 | reward(last100)  0.1900 | sigma 0.0225 | elapsed 2905.0s
step   750000 | reward(last100)  0.1998 | sigma 0.0225 | elapsed 2922.9s
step   755000 | reward(last100)  0.1331 | sigma 0.0225 | elapsed 2943.0s
step   760000 | reward(last100)  0.1507 | sigma 0.0225 | elapsed 2961.7s
step   765000 | reward(last100)  0.1816 | sigma 0.0225 | elapsed 2979.6s
step   770000 | reward(last100)  0.2789 | sigma 0.0225 | elapsed 2998.6s
step   775000 | reward(last100)  0.1809 | sigma 0.0225 | elapsed 3016.9s
step   780000 | reward(last100)  0.1881 | sigma 0.0225 | elapsed 3038.2s
step   785000 | reward(last100)  0.1613 | sigma 0.0225 | elapsed 3057.3s
step   790000 | reward(last100)  0.1951 | sigma 0.0224 | elapsed 3076.3s
step   795000 | reward(last100)  0.2312 | sigma 0.0224 | elapsed 3095.7s
step   800000 | reward(last100)  0.1925 | sigma 0.0225 | elapsed 3114.7s
step   805000 | reward(last100)  0.2136 | sigma 0.0224 | elapsed 3137.1s
step   810000 | reward(last100)  0.1833 | sigma 0.0224 | elapsed 3158.8s
step   815000 | reward(last100)  0.1661 | sigma 0.0224 | elapsed 3177.3s
step   820000 | reward(last100)  0.1485 | sigma 0.0224 | elapsed 3194.3s
step   825000 | reward(last100)  0.0956 | sigma 0.0224 | elapsed 3210.9s
step   830000 | reward(last100)  0.1807 | sigma 0.0224 | elapsed 3227.5s
step   835000 | reward(last100)  0.1801 | sigma 0.0224 | elapsed 3244.2s
step   840000 | reward(last100)  0.0703 | sigma 0.0224 | elapsed 3260.8s
step   845000 | reward(last100)  0.1488 | sigma 0.0224 | elapsed 3277.8s
step   850000 | reward(last100)  0.1361 | sigma 0.0224 | elapsed 3296.3s
step   855000 | reward(last100)  0.2127 | sigma 0.0224 | elapsed 3313.9s
step   860000 | reward(last100)  0.1789 | sigma 0.0224 | elapsed 3330.7s
step   865000 | reward(last100)  0.1923 | sigma 0.0225 | elapsed 3347.8s
step   870000 | reward(last100)  0.1985 | sigma 0.0224 | elapsed 3367.2s
step   875000 | reward(last100)  0.1826 | sigma 0.0224 | elapsed 3386.2s
step   880000 | reward(last100)  0.2070 | sigma 0.0224 | elapsed 3405.2s
step   885000 | reward(last100)  0.1122 | sigma 0.0224 | elapsed 3424.1s
step   890000 | reward(last100)  0.0874 | sigma 0.0224 | elapsed 3445.4s
step   895000 | reward(last100)  0.1942 | sigma 0.0224 | elapsed 3465.0s
step   900000 | reward(last100)  0.2055 | sigma 0.0224 | elapsed 3486.9s
step   905000 | reward(last100)  0.1855 | sigma 0.0224 | elapsed 3505.7s
step   910000 | reward(last100)  0.2092 | sigma 0.0224 | elapsed 3523.5s
step   915000 | reward(last100)  0.1616 | sigma 0.0224 | elapsed 3541.3s
step   920000 | reward(last100)  0.1715 | sigma 0.0224 | elapsed 3562.1s
step   925000 | reward(last100)  0.2375 | sigma 0.0224 | elapsed 3580.5s
step   930000 | reward(last100)  0.1710 | sigma 0.0224 | elapsed 3599.4s
step   935000 | reward(last100)  0.1432 | sigma 0.0224 | elapsed 3618.3s
step   940000 | reward(last100)  0.1512 | sigma 0.0224 | elapsed 3636.0s
step   945000 | reward(last100)  0.1774 | sigma 0.0224 | elapsed 3653.2s
step   950000 | reward(last100)  0.1198 | sigma 0.0224 | elapsed 3669.9s
step   955000 | reward(last100)  0.1966 | sigma 0.0224 | elapsed 3688.2s
step   960000 | reward(last100)  0.2196 | sigma 0.0224 | elapsed 3711.2s
step   965000 | reward(last100)  0.1825 | sigma 0.0224 | elapsed 3734.2s
step   970000 | reward(last100)  0.2321 | sigma 0.0224 | elapsed 3757.2s
step   975000 | reward(last100)  0.1509 | sigma 0.0224 | elapsed 3776.8s
step   980000 | reward(last100)  0.1923 | sigma 0.0224 | elapsed 3794.5s
step   985000 | reward(last100)  0.1323 | sigma 0.0224 | elapsed 3811.5s
step   990000 | reward(last100)  0.1821 | sigma 0.0225 | elapsed 3828.4s
step   995000 | reward(last100)  0.2901 | sigma 0.0224 | elapsed 3845.4s
step  1000000 | reward(last100)  0.2096 | sigma 0.0225 | elapsed 3862.2s
step  1005000 | reward(last100)  0.2333 | sigma 0.0224 | elapsed 3883.0s
step  1010000 | reward(last100)  0.1154 | sigma 0.0224 | elapsed 3901.6s
step  1015000 | reward(last100)  0.1204 | sigma 0.0224 | elapsed 3920.0s
step  1020000 | reward(last100)  0.1460 | sigma 0.0224 | elapsed 3937.6s
step  1025000 | reward(last100)  0.2321 | sigma 0.0224 | elapsed 3959.9s
step  1030000 | reward(last100)  0.2346 | sigma 0.0224 | elapsed 3981.8s
step  1035000 | reward(last100)  0.2903 | sigma 0.0224 | elapsed 4001.6s
step  1040000 | reward(last100)  0.1918 | sigma 0.0224 | elapsed 4022.2s
step  1045000 | reward(last100)  0.1851 | sigma 0.0224 | elapsed 4043.5s
step  1050000 | reward(last100)  0.1890 | sigma 0.0224 | elapsed 4065.3s
step  1055000 | reward(last100)  0.1887 | sigma 0.0224 | elapsed 4090.0s
step  1060000 | reward(last100)  0.2168 | sigma 0.0224 | elapsed 4112.3s
step  1065000 | reward(last100)  0.2022 | sigma 0.0224 | elapsed 4129.9s
step  1070000 | reward(last100)  0.1865 | sigma 0.0224 | elapsed 4147.7s
step  1075000 | reward(last100)  0.1123 | sigma 0.0225 | elapsed 4171.3s
step  1080000 | reward(last100)  0.2215 | sigma 0.0224 | elapsed 4195.6s
step  1085000 | reward(last100)  0.1449 | sigma 0.0224 | elapsed 4219.1s
step  1090000 | reward(last100)  0.2294 | sigma 0.0224 | elapsed 4238.4s
step  1095000 | reward(last100)  0.2115 | sigma 0.0224 | elapsed 4257.5s
step  1100000 | reward(last100)  0.2228 | sigma 0.0224 | elapsed 4276.5s
step  1105000 | reward(last100)  0.1294 | sigma 0.0225 | elapsed 4297.8s
step  1110000 | reward(last100)  0.1974 | sigma 0.0224 | elapsed 4320.0s
step  1115000 | reward(last100)  0.2616 | sigma 0.0225 | elapsed 4342.1s
step  1120000 | reward(last100)  0.2334 | sigma 0.0225 | elapsed 4359.1s
step  1125000 | reward(last100)  0.2252 | sigma 0.0225 | elapsed 4376.9s
step  1130000 | reward(last100)  0.1630 | sigma 0.0224 | elapsed 4395.6s
step  1135000 | reward(last100)  0.2298 | sigma 0.0224 | elapsed 4414.0s
step  1140000 | reward(last100)  0.1581 | sigma 0.0224 | elapsed 4431.2s
step  1145000 | reward(last100)  0.2168 | sigma 0.0224 | elapsed 4448.4s
step  1150000 | reward(last100)  0.1771 | sigma 0.0224 | elapsed 4467.2s
step  1155000 | reward(last100)  0.2030 | sigma 0.0224 | elapsed 4489.4s
step  1160000 | reward(last100)  0.2198 | sigma 0.0224 | elapsed 4511.2s
step  1165000 | reward(last100)  0.1683 | sigma 0.0223 | elapsed 4533.0s
step  1170000 | reward(last100)  0.2209 | sigma 0.0224 | elapsed 4553.6s
step  1175000 | reward(last100)  0.2434 | sigma 0.0224 | elapsed 4570.9s
step  1180000 | reward(last100)  0.1807 | sigma 0.0224 | elapsed 4588.7s
step  1185000 | reward(last100)  0.1906 | sigma 0.0224 | elapsed 4607.7s
step  1190000 | reward(last100)  0.1367 | sigma 0.0224 | elapsed 4626.5s
step  1195000 | reward(last100)  0.2414 | sigma 0.0224 | elapsed 4646.4s
step  1200000 | reward(last100)  0.1624 | sigma 0.0224 | elapsed 4665.1s
step  1205000 | reward(last100)  0.1853 | sigma 0.0224 | elapsed 4682.8s
step  1210000 | reward(last100)  0.2122 | sigma 0.0224 | elapsed 4700.9s
step  1215000 | reward(last100)  0.1739 | sigma 0.0224 | elapsed 4718.7s
step  1220000 | reward(last100)  0.2631 | sigma 0.0223 | elapsed 4735.8s
step  1225000 | reward(last100)  0.2634 | sigma 0.0224 | elapsed 4752.9s
step  1230000 | reward(last100)  0.2147 | sigma 0.0224 | elapsed 4770.6s
step  1235000 | reward(last100)  0.1694 | sigma 0.0224 | elapsed 4789.5s
step  1240000 | reward(last100)  0.1839 | sigma 0.0224 | elapsed 4810.3s
step  1245000 | reward(last100)  0.1743 | sigma 0.0224 | elapsed 4831.8s
step  1250000 | reward(last100)  0.2012 | sigma 0.0224 | elapsed 4854.1s
step  1255000 | reward(last100)  0.1869 | sigma 0.0224 | elapsed 4872.1s
step  1260000 | reward(last100)  0.1770 | sigma 0.0224 | elapsed 4889.5s
step  1265000 | reward(last100)  0.2423 | sigma 0.0224 | elapsed 4907.7s
step  1270000 | reward(last100)  0.1861 | sigma 0.0224 | elapsed 4926.6s
step  1275000 | reward(last100)  0.2275 | sigma 0.0224 | elapsed 4944.0s
step  1280000 | reward(last100)  0.1072 | sigma 0.0224 | elapsed 4962.0s
step  1285000 | reward(last100)  0.1522 | sigma 0.0224 | elapsed 4980.4s
step  1290000 | reward(last100)  0.1658 | sigma 0.0224 | elapsed 4997.9s
step  1295000 | reward(last100)  0.1888 | sigma 0.0224 | elapsed 5015.0s
step  1300000 | reward(last100)  0.1714 | sigma 0.0224 | elapsed 5033.2s
step  1305000 | reward(last100)  0.1588 | sigma 0.0224 | elapsed 5053.0s
step  1310000 | reward(last100)  0.2022 | sigma 0.0224 | elapsed 5071.4s
step  1315000 | reward(last100)  0.2238 | sigma 0.0224 | elapsed 5089.8s
step  1320000 | reward(last100)  0.2179 | sigma 0.0224 | elapsed 5108.6s
step  1325000 | reward(last100)  0.2258 | sigma 0.0224 | elapsed 5128.7s
step  1330000 | reward(last100)  0.1949 | sigma 0.0224 | elapsed 5148.4s
step  1335000 | reward(last100)  0.1227 | sigma 0.0224 | elapsed 5168.0s
step  1340000 | reward(last100)  0.1359 | sigma 0.0224 | elapsed 5187.0s
step  1345000 | reward(last100)  0.1415 | sigma 0.0224 | elapsed 5204.6s
step  1350000 | reward(last100)  0.2381 | sigma 0.0224 | elapsed 5221.9s
step  1355000 | reward(last100)  0.1511 | sigma 0.0224 | elapsed 5239.8s
step  1360000 | reward(last100)  0.1936 | sigma 0.0224 | elapsed 5257.2s
step  1365000 | reward(last100)  0.1461 | sigma 0.0224 | elapsed 5274.5s
step  1370000 | reward(last100)  0.2301 | sigma 0.0224 | elapsed 5291.8s
step  1375000 | reward(last100)  0.1635 | sigma 0.0224 | elapsed 5309.1s
step  1380000 | reward(last100)  0.1601 | sigma 0.0224 | elapsed 5326.3s
step  1385000 | reward(last100)  0.1457 | sigma 0.0224 | elapsed 5343.5s
step  1390000 | reward(last100)  0.2154 | sigma 0.0224 | elapsed 5360.8s
step  1395000 | reward(last100)  0.2186 | sigma 0.0223 | elapsed 5378.2s
step  1400000 | reward(last100)  0.2491 | sigma 0.0224 | elapsed 5395.6s
step  1405000 | reward(last100)  0.1889 | sigma 0.0224 | elapsed 5416.0s
step  1410000 | reward(last100)  0.2185 | sigma 0.0224 | elapsed 5434.8s
step  1415000 | reward(last100)  0.1566 | sigma 0.0224 | elapsed 5452.7s
step  1420000 | reward(last100)  0.2202 | sigma 0.0224 | elapsed 5470.1s
step  1425000 | reward(last100)  0.1787 | sigma 0.0223 | elapsed 5487.5s
step  1430000 | reward(last100)  0.1252 | sigma 0.0224 | elapsed 5505.7s
step  1435000 | reward(last100)  0.1634 | sigma 0.0224 | elapsed 5523.3s
step  1440000 | reward(last100)  0.1293 | sigma 0.0223 | elapsed 5541.0s
step  1445000 | reward(last100)  0.1510 | sigma 0.0223 | elapsed 5560.0s
step  1450000 | reward(last100)  0.1467 | sigma 0.0223 | elapsed 5579.0s
step  1455000 | reward(last100)  0.1995 | sigma 0.0223 | elapsed 5598.1s
step  1460000 | reward(last100)  0.1470 | sigma 0.0223 | elapsed 5615.3s
step  1465000 | reward(last100)  0.2309 | sigma 0.0223 | elapsed 5632.5s
step  1470000 | reward(last100)  0.1827 | sigma 0.0223 | elapsed 5649.7s
step  1475000 | reward(last100)  0.2252 | sigma 0.0223 | elapsed 5666.8s
step  1480000 | reward(last100)  0.2084 | sigma 0.0224 | elapsed 5683.9s
step  1485000 | reward(last100)  0.2294 | sigma 0.0224 | elapsed 5701.1s
step  1490000 | reward(last100)  0.1986 | sigma 0.0224 | elapsed 5718.3s
step  1495000 | reward(last100)  0.2113 | sigma 0.0224 | elapsed 5735.5s
step  1500000 | reward(last100)  0.2122 | sigma 0.0224 | elapsed 5752.8s
step  1505000 | reward(last100)  0.1479 | sigma 0.0224 | elapsed 5772.6s
step  1510000 | reward(last100)  0.2560 | sigma 0.0224 | elapsed 5792.8s
step  1515000 | reward(last100)  0.1795 | sigma 0.0224 | elapsed 5811.4s
step  1520000 | reward(last100)  0.1640 | sigma 0.0224 | elapsed 5830.2s
step  1525000 | reward(last100)  0.2122 | sigma 0.0224 | elapsed 5850.3s
step  1530000 | reward(last100)  0.1998 | sigma 0.0224 | elapsed 5868.7s
step  1535000 | reward(last100)  0.1564 | sigma 0.0224 | elapsed 5887.1s
step  1540000 | reward(last100)  0.1861 | sigma 0.0224 | elapsed 5905.7s
step  1545000 | reward(last100)  0.2939 | sigma 0.0224 | elapsed 5926.7s
step  1550000 | reward(last100)  0.1967 | sigma 0.0224 | elapsed 5950.1s
step  1555000 | reward(last100)  0.2579 | sigma 0.0224 | elapsed 5969.2s
step  1560000 | reward(last100)  0.2568 | sigma 0.0223 | elapsed 5987.1s
step  1565000 | reward(last100)  0.1825 | sigma 0.0223 | elapsed 6004.6s
step  1570000 | reward(last100)  0.2116 | sigma 0.0223 | elapsed 6021.9s
step  1575000 | reward(last100)  0.2275 | sigma 0.0224 | elapsed 6039.1s
step  1580000 | reward(last100)  0.1283 | sigma 0.0223 | elapsed 6056.3s
step  1585000 | reward(last100)  0.2107 | sigma 0.0223 | elapsed 6073.5s
step  1590000 | reward(last100)  0.1538 | sigma 0.0223 | elapsed 6090.9s
step  1595000 | reward(last100)  0.2164 | sigma 0.0223 | elapsed 6108.5s
step  1600000 | reward(last100)  0.1489 | sigma 0.0223 | elapsed 6125.8s
step  1605000 | reward(last100)  0.1956 | sigma 0.0223 | elapsed 6145.1s
step  1610000 | reward(last100)  0.2005 | sigma 0.0223 | elapsed 6163.9s
step  1615000 | reward(last100)  0.2409 | sigma 0.0223 | elapsed 6182.7s
step  1620000 | reward(last100)  0.2399 | sigma 0.0223 | elapsed 6201.4s
step  1625000 | reward(last100)  0.2078 | sigma 0.0223 | elapsed 6218.5s
step  1630000 | reward(last100)  0.1466 | sigma 0.0223 | elapsed 6235.8s
step  1635000 | reward(last100)  0.2258 | sigma 0.0223 | elapsed 6255.0s
step  1640000 | reward(last100)  0.1989 | sigma 0.0223 | elapsed 6273.7s
step  1645000 | reward(last100)  0.1739 | sigma 0.0223 | elapsed 6291.0s
step  1650000 | reward(last100)  0.1716 | sigma 0.0223 | elapsed 6309.8s
step  1655000 | reward(last100)  0.2342 | sigma 0.0223 | elapsed 6327.8s
step  1660000 | reward(last100)  0.2163 | sigma 0.0223 | elapsed 6345.1s
step  1665000 | reward(last100)  0.2123 | sigma 0.0223 | elapsed 6362.5s
step  1670000 | reward(last100)  0.2658 | sigma 0.0223 | elapsed 6381.1s
step  1675000 | reward(last100)  0.2026 | sigma 0.0223 | elapsed 6399.9s
step  1680000 | reward(last100)  0.1598 | sigma 0.0223 | elapsed 6418.6s
step  1685000 | reward(last100)  0.1655 | sigma 0.0223 | elapsed 6437.5s
step  1690000 | reward(last100)  0.2126 | sigma 0.0223 | elapsed 6455.1s
step  1695000 | reward(last100)  0.1877 | sigma 0.0223 | elapsed 6472.4s
step  1700000 | reward(last100)  0.1350 | sigma 0.0223 | elapsed 6489.6s
step  1705000 | reward(last100)  0.2163 | sigma 0.0223 | elapsed 6507.6s
step  1710000 | reward(last100)  0.1858 | sigma 0.0223 | elapsed 6527.8s
step  1715000 | reward(last100)  0.2812 | sigma 0.0223 | elapsed 6551.5s
step  1720000 | reward(last100)  0.1882 | sigma 0.0222 | elapsed 6574.6s
step  1725000 | reward(last100)  0.2003 | sigma 0.0222 | elapsed 6597.6s
step  1730000 | reward(last100)  0.2079 | sigma 0.0222 | elapsed 6617.8s
step  1735000 | reward(last100)  0.1075 | sigma 0.0223 | elapsed 6636.8s
step  1740000 | reward(last100)  0.1511 | sigma 0.0223 | elapsed 6655.6s
step  1745000 | reward(last100)  0.1623 | sigma 0.0222 | elapsed 6674.0s
step  1750000 | reward(last100)  0.2313 | sigma 0.0222 | elapsed 6691.3s
step  1755000 | reward(last100)  0.1722 | sigma 0.0222 | elapsed 6709.5s
step  1760000 | reward(last100)  0.2300 | sigma 0.0223 | elapsed 6729.2s
step  1765000 | reward(last100)  0.1395 | sigma 0.0223 | elapsed 6748.5s
step  1770000 | reward(last100)  0.2563 | sigma 0.0223 | elapsed 6766.9s
step  1775000 | reward(last100)  0.1509 | sigma 0.0223 | elapsed 6784.2s
step  1780000 | reward(last100)  0.1780 | sigma 0.0223 | elapsed 6801.5s
step  1785000 | reward(last100)  0.2202 | sigma 0.0223 | elapsed 6818.8s
step  1790000 | reward(last100)  0.1127 | sigma 0.0223 | elapsed 6836.0s
step  1795000 | reward(last100)  0.1483 | sigma 0.0223 | elapsed 6853.3s
step  1800000 | reward(last100)  0.2670 | sigma 0.0223 | elapsed 6870.6s
step  1805000 | reward(last100)  0.1974 | sigma 0.0223 | elapsed 6897.3s
step  1810000 | reward(last100)  0.1968 | sigma 0.0223 | elapsed 6916.7s
step  1815000 | reward(last100)  0.2018 | sigma 0.0222 | elapsed 6934.0s
step  1820000 | reward(last100)  0.2651 | sigma 0.0223 | elapsed 6951.2s
step  1825000 | reward(last100)  0.2503 | sigma 0.0222 | elapsed 6968.5s
step  1830000 | reward(last100)  0.1858 | sigma 0.0223 | elapsed 6986.1s
step  1835000 | reward(last100)  0.2060 | sigma 0.0222 | elapsed 7004.9s
step  1840000 | reward(last100)  0.1590 | sigma 0.0223 | elapsed 7022.5s
step  1845000 | reward(last100)  0.2161 | sigma 0.0223 | elapsed 7039.6s
step  1850000 | reward(last100)  0.2074 | sigma 0.0223 | elapsed 7056.7s
step  1855000 | reward(last100)  0.1918 | sigma 0.0223 | elapsed 7074.2s
step  1860000 | reward(last100)  0.1849 | sigma 0.0223 | elapsed 7091.3s
step  1865000 | reward(last100)  0.2320 | sigma 0.0222 | elapsed 7108.3s
step  1870000 | reward(last100)  0.1994 | sigma 0.0222 | elapsed 7125.4s
step  1875000 | reward(last100)  0.1699 | sigma 0.0222 | elapsed 7142.5s
step  1880000 | reward(last100)  0.1570 | sigma 0.0222 | elapsed 7159.6s
step  1885000 | reward(last100)  0.1694 | sigma 0.0222 | elapsed 7176.6s
step  1890000 | reward(last100)  0.2104 | sigma 0.0222 | elapsed 7193.7s
step  1895000 | reward(last100)  0.2620 | sigma 0.0222 | elapsed 7210.8s
step  1900000 | reward(last100)  0.1927 | sigma 0.0222 | elapsed 7227.8s
step  1905000 | reward(last100)  0.1535 | sigma 0.0223 | elapsed 7245.3s
step  1910000 | reward(last100)  0.1860 | sigma 0.0223 | elapsed 7262.3s
step  1915000 | reward(last100)  0.1918 | sigma 0.0222 | elapsed 7279.4s
step  1920000 | reward(last100)  0.2109 | sigma 0.0222 | elapsed 7296.4s
step  1925000 | reward(last100)  0.2172 | sigma 0.0223 | elapsed 7313.3s
step  1930000 | reward(last100)  0.2092 | sigma 0.0222 | elapsed 7330.4s
step  1935000 | reward(last100)  0.2659 | sigma 0.0222 | elapsed 7347.4s
step  1940000 | reward(last100)  0.2797 | sigma 0.0222 | elapsed 7364.3s
step  1945000 | reward(last100)  0.2461 | sigma 0.0223 | elapsed 7381.3s
step  1950000 | reward(last100)  0.1680 | sigma 0.0222 | elapsed 7400.2s
step  1955000 | reward(last100)  0.2044 | sigma 0.0222 | elapsed 7417.7s
step  1960000 | reward(last100)  0.1794 | sigma 0.0222 | elapsed 7435.1s
step  1965000 | reward(last100)  0.1927 | sigma 0.0223 | elapsed 7453.1s
step  1970000 | reward(last100)  0.1662 | sigma 0.0223 | elapsed 7470.3s
step  1975000 | reward(last100)  0.1732 | sigma 0.0223 | elapsed 7487.5s
step  1980000 | reward(last100)  0.2460 | sigma 0.0223 | elapsed 7504.5s
step  1985000 | reward(last100)  0.2582 | sigma 0.0222 | elapsed 7521.5s
step  1990000 | reward(last100)  0.1483 | sigma 0.0222 | elapsed 7538.7s
step  1995000 | reward(last100)  0.1887 | sigma 0.0222 | elapsed 7557.6s
step  2000000 | reward(last100)  0.2319 | sigma 0.0222 | elapsed 7580.3s
step  2005000 | reward(last100)  0.1716 | sigma 0.0222 | elapsed 7597.6s
step  2010000 | reward(last100)  0.2139 | sigma 0.0222 | elapsed 7614.7s
step  2015000 | reward(last100)  0.1810 | sigma 0.0222 | elapsed 7631.7s
step  2020000 | reward(last100)  0.2382 | sigma 0.0223 | elapsed 7648.7s
step  2025000 | reward(last100)  0.2152 | sigma 0.0223 | elapsed 7666.0s
step  2030000 | reward(last100)  0.1835 | sigma 0.0223 | elapsed 7684.8s
step  2035000 | reward(last100)  0.2008 | sigma 0.0223 | elapsed 7703.6s
step  2040000 | reward(last100)  0.1951 | sigma 0.0222 | elapsed 7722.4s
step  2045000 | reward(last100)  0.1286 | sigma 0.0222 | elapsed 7741.2s
step  2050000 | reward(last100)  0.2443 | sigma 0.0222 | elapsed 7760.1s
step  2055000 | reward(last100)  0.2372 | sigma 0.0222 | elapsed 7778.8s
step  2060000 | reward(last100)  0.2620 | sigma 0.0223 | elapsed 7797.2s
step  2065000 | reward(last100)  0.2512 | sigma 0.0222 | elapsed 7816.3s
step  2070000 | reward(last100)  0.2016 | sigma 0.0222 | elapsed 7835.5s
step  2075000 | reward(last100)  0.1671 | sigma 0.0222 | elapsed 7854.8s
step  2080000 | reward(last100)  0.1787 | sigma 0.0222 | elapsed 7874.2s
step  2085000 | reward(last100)  0.2283 | sigma 0.0222 | elapsed 7893.3s
step  2090000 | reward(last100)  0.1817 | sigma 0.0222 | elapsed 7911.6s
step  2095000 | reward(last100)  0.2114 | sigma 0.0222 | elapsed 7929.9s
step  2100000 | reward(last100)  0.1652 | sigma 0.0222 | elapsed 7949.2s
step  2105000 | reward(last100)  0.1811 | sigma 0.0222 | elapsed 7968.9s
step  2110000 | reward(last100)  0.1807 | sigma 0.0222 | elapsed 7988.1s
step  2115000 | reward(last100)  0.2105 | sigma 0.0222 | elapsed 8006.6s
step  2120000 | reward(last100)  0.2270 | sigma 0.0222 | elapsed 8025.1s
step  2125000 | reward(last100)  0.2481 | sigma 0.0222 | elapsed 8043.4s
step  2130000 | reward(last100)  0.1718 | sigma 0.0222 | elapsed 8061.3s
step  2135000 | reward(last100)  0.1945 | sigma 0.0222 | elapsed 8078.3s
step  2140000 | reward(last100)  0.2043 | sigma 0.0222 | elapsed 8095.3s
step  2145000 | reward(last100)  0.2614 | sigma 0.0222 | elapsed 8112.6s
step  2150000 | reward(last100)  0.2005 | sigma 0.0222 | elapsed 8131.1s
step  2155000 | reward(last100)  0.1586 | sigma 0.0222 | elapsed 8148.3s
step  2160000 | reward(last100)  0.1913 | sigma 0.0222 | elapsed 8165.2s
step  2165000 | reward(last100)  0.2589 | sigma 0.0222 | elapsed 8182.2s
step  2170000 | reward(last100)  0.2586 | sigma 0.0222 | elapsed 8199.1s
step  2175000 | reward(last100)  0.1976 | sigma 0.0221 | elapsed 8216.0s
step  2180000 | reward(last100)  0.1925 | sigma 0.0221 | elapsed 8233.3s
step  2185000 | reward(last100)  0.1825 | sigma 0.0221 | elapsed 8251.6s
step  2190000 | reward(last100)  0.1785 | sigma 0.0221 | elapsed 8269.9s
step  2195000 | reward(last100)  0.2012 | sigma 0.0221 | elapsed 8288.1s
step  2200000 | reward(last100)  0.1630 | sigma 0.0221 | elapsed 8305.0s
step  2205000 | reward(last100)  0.2573 | sigma 0.0221 | elapsed 8324.3s
step  2210000 | reward(last100)  0.1792 | sigma 0.0221 | elapsed 8343.2s
step  2215000 | reward(last100)  0.2162 | sigma 0.0221 | elapsed 8362.1s
step  2220000 | reward(last100)  0.2253 | sigma 0.0221 | elapsed 8381.1s
step  2225000 | reward(last100)  0.2111 | sigma 0.0221 | elapsed 8400.0s
step  2230000 | reward(last100)  0.2060 | sigma 0.0221 | elapsed 8418.9s
step  2235000 | reward(last100)  0.2060 | sigma 0.0221 | elapsed 8435.8s
step  2240000 | reward(last100)  0.1637 | sigma 0.0221 | elapsed 8452.7s
step  2245000 | reward(last100)  0.1439 | sigma 0.0221 | elapsed 8469.6s
step  2250000 | reward(last100)  0.2215 | sigma 0.0221 | elapsed 8486.6s
step  2255000 | reward(last100)  0.1761 | sigma 0.0221 | elapsed 8506.7s
step  2260000 | reward(last100)  0.2216 | sigma 0.0221 | elapsed 8527.5s
step  2265000 | reward(last100)  0.1985 | sigma 0.0221 | elapsed 8548.3s
step  2270000 | reward(last100)  0.1919 | sigma 0.0221 | elapsed 8567.3s
step  2275000 | reward(last100)  0.1606 | sigma 0.0221 | elapsed 8586.6s
step  2280000 | reward(last100)  0.1940 | sigma 0.0221 | elapsed 8605.9s
step  2285000 | reward(last100)  0.2167 | sigma 0.0221 | elapsed 8625.0s
step  2290000 | reward(last100)  0.2231 | sigma 0.0221 | elapsed 8644.0s
step  2295000 | reward(last100)  0.2305 | sigma 0.0221 | elapsed 8662.8s
step  2300000 | reward(last100)  0.2352 | sigma 0.0221 | elapsed 8681.7s
step  2305000 | reward(last100)  0.1922 | sigma 0.0221 | elapsed 8699.4s
step  2310000 | reward(last100)  0.2969 | sigma 0.0221 | elapsed 8716.7s
step  2315000 | reward(last100)  0.1587 | sigma 0.0221 | elapsed 8734.0s
step  2320000 | reward(last100)  0.2604 | sigma 0.0221 | elapsed 8751.3s
step  2325000 | reward(last100)  0.2030 | sigma 0.0221 | elapsed 8768.7s
step  2330000 | reward(last100)  0.2062 | sigma 0.0221 | elapsed 8786.1s
step  2335000 | reward(last100)  0.1714 | sigma 0.0221 | elapsed 8803.5s
step  2340000 | reward(last100)  0.2127 | sigma 0.0221 | elapsed 8820.9s
step  2345000 | reward(last100)  0.1164 | sigma 0.0221 | elapsed 8838.2s
step  2350000 | reward(last100)  0.1681 | sigma 0.0221 | elapsed 8855.5s
step  2355000 | reward(last100)  0.2182 | sigma 0.0221 | elapsed 8873.9s
step  2360000 | reward(last100)  0.2312 | sigma 0.0221 | elapsed 8891.7s
step  2365000 | reward(last100)  0.2172 | sigma 0.0221 | elapsed 8913.3s
step  2370000 | reward(last100)  0.2165 | sigma 0.0221 | elapsed 8936.3s
step  2375000 | reward(last100)  0.2056 | sigma 0.0221 | elapsed 8959.6s
step  2380000 | reward(last100)  0.1798 | sigma 0.0221 | elapsed 8982.7s
step  2385000 | reward(last100)  0.2149 | sigma 0.0221 | elapsed 9005.6s
step  2390000 | reward(last100)  0.1716 | sigma 0.0221 | elapsed 9028.4s
step  2395000 | reward(last100)  0.2484 | sigma 0.0221 | elapsed 9051.4s
step  2400000 | reward(last100)  0.1840 | sigma 0.0221 | elapsed 9074.2s
step  2405000 | reward(last100)  0.1194 | sigma 0.0221 | elapsed 9092.8s
step  2410000 | reward(last100)  0.2112 | sigma 0.0221 | elapsed 9111.5s
step  2415000 | reward(last100)  0.1822 | sigma 0.0221 | elapsed 9130.7s
step  2420000 | reward(last100)  0.1639 | sigma 0.0221 | elapsed 9153.0s
step  2425000 | reward(last100)  0.0540 | sigma 0.0221 | elapsed 9174.6s
step  2430000 | reward(last100)  0.1713 | sigma 0.0221 | elapsed 9191.9s
step  2435000 | reward(last100)  0.1264 | sigma 0.0221 | elapsed 9209.3s
step  2440000 | reward(last100)  0.1976 | sigma 0.0221 | elapsed 9226.6s
step  2445000 | reward(last100)  0.1621 | sigma 0.0221 | elapsed 9244.0s
step  2450000 | reward(last100)  0.2316 | sigma 0.0221 | elapsed 9261.4s
step  2455000 | reward(last100)  0.2459 | sigma 0.0221 | elapsed 9280.6s
step  2460000 | reward(last100)  0.1694 | sigma 0.0221 | elapsed 9299.2s
step  2465000 | reward(last100)  0.2650 | sigma 0.0221 | elapsed 9317.8s
step  2470000 | reward(last100)  0.2545 | sigma 0.0221 | elapsed 9336.6s
step  2475000 | reward(last100)  0.1968 | sigma 0.0221 | elapsed 9356.8s
step  2480000 | reward(last100)  0.2949 | sigma 0.0221 | elapsed 9378.4s
step  2485000 | reward(last100)  0.2361 | sigma 0.0221 | elapsed 9396.8s
step  2490000 | reward(last100)  0.1857 | sigma 0.0221 | elapsed 9414.0s
step  2495000 | reward(last100)  0.2523 | sigma 0.0221 | elapsed 9431.3s
step  2500000 | reward(last100)  0.2100 | sigma 0.0221 | elapsed 9448.5s
step  2505000 | reward(last100)  0.2018 | sigma 0.0221 | elapsed 9472.7s
step  2510000 | reward(last100)  0.2222 | sigma 0.0221 | elapsed 9493.4s
step  2515000 | reward(last100)  0.1593 | sigma 0.0221 | elapsed 9514.2s
step  2520000 | reward(last100)  0.2246 | sigma 0.0221 | elapsed 9534.3s
step  2525000 | reward(last100)  0.2050 | sigma 0.0221 | elapsed 9553.4s
step  2530000 | reward(last100)  0.2614 | sigma 0.0221 | elapsed 9571.9s
step  2535000 | reward(last100)  0.1862 | sigma 0.0220 | elapsed 9590.4s
step  2540000 | reward(last100)  0.1988 | sigma 0.0220 | elapsed 9611.5s
step  2545000 | reward(last100)  0.1578 | sigma 0.0220 | elapsed 9636.5s
step  2550000 | reward(last100)  0.2549 | sigma 0.0220 | elapsed 9661.5s
step  2555000 | reward(last100)  0.1825 | sigma 0.0220 | elapsed 9679.2s
step  2560000 | reward(last100)  0.2113 | sigma 0.0220 | elapsed 9696.4s
step  2565000 | reward(last100)  0.2649 | sigma 0.0221 | elapsed 9713.7s
step  2570000 | reward(last100)  0.1505 | sigma 0.0221 | elapsed 9730.9s
step  2575000 | reward(last100)  0.1610 | sigma 0.0220 | elapsed 9748.2s
step  2580000 | reward(last100)  0.2156 | sigma 0.0221 | elapsed 9765.4s
step  2585000 | reward(last100)  0.2406 | sigma 0.0220 | elapsed 9782.7s
step  2590000 | reward(last100)  0.1820 | sigma 0.0220 | elapsed 9799.9s
step  2595000 | reward(last100)  0.3224 | sigma 0.0220 | elapsed 9817.1s
step  2600000 | reward(last100)  0.2318 | sigma 0.0221 | elapsed 9834.3s
step  2605000 | reward(last100)  0.2850 | sigma 0.0220 | elapsed 9851.9s
step  2610000 | reward(last100)  0.2059 | sigma 0.0220 | elapsed 9869.1s
step  2615000 | reward(last100)  0.2427 | sigma 0.0220 | elapsed 9886.3s
step  2620000 | reward(last100)  0.2080 | sigma 0.0220 | elapsed 9903.5s
step  2625000 | reward(last100)  0.1931 | sigma 0.0220 | elapsed 9920.6s
step  2630000 | reward(last100)  0.1998 | sigma 0.0220 | elapsed 9937.8s
step  2635000 | reward(last100)  0.2076 | sigma 0.0220 | elapsed 9954.9s
step  2640000 | reward(last100)  0.2065 | sigma 0.0220 | elapsed 9972.1s
step  2645000 | reward(last100)  0.3483 | sigma 0.0220 | elapsed 9989.3s
step  2650000 | reward(last100)  0.2206 | sigma 0.0220 | elapsed 10006.4s
step  2655000 | reward(last100)  0.1222 | sigma 0.0220 | elapsed 10024.6s
step  2660000 | reward(last100)  0.1732 | sigma 0.0220 | elapsed 10042.1s
step  2665000 | reward(last100)  0.1992 | sigma 0.0220 | elapsed 10059.5s
step  2670000 | reward(last100)  0.2117 | sigma 0.0220 | elapsed 10077.0s
step  2675000 | reward(last100)  0.1455 | sigma 0.0220 | elapsed 10094.6s
step  2680000 | reward(last100)  0.1754 | sigma 0.0220 | elapsed 10112.6s
step  2685000 | reward(last100)  0.2248 | sigma 0.0220 | elapsed 10131.5s
step  2690000 | reward(last100)  0.2661 | sigma 0.0220 | elapsed 10149.7s
step  2695000 | reward(last100)  0.1686 | sigma 0.0220 | elapsed 10166.9s
step  2700000 | reward(last100)  0.2709 | sigma 0.0220 | elapsed 10184.0s
step  2705000 | reward(last100)  0.1776 | sigma 0.0220 | elapsed 10202.4s
step  2710000 | reward(last100)  0.2079 | sigma 0.0220 | elapsed 10222.7s
step  2715000 | reward(last100)  0.2438 | sigma 0.0220 | elapsed 10246.6s
step  2720000 | reward(last100)  0.2939 | sigma 0.0220 | elapsed 10269.3s
step  2725000 | reward(last100)  0.1282 | sigma 0.0220 | elapsed 10291.7s
step  2730000 | reward(last100)  0.2814 | sigma 0.0220 | elapsed 10314.1s
step  2735000 | reward(last100)  0.1942 | sigma 0.0220 | elapsed 10336.4s
step  2740000 | reward(last100)  0.2265 | sigma 0.0220 | elapsed 10358.7s
step  2745000 | reward(last100)  0.2312 | sigma 0.0220 | elapsed 10380.9s
step  2750000 | reward(last100)  0.2677 | sigma 0.0220 | elapsed 10403.2s
step  2755000 | reward(last100)  0.2346 | sigma 0.0220 | elapsed 10426.8s
step  2760000 | reward(last100)  0.2236 | sigma 0.0220 | elapsed 10449.3s
step  2765000 | reward(last100)  0.1109 | sigma 0.0220 | elapsed 10471.4s
step  2770000 | reward(last100)  0.1546 | sigma 0.0220 | elapsed 10493.6s
step  2775000 | reward(last100)  0.2566 | sigma 0.0220 | elapsed 10512.2s
step  2780000 | reward(last100)  0.2402 | sigma 0.0220 | elapsed 10531.5s
step  2785000 | reward(last100)  0.1428 | sigma 0.0220 | elapsed 10551.1s
step  2790000 | reward(last100)  0.2049 | sigma 0.0220 | elapsed 10570.6s
step  2795000 | reward(last100)  0.1972 | sigma 0.0220 | elapsed 10590.1s
step  2800000 | reward(last100)  0.2354 | sigma 0.0220 | elapsed 10609.6s
step  2805000 | reward(last100)  0.1719 | sigma 0.0220 | elapsed 10629.2s
step  2810000 | reward(last100)  0.2610 | sigma 0.0220 | elapsed 10647.9s
step  2815000 | reward(last100)  0.1992 | sigma 0.0220 | elapsed 10666.6s
step  2820000 | reward(last100)  0.1284 | sigma 0.0220 | elapsed 10685.3s
step  2825000 | reward(last100)  0.1980 | sigma 0.0220 | elapsed 10704.0s
step  2830000 | reward(last100)  0.2413 | sigma 0.0219 | elapsed 10722.6s
step  2835000 | reward(last100)  0.2230 | sigma 0.0220 | elapsed 10741.3s
step  2840000 | reward(last100)  0.1924 | sigma 0.0220 | elapsed 10759.9s
step  2845000 | reward(last100)  0.2265 | sigma 0.0220 | elapsed 10778.6s
step  2850000 | reward(last100)  0.1913 | sigma 0.0219 | elapsed 10796.6s
step  2855000 | reward(last100)  0.1904 | sigma 0.0219 | elapsed 10814.7s
step  2860000 | reward(last100)  0.2299 | sigma 0.0219 | elapsed 10832.1s
step  2865000 | reward(last100)  0.2279 | sigma 0.0219 | elapsed 10849.4s
step  2870000 | reward(last100)  0.2621 | sigma 0.0219 | elapsed 10866.7s
step  2875000 | reward(last100)  0.2532 | sigma 0.0219 | elapsed 10883.9s
step  2880000 | reward(last100)  0.2021 | sigma 0.0219 | elapsed 10901.1s
step  2885000 | reward(last100)  0.1389 | sigma 0.0219 | elapsed 10918.3s
step  2890000 | reward(last100)  0.2154 | sigma 0.0219 | elapsed 10935.4s
step  2895000 | reward(last100)  0.2297 | sigma 0.0219 | elapsed 10952.6s
step  2900000 | reward(last100)  0.2465 | sigma 0.0219 | elapsed 10969.8s
step  2905000 | reward(last100)  0.2314 | sigma 0.0219 | elapsed 10987.3s
step  2910000 | reward(last100)  0.2688 | sigma 0.0219 | elapsed 11004.4s
step  2915000 | reward(last100)  0.2482 | sigma 0.0219 | elapsed 11021.5s
step  2920000 | reward(last100)  0.1921 | sigma 0.0219 | elapsed 11038.5s
step  2925000 | reward(last100)  0.1931 | sigma 0.0219 | elapsed 11055.6s
step  2930000 | reward(last100)  0.2377 | sigma 0.0219 | elapsed 11072.6s
step  2935000 | reward(last100)  0.2145 | sigma 0.0219 | elapsed 11089.7s
step  2940000 | reward(last100)  0.2187 | sigma 0.0219 | elapsed 11106.7s
step  2945000 | reward(last100)  0.2117 | sigma 0.0219 | elapsed 11123.8s
step  2950000 | reward(last100)  0.2377 | sigma 0.0219 | elapsed 11140.8s
step  2955000 | reward(last100)  0.1726 | sigma 0.0219 | elapsed 11158.1s
step  2960000 | reward(last100)  0.2443 | sigma 0.0219 | elapsed 11175.0s
step  2965000 | reward(last100)  0.1656 | sigma 0.0219 | elapsed 11191.9s
step  2970000 | reward(last100)  0.2184 | sigma 0.0220 | elapsed 11208.9s
step  2975000 | reward(last100)  0.1908 | sigma 0.0220 | elapsed 11225.9s
step  2980000 | reward(last100)  0.2080 | sigma 0.0219 | elapsed 11242.9s
step  2985000 | reward(last100)  0.1697 | sigma 0.0219 | elapsed 11259.9s
step  2990000 | reward(last100)  0.1754 | sigma 0.0219 | elapsed 11276.8s
step  2995000 | reward(last100)  0.1792 | sigma 0.0219 | elapsed 11293.8s
step  3000000 | reward(last100)  0.2274 | sigma 0.0219 | elapsed 11310.8s
