step     5000 | reward(last100)  0.0104 | eps 0.976 | elapsed    1.3s
step    10000 | reward(last100)  0.0127 | eps 0.953 | elapsed    2.4s
step    15000 | reward(last100)  0.0154 | eps 0.929 | elapsed   11.4s
step    20000 | reward(last100)  0.0255 | eps 0.905 | elapsed   19.7s
step    25000 | reward(last100)  0.0226 | eps 0.881 | elapsed   28.8s
step    30000 | reward(last100)  0.0502 | eps 0.858 | elapsed   41.5s
step    35000 | reward(last100)  0.0523 | eps 0.834 | elapsed   54.4s
step    40000 | reward(last100)  0.0581 | eps 0.810 | elapsed   67.5s
step    45000 | reward(last100)  0.0443 | eps 0.786 | elapsed   80.6s
step    50000 | reward(last100)  0.0548 | eps 0.762 | elapsed   93.9s
step    55000 | reward(last100)  0.0240 | eps 0.739 | elapsed  105.5s
step    60000 | reward(last100)  0.0690 | eps 0.715 | elapsed  117.1s
step    65000 | reward(last100)  0.0618 | eps 0.691 | elapsed  127.2s
step    70000 | reward(last100)  0.0433 | eps 0.667 | elapsed  139.9s
step    75000 | reward(last100)  0.0434 | eps 0.644 | elapsed  151.1s
step    80000 | reward(last100)  0.0249 | eps 0.620 | elapsed  163.9s
step    85000 | reward(last100)  0.0313 | eps 0.596 | elapsed  177.6s
step    90000 | reward(last100)  0.0683 | eps 0.573 | elapsed  191.2s
step    95000 | reward(last100)  0.0396 | eps 0.549 | elapsed  204.0s
step   100000 | reward(last100)  0.0167 | eps 0.525 | elapsed  215.5s
step   105000 | reward(last100)  0.0246 | eps 0.501 | elapsed  224.3s
step   110000 | reward(last100)  0.0283 | eps 0.478 | elapsed  231.6s
step   115000 | reward(last100)  0.0178 | eps 0.454 | elapsed  239.0s
step   120000 | reward(last100)  0.0037 | eps 0.430 | elapsed  246.4s
step   125000 | reward(last100)  0.0177 | eps 0.406 | elapsed  255.9s
step   130000 | reward(last100)  0.0131 | eps 0.383 | elapsed  266.4s
step   135000 | reward(last100)  0.0110 | eps 0.359 | elapsed  276.9s
step   140000 | reward(last100)  0.0039 | eps 0.335 | elapsed  287.5s
step   145000 | reward(last100)  0.0038 | eps 0.311 | elapsed  298.1s
step   150000 | reward(last100)  0.0165 | eps 0.288 | elapsed  306.6s
step   155000 | reward(last100)  0.0264 | eps 0.264 | elapsed  314.6s
step   160000 | reward(last100)  0.0172 | eps 0.240 | elapsed  322.1s
step   165000 | reward(last100)  0.0072 | eps 0.216 | elapsed  329.6s
step   170000 | reward(last100)  0.0231 | eps 0.193 | elapsed  337.1s
step   175000 | reward(last100)  0.0152 | eps 0.169 | elapsed  344.7s
step   180000 | reward(last100)  0.0032 | eps 0.145 | elapsed  352.3s
step   185000 | reward(last100)  0.0032 | eps 0.121 | elapsed  359.9s
step   190000 | reward(last100)  0.0152 | eps 0.098 | elapsed  367.6s
step   195000 | reward(last100)  0.0147 | eps 0.074 | elapsed  375.4s
step   200000 | reward(last100)  0.0100 | eps 0.050 | elapsed  383.2s
step   205000 | reward(last100)  0.0065 | eps 0.050 | elapsed  392.2s
step   210000 | reward(last100)  0.0230 | eps 0.050 | elapsed  400.9s
step   215000 | reward(last100)  0.0072 | eps 0.050 | elapsed  409.6s
step   220000 | reward(last100)  0.0823 | eps 0.050 | elapsed  421.0s
step   225000 | reward(last100)  0.3700 | eps 0.050 | elapsed  433.2s
step   230000 | reward(last100)  0.3041 | eps 0.050 | elapsed  445.7s
step   235000 | reward(last100)  0.0673 | eps 0.050 | elapsed  456.1s
step   240000 | reward(last100)  0.0204 | eps 0.050 | elapsed  465.2s
step   245000 | reward(last100)  0.0000 | eps 0.050 | elapsed  477.0s
step   250000 | reward(last100)  0.0074 | eps 0.050 | elapsed  489.1s
step   255000 | reward(last100)  0.0028 | eps 0.050 | elapsed  499.3s
step   260000 | reward(last100)  0.0000 | eps 0.050 | elapsed  507.9s
step   265000 | reward(last100)  0.0039 | eps 0.050 | elapsed  516.5s
step   270000 | reward(last100)  0.0060 | eps 0.050 | elapsed  525.1s
step   275000 | reward(last100)  0.0085 | eps 0.050 | elapsed  533.8s
step   280000 | reward(last100)  0.0000 | eps 0.050 | elapsed  542.7s
step   285000 | reward(last100)  0.0000 | eps 0.050 | elapsed  552.9s
step   290000 | reward(last100)  0.0487 | eps 0.050 | elapsed  561.5s
step   295000 | reward(last100)  0.0102 | eps 0.050 | elapsed  570.3s
step   300000 | reward(last100)  0.3781 | eps 0.050 | elapsed  579.4s
step   305000 | reward(last100)  0.3773 | eps 0.050 | elapsed  590.8s
step   310000 | reward(last100)  0.1544 | eps 0.050 | elapsed  600.4s
step   315000 | reward(last100)  0.0193 | eps 0.050 | elapsed  610.9s
step   320000 | reward(last100)  0.2527 | eps 0.050 | elapsed  622.9s
step   325000 | reward(last100)  0.0934 | eps 0.050 | elapsed  631.9s
step   330000 | reward(last100)  0.2102 | eps 0.050 | elapsed  641.0s
step   335000 | reward(last100)  0.0241 | eps 0.050 | elapsed  650.7s
step   340000 | reward(last100)  0.2607 | eps 0.050 | elapsed  660.7s
step   345000 | reward(last100)  0.1245 | eps 0.050 | elapsed  669.7s
step   350000 | reward(last100)  0.3623 | eps 0.050 | elapsed  678.9s
step   355000 | reward(last100)  0.2752 | eps 0.050 | elapsed  688.4s
step   360000 | reward(last100)  0.6389 | eps 0.050 | elapsed  697.8s
step   365000 | reward(last100)  0.5862 | eps 0.050 | elapsed  707.8s
step   370000 | reward(last100)  0.6158 | eps 0.050 | elapsed  718.4s
step   375000 | reward(last100)  0.6673 | eps 0.050 | elapsed  727.8s
step   380000 | reward(last100)  0.5538 | eps 0.050 | elapsed  736.8s
step   385000 | reward(last100)  0.7069 | eps 0.050 | elapsed  746.2s
step   390000 | reward(last100)  0.6002 | eps 0.050 | elapsed  755.9s
step   395000 | reward(last100)  0.3122 | eps 0.050 | elapsed  764.9s
step   400000 | reward(last100)  0.5150 | eps 0.050 | elapsed  775.4s
step   405000 | reward(last100)  0.4324 | eps 0.050 | elapsed  784.9s
step   410000 | reward(last100)  0.4058 | eps 0.050 | elapsed  794.0s
step   415000 | reward(last100)  0.4869 | eps 0.050 | elapsed  803.2s
step   420000 | reward(last100)  0.5352 | eps 0.050 | elapsed  812.4s
step   425000 | reward(last100)  0.4554 | eps 0.050 | elapsed  821.9s
step   430000 | reward(last100)  0.3208 | eps 0.050 | elapsed  832.1s
step   435000 | reward(last100)  0.3929 | eps 0.050 | elapsed  843.1s
step   440000 | reward(last100)  0.1644 | eps 0.050 | elapsed  853.0s
step   445000 | reward(last100)  0.3077 | eps 0.050 | elapsed  863.0s
step   450000 | reward(last100)  0.2880 | eps 0.050 | elapsed  875.5s
step   455000 | reward(last100)  0.1443 | eps 0.050 | elapsed  885.2s
step   460000 | reward(last100)  0.4427 | eps 0.050 | elapsed  894.8s
step   465000 | reward(last100)  0.2325 | eps 0.050 | elapsed  904.2s
step   470000 | reward(last100)  0.3083 | eps 0.050 | elapsed  913.7s
step   475000 | reward(last100)  0.1644 | eps 0.050 | elapsed  923.4s
step   480000 | reward(last100)  0.2670 | eps 0.050 | elapsed  933.0s
step   485000 | reward(last100)  0.1854 | eps 0.050 | elapsed  942.8s
step   490000 | reward(last100)  0.1428 | eps 0.050 | elapsed  953.2s
step   495000 | reward(last100)  0.1965 | eps 0.050 | elapsed  962.8s
step   500000 | reward(last100)  0.3813 | eps 0.050 | elapsed  974.5s
step   505000 | reward(last100)  0.3198 | eps 0.050 | elapsed  984.7s
step   510000 | reward(last100)  0.1436 | eps 0.050 | elapsed  994.5s
step   515000 | reward(last100)  0.1933 | eps 0.050 | elapsed 1004.3s
step   520000 | reward(last100)  0.1523 | eps 0.050 | elapsed 1016.3s
step   525000 | reward(last100)  0.1443 | eps 0.050 | elapsed 1025.8s
step   530000 | reward(last100)  0.2758 | eps 0.050 | elapsed 1035.8s
step   535000 | reward(last100)  0.0921 | eps 0.050 | elapsed 1046.8s
step   540000 | reward(last100)  0.2318 | eps 0.050 | elapsed 1057.5s
step   545000 | reward(last100)  0.0872 | eps 0.050 | elapsed 1068.2s
step   550000 | reward(last100)  0.0201 | eps 0.050 | elapsed 1079.8s
step   555000 | reward(last100)  0.1701 | eps 0.050 | elapsed 1089.6s
step   560000 | reward(last100)  0.1344 | eps 0.050 | elapsed 1099.0s
step   565000 | reward(last100)  0.3323 | eps 0.050 | elapsed 1108.4s
step   570000 | reward(last100)  0.0454 | eps 0.050 | elapsed 1117.8s
step   575000 | reward(last100)  0.1688 | eps 0.050 | elapsed 1127.2s
step   580000 | reward(last100)  0.1506 | eps 0.050 | elapsed 1136.5s
step   585000 | reward(last100)  0.0625 | eps 0.050 | elapsed 1145.9s
step   590000 | reward(last100)  0.2566 | eps 0.050 | elapsed 1155.3s
step   595000 | reward(last100)  0.2922 | eps 0.050 | elapsed 1164.7s
step   600000 | reward(last100)  0.1939 | eps 0.050 | elapsed 1174.3s
step   605000 | reward(last100)  0.1333 | eps 0.050 | elapsed 1185.7s
step   610000 | reward(last100)  0.3166 | eps 0.050 | elapsed 1196.8s
step   615000 | reward(last100)  0.2823 | eps 0.050 | elapsed 1207.9s
step   620000 | reward(last100)  0.1991 | eps 0.050 | elapsed 1219.1s
step   625000 | reward(last100)  0.1990 | eps 0.050 | elapsed 1230.6s
step   630000 | reward(last100)  0.2157 | eps 0.050 | elapsed 1240.5s
step   635000 | reward(last100)  0.1906 | eps 0.050 | elapsed 1250.0s
step   640000 | reward(last100)  0.2425 | eps 0.050 | elapsed 1259.3s
step   645000 | reward(last100)  0.3325 | eps 0.050 | elapsed 1268.6s
step   650000 | reward(last100)  0.3382 | eps 0.050 | elapsed 1277.8s
step   655000 | reward(last100)  0.0804 | eps 0.050 | elapsed 1292.2s
step   660000 | reward(last100)  0.0929 | eps 0.050 | elapsed 1303.3s
step   665000 | reward(last100)  0.2090 | eps 0.050 | elapsed 1313.4s
step   670000 | reward(last100)  0.2259 | eps 0.050 | elapsed 1325.4s
step   675000 | reward(last100)  0.3474 | eps 0.050 | elapsed 1335.0s
step   680000 | reward(last100)  0.2095 | eps 0.050 | elapsed 1344.9s
step   685000 | reward(last100)  0.0752 | eps 0.050 | elapsed 1356.3s
step   690000 | reward(last100)  0.1537 | eps 0.050 | elapsed 1369.6s
step   695000 | reward(last100)  0.1335 | eps 0.050 | elapsed 1383.0s
step   700000 | reward(last100)  0.2510 | eps 0.050 | elapsed 1396.8s
step   705000 | reward(last100)  0.0761 | eps 0.050 | elapsed 1409.9s
step   710000 | reward(last100)  0.0313 | eps 0.050 | elapsed 1423.0s
step   715000 | reward(last100)  0.1749 | eps 0.050 | elapsed 1433.7s
step   720000 | reward(last100)  0.0927 | eps 0.050 | elapsed 1443.4s
step   725000 | reward(last100)  0.1164 | eps 0.050 | elapsed 1453.5s
step   730000 | reward(last100)  0.2577 | eps 0.050 | elapsed 1465.2s
step   735000 | reward(last100)  0.2351 | eps 0.050 | elapsed 1476.2s
step   740000 | reward(last100)  0.2084 | eps 0.050 | elapsed 1487.8s
step   745000 | reward(last100)  0.3259 | eps 0.050 | elapsed 1500.1s
step   750000 | reward(last100)  0.2165 | eps 0.050 | elapsed 1512.4s
step   755000 | reward(last100)  0.1872 | eps 0.050 | elapsed 1522.4s
step   760000 | reward(last100)  0.1731 | eps 0.050 | elapsed 1532.1s
step   765000 | reward(last100)  0.1344 | eps 0.050 | elapsed 1542.1s
step   770000 | reward(last100)  0.2846 | eps 0.050 | elapsed 1553.2s
step   775000 | reward(last100)  0.3991 | eps 0.050 | elapsed 1566.7s
step   780000 | reward(last100)  0.0960 | eps 0.050 | elapsed 1580.1s
step   785000 | reward(last100)  0.3444 | eps 0.050 | elapsed 1592.7s
step   790000 | reward(last100)  0.2311 | eps 0.050 | elapsed 1606.0s
step   795000 | reward(last100)  0.2122 | eps 0.050 | elapsed 1618.5s
step   800000 | reward(last100)  0.1181 | eps 0.050 | elapsed 1631.1s
step   805000 | reward(last100)  0.1482 | eps 0.050 | elapsed 1645.2s
step   810000 | reward(last100)  0.1039 | eps 0.050 | elapsed 1657.5s
step   815000 | reward(last100)  0.2438 | eps 0.050 | elapsed 1670.1s
step   820000 | reward(last100)  0.1721 | eps 0.050 | elapsed 1682.2s
step   825000 | reward(last100)  0.2192 | eps 0.050 | elapsed 1693.6s
step   830000 | reward(last100)  0.2428 | eps 0.050 | elapsed 1706.2s
step   835000 | reward(last100)  0.2438 | eps 0.050 | elapsed 1718.9s
step   840000 | reward(last100)  0.2172 | eps 0.050 | elapsed 1732.2s
step   845000 | reward(last100)  0.2827 | eps 0.050 | elapsed 1745.6s
step   850000 | reward(last100)  0.1609 | eps 0.050 | elapsed 1759.0s
step   855000 | reward(last100)  0.4077 | eps 0.050 | elapsed 1768.6s
step   860000 | reward(last100)  0.2158 | eps 0.050 | elapsed 1777.9s
step   865000 | reward(last100)  0.2964 | eps 0.050 | elapsed 1787.3s
step   870000 | reward(last100)  0.1495 | eps 0.050 | elapsed 1796.6s
step   875000 | reward(last100)  0.1584 | eps 0.050 | elapsed 1805.9s
step   880000 | reward(last100)  0.1265 | eps 0.050 | elapsed 1815.2s
step   885000 | reward(last100)  0.1653 | eps 0.050 | elapsed 1824.5s
step   890000 | reward(last100)  0.0387 | eps 0.050 | elapsed 1833.8s
step   895000 | reward(last100)  0.1396 | eps 0.050 | elapsed 1843.7s
step   900000 | reward(last100)  0.4009 | eps 0.050 | elapsed 1854.5s
step   905000 | reward(last100)  0.2134 | eps 0.050 | elapsed 1864.1s
step   910000 | reward(last100)  0.3004 | eps 0.050 | elapsed 1873.4s
step   915000 | reward(last100)  0.0754 | eps 0.050 | elapsed 1882.7s
step   920000 | reward(last100)  0.2648 | eps 0.050 | elapsed 1892.0s
step   925000 | reward(last100)  0.4205 | eps 0.050 | elapsed 1901.2s
step   930000 | reward(last100)  0.0115 | eps 0.050 | elapsed 1910.4s
step   935000 | reward(last100)  0.3775 | eps 0.050 | elapsed 1919.6s
step   940000 | reward(last100)  0.2858 | eps 0.050 | elapsed 1928.9s
step   945000 | reward(last100)  0.1345 | eps 0.050 | elapsed 1938.1s
step   950000 | reward(last100)  0.1888 | eps 0.050 | elapsed 1947.4s
step   955000 | reward(last100)  0.1485 | eps 0.050 | elapsed 1957.5s
step   960000 | reward(last100)  0.2510 | eps 0.050 | elapsed 1966.8s
step   965000 | reward(last100)  0.1548 | eps 0.050 | elapsed 1976.3s
step   970000 | reward(last100)  0.1460 | eps 0.050 | elapsed 1985.7s
step   975000 | reward(last100)  0.2290 | eps 0.050 | elapsed 1995.4s
step   980000 | reward(last100)  0.2794 | eps 0.050 | elapsed 2006.2s
step   985000 | reward(last100)  0.4260 | eps 0.050 | elapsed 2018.8s
step   990000 | reward(last100)  0.2696 | eps 0.050 | elapsed 2031.8s
step   995000 | reward(last100)  0.2799 | eps 0.050 | elapsed 2044.7s
step  1000000 | reward(last100)  0.1801 | eps 0.050 | elapsed 2057.8s
step  1005000 | reward(last100)  0.1981 | eps 0.050 | elapsed 2067.5s
step  1010000 | reward(last100)  0.3171 | eps 0.050 | elapsed 2076.8s
step  1015000 | reward(last100)  0.1832 | eps 0.050 | elapsed 2086.1s
step  1020000 | reward(last100)  0.3035 | eps 0.050 | elapsed 2095.5s
step  1025000 | reward(last100)  0.1954 | eps 0.050 | elapsed 2105.6s
step  1030000 | reward(last100)  0.1768 | eps 0.050 | elapsed 2115.0s
step  1035000 | reward(last100)  0.2374 | eps 0.050 | elapsed 2124.4s
step  1040000 | reward(last100)  0.2335 | eps 0.050 | elapsed 2133.7s
step  1045000 | reward(last100)  0.2744 | eps 0.050 | elapsed 2143.4s
step  1050000 | reward(last100)  0.1753 | eps 0.050 | elapsed 2153.4s
step  1055000 | reward(last100)  0.1955 | eps 0.050 | elapsed 2164.8s
step  1060000 | reward(last100)  0.1690 | eps 0.050 | elapsed 2175.7s
step  1065000 | reward(last100)  0.0201 | eps 0.050 | elapsed 2186.3s
step  1070000 | reward(last100)  0.3437 | eps 0.050 | elapsed 2196.9s
step  1075000 | reward(last100)  0.3631 | eps 0.050 | elapsed 2207.4s
step  1080000 | reward(last100)  0.1218 | eps 0.050 | elapsed 2217.8s
step  1085000 | reward(last100)  0.0475 | eps 0.050 | elapsed 2227.3s
step  1090000 | reward(last100)  0.0010 | eps 0.050 | elapsed 2236.7s
step  1095000 | reward(last100)  0.1011 | eps 0.050 | elapsed 2249.0s
step  1100000 | reward(last100)  0.2150 | eps 0.050 | elapsed 2263.2s
step  1105000 | reward(last100)  0.1920 | eps 0.050 | elapsed 2273.7s
step  1110000 | reward(last100)  0.2006 | eps 0.050 | elapsed 2283.9s
step  1115000 | reward(last100)  0.0803 | eps 0.050 | elapsed 2293.8s
step  1120000 | reward(last100)  0.2404 | eps 0.050 | elapsed 2303.2s
step  1125000 | reward(last100)  0.1974 | eps 0.050 | elapsed 2312.7s
step  1130000 | reward(last100)  0.2576 | eps 0.050 | elapsed 2322.1s
step  1135000 | reward(last100)  0.0748 | eps 0.050 | elapsed 2331.5s
step  1140000 | reward(last100)  0.2050 | eps 0.050 | elapsed 2340.9s
step  1145000 | reward(last100)  0.3908 | eps 0.050 | elapsed 2350.3s
step  1150000 | reward(last100)  0.2367 | eps 0.050 | elapsed 2359.6s
step  1155000 | reward(last100)  0.2764 | eps 0.050 | elapsed 2369.5s
step  1160000 | reward(last100)  0.3156 | eps 0.050 | elapsed 2378.9s
step  1165000 | reward(last100)  0.4620 | eps 0.050 | elapsed 2389.1s
step  1170000 | reward(last100)  0.3102 | eps 0.050 | elapsed 2399.3s
step  1175000 | reward(last100)  0.3901 | eps 0.050 | elapsed 2409.5s
step  1180000 | reward(last100)  0.2857 | eps 0.050 | elapsed 2419.8s
step  1185000 | reward(last100)  0.2650 | eps 0.050 | elapsed 2430.0s
step  1190000 | reward(last100)  0.1892 | eps 0.050 | elapsed 2440.2s
step  1195000 | reward(last100)  0.3535 | eps 0.050 | elapsed 2450.4s
step  1200000 | reward(last100)  0.1851 | eps 0.050 | elapsed 2460.6s
step  1205000 | reward(last100)  0.2276 | eps 0.050 | elapsed 2474.1s
step  1210000 | reward(last100)  0.3346 | eps 0.050 | elapsed 2488.3s
step  1215000 | reward(last100)  0.1706 | eps 0.050 | elapsed 2502.4s
step  1220000 | reward(last100)  0.2620 | eps 0.050 | elapsed 2511.9s
step  1225000 | reward(last100)  0.2511 | eps 0.050 | elapsed 2521.2s
step  1230000 | reward(last100)  0.0185 | eps 0.050 | elapsed 2530.6s
step  1235000 | reward(last100)  0.1643 | eps 0.050 | elapsed 2539.9s
step  1240000 | reward(last100)  0.1802 | eps 0.050 | elapsed 2549.4s
step  1245000 | reward(last100)  0.2293 | eps 0.050 | elapsed 2558.8s
step  1250000 | reward(last100)  0.1899 | eps 0.050 | elapsed 2568.2s
step  1255000 | reward(last100)  0.1227 | eps 0.050 | elapsed 2579.0s
step  1260000 | reward(last100)  0.2465 | eps 0.050 | elapsed 2591.8s
step  1265000 | reward(last100)  0.1506 | eps 0.050 | elapsed 2604.9s
step  1270000 | reward(last100)  0.2682 | eps 0.050 | elapsed 2618.0s
step  1275000 | reward(last100)  0.0229 | eps 0.050 | elapsed 2629.3s
step  1280000 | reward(last100)  0.2471 | eps 0.050 | elapsed 2639.3s
step  1285000 | reward(last100)  0.3105 | eps 0.050 | elapsed 2649.7s
step  1290000 | reward(last100)  0.2332 | eps 0.050 | elapsed 2660.1s
step  1295000 | reward(last100)  0.1969 | eps 0.050 | elapsed 2671.2s
step  1300000 | reward(last100)  0.3149 | eps 0.050 | elapsed 2682.2s
step  1305000 | reward(last100)  0.2821 | eps 0.050 | elapsed 2695.9s
step  1310000 | reward(last100)  0.3357 | eps 0.050 | elapsed 2710.0s
step  1315000 | reward(last100)  0.1527 | eps 0.050 | elapsed 2723.9s
step  1320000 | reward(last100)  0.1714 | eps 0.050 | elapsed 2737.7s
step  1325000 | reward(last100)  0.3378 | eps 0.050 | elapsed 2750.7s
step  1330000 | reward(last100)  0.3580 | eps 0.050 | elapsed 2761.1s
step  1335000 | reward(last100)  0.3033 | eps 0.050 | elapsed 2771.5s
step  1340000 | reward(last100)  0.3231 | eps 0.050 | elapsed 2781.0s
step  1345000 | reward(last100)  0.1698 | eps 0.050 | elapsed 2790.6s
step  1350000 | reward(last100)  0.1548 | eps 0.050 | elapsed 2800.1s
step  1355000 | reward(last100)  0.2466 | eps 0.050 | elapsed 2810.2s
step  1360000 | reward(last100)  0.2137 | eps 0.050 | elapsed 2819.7s
step  1365000 | reward(last100)  0.3115 | eps 0.050 | elapsed 2829.3s
step  1370000 | reward(last100)  0.3510 | eps 0.050 | elapsed 2838.9s
step  1375000 | reward(last100)  0.2123 | eps 0.050 | elapsed 2848.4s
step  1380000 | reward(last100)  0.2807 | eps 0.050 | elapsed 2857.9s
step  1385000 | reward(last100)  0.2754 | eps 0.050 | elapsed 2867.4s
step  1390000 | reward(last100)  0.2995 | eps 0.050 | elapsed 2876.9s
step  1395000 | reward(last100)  0.2143 | eps 0.050 | elapsed 2886.4s
step  1400000 | reward(last100)  0.1399 | eps 0.050 | elapsed 2896.0s
step  1405000 | reward(last100)  0.1626 | eps 0.050 | elapsed 2907.1s
step  1410000 | reward(last100)  0.2070 | eps 0.050 | elapsed 2917.5s
step  1415000 | reward(last100)  0.1749 | eps 0.050 | elapsed 2927.7s
step  1420000 | reward(last100)  0.2581 | eps 0.050 | elapsed 2938.1s
step  1425000 | reward(last100)  0.2976 | eps 0.050 | elapsed 2948.4s
step  1430000 | reward(last100)  0.1573 | eps 0.050 | elapsed 2958.8s
step  1435000 | reward(last100)  0.2913 | eps 0.050 | elapsed 2969.2s
step  1440000 | reward(last100)  0.2491 | eps 0.050 | elapsed 2979.9s
step  1445000 | reward(last100)  0.2672 | eps 0.050 | elapsed 2990.6s
step  1450000 | reward(last100)  0.2244 | eps 0.050 | elapsed 3001.3s
step  1455000 | reward(last100)  0.3577 | eps 0.050 | elapsed 3013.0s
step  1460000 | reward(last100)  0.2819 | eps 0.050 | elapsed 3024.0s
step  1465000 | reward(last100)  0.1735 | eps 0.050 | elapsed 3034.4s
step  1470000 | reward(last100)  0.2345 | eps 0.050 | elapsed 3044.8s
step  1475000 | reward(last100)  0.1341 | eps 0.050 | elapsed 3055.2s
step  1480000 | reward(last100)  0.2917 | eps 0.050 | elapsed 3065.3s
step  1485000 | reward(last100)  0.4310 | eps 0.050 | elapsed 3074.7s
step  1490000 | reward(last100)  0.0623 | eps 0.050 | elapsed 3084.2s
step  1495000 | reward(last100)  0.1251 | eps 0.050 | elapsed 3093.8s
step  1500000 | reward(last100)  0.1835 | eps 0.050 | elapsed 3103.2s
step  1505000 | reward(last100)  0.2594 | eps 0.050 | elapsed 3113.1s
step  1510000 | reward(last100)  0.2387 | eps 0.050 | elapsed 3122.6s
step  1515000 | reward(last100)  0.2014 | eps 0.050 | elapsed 3132.1s
step  1520000 | reward(last100)  0.1087 | eps 0.050 | elapsed 3143.2s
step  1525000 | reward(last100)  0.1396 | eps 0.050 | elapsed 3156.4s
step  1530000 | reward(last100)  0.3303 | eps 0.050 | elapsed 3169.6s
step  1535000 | reward(last100)  0.3365 | eps 0.050 | elapsed 3182.9s
step  1540000 | reward(last100)  0.2874 | eps 0.050 | elapsed 3196.1s
step  1545000 | reward(last100)  0.3497 | eps 0.050 | elapsed 3209.3s
step  1550000 | reward(last100)  0.2918 | eps 0.050 | elapsed 3221.0s
step  1555000 | reward(last100)  0.2876 | eps 0.050 | elapsed 3231.0s
step  1560000 | reward(last100)  0.3639 | eps 0.050 | elapsed 3240.5s
step  1565000 | reward(last100)  0.2384 | eps 0.050 | elapsed 3250.0s
step  1570000 | reward(last100)  0.2168 | eps 0.050 | elapsed 3259.5s
step  1575000 | reward(last100)  0.3576 | eps 0.050 | elapsed 3269.1s
step  1580000 | reward(last100)  0.2991 | eps 0.050 | elapsed 3278.8s
step  1585000 | reward(last100)  0.4176 | eps 0.050 | elapsed 3288.8s
step  1590000 | reward(last100)  0.1131 | eps 0.050 | elapsed 3299.3s
step  1595000 | reward(last100)  0.0440 | eps 0.050 | elapsed 3309.7s
step  1600000 | reward(last100)  0.1542 | eps 0.050 | elapsed 3320.1s
step  1605000 | reward(last100)  0.3334 | eps 0.050 | elapsed 3333.2s
step  1610000 | reward(last100)  0.1787 | eps 0.050 | elapsed 3346.0s
step  1615000 | reward(last100)  0.3580 | eps 0.050 | elapsed 3359.2s
step  1620000 | reward(last100)  0.1420 | eps 0.050 | elapsed 3372.4s
step  1625000 | reward(last100)  0.3738 | eps 0.050 | elapsed 3385.5s
step  1630000 | reward(last100)  0.0742 | eps 0.050 | elapsed 3398.3s
step  1635000 | reward(last100)  0.2197 | eps 0.050 | elapsed 3408.4s
step  1640000 | reward(last100)  0.2881 | eps 0.050 | elapsed 3418.0s
step  1645000 | reward(last100)  0.3977 | eps 0.050 | elapsed 3428.3s
step  1650000 | reward(last100)  0.2970 | eps 0.050 | elapsed 3438.8s
step  1655000 | reward(last100)  0.1450 | eps 0.050 | elapsed 3449.5s
step  1660000 | reward(last100)  0.3104 | eps 0.050 | elapsed 3459.9s
step  1665000 | reward(last100)  0.3556 | eps 0.050 | elapsed 3470.2s
step  1670000 | reward(last100)  0.3495 | eps 0.050 | elapsed 3480.6s
step  1675000 | reward(last100)  0.2327 | eps 0.050 | elapsed 3491.4s
step  1680000 | reward(last100)  0.1302 | eps 0.050 | elapsed 3501.7s
step  1685000 | reward(last100)  0.2867 | eps 0.050 | elapsed 3511.3s
step  1690000 | reward(last100)  0.3619 | eps 0.050 | elapsed 3520.9s
step  1695000 | reward(last100)  0.1759 | eps 0.050 | elapsed 3530.4s
step  1700000 | reward(last100)  0.3770 | eps 0.050 | elapsed 3540.0s
step  1705000 | reward(last100)  0.3644 | eps 0.050 | elapsed 3552.6s
step  1710000 | reward(last100)  0.2668 | eps 0.050 | elapsed 3565.5s
step  1715000 | reward(last100)  0.2779 | eps 0.050 | elapsed 3576.6s
step  1720000 | reward(last100)  0.3507 | eps 0.050 | elapsed 3588.1s
step  1725000 | reward(last100)  0.0640 | eps 0.050 | elapsed 3598.5s
step  1730000 | reward(last100)  0.2712 | eps 0.050 | elapsed 3608.1s
step  1735000 | reward(last100)  0.1912 | eps 0.050 | elapsed 3617.7s
step  1740000 | reward(last100)  0.3021 | eps 0.050 | elapsed 3628.1s
step  1745000 | reward(last100)  0.1791 | eps 0.050 | elapsed 3638.9s
step  1750000 | reward(last100)  0.2925 | eps 0.050 | elapsed 3650.0s
step  1755000 | reward(last100)  0.2446 | eps 0.050 | elapsed 3661.2s
step  1760000 | reward(last100)  0.0239 | eps 0.050 | elapsed 3672.3s
step  1765000 | reward(last100)  0.2751 | eps 0.050 | elapsed 3683.4s
step  1770000 | reward(last100)  0.2863 | eps 0.050 | elapsed 3694.6s
step  1775000 | reward(last100)  0.3291 | eps 0.050 | elapsed 3705.7s
step  1780000 | reward(last100)  0.2011 | eps 0.050 | elapsed 3716.4s
step  1785000 | reward(last100)  0.2754 | eps 0.050 | elapsed 3726.9s
step  1790000 | reward(last100)  0.1450 | eps 0.050 | elapsed 3737.2s
step  1795000 | reward(last100)  0.2985 | eps 0.050 | elapsed 3747.6s
step  1800000 | reward(last100)  0.1700 | eps 0.050 | elapsed 3758.0s
step  1805000 | reward(last100)  0.3210 | eps 0.050 | elapsed 3768.8s
step  1810000 | reward(last100)  0.3963 | eps 0.050 | elapsed 3779.2s
step  1815000 | reward(last100)  0.2107 | eps 0.050 | elapsed 3789.6s
step  1820000 | reward(last100)  0.2195 | eps 0.050 | elapsed 3800.0s
step  1825000 | reward(last100)  0.2581 | eps 0.050 | elapsed 3810.4s
step  1830000 | reward(last100)  0.3067 | eps 0.050 | elapsed 3821.3s
step  1835000 | reward(last100)  0.0419 | eps 0.050 | elapsed 3831.7s
step  1840000 | reward(last100)  0.1439 | eps 0.050 | elapsed 3842.2s
step  1845000 | reward(last100)  0.2466 | eps 0.050 | elapsed 3852.8s
step  1850000 | reward(last100)  0.4002 | eps 0.050 | elapsed 3863.3s
step  1855000 | reward(last100)  0.1166 | eps 0.050 | elapsed 3874.2s
step  1860000 | reward(last100)  0.3013 | eps 0.050 | elapsed 3884.6s
step  1865000 | reward(last100)  0.1255 | eps 0.050 | elapsed 3895.1s
step  1870000 | reward(last100)  0.2373 | eps 0.050 | elapsed 3905.7s
step  1875000 | reward(last100)  0.2994 | eps 0.050 | elapsed 3916.5s
step  1880000 | reward(last100)  0.0308 | eps 0.050 | elapsed 3927.3s
step  1885000 | reward(last100)  0.1472 | eps 0.050 | elapsed 3937.8s
step  1890000 | reward(last100)  0.2982 | eps 0.050 | elapsed 3948.9s
step  1895000 | reward(last100)  0.1461 | eps 0.050 | elapsed 3961.2s
step  1900000 | reward(last100)  0.1827 | eps 0.050 | elapsed 3973.9s
step  1905000 | reward(last100)  0.2441 | eps 0.050 | elapsed 3986.1s
step  1910000 | reward(last100)  0.0503 | eps 0.050 | elapsed 3997.8s
step  1915000 | reward(last100)  0.1857 | eps 0.050 | elapsed 4009.5s
step  1920000 | reward(last100)  0.4223 | eps 0.050 | elapsed 4021.2s
step  1925000 | reward(last100)  0.3043 | eps 0.050 | elapsed 4032.8s
step  1930000 | reward(last100)  0.1263 | eps 0.050 | elapsed 4044.0s
step  1935000 | reward(last100)  0.2595 | eps 0.050 | elapsed 4055.2s
step  1940000 | reward(last100)  0.3564 | eps 0.050 | elapsed 4066.4s
step  1945000 | reward(last100)  0.2977 | eps 0.050 | elapsed 4077.3s
step  1950000 | reward(last100)  0.0419 | eps 0.050 | elapsed 4087.9s
step  1955000 | reward(last100)  0.2074 | eps 0.050 | elapsed 4098.7s
step  1960000 | reward(last100)  0.2394 | eps 0.050 | elapsed 4109.0s
step  1965000 | reward(last100)  0.3530 | eps 0.050 | elapsed 4119.4s
step  1970000 | reward(last100)  0.1416 | eps 0.050 | elapsed 4129.5s
step  1975000 | reward(last100)  0.3224 | eps 0.050 | elapsed 4139.1s
step  1980000 | reward(last100)  0.3228 | eps 0.050 | elapsed 4148.7s
step  1985000 | reward(last100)  0.0728 | eps 0.050 | elapsed 4158.3s
step  1990000 | reward(last100)  0.0956 | eps 0.050 | elapsed 4169.0s
step  1995000 | reward(last100)  0.2659 | eps 0.050 | elapsed 4179.9s
step  2000000 | reward(last100)  0.3088 | eps 0.050 | elapsed 4190.1s
step  2005000 | reward(last100)  0.3400 | eps 0.050 | elapsed 4200.3s
step  2010000 | reward(last100)  0.3525 | eps 0.050 | elapsed 4209.9s
step  2015000 | reward(last100)  0.0631 | eps 0.050 | elapsed 4219.6s
step  2020000 | reward(last100)  0.2502 | eps 0.050 | elapsed 4229.3s
step  2025000 | reward(last100)  0.2266 | eps 0.050 | elapsed 4241.8s
step  2030000 | reward(last100)  0.3871 | eps 0.050 | elapsed 4254.7s
step  2035000 | reward(last100)  0.3100 | eps 0.050 | elapsed 4267.6s
step  2040000 | reward(last100)  0.3593 | eps 0.050 | elapsed 4280.6s
step  2045000 | reward(last100)  0.3298 | eps 0.050 | elapsed 4290.8s
step  2050000 | reward(last100)  0.1115 | eps 0.050 | elapsed 4300.4s
step  2055000 | reward(last100)  0.3723 | eps 0.050 | elapsed 4310.3s
step  2060000 | reward(last100)  0.2693 | eps 0.050 | elapsed 4319.9s
step  2065000 | reward(last100)  0.2911 | eps 0.050 | elapsed 4329.5s
step  2070000 | reward(last100)  0.0466 | eps 0.050 | elapsed 4339.1s
step  2075000 | reward(last100)  0.1837 | eps 0.050 | elapsed 4349.0s
step  2080000 | reward(last100)  0.2299 | eps 0.050 | elapsed 4359.4s
step  2085000 | reward(last100)  0.1758 | eps 0.050 | elapsed 4370.0s
step  2090000 | reward(last100)  0.3223 | eps 0.050 | elapsed 4380.2s
step  2095000 | reward(last100)  0.2920 | eps 0.050 | elapsed 4390.7s
step  2100000 | reward(last100)  0.2604 | eps 0.050 | elapsed 4401.2s
step  2105000 | reward(last100)  0.3107 | eps 0.050 | elapsed 4413.0s
step  2110000 | reward(last100)  0.2568 | eps 0.050 | elapsed 4426.0s
step  2115000 | reward(last100)  0.2394 | eps 0.050 | elapsed 4438.7s
step  2120000 | reward(last100)  0.2283 | eps 0.050 | elapsed 4451.3s
step  2125000 | reward(last100)  0.0094 | eps 0.050 | elapsed 4463.9s
step  2130000 | reward(last100)  0.1668 | eps 0.050 | elapsed 4476.5s
step  2135000 | reward(last100)  0.4044 | eps 0.050 | elapsed 4486.7s
step  2140000 | reward(last100)  0.2856 | eps 0.050 | elapsed 4497.1s
step  2145000 | reward(last100)  0.1448 | eps 0.050 | elapsed 4507.5s
step  2150000 | reward(last100)  0.0568 | eps 0.050 | elapsed 4517.9s
step  2155000 | reward(last100)  0.2113 | eps 0.050 | elapsed 4528.4s
step  2160000 | reward(last100)  0.1607 | eps 0.050 | elapsed 4538.7s
step  2165000 | reward(last100)  0.2970 | eps 0.050 | elapsed 4551.3s
step  2170000 | reward(last100)  0.2840 | eps 0.050 | elapsed 4561.9s
step  2175000 | reward(last100)  0.3579 | eps 0.050 | elapsed 4572.8s
step  2180000 | reward(last100)  0.2283 | eps 0.050 | elapsed 4584.1s
step  2185000 | reward(last100)  0.0613 | eps 0.050 | elapsed 4594.9s
step  2190000 | reward(last100)  0.2610 | eps 0.050 | elapsed 4605.8s
step  2195000 | reward(last100)  0.2944 | eps 0.050 | elapsed 4616.5s
step  2200000 | reward(last100)  0.2271 | eps 0.050 | elapsed 4627.3s
step  2205000 | reward(last100)  0.1771 | eps 0.050 | elapsed 4638.4s
step  2210000 | reward(last100)  0.1650 | eps 0.050 | elapsed 4649.2s
step  2215000 | reward(last100)  0.1105 | eps 0.050 | elapsed 4660.0s
step  2220000 | reward(last100)  0.2573 | eps 0.050 | elapsed 4671.3s
step  2225000 | reward(last100)  0.2544 | eps 0.050 | elapsed 4682.7s
step  2230000 | reward(last100)  0.1901 | eps 0.050 | elapsed 4694.1s
step  2235000 | reward(last100)  0.1810 | eps 0.050 | elapsed 4704.0s
step  2240000 | reward(last100)  0.2106 | eps 0.050 | elapsed 4713.6s
step  2245000 | reward(last100)  0.3033 | eps 0.050 | elapsed 4723.2s
step  2250000 | reward(last100)  0.3452 | eps 0.050 | elapsed 4732.8s
step  2255000 | reward(last100)  0.2794 | eps 0.050 | elapsed 4742.8s
step  2260000 | reward(last100)  0.2138 | eps 0.050 | elapsed 4753.4s
step  2265000 | reward(last100)  0.1551 | eps 0.050 | elapsed 4765.9s
step  2270000 | reward(last100)  0.2643 | eps 0.050 | elapsed 4778.5s
step  2275000 | reward(last100)  0.0381 | eps 0.050 | elapsed 4791.1s
step  2280000 | reward(last100)  0.3377 | eps 0.050 | elapsed 4803.7s
step  2285000 | reward(last100)  0.2029 | eps 0.050 | elapsed 4816.3s
step  2290000 | reward(last100)  0.2898 | eps 0.050 | elapsed 4827.8s
step  2295000 | reward(last100)  0.1723 | eps 0.050 | elapsed 4837.5s
step  2300000 | reward(last100)  0.1683 | eps 0.050 | elapsed 4847.1s
step  2305000 | reward(last100)  0.1848 | eps 0.050 | elapsed 4857.1s
step  2310000 | reward(last100)  0.2984 | eps 0.050 | elapsed 4867.0s
step  2315000 | reward(last100)  0.2428 | eps 0.050 | elapsed 4877.3s
step  2320000 | reward(last100)  0.1799 | eps 0.050 | elapsed 4887.6s
step  2325000 | reward(last100)  0.0864 | eps 0.050 | elapsed 4898.2s
step  2330000 | reward(last100)  0.3355 | eps 0.050 | elapsed 4909.0s
step  2335000 | reward(last100)  0.2399 | eps 0.050 | elapsed 4919.4s
step  2340000 | reward(last100)  0.0307 | eps 0.050 | elapsed 4929.1s
step  2345000 | reward(last100)  0.1861 | eps 0.050 | elapsed 4938.7s
step  2350000 | reward(last100)  0.2149 | eps 0.050 | elapsed 4948.4s
step  2355000 | reward(last100)  0.3737 | eps 0.050 | elapsed 4959.9s
step  2360000 | reward(last100)  0.1904 | eps 0.050 | elapsed 4970.7s
step  2365000 | reward(last100)  0.1327 | eps 0.050 | elapsed 4981.6s
step  2370000 | reward(last100)  0.4058 | eps 0.050 | elapsed 4992.6s
step  2375000 | reward(last100)  0.1472 | eps 0.050 | elapsed 5003.9s
step  2380000 | reward(last100)  0.3631 | eps 0.050 | elapsed 5013.8s
step  2385000 | reward(last100)  0.3522 | eps 0.050 | elapsed 5023.4s
step  2390000 | reward(last100)  0.3118 | eps 0.050 | elapsed 5033.1s
step  2395000 | reward(last100)  0.2119 | eps 0.050 | elapsed 5042.6s
step  2400000 | reward(last100)  0.3636 | eps 0.050 | elapsed 5052.2s
step  2405000 | reward(last100)  0.3266 | eps 0.050 | elapsed 5062.2s
step  2410000 | reward(last100)  0.2568 | eps 0.050 | elapsed 5071.8s
step  2415000 | reward(last100)  0.2451 | eps 0.050 | elapsed 5082.4s
step  2420000 | reward(last100)  0.4226 | eps 0.050 | elapsed 5093.2s
step  2425000 | reward(last100)  0.3336 | eps 0.050 | elapsed 5104.3s
step  2430000 | reward(last100)  0.4806 | eps 0.050 | elapsed 5114.1s
step  2435000 | reward(last100)  0.3102 | eps 0.050 | elapsed 5123.7s
step  2440000 | reward(last100)  0.2234 | eps 0.050 | elapsed 5133.3s
step  2445000 | reward(last100)  0.3953 | eps 0.050 | elapsed 5142.8s
step  2450000 | reward(last100)  0.2699 | eps 0.050 | elapsed 5152.8s
step  2455000 | reward(last100)  0.2203 | eps 0.050 | elapsed 5163.7s
step  2460000 | reward(last100)  0.2795 | eps 0.050 | elapsed 5174.5s
step  2465000 | reward(last100)  0.2868 | eps 0.050 | elapsed 5185.3s
step  2470000 | reward(last100)  0.3767 | eps 0.050 | elapsed 5195.3s
step  2475000 | reward(last100)  0.3812 | eps 0.050 | elapsed 5204.9s
step  2480000 | reward(last100)  0.2874 | eps 0.050 | elapsed 5214.6s
step  2485000 | reward(last100)  0.2355 | eps 0.050 | elapsed 5224.2s
step  2490000 | reward(last100)  0.3516 | eps 0.050 | elapsed 5233.9s
step  2495000 | reward(last100)  0.2736 | eps 0.050 | elapsed 5243.5s
step  2500000 | reward(last100)  0.1270 | eps 0.050 | elapsed 5253.1s
step  2505000 | reward(last100)  0.2861 | eps 0.050 | elapsed 5263.0s
step  2510000 | reward(last100)  0.2776 | eps 0.050 | elapsed 5272.7s
step  2515000 | reward(last100)  0.3141 | eps 0.050 | elapsed 5282.3s
step  2520000 | reward(last100)  0.0643 | eps 0.050 | elapsed 5291.9s
step  2525000 | reward(last100)  0.2666 | eps 0.050 | elapsed 5301.5s
step  2530000 | reward(last100)  0.4002 | eps 0.050 | elapsed 5311.2s
step  2535000 | reward(last100)  0.3475 | eps 0.050 | elapsed 5320.8s
step  2540000 | reward(last100)  0.1643 | eps 0.050 | elapsed 5330.5s
step  2545000 | reward(last100)  0.2219 | eps 0.050 | elapsed 5340.1s
step  2550000 | reward(last100)  0.3057 | eps 0.050 | elapsed 5349.8s
step  2555000 | reward(last100)  0.3500 | eps 0.050 | elapsed 5360.1s
step  2560000 | reward(last100)  0.3134 | eps 0.050 | elapsed 5369.8s
step  2565000 | reward(last100)  0.3744 | eps 0.050 | elapsed 5379.5s
step  2570000 | reward(last100)  0.2756 | eps 0.050 | elapsed 5390.8s
step  2575000 | reward(last100)  0.2270 | eps 0.050 | elapsed 5402.2s
step  2580000 | reward(last100)  0.0818 | eps 0.050 | elapsed 5413.1s
step  2585000 | reward(last100)  0.2045 | eps 0.050 | elapsed 5424.0s
step  2590000 | reward(last100)  0.2549 | eps 0.050 | elapsed 5433.9s
step  2595000 | reward(last100)  0.3189 | eps 0.050 | elapsed 5443.7s
step  2600000 | reward(last100)  0.4581 | eps 0.050 | elapsed 5454.1s
step  2605000 | reward(last100)  0.1424 | eps 0.050 | elapsed 5465.0s
step  2610000 | reward(last100)  0.3493 | eps 0.050 | elapsed 5475.4s
step  2615000 | reward(last100)  0.3854 | eps 0.050 | elapsed 5487.8s
step  2620000 | reward(last100)  0.2816 | eps 0.050 | elapsed 5499.4s
step  2625000 | reward(last100)  0.3678 | eps 0.050 | elapsed 5510.5s
step  2630000 | reward(last100)  0.1719 | eps 0.050 | elapsed 5521.9s
step  2635000 | reward(last100)  0.3381 | eps 0.050 | elapsed 5535.1s
step  2640000 | reward(last100)  0.2412 | eps 0.050 | elapsed 5548.2s
step  2645000 | reward(last100)  0.2788 | eps 0.050 | elapsed 5561.3s
step  2650000 | reward(last100)  0.2926 | eps 0.050 | elapsed 5572.4s
step  2655000 | reward(last100)  0.4307 | eps 0.050 | elapsed 5582.5s
step  2660000 | reward(last100)  0.3527 | eps 0.050 | elapsed 5592.3s
step  2665000 | reward(last100)  0.3653 | eps 0.050 | elapsed 5602.0s
step  2670000 | reward(last100)  0.4072 | eps 0.050 | elapsed 5611.8s
step  2675000 | reward(last100)  0.2798 | eps 0.050 | elapsed 5621.5s
step  2680000 | reward(last100)  0.1925 | eps 0.050 | elapsed 5631.2s
step  2685000 | reward(last100)  0.2113 | eps 0.050 | elapsed 5644.7s
step  2690000 | reward(last100)  0.2101 | eps 0.050 | elapsed 5658.5s
step  2695000 | reward(last100)  0.3426 | eps 0.050 | elapsed 5672.2s
step  2700000 | reward(last100)  0.2654 | eps 0.050 | elapsed 5686.0s
step  2705000 | reward(last100)  0.2764 | eps 0.050 | elapsed 5696.0s
step  2710000 | reward(last100)  0.3896 | eps 0.050 | elapsed 5705.8s
step  2715000 | reward(last100)  0.0957 | eps 0.050 | elapsed 5715.5s
step  2720000 | reward(last100)  0.1463 | eps 0.050 | elapsed 5725.3s
step  2725000 | reward(last100)  0.4697 | eps 0.050 | elapsed 5735.0s
step  2730000 | reward(last100)  0.2130 | eps 0.050 | elapsed 5747.3s
step  2735000 | reward(last100)  0.3272 | eps 0.050 | elapsed 5760.4s
step  2740000 | reward(last100)  0.3479 | eps 0.050 | elapsed 5772.0s
step  2745000 | reward(last100)  0.3563 | eps 0.050 | elapsed 5783.2s
step  2750000 | reward(last100)  0.3166 | eps 0.050 | elapsed 5794.4s
step  2755000 | reward(last100)  0.0493 | eps 0.050 | elapsed 5805.8s
step  2760000 | reward(last100)  0.2556 | eps 0.050 | elapsed 5815.5s
step  2765000 | reward(last100)  0.0890 | eps 0.050 | elapsed 5825.1s
step  2770000 | reward(last100)  0.3411 | eps 0.050 | elapsed 5834.8s
step  2775000 | reward(last100)  0.3889 | eps 0.050 | elapsed 5844.6s
step  2780000 | reward(last100)  0.3140 | eps 0.050 | elapsed 5854.3s
step  2785000 | reward(last100)  0.3164 | eps 0.050 | elapsed 5864.0s
step  2790000 | reward(last100)  0.3675 | eps 0.050 | elapsed 5873.8s
step  2795000 | reward(last100)  0.2550 | eps 0.050 | elapsed 5884.1s
step  2800000 | reward(last100)  0.3942 | eps 0.050 | elapsed 5895.1s
step  2805000 | reward(last100)  0.1424 | eps 0.050 | elapsed 5906.9s
step  2810000 | reward(last100)  0.2202 | eps 0.050 | elapsed 5918.5s
step  2815000 | reward(last100)  0.1911 | eps 0.050 | elapsed 5931.4s
step  2820000 | reward(last100)  0.3197 | eps 0.050 | elapsed 5945.7s
step  2825000 | reward(last100)  0.1273 | eps 0.050 | elapsed 5959.8s
step  2830000 | reward(last100)  0.2298 | eps 0.050 | elapsed 5973.6s
step  2835000 | reward(last100)  0.2562 | eps 0.050 | elapsed 5986.7s
step  2840000 | reward(last100)  0.2767 | eps 0.050 | elapsed 5998.0s
step  2845000 | reward(last100)  0.2154 | eps 0.050 | elapsed 6009.5s
step  2850000 | reward(last100)  0.0210 | eps 0.050 | elapsed 6021.1s
step  2855000 | reward(last100)  0.2590 | eps 0.050 | elapsed 6031.1s
step  2860000 | reward(last100)  0.3394 | eps 0.050 | elapsed 6040.8s
step  2865000 | reward(last100)  0.2460 | eps 0.050 | elapsed 6050.5s
step  2870000 | reward(last100)  0.3229 | eps 0.050 | elapsed 6060.2s
step  2875000 | reward(last100)  0.3109 | eps 0.050 | elapsed 6069.8s
step  2880000 | reward(last100)  0.1390 | eps 0.050 | elapsed 6080.2s
step  2885000 | reward(last100)  0.2178 | eps 0.050 | elapsed 6093.3s
step  2890000 | reward(last100)  0.2134 | eps 0.050 | elapsed 6106.2s
step  2895000 | reward(last100)  0.2230 | eps 0.050 | elapsed 6119.2s
step  2900000 | reward(last100)  0.2872 | eps 0.050 | elapsed 6132.2s
step  2905000 | reward(last100)  0.1203 | eps 0.050 | elapsed 6145.1s
step  2910000 | reward(last100)  0.4664 | eps 0.050 | elapsed 6157.7s
step  2915000 | reward(last100)  0.3300 | eps 0.050 | elapsed 6170.3s
step  2920000 | reward(last100)  0.3224 | eps 0.050 | elapsed 6181.7s
step  2925000 | reward(last100)  0.2230 | eps 0.050 | elapsed 6192.2s
step  2930000 | reward(last100)  0.3462 | eps 0.050 | elapsed 6202.9s
step  2935000 | reward(last100)  0.3488 | eps 0.050 | elapsed 6214.0s
step  2940000 | reward(last100)  0.2777 | eps 0.050 | elapsed 6225.2s
step  2945000 | reward(last100)  0.1495 | eps 0.050 | elapsed 6236.3s
step  2950000 | reward(last100)  0.2735 | eps 0.050 | elapsed 6246.8s
step  2955000 | reward(last100)  0.2352 | eps 0.050 | elapsed 6256.7s
step  2960000 | reward(last100)  0.2643 | eps 0.050 | elapsed 6266.3s
step  2965000 | reward(last100)  0.2669 | eps 0.050 | elapsed 6276.0s
step  2970000 | reward(last100)  0.3963 | eps 0.050 | elapsed 6285.7s
step  2975000 | reward(last100)  0.3618 | eps 0.050 | elapsed 6295.4s
step  2980000 | reward(last100)  0.3442 | eps 0.050 | elapsed 6305.2s
step  2985000 | reward(last100)  0.2560 | eps 0.050 | elapsed 6314.9s
step  2990000 | reward(last100)  0.3286 | eps 0.050 | elapsed 6324.7s
step  2995000 | reward(last100)  0.1579 | eps 0.050 | elapsed 6334.4s
step  3000000 | reward(last100)  0.4184 | eps 0.050 | elapsed 6344.1s
