step     5000 | reward(last100)  0.0000 | sigma 0.0309 | elapsed    4.2s
step    10000 | reward(last100)  0.0000 | sigma 0.0309 | elapsed    8.4s
step    15000 | reward(last100)  0.0000 | sigma 0.0302 | elapsed   26.1s
step    20000 | reward(last100)  0.0089 | sigma 0.0287 | elapsed   46.3s
step    25000 | reward(last100)  0.0072 | sigma 0.0273 | elapsed   67.8s
step    30000 | reward(last100)  0.0060 | sigma 0.0265 | elapsed   89.2s
step    35000 | reward(last100)  0.0071 | sigma 0.0261 | elapsed  110.9s
step    40000 | reward(last100)  0.0069 | sigma 0.0259 | elapsed  129.0s
step    45000 | reward(last100)  0.0069 | sigma 0.0258 | elapsed  149.3s
step    50000 | reward(last100)  0.0069 | sigma 0.0257 | elapsed  166.8s
step    55000 | reward(last100)  0.0032 | sigma 0.0256 | elapsed  185.0s
step    60000 | reward(last100)  0.0057 | sigma 0.0255 | elapsed  204.0s
step    65000 | reward(last100)  0.0057 | sigma 0.0255 | elapsed  225.9s
step    70000 | reward(last100)  0.0038 | sigma 0.0254 | elapsed  246.9s
step    75000 | reward(last100)  0.0038 | sigma 0.0254 | elapsed  264.5s
step    80000 | reward(last100)  0.0038 | sigma 0.0253 | elapsed  285.9s
step    85000 | reward(last100)  0.0078 | sigma 0.0253 | elapsed  307.1s
step    90000 | reward(last100)  0.0065 | sigma 0.0252 | elapsed  325.5s
step    95000 | reward(last100)  0.0041 | sigma 0.0252 | elapsed  341.0s
step   100000 | reward(last100)  0.0041 | sigma 0.0252 | elapsed  357.6s
step   105000 | reward(last100)  0.0041 | sigma 0.0252 | elapsed  377.5s
step   110000 | reward(last100)  0.0041 | sigma 0.0251 | elapsed  393.9s
step   115000 | reward(last100)  0.0041 | sigma 0.0251 | elapsed  411.9s
step   120000 | reward(last100)  0.0000 | sigma 0.0251 | elapsed  435.6s
step   125000 | reward(last100)  0.0000 | sigma 0.0250 | elapsed  458.4s
step   130000 | reward(last100)  0.0000 | sigma 0.0250 | elapsed  480.8s
step   135000 | reward(last100)  0.0000 | sigma 0.0250 | elapsed  501.4s
step   140000 | reward(last100)  0.0000 | sigma 0.0250 | elapsed  521.9s
step   145000 | reward(last100)  0.0067 | sigma 0.0250 | elapsed  541.0s
step   150000 | reward(last100)  0.0067 | sigma 0.0249 | elapsed  563.0s
step   155000 | reward(last100)  0.0067 | sigma 0.0249 | elapsed  583.1s
step   160000 | reward(last100)  0.0079 | sigma 0.0249 | elapsed  605.2s
step   165000 | reward(last100)  0.0079 | sigma 0.0249 | elapsed  625.1s
step   170000 | reward(last100)  0.0137 | sigma 0.0249 | elapsed  647.9s
step   175000 | reward(last100)  0.0335 | sigma 0.0249 | elapsed  670.4s
step   180000 | reward(last100)  0.0386 | sigma 0.0249 | elapsed  692.7s
step   185000 | reward(last100)  0.0569 | sigma 0.0248 | elapsed  717.6s
step   190000 | reward(last100)  0.0744 | sigma 0.0248 | elapsed  743.0s
step   195000 | reward(last100)  0.0819 | sigma 0.0248 | elapsed  763.5s
step   200000 | reward(last100)  0.0819 | sigma 0.0247 | elapsed  781.8s
step   205000 | reward(last100)  0.0761 | sigma 0.0246 | elapsed  799.5s
step   210000 | reward(last100)  0.0563 | sigma 0.0244 | elapsed  813.6s
step   215000 | reward(last100)  0.0446 | sigma 0.0242 | elapsed  827.3s
step   220000 | reward(last100)  0.0263 | sigma 0.0240 | elapsed  841.5s
step   225000 | reward(last100)  0.0087 | sigma 0.0238 | elapsed  856.8s
step   230000 | reward(last100)  0.0087 | sigma 0.0236 | elapsed  870.8s
step   235000 | reward(last100)  0.0000 | sigma 0.0234 | elapsed  888.7s
step   240000 | reward(last100)  0.0000 | sigma 0.0233 | elapsed  907.6s
step   245000 | reward(last100)  0.0000 | sigma 0.0231 | elapsed  926.4s
step   250000 | reward(last100)  0.0000 | sigma 0.0230 | elapsed  945.1s
step   255000 | reward(last100)  0.0000 | sigma 0.0229 | elapsed  960.4s
step   260000 | reward(last100)  0.0000 | sigma 0.0228 | elapsed  976.8s
step   265000 | reward(last100)  0.0000 | sigma 0.0227 | elapsed  995.2s
step   270000 | reward(last100)  0.0000 | sigma 0.0227 | elapsed 1014.3s
step   275000 | reward(last100)  0.0000 | sigma 0.0227 | elapsed 1033.5s
step   280000 | reward(last100)  0.0000 | sigma 0.0227 | elapsed 1049.5s
step   285000 | reward(last100)  0.0000 | sigma 0.0226 | elapsed 1067.7s
step   290000 | reward(last100)  0.0000 | sigma 0.0226 | elapsed 1086.4s
step   295000 | reward(last100)  0.0000 | sigma 0.0225 | elapsed 1105.1s
step   300000 | reward(last100)  0.0000 | sigma 0.0225 | elapsed 1124.5s
step   305000 | reward(last100)  0.0000 | sigma 0.0225 | elapsed 1141.6s
step   310000 | reward(last100)  0.0000 | sigma 0.0225 | elapsed 1156.5s
step   315000 | reward(last100)  0.0000 | sigma 0.0225 | elapsed 1175.4s
step   320000 | reward(last100)  0.0000 | sigma 0.0225 | elapsed 1192.0s
step   325000 | reward(last100)  0.0000 | sigma 0.0224 | elapsed 1207.6s
step   330000 | reward(last100)  0.0000 | sigma 0.0224 | elapsed 1227.5s
step   335000 | reward(last100)  0.0000 | sigma 0.0224 | elapsed 1247.4s
step   340000 | reward(last100)  0.0000 | sigma 0.0224 | elapsed 1267.3s
step   345000 | reward(last100)  0.0000 | sigma 0.0224 | elapsed 1287.2s
step   350000 | reward(last100)  0.0000 | sigma 0.0224 | elapsed 1307.3s
step   355000 | reward(last100)  0.0000 | sigma 0.0224 | elapsed 1326.1s
step   360000 | reward(last100)  0.0000 | sigma 0.0224 | elapsed 1345.7s
step   365000 | reward(last100)  0.0000 | sigma 0.0224 | elapsed 1365.8s
step   370000 | reward(last100)  0.0000 | sigma 0.0224 | elapsed 1385.1s
step   375000 | reward(last100)  0.0000 | sigma 0.0224 | elapsed 1402.6s
step   380000 | reward(last100)  0.0000 | sigma 0.0224 | elapsed 1420.4s
step   385000 | reward(last100)  0.0000 | sigma 0.0224 | elapsed 1437.9s
step   390000 | reward(last100)  0.0000 | sigma 0.0224 | elapsed 1454.1s
step   395000 | reward(last100)  0.0000 | sigma 0.0223 | elapsed 1469.4s
step   400000 | reward(last100)  0.0000 | sigma 0.0223 | elapsed 1484.7s
step   405000 | reward(last100)  0.0000 | sigma 0.0224 | elapsed 1500.3s
step   410000 | reward(last100)  0.0000 | sigma 0.0224 | elapsed 1517.1s
step   415000 | reward(last100)  0.0000 | sigma 0.0224 | elapsed 1534.3s
step   420000 | reward(last100)  0.0000 | sigma 0.0223 | elapsed 1551.4s
step   425000 | reward(last100)  0.0000 | sigma 0.0223 | elapsed 1567.4s
step   430000 | reward(last100)  0.0000 | sigma 0.0224 | elapsed 1583.3s
step   435000 | reward(last100)  0.0000 | sigma 0.0223 | elapsed 1599.5s
step   440000 | reward(last100)  0.0000 | sigma 0.0223 | elapsed 1616.8s
step   445000 | reward(last100)  0.0000 | sigma 0.0223 | elapsed 1634.1s
step   450000 | reward(last100)  0.0000 | sigma 0.0223 | elapsed 1650.3s
step   455000 | reward(last100)  0.0000 | sigma 0.0223 | elapsed 1668.8s
step   460000 | reward(last100)  0.0000 | sigma 0.0223 | elapsed 1687.2s
step   465000 | reward(last100)  0.0000 | sigma 0.0223 | elapsed 1707.5s
step   470000 | reward(last100)  0.0000 | sigma 0.0223 | elapsed 1727.8s
step   475000 | reward(last100)  0.0000 | sigma 0.0223 | elapsed 1747.7s
step   480000 | reward(last100)  0.0000 | sigma 0.0223 | elapsed 1765.3s
step   485000 | reward(last100)  0.0000 | sigma 0.0223 | elapsed 1781.9s
step   490000 | reward(last100)  0.0000 | sigma 0.0223 | elapsed 1799.0s
step   495000 | reward(last100)  0.0000 | sigma 0.0223 | elapsed 1817.8s
step   500000 | reward(last100)  0.0000 | sigma 0.0222 | elapsed 1838.1s
step   505000 | reward(last100)  0.0000 | sigma 0.0223 | elapsed 1856.0s
step   510000 | reward(last100)  0.0000 | sigma 0.0222 | elapsed 1873.1s
step   515000 | reward(last100)  0.0000 | sigma 0.0222 | elapsed 1889.5s
step   520000 | reward(last100)  0.0000 | sigma 0.0222 | elapsed 1905.3s
step   525000 | reward(last100)  0.0000 | sigma 0.0222 | elapsed 1921.2s
step   530000 | reward(last100)  0.0000 | sigma 0.0222 | elapsed 1938.0s
step   535000 | reward(last100)  0.0000 | sigma 0.0222 | elapsed 1953.9s
step   540000 | reward(last100)  0.0000 | sigma 0.0222 | elapsed 1969.6s
step   545000 | reward(last100)  0.0000 | sigma 0.0222 | elapsed 1985.3s
step   550000 | reward(last100)  0.0000 | sigma 0.0222 | elapsed 2001.1s
step   555000 | reward(last100)  0.0000 | sigma 0.0222 | elapsed 2019.6s
step   560000 | reward(last100)  0.0000 | sigma 0.0222 | elapsed 2041.3s
step   565000 | reward(last100)  0.0000 | sigma 0.0221 | elapsed 2062.6s
step   570000 | reward(last100)  0.0000 | sigma 0.0222 | elapsed 2083.6s
step   575000 | reward(last100)  0.0000 | sigma 0.0222 | elapsed 2102.3s
step   580000 | reward(last100)  0.0000 | sigma 0.0221 | elapsed 2119.9s
step   585000 | reward(last100)  0.0000 | sigma 0.0221 | elapsed 2140.6s
step   590000 | reward(last100)  0.0000 | sigma 0.0221 | elapsed 2162.0s
step   595000 | reward(last100)  0.0000 | sigma 0.0221 | elapsed 2183.3s
step   600000 | reward(last100)  0.0000 | sigma 0.0221 | elapsed 2204.7s
step   605000 | reward(last100)  0.0000 | sigma 0.0221 | elapsed 2222.3s
step   610000 | reward(last100)  0.0000 | sigma 0.0221 | elapsed 2239.6s
step   615000 | reward(last100)  0.0000 | sigma 0.0221 | elapsed 2260.6s
step   620000 | reward(last100)  0.0000 | sigma 0.0221 | elapsed 2278.8s
step   625000 | reward(last100)  0.0000 | sigma 0.0221 | elapsed 2295.9s
step   630000 | reward(last100)  0.0000 | sigma 0.0221 | elapsed 2312.2s
step   635000 | reward(last100)  0.0000 | sigma 0.0221 | elapsed 2331.1s
step   640000 | reward(last100)  0.0000 | sigma 0.0221 | elapsed 2351.0s
step   645000 | reward(last100)  0.0000 | sigma 0.0220 | elapsed 2372.1s
step   650000 | reward(last100)  0.0000 | sigma 0.0221 | elapsed 2394.1s
step   655000 | reward(last100)  0.0000 | sigma 0.0220 | elapsed 2411.2s
step   660000 | reward(last100)  0.0000 | sigma 0.0220 | elapsed 2426.9s
step   665000 | reward(last100)  0.0000 | sigma 0.0220 | elapsed 2443.5s
step   670000 | reward(last100)  0.0000 | sigma 0.0220 | elapsed 2459.0s
step   675000 | reward(last100)  0.0000 | sigma 0.0220 | elapsed 2475.0s
step   680000 | reward(last100)  0.0000 | sigma 0.0220 | elapsed 2491.9s
step   685000 | reward(last100)  0.0000 | sigma 0.0220 | elapsed 2508.7s
step   690000 | reward(last100)  0.0000 | sigma 0.0220 | elapsed 2528.7s
step   695000 | reward(last100)  0.0000 | sigma 0.0220 | elapsed 2548.8s
step   700000 | reward(last100)  0.0000 | sigma 0.0220 | elapsed 2569.6s
step   705000 | reward(last100)  0.0000 | sigma 0.0220 | elapsed 2585.9s
step   710000 | reward(last100)  0.0000 | sigma 0.0220 | elapsed 2602.9s
step   715000 | reward(last100)  0.0000 | sigma 0.0220 | elapsed 2619.7s
step   720000 | reward(last100)  0.0000 | sigma 0.0220 | elapsed 2637.9s
step   725000 | reward(last100)  0.0000 | sigma 0.0220 | elapsed 2659.3s
step   730000 | reward(last100)  0.0000 | sigma 0.0220 | elapsed 2680.6s
step   735000 | reward(last100)  0.0000 | sigma 0.0220 | elapsed 2701.2s
step   740000 | reward(last100)  0.0000 | sigma 0.0220 | elapsed 2722.0s
step   745000 | reward(last100)  0.0000 | sigma 0.0220 | elapsed 2742.8s
step   750000 | reward(last100)  0.0000 | sigma 0.0220 | elapsed 2763.5s
step   755000 | reward(last100)  0.0000 | sigma 0.0220 | elapsed 2780.4s
step   760000 | reward(last100)  0.0000 | sigma 0.0220 | elapsed 2797.0s
step   765000 | reward(last100)  0.0000 | sigma 0.0220 | elapsed 2813.6s
step   770000 | reward(last100)  0.0000 | sigma 0.0220 | elapsed 2830.3s
step   775000 | reward(last100)  0.0000 | sigma 0.0220 | elapsed 2847.0s
step   780000 | reward(last100)  0.0000 | sigma 0.0220 | elapsed 2863.6s
step   785000 | reward(last100)  0.0000 | sigma 0.0220 | elapsed 2880.4s
step   790000 | reward(last100)  0.0000 | sigma 0.0220 | elapsed 2897.2s
step   795000 | reward(last100)  0.0000 | sigma 0.0220 | elapsed 2914.2s
step   800000 | reward(last100)  0.0000 | sigma 0.0220 | elapsed 2931.0s
step   805000 | reward(last100)  0.0000 | sigma 0.0220 | elapsed 2948.7s
step   810000 | reward(last100)  0.0000 | sigma 0.0220 | elapsed 2966.9s
step   815000 | reward(last100)  0.0000 | sigma 0.0220 | elapsed 2984.4s
step   820000 | reward(last100)  0.0000 | sigma 0.0220 | elapsed 3001.7s
step   825000 | reward(last100)  0.0000 | sigma 0.0220 | elapsed 3018.8s
step   830000 | reward(last100)  0.0000 | sigma 0.0220 | elapsed 3039.8s
step   835000 | reward(last100)  0.0000 | sigma 0.0220 | elapsed 3061.6s
step   840000 | reward(last100)  0.0000 | sigma 0.0220 | elapsed 3083.5s
step   845000 | reward(last100)  0.0000 | sigma 0.0220 | elapsed 3105.4s
step   850000 | reward(last100)  0.0000 | sigma 0.0220 | elapsed 3127.4s
step   855000 | reward(last100)  0.0000 | sigma 0.0220 | elapsed 3146.5s
step   860000 | reward(last100)  0.0000 | sigma 0.0220 | elapsed 3165.2s
step   865000 | reward(last100)  0.0000 | sigma 0.0220 | elapsed 3183.9s
step   870000 | reward(last100)  0.0000 | sigma 0.0220 | elapsed 3205.4s
step   875000 | reward(last100)  0.0000 | sigma 0.0220 | elapsed 3224.8s
step   880000 | reward(last100)  0.0000 | sigma 0.0220 | elapsed 3242.4s
step   885000 | reward(last100)  0.0000 | sigma 0.0220 | elapsed 3260.1s
step   890000 | reward(last100)  0.0000 | sigma 0.0220 | elapsed 3278.5s
step   895000 | reward(last100)  0.0000 | sigma 0.0220 | elapsed 3297.5s
step   900000 | reward(last100)  0.0000 | sigma 0.0220 | elapsed 3315.6s
step   905000 | reward(last100)  0.0000 | sigma 0.0220 | elapsed 3333.7s
step   910000 | reward(last100)  0.0000 | sigma 0.0220 | elapsed 3351.4s
step   915000 | reward(last100)  0.0000 | sigma 0.0220 | elapsed 3372.1s
step   920000 | reward(last100)  0.0000 | sigma 0.0220 | elapsed 3394.4s
step   925000 | reward(last100)  0.0000 | sigma 0.0220 | elapsed 3415.1s
step   930000 | reward(last100)  0.0000 | sigma 0.0220 | elapsed 3434.1s
step   935000 | reward(last100)  0.0000 | sigma 0.0220 | elapsed 3452.9s
step   940000 | reward(last100)  0.0000 | sigma 0.0220 | elapsed 3471.5s
step   945000 | reward(last100)  0.0000 | sigma 0.0220 | elapsed 3489.2s
step   950000 | reward(last100)  0.0000 | sigma 0.0220 | elapsed 3507.1s
step   955000 | reward(last100)  0.0000 | sigma 0.0220 | elapsed 3526.6s
step   960000 | reward(last100)  0.0000 | sigma 0.0220 | elapsed 3545.6s
step   965000 | reward(last100)  0.0000 | sigma 0.0220 | elapsed 3565.1s
step   970000 | reward(last100)  0.0000 | sigma 0.0220 | elapsed 3584.4s
step   975000 | reward(last100)  0.0000 | sigma 0.0220 | elapsed 3603.2s
step   980000 | reward(last100)  0.0000 | sigma 0.0220 | elapsed 3622.1s
step   985000 | reward(last100)  0.0000 | sigma 0.0220 | elapsed 3641.1s
step   990000 | reward(last100)  0.0000 | sigma 0.0220 | elapsed 3659.9s
step   995000 | reward(last100)  0.0000 | sigma 0.0220 | elapsed 3679.0s
step  1000000 | reward(last100)  0.0000 | sigma 0.0220 | elapsed 3698.4s
step  1005000 | reward(last100)  0.0000 | sigma 0.0220 | elapsed 3716.6s
step  1010000 | reward(last100)  0.0000 | sigma 0.0220 | elapsed 3735.2s
step  1015000 | reward(last100)  0.0000 | sigma 0.0220 | elapsed 3755.7s
step  1020000 | reward(last100)  0.0000 | sigma 0.0220 | elapsed 3778.0s
step  1025000 | reward(last100)  0.0000 | sigma 0.0220 | elapsed 3797.8s
step  1030000 | reward(last100)  0.0000 | sigma 0.0220 | elapsed 3815.6s
step  1035000 | reward(last100)  0.0000 | sigma 0.0220 | elapsed 3833.4s
step  1040000 | reward(last100)  0.0000 | sigma 0.0220 | elapsed 3851.4s
step  1045000 | reward(last100)  0.0000 | sigma 0.0220 | elapsed 3869.2s
step  1050000 | reward(last100)  0.0000 | sigma 0.0220 | elapsed 3887.0s
step  1055000 | reward(last100)  0.0000 | sigma 0.0220 | elapsed 3905.1s
step  1060000 | reward(last100)  0.0000 | sigma 0.0219 | elapsed 3923.1s
step  1065000 | reward(last100)  0.0000 | sigma 0.0220 | elapsed 3943.0s
step  1070000 | reward(last100)  0.0000 | sigma 0.0220 | elapsed 3964.2s
step  1075000 | reward(last100)  0.0000 | sigma 0.0220 | elapsed 3984.3s
step  1080000 | reward(last100)  0.0000 | sigma 0.0220 | elapsed 4004.7s
step  1085000 | reward(last100)  0.0000 | sigma 0.0220 | elapsed 4025.2s
step  1090000 | reward(last100)  0.0000 | sigma 0.0220 | elapsed 4047.3s
step  1095000 | reward(last100)  0.0000 | sigma 0.0220 | elapsed 4070.6s
step  1100000 | reward(last100)  0.0000 | sigma 0.0220 | elapsed 4093.1s
step  1105000 | reward(last100)  0.0000 | sigma 0.0220 | elapsed 4112.4s
step  1110000 | reward(last100)  0.0000 | sigma 0.0220 | elapsed 4131.4s
step  1115000 | reward(last100)  0.0000 | sigma 0.0220 | elapsed 4150.4s
step  1120000 | reward(last100)  0.0000 | sigma 0.0220 | elapsed 4168.3s
step  1125000 | reward(last100)  0.0000 | sigma 0.0220 | elapsed 4187.6s
step  1130000 | reward(last100)  0.0000 | sigma 0.0220 | elapsed 4206.8s
step  1135000 | reward(last100)  0.0000 | sigma 0.0220 | elapsed 4226.2s
step  1140000 | reward(last100)  0.0000 | sigma 0.0220 | elapsed 4245.5s
step  1145000 | reward(last100)  0.0000 | sigma 0.0220 | elapsed 4267.8s
step  1150000 | reward(last100)  0.0000 | sigma 0.0220 | elapsed 4290.5s
step  1155000 | reward(last100)  0.0000 | sigma 0.0220 | elapsed 4311.0s
step  1160000 | reward(last100)  0.0000 | sigma 0.0220 | elapsed 4331.2s
step  1165000 | reward(last100)  0.0000 | sigma 0.0220 | elapsed 4352.2s
step  1170000 | reward(last100)  0.0000 | sigma 0.0220 | elapsed 4373.4s
step  1175000 | reward(last100)  0.0000 | sigma 0.0220 | elapsed 4394.0s
step  1180000 | reward(last100)  0.0000 | sigma 0.0220 | elapsed 4416.4s
step  1185000 | reward(last100)  0.0000 | sigma 0.0220 | elapsed 4440.6s
step  1190000 | reward(last100)  0.0000 | sigma 0.0220 | elapsed 4464.7s
step  1195000 | reward(last100)  0.0000 | sigma 0.0220 | elapsed 4484.6s
step  1200000 | reward(last100)  0.0118 | sigma 0.0223 | elapsed 4506.5s
step  1205000 | reward(last100)  0.0118 | sigma 0.0219 | elapsed 4524.5s
step  1210000 | reward(last100)  0.0118 | sigma 0.0215 | elapsed 4541.3s
step  1215000 | reward(last100)  0.0118 | sigma 0.0212 | elapsed 4557.8s
step  1220000 | reward(last100)  0.0118 | sigma 0.0209 | elapsed 4574.2s
step  1225000 | reward(last100)  0.0118 | sigma 0.0206 | elapsed 4590.7s
step  1230000 | reward(last100)  0.0118 | sigma 0.0205 | elapsed 4607.1s
step  1235000 | reward(last100)  0.0000 | sigma 0.0203 | elapsed 4622.7s
step  1240000 | reward(last100)  0.0000 | sigma 0.0202 | elapsed 4637.4s
step  1245000 | reward(last100)  0.0000 | sigma 0.0201 | elapsed 4656.0s
step  1250000 | reward(last100)  0.0000 | sigma 0.0200 | elapsed 4674.7s
step  1255000 | reward(last100)  0.0000 | sigma 0.0200 | elapsed 4689.8s
step  1260000 | reward(last100)  0.0000 | sigma 0.0199 | elapsed 4704.5s
step  1265000 | reward(last100)  0.0000 | sigma 0.0199 | elapsed 4718.9s
step  1270000 | reward(last100)  0.0000 | sigma 0.0198 | elapsed 4733.4s
step  1275000 | reward(last100)  0.0000 | sigma 0.0198 | elapsed 4748.0s
step  1280000 | reward(last100)  0.0000 | sigma 0.0197 | elapsed 4764.2s
step  1285000 | reward(last100)  0.0000 | sigma 0.0197 | elapsed 4780.4s
step  1290000 | reward(last100)  0.0000 | sigma 0.0197 | elapsed 4796.2s
step  1295000 | reward(last100)  0.0000 | sigma 0.0196 | elapsed 4810.9s
step  1300000 | reward(last100)  0.0000 | sigma 0.0196 | elapsed 4825.5s
step  1305000 | reward(last100)  0.0000 | sigma 0.0196 | elapsed 4840.6s
step  1310000 | reward(last100)  0.0000 | sigma 0.0196 | elapsed 4856.1s
step  1315000 | reward(last100)  0.0000 | sigma 0.0196 | elapsed 4873.4s
step  1320000 | reward(last100)  0.0000 | sigma 0.0196 | elapsed 4892.0s
step  1325000 | reward(last100)  0.0000 | sigma 0.0196 | elapsed 4908.4s
step  1330000 | reward(last100)  0.0000 | sigma 0.0196 | elapsed 4924.7s
step  1335000 | reward(last100)  0.0000 | sigma 0.0196 | elapsed 4940.9s
step  1340000 | reward(last100)  0.0000 | sigma 0.0196 | elapsed 4956.6s
step  1345000 | reward(last100)  0.0000 | sigma 0.0196 | elapsed 4971.4s
step  1350000 | reward(last100)  0.0000 | sigma 0.0196 | elapsed 4986.1s
step  1355000 | reward(last100)  0.0000 | sigma 0.0196 | elapsed 5003.0s
step  1360000 | reward(last100)  0.0000 | sigma 0.0196 | elapsed 5017.8s
step  1365000 | reward(last100)  0.0000 | sigma 0.0196 | elapsed 5032.6s
step  1370000 | reward(last100)  0.0000 | sigma 0.0196 | elapsed 5047.4s
step  1375000 | reward(last100)  0.0000 | sigma 0.0196 | elapsed 5062.3s
step  1380000 | reward(last100)  0.0000 | sigma 0.0196 | elapsed 5077.6s
step  1385000 | reward(last100)  0.0000 | sigma 0.0196 | elapsed 5093.9s
step  1390000 | reward(last100)  0.0000 | sigma 0.0196 | elapsed 5112.6s
step  1395000 | reward(last100)  0.0000 | sigma 0.0196 | elapsed 5129.5s
step  1400000 | reward(last100)  0.0000 | sigma 0.0196 | elapsed 5144.8s
step  1405000 | reward(last100)  0.0000 | sigma 0.0196 | elapsed 5162.8s
step  1410000 | reward(last100)  0.0000 | sigma 0.0196 | elapsed 5180.1s
step  1415000 | reward(last100)  0.0000 | sigma 0.0196 | elapsed 5197.6s
step  1420000 | reward(last100)  0.0000 | sigma 0.0196 | elapsed 5214.2s
step  1425000 | reward(last100)  0.0000 | sigma 0.0196 | elapsed 5230.1s
step  1430000 | reward(last100)  0.0000 | sigma 0.0196 | elapsed 5246.0s
step  1435000 | reward(last100)  0.0000 | sigma 0.0196 | elapsed 5262.4s
step  1440000 | reward(last100)  0.0000 | sigma 0.0196 | elapsed 5279.5s
step  1445000 | reward(last100)  0.0000 | sigma 0.0196 | elapsed 5296.5s
step  1450000 | reward(last100)  0.0000 | sigma 0.0196 | elapsed 5313.7s
step  1455000 | reward(last100)  0.0000 | sigma 0.0196 | elapsed 5330.0s
step  1460000 | reward(last100)  0.0000 | sigma 0.0196 | elapsed 5346.0s
step  1465000 | reward(last100)  0.0000 | sigma 0.0196 | elapsed 5362.8s
step  1470000 | reward(last100)  0.0000 | sigma 0.0196 | elapsed 5380.7s
step  1475000 | reward(last100)  0.0248 | sigma 0.0196 | elapsed 5398.5s
step  1480000 | reward(last100)  0.1148 | sigma 0.0196 | elapsed 5416.3s
step  1485000 | reward(last100)  0.1391 | sigma 0.0197 | elapsed 5434.1s
step  1490000 | reward(last100)  0.1464 | sigma 0.0197 | elapsed 5451.8s
step  1495000 | reward(last100)  0.1543 | sigma 0.0197 | elapsed 5468.9s
step  1500000 | reward(last100)  0.1543 | sigma 0.0197 | elapsed 5486.0s
step  1505000 | reward(last100)  0.1444 | sigma 0.0197 | elapsed 5502.2s
step  1510000 | reward(last100)  0.0891 | sigma 0.0196 | elapsed 5518.1s
step  1515000 | reward(last100)  0.0395 | sigma 0.0196 | elapsed 5534.0s
step  1520000 | reward(last100)  0.0152 | sigma 0.0196 | elapsed 5549.8s
step  1525000 | reward(last100)  0.0080 | sigma 0.0196 | elapsed 5565.6s
step  1530000 | reward(last100)  0.0000 | sigma 0.0195 | elapsed 5582.5s
step  1535000 | reward(last100)  0.0000 | sigma 0.0195 | elapsed 5598.8s
step  1540000 | reward(last100)  0.0000 | sigma 0.0195 | elapsed 5615.8s
step  1545000 | reward(last100)  0.0027 | sigma 0.0195 | elapsed 5632.6s
step  1550000 | reward(last100)  0.0027 | sigma 0.0195 | elapsed 5650.2s
step  1555000 | reward(last100)  0.0075 | sigma 0.0195 | elapsed 5667.7s
step  1560000 | reward(last100)  0.0138 | sigma 0.0195 | elapsed 5684.8s
step  1565000 | reward(last100)  0.0219 | sigma 0.0195 | elapsed 5702.5s
step  1570000 | reward(last100)  0.0219 | sigma 0.0195 | elapsed 5718.6s
step  1575000 | reward(last100)  0.0219 | sigma 0.0195 | elapsed 5734.4s
step  1580000 | reward(last100)  0.0241 | sigma 0.0195 | elapsed 5750.3s
step  1585000 | reward(last100)  0.0241 | sigma 0.0195 | elapsed 5766.2s
step  1590000 | reward(last100)  0.0241 | sigma 0.0195 | elapsed 5782.1s
step  1595000 | reward(last100)  0.0130 | sigma 0.0195 | elapsed 5798.1s
step  1600000 | reward(last100)  0.0050 | sigma 0.0195 | elapsed 5814.0s
step  1605000 | reward(last100)  0.0050 | sigma 0.0195 | elapsed 5830.4s
step  1610000 | reward(last100)  0.0050 | sigma 0.0194 | elapsed 5846.4s
step  1615000 | reward(last100)  0.0000 | sigma 0.0195 | elapsed 5862.6s
step  1620000 | reward(last100)  0.0000 | sigma 0.0194 | elapsed 5878.6s
step  1625000 | reward(last100)  0.0000 | sigma 0.0194 | elapsed 5894.6s
step  1630000 | reward(last100)  0.0000 | sigma 0.0195 | elapsed 5910.7s
step  1635000 | reward(last100)  0.0000 | sigma 0.0195 | elapsed 5926.8s
step  1640000 | reward(last100)  0.0000 | sigma 0.0195 | elapsed 5942.9s
step  1645000 | reward(last100)  0.0000 | sigma 0.0195 | elapsed 5959.1s
step  1650000 | reward(last100)  0.0080 | sigma 0.0195 | elapsed 5975.2s
step  1655000 | reward(last100)  0.0080 | sigma 0.0195 | elapsed 5991.8s
step  1660000 | reward(last100)  0.0505 | sigma 0.0195 | elapsed 6008.0s
step  1665000 | reward(last100)  0.0695 | sigma 0.0196 | elapsed 6024.2s
step  1670000 | reward(last100)  0.0820 | sigma 0.0196 | elapsed 6040.3s
step  1675000 | reward(last100)  0.0820 | sigma 0.0196 | elapsed 6056.4s
step  1680000 | reward(last100)  0.0820 | sigma 0.0196 | elapsed 6072.4s
step  1685000 | reward(last100)  0.0740 | sigma 0.0196 | elapsed 6088.4s
step  1690000 | reward(last100)  0.0740 | sigma 0.0196 | elapsed 6104.2s
step  1695000 | reward(last100)  0.0314 | sigma 0.0196 | elapsed 6120.2s
step  1700000 | reward(last100)  0.0125 | sigma 0.0196 | elapsed 6136.2s
step  1705000 | reward(last100)  0.0063 | sigma 0.0196 | elapsed 6152.7s
step  1710000 | reward(last100)  0.0000 | sigma 0.0196 | elapsed 6168.8s
step  1715000 | reward(last100)  0.0000 | sigma 0.0195 | elapsed 6184.9s
step  1720000 | reward(last100)  0.0000 | sigma 0.0195 | elapsed 6201.0s
step  1725000 | reward(last100)  0.0000 | sigma 0.0195 | elapsed 6217.2s
step  1730000 | reward(last100)  0.0000 | sigma 0.0195 | elapsed 6233.5s
step  1735000 | reward(last100)  0.0000 | sigma 0.0195 | elapsed 6250.7s
step  1740000 | reward(last100)  0.0000 | sigma 0.0195 | elapsed 6268.7s
step  1745000 | reward(last100)  0.0000 | sigma 0.0195 | elapsed 6286.8s
step  1750000 | reward(last100)  0.0623 | sigma 0.0195 | elapsed 6304.8s
step  1755000 | reward(last100)  0.0851 | sigma 0.0195 | elapsed 6321.6s
step  1760000 | reward(last100)  0.1713 | sigma 0.0195 | elapsed 6337.9s
step  1765000 | reward(last100)  0.3720 | sigma 0.0195 | elapsed 6354.3s
step  1770000 | reward(last100)  0.5854 | sigma 0.0195 | elapsed 6371.1s
step  1775000 | reward(last100)  0.5808 | sigma 0.0195 | elapsed 6389.0s
step  1780000 | reward(last100)  0.5295 | sigma 0.0196 | elapsed 6407.1s
step  1785000 | reward(last100)  0.4423 | sigma 0.0196 | elapsed 6424.6s
step  1790000 | reward(last100)  0.4035 | sigma 0.0196 | elapsed 6445.5s
step  1795000 | reward(last100)  0.3238 | sigma 0.0196 | elapsed 6466.5s
step  1800000 | reward(last100)  0.2814 | sigma 0.0196 | elapsed 6487.7s
step  1805000 | reward(last100)  0.2729 | sigma 0.0196 | elapsed 6504.4s
step  1810000 | reward(last100)  0.3192 | sigma 0.0195 | elapsed 6522.1s
step  1815000 | reward(last100)  0.2855 | sigma 0.0195 | elapsed 6539.8s
step  1820000 | reward(last100)  0.2788 | sigma 0.0195 | elapsed 6557.5s
step  1825000 | reward(last100)  0.2625 | sigma 0.0195 | elapsed 6578.7s
step  1830000 | reward(last100)  0.3389 | sigma 0.0195 | elapsed 6600.3s
step  1835000 | reward(last100)  0.3171 | sigma 0.0195 | elapsed 6622.0s
step  1840000 | reward(last100)  0.3571 | sigma 0.0195 | elapsed 6640.3s
step  1845000 | reward(last100)  0.4070 | sigma 0.0195 | elapsed 6657.3s
step  1850000 | reward(last100)  0.4029 | sigma 0.0195 | elapsed 6674.1s
step  1855000 | reward(last100)  0.4552 | sigma 0.0195 | elapsed 6690.7s
step  1860000 | reward(last100)  0.4758 | sigma 0.0195 | elapsed 6706.9s
step  1865000 | reward(last100)  0.5094 | sigma 0.0195 | elapsed 6723.2s
step  1870000 | reward(last100)  0.5733 | sigma 0.0195 | elapsed 6739.7s
step  1875000 | reward(last100)  0.6076 | sigma 0.0195 | elapsed 6756.2s
step  1880000 | reward(last100)  0.5740 | sigma 0.0195 | elapsed 6772.8s
step  1885000 | reward(last100)  0.5629 | sigma 0.0195 | elapsed 6789.4s
step  1890000 | reward(last100)  0.5915 | sigma 0.0195 | elapsed 6806.1s
step  1895000 | reward(last100)  0.6836 | sigma 0.0195 | elapsed 6822.7s
step  1900000 | reward(last100)  0.6630 | sigma 0.0195 | elapsed 6839.3s
step  1905000 | reward(last100)  0.5779 | sigma 0.0195 | elapsed 6856.2s
step  1910000 | reward(last100)  0.5109 | sigma 0.0195 | elapsed 6874.1s
step  1915000 | reward(last100)  0.4684 | sigma 0.0195 | elapsed 6891.9s
step  1920000 | reward(last100)  0.5762 | sigma 0.0195 | elapsed 6911.5s
step  1925000 | reward(last100)  0.6497 | sigma 0.0195 | elapsed 6932.4s
step  1930000 | reward(last100)  0.5751 | sigma 0.0195 | elapsed 6953.3s
step  1935000 | reward(last100)  0.5394 | sigma 0.0195 | elapsed 6974.1s
step  1940000 | reward(last100)  0.4642 | sigma 0.0195 | elapsed 6995.1s
step  1945000 | reward(last100)  0.4142 | sigma 0.0195 | elapsed 7015.9s
step  1950000 | reward(last100)  0.3885 | sigma 0.0195 | elapsed 7032.4s
step  1955000 | reward(last100)  0.3965 | sigma 0.0195 | elapsed 7049.4s
step  1960000 | reward(last100)  0.4031 | sigma 0.0195 | elapsed 7065.9s
step  1965000 | reward(last100)  0.3985 | sigma 0.0195 | elapsed 7082.4s
step  1970000 | reward(last100)  0.4423 | sigma 0.0195 | elapsed 7098.9s
step  1975000 | reward(last100)  0.7980 | sigma 0.0195 | elapsed 7115.4s
step  1980000 | reward(last100)  0.8248 | sigma 0.0195 | elapsed 7131.9s
step  1985000 | reward(last100)  0.8612 | sigma 0.0195 | elapsed 7148.4s
step  1990000 | reward(last100)  0.8771 | sigma 0.0195 | elapsed 7164.8s
step  1995000 | reward(last100)  0.8242 | sigma 0.0195 | elapsed 7181.7s
step  2000000 | reward(last100)  0.7754 | sigma 0.0195 | elapsed 7199.2s
