step     5000 | reward(last100)  0.0037 | sigma 0.0309 | elapsed    4.2s
step    10000 | reward(last100)  0.0000 | sigma 0.0309 | elapsed    8.7s
step    15000 | reward(last100)  0.0240 | sigma 0.0300 | elapsed   24.4s
step    20000 | reward(last100)  0.0049 | sigma 0.0288 | elapsed   40.1s
step    25000 | reward(last100)  0.0374 | sigma 0.0277 | elapsed   56.5s
step    30000 | reward(last100)  0.0495 | sigma 0.0269 | elapsed   72.7s
step    35000 | reward(last100)  0.0714 | sigma 0.0266 | elapsed   88.8s
step    40000 | reward(last100)  0.1096 | sigma 0.0265 | elapsed  105.0s
step    45000 | reward(last100)  0.1701 | sigma 0.0264 | elapsed  121.7s
step    50000 | reward(last100)  0.1918 | sigma 0.0263 | elapsed  140.7s
step    55000 | reward(last100)  0.1923 | sigma 0.0262 | elapsed  161.8s
step    60000 | reward(last100)  0.2941 | sigma 0.0261 | elapsed  182.1s
step    65000 | reward(last100)  0.3916 | sigma 0.0260 | elapsed  201.0s
step    70000 | reward(last100)  0.2933 | sigma 0.0258 | elapsed  219.4s
step    75000 | reward(last100)  0.2102 | sigma 0.0257 | elapsed  239.0s
step    80000 | reward(last100)  0.0943 | sigma 0.0257 | elapsed  258.9s
step    85000 | reward(last100)  0.3503 | sigma 0.0256 | elapsed  279.0s
step    90000 | reward(last100)  0.1566 | sigma 0.0255 | elapsed  298.1s
step    95000 | reward(last100)  0.2008 | sigma 0.0255 | elapsed  319.7s
step   100000 | reward(last100)  0.0420 | sigma 0.0254 | elapsed  340.6s
step   105000 | reward(last100)  0.1339 | sigma 0.0254 | elapsed  355.9s
step   110000 | reward(last100)  0.1989 | sigma 0.0254 | elapsed  369.8s
step   115000 | reward(last100)  0.1611 | sigma 0.0254 | elapsed  383.2s
step   120000 | reward(last100)  0.1896 | sigma 0.0253 | elapsed  399.1s
step   125000 | reward(last100)  0.0925 | sigma 0.0253 | elapsed  417.2s
step   130000 | reward(last100)  0.1909 | sigma 0.0253 | elapsed  434.5s
step   135000 | reward(last100)  0.2111 | sigma 0.0253 | elapsed  449.7s
step   140000 | reward(last100)  0.1461 | sigma 0.0253 | elapsed  466.6s
step   145000 | reward(last100)  0.1960 | sigma 0.0253 | elapsed  482.8s
step   150000 | reward(last100)  0.2443 | sigma 0.0253 | elapsed  498.1s
step   155000 | reward(last100)  0.3347 | sigma 0.0252 | elapsed  516.7s
step   160000 | reward(last100)  0.3602 | sigma 0.0252 | elapsed  535.5s
step   165000 | reward(last100)  0.3695 | sigma 0.0252 | elapsed  550.9s
step   170000 | reward(last100)  0.3706 | sigma 0.0252 | elapsed  564.8s
step   175000 | reward(last100)  0.5271 | sigma 0.0251 | elapsed  582.0s
step   180000 | reward(last100)  0.5033 | sigma 0.0251 | elapsed  600.9s
step   185000 | reward(last100)  0.4795 | sigma 0.0251 | elapsed  617.0s
step   190000 | reward(last100)  0.3535 | sigma 0.0251 | elapsed  632.6s
step   195000 | reward(last100)  0.4365 | sigma 0.0251 | elapsed  647.8s
step   200000 | reward(last100)  0.4953 | sigma 0.0251 | elapsed  663.4s
step   205000 | reward(last100)  0.5840 | sigma 0.0250 | elapsed  678.7s
step   210000 | reward(last100)  0.6310 | sigma 0.0250 | elapsed  695.4s
step   215000 | reward(last100)  0.5699 | sigma 0.0250 | elapsed  714.4s
step   220000 | reward(last100)  0.5252 | sigma 0.0250 | elapsed  733.4s
step   225000 | reward(last100)  0.6463 | sigma 0.0250 | elapsed  751.9s
step   230000 | reward(last100)  0.6204 | sigma 0.0250 | elapsed  770.5s
step   235000 | reward(last100)  0.3745 | sigma 0.0250 | elapsed  786.5s
step   240000 | reward(last100)  0.4659 | sigma 0.0250 | elapsed  807.3s
step   245000 | reward(last100)  0.5251 | sigma 0.0250 | elapsed  828.5s
step   250000 | reward(last100)  0.5879 | sigma 0.0250 | elapsed  847.6s
step   255000 | reward(last100)  0.6162 | sigma 0.0249 | elapsed  866.9s
step   260000 | reward(last100)  0.5568 | sigma 0.0249 | elapsed  886.2s
step   265000 | reward(last100)  0.4829 | sigma 0.0249 | elapsed  905.7s
step   270000 | reward(last100)  0.5191 | sigma 0.0249 | elapsed  925.5s
step   275000 | reward(last100)  0.4344 | sigma 0.0249 | elapsed  945.2s
step   280000 | reward(last100)  0.4338 | sigma 0.0249 | elapsed  965.0s
step   285000 | reward(last100)  0.4412 | sigma 0.0249 | elapsed  984.2s
step   290000 | reward(last100)  0.4086 | sigma 0.0249 | elapsed 1001.1s
step   295000 | reward(last100)  0.4836 | sigma 0.0249 | elapsed 1018.6s
step   300000 | reward(last100)  0.3962 | sigma 0.0249 | elapsed 1037.6s
step   305000 | reward(last100)  0.3652 | sigma 0.0249 | elapsed 1054.3s
step   310000 | reward(last100)  0.5797 | sigma 0.0249 | elapsed 1069.6s
step   315000 | reward(last100)  0.4879 | sigma 0.0249 | elapsed 1083.9s
step   320000 | reward(last100)  0.2981 | sigma 0.0249 | elapsed 1098.8s
step   325000 | reward(last100)  0.3406 | sigma 0.0249 | elapsed 1119.0s
step   330000 | reward(last100)  0.4497 | sigma 0.0249 | elapsed 1138.9s
step   335000 | reward(last100)  0.4190 | sigma 0.0249 | elapsed 1158.0s
step   340000 | reward(last100)  0.5738 | sigma 0.0249 | elapsed 1173.8s
step   345000 | reward(last100)  0.3771 | sigma 0.0249 | elapsed 1190.4s
step   350000 | reward(last100)  0.4621 | sigma 0.0249 | elapsed 1209.9s
step   355000 | reward(last100)  0.5195 | sigma 0.0249 | elapsed 1230.1s
step   360000 | reward(last100)  0.4467 | sigma 0.0249 | elapsed 1249.3s
step   365000 | reward(last100)  0.5449 | sigma 0.0249 | elapsed 1271.1s
step   370000 | reward(last100)  0.4147 | sigma 0.0249 | elapsed 1291.7s
step   375000 | reward(last100)  0.4782 | sigma 0.0249 | elapsed 1311.0s
step   380000 | reward(last100)  0.4917 | sigma 0.0249 | elapsed 1332.1s
step   385000 | reward(last100)  0.4466 | sigma 0.0249 | elapsed 1352.2s
step   390000 | reward(last100)  0.4544 | sigma 0.0249 | elapsed 1371.2s
step   395000 | reward(last100)  0.4586 | sigma 0.0249 | elapsed 1392.9s
step   400000 | reward(last100)  0.4860 | sigma 0.0249 | elapsed 1411.4s
step   405000 | reward(last100)  0.5075 | sigma 0.0249 | elapsed 1428.8s
step   410000 | reward(last100)  0.4531 | sigma 0.0249 | elapsed 1446.2s
step   415000 | reward(last100)  0.5185 | sigma 0.0249 | elapsed 1464.9s
step   420000 | reward(last100)  0.4923 | sigma 0.0249 | elapsed 1480.0s
step   425000 | reward(last100)  0.4854 | sigma 0.0249 | elapsed 1496.3s
step   430000 | reward(last100)  0.4876 | sigma 0.0249 | elapsed 1511.2s
step   435000 | reward(last100)  0.3900 | sigma 0.0249 | elapsed 1525.9s
step   440000 | reward(last100)  0.5645 | sigma 0.0249 | elapsed 1541.2s
step   445000 | reward(last100)  0.5817 | sigma 0.0249 | elapsed 1557.9s
step   450000 | reward(last100)  0.4599 | sigma 0.0249 | elapsed 1575.0s
step   455000 | reward(last100)  0.4853 | sigma 0.0249 | elapsed 1593.0s
step   460000 | reward(last100)  0.4248 | sigma 0.0249 | elapsed 1609.2s
step   465000 | reward(last100)  0.5069 | sigma 0.0249 | elapsed 1625.9s
step   470000 | reward(last100)  0.5039 | sigma 0.0249 | elapsed 1642.0s
step   475000 | reward(last100)  0.4438 | sigma 0.0249 | elapsed 1662.9s
step   480000 | reward(last100)  0.5198 | sigma 0.0249 | elapsed 1684.8s
step   485000 | reward(last100)  0.4367 | sigma 0.0249 | elapsed 1706.2s
step   490000 | reward(last100)  0.5195 | sigma 0.0249 | elapsed 1728.3s
step   495000 | reward(last100)  0.5863 | sigma 0.0249 | elapsed 1750.7s
step   500000 | reward(last100)  0.6264 | sigma 0.0249 | elapsed 1772.0s
step   505000 | reward(last100)  0.4290 | sigma 0.0249 | elapsed 1790.3s
step   510000 | reward(last100)  0.5973 | sigma 0.0249 | elapsed 1807.7s
step   515000 | reward(last100)  0.5329 | sigma 0.0249 | elapsed 1824.6s
step   520000 | reward(last100)  0.4189 | sigma 0.0249 | elapsed 1841.9s
step   525000 | reward(last100)  0.5575 | sigma 0.0249 | elapsed 1860.6s
step   530000 | reward(last100)  0.5117 | sigma 0.0249 | elapsed 1882.2s
step   535000 | reward(last100)  0.4364 | sigma 0.0249 | elapsed 1904.5s
step   540000 | reward(last100)  0.5296 | sigma 0.0249 | elapsed 1926.2s
step   545000 | reward(last100)  0.5074 | sigma 0.0249 | elapsed 1945.7s
step   550000 | reward(last100)  0.4612 | sigma 0.0249 | elapsed 1962.1s
step   555000 | reward(last100)  0.4921 | sigma 0.0249 | elapsed 1983.3s
step   560000 | reward(last100)  0.4869 | sigma 0.0249 | elapsed 2003.7s
step   565000 | reward(last100)  0.4090 | sigma 0.0249 | elapsed 2021.0s
step   570000 | reward(last100)  0.5409 | sigma 0.0249 | elapsed 2040.3s
step   575000 | reward(last100)  0.4129 | sigma 0.0249 | elapsed 2062.3s
step   580000 | reward(last100)  0.4769 | sigma 0.0249 | elapsed 2082.9s
step   585000 | reward(last100)  0.5280 | sigma 0.0249 | elapsed 2099.9s
step   590000 | reward(last100)  0.4457 | sigma 0.0249 | elapsed 2117.1s
step   595000 | reward(last100)  0.5713 | sigma 0.0249 | elapsed 2133.8s
step   600000 | reward(last100)  0.4220 | sigma 0.0249 | elapsed 2150.2s
step   605000 | reward(last100)  0.4924 | sigma 0.0249 | elapsed 2166.9s
step   610000 | reward(last100)  0.4275 | sigma 0.0249 | elapsed 2183.1s
step   615000 | reward(last100)  0.4648 | sigma 0.0249 | elapsed 2199.4s
step   620000 | reward(last100)  0.4127 | sigma 0.0249 | elapsed 2215.8s
step   625000 | reward(last100)  0.4669 | sigma 0.0249 | elapsed 2232.1s
step   630000 | reward(last100)  0.3923 | sigma 0.0249 | elapsed 2247.5s
step   635000 | reward(last100)  0.5461 | sigma 0.0249 | elapsed 2262.9s
step   640000 | reward(last100)  0.5093 | sigma 0.0249 | elapsed 2279.7s
step   645000 | reward(last100)  0.5640 | sigma 0.0248 | elapsed 2295.6s
step   650000 | reward(last100)  0.5074 | sigma 0.0249 | elapsed 2311.0s
step   655000 | reward(last100)  0.5170 | sigma 0.0249 | elapsed 2327.2s
step   660000 | reward(last100)  0.5412 | sigma 0.0249 | elapsed 2342.7s
step   665000 | reward(last100)  0.5376 | sigma 0.0248 | elapsed 2358.3s
step   670000 | reward(last100)  0.3913 | sigma 0.0248 | elapsed 2374.7s
step   675000 | reward(last100)  0.5301 | sigma 0.0248 | elapsed 2391.4s
step   680000 | reward(last100)  0.4995 | sigma 0.0248 | elapsed 2408.3s
step   685000 | reward(last100)  0.5327 | sigma 0.0248 | elapsed 2425.3s
step   690000 | reward(last100)  0.5012 | sigma 0.0248 | elapsed 2442.4s
step   695000 | reward(last100)  0.5123 | sigma 0.0248 | elapsed 2461.1s
step   700000 | reward(last100)  0.5168 | sigma 0.0248 | elapsed 2479.2s
step   705000 | reward(last100)  0.5698 | sigma 0.0248 | elapsed 2495.8s
step   710000 | reward(last100)  0.5168 | sigma 0.0248 | elapsed 2511.7s
step   715000 | reward(last100)  0.4410 | sigma 0.0248 | elapsed 2529.3s
step   720000 | reward(last100)  0.5161 | sigma 0.0248 | elapsed 2547.1s
step   725000 | reward(last100)  0.5436 | sigma 0.0248 | elapsed 2565.0s
step   730000 | reward(last100)  0.4922 | sigma 0.0248 | elapsed 2581.6s
step   735000 | reward(last100)  0.4966 | sigma 0.0248 | elapsed 2598.2s
step   740000 | reward(last100)  0.5465 | sigma 0.0248 | elapsed 2614.8s
step   745000 | reward(last100)  0.4942 | sigma 0.0248 | elapsed 2630.7s
step   750000 | reward(last100)  0.4743 | sigma 0.0248 | elapsed 2648.1s
step   755000 | reward(last100)  0.5317 | sigma 0.0248 | elapsed 2666.1s
step   760000 | reward(last100)  0.5631 | sigma 0.0248 | elapsed 2689.4s
step   765000 | reward(last100)  0.5812 | sigma 0.0247 | elapsed 2711.4s
step   770000 | reward(last100)  0.4691 | sigma 0.0247 | elapsed 2733.5s
step   775000 | reward(last100)  0.5867 | sigma 0.0247 | elapsed 2755.5s
step   780000 | reward(last100)  0.4902 | sigma 0.0247 | elapsed 2777.5s
step   785000 | reward(last100)  0.5017 | sigma 0.0247 | elapsed 2796.6s
step   790000 | reward(last100)  0.5228 | sigma 0.0247 | elapsed 2813.9s
step   795000 | reward(last100)  0.5269 | sigma 0.0247 | elapsed 2831.7s
step   800000 | reward(last100)  0.5041 | sigma 0.0247 | elapsed 2849.3s
step   805000 | reward(last100)  0.4813 | sigma 0.0247 | elapsed 2869.7s
step   810000 | reward(last100)  0.4801 | sigma 0.0247 | elapsed 2891.7s
step   815000 | reward(last100)  0.5648 | sigma 0.0247 | elapsed 2912.0s
step   820000 | reward(last100)  0.5433 | sigma 0.0247 | elapsed 2933.6s
step   825000 | reward(last100)  0.5336 | sigma 0.0247 | elapsed 2954.5s
step   830000 | reward(last100)  0.5529 | sigma 0.0247 | elapsed 2971.8s
step   835000 | reward(last100)  0.5226 | sigma 0.0247 | elapsed 2988.7s
step   840000 | reward(last100)  0.5633 | sigma 0.0247 | elapsed 3005.5s
step   845000 | reward(last100)  0.5655 | sigma 0.0246 | elapsed 3022.5s
step   850000 | reward(last100)  0.5029 | sigma 0.0247 | elapsed 3039.0s
step   855000 | reward(last100)  0.5837 | sigma 0.0246 | elapsed 3059.1s
step   860000 | reward(last100)  0.4485 | sigma 0.0247 | elapsed 3076.9s
step   865000 | reward(last100)  0.5144 | sigma 0.0247 | elapsed 3094.3s
step   870000 | reward(last100)  0.5261 | sigma 0.0247 | elapsed 3111.2s
step   875000 | reward(last100)  0.4616 | sigma 0.0247 | elapsed 3128.1s
step   880000 | reward(last100)  0.4656 | sigma 0.0246 | elapsed 3144.0s
step   885000 | reward(last100)  0.5598 | sigma 0.0247 | elapsed 3159.8s
step   890000 | reward(last100)  0.4723 | sigma 0.0247 | elapsed 3176.6s
step   895000 | reward(last100)  0.5273 | sigma 0.0246 | elapsed 3194.3s
step   900000 | reward(last100)  0.5403 | sigma 0.0247 | elapsed 3214.5s
step   905000 | reward(last100)  0.5173 | sigma 0.0247 | elapsed 3236.2s
step   910000 | reward(last100)  0.5729 | sigma 0.0246 | elapsed 3257.8s
step   915000 | reward(last100)  0.5314 | sigma 0.0246 | elapsed 3279.8s
step   920000 | reward(last100)  0.4989 | sigma 0.0246 | elapsed 3301.9s
step   925000 | reward(last100)  0.5439 | sigma 0.0246 | elapsed 3323.7s
step   930000 | reward(last100)  0.4751 | sigma 0.0246 | elapsed 3345.5s
step   935000 | reward(last100)  0.5824 | sigma 0.0246 | elapsed 3367.7s
step   940000 | reward(last100)  0.5240 | sigma 0.0246 | elapsed 3390.0s
step   945000 | reward(last100)  0.5397 | sigma 0.0246 | elapsed 3412.6s
step   950000 | reward(last100)  0.5581 | sigma 0.0247 | elapsed 3433.2s
step   955000 | reward(last100)  0.5728 | sigma 0.0247 | elapsed 3449.6s
step   960000 | reward(last100)  0.5526 | sigma 0.0246 | elapsed 3465.7s
step   965000 | reward(last100)  0.5612 | sigma 0.0246 | elapsed 3482.3s
step   970000 | reward(last100)  0.5793 | sigma 0.0246 | elapsed 3504.3s
step   975000 | reward(last100)  0.5259 | sigma 0.0246 | elapsed 3524.8s
step   980000 | reward(last100)  0.5330 | sigma 0.0246 | elapsed 3544.6s
step   985000 | reward(last100)  0.4508 | sigma 0.0246 | elapsed 3562.4s
step   990000 | reward(last100)  0.4841 | sigma 0.0246 | elapsed 3580.2s
step   995000 | reward(last100)  0.5202 | sigma 0.0247 | elapsed 3598.0s
step  1000000 | reward(last100)  0.5729 | sigma 0.0246 | elapsed 3615.9s
step  1005000 | reward(last100)  0.5122 | sigma 0.0246 | elapsed 3632.8s
step  1010000 | reward(last100)  0.4706 | sigma 0.0246 | elapsed 3649.0s
step  1015000 | reward(last100)  0.5090 | sigma 0.0246 | elapsed 3666.1s
step  1020000 | reward(last100)  0.5606 | sigma 0.0246 | elapsed 3683.5s
step  1025000 | reward(last100)  0.5278 | sigma 0.0246 | elapsed 3701.2s
step  1030000 | reward(last100)  0.5361 | sigma 0.0246 | elapsed 3718.0s
step  1035000 | reward(last100)  0.5108 | sigma 0.0246 | elapsed 3735.0s
step  1040000 | reward(last100)  0.4281 | sigma 0.0246 | elapsed 3753.0s
step  1045000 | reward(last100)  0.6164 | sigma 0.0246 | elapsed 3769.1s
step  1050000 | reward(last100)  0.4891 | sigma 0.0246 | elapsed 3785.2s
step  1055000 | reward(last100)  0.4783 | sigma 0.0246 | elapsed 3803.6s
step  1060000 | reward(last100)  0.5657 | sigma 0.0246 | elapsed 3822.0s
step  1065000 | reward(last100)  0.4740 | sigma 0.0246 | elapsed 3840.4s
step  1070000 | reward(last100)  0.4791 | sigma 0.0246 | elapsed 3858.8s
step  1075000 | reward(last100)  0.5002 | sigma 0.0246 | elapsed 3876.6s
step  1080000 | reward(last100)  0.5321 | sigma 0.0246 | elapsed 3894.2s
step  1085000 | reward(last100)  0.5335 | sigma 0.0246 | elapsed 3911.9s
step  1090000 | reward(last100)  0.4909 | sigma 0.0246 | elapsed 3929.6s
step  1095000 | reward(last100)  0.5915 | sigma 0.0246 | elapsed 3945.8s
step  1100000 | reward(last100)  0.4975 | sigma 0.0246 | elapsed 3962.0s
step  1105000 | reward(last100)  0.5170 | sigma 0.0246 | elapsed 3981.1s
step  1110000 | reward(last100)  0.5971 | sigma 0.0246 | elapsed 3998.7s
step  1115000 | reward(last100)  0.4907 | sigma 0.0246 | elapsed 4015.0s
step  1120000 | reward(last100)  0.5463 | sigma 0.0245 | elapsed 4031.6s
step  1125000 | reward(last100)  0.5717 | sigma 0.0246 | elapsed 4049.1s
step  1130000 | reward(last100)  0.4405 | sigma 0.0245 | elapsed 4065.4s
step  1135000 | reward(last100)  0.4875 | sigma 0.0245 | elapsed 4081.7s
step  1140000 | reward(last100)  0.5225 | sigma 0.0245 | elapsed 4099.1s
step  1145000 | reward(last100)  0.5047 | sigma 0.0245 | elapsed 4116.1s
step  1150000 | reward(last100)  0.4863 | sigma 0.0245 | elapsed 4132.2s
step  1155000 | reward(last100)  0.5396 | sigma 0.0245 | elapsed 4151.7s
step  1160000 | reward(last100)  0.5564 | sigma 0.0245 | elapsed 4169.3s
step  1165000 | reward(last100)  0.5734 | sigma 0.0245 | elapsed 4187.0s
step  1170000 | reward(last100)  0.5096 | sigma 0.0246 | elapsed 4203.4s
step  1175000 | reward(last100)  0.5731 | sigma 0.0246 | elapsed 4219.5s
step  1180000 | reward(last100)  0.5355 | sigma 0.0246 | elapsed 4236.9s
step  1185000 | reward(last100)  0.5594 | sigma 0.0246 | elapsed 4254.8s
step  1190000 | reward(last100)  0.5691 | sigma 0.0246 | elapsed 4273.0s
step  1195000 | reward(last100)  0.5378 | sigma 0.0246 | elapsed 4291.2s
step  1200000 | reward(last100)  0.4496 | sigma 0.0246 | elapsed 4309.5s
step  1205000 | reward(last100)  0.4691 | sigma 0.0246 | elapsed 4328.2s
step  1210000 | reward(last100)  0.4719 | sigma 0.0246 | elapsed 4346.5s
step  1215000 | reward(last100)  0.5513 | sigma 0.0246 | elapsed 4364.9s
step  1220000 | reward(last100)  0.5336 | sigma 0.0246 | elapsed 4383.6s
step  1225000 | reward(last100)  0.5401 | sigma 0.0246 | elapsed 4402.1s
step  1230000 | reward(last100)  0.5170 | sigma 0.0246 | elapsed 4418.8s
step  1235000 | reward(last100)  0.5283 | sigma 0.0246 | elapsed 4434.9s
step  1240000 | reward(last100)  0.6027 | sigma 0.0246 | elapsed 4451.1s
step  1245000 | reward(last100)  0.5902 | sigma 0.0246 | elapsed 4467.3s
step  1250000 | reward(last100)  0.5497 | sigma 0.0246 | elapsed 4483.7s
step  1255000 | reward(last100)  0.5337 | sigma 0.0245 | elapsed 4500.7s
step  1260000 | reward(last100)  0.5088 | sigma 0.0245 | elapsed 4517.2s
step  1265000 | reward(last100)  0.5668 | sigma 0.0245 | elapsed 4533.7s
step  1270000 | reward(last100)  0.5449 | sigma 0.0245 | elapsed 4550.1s
step  1275000 | reward(last100)  0.5115 | sigma 0.0245 | elapsed 4566.4s
step  1280000 | reward(last100)  0.5075 | sigma 0.0245 | elapsed 4582.8s
step  1285000 | reward(last100)  0.5664 | sigma 0.0246 | elapsed 4598.9s
step  1290000 | reward(last100)  0.4360 | sigma 0.0245 | elapsed 4616.2s
step  1295000 | reward(last100)  0.4846 | sigma 0.0245 | elapsed 4634.6s
step  1300000 | reward(last100)  0.5130 | sigma 0.0245 | elapsed 4650.8s
step  1305000 | reward(last100)  0.4812 | sigma 0.0245 | elapsed 4670.0s
step  1310000 | reward(last100)  0.5730 | sigma 0.0245 | elapsed 4688.3s
step  1315000 | reward(last100)  0.5983 | sigma 0.0245 | elapsed 4706.5s
step  1320000 | reward(last100)  0.4950 | sigma 0.0245 | elapsed 4724.0s
step  1325000 | reward(last100)  0.5150 | sigma 0.0245 | elapsed 4742.2s
step  1330000 | reward(last100)  0.5783 | sigma 0.0245 | elapsed 4760.7s
step  1335000 | reward(last100)  0.5035 | sigma 0.0245 | elapsed 4778.9s
step  1340000 | reward(last100)  0.5553 | sigma 0.0245 | elapsed 4797.0s
step  1345000 | reward(last100)  0.4841 | sigma 0.0245 | elapsed 4815.1s
step  1350000 | reward(last100)  0.4803 | sigma 0.0245 | elapsed 4832.3s
step  1355000 | reward(last100)  0.4927 | sigma 0.0245 | elapsed 4849.0s
step  1360000 | reward(last100)  0.4942 | sigma 0.0245 | elapsed 4865.4s
step  1365000 | reward(last100)  0.5098 | sigma 0.0245 | elapsed 4881.8s
step  1370000 | reward(last100)  0.5173 | sigma 0.0245 | elapsed 4898.2s
step  1375000 | reward(last100)  0.5655 | sigma 0.0245 | elapsed 4914.9s
step  1380000 | reward(last100)  0.4604 | sigma 0.0245 | elapsed 4931.2s
step  1385000 | reward(last100)  0.5336 | sigma 0.0245 | elapsed 4947.5s
step  1390000 | reward(last100)  0.4353 | sigma 0.0245 | elapsed 4963.8s
step  1395000 | reward(last100)  0.4993 | sigma 0.0244 | elapsed 4980.1s
step  1400000 | reward(last100)  0.4765 | sigma 0.0244 | elapsed 4996.3s
step  1405000 | reward(last100)  0.4892 | sigma 0.0244 | elapsed 5014.3s
step  1410000 | reward(last100)  0.5574 | sigma 0.0244 | elapsed 5030.8s
step  1415000 | reward(last100)  0.4912 | sigma 0.0244 | elapsed 5047.2s
step  1420000 | reward(last100)  0.4833 | sigma 0.0244 | elapsed 5063.6s
step  1425000 | reward(last100)  0.5297 | sigma 0.0244 | elapsed 5079.8s
step  1430000 | reward(last100)  0.5694 | sigma 0.0244 | elapsed 5096.1s
step  1435000 | reward(last100)  0.4781 | sigma 0.0244 | elapsed 5115.5s
step  1440000 | reward(last100)  0.5281 | sigma 0.0245 | elapsed 5137.5s
step  1445000 | reward(last100)  0.4987 | sigma 0.0244 | elapsed 5159.0s
step  1450000 | reward(last100)  0.6254 | sigma 0.0244 | elapsed 5177.7s
step  1455000 | reward(last100)  0.5073 | sigma 0.0244 | elapsed 5194.2s
step  1460000 | reward(last100)  0.4966 | sigma 0.0244 | elapsed 5210.7s
step  1465000 | reward(last100)  0.4874 | sigma 0.0244 | elapsed 5228.4s
step  1470000 | reward(last100)  0.5639 | sigma 0.0244 | elapsed 5246.8s
step  1475000 | reward(last100)  0.5394 | sigma 0.0244 | elapsed 5264.7s
step  1480000 | reward(last100)  0.5195 | sigma 0.0244 | elapsed 5282.8s
step  1485000 | reward(last100)  0.5719 | sigma 0.0244 | elapsed 5300.8s
step  1490000 | reward(last100)  0.4572 | sigma 0.0244 | elapsed 5318.8s
step  1495000 | reward(last100)  0.5529 | sigma 0.0244 | elapsed 5336.7s
step  1500000 | reward(last100)  0.5357 | sigma 0.0243 | elapsed 5353.3s
step  1505000 | reward(last100)  0.5624 | sigma 0.0243 | elapsed 5372.1s
step  1510000 | reward(last100)  0.4893 | sigma 0.0243 | elapsed 5390.4s
step  1515000 | reward(last100)  0.5639 | sigma 0.0243 | elapsed 5408.7s
step  1520000 | reward(last100)  0.5211 | sigma 0.0243 | elapsed 5427.0s
step  1525000 | reward(last100)  0.4803 | sigma 0.0243 | elapsed 5445.4s
step  1530000 | reward(last100)  0.4951 | sigma 0.0243 | elapsed 5463.5s
step  1535000 | reward(last100)  0.5105 | sigma 0.0243 | elapsed 5481.1s
step  1540000 | reward(last100)  0.5264 | sigma 0.0243 | elapsed 5498.6s
step  1545000 | reward(last100)  0.4974 | sigma 0.0243 | elapsed 5519.3s
step  1550000 | reward(last100)  0.5473 | sigma 0.0243 | elapsed 5542.4s
step  1555000 | reward(last100)  0.5057 | sigma 0.0243 | elapsed 5559.2s
step  1560000 | reward(last100)  0.5747 | sigma 0.0243 | elapsed 5575.5s
step  1565000 | reward(last100)  0.4793 | sigma 0.0243 | elapsed 5591.7s
step  1570000 | reward(last100)  0.4263 | sigma 0.0243 | elapsed 5607.8s
step  1575000 | reward(last100)  0.5121 | sigma 0.0243 | elapsed 5624.1s
step  1580000 | reward(last100)  0.4556 | sigma 0.0243 | elapsed 5640.4s
step  1585000 | reward(last100)  0.5511 | sigma 0.0243 | elapsed 5656.6s
step  1590000 | reward(last100)  0.5400 | sigma 0.0243 | elapsed 5672.8s
step  1595000 | reward(last100)  0.4798 | sigma 0.0243 | elapsed 5690.2s
step  1600000 | reward(last100)  0.5872 | sigma 0.0243 | elapsed 5708.3s
step  1605000 | reward(last100)  0.5797 | sigma 0.0243 | elapsed 5726.3s
step  1610000 | reward(last100)  0.5062 | sigma 0.0243 | elapsed 5743.4s
step  1615000 | reward(last100)  0.4612 | sigma 0.0243 | elapsed 5759.9s
step  1620000 | reward(last100)  0.5485 | sigma 0.0243 | elapsed 5776.4s
step  1625000 | reward(last100)  0.4818 | sigma 0.0243 | elapsed 5792.7s
step  1630000 | reward(last100)  0.4841 | sigma 0.0243 | elapsed 5810.3s
step  1635000 | reward(last100)  0.5378 | sigma 0.0243 | elapsed 5828.3s
step  1640000 | reward(last100)  0.5617 | sigma 0.0243 | elapsed 5848.0s
step  1645000 | reward(last100)  0.5387 | sigma 0.0243 | elapsed 5869.9s
step  1650000 | reward(last100)  0.4951 | sigma 0.0243 | elapsed 5887.0s
step  1655000 | reward(last100)  0.4925 | sigma 0.0242 | elapsed 5903.7s
step  1660000 | reward(last100)  0.5484 | sigma 0.0242 | elapsed 5919.9s
step  1665000 | reward(last100)  0.5837 | sigma 0.0242 | elapsed 5936.2s
step  1670000 | reward(last100)  0.5727 | sigma 0.0242 | elapsed 5952.7s
step  1675000 | reward(last100)  0.6129 | sigma 0.0242 | elapsed 5970.7s
step  1680000 | reward(last100)  0.4938 | sigma 0.0242 | elapsed 5987.5s
step  1685000 | reward(last100)  0.5745 | sigma 0.0242 | elapsed 6003.8s
step  1690000 | reward(last100)  0.5006 | sigma 0.0242 | elapsed 6020.1s
step  1695000 | reward(last100)  0.5488 | sigma 0.0242 | elapsed 6037.2s
step  1700000 | reward(last100)  0.4943 | sigma 0.0242 | elapsed 6055.3s
step  1705000 | reward(last100)  0.5672 | sigma 0.0243 | elapsed 6072.5s
step  1710000 | reward(last100)  0.5127 | sigma 0.0242 | elapsed 6088.9s
step  1715000 | reward(last100)  0.5008 | sigma 0.0242 | elapsed 6105.3s
step  1720000 | reward(last100)  0.5461 | sigma 0.0242 | elapsed 6122.9s
step  1725000 | reward(last100)  0.5637 | sigma 0.0242 | elapsed 6140.9s
step  1730000 | reward(last100)  0.4253 | sigma 0.0242 | elapsed 6159.4s
step  1735000 | reward(last100)  0.5669 | sigma 0.0242 | elapsed 6177.3s
step  1740000 | reward(last100)  0.5612 | sigma 0.0242 | elapsed 6195.3s
step  1745000 | reward(last100)  0.5760 | sigma 0.0242 | elapsed 6213.2s
step  1750000 | reward(last100)  0.5603 | sigma 0.0242 | elapsed 6231.1s
step  1755000 | reward(last100)  0.5136 | sigma 0.0242 | elapsed 6249.0s
step  1760000 | reward(last100)  0.4560 | sigma 0.0242 | elapsed 6266.5s
step  1765000 | reward(last100)  0.5147 | sigma 0.0242 | elapsed 6283.7s
step  1770000 | reward(last100)  0.5681 | sigma 0.0242 | elapsed 6300.0s
step  1775000 | reward(last100)  0.4743 | sigma 0.0242 | elapsed 6316.4s
step  1780000 | reward(last100)  0.4708 | sigma 0.0243 | elapsed 6332.8s
step  1785000 | reward(last100)  0.4832 | sigma 0.0242 | elapsed 6349.1s
step  1790000 | reward(last100)  0.5022 | sigma 0.0242 | elapsed 6369.6s
step  1795000 | reward(last100)  0.5646 | sigma 0.0242 | elapsed 6387.5s
step  1800000 | reward(last100)  0.4890 | sigma 0.0242 | elapsed 6405.9s
step  1805000 | reward(last100)  0.4094 | sigma 0.0242 | elapsed 6424.5s
step  1810000 | reward(last100)  0.5697 | sigma 0.0242 | elapsed 6443.9s
step  1815000 | reward(last100)  0.5916 | sigma 0.0242 | elapsed 6462.1s
step  1820000 | reward(last100)  0.4719 | sigma 0.0242 | elapsed 6480.3s
step  1825000 | reward(last100)  0.5471 | sigma 0.0242 | elapsed 6497.6s
step  1830000 | reward(last100)  0.5455 | sigma 0.0242 | elapsed 6514.1s
step  1835000 | reward(last100)  0.5389 | sigma 0.0242 | elapsed 6530.7s
step  1840000 | reward(last100)  0.5600 | sigma 0.0242 | elapsed 6547.3s
step  1845000 | reward(last100)  0.5478 | sigma 0.0242 | elapsed 6563.9s
step  1850000 | reward(last100)  0.4896 | sigma 0.0242 | elapsed 6580.2s
step  1855000 | reward(last100)  0.4943 | sigma 0.0242 | elapsed 6597.3s
step  1860000 | reward(last100)  0.5740 | sigma 0.0242 | elapsed 6613.9s
step  1865000 | reward(last100)  0.5038 | sigma 0.0242 | elapsed 6630.6s
step  1870000 | reward(last100)  0.5237 | sigma 0.0242 | elapsed 6648.2s
step  1875000 | reward(last100)  0.5207 | sigma 0.0242 | elapsed 6665.7s
step  1880000 | reward(last100)  0.5289 | sigma 0.0242 | elapsed 6683.3s
step  1885000 | reward(last100)  0.5236 | sigma 0.0242 | elapsed 6701.5s
step  1890000 | reward(last100)  0.4788 | sigma 0.0242 | elapsed 6720.2s
step  1895000 | reward(last100)  0.5156 | sigma 0.0242 | elapsed 6738.8s
step  1900000 | reward(last100)  0.5061 | sigma 0.0242 | elapsed 6755.8s
step  1905000 | reward(last100)  0.5154 | sigma 0.0242 | elapsed 6777.6s
step  1910000 | reward(last100)  0.5054 | sigma 0.0242 | elapsed 6795.9s
step  1915000 | reward(last100)  0.5454 | sigma 0.0242 | elapsed 6813.9s
step  1920000 | reward(last100)  0.5344 | sigma 0.0242 | elapsed 6830.3s
step  1925000 | reward(last100)  0.4754 | sigma 0.0242 | elapsed 6846.8s
step  1930000 | reward(last100)  0.5194 | sigma 0.0242 | elapsed 6863.2s
step  1935000 | reward(last100)  0.5173 | sigma 0.0242 | elapsed 6879.7s
step  1940000 | reward(last100)  0.4953 | sigma 0.0242 | elapsed 6896.0s
step  1945000 | reward(last100)  0.4100 | sigma 0.0242 | elapsed 6912.3s
step  1950000 | reward(last100)  0.5206 | sigma 0.0242 | elapsed 6928.7s
step  1955000 | reward(last100)  0.4561 | sigma 0.0241 | elapsed 6945.4s
step  1960000 | reward(last100)  0.4770 | sigma 0.0241 | elapsed 6961.7s
step  1965000 | reward(last100)  0.5218 | sigma 0.0241 | elapsed 6978.1s
step  1970000 | reward(last100)  0.5357 | sigma 0.0241 | elapsed 6994.5s
step  1975000 | reward(last100)  0.5425 | sigma 0.0241 | elapsed 7010.8s
step  1980000 | reward(last100)  0.5360 | sigma 0.0242 | elapsed 7027.0s
step  1985000 | reward(last100)  0.5848 | sigma 0.0241 | elapsed 7048.8s
step  1990000 | reward(last100)  0.5587 | sigma 0.0241 | elapsed 7071.6s
step  1995000 | reward(last100)  0.5585 | sigma 0.0241 | elapsed 7094.6s
step  2000000 | reward(last100)  0.6119 | sigma 0.0241 | elapsed 7117.6s
step  2005000 | reward(last100)  0.5087 | sigma 0.0241 | elapsed 7136.6s
step  2010000 | reward(last100)  0.5366 | sigma 0.0241 | elapsed 7154.4s
step  2015000 | reward(last100)  0.5329 | sigma 0.0241 | elapsed 7171.9s
step  2020000 | reward(last100)  0.6086 | sigma 0.0241 | elapsed 7191.0s
step  2025000 | reward(last100)  0.4529 | sigma 0.0241 | elapsed 7209.1s
step  2030000 | reward(last100)  0.5260 | sigma 0.0241 | elapsed 7227.2s
step  2035000 | reward(last100)  0.5765 | sigma 0.0241 | elapsed 7245.2s
step  2040000 | reward(last100)  0.4940 | sigma 0.0241 | elapsed 7263.2s
step  2045000 | reward(last100)  0.4768 | sigma 0.0241 | elapsed 7281.2s
step  2050000 | reward(last100)  0.4820 | sigma 0.0241 | elapsed 7299.2s
step  2055000 | reward(last100)  0.6612 | sigma 0.0241 | elapsed 7315.7s
step  2060000 | reward(last100)  0.5548 | sigma 0.0241 | elapsed 7331.8s
step  2065000 | reward(last100)  0.5557 | sigma 0.0241 | elapsed 7348.0s
step  2070000 | reward(last100)  0.5973 | sigma 0.0241 | elapsed 7364.2s
step  2075000 | reward(last100)  0.4847 | sigma 0.0241 | elapsed 7380.4s
step  2080000 | reward(last100)  0.4736 | sigma 0.0241 | elapsed 7396.7s
step  2085000 | reward(last100)  0.4970 | sigma 0.0241 | elapsed 7412.9s
step  2090000 | reward(last100)  0.6076 | sigma 0.0241 | elapsed 7429.1s
step  2095000 | reward(last100)  0.5309 | sigma 0.0241 | elapsed 7445.3s
step  2100000 | reward(last100)  0.4972 | sigma 0.0241 | elapsed 7461.6s
step  2105000 | reward(last100)  0.5390 | sigma 0.0241 | elapsed 7480.5s
step  2110000 | reward(last100)  0.5472 | sigma 0.0241 | elapsed 7500.2s
step  2115000 | reward(last100)  0.5229 | sigma 0.0241 | elapsed 7520.9s
step  2120000 | reward(last100)  0.5801 | sigma 0.0241 | elapsed 7538.7s
step  2125000 | reward(last100)  0.5074 | sigma 0.0241 | elapsed 7554.8s
step  2130000 | reward(last100)  0.4406 | sigma 0.0241 | elapsed 7571.0s
step  2135000 | reward(last100)  0.4892 | sigma 0.0242 | elapsed 7587.1s
step  2140000 | reward(last100)  0.4659 | sigma 0.0241 | elapsed 7603.2s
step  2145000 | reward(last100)  0.5209 | sigma 0.0242 | elapsed 7619.3s
step  2150000 | reward(last100)  0.5287 | sigma 0.0241 | elapsed 7635.4s
step  2155000 | reward(last100)  0.5407 | sigma 0.0242 | elapsed 7651.8s
step  2160000 | reward(last100)  0.4710 | sigma 0.0241 | elapsed 7667.9s
step  2165000 | reward(last100)  0.4726 | sigma 0.0242 | elapsed 7683.9s
step  2170000 | reward(last100)  0.5983 | sigma 0.0241 | elapsed 7699.9s
step  2175000 | reward(last100)  0.5863 | sigma 0.0241 | elapsed 7716.4s
step  2180000 | reward(last100)  0.5544 | sigma 0.0242 | elapsed 7734.2s
step  2185000 | reward(last100)  0.5313 | sigma 0.0242 | elapsed 7751.5s
step  2190000 | reward(last100)  0.5141 | sigma 0.0241 | elapsed 7767.3s
step  2195000 | reward(last100)  0.5176 | sigma 0.0242 | elapsed 7783.1s
step  2200000 | reward(last100)  0.5542 | sigma 0.0241 | elapsed 7798.8s
step  2205000 | reward(last100)  0.5856 | sigma 0.0241 | elapsed 7814.9s
step  2210000 | reward(last100)  0.5038 | sigma 0.0241 | elapsed 7830.6s
step  2215000 | reward(last100)  0.5585 | sigma 0.0241 | elapsed 7846.3s
step  2220000 | reward(last100)  0.5596 | sigma 0.0241 | elapsed 7862.0s
step  2225000 | reward(last100)  0.5295 | sigma 0.0241 | elapsed 7877.8s
step  2230000 | reward(last100)  0.5207 | sigma 0.0241 | elapsed 7893.4s
step  2235000 | reward(last100)  0.4904 | sigma 0.0241 | elapsed 7909.0s
step  2240000 | reward(last100)  0.6180 | sigma 0.0241 | elapsed 7924.7s
step  2245000 | reward(last100)  0.5553 | sigma 0.0241 | elapsed 7940.3s
step  2250000 | reward(last100)  0.5761 | sigma 0.0241 | elapsed 7955.8s
step  2255000 | reward(last100)  0.5834 | sigma 0.0241 | elapsed 7971.8s
step  2260000 | reward(last100)  0.5057 | sigma 0.0241 | elapsed 7987.4s
step  2265000 | reward(last100)  0.5949 | sigma 0.0241 | elapsed 8003.2s
step  2270000 | reward(last100)  0.5136 | sigma 0.0241 | elapsed 8018.9s
step  2275000 | reward(last100)  0.5127 | sigma 0.0241 | elapsed 8034.6s
step  2280000 | reward(last100)  0.5389 | sigma 0.0241 | elapsed 8050.2s
step  2285000 | reward(last100)  0.4979 | sigma 0.0241 | elapsed 8065.9s
step  2290000 | reward(last100)  0.5262 | sigma 0.0241 | elapsed 8081.5s
step  2295000 | reward(last100)  0.4978 | sigma 0.0241 | elapsed 8097.2s
step  2300000 | reward(last100)  0.4940 | sigma 0.0241 | elapsed 8112.8s
step  2305000 | reward(last100)  0.5924 | sigma 0.0241 | elapsed 8128.7s
step  2310000 | reward(last100)  0.5761 | sigma 0.0241 | elapsed 8144.2s
step  2315000 | reward(last100)  0.4959 | sigma 0.0241 | elapsed 8159.8s
step  2320000 | reward(last100)  0.5146 | sigma 0.0241 | elapsed 8175.4s
step  2325000 | reward(last100)  0.5216 | sigma 0.0241 | elapsed 8192.3s
step  2330000 | reward(last100)  0.5096 | sigma 0.0241 | elapsed 8209.8s
step  2335000 | reward(last100)  0.4282 | sigma 0.0241 | elapsed 8227.7s
step  2340000 | reward(last100)  0.4859 | sigma 0.0241 | elapsed 8245.6s
step  2345000 | reward(last100)  0.5211 | sigma 0.0241 | elapsed 8263.4s
step  2350000 | reward(last100)  0.5014 | sigma 0.0240 | elapsed 8281.5s
step  2355000 | reward(last100)  0.4932 | sigma 0.0241 | elapsed 8297.4s
step  2360000 | reward(last100)  0.5560 | sigma 0.0240 | elapsed 8313.0s
step  2365000 | reward(last100)  0.5168 | sigma 0.0241 | elapsed 8328.6s
step  2370000 | reward(last100)  0.5010 | sigma 0.0241 | elapsed 8344.4s
step  2375000 | reward(last100)  0.5052 | sigma 0.0241 | elapsed 8360.0s
step  2380000 | reward(last100)  0.4708 | sigma 0.0241 | elapsed 8375.7s
step  2385000 | reward(last100)  0.4714 | sigma 0.0241 | elapsed 8391.3s
step  2390000 | reward(last100)  0.4974 | sigma 0.0241 | elapsed 8407.0s
step  2395000 | reward(last100)  0.5073 | sigma 0.0241 | elapsed 8422.6s
step  2400000 | reward(last100)  0.5827 | sigma 0.0241 | elapsed 8438.3s
step  2405000 | reward(last100)  0.5323 | sigma 0.0240 | elapsed 8454.3s
step  2410000 | reward(last100)  0.5949 | sigma 0.0241 | elapsed 8470.0s
step  2415000 | reward(last100)  0.5473 | sigma 0.0241 | elapsed 8485.7s
step  2420000 | reward(last100)  0.5557 | sigma 0.0240 | elapsed 8501.3s
step  2425000 | reward(last100)  0.5327 | sigma 0.0241 | elapsed 8517.0s
step  2430000 | reward(last100)  0.5823 | sigma 0.0241 | elapsed 8532.7s
step  2435000 | reward(last100)  0.5378 | sigma 0.0241 | elapsed 8548.4s
step  2440000 | reward(last100)  0.5530 | sigma 0.0241 | elapsed 8564.1s
step  2445000 | reward(last100)  0.5926 | sigma 0.0241 | elapsed 8579.8s
step  2450000 | reward(last100)  0.5395 | sigma 0.0241 | elapsed 8595.6s
step  2455000 | reward(last100)  0.5467 | sigma 0.0241 | elapsed 8613.5s
step  2460000 | reward(last100)  0.4907 | sigma 0.0241 | elapsed 8630.3s
step  2465000 | reward(last100)  0.5588 | sigma 0.0241 | elapsed 8646.1s
step  2470000 | reward(last100)  0.4918 | sigma 0.0241 | elapsed 8661.8s
step  2475000 | reward(last100)  0.5589 | sigma 0.0241 | elapsed 8677.6s
step  2480000 | reward(last100)  0.5621 | sigma 0.0241 | elapsed 8693.5s
step  2485000 | reward(last100)  0.4779 | sigma 0.0241 | elapsed 8709.3s
step  2490000 | reward(last100)  0.5291 | sigma 0.0241 | elapsed 8725.2s
step  2495000 | reward(last100)  0.5472 | sigma 0.0241 | elapsed 8741.0s
step  2500000 | reward(last100)  0.6285 | sigma 0.0241 | elapsed 8756.9s
step  2505000 | reward(last100)  0.4601 | sigma 0.0241 | elapsed 8773.4s
step  2510000 | reward(last100)  0.4827 | sigma 0.0241 | elapsed 8789.4s
step  2515000 | reward(last100)  0.5054 | sigma 0.0241 | elapsed 8805.4s
step  2520000 | reward(last100)  0.5995 | sigma 0.0241 | elapsed 8821.4s
step  2525000 | reward(last100)  0.5344 | sigma 0.0241 | elapsed 8837.4s
step  2530000 | reward(last100)  0.5093 | sigma 0.0241 | elapsed 8853.3s
step  2535000 | reward(last100)  0.6058 | sigma 0.0241 | elapsed 8869.3s
step  2540000 | reward(last100)  0.4999 | sigma 0.0241 | elapsed 8885.2s
step  2545000 | reward(last100)  0.4938 | sigma 0.0241 | elapsed 8901.3s
step  2550000 | reward(last100)  0.5817 | sigma 0.0241 | elapsed 8917.7s
step  2555000 | reward(last100)  0.5741 | sigma 0.0241 | elapsed 8935.8s
step  2560000 | reward(last100)  0.4941 | sigma 0.0241 | elapsed 8953.5s
step  2565000 | reward(last100)  0.5725 | sigma 0.0241 | elapsed 8970.8s
step  2570000 | reward(last100)  0.5486 | sigma 0.0241 | elapsed 8986.6s
step  2575000 | reward(last100)  0.4680 | sigma 0.0241 | elapsed 9002.5s
step  2580000 | reward(last100)  0.4689 | sigma 0.0241 | elapsed 9018.4s
step  2585000 | reward(last100)  0.5843 | sigma 0.0241 | elapsed 9034.3s
step  2590000 | reward(last100)  0.5555 | sigma 0.0241 | elapsed 9050.3s
step  2595000 | reward(last100)  0.5752 | sigma 0.0241 | elapsed 9066.2s
step  2600000 | reward(last100)  0.5540 | sigma 0.0241 | elapsed 9083.0s
step  2605000 | reward(last100)  0.5898 | sigma 0.0241 | elapsed 9103.9s
step  2610000 | reward(last100)  0.5703 | sigma 0.0241 | elapsed 9125.0s
step  2615000 | reward(last100)  0.5302 | sigma 0.0241 | elapsed 9143.8s
step  2620000 | reward(last100)  0.4774 | sigma 0.0241 | elapsed 9161.6s
step  2625000 | reward(last100)  0.4736 | sigma 0.0241 | elapsed 9179.3s
step  2630000 | reward(last100)  0.5437 | sigma 0.0241 | elapsed 9197.1s
step  2635000 | reward(last100)  0.5134 | sigma 0.0241 | elapsed 9215.7s
step  2640000 | reward(last100)  0.5912 | sigma 0.0241 | elapsed 9237.0s
step  2645000 | reward(last100)  0.5316 | sigma 0.0241 | elapsed 9258.0s
step  2650000 | reward(last100)  0.5394 | sigma 0.0241 | elapsed 9278.9s
step  2655000 | reward(last100)  0.4956 | sigma 0.0241 | elapsed 9295.7s
step  2660000 | reward(last100)  0.4761 | sigma 0.0241 | elapsed 9312.1s
step  2665000 | reward(last100)  0.5305 | sigma 0.0241 | elapsed 9328.4s
step  2670000 | reward(last100)  0.5866 | sigma 0.0241 | elapsed 9344.7s
step  2675000 | reward(last100)  0.5785 | sigma 0.0241 | elapsed 9360.9s
step  2680000 | reward(last100)  0.5070 | sigma 0.0241 | elapsed 9377.2s
step  2685000 | reward(last100)  0.5524 | sigma 0.0241 | elapsed 9393.4s
step  2690000 | reward(last100)  0.5530 | sigma 0.0241 | elapsed 9409.6s
step  2695000 | reward(last100)  0.5232 | sigma 0.0241 | elapsed 9425.8s
step  2700000 | reward(last100)  0.5207 | sigma 0.0241 | elapsed 9444.3s
step  2705000 | reward(last100)  0.5748 | sigma 0.0241 | elapsed 9467.8s
step  2710000 | reward(last100)  0.5339 | sigma 0.0241 | elapsed 9488.7s
step  2715000 | reward(last100)  0.5710 | sigma 0.0241 | elapsed 9512.2s
step  2720000 | reward(last100)  0.4772 | sigma 0.0241 | elapsed 9534.1s
step  2725000 | reward(last100)  0.5469 | sigma 0.0241 | elapsed 9552.1s
step  2730000 | reward(last100)  0.4759 | sigma 0.0241 | elapsed 9569.5s
step  2735000 | reward(last100)  0.5239 | sigma 0.0241 | elapsed 9586.9s
step  2740000 | reward(last100)  0.5642 | sigma 0.0241 | elapsed 9604.4s
step  2745000 | reward(last100)  0.5881 | sigma 0.0241 | elapsed 9622.3s
step  2750000 | reward(last100)  0.5078 | sigma 0.0241 | elapsed 9640.3s
step  2755000 | reward(last100)  0.5475 | sigma 0.0241 | elapsed 9658.8s
step  2760000 | reward(last100)  0.6000 | sigma 0.0241 | elapsed 9676.4s
step  2765000 | reward(last100)  0.4954 | sigma 0.0240 | elapsed 9693.8s
step  2770000 | reward(last100)  0.5298 | sigma 0.0240 | elapsed 9711.2s
step  2775000 | reward(last100)  0.5770 | sigma 0.0240 | elapsed 9727.7s
step  2780000 | reward(last100)  0.5483 | sigma 0.0240 | elapsed 9743.5s
step  2785000 | reward(last100)  0.5120 | sigma 0.0240 | elapsed 9759.3s
step  2790000 | reward(last100)  0.4538 | sigma 0.0240 | elapsed 9775.1s
step  2795000 | reward(last100)  0.5648 | sigma 0.0240 | elapsed 9791.0s
step  2800000 | reward(last100)  0.5493 | sigma 0.0240 | elapsed 9806.8s
step  2805000 | reward(last100)  0.5065 | sigma 0.0240 | elapsed 9825.3s
step  2810000 | reward(last100)  0.5777 | sigma 0.0240 | elapsed 9843.2s
step  2815000 | reward(last100)  0.4657 | sigma 0.0240 | elapsed 9861.0s
step  2820000 | reward(last100)  0.5277 | sigma 0.0240 | elapsed 9878.6s
step  2825000 | reward(last100)  0.4794 | sigma 0.0240 | elapsed 9896.1s
step  2830000 | reward(last100)  0.4777 | sigma 0.0240 | elapsed 9912.2s
step  2835000 | reward(last100)  0.5220 | sigma 0.0240 | elapsed 9928.0s
step  2840000 | reward(last100)  0.5477 | sigma 0.0240 | elapsed 9943.7s
step  2845000 | reward(last100)  0.5412 | sigma 0.0240 | elapsed 9959.5s
step  2850000 | reward(last100)  0.6137 | sigma 0.0240 | elapsed 9975.2s
step  2855000 | reward(last100)  0.5073 | sigma 0.0240 | elapsed 9991.7s
step  2860000 | reward(last100)  0.5105 | sigma 0.0240 | elapsed 10007.5s
step  2865000 | reward(last100)  0.4918 | sigma 0.0240 | elapsed 10023.3s
step  2870000 | reward(last100)  0.4915 | sigma 0.0240 | elapsed 10039.3s
step  2875000 | reward(last100)  0.5636 | sigma 0.0240 | elapsed 10055.1s
step  2880000 | reward(last100)  0.5393 | sigma 0.0240 | elapsed 10072.3s
step  2885000 | reward(last100)  0.5241 | sigma 0.0240 | elapsed 10090.0s
step  2890000 | reward(last100)  0.5744 | sigma 0.0240 | elapsed 10106.8s
step  2895000 | reward(last100)  0.5043 | sigma 0.0240 | elapsed 10124.4s
step  2900000 | reward(last100)  0.4877 | sigma 0.0240 | elapsed 10142.0s
step  2905000 | reward(last100)  0.5262 | sigma 0.0240 | elapsed 10160.3s
step  2910000 | reward(last100)  0.4271 | sigma 0.0240 | elapsed 10177.9s
step  2915000 | reward(last100)  0.5908 | sigma 0.0240 | elapsed 10195.5s
step  2920000 | reward(last100)  0.5389 | sigma 0.0240 | elapsed 10212.8s
step  2925000 | reward(last100)  0.5648 | sigma 0.0240 | elapsed 10228.6s
step  2930000 | reward(last100)  0.5253 | sigma 0.0240 | elapsed 10244.3s
step  2935000 | reward(last100)  0.5351 | sigma 0.0240 | elapsed 10260.1s
step  2940000 | reward(last100)  0.5462 | sigma 0.0240 | elapsed 10275.9s
step  2945000 | reward(last100)  0.5530 | sigma 0.0240 | elapsed 10291.7s
step  2950000 | reward(last100)  0.5280 | sigma 0.0240 | elapsed 10307.5s
step  2955000 | reward(last100)  0.5539 | sigma 0.0240 | elapsed 10325.6s
step  2960000 | reward(last100)  0.5282 | sigma 0.0240 | elapsed 10343.3s
step  2965000 | reward(last100)  0.5052 | sigma 0.0240 | elapsed 10361.0s
step  2970000 | reward(last100)  0.5335 | sigma 0.0240 | elapsed 10378.6s
step  2975000 | reward(last100)  0.5369 | sigma 0.0240 | elapsed 10396.3s
step  2980000 | reward(last100)  0.5222 | sigma 0.0240 | elapsed 10416.1s
step  2985000 | reward(last100)  0.5493 | sigma 0.0240 | elapsed 10437.4s
step  2990000 | reward(last100)  0.6036 | sigma 0.0240 | elapsed 10458.2s
step  2995000 | reward(last100)  0.5364 | sigma 0.0240 | elapsed 10479.0s
step  3000000 | reward(last100)  0.5327 | sigma 0.0240 | elapsed 10499.8s
