step     5000 | reward(last100)  0.0319 | eps 0.976 | elapsed    1.6s
step    10000 | reward(last100)  0.0376 | eps 0.953 | elapsed    3.2s
step    15000 | reward(last100)  0.0757 | eps 0.929 | elapsed   18.3s
step    20000 | reward(last100)  0.1252 | eps 0.905 | elapsed   33.2s
step    25000 | reward(last100)  0.1695 | eps 0.881 | elapsed   48.2s
step    30000 | reward(last100)  0.1976 | eps 0.858 | elapsed   63.2s
step    35000 | reward(last100)  0.1971 | eps 0.834 | elapsed   78.1s
step    40000 | reward(last100)  0.1738 | eps 0.810 | elapsed   93.6s
step    45000 | reward(last100)  0.1521 | eps 0.786 | elapsed  109.8s
step    50000 | reward(last100)  0.1073 | eps 0.762 | elapsed  126.6s
step    55000 | reward(last100)  0.0896 | eps 0.739 | elapsed  144.2s
step    60000 | reward(last100)  0.0963 | eps 0.715 | elapsed  161.0s
step    65000 | reward(last100)  0.1169 | eps 0.691 | elapsed  176.4s
step    70000 | reward(last100)  0.1381 | eps 0.667 | elapsed  191.3s
step    75000 | reward(last100)  0.1808 | eps 0.644 | elapsed  204.9s
step    80000 | reward(last100)  0.2116 | eps 0.620 | elapsed  218.9s
step    85000 | reward(last100)  0.2182 | eps 0.596 | elapsed  233.7s
step    90000 | reward(last100)  0.2259 | eps 0.573 | elapsed  248.5s
step    95000 | reward(last100)  0.2127 | eps 0.549 | elapsed  263.3s
step   100000 | reward(last100)  0.1705 | eps 0.525 | elapsed  275.6s
step   105000 | reward(last100)  0.1798 | eps 0.501 | elapsed  291.9s
step   110000 | reward(last100)  0.1665 | eps 0.478 | elapsed  305.6s
step   115000 | reward(last100)  0.2797 | eps 0.454 | elapsed  315.4s
step   120000 | reward(last100)  0.6980 | eps 0.430 | elapsed  326.0s
step   125000 | reward(last100)  0.7789 | eps 0.406 | elapsed  338.4s
step   130000 | reward(last100)  0.6286 | eps 0.383 | elapsed  354.3s
step   135000 | reward(last100)  0.4776 | eps 0.359 | elapsed  371.4s
step   140000 | reward(last100)  0.3208 | eps 0.335 | elapsed  387.5s
step   145000 | reward(last100)  0.1779 | eps 0.311 | elapsed  404.1s
step   150000 | reward(last100)  0.1077 | eps 0.288 | elapsed  417.7s
step   155000 | reward(last100)  0.0673 | eps 0.264 | elapsed  427.9s
step   160000 | reward(last100)  0.0833 | eps 0.240 | elapsed  440.3s
step   165000 | reward(last100)  0.2337 | eps 0.216 | elapsed  452.9s
step   170000 | reward(last100)  0.4292 | eps 0.193 | elapsed  467.8s
step   175000 | reward(last100)  0.4382 | eps 0.169 | elapsed  483.8s
step   180000 | reward(last100)  0.4319 | eps 0.145 | elapsed  499.7s
step   185000 | reward(last100)  0.4727 | eps 0.121 | elapsed  515.7s
step   190000 | reward(last100)  0.6547 | eps 0.098 | elapsed  531.6s
step   195000 | reward(last100)  0.7364 | eps 0.074 | elapsed  548.7s
step   200000 | reward(last100)  0.9092 | eps 0.050 | elapsed  564.1s
step   205000 | reward(last100)  0.8909 | eps 0.050 | elapsed  580.4s
step   210000 | reward(last100)  0.9066 | eps 0.050 | elapsed  596.1s
step   215000 | reward(last100)  0.7957 | eps 0.050 | elapsed  611.6s
step   220000 | reward(last100)  0.8051 | eps 0.050 | elapsed  626.9s
step   225000 | reward(last100)  0.8908 | eps 0.050 | elapsed  641.4s
step   230000 | reward(last100)  0.9121 | eps 0.050 | elapsed  656.6s
step   235000 | reward(last100)  0.8898 | eps 0.050 | elapsed  672.4s
step   240000 | reward(last100)  0.9294 | eps 0.050 | elapsed  688.5s
step   245000 | reward(last100)  0.8906 | eps 0.050 | elapsed  704.4s
step   250000 | reward(last100)  0.8583 | eps 0.050 | elapsed  720.5s
step   255000 | reward(last100)  0.9297 | eps 0.050 | elapsed  733.5s
step   260000 | reward(last100)  0.9374 | eps 0.050 | elapsed  746.6s
step   265000 | reward(last100)  0.9485 | eps 0.050 | elapsed  762.9s
step   270000 | reward(last100)  0.9421 | eps 0.050 | elapsed  779.0s
step   275000 | reward(last100)  0.9507 | eps 0.050 | elapsed  795.0s
step   280000 | reward(last100)  0.9461 | eps 0.050 | elapsed  810.9s
step   285000 | reward(last100)  0.9554 | eps 0.050 | elapsed  826.3s
step   290000 | reward(last100)  0.9539 | eps 0.050 | elapsed  841.4s
step   295000 | reward(last100)  0.9515 | eps 0.050 | elapsed  854.6s
step   300000 | reward(last100)  0.9549 | eps 0.050 | elapsed  867.7s
step   305000 | reward(last100)  0.9529 | eps 0.050 | elapsed  883.7s
step   310000 | reward(last100)  0.9461 | eps 0.050 | elapsed  899.9s
step   315000 | reward(last100)  0.9554 | eps 0.050 | elapsed  916.0s
step   320000 | reward(last100)  0.9533 | eps 0.050 | elapsed  930.9s
step   325000 | reward(last100)  0.9532 | eps 0.050 | elapsed  946.0s
step   330000 | reward(last100)  0.9561 | eps 0.050 | elapsed  962.3s
step   335000 | reward(last100)  0.9549 | eps 0.050 | elapsed  978.1s
step   340000 | reward(last100)  0.9558 | eps 0.050 | elapsed  990.5s
step   345000 | reward(last100)  0.9546 | eps 0.050 | elapsed 1006.7s
step   350000 | reward(last100)  0.9554 | eps 0.050 | elapsed 1019.0s
step   355000 | reward(last100)  0.9546 | eps 0.050 | elapsed 1036.7s
step   360000 | reward(last100)  0.9555 | eps 0.050 | elapsed 1054.6s
step   365000 | reward(last100)  0.9549 | eps 0.050 | elapsed 1069.1s
step   370000 | reward(last100)  0.9538 | eps 0.050 | elapsed 1084.2s
step   375000 | reward(last100)  0.9543 | eps 0.050 | elapsed 1101.4s
step   380000 | reward(last100)  0.9541 | eps 0.050 | elapsed 1118.5s
step   385000 | reward(last100)  0.9543 | eps 0.050 | elapsed 1135.8s
step   390000 | reward(last100)  0.9549 | eps 0.050 | elapsed 1153.1s
step   395000 | reward(last100)  0.9522 | eps 0.050 | elapsed 1169.5s
step   400000 | reward(last100)  0.9543 | eps 0.050 | elapsed 1182.4s
step   405000 | reward(last100)  0.9552 | eps 0.050 | elapsed 1199.8s
step   410000 | reward(last100)  0.9549 | eps 0.050 | elapsed 1214.1s
step   415000 | reward(last100)  0.9522 | eps 0.050 | elapsed 1228.5s
step   420000 | reward(last100)  0.9545 | eps 0.050 | elapsed 1245.0s
step   425000 | reward(last100)  0.9559 | eps 0.050 | elapsed 1260.4s
step   430000 | reward(last100)  0.9561 | eps 0.050 | elapsed 1274.9s
step   435000 | reward(last100)  0.9521 | eps 0.050 | elapsed 1289.7s
step   440000 | reward(last100)  0.9549 | eps 0.050 | elapsed 1305.1s
step   445000 | reward(last100)  0.9541 | eps 0.050 | elapsed 1320.0s
step   450000 | reward(last100)  0.9547 | eps 0.050 | elapsed 1335.9s
step   455000 | reward(last100)  0.9552 | eps 0.050 | elapsed 1349.0s
step   460000 | reward(last100)  0.9512 | eps 0.050 | elapsed 1364.6s
step   465000 | reward(last100)  0.9555 | eps 0.050 | elapsed 1379.2s
step   470000 | reward(last100)  0.9554 | eps 0.050 | elapsed 1391.5s
step   475000 | reward(last100)  0.9549 | eps 0.050 | elapsed 1406.3s
step   480000 | reward(last100)  0.9553 | eps 0.050 | elapsed 1423.2s
step   485000 | reward(last100)  0.9523 | eps 0.050 | elapsed 1439.7s
step   490000 | reward(last100)  0.9481 | eps 0.050 | elapsed 1456.1s
step   495000 | reward(last100)  0.9550 | eps 0.050 | elapsed 1470.3s
step   500000 | reward(last100)  0.9557 | eps 0.050 | elapsed 1481.9s
