step     5000 | reward(last100)  0.0098 | eps 0.976 | elapsed    0.9s
step    10000 | reward(last100)  0.0189 | eps 0.953 | elapsed    1.9s
step    15000 | reward(last100)  0.0216 | eps 0.929 | elapsed    8.7s
step    20000 | reward(last100)  0.0332 | eps 0.905 | elapsed   15.3s
step    25000 | reward(last100)  0.0505 | eps 0.881 | elapsed   22.0s
step    30000 | reward(last100)  0.0575 | eps 0.858 | elapsed   28.8s
step    35000 | reward(last100)  0.0587 | eps 0.834 | elapsed   35.6s
step    40000 | reward(last100)  0.0701 | eps 0.810 | elapsed   42.4s
step    45000 | reward(last100)  0.0803 | eps 0.786 | elapsed   49.2s
step    50000 | reward(last100)  0.0856 | eps 0.762 | elapsed   56.0s
step    55000 | reward(last100)  0.1035 | eps 0.739 | elapsed   63.2s
step    60000 | reward(last100)  0.1185 | eps 0.715 | elapsed   70.0s
step    65000 | reward(last100)  0.1216 | eps 0.691 | elapsed   76.9s
step    70000 | reward(last100)  0.1620 | eps 0.667 | elapsed   83.7s
step    75000 | reward(last100)  0.1726 | eps 0.644 | elapsed   90.6s
step    80000 | reward(last100)  0.2125 | eps 0.620 | elapsed   97.6s
step    85000 | reward(last100)  0.2320 | eps 0.596 | elapsed  104.6s
step    90000 | reward(last100)  0.2349 | eps 0.573 | elapsed  111.7s
step    95000 | reward(last100)  0.2499 | eps 0.549 | elapsed  118.8s
step   100000 | reward(last100)  0.2973 | eps 0.525 | elapsed  125.9s
step   105000 | reward(last100)  0.3279 | eps 0.501 | elapsed  133.4s
step   110000 | reward(last100)  0.3496 | eps 0.478 | elapsed  140.7s
step   115000 | reward(last100)  0.3353 | eps 0.454 | elapsed  148.0s
step   120000 | reward(last100)  0.3253 | eps 0.430 | elapsed  155.3s
step   125000 | reward(last100)  0.3004 | eps 0.406 | elapsed  162.6s
step   130000 | reward(last100)  0.3005 | eps 0.383 | elapsed  169.8s
step   135000 | reward(last100)  0.2617 | eps 0.359 | elapsed  177.0s
step   140000 | reward(last100)  0.2330 | eps 0.335 | elapsed  184.1s
step   145000 | reward(last100)  0.2374 | eps 0.311 | elapsed  191.4s
step   150000 | reward(last100)  0.2117 | eps 0.288 | elapsed  198.8s
step   155000 | reward(last100)  0.1805 | eps 0.264 | elapsed  208.2s
step   160000 | reward(last100)  0.1523 | eps 0.240 | elapsed  218.9s
step   165000 | reward(last100)  0.1199 | eps 0.216 | elapsed  229.5s
step   170000 | reward(last100)  0.1135 | eps 0.193 | elapsed  240.2s
step   175000 | reward(last100)  0.0968 | eps 0.169 | elapsed  251.1s
step   180000 | reward(last100)  0.0833 | eps 0.145 | elapsed  260.1s
step   185000 | reward(last100)  0.0768 | eps 0.121 | elapsed  267.7s
step   190000 | reward(last100)  0.0679 | eps 0.098 | elapsed  275.3s
step   195000 | reward(last100)  0.0723 | eps 0.074 | elapsed  283.0s
step   200000 | reward(last100)  0.0645 | eps 0.050 | elapsed  290.6s
step   205000 | reward(last100)  0.0423 | eps 0.050 | elapsed  299.5s
step   210000 | reward(last100)  0.0197 | eps 0.050 | elapsed  309.8s
step   215000 | reward(last100)  0.0290 | eps 0.050 | elapsed  321.0s
step   220000 | reward(last100)  0.0358 | eps 0.050 | elapsed  332.1s
step   225000 | reward(last100)  0.0358 | eps 0.050 | elapsed  343.3s
step   230000 | reward(last100)  0.0314 | eps 0.050 | elapsed  352.2s
step   235000 | reward(last100)  0.0400 | eps 0.050 | elapsed  360.2s
step   240000 | reward(last100)  0.0486 | eps 0.050 | elapsed  368.2s
step   245000 | reward(last100)  0.0766 | eps 0.050 | elapsed  376.3s
step   250000 | reward(last100)  0.0785 | eps 0.050 | elapsed  384.5s
step   255000 | reward(last100)  0.1151 | eps 0.050 | elapsed  393.3s
step   260000 | reward(last100)  0.1467 | eps 0.050 | elapsed  401.6s
step   265000 | reward(last100)  0.1862 | eps 0.050 | elapsed  410.1s
step   270000 | reward(last100)  0.2112 | eps 0.050 | elapsed  418.6s
step   275000 | reward(last100)  0.2305 | eps 0.050 | elapsed  427.4s
step   280000 | reward(last100)  0.2437 | eps 0.050 | elapsed  436.8s
step   285000 | reward(last100)  0.3055 | eps 0.050 | elapsed  445.6s
step   290000 | reward(last100)  0.4123 | eps 0.050 | elapsed  454.3s
step   295000 | reward(last100)  0.4648 | eps 0.050 | elapsed  463.0s
step   300000 | reward(last100)  0.4531 | eps 0.050 | elapsed  471.8s
step   305000 | reward(last100)  0.4431 | eps 0.050 | elapsed  484.5s
step   310000 | reward(last100)  0.3988 | eps 0.050 | elapsed  495.6s
step   315000 | reward(last100)  0.3505 | eps 0.050 | elapsed  504.5s
step   320000 | reward(last100)  0.3510 | eps 0.050 | elapsed  513.4s
step   325000 | reward(last100)  0.3764 | eps 0.050 | elapsed  523.3s
step   330000 | reward(last100)  0.4355 | eps 0.050 | elapsed  534.2s
step   335000 | reward(last100)  0.5224 | eps 0.050 | elapsed  545.7s
step   340000 | reward(last100)  0.5806 | eps 0.050 | elapsed  557.1s
step   345000 | reward(last100)  0.5422 | eps 0.050 | elapsed  568.6s
step   350000 | reward(last100)  0.5616 | eps 0.050 | elapsed  578.5s
step   355000 | reward(last100)  0.7796 | eps 0.050 | elapsed  590.0s
step   360000 | reward(last100)  0.8237 | eps 0.050 | elapsed  600.2s
step   365000 | reward(last100)  0.7155 | eps 0.050 | elapsed  612.4s
step   370000 | reward(last100)  0.6692 | eps 0.050 | elapsed  623.4s
step   375000 | reward(last100)  0.6626 | eps 0.050 | elapsed  633.6s
step   380000 | reward(last100)  0.8672 | eps 0.050 | elapsed  644.6s
step   385000 | reward(last100)  0.9095 | eps 0.050 | elapsed  653.6s
step   390000 | reward(last100)  0.9027 | eps 0.050 | elapsed  662.6s
step   395000 | reward(last100)  0.8213 | eps 0.050 | elapsed  674.7s
step   400000 | reward(last100)  0.8801 | eps 0.050 | elapsed  687.5s
step   405000 | reward(last100)  0.8653 | eps 0.050 | elapsed  697.5s
step   410000 | reward(last100)  0.8229 | eps 0.050 | elapsed  707.0s
step   415000 | reward(last100)  0.8381 | eps 0.050 | elapsed  715.9s
step   420000 | reward(last100)  0.8648 | eps 0.050 | elapsed  724.9s
step   425000 | reward(last100)  0.9165 | eps 0.050 | elapsed  734.1s
step   430000 | reward(last100)  0.9293 | eps 0.050 | elapsed  743.2s
step   435000 | reward(last100)  0.9240 | eps 0.050 | elapsed  755.2s
step   440000 | reward(last100)  0.9331 | eps 0.050 | elapsed  767.6s
step   445000 | reward(last100)  0.9313 | eps 0.050 | elapsed  780.2s
step   450000 | reward(last100)  0.9418 | eps 0.050 | elapsed  792.7s
step   455000 | reward(last100)  0.9446 | eps 0.050 | elapsed  802.4s
step   460000 | reward(last100)  0.9408 | eps 0.050 | elapsed  812.8s
step   465000 | reward(last100)  0.8956 | eps 0.050 | elapsed  822.3s
step   470000 | reward(last100)  0.9063 | eps 0.050 | elapsed  832.0s
step   475000 | reward(last100)  0.9454 | eps 0.050 | elapsed  841.2s
step   480000 | reward(last100)  0.9504 | eps 0.050 | elapsed  850.3s
step   485000 | reward(last100)  0.9364 | eps 0.050 | elapsed  859.6s
step   490000 | reward(last100)  0.9383 | eps 0.050 | elapsed  871.1s
step   495000 | reward(last100)  0.9276 | eps 0.050 | elapsed  884.1s
step   500000 | reward(last100)  0.9469 | eps 0.050 | elapsed  897.2s
step   505000 | reward(last100)  0.9097 | eps 0.050 | elapsed  907.0s
step   510000 | reward(last100)  0.8928 | eps 0.050 | elapsed  916.7s
step   515000 | reward(last100)  0.9130 | eps 0.050 | elapsed  927.2s
step   520000 | reward(last100)  0.9579 | eps 0.050 | elapsed  937.6s
step   525000 | reward(last100)  0.9494 | eps 0.050 | elapsed  950.1s
step   530000 | reward(last100)  0.9196 | eps 0.050 | elapsed  959.5s
step   535000 | reward(last100)  0.9351 | eps 0.050 | elapsed  970.9s
step   540000 | reward(last100)  0.9015 | eps 0.050 | elapsed  981.7s
step   545000 | reward(last100)  0.9441 | eps 0.050 | elapsed  991.6s
step   550000 | reward(last100)  0.8995 | eps 0.050 | elapsed 1001.2s
step   555000 | reward(last100)  0.9142 | eps 0.050 | elapsed 1011.6s
step   560000 | reward(last100)  0.8664 | eps 0.050 | elapsed 1022.5s
step   565000 | reward(last100)  0.8962 | eps 0.050 | elapsed 1032.8s
step   570000 | reward(last100)  0.9261 | eps 0.050 | elapsed 1044.6s
step   575000 | reward(last100)  0.9553 | eps 0.050 | elapsed 1054.0s
step   580000 | reward(last100)  0.9534 | eps 0.050 | elapsed 1063.3s
step   585000 | reward(last100)  0.9234 | eps 0.050 | elapsed 1073.2s
step   590000 | reward(last100)  0.9248 | eps 0.050 | elapsed 1083.4s
step   595000 | reward(last100)  0.9375 | eps 0.050 | elapsed 1095.2s
step   600000 | reward(last100)  0.9439 | eps 0.050 | elapsed 1108.0s
step   605000 | reward(last100)  0.9321 | eps 0.050 | elapsed 1120.2s
step   610000 | reward(last100)  0.9456 | eps 0.050 | elapsed 1132.9s
step   615000 | reward(last100)  0.9524 | eps 0.050 | elapsed 1145.3s
step   620000 | reward(last100)  0.9401 | eps 0.050 | elapsed 1157.8s
step   625000 | reward(last100)  0.9465 | eps 0.050 | elapsed 1170.2s
step   630000 | reward(last100)  0.9580 | eps 0.050 | elapsed 1182.6s
step   635000 | reward(last100)  0.9105 | eps 0.050 | elapsed 1195.0s
step   640000 | reward(last100)  0.9579 | eps 0.050 | elapsed 1205.4s
step   645000 | reward(last100)  0.9464 | eps 0.050 | elapsed 1215.6s
step   650000 | reward(last100)  0.8890 | eps 0.050 | elapsed 1224.9s
step   655000 | reward(last100)  0.9311 | eps 0.050 | elapsed 1235.5s
step   660000 | reward(last100)  0.9507 | eps 0.050 | elapsed 1245.0s
step   665000 | reward(last100)  0.9173 | eps 0.050 | elapsed 1256.8s
step   670000 | reward(last100)  0.8853 | eps 0.050 | elapsed 1269.0s
step   675000 | reward(last100)  0.9492 | eps 0.050 | elapsed 1281.1s
step   680000 | reward(last100)  0.9261 | eps 0.050 | elapsed 1293.4s
step   685000 | reward(last100)  0.9580 | eps 0.050 | elapsed 1305.8s
step   690000 | reward(last100)  0.9553 | eps 0.050 | elapsed 1318.1s
step   695000 | reward(last100)  0.9559 | eps 0.050 | elapsed 1328.3s
step   700000 | reward(last100)  0.9374 | eps 0.050 | elapsed 1338.4s
step   705000 | reward(last100)  0.9517 | eps 0.050 | elapsed 1348.3s
step   710000 | reward(last100)  0.9090 | eps 0.050 | elapsed 1357.8s
step   715000 | reward(last100)  0.9317 | eps 0.050 | elapsed 1367.2s
step   720000 | reward(last100)  0.9565 | eps 0.050 | elapsed 1376.6s
step   725000 | reward(last100)  0.9629 | eps 0.050 | elapsed 1386.0s
step   730000 | reward(last100)  0.9454 | eps 0.050 | elapsed 1395.3s
step   735000 | reward(last100)  0.9475 | eps 0.050 | elapsed 1404.7s
step   740000 | reward(last100)  0.9588 | eps 0.050 | elapsed 1414.1s
step   745000 | reward(last100)  0.9318 | eps 0.050 | elapsed 1423.4s
step   750000 | reward(last100)  0.9333 | eps 0.050 | elapsed 1432.8s
step   755000 | reward(last100)  0.9119 | eps 0.050 | elapsed 1442.7s
step   760000 | reward(last100)  0.9165 | eps 0.050 | elapsed 1452.0s
step   765000 | reward(last100)  0.9363 | eps 0.050 | elapsed 1461.3s
step   770000 | reward(last100)  0.9416 | eps 0.050 | elapsed 1470.7s
step   775000 | reward(last100)  0.9071 | eps 0.050 | elapsed 1480.0s
step   780000 | reward(last100)  0.9552 | eps 0.050 | elapsed 1489.6s
step   785000 | reward(last100)  0.9238 | eps 0.050 | elapsed 1500.1s
step   790000 | reward(last100)  0.9353 | eps 0.050 | elapsed 1510.5s
step   795000 | reward(last100)  0.9391 | eps 0.050 | elapsed 1521.0s
step   800000 | reward(last100)  0.9510 | eps 0.050 | elapsed 1533.9s
step   805000 | reward(last100)  0.9480 | eps 0.050 | elapsed 1544.7s
step   810000 | reward(last100)  0.9536 | eps 0.050 | elapsed 1555.1s
step   815000 | reward(last100)  0.9297 | eps 0.050 | elapsed 1565.6s
step   820000 | reward(last100)  0.9148 | eps 0.050 | elapsed 1575.9s
step   825000 | reward(last100)  0.9418 | eps 0.050 | elapsed 1586.2s
step   830000 | reward(last100)  0.9269 | eps 0.050 | elapsed 1595.9s
step   835000 | reward(last100)  0.9329 | eps 0.050 | elapsed 1606.5s
step   840000 | reward(last100)  0.9510 | eps 0.050 | elapsed 1616.5s
step   845000 | reward(last100)  0.9526 | eps 0.050 | elapsed 1626.1s
step   850000 | reward(last100)  0.9572 | eps 0.050 | elapsed 1636.3s
step   855000 | reward(last100)  0.8837 | eps 0.050 | elapsed 1646.1s
step   860000 | reward(last100)  0.9601 | eps 0.050 | elapsed 1655.6s
step   865000 | reward(last100)  0.9398 | eps 0.050 | elapsed 1665.1s
step   870000 | reward(last100)  0.9559 | eps 0.050 | elapsed 1674.6s
step   875000 | reward(last100)  0.9424 | eps 0.050 | elapsed 1684.1s
step   880000 | reward(last100)  0.9523 | eps 0.050 | elapsed 1695.3s
step   885000 | reward(last100)  0.9515 | eps 0.050 | elapsed 1706.5s
step   890000 | reward(last100)  0.9405 | eps 0.050 | elapsed 1717.5s
step   895000 | reward(last100)  0.9451 | eps 0.050 | elapsed 1728.0s
step   900000 | reward(last100)  0.9506 | eps 0.050 | elapsed 1738.2s
step   905000 | reward(last100)  0.9592 | eps 0.050 | elapsed 1748.7s
step   910000 | reward(last100)  0.9370 | eps 0.050 | elapsed 1758.7s
step   915000 | reward(last100)  0.9449 | eps 0.050 | elapsed 1768.2s
step   920000 | reward(last100)  0.9518 | eps 0.050 | elapsed 1777.6s
step   925000 | reward(last100)  0.9536 | eps 0.050 | elapsed 1787.6s
step   930000 | reward(last100)  0.9583 | eps 0.050 | elapsed 1798.3s
step   935000 | reward(last100)  0.9192 | eps 0.050 | elapsed 1809.5s
step   940000 | reward(last100)  0.9492 | eps 0.050 | elapsed 1822.1s
step   945000 | reward(last100)  0.9470 | eps 0.050 | elapsed 1834.9s
step   950000 | reward(last100)  0.9591 | eps 0.050 | elapsed 1845.2s
step   955000 | reward(last100)  0.9538 | eps 0.050 | elapsed 1855.0s
step   960000 | reward(last100)  0.9220 | eps 0.050 | elapsed 1864.4s
step   965000 | reward(last100)  0.9347 | eps 0.050 | elapsed 1873.8s
step   970000 | reward(last100)  0.9613 | eps 0.050 | elapsed 1883.2s
step   975000 | reward(last100)  0.9564 | eps 0.050 | elapsed 1892.6s
step   980000 | reward(last100)  0.9482 | eps 0.050 | elapsed 1902.0s
step   985000 | reward(last100)  0.9617 | eps 0.050 | elapsed 1912.0s
step   990000 | reward(last100)  0.9541 | eps 0.050 | elapsed 1922.1s
step   995000 | reward(last100)  0.9558 | eps 0.050 | elapsed 1931.9s
step  1000000 | reward(last100)  0.9459 | eps 0.050 | elapsed 1941.2s
step  1005000 | reward(last100)  0.9619 | eps 0.050 | elapsed 1953.8s
step  1010000 | reward(last100)  0.9415 | eps 0.050 | elapsed 1966.0s
step  1015000 | reward(last100)  0.9538 | eps 0.050 | elapsed 1978.3s
step  1020000 | reward(last100)  0.9466 | eps 0.050 | elapsed 1990.7s
step  1025000 | reward(last100)  0.9367 | eps 0.050 | elapsed 2003.0s
step  1030000 | reward(last100)  0.9595 | eps 0.050 | elapsed 2015.2s
step  1035000 | reward(last100)  0.9165 | eps 0.050 | elapsed 2024.7s
step  1040000 | reward(last100)  0.9446 | eps 0.050 | elapsed 2035.9s
step  1045000 | reward(last100)  0.9349 | eps 0.050 | elapsed 2047.5s
step  1050000 | reward(last100)  0.9414 | eps 0.050 | elapsed 2058.2s
step  1055000 | reward(last100)  0.9593 | eps 0.050 | elapsed 2068.0s
step  1060000 | reward(last100)  0.9618 | eps 0.050 | elapsed 2077.5s
step  1065000 | reward(last100)  0.9322 | eps 0.050 | elapsed 2087.0s
step  1070000 | reward(last100)  0.9575 | eps 0.050 | elapsed 2097.7s
step  1075000 | reward(last100)  0.9602 | eps 0.050 | elapsed 2109.0s
step  1080000 | reward(last100)  0.9559 | eps 0.050 | elapsed 2120.3s
step  1085000 | reward(last100)  0.9436 | eps 0.050 | elapsed 2130.5s
step  1090000 | reward(last100)  0.9583 | eps 0.050 | elapsed 2139.9s
step  1095000 | reward(last100)  0.9482 | eps 0.050 | elapsed 2149.4s
step  1100000 | reward(last100)  0.9155 | eps 0.050 | elapsed 2158.8s
step  1105000 | reward(last100)  0.9525 | eps 0.050 | elapsed 2168.7s
step  1110000 | reward(last100)  0.9623 | eps 0.050 | elapsed 2178.8s
step  1115000 | reward(last100)  0.9614 | eps 0.050 | elapsed 2191.0s
step  1120000 | reward(last100)  0.9589 | eps 0.050 | elapsed 2203.2s
step  1125000 | reward(last100)  0.9558 | eps 0.050 | elapsed 2215.5s
step  1130000 | reward(last100)  0.9647 | eps 0.050 | elapsed 2227.8s
step  1135000 | reward(last100)  0.9608 | eps 0.050 | elapsed 2240.1s
step  1140000 | reward(last100)  0.9514 | eps 0.050 | elapsed 2252.3s
step  1145000 | reward(last100)  0.9493 | eps 0.050 | elapsed 2264.6s
step  1150000 | reward(last100)  0.9646 | eps 0.050 | elapsed 2275.5s
step  1155000 | reward(last100)  0.9308 | eps 0.050 | elapsed 2285.7s
step  1160000 | reward(last100)  0.9630 | eps 0.050 | elapsed 2295.2s
step  1165000 | reward(last100)  0.9524 | eps 0.050 | elapsed 2304.7s
step  1170000 | reward(last100)  0.9496 | eps 0.050 | elapsed 2314.1s
step  1175000 | reward(last100)  0.9493 | eps 0.050 | elapsed 2323.6s
step  1180000 | reward(last100)  0.9543 | eps 0.050 | elapsed 2333.1s
step  1185000 | reward(last100)  0.9567 | eps 0.050 | elapsed 2342.6s
step  1190000 | reward(last100)  0.9494 | eps 0.050 | elapsed 2352.1s
step  1195000 | reward(last100)  0.9613 | eps 0.050 | elapsed 2361.7s
step  1200000 | reward(last100)  0.9494 | eps 0.050 | elapsed 2371.1s
step  1205000 | reward(last100)  0.9642 | eps 0.050 | elapsed 2381.1s
step  1210000 | reward(last100)  0.9586 | eps 0.050 | elapsed 2391.3s
step  1215000 | reward(last100)  0.9614 | eps 0.050 | elapsed 2401.5s
step  1220000 | reward(last100)  0.9541 | eps 0.050 | elapsed 2411.8s
step  1225000 | reward(last100)  0.9455 | eps 0.050 | elapsed 2422.0s
step  1230000 | reward(last100)  0.9402 | eps 0.050 | elapsed 2432.2s
step  1235000 | reward(last100)  0.9598 | eps 0.050 | elapsed 2442.4s
step  1240000 | reward(last100)  0.9470 | eps 0.050 | elapsed 2452.7s
step  1245000 | reward(last100)  0.9525 | eps 0.050 | elapsed 2462.7s
step  1250000 | reward(last100)  0.9544 | eps 0.050 | elapsed 2472.2s
step  1255000 | reward(last100)  0.9590 | eps 0.050 | elapsed 2482.0s
step  1260000 | reward(last100)  0.9506 | eps 0.050 | elapsed 2491.5s
step  1265000 | reward(last100)  0.9577 | eps 0.050 | elapsed 2500.9s
step  1270000 | reward(last100)  0.9482 | eps 0.050 | elapsed 2510.3s
step  1275000 | reward(last100)  0.9627 | eps 0.050 | elapsed 2519.7s
step  1280000 | reward(last100)  0.9592 | eps 0.050 | elapsed 2529.1s
step  1285000 | reward(last100)  0.9660 | eps 0.050 | elapsed 2538.6s
step  1290000 | reward(last100)  0.9516 | eps 0.050 | elapsed 2548.0s
step  1295000 | reward(last100)  0.9540 | eps 0.050 | elapsed 2557.5s
step  1300000 | reward(last100)  0.9278 | eps 0.050 | elapsed 2566.9s
step  1305000 | reward(last100)  0.9559 | eps 0.050 | elapsed 2577.0s
step  1310000 | reward(last100)  0.9417 | eps 0.050 | elapsed 2586.5s
step  1315000 | reward(last100)  0.9645 | eps 0.050 | elapsed 2596.0s
step  1320000 | reward(last100)  0.9607 | eps 0.050 | elapsed 2605.8s
step  1325000 | reward(last100)  0.9579 | eps 0.050 | elapsed 2617.4s
step  1330000 | reward(last100)  0.9652 | eps 0.050 | elapsed 2630.8s
step  1335000 | reward(last100)  0.9642 | eps 0.050 | elapsed 2644.3s
step  1340000 | reward(last100)  0.9646 | eps 0.050 | elapsed 2657.7s
step  1345000 | reward(last100)  0.9623 | eps 0.050 | elapsed 2670.8s
step  1350000 | reward(last100)  0.9607 | eps 0.050 | elapsed 2683.3s
step  1355000 | reward(last100)  0.9602 | eps 0.050 | elapsed 2698.1s
step  1360000 | reward(last100)  0.9449 | eps 0.050 | elapsed 2709.4s
step  1365000 | reward(last100)  0.9620 | eps 0.050 | elapsed 2720.1s
step  1370000 | reward(last100)  0.9384 | eps 0.050 | elapsed 2730.7s
step  1375000 | reward(last100)  0.9652 | eps 0.050 | elapsed 2741.3s
step  1380000 | reward(last100)  0.9598 | eps 0.050 | elapsed 2751.5s
step  1385000 | reward(last100)  0.9645 | eps 0.050 | elapsed 2761.8s
step  1390000 | reward(last100)  0.9634 | eps 0.050 | elapsed 2772.2s
step  1395000 | reward(last100)  0.9642 | eps 0.050 | elapsed 2782.6s
step  1400000 | reward(last100)  0.9616 | eps 0.050 | elapsed 2793.0s
step  1405000 | reward(last100)  0.9518 | eps 0.050 | elapsed 2803.6s
step  1410000 | reward(last100)  0.9545 | eps 0.050 | elapsed 2813.9s
step  1415000 | reward(last100)  0.9492 | eps 0.050 | elapsed 2824.0s
step  1420000 | reward(last100)  0.9309 | eps 0.050 | elapsed 2833.5s
step  1425000 | reward(last100)  0.9627 | eps 0.050 | elapsed 2843.7s
step  1430000 | reward(last100)  0.9497 | eps 0.050 | elapsed 2854.0s
step  1435000 | reward(last100)  0.9652 | eps 0.050 | elapsed 2863.7s
step  1440000 | reward(last100)  0.9452 | eps 0.050 | elapsed 2873.3s
step  1445000 | reward(last100)  0.9652 | eps 0.050 | elapsed 2882.8s
step  1450000 | reward(last100)  0.9631 | eps 0.050 | elapsed 2892.5s
step  1455000 | reward(last100)  0.9616 | eps 0.050 | elapsed 2902.4s
step  1460000 | reward(last100)  0.9664 | eps 0.050 | elapsed 2912.3s
step  1465000 | reward(last100)  0.9541 | eps 0.050 | elapsed 2925.5s
step  1470000 | reward(last100)  0.9642 | eps 0.050 | elapsed 2939.1s
step  1475000 | reward(last100)  0.9360 | eps 0.050 | elapsed 2952.7s
step  1480000 | reward(last100)  0.9548 | eps 0.050 | elapsed 2966.3s
step  1485000 | reward(last100)  0.9503 | eps 0.050 | elapsed 2979.9s
step  1490000 | reward(last100)  0.9635 | eps 0.050 | elapsed 2993.5s
step  1495000 | reward(last100)  0.9637 | eps 0.050 | elapsed 3007.0s
step  1500000 | reward(last100)  0.9482 | eps 0.050 | elapsed 3018.6s
step  1505000 | reward(last100)  0.9598 | eps 0.050 | elapsed 3030.6s
step  1510000 | reward(last100)  0.9643 | eps 0.050 | elapsed 3043.3s
step  1515000 | reward(last100)  0.9555 | eps 0.050 | elapsed 3056.0s
step  1520000 | reward(last100)  0.9653 | eps 0.050 | elapsed 3068.7s
step  1525000 | reward(last100)  0.9558 | eps 0.050 | elapsed 3081.3s
step  1530000 | reward(last100)  0.9659 | eps 0.050 | elapsed 3094.1s
step  1535000 | reward(last100)  0.9640 | eps 0.050 | elapsed 3106.8s
step  1540000 | reward(last100)  0.9604 | eps 0.050 | elapsed 3119.5s
step  1545000 | reward(last100)  0.9631 | eps 0.050 | elapsed 3131.0s
step  1550000 | reward(last100)  0.9651 | eps 0.050 | elapsed 3140.5s
step  1555000 | reward(last100)  0.9543 | eps 0.050 | elapsed 3155.6s
step  1560000 | reward(last100)  0.9608 | eps 0.050 | elapsed 3169.1s
step  1565000 | reward(last100)  0.9578 | eps 0.050 | elapsed 3182.5s
step  1570000 | reward(last100)  0.9545 | eps 0.050 | elapsed 3195.8s
step  1575000 | reward(last100)  0.9509 | eps 0.050 | elapsed 3209.2s
step  1580000 | reward(last100)  0.9611 | eps 0.050 | elapsed 3222.3s
step  1585000 | reward(last100)  0.9642 | eps 0.050 | elapsed 3235.6s
step  1590000 | reward(last100)  0.9650 | eps 0.050 | elapsed 3249.0s
step  1595000 | reward(last100)  0.9559 | eps 0.050 | elapsed 3262.2s
step  1600000 | reward(last100)  0.9601 | eps 0.050 | elapsed 3275.5s
step  1605000 | reward(last100)  0.9531 | eps 0.050 | elapsed 3289.7s
step  1610000 | reward(last100)  0.9317 | eps 0.050 | elapsed 3303.5s
step  1615000 | reward(last100)  0.9597 | eps 0.050 | elapsed 3317.6s
step  1620000 | reward(last100)  0.9498 | eps 0.050 | elapsed 3332.0s
step  1625000 | reward(last100)  0.9619 | eps 0.050 | elapsed 3346.8s
step  1630000 | reward(last100)  0.9640 | eps 0.050 | elapsed 3360.3s
step  1635000 | reward(last100)  0.9644 | eps 0.050 | elapsed 3369.8s
step  1640000 | reward(last100)  0.9658 | eps 0.050 | elapsed 3379.3s
step  1645000 | reward(last100)  0.9567 | eps 0.050 | elapsed 3389.6s
step  1650000 | reward(last100)  0.9629 | eps 0.050 | elapsed 3399.9s
step  1655000 | reward(last100)  0.9618 | eps 0.050 | elapsed 3410.6s
step  1660000 | reward(last100)  0.9539 | eps 0.050 | elapsed 3421.2s
step  1665000 | reward(last100)  0.9388 | eps 0.050 | elapsed 3431.9s
step  1670000 | reward(last100)  0.9619 | eps 0.050 | elapsed 3442.3s
step  1675000 | reward(last100)  0.9638 | eps 0.050 | elapsed 3452.6s
step  1680000 | reward(last100)  0.9638 | eps 0.050 | elapsed 3463.1s
step  1685000 | reward(last100)  0.9443 | eps 0.050 | elapsed 3474.0s
step  1690000 | reward(last100)  0.9493 | eps 0.050 | elapsed 3484.4s
step  1695000 | reward(last100)  0.9641 | eps 0.050 | elapsed 3494.4s
step  1700000 | reward(last100)  0.9650 | eps 0.050 | elapsed 3503.9s
step  1705000 | reward(last100)  0.9560 | eps 0.050 | elapsed 3513.8s
step  1710000 | reward(last100)  0.9629 | eps 0.050 | elapsed 3523.3s
step  1715000 | reward(last100)  0.9587 | eps 0.050 | elapsed 3532.9s
step  1720000 | reward(last100)  0.9481 | eps 0.050 | elapsed 3542.9s
step  1725000 | reward(last100)  0.9566 | eps 0.050 | elapsed 3553.1s
step  1730000 | reward(last100)  0.9581 | eps 0.050 | elapsed 3563.4s
step  1735000 | reward(last100)  0.9580 | eps 0.050 | elapsed 3573.7s
step  1740000 | reward(last100)  0.9450 | eps 0.050 | elapsed 3584.0s
step  1745000 | reward(last100)  0.9568 | eps 0.050 | elapsed 3593.7s
step  1750000 | reward(last100)  0.9607 | eps 0.050 | elapsed 3604.1s
step  1755000 | reward(last100)  0.9631 | eps 0.050 | elapsed 3614.8s
step  1760000 | reward(last100)  0.9627 | eps 0.050 | elapsed 3625.2s
step  1765000 | reward(last100)  0.9610 | eps 0.050 | elapsed 3635.7s
step  1770000 | reward(last100)  0.9658 | eps 0.050 | elapsed 3646.1s
step  1775000 | reward(last100)  0.9658 | eps 0.050 | elapsed 3655.8s
step  1780000 | reward(last100)  0.9279 | eps 0.050 | elapsed 3665.3s
step  1785000 | reward(last100)  0.9549 | eps 0.050 | elapsed 3674.9s
step  1790000 | reward(last100)  0.9576 | eps 0.050 | elapsed 3684.5s
step  1795000 | reward(last100)  0.9640 | eps 0.050 | elapsed 3694.1s
step  1800000 | reward(last100)  0.9536 | eps 0.050 | elapsed 3703.6s
step  1805000 | reward(last100)  0.9549 | eps 0.050 | elapsed 3713.6s
step  1810000 | reward(last100)  0.9629 | eps 0.050 | elapsed 3723.1s
step  1815000 | reward(last100)  0.9653 | eps 0.050 | elapsed 3732.7s
step  1820000 | reward(last100)  0.9621 | eps 0.050 | elapsed 3742.5s
step  1825000 | reward(last100)  0.9621 | eps 0.050 | elapsed 3754.0s
step  1830000 | reward(last100)  0.9385 | eps 0.050 | elapsed 3765.2s
step  1835000 | reward(last100)  0.9626 | eps 0.050 | elapsed 3776.6s
step  1840000 | reward(last100)  0.9657 | eps 0.050 | elapsed 3787.9s
step  1845000 | reward(last100)  0.9528 | eps 0.050 | elapsed 3799.0s
step  1850000 | reward(last100)  0.9370 | eps 0.050 | elapsed 3809.4s
step  1855000 | reward(last100)  0.9610 | eps 0.050 | elapsed 3819.3s
step  1860000 | reward(last100)  0.9518 | eps 0.050 | elapsed 3829.7s
step  1865000 | reward(last100)  0.9660 | eps 0.050 | elapsed 3842.0s
step  1870000 | reward(last100)  0.9568 | eps 0.050 | elapsed 3854.5s
step  1875000 | reward(last100)  0.9614 | eps 0.050 | elapsed 3865.3s
step  1880000 | reward(last100)  0.9630 | eps 0.050 | elapsed 3875.6s
step  1885000 | reward(last100)  0.9594 | eps 0.050 | elapsed 3885.9s
step  1890000 | reward(last100)  0.9548 | eps 0.050 | elapsed 3895.4s
step  1895000 | reward(last100)  0.9431 | eps 0.050 | elapsed 3906.5s
step  1900000 | reward(last100)  0.9233 | eps 0.050 | elapsed 3919.1s
step  1905000 | reward(last100)  0.9551 | eps 0.050 | elapsed 3929.9s
step  1910000 | reward(last100)  0.9602 | eps 0.050 | elapsed 3942.5s
step  1915000 | reward(last100)  0.9479 | eps 0.050 | elapsed 3955.1s
step  1920000 | reward(last100)  0.9602 | eps 0.050 | elapsed 3967.6s
step  1925000 | reward(last100)  0.9622 | eps 0.050 | elapsed 3980.2s
step  1930000 | reward(last100)  0.9533 | eps 0.050 | elapsed 3992.7s
step  1935000 | reward(last100)  0.9625 | eps 0.050 | elapsed 4005.2s
step  1940000 | reward(last100)  0.9602 | eps 0.050 | elapsed 4018.0s
step  1945000 | reward(last100)  0.9657 | eps 0.050 | elapsed 4030.5s
step  1950000 | reward(last100)  0.9577 | eps 0.050 | elapsed 4042.5s
step  1955000 | reward(last100)  0.9558 | eps 0.050 | elapsed 4054.1s
step  1960000 | reward(last100)  0.9607 | eps 0.050 | elapsed 4065.3s
step  1965000 | reward(last100)  0.9636 | eps 0.050 | elapsed 4076.3s
step  1970000 | reward(last100)  0.9598 | eps 0.050 | elapsed 4088.0s
step  1975000 | reward(last100)  0.9663 | eps 0.050 | elapsed 4098.3s
step  1980000 | reward(last100)  0.9640 | eps 0.050 | elapsed 4108.9s
step  1985000 | reward(last100)  0.9655 | eps 0.050 | elapsed 4119.9s
step  1990000 | reward(last100)  0.9511 | eps 0.050 | elapsed 4130.4s
step  1995000 | reward(last100)  0.9660 | eps 0.050 | elapsed 4141.1s
step  2000000 | reward(last100)  0.9607 | eps 0.050 | elapsed 4151.7s
