step     5000 | reward(last100)  0.0010 | sigma 0.0309 | elapsed    4.2s
step    10000 | reward(last100)  0.0000 | sigma 0.0309 | elapsed    8.6s
step    15000 | reward(last100)  0.0081 | sigma 0.0295 | elapsed   29.5s
step    20000 | reward(last100)  0.0046 | sigma 0.0276 | elapsed   50.8s
step    25000 | reward(last100)  0.0093 | sigma 0.0263 | elapsed   72.1s
step    30000 | reward(last100)  0.0067 | sigma 0.0255 | elapsed   92.1s
step    35000 | reward(last100)  0.0000 | sigma 0.0251 | elapsed  111.1s
step    40000 | reward(last100)  0.0000 | sigma 0.0249 | elapsed  134.0s
step    45000 | reward(last100)  0.0000 | sigma 0.0247 | elapsed  152.1s
step    50000 | reward(last100)  0.0000 | sigma 0.0246 | elapsed  173.2s
step    55000 | reward(last100)  0.0000 | sigma 0.0245 | elapsed  193.6s
step    60000 | reward(last100)  0.0000 | sigma 0.0244 | elapsed  213.5s
step    65000 | reward(last100)  0.0000 | sigma 0.0243 | elapsed  231.2s
step    70000 | reward(last100)  0.0000 | sigma 0.0243 | elapsed  250.8s
step    75000 | reward(last100)  0.0000 | sigma 0.0242 | elapsed  274.5s
step    80000 | reward(last100)  0.0000 | sigma 0.0242 | elapsed  297.2s
step    85000 | reward(last100)  0.0000 | sigma 0.0241 | elapsed  317.8s
step    90000 | reward(last100)  0.0000 | sigma 0.0241 | elapsed  334.3s
step    95000 | reward(last100)  0.0000 | sigma 0.0240 | elapsed  354.9s
step   100000 | reward(last100)  0.0000 | sigma 0.0240 | elapsed  377.9s
step   105000 | reward(last100)  0.0000 | sigma 0.0240 | elapsed  394.8s
step   110000 | reward(last100)  0.0000 | sigma 0.0239 | elapsed  410.3s
step   115000 | reward(last100)  0.0000 | sigma 0.0239 | elapsed  425.5s
step   120000 | reward(last100)  0.0000 | sigma 0.0239 | elapsed  443.4s
step   125000 | reward(last100)  0.0000 | sigma 0.0239 | elapsed  461.7s
step   130000 | reward(last100)  0.0000 | sigma 0.0239 | elapsed  479.0s
step   135000 | reward(last100)  0.0000 | sigma 0.0238 | elapsed  496.4s
step   140000 | reward(last100)  0.0000 | sigma 0.0238 | elapsed  513.7s
step   145000 | reward(last100)  0.0000 | sigma 0.0238 | elapsed  529.2s
step   150000 | reward(last100)  0.0000 | sigma 0.0238 | elapsed  548.0s
step   155000 | reward(last100)  0.0000 | sigma 0.0238 | elapsed  567.6s
step   160000 | reward(last100)  0.0000 | sigma 0.0238 | elapsed  588.2s
step   165000 | reward(last100)  0.0000 | sigma 0.0237 | elapsed  608.7s
step   170000 | reward(last100)  0.0000 | sigma 0.0238 | elapsed  628.8s
step   175000 | reward(last100)  0.0000 | sigma 0.0237 | elapsed  647.9s
step   180000 | reward(last100)  0.0000 | sigma 0.0237 | elapsed  668.1s
step   185000 | reward(last100)  0.0000 | sigma 0.0237 | elapsed  688.9s
step   190000 | reward(last100)  0.0000 | sigma 0.0237 | elapsed  709.2s
step   195000 | reward(last100)  0.0000 | sigma 0.0237 | elapsed  727.7s
step   200000 | reward(last100)  0.0000 | sigma 0.0237 | elapsed  746.8s
step   205000 | reward(last100)  0.0000 | sigma 0.0237 | elapsed  765.1s
step   210000 | reward(last100)  0.0000 | sigma 0.0237 | elapsed  787.0s
step   215000 | reward(last100)  0.0000 | sigma 0.0237 | elapsed  807.3s
step   220000 | reward(last100)  0.0000 | sigma 0.0237 | elapsed  827.7s
step   225000 | reward(last100)  0.0000 | sigma 0.0237 | elapsed  847.1s
step   230000 | reward(last100)  0.0000 | sigma 0.0237 | elapsed  866.2s
step   235000 | reward(last100)  0.0000 | sigma 0.0237 | elapsed  885.2s
step   240000 | reward(last100)  0.0000 | sigma 0.0237 | elapsed  903.2s
step   245000 | reward(last100)  0.0000 | sigma 0.0236 | elapsed  920.5s
step   250000 | reward(last100)  0.0000 | sigma 0.0237 | elapsed  935.6s
step   255000 | reward(last100)  0.0000 | sigma 0.0236 | elapsed  959.1s
step   260000 | reward(last100)  0.0000 | sigma 0.0236 | elapsed  977.5s
step   265000 | reward(last100)  0.0000 | sigma 0.0236 | elapsed  995.5s
step   270000 | reward(last100)  0.0000 | sigma 0.0236 | elapsed 1012.9s
step   275000 | reward(last100)  0.0000 | sigma 0.0236 | elapsed 1029.6s
step   280000 | reward(last100)  0.0000 | sigma 0.0236 | elapsed 1046.0s
step   285000 | reward(last100)  0.0000 | sigma 0.0236 | elapsed 1067.4s
step   290000 | reward(last100)  0.0000 | sigma 0.0236 | elapsed 1090.2s
step   295000 | reward(last100)  0.0000 | sigma 0.0236 | elapsed 1112.6s
step   300000 | reward(last100)  0.0000 | sigma 0.0235 | elapsed 1135.5s
step   305000 | reward(last100)  0.0000 | sigma 0.0236 | elapsed 1155.6s
step   310000 | reward(last100)  0.0000 | sigma 0.0235 | elapsed 1179.1s
step   315000 | reward(last100)  0.0000 | sigma 0.0235 | elapsed 1203.3s
step   320000 | reward(last100)  0.0000 | sigma 0.0235 | elapsed 1222.4s
step   325000 | reward(last100)  0.0000 | sigma 0.0235 | elapsed 1242.9s
step   330000 | reward(last100)  0.0000 | sigma 0.0235 | elapsed 1261.5s
step   335000 | reward(last100)  0.0000 | sigma 0.0235 | elapsed 1285.0s
step   340000 | reward(last100)  0.0000 | sigma 0.0235 | elapsed 1303.5s
step   345000 | reward(last100)  0.0000 | sigma 0.0235 | elapsed 1321.4s
step   350000 | reward(last100)  0.0000 | sigma 0.0235 | elapsed 1340.8s
step   355000 | reward(last100)  0.0000 | sigma 0.0235 | elapsed 1361.5s
step   360000 | reward(last100)  0.0000 | sigma 0.0235 | elapsed 1378.1s
step   365000 | reward(last100)  0.0000 | sigma 0.0235 | elapsed 1397.2s
step   370000 | reward(last100)  0.0000 | sigma 0.0235 | elapsed 1420.6s
step   375000 | reward(last100)  0.0000 | sigma 0.0235 | elapsed 1443.6s
step   380000 | reward(last100)  0.0000 | sigma 0.0235 | elapsed 1465.8s
step   385000 | reward(last100)  0.0000 | sigma 0.0235 | elapsed 1488.6s
step   390000 | reward(last100)  0.0000 | sigma 0.0235 | elapsed 1511.4s
step   395000 | reward(last100)  0.0000 | sigma 0.0235 | elapsed 1533.1s
step   400000 | reward(last100)  0.0000 | sigma 0.0235 | elapsed 1552.0s
step   405000 | reward(last100)  0.0155 | sigma 0.0237 | elapsed 1571.8s
step   410000 | reward(last100)  0.1669 | sigma 0.0239 | elapsed 1590.7s
step   415000 | reward(last100)  0.0596 | sigma 0.0237 | elapsed 1609.5s
step   420000 | reward(last100)  0.0000 | sigma 0.0231 | elapsed 1628.5s
step   425000 | reward(last100)  0.0000 | sigma 0.0225 | elapsed 1646.4s
step   430000 | reward(last100)  0.0000 | sigma 0.0219 | elapsed 1664.7s
step   435000 | reward(last100)  0.0000 | sigma 0.0214 | elapsed 1682.3s
step   440000 | reward(last100)  0.0000 | sigma 0.0211 | elapsed 1699.5s
step   445000 | reward(last100)  0.0000 | sigma 0.0208 | elapsed 1719.2s
step   450000 | reward(last100)  0.0000 | sigma 0.0207 | elapsed 1740.3s
step   455000 | reward(last100)  0.0000 | sigma 0.0206 | elapsed 1762.2s
step   460000 | reward(last100)  0.0000 | sigma 0.0205 | elapsed 1784.0s
step   465000 | reward(last100)  0.0000 | sigma 0.0204 | elapsed 1803.5s
step   470000 | reward(last100)  0.0000 | sigma 0.0204 | elapsed 1821.0s
step   475000 | reward(last100)  0.0000 | sigma 0.0203 | elapsed 1837.4s
step   480000 | reward(last100)  0.0000 | sigma 0.0203 | elapsed 1853.2s
step   485000 | reward(last100)  0.0000 | sigma 0.0202 | elapsed 1873.1s
step   490000 | reward(last100)  0.0000 | sigma 0.0202 | elapsed 1895.6s
step   495000 | reward(last100)  0.0000 | sigma 0.0202 | elapsed 1918.0s
step   500000 | reward(last100)  0.0000 | sigma 0.0202 | elapsed 1939.3s
step   505000 | reward(last100)  0.0000 | sigma 0.0202 | elapsed 1958.1s
step   510000 | reward(last100)  0.0000 | sigma 0.0201 | elapsed 1977.0s
step   515000 | reward(last100)  0.0000 | sigma 0.0201 | elapsed 1995.5s
step   520000 | reward(last100)  0.0000 | sigma 0.0201 | elapsed 2013.6s
step   525000 | reward(last100)  0.0000 | sigma 0.0201 | elapsed 2031.7s
step   530000 | reward(last100)  0.0000 | sigma 0.0201 | elapsed 2049.8s
step   535000 | reward(last100)  0.0000 | sigma 0.0201 | elapsed 2071.2s
step   540000 | reward(last100)  0.0000 | sigma 0.0201 | elapsed 2089.7s
step   545000 | reward(last100)  0.0000 | sigma 0.0201 | elapsed 2107.2s
step   550000 | reward(last100)  0.0000 | sigma 0.0201 | elapsed 2124.6s
step   555000 | reward(last100)  0.0000 | sigma 0.0201 | elapsed 2141.3s
step   560000 | reward(last100)  0.0000 | sigma 0.0201 | elapsed 2157.0s
step   565000 | reward(last100)  0.0000 | sigma 0.0201 | elapsed 2172.6s
step   570000 | reward(last100)  0.0000 | sigma 0.0201 | elapsed 2188.1s
step   575000 | reward(last100)  0.0000 | sigma 0.0201 | elapsed 2203.7s
step   580000 | reward(last100)  0.0000 | sigma 0.0201 | elapsed 2219.4s
step   585000 | reward(last100)  0.0000 | sigma 0.0200 | elapsed 2235.8s
step   590000 | reward(last100)  0.0000 | sigma 0.0201 | elapsed 2253.2s
step   595000 | reward(last100)  0.0000 | sigma 0.0200 | elapsed 2270.6s
step   600000 | reward(last100)  0.0000 | sigma 0.0200 | elapsed 2288.7s
step   605000 | reward(last100)  0.0000 | sigma 0.0200 | elapsed 2306.3s
step   610000 | reward(last100)  0.0000 | sigma 0.0201 | elapsed 2324.0s
step   615000 | reward(last100)  0.0000 | sigma 0.0201 | elapsed 2341.1s
step   620000 | reward(last100)  0.0000 | sigma 0.0201 | elapsed 2360.4s
step   625000 | reward(last100)  0.0000 | sigma 0.0201 | elapsed 2380.8s
step   630000 | reward(last100)  0.0000 | sigma 0.0201 | elapsed 2401.3s
step   635000 | reward(last100)  0.0000 | sigma 0.0200 | elapsed 2419.9s
step   640000 | reward(last100)  0.0000 | sigma 0.0201 | elapsed 2437.3s
step   645000 | reward(last100)  0.0000 | sigma 0.0200 | elapsed 2453.1s
step   650000 | reward(last100)  0.0000 | sigma 0.0201 | elapsed 2469.1s
step   655000 | reward(last100)  0.0000 | sigma 0.0200 | elapsed 2490.3s
step   660000 | reward(last100)  0.0000 | sigma 0.0200 | elapsed 2508.9s
step   665000 | reward(last100)  0.0000 | sigma 0.0200 | elapsed 2525.4s
step   670000 | reward(last100)  0.0000 | sigma 0.0200 | elapsed 2541.6s
step   675000 | reward(last100)  0.0000 | sigma 0.0200 | elapsed 2557.8s
step   680000 | reward(last100)  0.0000 | sigma 0.0200 | elapsed 2574.0s
step   685000 | reward(last100)  0.0000 | sigma 0.0200 | elapsed 2590.7s
step   690000 | reward(last100)  0.0000 | sigma 0.0200 | elapsed 2608.1s
step   695000 | reward(last100)  0.0000 | sigma 0.0200 | elapsed 2627.4s
step   700000 | reward(last100)  0.0000 | sigma 0.0200 | elapsed 2649.7s
step   705000 | reward(last100)  0.0000 | sigma 0.0200 | elapsed 2669.7s
step   710000 | reward(last100)  0.0000 | sigma 0.0200 | elapsed 2688.1s
step   715000 | reward(last100)  0.0000 | sigma 0.0200 | elapsed 2706.3s
step   720000 | reward(last100)  0.0000 | sigma 0.0200 | elapsed 2724.6s
step   725000 | reward(last100)  0.0000 | sigma 0.0200 | elapsed 2742.5s
step   730000 | reward(last100)  0.0000 | sigma 0.0200 | elapsed 2759.4s
step   735000 | reward(last100)  0.0000 | sigma 0.0200 | elapsed 2777.1s
step   740000 | reward(last100)  0.0000 | sigma 0.0200 | elapsed 2795.1s
step   745000 | reward(last100)  0.0000 | sigma 0.0200 | elapsed 2816.8s
step   750000 | reward(last100)  0.0000 | sigma 0.0200 | elapsed 2835.6s
step   755000 | reward(last100)  0.0000 | sigma 0.0200 | elapsed 2853.4s
step   760000 | reward(last100)  0.0000 | sigma 0.0200 | elapsed 2872.4s
step   765000 | reward(last100)  0.0000 | sigma 0.0200 | elapsed 2896.0s
step   770000 | reward(last100)  0.0000 | sigma 0.0200 | elapsed 2920.4s
step   775000 | reward(last100)  0.0000 | sigma 0.0200 | elapsed 2944.0s
step   780000 | reward(last100)  0.0000 | sigma 0.0200 | elapsed 2962.6s
step   785000 | reward(last100)  0.0000 | sigma 0.0200 | elapsed 2979.8s
step   790000 | reward(last100)  0.0000 | sigma 0.0200 | elapsed 2996.2s
step   795000 | reward(last100)  0.0000 | sigma 0.0200 | elapsed 3012.9s
step   800000 | reward(last100)  0.0000 | sigma 0.0200 | elapsed 3029.9s
step   805000 | reward(last100)  0.0000 | sigma 0.0200 | elapsed 3049.1s
step   810000 | reward(last100)  0.0000 | sigma 0.0199 | elapsed 3066.9s
step   815000 | reward(last100)  0.0000 | sigma 0.0199 | elapsed 3083.3s
step   820000 | reward(last100)  0.0000 | sigma 0.0199 | elapsed 3099.8s
step   825000 | reward(last100)  0.0000 | sigma 0.0199 | elapsed 3117.7s
step   830000 | reward(last100)  0.0000 | sigma 0.0199 | elapsed 3137.6s
step   835000 | reward(last100)  0.0000 | sigma 0.0199 | elapsed 3154.9s
step   840000 | reward(last100)  0.0000 | sigma 0.0199 | elapsed 3172.1s
step   845000 | reward(last100)  0.0000 | sigma 0.0199 | elapsed 3189.8s
step   850000 | reward(last100)  0.0000 | sigma 0.0199 | elapsed 3208.2s
step   855000 | reward(last100)  0.0000 | sigma 0.0199 | elapsed 3228.7s
step   860000 | reward(last100)  0.0000 | sigma 0.0199 | elapsed 3250.5s
step   865000 | reward(last100)  0.0000 | sigma 0.0199 | elapsed 3272.5s
step   870000 | reward(last100)  0.0000 | sigma 0.0199 | elapsed 3294.7s
step   875000 | reward(last100)  0.0000 | sigma 0.0199 | elapsed 3316.5s
step   880000 | reward(last100)  0.0000 | sigma 0.0199 | elapsed 3338.4s
step   885000 | reward(last100)  0.0000 | sigma 0.0198 | elapsed 3360.6s
step   890000 | reward(last100)  0.0000 | sigma 0.0198 | elapsed 3383.0s
step   895000 | reward(last100)  0.0000 | sigma 0.0198 | elapsed 3405.7s
step   900000 | reward(last100)  0.0000 | sigma 0.0198 | elapsed 3428.1s
step   905000 | reward(last100)  0.0000 | sigma 0.0198 | elapsed 3451.0s
step   910000 | reward(last100)  0.0000 | sigma 0.0198 | elapsed 3470.3s
step   915000 | reward(last100)  0.0000 | sigma 0.0198 | elapsed 3489.8s
step   920000 | reward(last100)  0.0000 | sigma 0.0198 | elapsed 3511.7s
step   925000 | reward(last100)  0.0000 | sigma 0.0198 | elapsed 3530.9s
step   930000 | reward(last100)  0.0000 | sigma 0.0198 | elapsed 3550.7s
step   935000 | reward(last100)  0.0000 | sigma 0.0198 | elapsed 3568.5s
step   940000 | reward(last100)  0.0000 | sigma 0.0198 | elapsed 3586.3s
step   945000 | reward(last100)  0.0000 | sigma 0.0198 | elapsed 3604.3s
step   950000 | reward(last100)  0.0000 | sigma 0.0198 | elapsed 3621.6s
step   955000 | reward(last100)  0.0000 | sigma 0.0198 | elapsed 3641.3s
step   960000 | reward(last100)  0.0000 | sigma 0.0198 | elapsed 3659.9s
step   965000 | reward(last100)  0.0000 | sigma 0.0198 | elapsed 3677.7s
step   970000 | reward(last100)  0.0000 | sigma 0.0198 | elapsed 3697.3s
step   975000 | reward(last100)  0.0000 | sigma 0.0198 | elapsed 3719.7s
step   980000 | reward(last100)  0.0000 | sigma 0.0198 | elapsed 3739.7s
step   985000 | reward(last100)  0.0000 | sigma 0.0198 | elapsed 3759.1s
step   990000 | reward(last100)  0.0000 | sigma 0.0198 | elapsed 3780.0s
step   995000 | reward(last100)  0.0000 | sigma 0.0197 | elapsed 3801.0s
step  1000000 | reward(last100)  0.0000 | sigma 0.0198 | elapsed 3822.0s
step  1005000 | reward(last100)  0.0000 | sigma 0.0198 | elapsed 3839.4s
step  1010000 | reward(last100)  0.0000 | sigma 0.0197 | elapsed 3856.9s
step  1015000 | reward(last100)  0.0000 | sigma 0.0198 | elapsed 3875.0s
step  1020000 | reward(last100)  0.0000 | sigma 0.0198 | elapsed 3896.1s
step  1025000 | reward(last100)  0.0000 | sigma 0.0197 | elapsed 3913.8s
step  1030000 | reward(last100)  0.0000 | sigma 0.0198 | elapsed 3930.7s
step  1035000 | reward(last100)  0.0000 | sigma 0.0197 | elapsed 3947.7s
step  1040000 | reward(last100)  0.0000 | sigma 0.0198 | elapsed 3964.8s
step  1045000 | reward(last100)  0.0000 | sigma 0.0198 | elapsed 3981.9s
step  1050000 | reward(last100)  0.0000 | sigma 0.0197 | elapsed 3999.7s
step  1055000 | reward(last100)  0.0000 | sigma 0.0198 | elapsed 4017.5s
step  1060000 | reward(last100)  0.0000 | sigma 0.0197 | elapsed 4035.0s
step  1065000 | reward(last100)  0.0000 | sigma 0.0197 | elapsed 4052.5s
step  1070000 | reward(last100)  0.0000 | sigma 0.0198 | elapsed 4070.0s
step  1075000 | reward(last100)  0.0000 | sigma 0.0197 | elapsed 4091.4s
step  1080000 | reward(last100)  0.0000 | sigma 0.0197 | elapsed 4113.0s
step  1085000 | reward(last100)  0.0000 | sigma 0.0198 | elapsed 4132.4s
step  1090000 | reward(last100)  0.0000 | sigma 0.0197 | elapsed 4152.4s
step  1095000 | reward(last100)  0.0000 | sigma 0.0197 | elapsed 4171.7s
step  1100000 | reward(last100)  0.0000 | sigma 0.0197 | elapsed 4190.9s
step  1105000 | reward(last100)  0.0000 | sigma 0.0197 | elapsed 4209.1s
step  1110000 | reward(last100)  0.0000 | sigma 0.0198 | elapsed 4226.8s
step  1115000 | reward(last100)  0.0000 | sigma 0.0197 | elapsed 4244.9s
step  1120000 | reward(last100)  0.0000 | sigma 0.0198 | elapsed 4262.8s
step  1125000 | reward(last100)  0.0000 | sigma 0.0198 | elapsed 4281.1s
step  1130000 | reward(last100)  0.0000 | sigma 0.0198 | elapsed 4302.1s
step  1135000 | reward(last100)  0.0000 | sigma 0.0198 | elapsed 4325.8s
step  1140000 | reward(last100)  0.0000 | sigma 0.0197 | elapsed 4348.9s
step  1145000 | reward(last100)  0.0000 | sigma 0.0198 | elapsed 4372.5s
step  1150000 | reward(last100)  0.0000 | sigma 0.0197 | elapsed 4395.6s
step  1155000 | reward(last100)  0.0000 | sigma 0.0198 | elapsed 4416.4s
step  1160000 | reward(last100)  0.0000 | sigma 0.0198 | elapsed 4437.9s
step  1165000 | reward(last100)  0.0000 | sigma 0.0197 | elapsed 4457.0s
step  1170000 | reward(last100)  0.0000 | sigma 0.0198 | elapsed 4476.6s
step  1175000 | reward(last100)  0.0000 | sigma 0.0197 | elapsed 4496.3s
step  1180000 | reward(last100)  0.0000 | sigma 0.0198 | elapsed 4516.0s
step  1185000 | reward(last100)  0.0000 | sigma 0.0198 | elapsed 4535.5s
step  1190000 | reward(last100)  0.0000 | sigma 0.0197 | elapsed 4555.1s
step  1195000 | reward(last100)  0.0000 | sigma 0.0197 | elapsed 4575.4s
step  1200000 | reward(last100)  0.0000 | sigma 0.0197 | elapsed 4594.8s
step  1205000 | reward(last100)  0.0000 | sigma 0.0197 | elapsed 4615.9s
step  1210000 | reward(last100)  0.0000 | sigma 0.0198 | elapsed 4635.8s
step  1215000 | reward(last100)  0.0000 | sigma 0.0198 | elapsed 4655.8s
step  1220000 | reward(last100)  0.0000 | sigma 0.0198 | elapsed 4675.7s
step  1225000 | reward(last100)  0.0000 | sigma 0.0198 | elapsed 4695.1s
step  1230000 | reward(last100)  0.0000 | sigma 0.0197 | elapsed 4714.7s
step  1235000 | reward(last100)  0.0000 | sigma 0.0198 | elapsed 4734.2s
step  1240000 | reward(last100)  0.0000 | sigma 0.0198 | elapsed 4753.9s
step  1245000 | reward(last100)  0.0000 | sigma 0.0198 | elapsed 4773.4s
step  1250000 | reward(last100)  0.0000 | sigma 0.0197 | elapsed 4792.1s
step  1255000 | reward(last100)  0.0000 | sigma 0.0197 | elapsed 4815.4s
step  1260000 | reward(last100)  0.0000 | sigma 0.0197 | elapsed 4835.3s
step  1265000 | reward(last100)  0.0000 | sigma 0.0197 | elapsed 4854.4s
step  1270000 | reward(last100)  0.0000 | sigma 0.0198 | elapsed 4873.0s
step  1275000 | reward(last100)  0.0000 | sigma 0.0198 | elapsed 4891.6s
step  1280000 | reward(last100)  0.0000 | sigma 0.0198 | elapsed 4910.1s
step  1285000 | reward(last100)  0.0000 | sigma 0.0198 | elapsed 4928.5s
step  1290000 | reward(last100)  0.0000 | sigma 0.0198 | elapsed 4947.0s
step  1295000 | reward(last100)  0.0000 | sigma 0.0198 | elapsed 4965.4s
step  1300000 | reward(last100)  0.0000 | sigma 0.0198 | elapsed 4985.1s
step  1305000 | reward(last100)  0.0000 | sigma 0.0197 | elapsed 5005.3s
step  1310000 | reward(last100)  0.0000 | sigma 0.0198 | elapsed 5025.2s
step  1315000 | reward(last100)  0.0000 | sigma 0.0198 | elapsed 5044.1s
step  1320000 | reward(last100)  0.0000 | sigma 0.0198 | elapsed 5062.7s
step  1325000 | reward(last100)  0.0000 | sigma 0.0197 | elapsed 5081.0s
step  1330000 | reward(last100)  0.0000 | sigma 0.0198 | elapsed 5099.3s
step  1335000 | reward(last100)  0.0000 | sigma 0.0198 | elapsed 5122.7s
step  1340000 | reward(last100)  0.0000 | sigma 0.0198 | elapsed 5147.4s
step  1345000 | reward(last100)  0.0000 | sigma 0.0198 | elapsed 5171.2s
step  1350000 | reward(last100)  0.0000 | sigma 0.0198 | elapsed 5190.7s
step  1355000 | reward(last100)  0.0000 | sigma 0.0198 | elapsed 5212.8s
step  1360000 | reward(last100)  0.0000 | sigma 0.0198 | elapsed 5236.2s
step  1365000 | reward(last100)  0.0000 | sigma 0.0198 | elapsed 5259.9s
step  1370000 | reward(last100)  0.0000 | sigma 0.0198 | elapsed 5283.6s
step  1375000 | reward(last100)  0.0000 | sigma 0.0198 | elapsed 5307.2s
step  1380000 | reward(last100)  0.0000 | sigma 0.0198 | elapsed 5330.1s
step  1385000 | reward(last100)  0.0000 | sigma 0.0197 | elapsed 5348.8s
step  1390000 | reward(last100)  0.0000 | sigma 0.0198 | elapsed 5368.6s
step  1395000 | reward(last100)  0.0000 | sigma 0.0197 | elapsed 5388.5s
step  1400000 | reward(last100)  0.0000 | sigma 0.0197 | elapsed 5409.2s
step  1405000 | reward(last100)  0.0000 | sigma 0.0197 | elapsed 5428.0s
step  1410000 | reward(last100)  0.0000 | sigma 0.0198 | elapsed 5446.3s
step  1415000 | reward(last100)  0.0000 | sigma 0.0198 | elapsed 5464.8s
step  1420000 | reward(last100)  0.0000 | sigma 0.0197 | elapsed 5483.7s
step  1425000 | reward(last100)  0.0000 | sigma 0.0198 | elapsed 5503.4s
step  1430000 | reward(last100)  0.0000 | sigma 0.0197 | elapsed 5522.9s
step  1435000 | reward(last100)  0.0000 | sigma 0.0198 | elapsed 5541.2s
step  1440000 | reward(last100)  0.0000 | sigma 0.0197 | elapsed 5560.4s
step  1445000 | reward(last100)  0.0000 | sigma 0.0197 | elapsed 5580.3s
step  1450000 | reward(last100)  0.0000 | sigma 0.0197 | elapsed 5600.2s
step  1455000 | reward(last100)  0.0000 | sigma 0.0198 | elapsed 5620.5s
step  1460000 | reward(last100)  0.0000 | sigma 0.0197 | elapsed 5640.5s
step  1465000 | reward(last100)  0.0000 | sigma 0.0197 | elapsed 5660.5s
step  1470000 | reward(last100)  0.0000 | sigma 0.0198 | elapsed 5680.3s
step  1475000 | reward(last100)  0.0000 | sigma 0.0197 | elapsed 5700.4s
step  1480000 | reward(last100)  0.0000 | sigma 0.0197 | elapsed 5720.1s
step  1485000 | reward(last100)  0.0000 | sigma 0.0197 | elapsed 5739.4s
step  1490000 | reward(last100)  0.0000 | sigma 0.0198 | elapsed 5757.9s
step  1495000 | reward(last100)  0.0000 | sigma 0.0198 | elapsed 5776.3s
step  1500000 | reward(last100)  0.0000 | sigma 0.0198 | elapsed 5795.0s
step  1505000 | reward(last100)  0.0000 | sigma 0.0198 | elapsed 5814.8s
step  1510000 | reward(last100)  0.0000 | sigma 0.0197 | elapsed 5834.7s
step  1515000 | reward(last100)  0.0000 | sigma 0.0198 | elapsed 5854.7s
step  1520000 | reward(last100)  0.0000 | sigma 0.0197 | elapsed 5874.4s
step  1525000 | reward(last100)  0.0000 | sigma 0.0198 | elapsed 5895.0s
step  1530000 | reward(last100)  0.0000 | sigma 0.0198 | elapsed 5915.6s
step  1535000 | reward(last100)  0.0000 | sigma 0.0197 | elapsed 5935.5s
step  1540000 | reward(last100)  0.0000 | sigma 0.0197 | elapsed 5955.7s
step  1545000 | reward(last100)  0.0000 | sigma 0.0198 | elapsed 5976.2s
step  1550000 | reward(last100)  0.0000 | sigma 0.0198 | elapsed 5995.7s
step  1555000 | reward(last100)  0.0000 | sigma 0.0197 | elapsed 6018.4s
step  1560000 | reward(last100)  0.0000 | sigma 0.0198 | elapsed 6039.4s
step  1565000 | reward(last100)  0.0000 | sigma 0.0198 | elapsed 6060.1s
step  1570000 | reward(last100)  0.0000 | sigma 0.0198 | elapsed 6078.9s
step  1575000 | reward(last100)  0.0000 | sigma 0.0198 | elapsed 6097.4s
step  1580000 | reward(last100)  0.0000 | sigma 0.0198 | elapsed 6115.9s
step  1585000 | reward(last100)  0.0000 | sigma 0.0198 | elapsed 6134.2s
step  1590000 | reward(last100)  0.0000 | sigma 0.0198 | elapsed 6153.2s
step  1595000 | reward(last100)  0.0000 | sigma 0.0198 | elapsed 6173.1s
step  1600000 | reward(last100)  0.0000 | sigma 0.0198 | elapsed 6193.0s
step  1605000 | reward(last100)  0.0000 | sigma 0.0197 | elapsed 6212.1s
step  1610000 | reward(last100)  0.0000 | sigma 0.0198 | elapsed 6230.6s
step  1615000 | reward(last100)  0.0000 | sigma 0.0197 | elapsed 6250.9s
step  1620000 | reward(last100)  0.0000 | sigma 0.0197 | elapsed 6271.4s
step  1625000 | reward(last100)  0.0000 | sigma 0.0197 | elapsed 6290.7s
step  1630000 | reward(last100)  0.0000 | sigma 0.0198 | elapsed 6309.2s
step  1635000 | reward(last100)  0.0000 | sigma 0.0198 | elapsed 6327.7s
step  1640000 | reward(last100)  0.0000 | sigma 0.0198 | elapsed 6347.8s
step  1645000 | reward(last100)  0.0000 | sigma 0.0198 | elapsed 6367.7s
step  1650000 | reward(last100)  0.0000 | sigma 0.0198 | elapsed 6387.5s
step  1655000 | reward(last100)  0.0000 | sigma 0.0198 | elapsed 6406.9s
step  1660000 | reward(last100)  0.0000 | sigma 0.0198 | elapsed 6425.6s
step  1665000 | reward(last100)  0.0000 | sigma 0.0198 | elapsed 6448.4s
step  1670000 | reward(last100)  0.0000 | sigma 0.0198 | elapsed 6472.0s
step  1675000 | reward(last100)  0.0000 | sigma 0.0197 | elapsed 6495.4s
step  1680000 | reward(last100)  0.0000 | sigma 0.0198 | elapsed 6517.5s
step  1685000 | reward(last100)  0.0000 | sigma 0.0197 | elapsed 6536.1s
step  1690000 | reward(last100)  0.0000 | sigma 0.0197 | elapsed 6554.6s
step  1695000 | reward(last100)  0.0000 | sigma 0.0197 | elapsed 6573.1s
step  1700000 | reward(last100)  0.0000 | sigma 0.0198 | elapsed 6591.5s
step  1705000 | reward(last100)  0.0000 | sigma 0.0197 | elapsed 6610.5s
step  1710000 | reward(last100)  0.0000 | sigma 0.0197 | elapsed 6630.2s
step  1715000 | reward(last100)  0.0000 | sigma 0.0198 | elapsed 6651.6s
step  1720000 | reward(last100)  0.0000 | sigma 0.0197 | elapsed 6671.7s
step  1725000 | reward(last100)  0.0000 | sigma 0.0198 | elapsed 6691.7s
step  1730000 | reward(last100)  0.0000 | sigma 0.0198 | elapsed 6711.3s
step  1735000 | reward(last100)  0.0000 | sigma 0.0197 | elapsed 6729.8s
step  1740000 | reward(last100)  0.0000 | sigma 0.0197 | elapsed 6748.2s
step  1745000 | reward(last100)  0.0000 | sigma 0.0198 | elapsed 6766.7s
step  1750000 | reward(last100)  0.0000 | sigma 0.0198 | elapsed 6785.0s
step  1755000 | reward(last100)  0.0000 | sigma 0.0197 | elapsed 6804.3s
step  1760000 | reward(last100)  0.0000 | sigma 0.0197 | elapsed 6823.0s
step  1765000 | reward(last100)  0.0000 | sigma 0.0197 | elapsed 6841.6s
step  1770000 | reward(last100)  0.0000 | sigma 0.0197 | elapsed 6861.7s
step  1775000 | reward(last100)  0.0000 | sigma 0.0197 | elapsed 6881.7s
step  1780000 | reward(last100)  0.0000 | sigma 0.0197 | elapsed 6901.7s
step  1785000 | reward(last100)  0.0000 | sigma 0.0197 | elapsed 6921.7s
step  1790000 | reward(last100)  0.0000 | sigma 0.0197 | elapsed 6941.7s
step  1795000 | reward(last100)  0.0000 | sigma 0.0197 | elapsed 6961.7s
step  1800000 | reward(last100)  0.0000 | sigma 0.0197 | elapsed 6981.6s
step  1805000 | reward(last100)  0.0000 | sigma 0.0197 | elapsed 7003.2s
step  1810000 | reward(last100)  0.0000 | sigma 0.0197 | elapsed 7022.6s
step  1815000 | reward(last100)  0.0000 | sigma 0.0198 | elapsed 7041.0s
step  1820000 | reward(last100)  0.0000 | sigma 0.0198 | elapsed 7059.4s
step  1825000 | reward(last100)  0.0000 | sigma 0.0198 | elapsed 7077.9s
step  1830000 | reward(last100)  0.0000 | sigma 0.0197 | elapsed 7096.4s
step  1835000 | reward(last100)  0.0000 | sigma 0.0198 | elapsed 7114.8s
step  1840000 | reward(last100)  0.0000 | sigma 0.0197 | elapsed 7133.2s
step  1845000 | reward(last100)  0.0000 | sigma 0.0197 | elapsed 7151.7s
step  1850000 | reward(last100)  0.0000 | sigma 0.0198 | elapsed 7170.1s
step  1855000 | reward(last100)  0.0000 | sigma 0.0197 | elapsed 7192.6s
step  1860000 | reward(last100)  0.0000 | sigma 0.0198 | elapsed 7211.0s
step  1865000 | reward(last100)  0.0000 | sigma 0.0197 | elapsed 7229.3s
step  1870000 | reward(last100)  0.0000 | sigma 0.0197 | elapsed 7247.5s
step  1875000 | reward(last100)  0.0000 | sigma 0.0197 | elapsed 7265.8s
step  1880000 | reward(last100)  0.0000 | sigma 0.0197 | elapsed 7284.2s
step  1885000 | reward(last100)  0.0000 | sigma 0.0197 | elapsed 7302.4s
step  1890000 | reward(last100)  0.0000 | sigma 0.0197 | elapsed 7321.5s
step  1895000 | reward(last100)  0.0000 | sigma 0.0197 | elapsed 7340.9s
step  1900000 | reward(last100)  0.0000 | sigma 0.0197 | elapsed 7360.2s
step  1905000 | reward(last100)  0.0000 | sigma 0.0197 | elapsed 7378.9s
step  1910000 | reward(last100)  0.0000 | sigma 0.0197 | elapsed 7397.3s
step  1915000 | reward(last100)  0.0000 | sigma 0.0197 | elapsed 7415.7s
step  1920000 | reward(last100)  0.0000 | sigma 0.0197 | elapsed 7434.0s
step  1925000 | reward(last100)  0.0000 | sigma 0.0197 | elapsed 7452.2s
step  1930000 | reward(last100)  0.0000 | sigma 0.0197 | elapsed 7470.7s
step  1935000 | reward(last100)  0.0000 | sigma 0.0198 | elapsed 7489.5s
step  1940000 | reward(last100)  0.0000 | sigma 0.0197 | elapsed 7508.1s
step  1945000 | reward(last100)  0.0000 | sigma 0.0198 | elapsed 7526.3s
step  1950000 | reward(last100)  0.0000 | sigma 0.0198 | elapsed 7544.4s
step  1955000 | reward(last100)  0.0000 | sigma 0.0198 | elapsed 7567.9s
step  1960000 | reward(last100)  0.0000 | sigma 0.0197 | elapsed 7590.0s
step  1965000 | reward(last100)  0.0000 | sigma 0.0197 | elapsed 7608.9s
step  1970000 | reward(last100)  0.0000 | sigma 0.0197 | elapsed 7627.5s
step  1975000 | reward(last100)  0.0000 | sigma 0.0197 | elapsed 7646.0s
step  1980000 | reward(last100)  0.0000 | sigma 0.0198 | elapsed 7664.4s
step  1985000 | reward(last100)  0.0000 | sigma 0.0197 | elapsed 7682.7s
step  1990000 | reward(last100)  0.0000 | sigma 0.0198 | elapsed 7700.9s
step  1995000 | reward(last100)  0.0000 | sigma 0.0198 | elapsed 7719.2s
step  2000000 | reward(last100)  0.0000 | sigma 0.0198 | elapsed 7737.4s
step  2005000 | reward(last100)  0.0000 | sigma 0.0198 | elapsed 7755.8s
step  2010000 | reward(last100)  0.0000 | sigma 0.0197 | elapsed 7774.3s
step  2015000 | reward(last100)  0.0000 | sigma 0.0198 | elapsed 7792.8s
step  2020000 | reward(last100)  0.0000 | sigma 0.0197 | elapsed 7811.1s
step  2025000 | reward(last100)  0.0000 | sigma 0.0197 | elapsed 7829.4s
step  2030000 | reward(last100)  0.0000 | sigma 0.0198 | elapsed 7847.6s
step  2035000 | reward(last100)  0.0000 | sigma 0.0198 | elapsed 7866.0s
step  2040000 | reward(last100)  0.0000 | sigma 0.0198 | elapsed 7884.2s
step  2045000 | reward(last100)  0.0000 | sigma 0.0198 | elapsed 7902.3s
step  2050000 | reward(last100)  0.0000 | sigma 0.0198 | elapsed 7920.4s
step  2055000 | reward(last100)  0.0000 | sigma 0.0198 | elapsed 7940.8s
step  2060000 | reward(last100)  0.0000 | sigma 0.0198 | elapsed 7960.6s
step  2065000 | reward(last100)  0.0000 | sigma 0.0198 | elapsed 7980.4s
step  2070000 | reward(last100)  0.0000 | sigma 0.0197 | elapsed 8000.2s
step  2075000 | reward(last100)  0.0000 | sigma 0.0197 | elapsed 8020.0s
step  2080000 | reward(last100)  0.0000 | sigma 0.0197 | elapsed 8039.8s
step  2085000 | reward(last100)  0.0000 | sigma 0.0197 | elapsed 8059.5s
step  2090000 | reward(last100)  0.0000 | sigma 0.0197 | elapsed 8078.0s
step  2095000 | reward(last100)  0.0000 | sigma 0.0197 | elapsed 8097.0s
step  2100000 | reward(last100)  0.0000 | sigma 0.0197 | elapsed 8116.5s
step  2105000 | reward(last100)  0.0000 | sigma 0.0197 | elapsed 8136.4s
step  2110000 | reward(last100)  0.0000 | sigma 0.0197 | elapsed 8156.0s
step  2115000 | reward(last100)  0.0000 | sigma 0.0198 | elapsed 8175.6s
step  2120000 | reward(last100)  0.0000 | sigma 0.0197 | elapsed 8195.3s
step  2125000 | reward(last100)  0.0000 | sigma 0.0198 | elapsed 8215.4s
step  2130000 | reward(last100)  0.0000 | sigma 0.0197 | elapsed 8235.8s
step  2135000 | reward(last100)  0.0000 | sigma 0.0197 | elapsed 8256.4s
step  2140000 | reward(last100)  0.0000 | sigma 0.0197 | elapsed 8277.0s
step  2145000 | reward(last100)  0.0000 | sigma 0.0197 | elapsed 8296.8s
step  2150000 | reward(last100)  0.0000 | sigma 0.0197 | elapsed 8316.4s
step  2155000 | reward(last100)  0.0000 | sigma 0.0197 | elapsed 8336.6s
step  2160000 | reward(last100)  0.0000 | sigma 0.0197 | elapsed 8356.3s
step  2165000 | reward(last100)  0.0000 | sigma 0.0197 | elapsed 8376.0s
step  2170000 | reward(last100)  0.0000 | sigma 0.0197 | elapsed 8395.5s
step  2175000 | reward(last100)  0.0000 | sigma 0.0197 | elapsed 8413.7s
step  2180000 | reward(last100)  0.0000 | sigma 0.0197 | elapsed 8431.9s
step  2185000 | reward(last100)  0.0000 | sigma 0.0197 | elapsed 8450.0s
step  2190000 | reward(last100)  0.0000 | sigma 0.0197 | elapsed 8468.2s
step  2195000 | reward(last100)  0.0000 | sigma 0.0197 | elapsed 8486.4s
step  2200000 | reward(last100)  0.0000 | sigma 0.0197 | elapsed 8504.7s
step  2205000 | reward(last100)  0.0000 | sigma 0.0197 | elapsed 8524.8s
step  2210000 | reward(last100)  0.0000 | sigma 0.0197 | elapsed 8544.5s
step  2215000 | reward(last100)  0.0000 | sigma 0.0197 | elapsed 8564.3s
step  2220000 | reward(last100)  0.0000 | sigma 0.0197 | elapsed 8583.9s
step  2225000 | reward(last100)  0.0000 | sigma 0.0197 | elapsed 8603.4s
step  2230000 | reward(last100)  0.0000 | sigma 0.0197 | elapsed 8622.9s
step  2235000 | reward(last100)  0.0000 | sigma 0.0197 | elapsed 8642.3s
step  2240000 | reward(last100)  0.0000 | sigma 0.0197 | elapsed 8661.9s
step  2245000 | reward(last100)  0.0000 | sigma 0.0197 | elapsed 8681.4s
step  2250000 | reward(last100)  0.0000 | sigma 0.0198 | elapsed 8699.7s
step  2255000 | reward(last100)  0.0000 | sigma 0.0197 | elapsed 8718.5s
step  2260000 | reward(last100)  0.0000 | sigma 0.0197 | elapsed 8738.3s
step  2265000 | reward(last100)  0.0000 | sigma 0.0197 | elapsed 8758.2s
step  2270000 | reward(last100)  0.0000 | sigma 0.0197 | elapsed 8778.1s
step  2275000 | reward(last100)  0.0000 | sigma 0.0197 | elapsed 8797.9s
step  2280000 | reward(last100)  0.0000 | sigma 0.0197 | elapsed 8817.7s
step  2285000 | reward(last100)  0.0000 | sigma 0.0197 | elapsed 8837.4s
step  2290000 | reward(last100)  0.0000 | sigma 0.0197 | elapsed 8857.2s
step  2295000 | reward(last100)  0.0000 | sigma 0.0197 | elapsed 8876.9s
step  2300000 | reward(last100)  0.0000 | sigma 0.0197 | elapsed 8896.6s
step  2305000 | reward(last100)  0.0000 | sigma 0.0197 | elapsed 8920.8s
step  2310000 | reward(last100)  0.0000 | sigma 0.0197 | elapsed 8944.8s
step  2315000 | reward(last100)  0.0000 | sigma 0.0197 | elapsed 8969.0s
step  2320000 | reward(last100)  0.0000 | sigma 0.0197 | elapsed 8992.6s
step  2325000 | reward(last100)  0.0000 | sigma 0.0197 | elapsed 9015.9s
step  2330000 | reward(last100)  0.0000 | sigma 0.0197 | elapsed 9039.3s
step  2335000 | reward(last100)  0.0000 | sigma 0.0197 | elapsed 9062.6s
step  2340000 | reward(last100)  0.0000 | sigma 0.0197 | elapsed 9083.5s
step  2345000 | reward(last100)  0.0000 | sigma 0.0197 | elapsed 9107.1s
step  2350000 | reward(last100)  0.0185 | sigma 0.0198 | elapsed 9131.4s
step  2355000 | reward(last100)  0.1490 | sigma 0.0201 | elapsed 9149.8s
step  2360000 | reward(last100)  0.1629 | sigma 0.0201 | elapsed 9167.8s
step  2365000 | reward(last100)  0.1074 | sigma 0.0200 | elapsed 9186.1s
step  2370000 | reward(last100)  0.0000 | sigma 0.0200 | elapsed 9204.3s
step  2375000 | reward(last100)  0.0000 | sigma 0.0200 | elapsed 9222.3s
step  2380000 | reward(last100)  0.0000 | sigma 0.0200 | elapsed 9240.4s
step  2385000 | reward(last100)  0.0000 | sigma 0.0200 | elapsed 9258.4s
step  2390000 | reward(last100)  0.0000 | sigma 0.0200 | elapsed 9276.3s
step  2395000 | reward(last100)  0.0000 | sigma 0.0199 | elapsed 9294.0s
step  2400000 | reward(last100)  0.0000 | sigma 0.0199 | elapsed 9311.6s
step  2405000 | reward(last100)  0.0000 | sigma 0.0199 | elapsed 9330.2s
step  2410000 | reward(last100)  0.0000 | sigma 0.0199 | elapsed 9348.2s
step  2415000 | reward(last100)  0.0000 | sigma 0.0199 | elapsed 9371.4s
step  2420000 | reward(last100)  0.0000 | sigma 0.0199 | elapsed 9392.7s
step  2425000 | reward(last100)  0.0000 | sigma 0.0199 | elapsed 9413.0s
step  2430000 | reward(last100)  0.0000 | sigma 0.0199 | elapsed 9433.2s
step  2435000 | reward(last100)  0.0000 | sigma 0.0198 | elapsed 9456.4s
step  2440000 | reward(last100)  0.0000 | sigma 0.0198 | elapsed 9481.5s
step  2445000 | reward(last100)  0.0000 | sigma 0.0198 | elapsed 9502.9s
step  2450000 | reward(last100)  0.0000 | sigma 0.0198 | elapsed 9523.7s
step  2455000 | reward(last100)  0.0000 | sigma 0.0198 | elapsed 9541.3s
step  2460000 | reward(last100)  0.0000 | sigma 0.0198 | elapsed 9558.6s
step  2465000 | reward(last100)  0.0000 | sigma 0.0198 | elapsed 9575.9s
step  2470000 | reward(last100)  0.0000 | sigma 0.0198 | elapsed 9593.1s
step  2475000 | reward(last100)  0.0000 | sigma 0.0198 | elapsed 9614.4s
step  2480000 | reward(last100)  0.0000 | sigma 0.0198 | elapsed 9639.4s
step  2485000 | reward(last100)  0.0000 | sigma 0.0198 | elapsed 9663.5s
step  2490000 | reward(last100)  0.0000 | sigma 0.0198 | elapsed 9681.9s
step  2495000 | reward(last100)  0.0000 | sigma 0.0198 | elapsed 9700.3s
step  2500000 | reward(last100)  0.0000 | sigma 0.0198 | elapsed 9718.6s
step  2505000 | reward(last100)  0.0000 | sigma 0.0198 | elapsed 9736.6s
step  2510000 | reward(last100)  0.0000 | sigma 0.0198 | elapsed 9754.0s
step  2515000 | reward(last100)  0.0000 | sigma 0.0198 | elapsed 9771.4s
step  2520000 | reward(last100)  0.0000 | sigma 0.0198 | elapsed 9788.8s
step  2525000 | reward(last100)  0.0000 | sigma 0.0198 | elapsed 9806.2s
step  2530000 | reward(last100)  0.0000 | sigma 0.0198 | elapsed 9824.6s
step  2535000 | reward(last100)  0.0000 | sigma 0.0198 | elapsed 9843.1s
step  2540000 | reward(last100)  0.0000 | sigma 0.0198 | elapsed 9861.5s
step  2545000 | reward(last100)  0.0000 | sigma 0.0198 | elapsed 9880.0s
step  2550000 | reward(last100)  0.0000 | sigma 0.0198 | elapsed 9898.4s
step  2555000 | reward(last100)  0.0000 | sigma 0.0198 | elapsed 9915.8s
step  2560000 | reward(last100)  0.0000 | sigma 0.0198 | elapsed 9932.9s
step  2565000 | reward(last100)  0.0000 | sigma 0.0198 | elapsed 9949.9s
step  2570000 | reward(last100)  0.0000 | sigma 0.0198 | elapsed 9966.9s
step  2575000 | reward(last100)  0.0000 | sigma 0.0198 | elapsed 9983.9s
step  2580000 | reward(last100)  0.0000 | sigma 0.0198 | elapsed 10000.9s
step  2585000 | reward(last100)  0.0000 | sigma 0.0198 | elapsed 10018.0s
step  2590000 | reward(last100)  0.0000 | sigma 0.0198 | elapsed 10037.2s
step  2595000 | reward(last100)  0.0000 | sigma 0.0198 | elapsed 10059.8s
step  2600000 | reward(last100)  0.0000 | sigma 0.0198 | elapsed 10082.2s
step  2605000 | reward(last100)  0.0000 | sigma 0.0198 | elapsed 10099.9s
step  2610000 | reward(last100)  0.0000 | sigma 0.0198 | elapsed 10119.7s
step  2615000 | reward(last100)  0.0000 | sigma 0.0198 | elapsed 10138.9s
step  2620000 | reward(last100)  0.0000 | sigma 0.0198 | elapsed 10158.0s
step  2625000 | reward(last100)  0.0000 | sigma 0.0198 | elapsed 10175.2s
step  2630000 | reward(last100)  0.0000 | sigma 0.0198 | elapsed 10192.3s
step  2635000 | reward(last100)  0.0000 | sigma 0.0198 | elapsed 10209.5s
step  2640000 | reward(last100)  0.0000 | sigma 0.0198 | elapsed 10226.7s
step  2645000 | reward(last100)  0.0000 | sigma 0.0198 | elapsed 10243.9s
step  2650000 | reward(last100)  0.0000 | sigma 0.0198 | elapsed 10261.2s
step  2655000 | reward(last100)  0.0000 | sigma 0.0198 | elapsed 10278.9s
step  2660000 | reward(last100)  0.0000 | sigma 0.0198 | elapsed 10296.3s
step  2665000 | reward(last100)  0.0000 | sigma 0.0198 | elapsed 10313.7s
step  2670000 | reward(last100)  0.0000 | sigma 0.0198 | elapsed 10331.2s
step  2675000 | reward(last100)  0.0000 | sigma 0.0198 | elapsed 10348.6s
step  2680000 | reward(last100)  0.0000 | sigma 0.0198 | elapsed 10366.0s
step  2685000 | reward(last100)  0.0000 | sigma 0.0198 | elapsed 10383.5s
step  2690000 | reward(last100)  0.0000 | sigma 0.0198 | elapsed 10401.0s
step  2695000 | reward(last100)  0.0000 | sigma 0.0198 | elapsed 10418.5s
step  2700000 | reward(last100)  0.0000 | sigma 0.0198 | elapsed 10435.9s
step  2705000 | reward(last100)  0.0000 | sigma 0.0198 | elapsed 10454.0s
step  2710000 | reward(last100)  0.0000 | sigma 0.0198 | elapsed 10471.5s
step  2715000 | reward(last100)  0.0000 | sigma 0.0198 | elapsed 10488.9s
step  2720000 | reward(last100)  0.0000 | sigma 0.0198 | elapsed 10506.3s
step  2725000 | reward(last100)  0.0000 | sigma 0.0198 | elapsed 10523.6s
step  2730000 | reward(last100)  0.0000 | sigma 0.0198 | elapsed 10541.0s
step  2735000 | reward(last100)  0.0000 | sigma 0.0198 | elapsed 10558.4s
step  2740000 | reward(last100)  0.0000 | sigma 0.0198 | elapsed 10575.8s
step  2745000 | reward(last100)  0.0000 | sigma 0.0198 | elapsed 10593.2s
step  2750000 | reward(last100)  0.0000 | sigma 0.0198 | elapsed 10610.6s
step  2755000 | reward(last100)  0.0000 | sigma 0.0198 | elapsed 10628.3s
step  2760000 | reward(last100)  0.0000 | sigma 0.0198 | elapsed 10645.6s
step  2765000 | reward(last100)  0.0000 | sigma 0.0198 | elapsed 10662.9s
step  2770000 | reward(last100)  0.0000 | sigma 0.0198 | elapsed 10680.1s
step  2775000 | reward(last100)  0.0000 | sigma 0.0198 | elapsed 10697.5s
step  2780000 | reward(last100)  0.0000 | sigma 0.0198 | elapsed 10714.8s
step  2785000 | reward(last100)  0.0000 | sigma 0.0198 | elapsed 10732.1s
step  2790000 | reward(last100)  0.0000 | sigma 0.0198 | elapsed 10749.4s
step  2795000 | reward(last100)  0.0000 | sigma 0.0198 | elapsed 10766.6s
step  2800000 | reward(last100)  0.0000 | sigma 0.0198 | elapsed 10783.9s
step  2805000 | reward(last100)  0.0000 | sigma 0.0198 | elapsed 10802.6s
step  2810000 | reward(last100)  0.0000 | sigma 0.0198 | elapsed 10821.2s
step  2815000 | reward(last100)  0.0000 | sigma 0.0198 | elapsed 10839.8s
step  2820000 | reward(last100)  0.0000 | sigma 0.0198 | elapsed 10858.4s
step  2825000 | reward(last100)  0.0000 | sigma 0.0198 | elapsed 10877.0s
step  2830000 | reward(last100)  0.0000 | sigma 0.0198 | elapsed 10895.6s
step  2835000 | reward(last100)  0.0000 | sigma 0.0198 | elapsed 10914.2s
step  2840000 | reward(last100)  0.0000 | sigma 0.0198 | elapsed 10932.7s
step  2845000 | reward(last100)  0.0000 | sigma 0.0198 | elapsed 10951.3s
step  2850000 | reward(last100)  0.0000 | sigma 0.0198 | elapsed 10969.8s
step  2855000 | reward(last100)  0.0000 | sigma 0.0198 | elapsed 10987.2s
step  2860000 | reward(last100)  0.0000 | sigma 0.0198 | elapsed 11004.1s
step  2865000 | reward(last100)  0.0000 | sigma 0.0198 | elapsed 11021.2s
step  2870000 | reward(last100)  0.0000 | sigma 0.0198 | elapsed 11038.3s
step  2875000 | reward(last100)  0.0000 | sigma 0.0198 | elapsed 11055.3s
step  2880000 | reward(last100)  0.0000 | sigma 0.0198 | elapsed 11072.4s
step  2885000 | reward(last100)  0.0000 | sigma 0.0198 | elapsed 11089.5s
step  2890000 | reward(last100)  0.0000 | sigma 0.0198 | elapsed 11106.6s
step  2895000 | reward(last100)  0.0000 | sigma 0.0198 | elapsed 11123.7s
step  2900000 | reward(last100)  0.0000 | sigma 0.0198 | elapsed 11140.8s
step  2905000 | reward(last100)  0.0000 | sigma 0.0198 | elapsed 11158.5s
step  2910000 | reward(last100)  0.0000 | sigma 0.0198 | elapsed 11175.3s
step  2915000 | reward(last100)  0.0000 | sigma 0.0198 | elapsed 11192.2s
step  2920000 | reward(last100)  0.0000 | sigma 0.0197 | elapsed 11209.0s
step  2925000 | reward(last100)  0.0000 | sigma 0.0197 | elapsed 11225.9s
step  2930000 | reward(last100)  0.0000 | sigma 0.0198 | elapsed 11242.7s
step  2935000 | reward(last100)  0.0000 | sigma 0.0198 | elapsed 11259.5s
step  2940000 | reward(last100)  0.0000 | sigma 0.0198 | elapsed 11276.3s
step  2945000 | reward(last100)  0.0000 | sigma 0.0197 | elapsed 11293.0s
step  2950000 | reward(last100)  0.0000 | sigma 0.0197 | elapsed 11309.6s
step  2955000 | reward(last100)  0.0000 | sigma 0.0197 | elapsed 11327.0s
step  2960000 | reward(last100)  0.0000 | sigma 0.0197 | elapsed 11343.7s
step  2965000 | reward(last100)  0.0000 | sigma 0.0197 | elapsed 11360.5s
step  2970000 | reward(last100)  0.0000 | sigma 0.0197 | elapsed 11377.4s
step  2975000 | reward(last100)  0.0000 | sigma 0.0197 | elapsed 11394.1s
step  2980000 | reward(last100)  0.0000 | sigma 0.0197 | elapsed 11410.9s
step  2985000 | reward(last100)  0.0000 | sigma 0.0197 | elapsed 11427.6s
step  2990000 | reward(last100)  0.0000 | sigma 0.0197 | elapsed 11444.2s
step  2995000 | reward(last100)  0.0000 | sigma 0.0197 | elapsed 11460.6s
step  3000000 | reward(last100)  0.0000 | sigma 0.0198 | elapsed 11477.1s
