step     5000 | reward(last100)  0.0158 | sigma 0.0309 | elapsed    4.4s
step    10000 | reward(last100)  0.0023 | sigma 0.0309 | elapsed    8.9s
step    15000 | reward(last100)  0.0222 | sigma 0.0299 | elapsed   29.4s
step    20000 | reward(last100)  0.0298 | sigma 0.0281 | elapsed   45.0s
step    25000 | reward(last100)  0.0160 | sigma 0.0268 | elapsed   60.4s
step    30000 | reward(last100)  0.0494 | sigma 0.0263 | elapsed   75.7s
step    35000 | reward(last100)  0.0624 | sigma 0.0261 | elapsed   91.1s
step    40000 | reward(last100)  0.0162 | sigma 0.0261 | elapsed  108.7s
step    45000 | reward(last100)  0.0218 | sigma 0.0260 | elapsed  128.2s
step    50000 | reward(last100)  0.0265 | sigma 0.0260 | elapsed  149.9s
step    55000 | reward(last100)  0.0308 | sigma 0.0259 | elapsed  169.6s
step    60000 | reward(last100)  0.0153 | sigma 0.0258 | elapsed  190.5s
step    65000 | reward(last100)  0.0246 | sigma 0.0258 | elapsed  212.1s
step    70000 | reward(last100)  0.0515 | sigma 0.0257 | elapsed  232.9s
step    75000 | reward(last100)  0.0753 | sigma 0.0257 | elapsed  253.6s
step    80000 | reward(last100)  0.1169 | sigma 0.0257 | elapsed  274.6s
step    85000 | reward(last100)  0.1340 | sigma 0.0257 | elapsed  295.1s
step    90000 | reward(last100)  0.1820 | sigma 0.0256 | elapsed  314.6s
step    95000 | reward(last100)  0.2979 | sigma 0.0256 | elapsed  329.2s
step   100000 | reward(last100)  0.3917 | sigma 0.0255 | elapsed  343.6s
step   105000 | reward(last100)  0.3381 | sigma 0.0255 | elapsed  361.6s
step   110000 | reward(last100)  0.4539 | sigma 0.0255 | elapsed  380.3s
step   115000 | reward(last100)  0.5016 | sigma 0.0254 | elapsed  399.3s
step   120000 | reward(last100)  0.4553 | sigma 0.0254 | elapsed  418.2s
step   125000 | reward(last100)  0.4349 | sigma 0.0253 | elapsed  434.4s
step   130000 | reward(last100)  0.4303 | sigma 0.0252 | elapsed  456.8s
step   135000 | reward(last100)  0.4867 | sigma 0.0251 | elapsed  472.7s
step   140000 | reward(last100)  0.6321 | sigma 0.0250 | elapsed  486.0s
step   145000 | reward(last100)  0.6299 | sigma 0.0250 | elapsed  506.1s
step   150000 | reward(last100)  0.5470 | sigma 0.0250 | elapsed  525.1s
step   155000 | reward(last100)  0.5230 | sigma 0.0250 | elapsed  542.4s
step   160000 | reward(last100)  0.4757 | sigma 0.0249 | elapsed  562.1s
step   165000 | reward(last100)  0.4324 | sigma 0.0249 | elapsed  580.1s
step   170000 | reward(last100)  0.4330 | sigma 0.0249 | elapsed  599.0s
step   175000 | reward(last100)  0.3140 | sigma 0.0249 | elapsed  619.0s
step   180000 | reward(last100)  0.4443 | sigma 0.0249 | elapsed  637.1s
step   185000 | reward(last100)  0.4266 | sigma 0.0249 | elapsed  656.4s
step   190000 | reward(last100)  0.4298 | sigma 0.0249 | elapsed  676.1s
step   195000 | reward(last100)  0.3627 | sigma 0.0249 | elapsed  695.8s
step   200000 | reward(last100)  0.4367 | sigma 0.0249 | elapsed  714.5s
step   205000 | reward(last100)  0.3168 | sigma 0.0248 | elapsed  731.5s
step   210000 | reward(last100)  0.4081 | sigma 0.0248 | elapsed  745.3s
step   215000 | reward(last100)  0.4511 | sigma 0.0248 | elapsed  764.1s
step   220000 | reward(last100)  0.3317 | sigma 0.0248 | elapsed  782.8s
step   225000 | reward(last100)  0.3427 | sigma 0.0248 | elapsed  801.0s
step   230000 | reward(last100)  0.2426 | sigma 0.0248 | elapsed  816.5s
step   235000 | reward(last100)  0.3658 | sigma 0.0248 | elapsed  835.2s
step   240000 | reward(last100)  0.3660 | sigma 0.0248 | elapsed  853.3s
step   245000 | reward(last100)  0.3080 | sigma 0.0248 | elapsed  870.1s
step   250000 | reward(last100)  0.3312 | sigma 0.0248 | elapsed  885.0s
step   255000 | reward(last100)  0.3886 | sigma 0.0248 | elapsed  900.6s
step   260000 | reward(last100)  0.4287 | sigma 0.0248 | elapsed  914.8s
step   265000 | reward(last100)  0.3538 | sigma 0.0248 | elapsed  935.5s
step   270000 | reward(last100)  0.4489 | sigma 0.0248 | elapsed  952.1s
step   275000 | reward(last100)  0.3508 | sigma 0.0247 | elapsed  967.4s
step   280000 | reward(last100)  0.4116 | sigma 0.0248 | elapsed  983.6s
step   285000 | reward(last100)  0.4258 | sigma 0.0247 | elapsed 1000.2s
step   290000 | reward(last100)  0.1720 | sigma 0.0248 | elapsed 1021.1s
step   295000 | reward(last100)  0.3351 | sigma 0.0248 | elapsed 1041.4s
step   300000 | reward(last100)  0.3246 | sigma 0.0248 | elapsed 1061.7s
step   305000 | reward(last100)  0.3738 | sigma 0.0247 | elapsed 1082.9s
step   310000 | reward(last100)  0.4665 | sigma 0.0247 | elapsed 1103.7s
step   315000 | reward(last100)  0.3689 | sigma 0.0247 | elapsed 1124.5s
step   320000 | reward(last100)  0.4347 | sigma 0.0248 | elapsed 1145.0s
step   325000 | reward(last100)  0.3197 | sigma 0.0247 | elapsed 1163.8s
step   330000 | reward(last100)  0.4285 | sigma 0.0247 | elapsed 1183.9s
step   335000 | reward(last100)  0.3491 | sigma 0.0247 | elapsed 1204.1s
step   340000 | reward(last100)  0.4714 | sigma 0.0247 | elapsed 1223.4s
step   345000 | reward(last100)  0.4177 | sigma 0.0247 | elapsed 1243.2s
step   350000 | reward(last100)  0.3661 | sigma 0.0246 | elapsed 1262.9s
step   355000 | reward(last100)  0.3786 | sigma 0.0247 | elapsed 1283.0s
step   360000 | reward(last100)  0.3383 | sigma 0.0246 | elapsed 1302.8s
step   365000 | reward(last100)  0.3798 | sigma 0.0247 | elapsed 1322.4s
step   370000 | reward(last100)  0.3510 | sigma 0.0247 | elapsed 1342.4s
step   375000 | reward(last100)  0.4331 | sigma 0.0247 | elapsed 1359.2s
step   380000 | reward(last100)  0.5152 | sigma 0.0247 | elapsed 1379.6s
step   385000 | reward(last100)  0.3645 | sigma 0.0246 | elapsed 1400.1s
step   390000 | reward(last100)  0.4146 | sigma 0.0246 | elapsed 1421.6s
step   395000 | reward(last100)  0.3889 | sigma 0.0246 | elapsed 1440.6s
step   400000 | reward(last100)  0.3650 | sigma 0.0246 | elapsed 1458.3s
step   405000 | reward(last100)  0.3947 | sigma 0.0246 | elapsed 1475.5s
step   410000 | reward(last100)  0.3562 | sigma 0.0246 | elapsed 1492.2s
step   415000 | reward(last100)  0.2827 | sigma 0.0246 | elapsed 1508.1s
step   420000 | reward(last100)  0.3890 | sigma 0.0246 | elapsed 1525.8s
step   425000 | reward(last100)  0.3992 | sigma 0.0246 | elapsed 1544.3s
step   430000 | reward(last100)  0.3683 | sigma 0.0246 | elapsed 1565.0s
step   435000 | reward(last100)  0.3167 | sigma 0.0246 | elapsed 1585.1s
step   440000 | reward(last100)  0.4177 | sigma 0.0246 | elapsed 1605.8s
step   445000 | reward(last100)  0.3575 | sigma 0.0246 | elapsed 1623.4s
step   450000 | reward(last100)  0.4933 | sigma 0.0246 | elapsed 1639.4s
step   455000 | reward(last100)  0.3682 | sigma 0.0246 | elapsed 1657.4s
step   460000 | reward(last100)  0.3441 | sigma 0.0246 | elapsed 1674.8s
step   465000 | reward(last100)  0.3703 | sigma 0.0246 | elapsed 1692.2s
step   470000 | reward(last100)  0.4303 | sigma 0.0246 | elapsed 1711.9s
step   475000 | reward(last100)  0.3965 | sigma 0.0246 | elapsed 1730.7s
step   480000 | reward(last100)  0.4038 | sigma 0.0246 | elapsed 1752.5s
step   485000 | reward(last100)  0.3926 | sigma 0.0246 | elapsed 1774.0s
step   490000 | reward(last100)  0.3360 | sigma 0.0246 | elapsed 1792.3s
step   495000 | reward(last100)  0.2739 | sigma 0.0246 | elapsed 1808.6s
step   500000 | reward(last100)  0.3915 | sigma 0.0246 | elapsed 1827.1s
step   505000 | reward(last100)  0.4077 | sigma 0.0246 | elapsed 1845.2s
step   510000 | reward(last100)  0.4307 | sigma 0.0246 | elapsed 1861.2s
step   515000 | reward(last100)  0.4990 | sigma 0.0246 | elapsed 1876.7s
step   520000 | reward(last100)  0.4016 | sigma 0.0246 | elapsed 1892.7s
step   525000 | reward(last100)  0.3666 | sigma 0.0246 | elapsed 1909.3s
step   530000 | reward(last100)  0.4416 | sigma 0.0246 | elapsed 1926.3s
step   535000 | reward(last100)  0.3532 | sigma 0.0246 | elapsed 1943.6s
step   540000 | reward(last100)  0.3869 | sigma 0.0246 | elapsed 1960.7s
step   545000 | reward(last100)  0.3728 | sigma 0.0246 | elapsed 1977.8s
step   550000 | reward(last100)  0.4061 | sigma 0.0246 | elapsed 1995.7s
step   555000 | reward(last100)  0.4028 | sigma 0.0246 | elapsed 2013.8s
step   560000 | reward(last100)  0.2083 | sigma 0.0246 | elapsed 2030.4s
step   565000 | reward(last100)  0.4078 | sigma 0.0246 | elapsed 2047.4s
step   570000 | reward(last100)  0.4948 | sigma 0.0246 | elapsed 2068.1s
step   575000 | reward(last100)  0.4370 | sigma 0.0246 | elapsed 2085.0s
step   580000 | reward(last100)  0.2580 | sigma 0.0246 | elapsed 2103.7s
step   585000 | reward(last100)  0.3923 | sigma 0.0246 | elapsed 2125.1s
step   590000 | reward(last100)  0.3841 | sigma 0.0246 | elapsed 2147.2s
step   595000 | reward(last100)  0.3957 | sigma 0.0246 | elapsed 2169.3s
step   600000 | reward(last100)  0.3889 | sigma 0.0246 | elapsed 2189.9s
step   605000 | reward(last100)  0.4331 | sigma 0.0246 | elapsed 2207.7s
step   610000 | reward(last100)  0.4372 | sigma 0.0246 | elapsed 2225.1s
step   615000 | reward(last100)  0.3914 | sigma 0.0246 | elapsed 2242.1s
step   620000 | reward(last100)  0.4664 | sigma 0.0246 | elapsed 2259.5s
step   625000 | reward(last100)  0.3610 | sigma 0.0246 | elapsed 2277.1s
step   630000 | reward(last100)  0.4427 | sigma 0.0246 | elapsed 2297.3s
step   635000 | reward(last100)  0.4319 | sigma 0.0246 | elapsed 2317.4s
step   640000 | reward(last100)  0.4280 | sigma 0.0246 | elapsed 2335.9s
step   645000 | reward(last100)  0.3932 | sigma 0.0246 | elapsed 2352.6s
step   650000 | reward(last100)  0.4849 | sigma 0.0246 | elapsed 2369.5s
step   655000 | reward(last100)  0.3692 | sigma 0.0246 | elapsed 2387.6s
step   660000 | reward(last100)  0.4141 | sigma 0.0246 | elapsed 2405.6s
step   665000 | reward(last100)  0.4387 | sigma 0.0246 | elapsed 2423.6s
step   670000 | reward(last100)  0.3242 | sigma 0.0246 | elapsed 2441.5s
step   675000 | reward(last100)  0.3902 | sigma 0.0246 | elapsed 2459.7s
step   680000 | reward(last100)  0.4161 | sigma 0.0246 | elapsed 2478.0s
step   685000 | reward(last100)  0.5473 | sigma 0.0246 | elapsed 2496.0s
step   690000 | reward(last100)  0.4330 | sigma 0.0246 | elapsed 2513.5s
step   695000 | reward(last100)  0.4365 | sigma 0.0246 | elapsed 2531.0s
step   700000 | reward(last100)  0.2637 | sigma 0.0246 | elapsed 2548.3s
step   705000 | reward(last100)  0.4095 | sigma 0.0246 | elapsed 2566.2s
step   710000 | reward(last100)  0.3370 | sigma 0.0246 | elapsed 2583.4s
step   715000 | reward(last100)  0.3605 | sigma 0.0246 | elapsed 2600.0s
step   720000 | reward(last100)  0.2607 | sigma 0.0246 | elapsed 2617.4s
step   725000 | reward(last100)  0.4533 | sigma 0.0246 | elapsed 2634.8s
step   730000 | reward(last100)  0.4502 | sigma 0.0246 | elapsed 2652.3s
step   735000 | reward(last100)  0.4691 | sigma 0.0246 | elapsed 2669.9s
step   740000 | reward(last100)  0.4609 | sigma 0.0246 | elapsed 2689.9s
step   745000 | reward(last100)  0.3423 | sigma 0.0246 | elapsed 2712.6s
step   750000 | reward(last100)  0.4188 | sigma 0.0246 | elapsed 2735.3s
step   755000 | reward(last100)  0.4430 | sigma 0.0246 | elapsed 2758.6s
step   760000 | reward(last100)  0.3936 | sigma 0.0246 | elapsed 2780.5s
step   765000 | reward(last100)  0.3876 | sigma 0.0246 | elapsed 2797.3s
step   770000 | reward(last100)  0.4291 | sigma 0.0247 | elapsed 2812.9s
step   775000 | reward(last100)  0.4249 | sigma 0.0246 | elapsed 2828.6s
step   780000 | reward(last100)  0.4239 | sigma 0.0247 | elapsed 2844.4s
step   785000 | reward(last100)  0.4292 | sigma 0.0246 | elapsed 2860.1s
step   790000 | reward(last100)  0.4222 | sigma 0.0247 | elapsed 2875.8s
step   795000 | reward(last100)  0.4316 | sigma 0.0246 | elapsed 2891.5s
step   800000 | reward(last100)  0.4379 | sigma 0.0246 | elapsed 2907.4s
step   805000 | reward(last100)  0.3924 | sigma 0.0246 | elapsed 2924.2s
step   810000 | reward(last100)  0.4321 | sigma 0.0246 | elapsed 2941.6s
step   815000 | reward(last100)  0.3821 | sigma 0.0247 | elapsed 2962.9s
step   820000 | reward(last100)  0.3191 | sigma 0.0247 | elapsed 2981.6s
step   825000 | reward(last100)  0.4344 | sigma 0.0246 | elapsed 2997.9s
step   830000 | reward(last100)  0.3978 | sigma 0.0247 | elapsed 3013.9s
step   835000 | reward(last100)  0.3154 | sigma 0.0247 | elapsed 3029.9s
step   840000 | reward(last100)  0.4843 | sigma 0.0247 | elapsed 3052.7s
step   845000 | reward(last100)  0.4041 | sigma 0.0247 | elapsed 3075.7s
step   850000 | reward(last100)  0.3722 | sigma 0.0247 | elapsed 3098.7s
step   855000 | reward(last100)  0.4208 | sigma 0.0246 | elapsed 3116.6s
step   860000 | reward(last100)  0.3545 | sigma 0.0246 | elapsed 3137.3s
step   865000 | reward(last100)  0.4223 | sigma 0.0246 | elapsed 3157.8s
step   870000 | reward(last100)  0.3473 | sigma 0.0246 | elapsed 3173.5s
step   875000 | reward(last100)  0.3902 | sigma 0.0246 | elapsed 3190.8s
step   880000 | reward(last100)  0.3487 | sigma 0.0246 | elapsed 3209.9s
step   885000 | reward(last100)  0.4282 | sigma 0.0246 | elapsed 3232.4s
step   890000 | reward(last100)  0.3203 | sigma 0.0246 | elapsed 3252.9s
step   895000 | reward(last100)  0.3790 | sigma 0.0246 | elapsed 3272.9s
step   900000 | reward(last100)  0.4107 | sigma 0.0246 | elapsed 3291.4s
step   905000 | reward(last100)  0.4222 | sigma 0.0247 | elapsed 3313.9s
step   910000 | reward(last100)  0.4430 | sigma 0.0247 | elapsed 3336.7s
step   915000 | reward(last100)  0.4479 | sigma 0.0247 | elapsed 3359.7s
step   920000 | reward(last100)  0.3834 | sigma 0.0247 | elapsed 3379.8s
step   925000 | reward(last100)  0.4677 | sigma 0.0247 | elapsed 3397.0s
step   930000 | reward(last100)  0.4081 | sigma 0.0247 | elapsed 3412.9s
step   935000 | reward(last100)  0.3196 | sigma 0.0247 | elapsed 3429.3s
step   940000 | reward(last100)  0.4326 | sigma 0.0247 | elapsed 3445.5s
step   945000 | reward(last100)  0.3196 | sigma 0.0247 | elapsed 3461.4s
step   950000 | reward(last100)  0.3894 | sigma 0.0246 | elapsed 3477.5s
step   955000 | reward(last100)  0.3532 | sigma 0.0246 | elapsed 3495.4s
step   960000 | reward(last100)  0.4091 | sigma 0.0246 | elapsed 3512.1s
step   965000 | reward(last100)  0.4155 | sigma 0.0247 | elapsed 3529.5s
step   970000 | reward(last100)  0.2371 | sigma 0.0247 | elapsed 3546.8s
step   975000 | reward(last100)  0.4219 | sigma 0.0247 | elapsed 3564.1s
step   980000 | reward(last100)  0.4185 | sigma 0.0247 | elapsed 3581.5s
step   985000 | reward(last100)  0.3552 | sigma 0.0247 | elapsed 3599.0s
step   990000 | reward(last100)  0.3853 | sigma 0.0247 | elapsed 3616.5s
step   995000 | reward(last100)  0.3832 | sigma 0.0247 | elapsed 3633.4s
step  1000000 | reward(last100)  0.3669 | sigma 0.0247 | elapsed 3649.3s
step  1005000 | reward(last100)  0.4156 | sigma 0.0246 | elapsed 3668.9s
step  1010000 | reward(last100)  0.3822 | sigma 0.0246 | elapsed 3686.5s
step  1015000 | reward(last100)  0.3971 | sigma 0.0246 | elapsed 3703.9s
step  1020000 | reward(last100)  0.4144 | sigma 0.0246 | elapsed 3720.5s
step  1025000 | reward(last100)  0.4071 | sigma 0.0246 | elapsed 3736.9s
step  1030000 | reward(last100)  0.4095 | sigma 0.0246 | elapsed 3752.9s
step  1035000 | reward(last100)  0.4186 | sigma 0.0246 | elapsed 3772.7s
step  1040000 | reward(last100)  0.4191 | sigma 0.0246 | elapsed 3795.9s
step  1045000 | reward(last100)  0.4040 | sigma 0.0246 | elapsed 3819.0s
step  1050000 | reward(last100)  0.4003 | sigma 0.0246 | elapsed 3842.3s
step  1055000 | reward(last100)  0.3184 | sigma 0.0246 | elapsed 3861.1s
step  1060000 | reward(last100)  0.4526 | sigma 0.0246 | elapsed 3878.7s
step  1065000 | reward(last100)  0.3719 | sigma 0.0246 | elapsed 3894.8s
step  1070000 | reward(last100)  0.3094 | sigma 0.0246 | elapsed 3910.7s
step  1075000 | reward(last100)  0.4282 | sigma 0.0246 | elapsed 3927.6s
step  1080000 | reward(last100)  0.3969 | sigma 0.0246 | elapsed 3943.7s
step  1085000 | reward(last100)  0.4382 | sigma 0.0246 | elapsed 3959.9s
step  1090000 | reward(last100)  0.3735 | sigma 0.0246 | elapsed 3980.6s
step  1095000 | reward(last100)  0.4583 | sigma 0.0246 | elapsed 4002.4s
step  1100000 | reward(last100)  0.3334 | sigma 0.0246 | elapsed 4022.4s
step  1105000 | reward(last100)  0.3844 | sigma 0.0246 | elapsed 4038.7s
step  1110000 | reward(last100)  0.3770 | sigma 0.0246 | elapsed 4054.6s
step  1115000 | reward(last100)  0.4184 | sigma 0.0246 | elapsed 4071.3s
step  1120000 | reward(last100)  0.4735 | sigma 0.0245 | elapsed 4088.9s
step  1125000 | reward(last100)  0.3668 | sigma 0.0246 | elapsed 4108.7s
step  1130000 | reward(last100)  0.4508 | sigma 0.0246 | elapsed 4126.8s
step  1135000 | reward(last100)  0.3943 | sigma 0.0246 | elapsed 4144.1s
step  1140000 | reward(last100)  0.4037 | sigma 0.0245 | elapsed 4162.4s
step  1145000 | reward(last100)  0.4348 | sigma 0.0245 | elapsed 4178.3s
step  1150000 | reward(last100)  0.4432 | sigma 0.0246 | elapsed 4194.1s
step  1155000 | reward(last100)  0.3908 | sigma 0.0245 | elapsed 4213.7s
step  1160000 | reward(last100)  0.4623 | sigma 0.0245 | elapsed 4230.4s
step  1165000 | reward(last100)  0.3973 | sigma 0.0245 | elapsed 4246.3s
step  1170000 | reward(last100)  0.3933 | sigma 0.0245 | elapsed 4262.2s
step  1175000 | reward(last100)  0.4638 | sigma 0.0245 | elapsed 4278.2s
step  1180000 | reward(last100)  0.3664 | sigma 0.0245 | elapsed 4294.2s
step  1185000 | reward(last100)  0.5184 | sigma 0.0245 | elapsed 4311.7s
step  1190000 | reward(last100)  0.3712 | sigma 0.0245 | elapsed 4329.6s
step  1195000 | reward(last100)  0.4371 | sigma 0.0245 | elapsed 4345.5s
step  1200000 | reward(last100)  0.4323 | sigma 0.0245 | elapsed 4363.0s
step  1205000 | reward(last100)  0.4765 | sigma 0.0245 | elapsed 4380.9s
step  1210000 | reward(last100)  0.3737 | sigma 0.0245 | elapsed 4398.3s
step  1215000 | reward(last100)  0.4115 | sigma 0.0245 | elapsed 4416.0s
step  1220000 | reward(last100)  0.3573 | sigma 0.0245 | elapsed 4434.0s
step  1225000 | reward(last100)  0.4162 | sigma 0.0244 | elapsed 4455.0s
step  1230000 | reward(last100)  0.4207 | sigma 0.0244 | elapsed 4475.9s
step  1235000 | reward(last100)  0.3763 | sigma 0.0244 | elapsed 4496.9s
step  1240000 | reward(last100)  0.3888 | sigma 0.0244 | elapsed 4515.7s
step  1245000 | reward(last100)  0.3966 | sigma 0.0245 | elapsed 4532.7s
step  1250000 | reward(last100)  0.3490 | sigma 0.0244 | elapsed 4549.7s
step  1255000 | reward(last100)  0.4584 | sigma 0.0244 | elapsed 4567.1s
step  1260000 | reward(last100)  0.3898 | sigma 0.0244 | elapsed 4584.0s
step  1265000 | reward(last100)  0.4064 | sigma 0.0244 | elapsed 4600.6s
step  1270000 | reward(last100)  0.3996 | sigma 0.0244 | elapsed 4621.0s
step  1275000 | reward(last100)  0.3420 | sigma 0.0244 | elapsed 4640.7s
step  1280000 | reward(last100)  0.4461 | sigma 0.0244 | elapsed 4657.4s
step  1285000 | reward(last100)  0.3294 | sigma 0.0244 | elapsed 4674.1s
step  1290000 | reward(last100)  0.3583 | sigma 0.0244 | elapsed 4690.1s
step  1295000 | reward(last100)  0.4873 | sigma 0.0244 | elapsed 4706.0s
step  1300000 | reward(last100)  0.3841 | sigma 0.0244 | elapsed 4725.2s
step  1305000 | reward(last100)  0.3464 | sigma 0.0244 | elapsed 4742.9s
step  1310000 | reward(last100)  0.4319 | sigma 0.0244 | elapsed 4758.8s
step  1315000 | reward(last100)  0.4599 | sigma 0.0243 | elapsed 4779.6s
step  1320000 | reward(last100)  0.3834 | sigma 0.0244 | elapsed 4795.7s
step  1325000 | reward(last100)  0.2658 | sigma 0.0243 | elapsed 4812.1s
step  1330000 | reward(last100)  0.3822 | sigma 0.0243 | elapsed 4829.0s
step  1335000 | reward(last100)  0.3979 | sigma 0.0243 | elapsed 4845.9s
step  1340000 | reward(last100)  0.3715 | sigma 0.0243 | elapsed 4862.9s
step  1345000 | reward(last100)  0.3811 | sigma 0.0243 | elapsed 4879.9s
step  1350000 | reward(last100)  0.4183 | sigma 0.0243 | elapsed 4896.9s
step  1355000 | reward(last100)  0.3470 | sigma 0.0243 | elapsed 4915.0s
step  1360000 | reward(last100)  0.3944 | sigma 0.0242 | elapsed 4932.7s
step  1365000 | reward(last100)  0.4003 | sigma 0.0243 | elapsed 4949.4s
step  1370000 | reward(last100)  0.3919 | sigma 0.0243 | elapsed 4965.4s
step  1375000 | reward(last100)  0.3990 | sigma 0.0242 | elapsed 4981.4s
step  1380000 | reward(last100)  0.3380 | sigma 0.0242 | elapsed 4997.4s
step  1385000 | reward(last100)  0.4616 | sigma 0.0243 | elapsed 5013.4s
step  1390000 | reward(last100)  0.4123 | sigma 0.0243 | elapsed 5029.5s
step  1395000 | reward(last100)  0.3196 | sigma 0.0243 | elapsed 5047.3s
step  1400000 | reward(last100)  0.4159 | sigma 0.0243 | elapsed 5065.1s
step  1405000 | reward(last100)  0.3874 | sigma 0.0243 | elapsed 5083.2s
step  1410000 | reward(last100)  0.4571 | sigma 0.0243 | elapsed 5101.1s
step  1415000 | reward(last100)  0.3556 | sigma 0.0243 | elapsed 5118.9s
step  1420000 | reward(last100)  0.4134 | sigma 0.0243 | elapsed 5134.9s
step  1425000 | reward(last100)  0.3634 | sigma 0.0243 | elapsed 5150.9s
step  1430000 | reward(last100)  0.3922 | sigma 0.0243 | elapsed 5166.9s
step  1435000 | reward(last100)  0.4564 | sigma 0.0243 | elapsed 5182.7s
step  1440000 | reward(last100)  0.4727 | sigma 0.0243 | elapsed 5198.5s
step  1445000 | reward(last100)  0.4349 | sigma 0.0243 | elapsed 5214.4s
step  1450000 | reward(last100)  0.3643 | sigma 0.0243 | elapsed 5230.4s
step  1455000 | reward(last100)  0.2988 | sigma 0.0243 | elapsed 5253.5s
step  1460000 | reward(last100)  0.3593 | sigma 0.0242 | elapsed 5271.1s
step  1465000 | reward(last100)  0.3600 | sigma 0.0242 | elapsed 5287.2s
step  1470000 | reward(last100)  0.4710 | sigma 0.0242 | elapsed 5303.3s
step  1475000 | reward(last100)  0.4398 | sigma 0.0242 | elapsed 5319.3s
step  1480000 | reward(last100)  0.4581 | sigma 0.0242 | elapsed 5335.3s
step  1485000 | reward(last100)  0.4619 | sigma 0.0242 | elapsed 5351.4s
step  1490000 | reward(last100)  0.3579 | sigma 0.0242 | elapsed 5368.4s
step  1495000 | reward(last100)  0.4811 | sigma 0.0242 | elapsed 5390.0s
step  1500000 | reward(last100)  0.3384 | sigma 0.0242 | elapsed 5411.7s
step  1505000 | reward(last100)  0.3666 | sigma 0.0242 | elapsed 5430.1s
step  1510000 | reward(last100)  0.3831 | sigma 0.0242 | elapsed 5447.6s
step  1515000 | reward(last100)  0.4466 | sigma 0.0242 | elapsed 5465.9s
step  1520000 | reward(last100)  0.3746 | sigma 0.0242 | elapsed 5486.3s
step  1525000 | reward(last100)  0.4415 | sigma 0.0242 | elapsed 5506.1s
step  1530000 | reward(last100)  0.3308 | sigma 0.0242 | elapsed 5522.3s
step  1535000 | reward(last100)  0.4379 | sigma 0.0242 | elapsed 5540.0s
step  1540000 | reward(last100)  0.4135 | sigma 0.0242 | elapsed 5557.2s
step  1545000 | reward(last100)  0.3824 | sigma 0.0242 | elapsed 5573.6s
step  1550000 | reward(last100)  0.4737 | sigma 0.0242 | elapsed 5591.8s
step  1555000 | reward(last100)  0.3853 | sigma 0.0242 | elapsed 5608.4s
step  1560000 | reward(last100)  0.4357 | sigma 0.0242 | elapsed 5624.7s
step  1565000 | reward(last100)  0.3758 | sigma 0.0241 | elapsed 5642.5s
step  1570000 | reward(last100)  0.4534 | sigma 0.0241 | elapsed 5660.2s
step  1575000 | reward(last100)  0.3649 | sigma 0.0242 | elapsed 5676.8s
step  1580000 | reward(last100)  0.4553 | sigma 0.0241 | elapsed 5693.1s
step  1585000 | reward(last100)  0.4162 | sigma 0.0241 | elapsed 5709.5s
step  1590000 | reward(last100)  0.4929 | sigma 0.0241 | elapsed 5726.1s
step  1595000 | reward(last100)  0.3691 | sigma 0.0241 | elapsed 5744.5s
step  1600000 | reward(last100)  0.3541 | sigma 0.0241 | elapsed 5762.9s
step  1605000 | reward(last100)  0.4566 | sigma 0.0241 | elapsed 5784.9s
step  1610000 | reward(last100)  0.4732 | sigma 0.0241 | elapsed 5803.0s
step  1615000 | reward(last100)  0.4245 | sigma 0.0241 | elapsed 5821.2s
step  1620000 | reward(last100)  0.3790 | sigma 0.0241 | elapsed 5839.5s
step  1625000 | reward(last100)  0.3866 | sigma 0.0241 | elapsed 5859.6s
step  1630000 | reward(last100)  0.3791 | sigma 0.0241 | elapsed 5882.3s
step  1635000 | reward(last100)  0.4486 | sigma 0.0241 | elapsed 5904.1s
step  1640000 | reward(last100)  0.4743 | sigma 0.0241 | elapsed 5922.3s
step  1645000 | reward(last100)  0.3538 | sigma 0.0241 | elapsed 5940.4s
step  1650000 | reward(last100)  0.3937 | sigma 0.0241 | elapsed 5958.4s
step  1655000 | reward(last100)  0.3659 | sigma 0.0241 | elapsed 5980.6s
step  1660000 | reward(last100)  0.4545 | sigma 0.0241 | elapsed 6003.1s
step  1665000 | reward(last100)  0.3958 | sigma 0.0241 | elapsed 6025.4s
step  1670000 | reward(last100)  0.4310 | sigma 0.0241 | elapsed 6043.3s
step  1675000 | reward(last100)  0.4888 | sigma 0.0241 | elapsed 6061.4s
step  1680000 | reward(last100)  0.3300 | sigma 0.0241 | elapsed 6080.0s
step  1685000 | reward(last100)  0.4245 | sigma 0.0240 | elapsed 6098.7s
step  1690000 | reward(last100)  0.3591 | sigma 0.0241 | elapsed 6117.3s
step  1695000 | reward(last100)  0.3823 | sigma 0.0240 | elapsed 6135.0s
step  1700000 | reward(last100)  0.3914 | sigma 0.0241 | elapsed 6151.3s
step  1705000 | reward(last100)  0.3021 | sigma 0.0241 | elapsed 6168.1s
step  1710000 | reward(last100)  0.4173 | sigma 0.0240 | elapsed 6184.5s
step  1715000 | reward(last100)  0.4799 | sigma 0.0241 | elapsed 6200.9s
step  1720000 | reward(last100)  0.4143 | sigma 0.0241 | elapsed 6217.2s
step  1725000 | reward(last100)  0.3834 | sigma 0.0240 | elapsed 6233.4s
step  1730000 | reward(last100)  0.3806 | sigma 0.0241 | elapsed 6249.9s
step  1735000 | reward(last100)  0.4078 | sigma 0.0241 | elapsed 6266.3s
step  1740000 | reward(last100)  0.3545 | sigma 0.0241 | elapsed 6282.5s
step  1745000 | reward(last100)  0.4671 | sigma 0.0241 | elapsed 6298.8s
step  1750000 | reward(last100)  0.4309 | sigma 0.0241 | elapsed 6316.0s
step  1755000 | reward(last100)  0.3846 | sigma 0.0240 | elapsed 6333.9s
step  1760000 | reward(last100)  0.4692 | sigma 0.0240 | elapsed 6350.2s
step  1765000 | reward(last100)  0.3897 | sigma 0.0240 | elapsed 6366.5s
step  1770000 | reward(last100)  0.2995 | sigma 0.0240 | elapsed 6382.8s
step  1775000 | reward(last100)  0.4401 | sigma 0.0240 | elapsed 6399.0s
step  1780000 | reward(last100)  0.3688 | sigma 0.0240 | elapsed 6415.1s
step  1785000 | reward(last100)  0.3718 | sigma 0.0240 | elapsed 6431.7s
step  1790000 | reward(last100)  0.3756 | sigma 0.0240 | elapsed 6452.5s
step  1795000 | reward(last100)  0.3550 | sigma 0.0239 | elapsed 6473.3s
step  1800000 | reward(last100)  0.4022 | sigma 0.0239 | elapsed 6494.2s
step  1805000 | reward(last100)  0.3958 | sigma 0.0239 | elapsed 6514.4s
step  1810000 | reward(last100)  0.4479 | sigma 0.0240 | elapsed 6535.0s
step  1815000 | reward(last100)  0.3469 | sigma 0.0240 | elapsed 6556.5s
step  1820000 | reward(last100)  0.4431 | sigma 0.0240 | elapsed 6578.1s
step  1825000 | reward(last100)  0.4755 | sigma 0.0240 | elapsed 6599.7s
step  1830000 | reward(last100)  0.3687 | sigma 0.0239 | elapsed 6618.5s
step  1835000 | reward(last100)  0.4283 | sigma 0.0240 | elapsed 6634.8s
step  1840000 | reward(last100)  0.4082 | sigma 0.0239 | elapsed 6651.0s
step  1845000 | reward(last100)  0.3681 | sigma 0.0239 | elapsed 6667.2s
step  1850000 | reward(last100)  0.3726 | sigma 0.0239 | elapsed 6683.4s
step  1855000 | reward(last100)  0.4264 | sigma 0.0239 | elapsed 6700.1s
step  1860000 | reward(last100)  0.4866 | sigma 0.0239 | elapsed 6716.5s
step  1865000 | reward(last100)  0.3889 | sigma 0.0239 | elapsed 6732.9s
step  1870000 | reward(last100)  0.4195 | sigma 0.0239 | elapsed 6749.2s
step  1875000 | reward(last100)  0.4193 | sigma 0.0239 | elapsed 6766.2s
step  1880000 | reward(last100)  0.3947 | sigma 0.0239 | elapsed 6782.3s
step  1885000 | reward(last100)  0.3902 | sigma 0.0239 | elapsed 6798.5s
step  1890000 | reward(last100)  0.4507 | sigma 0.0239 | elapsed 6814.7s
step  1895000 | reward(last100)  0.4873 | sigma 0.0239 | elapsed 6831.0s
step  1900000 | reward(last100)  0.3968 | sigma 0.0239 | elapsed 6847.2s
step  1905000 | reward(last100)  0.4553 | sigma 0.0239 | elapsed 6864.5s
step  1910000 | reward(last100)  0.4129 | sigma 0.0239 | elapsed 6881.1s
step  1915000 | reward(last100)  0.5248 | sigma 0.0239 | elapsed 6897.5s
step  1920000 | reward(last100)  0.3856 | sigma 0.0239 | elapsed 6913.9s
step  1925000 | reward(last100)  0.4249 | sigma 0.0239 | elapsed 6930.2s
step  1930000 | reward(last100)  0.3602 | sigma 0.0239 | elapsed 6946.6s
step  1935000 | reward(last100)  0.4497 | sigma 0.0239 | elapsed 6963.0s
step  1940000 | reward(last100)  0.3330 | sigma 0.0239 | elapsed 6979.4s
step  1945000 | reward(last100)  0.4692 | sigma 0.0239 | elapsed 6995.9s
step  1950000 | reward(last100)  0.3651 | sigma 0.0239 | elapsed 7012.2s
step  1955000 | reward(last100)  0.4251 | sigma 0.0239 | elapsed 7030.9s
step  1960000 | reward(last100)  0.3911 | sigma 0.0239 | elapsed 7053.6s
step  1965000 | reward(last100)  0.4202 | sigma 0.0239 | elapsed 7076.5s
step  1970000 | reward(last100)  0.4361 | sigma 0.0239 | elapsed 7099.6s
step  1975000 | reward(last100)  0.4690 | sigma 0.0239 | elapsed 7121.1s
step  1980000 | reward(last100)  0.3994 | sigma 0.0239 | elapsed 7137.4s
step  1985000 | reward(last100)  0.4392 | sigma 0.0239 | elapsed 7153.7s
step  1990000 | reward(last100)  0.4412 | sigma 0.0239 | elapsed 7169.8s
step  1995000 | reward(last100)  0.4526 | sigma 0.0239 | elapsed 7186.0s
step  2000000 | reward(last100)  0.3505 | sigma 0.0239 | elapsed 7202.2s
step  2005000 | reward(last100)  0.4445 | sigma 0.0239 | elapsed 7218.9s
step  2010000 | reward(last100)  0.4564 | sigma 0.0239 | elapsed 7235.0s
step  2015000 | reward(last100)  0.3749 | sigma 0.0239 | elapsed 7251.2s
step  2020000 | reward(last100)  0.5218 | sigma 0.0239 | elapsed 7267.4s
step  2025000 | reward(last100)  0.3554 | sigma 0.0239 | elapsed 7283.6s
step  2030000 | reward(last100)  0.3912 | sigma 0.0239 | elapsed 7299.8s
step  2035000 | reward(last100)  0.4306 | sigma 0.0239 | elapsed 7315.9s
step  2040000 | reward(last100)  0.4528 | sigma 0.0239 | elapsed 7332.2s
step  2045000 | reward(last100)  0.5331 | sigma 0.0239 | elapsed 7348.5s
step  2050000 | reward(last100)  0.3875 | sigma 0.0239 | elapsed 7364.6s
step  2055000 | reward(last100)  0.4101 | sigma 0.0239 | elapsed 7388.4s
step  2060000 | reward(last100)  0.4588 | sigma 0.0239 | elapsed 7411.9s
step  2065000 | reward(last100)  0.4542 | sigma 0.0239 | elapsed 7433.5s
step  2070000 | reward(last100)  0.3615 | sigma 0.0239 | elapsed 7452.3s
step  2075000 | reward(last100)  0.3780 | sigma 0.0239 | elapsed 7471.8s
step  2080000 | reward(last100)  0.3737 | sigma 0.0239 | elapsed 7490.0s
step  2085000 | reward(last100)  0.4314 | sigma 0.0239 | elapsed 7508.7s
step  2090000 | reward(last100)  0.3709 | sigma 0.0239 | elapsed 7527.5s
step  2095000 | reward(last100)  0.3943 | sigma 0.0238 | elapsed 7545.3s
step  2100000 | reward(last100)  0.4583 | sigma 0.0238 | elapsed 7561.3s
step  2105000 | reward(last100)  0.4315 | sigma 0.0238 | elapsed 7579.9s
step  2110000 | reward(last100)  0.3940 | sigma 0.0238 | elapsed 7597.0s
step  2115000 | reward(last100)  0.3755 | sigma 0.0238 | elapsed 7613.0s
step  2120000 | reward(last100)  0.4008 | sigma 0.0238 | elapsed 7628.9s
step  2125000 | reward(last100)  0.4135 | sigma 0.0238 | elapsed 7644.9s
step  2130000 | reward(last100)  0.3954 | sigma 0.0238 | elapsed 7660.9s
step  2135000 | reward(last100)  0.3689 | sigma 0.0238 | elapsed 7676.8s
step  2140000 | reward(last100)  0.4250 | sigma 0.0238 | elapsed 7692.7s
step  2145000 | reward(last100)  0.4264 | sigma 0.0238 | elapsed 7708.7s
step  2150000 | reward(last100)  0.3874 | sigma 0.0238 | elapsed 7724.7s
step  2155000 | reward(last100)  0.4143 | sigma 0.0237 | elapsed 7740.8s
step  2160000 | reward(last100)  0.4862 | sigma 0.0237 | elapsed 7756.6s
step  2165000 | reward(last100)  0.3347 | sigma 0.0237 | elapsed 7772.6s
step  2170000 | reward(last100)  0.3886 | sigma 0.0237 | elapsed 7788.4s
step  2175000 | reward(last100)  0.3880 | sigma 0.0237 | elapsed 7804.3s
step  2180000 | reward(last100)  0.3536 | sigma 0.0237 | elapsed 7820.1s
step  2185000 | reward(last100)  0.5141 | sigma 0.0237 | elapsed 7835.8s
step  2190000 | reward(last100)  0.3764 | sigma 0.0237 | elapsed 7851.6s
step  2195000 | reward(last100)  0.4162 | sigma 0.0237 | elapsed 7867.5s
step  2200000 | reward(last100)  0.4661 | sigma 0.0237 | elapsed 7883.3s
step  2205000 | reward(last100)  0.3835 | sigma 0.0237 | elapsed 7899.3s
step  2210000 | reward(last100)  0.4556 | sigma 0.0237 | elapsed 7915.0s
step  2215000 | reward(last100)  0.3322 | sigma 0.0237 | elapsed 7931.0s
step  2220000 | reward(last100)  0.4270 | sigma 0.0237 | elapsed 7949.3s
step  2225000 | reward(last100)  0.4312 | sigma 0.0236 | elapsed 7967.3s
step  2230000 | reward(last100)  0.4258 | sigma 0.0236 | elapsed 7985.5s
step  2235000 | reward(last100)  0.4043 | sigma 0.0236 | elapsed 8003.0s
step  2240000 | reward(last100)  0.3985 | sigma 0.0236 | elapsed 8020.6s
step  2245000 | reward(last100)  0.3905 | sigma 0.0236 | elapsed 8038.0s
step  2250000 | reward(last100)  0.4234 | sigma 0.0236 | elapsed 8055.5s
step  2255000 | reward(last100)  0.4043 | sigma 0.0237 | elapsed 8071.5s
step  2260000 | reward(last100)  0.4964 | sigma 0.0237 | elapsed 8087.3s
step  2265000 | reward(last100)  0.4043 | sigma 0.0237 | elapsed 8103.0s
step  2270000 | reward(last100)  0.3381 | sigma 0.0236 | elapsed 8118.9s
step  2275000 | reward(last100)  0.3777 | sigma 0.0236 | elapsed 8136.1s
step  2280000 | reward(last100)  0.4484 | sigma 0.0236 | elapsed 8153.3s
step  2285000 | reward(last100)  0.4242 | sigma 0.0236 | elapsed 8170.6s
step  2290000 | reward(last100)  0.4332 | sigma 0.0236 | elapsed 8187.9s
step  2295000 | reward(last100)  0.3734 | sigma 0.0236 | elapsed 8205.3s
step  2300000 | reward(last100)  0.5063 | sigma 0.0236 | elapsed 8221.3s
step  2305000 | reward(last100)  0.4226 | sigma 0.0236 | elapsed 8237.8s
step  2310000 | reward(last100)  0.4105 | sigma 0.0236 | elapsed 8253.8s
step  2315000 | reward(last100)  0.3984 | sigma 0.0236 | elapsed 8269.8s
step  2320000 | reward(last100)  0.3804 | sigma 0.0236 | elapsed 8288.1s
step  2325000 | reward(last100)  0.4675 | sigma 0.0236 | elapsed 8305.9s
step  2330000 | reward(last100)  0.3670 | sigma 0.0236 | elapsed 8323.4s
step  2335000 | reward(last100)  0.4408 | sigma 0.0236 | elapsed 8341.0s
step  2340000 | reward(last100)  0.4468 | sigma 0.0236 | elapsed 8358.5s
step  2345000 | reward(last100)  0.4363 | sigma 0.0236 | elapsed 8375.9s
step  2350000 | reward(last100)  0.4626 | sigma 0.0236 | elapsed 8393.4s
step  2355000 | reward(last100)  0.4182 | sigma 0.0236 | elapsed 8411.9s
step  2360000 | reward(last100)  0.4144 | sigma 0.0235 | elapsed 8430.2s
step  2365000 | reward(last100)  0.4091 | sigma 0.0235 | elapsed 8447.2s
step  2370000 | reward(last100)  0.4145 | sigma 0.0235 | elapsed 8463.1s
step  2375000 | reward(last100)  0.4267 | sigma 0.0235 | elapsed 8479.1s
step  2380000 | reward(last100)  0.4437 | sigma 0.0235 | elapsed 8495.1s
step  2385000 | reward(last100)  0.4583 | sigma 0.0235 | elapsed 8511.1s
step  2390000 | reward(last100)  0.4699 | sigma 0.0235 | elapsed 8527.2s
step  2395000 | reward(last100)  0.4043 | sigma 0.0235 | elapsed 8543.2s
step  2400000 | reward(last100)  0.4082 | sigma 0.0235 | elapsed 8559.3s
step  2405000 | reward(last100)  0.5026 | sigma 0.0235 | elapsed 8577.0s
step  2410000 | reward(last100)  0.4480 | sigma 0.0235 | elapsed 8593.0s
step  2415000 | reward(last100)  0.5115 | sigma 0.0235 | elapsed 8609.1s
step  2420000 | reward(last100)  0.4791 | sigma 0.0235 | elapsed 8625.0s
step  2425000 | reward(last100)  0.5001 | sigma 0.0235 | elapsed 8641.0s
step  2430000 | reward(last100)  0.4771 | sigma 0.0235 | elapsed 8657.0s
step  2435000 | reward(last100)  0.4728 | sigma 0.0235 | elapsed 8673.0s
step  2440000 | reward(last100)  0.4005 | sigma 0.0235 | elapsed 8689.1s
step  2445000 | reward(last100)  0.4711 | sigma 0.0235 | elapsed 8705.2s
step  2450000 | reward(last100)  0.4034 | sigma 0.0235 | elapsed 8721.3s
step  2455000 | reward(last100)  0.4323 | sigma 0.0235 | elapsed 8739.9s
step  2460000 | reward(last100)  0.4685 | sigma 0.0235 | elapsed 8758.0s
step  2465000 | reward(last100)  0.4172 | sigma 0.0235 | elapsed 8775.9s
step  2470000 | reward(last100)  0.4376 | sigma 0.0235 | elapsed 8793.7s
step  2475000 | reward(last100)  0.4396 | sigma 0.0236 | elapsed 8811.5s
step  2480000 | reward(last100)  0.5074 | sigma 0.0236 | elapsed 8829.3s
step  2485000 | reward(last100)  0.4846 | sigma 0.0235 | elapsed 8847.1s
step  2490000 | reward(last100)  0.3954 | sigma 0.0235 | elapsed 8864.9s
step  2495000 | reward(last100)  0.4385 | sigma 0.0235 | elapsed 8882.6s
step  2500000 | reward(last100)  0.4498 | sigma 0.0235 | elapsed 8900.0s
step  2505000 | reward(last100)  0.4612 | sigma 0.0235 | elapsed 8918.5s
step  2510000 | reward(last100)  0.3732 | sigma 0.0235 | elapsed 8936.8s
step  2515000 | reward(last100)  0.3906 | sigma 0.0235 | elapsed 8955.4s
step  2520000 | reward(last100)  0.3217 | sigma 0.0235 | elapsed 8973.9s
step  2525000 | reward(last100)  0.4619 | sigma 0.0235 | elapsed 8992.3s
step  2530000 | reward(last100)  0.3841 | sigma 0.0235 | elapsed 9010.7s
step  2535000 | reward(last100)  0.3812 | sigma 0.0235 | elapsed 9029.1s
step  2540000 | reward(last100)  0.4373 | sigma 0.0235 | elapsed 9047.1s
step  2545000 | reward(last100)  0.4569 | sigma 0.0235 | elapsed 9063.9s
step  2550000 | reward(last100)  0.3993 | sigma 0.0235 | elapsed 9080.1s
step  2555000 | reward(last100)  0.3793 | sigma 0.0235 | elapsed 9098.0s
step  2560000 | reward(last100)  0.4576 | sigma 0.0235 | elapsed 9115.6s
step  2565000 | reward(last100)  0.4132 | sigma 0.0235 | elapsed 9133.1s
step  2570000 | reward(last100)  0.4587 | sigma 0.0235 | elapsed 9150.6s
step  2575000 | reward(last100)  0.4561 | sigma 0.0235 | elapsed 9168.1s
step  2580000 | reward(last100)  0.3971 | sigma 0.0235 | elapsed 9185.6s
step  2585000 | reward(last100)  0.4281 | sigma 0.0235 | elapsed 9203.1s
step  2590000 | reward(last100)  0.4348 | sigma 0.0235 | elapsed 9220.7s
step  2595000 | reward(last100)  0.4883 | sigma 0.0235 | elapsed 9238.2s
step  2600000 | reward(last100)  0.4380 | sigma 0.0235 | elapsed 9255.6s
step  2605000 | reward(last100)  0.4344 | sigma 0.0235 | elapsed 9272.1s
step  2610000 | reward(last100)  0.4041 | sigma 0.0235 | elapsed 9288.3s
step  2615000 | reward(last100)  0.4777 | sigma 0.0235 | elapsed 9304.4s
step  2620000 | reward(last100)  0.4387 | sigma 0.0235 | elapsed 9320.5s
step  2625000 | reward(last100)  0.5172 | sigma 0.0235 | elapsed 9336.6s
step  2630000 | reward(last100)  0.4865 | sigma 0.0235 | elapsed 9352.7s
step  2635000 | reward(last100)  0.3920 | sigma 0.0235 | elapsed 9368.9s
step  2640000 | reward(last100)  0.4358 | sigma 0.0234 | elapsed 9385.0s
step  2645000 | reward(last100)  0.3977 | sigma 0.0234 | elapsed 9401.1s
step  2650000 | reward(last100)  0.4141 | sigma 0.0234 | elapsed 9417.8s
step  2655000 | reward(last100)  0.4491 | sigma 0.0234 | elapsed 9434.1s
step  2660000 | reward(last100)  0.4105 | sigma 0.0234 | elapsed 9450.1s
step  2665000 | reward(last100)  0.4096 | sigma 0.0234 | elapsed 9466.2s
step  2670000 | reward(last100)  0.5379 | sigma 0.0234 | elapsed 9483.7s
step  2675000 | reward(last100)  0.4648 | sigma 0.0234 | elapsed 9499.8s
step  2680000 | reward(last100)  0.3759 | sigma 0.0234 | elapsed 9515.9s
step  2685000 | reward(last100)  0.4449 | sigma 0.0234 | elapsed 9531.9s
step  2690000 | reward(last100)  0.3828 | sigma 0.0234 | elapsed 9548.0s
step  2695000 | reward(last100)  0.3936 | sigma 0.0234 | elapsed 9564.0s
step  2700000 | reward(last100)  0.4852 | sigma 0.0234 | elapsed 9580.0s
step  2705000 | reward(last100)  0.4420 | sigma 0.0234 | elapsed 9598.2s
step  2710000 | reward(last100)  0.4539 | sigma 0.0234 | elapsed 9615.8s
step  2715000 | reward(last100)  0.4105 | sigma 0.0234 | elapsed 9633.5s
step  2720000 | reward(last100)  0.4560 | sigma 0.0234 | elapsed 9651.2s
step  2725000 | reward(last100)  0.3918 | sigma 0.0234 | elapsed 9669.5s
step  2730000 | reward(last100)  0.4562 | sigma 0.0234 | elapsed 9687.3s
step  2735000 | reward(last100)  0.4380 | sigma 0.0234 | elapsed 9705.5s
step  2740000 | reward(last100)  0.4745 | sigma 0.0234 | elapsed 9724.0s
step  2745000 | reward(last100)  0.4373 | sigma 0.0234 | elapsed 9745.6s
step  2750000 | reward(last100)  0.4103 | sigma 0.0234 | elapsed 9767.3s
step  2755000 | reward(last100)  0.4307 | sigma 0.0234 | elapsed 9783.8s
step  2760000 | reward(last100)  0.3510 | sigma 0.0234 | elapsed 9800.0s
step  2765000 | reward(last100)  0.3977 | sigma 0.0234 | elapsed 9816.2s
step  2770000 | reward(last100)  0.4001 | sigma 0.0234 | elapsed 9832.3s
step  2775000 | reward(last100)  0.4052 | sigma 0.0234 | elapsed 9848.5s
step  2780000 | reward(last100)  0.4837 | sigma 0.0234 | elapsed 9864.7s
step  2785000 | reward(last100)  0.4144 | sigma 0.0234 | elapsed 9880.8s
step  2790000 | reward(last100)  0.4007 | sigma 0.0234 | elapsed 9897.0s
step  2795000 | reward(last100)  0.4405 | sigma 0.0234 | elapsed 9913.2s
step  2800000 | reward(last100)  0.3870 | sigma 0.0234 | elapsed 9929.3s
step  2805000 | reward(last100)  0.4277 | sigma 0.0234 | elapsed 9945.8s
step  2810000 | reward(last100)  0.3725 | sigma 0.0234 | elapsed 9961.9s
step  2815000 | reward(last100)  0.4145 | sigma 0.0234 | elapsed 9979.5s
step  2820000 | reward(last100)  0.4334 | sigma 0.0234 | elapsed 9997.1s
step  2825000 | reward(last100)  0.3659 | sigma 0.0234 | elapsed 10014.7s
step  2830000 | reward(last100)  0.4315 | sigma 0.0234 | elapsed 10032.3s
step  2835000 | reward(last100)  0.4815 | sigma 0.0234 | elapsed 10049.0s
step  2840000 | reward(last100)  0.3987 | sigma 0.0234 | elapsed 10066.5s
step  2845000 | reward(last100)  0.5628 | sigma 0.0234 | elapsed 10082.9s
step  2850000 | reward(last100)  0.4169 | sigma 0.0234 | elapsed 10099.1s
step  2855000 | reward(last100)  0.4266 | sigma 0.0234 | elapsed 10117.4s
step  2860000 | reward(last100)  0.4518 | sigma 0.0234 | elapsed 10136.9s
step  2865000 | reward(last100)  0.3872 | sigma 0.0234 | elapsed 10154.6s
step  2870000 | reward(last100)  0.3644 | sigma 0.0234 | elapsed 10172.8s
step  2875000 | reward(last100)  0.4358 | sigma 0.0234 | elapsed 10194.2s
step  2880000 | reward(last100)  0.4187 | sigma 0.0234 | elapsed 10215.9s
step  2885000 | reward(last100)  0.3599 | sigma 0.0234 | elapsed 10237.7s
step  2890000 | reward(last100)  0.4676 | sigma 0.0234 | elapsed 10259.3s
step  2895000 | reward(last100)  0.4039 | sigma 0.0234 | elapsed 10280.4s
step  2900000 | reward(last100)  0.4256 | sigma 0.0234 | elapsed 10301.5s
step  2905000 | reward(last100)  0.3181 | sigma 0.0234 | elapsed 10322.8s
step  2910000 | reward(last100)  0.4619 | sigma 0.0234 | elapsed 10344.2s
step  2915000 | reward(last100)  0.4262 | sigma 0.0234 | elapsed 10362.9s
step  2920000 | reward(last100)  0.3779 | sigma 0.0234 | elapsed 10380.8s
step  2925000 | reward(last100)  0.3728 | sigma 0.0234 | elapsed 10398.8s
step  2930000 | reward(last100)  0.4225 | sigma 0.0234 | elapsed 10416.7s
step  2935000 | reward(last100)  0.4464 | sigma 0.0233 | elapsed 10434.7s
step  2940000 | reward(last100)  0.4840 | sigma 0.0234 | elapsed 10452.6s
step  2945000 | reward(last100)  0.3799 | sigma 0.0234 | elapsed 10470.6s
step  2950000 | reward(last100)  0.4578 | sigma 0.0234 | elapsed 10488.5s
step  2955000 | reward(last100)  0.4245 | sigma 0.0233 | elapsed 10505.1s
step  2960000 | reward(last100)  0.4336 | sigma 0.0233 | elapsed 10521.4s
step  2965000 | reward(last100)  0.4170 | sigma 0.0234 | elapsed 10537.8s
step  2970000 | reward(last100)  0.4138 | sigma 0.0234 | elapsed 10554.1s
step  2975000 | reward(last100)  0.4263 | sigma 0.0234 | elapsed 10572.1s
step  2980000 | reward(last100)  0.4057 | sigma 0.0234 | elapsed 10590.2s
step  2985000 | reward(last100)  0.4079 | sigma 0.0234 | elapsed 10608.2s
step  2990000 | reward(last100)  0.4703 | sigma 0.0234 | elapsed 10626.3s
step  2995000 | reward(last100)  0.4269 | sigma 0.0234 | elapsed 10644.4s
step  3000000 | reward(last100)  0.3183 | sigma 0.0234 | elapsed 10662.9s
