step     5000 | reward(last100)  0.0115 | eps 0.976 | elapsed    1.3s
step    10000 | reward(last100)  0.0105 | eps 0.953 | elapsed    2.6s
step    15000 | reward(last100)  0.0228 | eps 0.929 | elapsed   15.2s
step    20000 | reward(last100)  0.0360 | eps 0.905 | elapsed   31.4s
step    25000 | reward(last100)  0.0364 | eps 0.881 | elapsed   46.9s
step    30000 | reward(last100)  0.0365 | eps 0.858 | elapsed   59.0s
step    35000 | reward(last100)  0.0389 | eps 0.834 | elapsed   71.2s
step    40000 | reward(last100)  0.0785 | eps 0.810 | elapsed   83.7s
step    45000 | reward(last100)  0.0673 | eps 0.786 | elapsed   96.1s
step    50000 | reward(last100)  0.0310 | eps 0.762 | elapsed  108.7s
step    55000 | reward(last100)  0.0977 | eps 0.739 | elapsed  125.0s
step    60000 | reward(last100)  0.0741 | eps 0.715 | elapsed  140.0s
step    65000 | reward(last100)  0.0714 | eps 0.691 | elapsed  154.6s
step    70000 | reward(last100)  0.0505 | eps 0.667 | elapsed  166.4s
step    75000 | reward(last100)  0.0512 | eps 0.644 | elapsed  179.0s
step    80000 | reward(last100)  0.0542 | eps 0.620 | elapsed  190.7s
step    85000 | reward(last100)  0.0266 | eps 0.596 | elapsed  202.1s
step    90000 | reward(last100)  0.0202 | eps 0.573 | elapsed  213.6s
step    95000 | reward(last100)  0.0077 | eps 0.549 | elapsed  226.3s
step   100000 | reward(last100)  0.0101 | eps 0.525 | elapsed  239.5s
step   105000 | reward(last100)  0.0421 | eps 0.501 | elapsed  251.3s
step   110000 | reward(last100)  0.0476 | eps 0.478 | elapsed  262.7s
step   115000 | reward(last100)  0.0482 | eps 0.454 | elapsed  272.2s
step   120000 | reward(last100)  0.0348 | eps 0.430 | elapsed  282.4s
step   125000 | reward(last100)  0.0450 | eps 0.406 | elapsed  292.4s
step   130000 | reward(last100)  0.0108 | eps 0.383 | elapsed  302.1s
step   135000 | reward(last100)  0.0352 | eps 0.359 | elapsed  312.3s
step   140000 | reward(last100)  0.0045 | eps 0.335 | elapsed  325.0s
step   145000 | reward(last100)  0.0117 | eps 0.311 | elapsed  338.8s
step   150000 | reward(last100)  0.0067 | eps 0.288 | elapsed  351.3s
step   155000 | reward(last100)  0.0233 | eps 0.264 | elapsed  363.9s
step   160000 | reward(last100)  0.0085 | eps 0.240 | elapsed  377.4s
step   165000 | reward(last100)  0.0125 | eps 0.216 | elapsed  386.4s
step   170000 | reward(last100)  0.0118 | eps 0.193 | elapsed  395.4s
step   175000 | reward(last100)  0.0000 | eps 0.169 | elapsed  404.2s
step   180000 | reward(last100)  0.0000 | eps 0.145 | elapsed  413.1s
step   185000 | reward(last100)  0.0099 | eps 0.121 | elapsed  422.1s
step   190000 | reward(last100)  0.0108 | eps 0.098 | elapsed  432.0s
step   195000 | reward(last100)  0.0044 | eps 0.074 | elapsed  442.0s
step   200000 | reward(last100)  0.0101 | eps 0.050 | elapsed  455.1s
step   205000 | reward(last100)  0.0000 | eps 0.050 | elapsed  467.7s
step   210000 | reward(last100)  0.0000 | eps 0.050 | elapsed  480.9s
step   215000 | reward(last100)  0.0000 | eps 0.050 | elapsed  491.0s
step   220000 | reward(last100)  0.0000 | eps 0.050 | elapsed  500.6s
step   225000 | reward(last100)  0.0000 | eps 0.050 | elapsed  511.6s
step   230000 | reward(last100)  0.0032 | eps 0.050 | elapsed  522.9s
step   235000 | reward(last100)  0.0015 | eps 0.050 | elapsed  534.9s
step   240000 | reward(last100)  0.0056 | eps 0.050 | elapsed  547.5s
step   245000 | reward(last100)  0.0019 | eps 0.050 | elapsed  560.3s
step   250000 | reward(last100)  0.0185 | eps 0.050 | elapsed  573.1s
step   255000 | reward(last100)  0.0768 | eps 0.050 | elapsed  585.1s
step   260000 | reward(last100)  0.1826 | eps 0.050 | elapsed  596.5s
step   265000 | reward(last100)  0.1763 | eps 0.050 | elapsed  610.3s
step   270000 | reward(last100)  0.1389 | eps 0.050 | elapsed  624.2s
step   275000 | reward(last100)  0.0903 | eps 0.050 | elapsed  638.3s
step   280000 | reward(last100)  0.0486 | eps 0.050 | elapsed  651.8s
step   285000 | reward(last100)  0.0530 | eps 0.050 | elapsed  664.9s
step   290000 | reward(last100)  0.0433 | eps 0.050 | elapsed  678.8s
step   295000 | reward(last100)  0.0809 | eps 0.050 | elapsed  690.9s
step   300000 | reward(last100)  0.0318 | eps 0.050 | elapsed  701.8s
step   305000 | reward(last100)  0.0554 | eps 0.050 | elapsed  713.7s
step   310000 | reward(last100)  0.0608 | eps 0.050 | elapsed  724.4s
step   315000 | reward(last100)  0.0559 | eps 0.050 | elapsed  736.5s
step   320000 | reward(last100)  0.0921 | eps 0.050 | elapsed  748.7s
step   325000 | reward(last100)  0.0698 | eps 0.050 | elapsed  759.9s
step   330000 | reward(last100)  0.0251 | eps 0.050 | elapsed  770.6s
step   335000 | reward(last100)  0.0192 | eps 0.050 | elapsed  783.1s
step   340000 | reward(last100)  0.0731 | eps 0.050 | elapsed  793.7s
step   345000 | reward(last100)  0.1102 | eps 0.050 | elapsed  804.0s
step   350000 | reward(last100)  0.0720 | eps 0.050 | elapsed  815.5s
step   355000 | reward(last100)  0.1026 | eps 0.050 | elapsed  826.4s
step   360000 | reward(last100)  0.0313 | eps 0.050 | elapsed  837.2s
step   365000 | reward(last100)  0.0260 | eps 0.050 | elapsed  848.9s
step   370000 | reward(last100)  0.0559 | eps 0.050 | elapsed  862.9s
step   375000 | reward(last100)  0.0747 | eps 0.050 | elapsed  876.4s
step   380000 | reward(last100)  0.0341 | eps 0.050 | elapsed  890.2s
step   385000 | reward(last100)  0.0668 | eps 0.050 | elapsed  902.1s
step   390000 | reward(last100)  0.0258 | eps 0.050 | elapsed  915.7s
step   395000 | reward(last100)  0.0365 | eps 0.050 | elapsed  930.3s
step   400000 | reward(last100)  0.0612 | eps 0.050 | elapsed  944.7s
step   405000 | reward(last100)  0.1323 | eps 0.050 | elapsed  955.6s
step   410000 | reward(last100)  0.0652 | eps 0.050 | elapsed  966.2s
step   415000 | reward(last100)  0.0355 | eps 0.050 | elapsed  977.2s
step   420000 | reward(last100)  0.0621 | eps 0.050 | elapsed  987.9s
step   425000 | reward(last100)  0.1351 | eps 0.050 | elapsed  999.9s
step   430000 | reward(last100)  0.1156 | eps 0.050 | elapsed 1014.1s
step   435000 | reward(last100)  0.1210 | eps 0.050 | elapsed 1029.4s
step   440000 | reward(last100)  0.1993 | eps 0.050 | elapsed 1045.2s
step   445000 | reward(last100)  0.1283 | eps 0.050 | elapsed 1060.8s
step   450000 | reward(last100)  0.0257 | eps 0.050 | elapsed 1075.9s
step   455000 | reward(last100)  0.0795 | eps 0.050 | elapsed 1087.1s
step   460000 | reward(last100)  0.0352 | eps 0.050 | elapsed 1098.6s
step   465000 | reward(last100)  0.1015 | eps 0.050 | elapsed 1109.1s
step   470000 | reward(last100)  0.0841 | eps 0.050 | elapsed 1119.6s
step   475000 | reward(last100)  0.0901 | eps 0.050 | elapsed 1130.1s
step   480000 | reward(last100)  0.0975 | eps 0.050 | elapsed 1140.6s
step   485000 | reward(last100)  0.0891 | eps 0.050 | elapsed 1151.2s
step   490000 | reward(last100)  0.1055 | eps 0.050 | elapsed 1161.9s
step   495000 | reward(last100)  0.0711 | eps 0.050 | elapsed 1172.8s
step   500000 | reward(last100)  0.0799 | eps 0.050 | elapsed 1183.4s
step   505000 | reward(last100)  0.0696 | eps 0.050 | elapsed 1199.3s
step   510000 | reward(last100)  0.1424 | eps 0.050 | elapsed 1212.5s
step   515000 | reward(last100)  0.0860 | eps 0.050 | elapsed 1227.5s
step   520000 | reward(last100)  0.0891 | eps 0.050 | elapsed 1243.2s
step   525000 | reward(last100)  0.0428 | eps 0.050 | elapsed 1258.4s
step   530000 | reward(last100)  0.1104 | eps 0.050 | elapsed 1273.9s
step   535000 | reward(last100)  0.0615 | eps 0.050 | elapsed 1289.4s
step   540000 | reward(last100)  0.0238 | eps 0.050 | elapsed 1305.0s
step   545000 | reward(last100)  0.0717 | eps 0.050 | elapsed 1320.6s
step   550000 | reward(last100)  0.1225 | eps 0.050 | elapsed 1336.3s
step   555000 | reward(last100)  0.0932 | eps 0.050 | elapsed 1352.0s
step   560000 | reward(last100)  0.0805 | eps 0.050 | elapsed 1367.2s
step   565000 | reward(last100)  0.0883 | eps 0.050 | elapsed 1381.8s
step   570000 | reward(last100)  0.0875 | eps 0.050 | elapsed 1396.2s
step   575000 | reward(last100)  0.0379 | eps 0.050 | elapsed 1410.6s
step   580000 | reward(last100)  0.1231 | eps 0.050 | elapsed 1424.1s
step   585000 | reward(last100)  0.0545 | eps 0.050 | elapsed 1434.8s
step   590000 | reward(last100)  0.0536 | eps 0.050 | elapsed 1445.7s
step   595000 | reward(last100)  0.0431 | eps 0.050 | elapsed 1457.3s
step   600000 | reward(last100)  0.0853 | eps 0.050 | elapsed 1471.0s
step   605000 | reward(last100)  0.1074 | eps 0.050 | elapsed 1483.4s
step   610000 | reward(last100)  0.1636 | eps 0.050 | elapsed 1497.2s
step   615000 | reward(last100)  0.1064 | eps 0.050 | elapsed 1511.1s
step   620000 | reward(last100)  0.1086 | eps 0.050 | elapsed 1525.4s
step   625000 | reward(last100)  0.0510 | eps 0.050 | elapsed 1539.9s
step   630000 | reward(last100)  0.0927 | eps 0.050 | elapsed 1554.3s
step   635000 | reward(last100)  0.1785 | eps 0.050 | elapsed 1568.9s
step   640000 | reward(last100)  0.1594 | eps 0.050 | elapsed 1583.5s
step   645000 | reward(last100)  0.0834 | eps 0.050 | elapsed 1598.1s
step   650000 | reward(last100)  0.0565 | eps 0.050 | elapsed 1613.2s
step   655000 | reward(last100)  0.0290 | eps 0.050 | elapsed 1627.4s
step   660000 | reward(last100)  0.0438 | eps 0.050 | elapsed 1643.1s
step   665000 | reward(last100)  0.0349 | eps 0.050 | elapsed 1654.2s
step   670000 | reward(last100)  0.1029 | eps 0.050 | elapsed 1665.0s
step   675000 | reward(last100)  0.0662 | eps 0.050 | elapsed 1675.7s
step   680000 | reward(last100)  0.0781 | eps 0.050 | elapsed 1688.4s
step   685000 | reward(last100)  0.0668 | eps 0.050 | elapsed 1703.0s
step   690000 | reward(last100)  0.0596 | eps 0.050 | elapsed 1717.5s
step   695000 | reward(last100)  0.0799 | eps 0.050 | elapsed 1731.9s
step   700000 | reward(last100)  0.0693 | eps 0.050 | elapsed 1746.5s
step   705000 | reward(last100)  0.0912 | eps 0.050 | elapsed 1760.1s
step   710000 | reward(last100)  0.1222 | eps 0.050 | elapsed 1774.9s
step   715000 | reward(last100)  0.0861 | eps 0.050 | elapsed 1789.0s
step   720000 | reward(last100)  0.0622 | eps 0.050 | elapsed 1803.1s
step   725000 | reward(last100)  0.0625 | eps 0.050 | elapsed 1817.9s
step   730000 | reward(last100)  0.0188 | eps 0.050 | elapsed 1832.8s
step   735000 | reward(last100)  0.0538 | eps 0.050 | elapsed 1847.6s
step   740000 | reward(last100)  0.0841 | eps 0.050 | elapsed 1862.4s
step   745000 | reward(last100)  0.1166 | eps 0.050 | elapsed 1877.2s
step   750000 | reward(last100)  0.0260 | eps 0.050 | elapsed 1889.2s
step   755000 | reward(last100)  0.0314 | eps 0.050 | elapsed 1900.9s
step   760000 | reward(last100)  0.0629 | eps 0.050 | elapsed 1911.7s
step   765000 | reward(last100)  0.0903 | eps 0.050 | elapsed 1922.4s
step   770000 | reward(last100)  0.1395 | eps 0.050 | elapsed 1933.2s
step   775000 | reward(last100)  0.1805 | eps 0.050 | elapsed 1944.7s
step   780000 | reward(last100)  0.1293 | eps 0.050 | elapsed 1958.7s
step   785000 | reward(last100)  0.1001 | eps 0.050 | elapsed 1972.7s
step   790000 | reward(last100)  0.0748 | eps 0.050 | elapsed 1986.8s
step   795000 | reward(last100)  0.0121 | eps 0.050 | elapsed 2000.9s
step   800000 | reward(last100)  0.0548 | eps 0.050 | elapsed 2015.0s
step   805000 | reward(last100)  0.0242 | eps 0.050 | elapsed 2028.1s
step   810000 | reward(last100)  0.0824 | eps 0.050 | elapsed 2041.7s
step   815000 | reward(last100)  0.0251 | eps 0.050 | elapsed 2055.8s
step   820000 | reward(last100)  0.0381 | eps 0.050 | elapsed 2069.8s
step   825000 | reward(last100)  0.0999 | eps 0.050 | elapsed 2083.8s
step   830000 | reward(last100)  0.1403 | eps 0.050 | elapsed 2095.0s
step   835000 | reward(last100)  0.1239 | eps 0.050 | elapsed 2105.8s
step   840000 | reward(last100)  0.0833 | eps 0.050 | elapsed 2116.6s
step   845000 | reward(last100)  0.0165 | eps 0.050 | elapsed 2128.0s
step   850000 | reward(last100)  0.0967 | eps 0.050 | elapsed 2139.6s
step   855000 | reward(last100)  0.1086 | eps 0.050 | elapsed 2151.7s
step   860000 | reward(last100)  0.1723 | eps 0.050 | elapsed 2162.5s
step   865000 | reward(last100)  0.0101 | eps 0.050 | elapsed 2173.8s
step   870000 | reward(last100)  0.0844 | eps 0.050 | elapsed 2186.7s
step   875000 | reward(last100)  0.1545 | eps 0.050 | elapsed 2200.7s
step   880000 | reward(last100)  0.1089 | eps 0.050 | elapsed 2214.8s
step   885000 | reward(last100)  0.0800 | eps 0.050 | elapsed 2228.8s
step   890000 | reward(last100)  0.1850 | eps 0.050 | elapsed 2242.9s
step   895000 | reward(last100)  0.0540 | eps 0.050 | elapsed 2257.0s
step   900000 | reward(last100)  0.1433 | eps 0.050 | elapsed 2271.0s
step   905000 | reward(last100)  0.1680 | eps 0.050 | elapsed 2282.3s
step   910000 | reward(last100)  0.1997 | eps 0.050 | elapsed 2293.3s
step   915000 | reward(last100)  0.1455 | eps 0.050 | elapsed 2304.2s
step   920000 | reward(last100)  0.1213 | eps 0.050 | elapsed 2315.0s
step   925000 | reward(last100)  0.1992 | eps 0.050 | elapsed 2326.0s
step   930000 | reward(last100)  0.1348 | eps 0.050 | elapsed 2336.9s
step   935000 | reward(last100)  0.1828 | eps 0.050 | elapsed 2347.8s
step   940000 | reward(last100)  0.1198 | eps 0.050 | elapsed 2358.7s
step   945000 | reward(last100)  0.1494 | eps 0.050 | elapsed 2369.6s
step   950000 | reward(last100)  0.1939 | eps 0.050 | elapsed 2380.6s
step   955000 | reward(last100)  0.1372 | eps 0.050 | elapsed 2394.5s
step   960000 | reward(last100)  0.1798 | eps 0.050 | elapsed 2405.8s
step   965000 | reward(last100)  0.1971 | eps 0.050 | elapsed 2416.8s
step   970000 | reward(last100)  0.0891 | eps 0.050 | elapsed 2427.7s
step   975000 | reward(last100)  0.0709 | eps 0.050 | elapsed 2439.1s
step   980000 | reward(last100)  0.0757 | eps 0.050 | elapsed 2451.4s
step   985000 | reward(last100)  0.1259 | eps 0.050 | elapsed 2464.7s
step   990000 | reward(last100)  0.0726 | eps 0.050 | elapsed 2478.5s
step   995000 | reward(last100)  0.1977 | eps 0.050 | elapsed 2492.5s
step  1000000 | reward(last100)  0.2021 | eps 0.050 | elapsed 2507.9s
step  1005000 | reward(last100)  0.0923 | eps 0.050 | elapsed 2521.4s
step  1010000 | reward(last100)  0.0698 | eps 0.050 | elapsed 2534.5s
step  1015000 | reward(last100)  0.1648 | eps 0.050 | elapsed 2550.2s
step  1020000 | reward(last100)  0.1012 | eps 0.050 | elapsed 2563.3s
step  1025000 | reward(last100)  0.1238 | eps 0.050 | elapsed 2576.7s
step  1030000 | reward(last100)  0.1543 | eps 0.050 | elapsed 2588.8s
step  1035000 | reward(last100)  0.1825 | eps 0.050 | elapsed 2600.6s
step  1040000 | reward(last100)  0.1212 | eps 0.050 | elapsed 2612.6s
step  1045000 | reward(last100)  0.1980 | eps 0.050 | elapsed 2624.5s
step  1050000 | reward(last100)  0.1014 | eps 0.050 | elapsed 2636.0s
step  1055000 | reward(last100)  0.0588 | eps 0.050 | elapsed 2647.5s
step  1060000 | reward(last100)  0.1257 | eps 0.050 | elapsed 2658.6s
step  1065000 | reward(last100)  0.0477 | eps 0.050 | elapsed 2669.6s
step  1070000 | reward(last100)  0.1657 | eps 0.050 | elapsed 2680.7s
step  1075000 | reward(last100)  0.1850 | eps 0.050 | elapsed 2691.8s
step  1080000 | reward(last100)  0.1578 | eps 0.050 | elapsed 2703.8s
step  1085000 | reward(last100)  0.1827 | eps 0.050 | elapsed 2718.9s
step  1090000 | reward(last100)  0.1706 | eps 0.050 | elapsed 2734.4s
step  1095000 | reward(last100)  0.2142 | eps 0.050 | elapsed 2749.4s
step  1100000 | reward(last100)  0.1507 | eps 0.050 | elapsed 2764.1s
step  1105000 | reward(last100)  0.1182 | eps 0.050 | elapsed 2775.9s
step  1110000 | reward(last100)  0.1431 | eps 0.050 | elapsed 2787.9s
step  1115000 | reward(last100)  0.1760 | eps 0.050 | elapsed 2800.3s
step  1120000 | reward(last100)  0.1449 | eps 0.050 | elapsed 2813.0s
step  1125000 | reward(last100)  0.1260 | eps 0.050 | elapsed 2829.0s
step  1130000 | reward(last100)  0.1455 | eps 0.050 | elapsed 2844.9s
step  1135000 | reward(last100)  0.1185 | eps 0.050 | elapsed 2860.8s
step  1140000 | reward(last100)  0.1379 | eps 0.050 | elapsed 2876.1s
step  1145000 | reward(last100)  0.1625 | eps 0.050 | elapsed 2891.1s
step  1150000 | reward(last100)  0.1560 | eps 0.050 | elapsed 2906.1s
step  1155000 | reward(last100)  0.2313 | eps 0.050 | elapsed 2917.6s
step  1160000 | reward(last100)  0.0868 | eps 0.050 | elapsed 2928.7s
step  1165000 | reward(last100)  0.1384 | eps 0.050 | elapsed 2939.9s
step  1170000 | reward(last100)  0.1748 | eps 0.050 | elapsed 2951.1s
step  1175000 | reward(last100)  0.1751 | eps 0.050 | elapsed 2962.3s
step  1180000 | reward(last100)  0.1626 | eps 0.050 | elapsed 2973.8s
step  1185000 | reward(last100)  0.1050 | eps 0.050 | elapsed 2985.1s
step  1190000 | reward(last100)  0.2113 | eps 0.050 | elapsed 2996.2s
step  1195000 | reward(last100)  0.1448 | eps 0.050 | elapsed 3007.4s
step  1200000 | reward(last100)  0.0964 | eps 0.050 | elapsed 3018.9s
step  1205000 | reward(last100)  0.1424 | eps 0.050 | elapsed 3031.4s
step  1210000 | reward(last100)  0.1755 | eps 0.050 | elapsed 3043.1s
step  1215000 | reward(last100)  0.1310 | eps 0.050 | elapsed 3054.2s
step  1220000 | reward(last100)  0.1906 | eps 0.050 | elapsed 3065.3s
step  1225000 | reward(last100)  0.0754 | eps 0.050 | elapsed 3076.4s
step  1230000 | reward(last100)  0.1158 | eps 0.050 | elapsed 3087.5s
step  1235000 | reward(last100)  0.0950 | eps 0.050 | elapsed 3098.7s
step  1240000 | reward(last100)  0.1111 | eps 0.050 | elapsed 3109.9s
step  1245000 | reward(last100)  0.2155 | eps 0.050 | elapsed 3121.0s
step  1250000 | reward(last100)  0.1627 | eps 0.050 | elapsed 3132.2s
step  1255000 | reward(last100)  0.1468 | eps 0.050 | elapsed 3147.6s
step  1260000 | reward(last100)  0.1051 | eps 0.050 | elapsed 3162.6s
step  1265000 | reward(last100)  0.1152 | eps 0.050 | elapsed 3177.7s
step  1270000 | reward(last100)  0.1221 | eps 0.050 | elapsed 3193.4s
step  1275000 | reward(last100)  0.1489 | eps 0.050 | elapsed 3209.0s
step  1280000 | reward(last100)  0.1815 | eps 0.050 | elapsed 3224.7s
step  1285000 | reward(last100)  0.0886 | eps 0.050 | elapsed 3240.6s
step  1290000 | reward(last100)  0.1730 | eps 0.050 | elapsed 3256.9s
step  1295000 | reward(last100)  0.2179 | eps 0.050 | elapsed 3269.9s
step  1300000 | reward(last100)  0.1042 | eps 0.050 | elapsed 3282.5s
step  1305000 | reward(last100)  0.1697 | eps 0.050 | elapsed 3298.0s
step  1310000 | reward(last100)  0.1886 | eps 0.050 | elapsed 3313.4s
step  1315000 | reward(last100)  0.1176 | eps 0.050 | elapsed 3328.7s
step  1320000 | reward(last100)  0.1442 | eps 0.050 | elapsed 3343.9s
step  1325000 | reward(last100)  0.0946 | eps 0.050 | elapsed 3359.1s
step  1330000 | reward(last100)  0.1280 | eps 0.050 | elapsed 3374.5s
step  1335000 | reward(last100)  0.1340 | eps 0.050 | elapsed 3389.5s
step  1340000 | reward(last100)  0.1905 | eps 0.050 | elapsed 3401.8s
step  1345000 | reward(last100)  0.1212 | eps 0.050 | elapsed 3414.0s
step  1350000 | reward(last100)  0.1026 | eps 0.050 | elapsed 3426.2s
step  1355000 | reward(last100)  0.2029 | eps 0.050 | elapsed 3438.8s
step  1360000 | reward(last100)  0.2331 | eps 0.050 | elapsed 3450.0s
step  1365000 | reward(last100)  0.1017 | eps 0.050 | elapsed 3461.3s
step  1370000 | reward(last100)  0.1121 | eps 0.050 | elapsed 3472.4s
step  1375000 | reward(last100)  0.1750 | eps 0.050 | elapsed 3484.2s
step  1380000 | reward(last100)  0.1566 | eps 0.050 | elapsed 3495.9s
step  1385000 | reward(last100)  0.2072 | eps 0.050 | elapsed 3507.9s
step  1390000 | reward(last100)  0.2141 | eps 0.050 | elapsed 3519.7s
step  1395000 | reward(last100)  0.2174 | eps 0.050 | elapsed 3532.5s
step  1400000 | reward(last100)  0.2200 | eps 0.050 | elapsed 3547.9s
step  1405000 | reward(last100)  0.0988 | eps 0.050 | elapsed 3563.6s
step  1410000 | reward(last100)  0.0545 | eps 0.050 | elapsed 3576.7s
step  1415000 | reward(last100)  0.0775 | eps 0.050 | elapsed 3589.0s
step  1420000 | reward(last100)  0.1758 | eps 0.050 | elapsed 3601.2s
step  1425000 | reward(last100)  0.1251 | eps 0.050 | elapsed 3613.5s
step  1430000 | reward(last100)  0.2325 | eps 0.050 | elapsed 3625.7s
step  1435000 | reward(last100)  0.2228 | eps 0.050 | elapsed 3637.9s
step  1440000 | reward(last100)  0.2615 | eps 0.050 | elapsed 3650.1s
step  1445000 | reward(last100)  0.2006 | eps 0.050 | elapsed 3662.3s
step  1450000 | reward(last100)  0.1470 | eps 0.050 | elapsed 3674.5s
step  1455000 | reward(last100)  0.2027 | eps 0.050 | elapsed 3689.4s
step  1460000 | reward(last100)  0.0580 | eps 0.050 | elapsed 3704.1s
step  1465000 | reward(last100)  0.0950 | eps 0.050 | elapsed 3719.1s
step  1470000 | reward(last100)  0.2622 | eps 0.050 | elapsed 3734.1s
step  1475000 | reward(last100)  0.2723 | eps 0.050 | elapsed 3748.7s
step  1480000 | reward(last100)  0.1894 | eps 0.050 | elapsed 3760.0s
step  1485000 | reward(last100)  0.1938 | eps 0.050 | elapsed 3771.2s
step  1490000 | reward(last100)  0.1759 | eps 0.050 | elapsed 3782.5s
step  1495000 | reward(last100)  0.2350 | eps 0.050 | elapsed 3793.8s
step  1500000 | reward(last100)  0.1782 | eps 0.050 | elapsed 3805.1s
step  1505000 | reward(last100)  0.2149 | eps 0.050 | elapsed 3819.3s
step  1510000 | reward(last100)  0.2605 | eps 0.050 | elapsed 3833.9s
step  1515000 | reward(last100)  0.1258 | eps 0.050 | elapsed 3848.6s
step  1520000 | reward(last100)  0.1293 | eps 0.050 | elapsed 3861.3s
step  1525000 | reward(last100)  0.1837 | eps 0.050 | elapsed 3873.5s
step  1530000 | reward(last100)  0.1348 | eps 0.050 | elapsed 3885.7s
step  1535000 | reward(last100)  0.1796 | eps 0.050 | elapsed 3897.6s
step  1540000 | reward(last100)  0.2355 | eps 0.050 | elapsed 3908.8s
step  1545000 | reward(last100)  0.2070 | eps 0.050 | elapsed 3920.0s
step  1550000 | reward(last100)  0.1640 | eps 0.050 | elapsed 3931.2s
step  1555000 | reward(last100)  0.1071 | eps 0.050 | elapsed 3942.9s
step  1560000 | reward(last100)  0.1980 | eps 0.050 | elapsed 3954.1s
step  1565000 | reward(last100)  0.3231 | eps 0.050 | elapsed 3966.5s
step  1570000 | reward(last100)  0.1755 | eps 0.050 | elapsed 3979.1s
step  1575000 | reward(last100)  0.2027 | eps 0.050 | elapsed 3991.7s
step  1580000 | reward(last100)  0.1369 | eps 0.050 | elapsed 4004.2s
step  1585000 | reward(last100)  0.2111 | eps 0.050 | elapsed 4020.0s
step  1590000 | reward(last100)  0.2707 | eps 0.050 | elapsed 4036.4s
step  1595000 | reward(last100)  0.2785 | eps 0.050 | elapsed 4052.7s
step  1600000 | reward(last100)  0.2407 | eps 0.050 | elapsed 4068.5s
step  1605000 | reward(last100)  0.2788 | eps 0.050 | elapsed 4080.9s
step  1610000 | reward(last100)  0.3683 | eps 0.050 | elapsed 4093.0s
step  1615000 | reward(last100)  0.3325 | eps 0.050 | elapsed 4104.4s
step  1620000 | reward(last100)  0.3550 | eps 0.050 | elapsed 4115.5s
step  1625000 | reward(last100)  0.1753 | eps 0.050 | elapsed 4126.8s
step  1630000 | reward(last100)  0.0819 | eps 0.050 | elapsed 4138.0s
step  1635000 | reward(last100)  0.3188 | eps 0.050 | elapsed 4149.2s
step  1640000 | reward(last100)  0.2249 | eps 0.050 | elapsed 4160.4s
step  1645000 | reward(last100)  0.1510 | eps 0.050 | elapsed 4171.6s
step  1650000 | reward(last100)  0.2304 | eps 0.050 | elapsed 4182.7s
step  1655000 | reward(last100)  0.2380 | eps 0.050 | elapsed 4194.3s
step  1660000 | reward(last100)  0.2426 | eps 0.050 | elapsed 4205.5s
step  1665000 | reward(last100)  0.1854 | eps 0.050 | elapsed 4216.7s
step  1670000 | reward(last100)  0.2918 | eps 0.050 | elapsed 4227.9s
step  1675000 | reward(last100)  0.1661 | eps 0.050 | elapsed 4239.1s
step  1680000 | reward(last100)  0.2578 | eps 0.050 | elapsed 4250.3s
step  1685000 | reward(last100)  0.2465 | eps 0.050 | elapsed 4261.4s
step  1690000 | reward(last100)  0.2477 | eps 0.050 | elapsed 4272.6s
step  1695000 | reward(last100)  0.2421 | eps 0.050 | elapsed 4283.8s
step  1700000 | reward(last100)  0.2706 | eps 0.050 | elapsed 4295.0s
step  1705000 | reward(last100)  0.2329 | eps 0.050 | elapsed 4306.7s
step  1710000 | reward(last100)  0.3278 | eps 0.050 | elapsed 4318.1s
step  1715000 | reward(last100)  0.2529 | eps 0.050 | elapsed 4329.4s
step  1720000 | reward(last100)  0.3028 | eps 0.050 | elapsed 4340.6s
step  1725000 | reward(last100)  0.3482 | eps 0.050 | elapsed 4352.5s
step  1730000 | reward(last100)  0.2240 | eps 0.050 | elapsed 4363.9s
step  1735000 | reward(last100)  0.1712 | eps 0.050 | elapsed 4376.4s
step  1740000 | reward(last100)  0.3414 | eps 0.050 | elapsed 4391.4s
step  1745000 | reward(last100)  0.2880 | eps 0.050 | elapsed 4407.0s
step  1750000 | reward(last100)  0.3024 | eps 0.050 | elapsed 4423.1s
step  1755000 | reward(last100)  0.2966 | eps 0.050 | elapsed 4437.4s
step  1760000 | reward(last100)  0.3137 | eps 0.050 | elapsed 4450.9s
step  1765000 | reward(last100)  0.2418 | eps 0.050 | elapsed 4466.7s
step  1770000 | reward(last100)  0.3233 | eps 0.050 | elapsed 4482.6s
step  1775000 | reward(last100)  0.2815 | eps 0.050 | elapsed 4498.0s
step  1780000 | reward(last100)  0.1863 | eps 0.050 | elapsed 4513.0s
step  1785000 | reward(last100)  0.2326 | eps 0.050 | elapsed 4528.3s
step  1790000 | reward(last100)  0.2267 | eps 0.050 | elapsed 4543.3s
step  1795000 | reward(last100)  0.1482 | eps 0.050 | elapsed 4558.7s
step  1800000 | reward(last100)  0.3733 | eps 0.050 | elapsed 4574.7s
step  1805000 | reward(last100)  0.2431 | eps 0.050 | elapsed 4587.2s
step  1810000 | reward(last100)  0.2918 | eps 0.050 | elapsed 4598.6s
step  1815000 | reward(last100)  0.3415 | eps 0.050 | elapsed 4609.9s
step  1820000 | reward(last100)  0.3261 | eps 0.050 | elapsed 4621.1s
step  1825000 | reward(last100)  0.2948 | eps 0.050 | elapsed 4632.4s
step  1830000 | reward(last100)  0.2362 | eps 0.050 | elapsed 4643.7s
step  1835000 | reward(last100)  0.2216 | eps 0.050 | elapsed 4655.0s
step  1840000 | reward(last100)  0.1524 | eps 0.050 | elapsed 4666.2s
step  1845000 | reward(last100)  0.2592 | eps 0.050 | elapsed 4677.5s
step  1850000 | reward(last100)  0.3302 | eps 0.050 | elapsed 4689.5s
step  1855000 | reward(last100)  0.2411 | eps 0.050 | elapsed 4702.0s
step  1860000 | reward(last100)  0.2097 | eps 0.050 | elapsed 4713.9s
step  1865000 | reward(last100)  0.2253 | eps 0.050 | elapsed 4725.3s
step  1870000 | reward(last100)  0.2159 | eps 0.050 | elapsed 4738.1s
step  1875000 | reward(last100)  0.2546 | eps 0.050 | elapsed 4751.0s
step  1880000 | reward(last100)  0.3494 | eps 0.050 | elapsed 4765.7s
step  1885000 | reward(last100)  0.3140 | eps 0.050 | elapsed 4780.4s
step  1890000 | reward(last100)  0.2918 | eps 0.050 | elapsed 4795.1s
step  1895000 | reward(last100)  0.1799 | eps 0.050 | elapsed 4809.8s
step  1900000 | reward(last100)  0.2998 | eps 0.050 | elapsed 4824.5s
step  1905000 | reward(last100)  0.3402 | eps 0.050 | elapsed 4836.2s
step  1910000 | reward(last100)  0.3160 | eps 0.050 | elapsed 4851.1s
step  1915000 | reward(last100)  0.2051 | eps 0.050 | elapsed 4867.4s
step  1920000 | reward(last100)  0.3217 | eps 0.050 | elapsed 4883.9s
step  1925000 | reward(last100)  0.3262 | eps 0.050 | elapsed 4900.2s
step  1930000 | reward(last100)  0.2269 | eps 0.050 | elapsed 4915.9s
step  1935000 | reward(last100)  0.3137 | eps 0.050 | elapsed 4931.5s
step  1940000 | reward(last100)  0.2264 | eps 0.050 | elapsed 4945.4s
step  1945000 | reward(last100)  0.2518 | eps 0.050 | elapsed 4958.6s
step  1950000 | reward(last100)  0.3079 | eps 0.050 | elapsed 4974.2s
step  1955000 | reward(last100)  0.2968 | eps 0.050 | elapsed 4985.9s
step  1960000 | reward(last100)  0.3461 | eps 0.050 | elapsed 4997.2s
step  1965000 | reward(last100)  0.3038 | eps 0.050 | elapsed 5008.6s
step  1970000 | reward(last100)  0.3198 | eps 0.050 | elapsed 5020.2s
step  1975000 | reward(last100)  0.3417 | eps 0.050 | elapsed 5032.1s
step  1980000 | reward(last100)  0.2320 | eps 0.050 | elapsed 5043.3s
step  1985000 | reward(last100)  0.2400 | eps 0.050 | elapsed 5054.6s
step  1990000 | reward(last100)  0.2799 | eps 0.050 | elapsed 5065.9s
step  1995000 | reward(last100)  0.3343 | eps 0.050 | elapsed 5077.1s
step  2000000 | reward(last100)  0.2350 | eps 0.050 | elapsed 5088.5s
step  2005000 | reward(last100)  0.2056 | eps 0.050 | elapsed 5100.8s
step  2010000 | reward(last100)  0.2913 | eps 0.050 | elapsed 5112.1s
step  2015000 | reward(last100)  0.2679 | eps 0.050 | elapsed 5123.4s
step  2020000 | reward(last100)  0.2451 | eps 0.050 | elapsed 5134.7s
step  2025000 | reward(last100)  0.2442 | eps 0.050 | elapsed 5145.9s
step  2030000 | reward(last100)  0.1869 | eps 0.050 | elapsed 5157.1s
step  2035000 | reward(last100)  0.1831 | eps 0.050 | elapsed 5168.4s
step  2040000 | reward(last100)  0.3309 | eps 0.050 | elapsed 5179.7s
step  2045000 | reward(last100)  0.1888 | eps 0.050 | elapsed 5191.0s
step  2050000 | reward(last100)  0.2176 | eps 0.050 | elapsed 5202.3s
step  2055000 | reward(last100)  0.2077 | eps 0.050 | elapsed 5214.0s
step  2060000 | reward(last100)  0.2168 | eps 0.050 | elapsed 5225.4s
step  2065000 | reward(last100)  0.2134 | eps 0.050 | elapsed 5237.3s
step  2070000 | reward(last100)  0.2392 | eps 0.050 | elapsed 5249.6s
step  2075000 | reward(last100)  0.2071 | eps 0.050 | elapsed 5261.9s
step  2080000 | reward(last100)  0.3440 | eps 0.050 | elapsed 5274.2s
step  2085000 | reward(last100)  0.2353 | eps 0.050 | elapsed 5286.4s
step  2090000 | reward(last100)  0.2735 | eps 0.050 | elapsed 5298.7s
step  2095000 | reward(last100)  0.2875 | eps 0.050 | elapsed 5311.0s
step  2100000 | reward(last100)  0.2873 | eps 0.050 | elapsed 5323.3s
step  2105000 | reward(last100)  0.3182 | eps 0.050 | elapsed 5338.1s
step  2110000 | reward(last100)  0.1439 | eps 0.050 | elapsed 5349.8s
step  2115000 | reward(last100)  0.3082 | eps 0.050 | elapsed 5361.1s
step  2120000 | reward(last100)  0.2984 | eps 0.050 | elapsed 5372.4s
step  2125000 | reward(last100)  0.2250 | eps 0.050 | elapsed 5383.7s
step  2130000 | reward(last100)  0.2688 | eps 0.050 | elapsed 5395.0s
step  2135000 | reward(last100)  0.2627 | eps 0.050 | elapsed 5406.9s
step  2140000 | reward(last100)  0.2862 | eps 0.050 | elapsed 5418.2s
step  2145000 | reward(last100)  0.3356 | eps 0.050 | elapsed 5429.5s
step  2150000 | reward(last100)  0.2298 | eps 0.050 | elapsed 5440.7s
step  2155000 | reward(last100)  0.1843 | eps 0.050 | elapsed 5453.0s
step  2160000 | reward(last100)  0.2883 | eps 0.050 | elapsed 5465.4s
step  2165000 | reward(last100)  0.2960 | eps 0.050 | elapsed 5477.7s
step  2170000 | reward(last100)  0.2198 | eps 0.050 | elapsed 5490.7s
step  2175000 | reward(last100)  0.3426 | eps 0.050 | elapsed 5503.7s
step  2180000 | reward(last100)  0.2911 | eps 0.050 | elapsed 5519.8s
step  2185000 | reward(last100)  0.3655 | eps 0.050 | elapsed 5533.0s
step  2190000 | reward(last100)  0.2601 | eps 0.050 | elapsed 5546.0s
step  2195000 | reward(last100)  0.2279 | eps 0.050 | elapsed 5558.9s
step  2200000 | reward(last100)  0.3635 | eps 0.050 | elapsed 5571.5s
step  2205000 | reward(last100)  0.3128 | eps 0.050 | elapsed 5584.1s
step  2210000 | reward(last100)  0.3282 | eps 0.050 | elapsed 5596.4s
step  2215000 | reward(last100)  0.2919 | eps 0.050 | elapsed 5608.7s
step  2220000 | reward(last100)  0.3809 | eps 0.050 | elapsed 5621.0s
step  2225000 | reward(last100)  0.3468 | eps 0.050 | elapsed 5633.2s
step  2230000 | reward(last100)  0.2978 | eps 0.050 | elapsed 5644.4s
step  2235000 | reward(last100)  0.2878 | eps 0.050 | elapsed 5655.6s
step  2240000 | reward(last100)  0.4529 | eps 0.050 | elapsed 5666.9s
step  2245000 | reward(last100)  0.2878 | eps 0.050 | elapsed 5678.2s
step  2250000 | reward(last100)  0.4778 | eps 0.050 | elapsed 5689.4s
step  2255000 | reward(last100)  0.3834 | eps 0.050 | elapsed 5702.9s
step  2260000 | reward(last100)  0.2750 | eps 0.050 | elapsed 5716.1s
step  2265000 | reward(last100)  0.3015 | eps 0.050 | elapsed 5731.4s
step  2270000 | reward(last100)  0.3436 | eps 0.050 | elapsed 5746.9s
step  2275000 | reward(last100)  0.3955 | eps 0.050 | elapsed 5762.8s
step  2280000 | reward(last100)  0.4612 | eps 0.050 | elapsed 5778.6s
step  2285000 | reward(last100)  0.4062 | eps 0.050 | elapsed 5794.0s
step  2290000 | reward(last100)  0.4425 | eps 0.050 | elapsed 5809.2s
step  2295000 | reward(last100)  0.3396 | eps 0.050 | elapsed 5824.0s
step  2300000 | reward(last100)  0.3891 | eps 0.050 | elapsed 5838.5s
step  2305000 | reward(last100)  0.4382 | eps 0.050 | elapsed 5853.8s
step  2310000 | reward(last100)  0.3516 | eps 0.050 | elapsed 5868.5s
step  2315000 | reward(last100)  0.3981 | eps 0.050 | elapsed 5883.1s
step  2320000 | reward(last100)  0.3346 | eps 0.050 | elapsed 5897.8s
step  2325000 | reward(last100)  0.4295 | eps 0.050 | elapsed 5911.2s
step  2330000 | reward(last100)  0.4382 | eps 0.050 | elapsed 5922.5s
step  2335000 | reward(last100)  0.4504 | eps 0.050 | elapsed 5933.8s
step  2340000 | reward(last100)  0.4536 | eps 0.050 | elapsed 5945.1s
step  2345000 | reward(last100)  0.4465 | eps 0.050 | elapsed 5956.4s
step  2350000 | reward(last100)  0.3752 | eps 0.050 | elapsed 5967.9s
step  2355000 | reward(last100)  0.4669 | eps 0.050 | elapsed 5980.0s
step  2360000 | reward(last100)  0.3287 | eps 0.050 | elapsed 5991.3s
step  2365000 | reward(last100)  0.3544 | eps 0.050 | elapsed 6002.5s
step  2370000 | reward(last100)  0.3889 | eps 0.050 | elapsed 6013.7s
step  2375000 | reward(last100)  0.4433 | eps 0.050 | elapsed 6025.0s
step  2380000 | reward(last100)  0.2802 | eps 0.050 | elapsed 6036.3s
step  2385000 | reward(last100)  0.3619 | eps 0.050 | elapsed 6047.6s
step  2390000 | reward(last100)  0.3936 | eps 0.050 | elapsed 6058.9s
step  2395000 | reward(last100)  0.3789 | eps 0.050 | elapsed 6070.2s
step  2400000 | reward(last100)  0.3805 | eps 0.050 | elapsed 6081.4s
step  2405000 | reward(last100)  0.4291 | eps 0.050 | elapsed 6093.3s
step  2410000 | reward(last100)  0.4158 | eps 0.050 | elapsed 6104.5s
step  2415000 | reward(last100)  0.3582 | eps 0.050 | elapsed 6115.8s
step  2420000 | reward(last100)  0.2580 | eps 0.050 | elapsed 6128.1s
step  2425000 | reward(last100)  0.4243 | eps 0.050 | elapsed 6140.4s
step  2430000 | reward(last100)  0.3967 | eps 0.050 | elapsed 6152.5s
step  2435000 | reward(last100)  0.3807 | eps 0.050 | elapsed 6163.8s
step  2440000 | reward(last100)  0.3775 | eps 0.050 | elapsed 6175.1s
step  2445000 | reward(last100)  0.3969 | eps 0.050 | elapsed 6186.4s
step  2450000 | reward(last100)  0.3734 | eps 0.050 | elapsed 6197.6s
step  2455000 | reward(last100)  0.3346 | eps 0.050 | elapsed 6209.3s
step  2460000 | reward(last100)  0.4138 | eps 0.050 | elapsed 6221.2s
step  2465000 | reward(last100)  0.3962 | eps 0.050 | elapsed 6234.0s
step  2470000 | reward(last100)  0.3328 | eps 0.050 | elapsed 6246.7s
step  2475000 | reward(last100)  0.3663 | eps 0.050 | elapsed 6259.4s
step  2480000 | reward(last100)  0.3688 | eps 0.050 | elapsed 6272.1s
step  2485000 | reward(last100)  0.4033 | eps 0.050 | elapsed 6284.9s
step  2490000 | reward(last100)  0.4835 | eps 0.050 | elapsed 6300.2s
step  2495000 | reward(last100)  0.2870 | eps 0.050 | elapsed 6316.4s
step  2500000 | reward(last100)  0.2649 | eps 0.050 | elapsed 6332.4s
step  2505000 | reward(last100)  0.4217 | eps 0.050 | elapsed 6346.0s
step  2510000 | reward(last100)  0.4343 | eps 0.050 | elapsed 6359.2s
step  2515000 | reward(last100)  0.4322 | eps 0.050 | elapsed 6372.5s
step  2520000 | reward(last100)  0.4366 | eps 0.050 | elapsed 6385.3s
step  2525000 | reward(last100)  0.4168 | eps 0.050 | elapsed 6396.8s
step  2530000 | reward(last100)  0.4169 | eps 0.050 | elapsed 6408.3s
step  2535000 | reward(last100)  0.3692 | eps 0.050 | elapsed 6423.1s
step  2540000 | reward(last100)  0.3069 | eps 0.050 | elapsed 6438.3s
step  2545000 | reward(last100)  0.4076 | eps 0.050 | elapsed 6452.8s
step  2550000 | reward(last100)  0.3704 | eps 0.050 | elapsed 6464.3s
step  2555000 | reward(last100)  0.4443 | eps 0.050 | elapsed 6481.0s
step  2560000 | reward(last100)  0.3253 | eps 0.050 | elapsed 6496.1s
step  2565000 | reward(last100)  0.4345 | eps 0.050 | elapsed 6511.6s
step  2570000 | reward(last100)  0.3553 | eps 0.050 | elapsed 6526.5s
step  2575000 | reward(last100)  0.3920 | eps 0.050 | elapsed 6540.0s
step  2580000 | reward(last100)  0.4333 | eps 0.050 | elapsed 6551.3s
step  2585000 | reward(last100)  0.3868 | eps 0.050 | elapsed 6562.7s
step  2590000 | reward(last100)  0.4419 | eps 0.050 | elapsed 6574.0s
step  2595000 | reward(last100)  0.4225 | eps 0.050 | elapsed 6585.5s
step  2600000 | reward(last100)  0.3919 | eps 0.050 | elapsed 6598.9s
step  2605000 | reward(last100)  0.3879 | eps 0.050 | elapsed 6610.8s
step  2610000 | reward(last100)  0.3980 | eps 0.050 | elapsed 6622.2s
step  2615000 | reward(last100)  0.4479 | eps 0.050 | elapsed 6633.5s
step  2620000 | reward(last100)  0.3933 | eps 0.050 | elapsed 6645.2s
step  2625000 | reward(last100)  0.4255 | eps 0.050 | elapsed 6657.4s
step  2630000 | reward(last100)  0.3231 | eps 0.050 | elapsed 6669.9s
step  2635000 | reward(last100)  0.3955 | eps 0.050 | elapsed 6682.2s
step  2640000 | reward(last100)  0.4353 | eps 0.050 | elapsed 6694.4s
step  2645000 | reward(last100)  0.4494 | eps 0.050 | elapsed 6706.8s
step  2650000 | reward(last100)  0.3696 | eps 0.050 | elapsed 6719.1s
step  2655000 | reward(last100)  0.3819 | eps 0.050 | elapsed 6734.8s
step  2660000 | reward(last100)  0.4043 | eps 0.050 | elapsed 6750.1s
step  2665000 | reward(last100)  0.4779 | eps 0.050 | elapsed 6765.2s
step  2670000 | reward(last100)  0.4248 | eps 0.050 | elapsed 6779.4s
step  2675000 | reward(last100)  0.4883 | eps 0.050 | elapsed 6790.7s
step  2680000 | reward(last100)  0.2773 | eps 0.050 | elapsed 6802.1s
step  2685000 | reward(last100)  0.3050 | eps 0.050 | elapsed 6813.3s
step  2690000 | reward(last100)  0.3869 | eps 0.050 | elapsed 6824.7s
step  2695000 | reward(last100)  0.3752 | eps 0.050 | elapsed 6836.0s
step  2700000 | reward(last100)  0.4474 | eps 0.050 | elapsed 6847.3s
step  2705000 | reward(last100)  0.4357 | eps 0.050 | elapsed 6863.7s
step  2710000 | reward(last100)  0.4382 | eps 0.050 | elapsed 6880.0s
step  2715000 | reward(last100)  0.3244 | eps 0.050 | elapsed 6896.3s
step  2720000 | reward(last100)  0.4036 | eps 0.050 | elapsed 6912.7s
step  2725000 | reward(last100)  0.3789 | eps 0.050 | elapsed 6928.1s
step  2730000 | reward(last100)  0.3688 | eps 0.050 | elapsed 6940.8s
step  2735000 | reward(last100)  0.4249 | eps 0.050 | elapsed 6953.6s
step  2740000 | reward(last100)  0.3712 | eps 0.050 | elapsed 6966.4s
step  2745000 | reward(last100)  0.4360 | eps 0.050 | elapsed 6978.2s
step  2750000 | reward(last100)  0.3793 | eps 0.050 | elapsed 6991.0s
step  2755000 | reward(last100)  0.3365 | eps 0.050 | elapsed 7004.0s
step  2760000 | reward(last100)  0.3709 | eps 0.050 | elapsed 7016.8s
step  2765000 | reward(last100)  0.3299 | eps 0.050 | elapsed 7029.5s
step  2770000 | reward(last100)  0.3669 | eps 0.050 | elapsed 7042.2s
step  2775000 | reward(last100)  0.2874 | eps 0.050 | elapsed 7055.0s
step  2780000 | reward(last100)  0.3880 | eps 0.050 | elapsed 7067.7s
step  2785000 | reward(last100)  0.4651 | eps 0.050 | elapsed 7080.4s
step  2790000 | reward(last100)  0.4489 | eps 0.050 | elapsed 7093.1s
step  2795000 | reward(last100)  0.4950 | eps 0.050 | elapsed 7105.8s
step  2800000 | reward(last100)  0.3785 | eps 0.050 | elapsed 7118.5s
step  2805000 | reward(last100)  0.4243 | eps 0.050 | elapsed 7132.4s
step  2810000 | reward(last100)  0.4636 | eps 0.050 | elapsed 7146.0s
step  2815000 | reward(last100)  0.4364 | eps 0.050 | elapsed 7159.5s
step  2820000 | reward(last100)  0.4387 | eps 0.050 | elapsed 7173.2s
step  2825000 | reward(last100)  0.4016 | eps 0.050 | elapsed 7185.9s
step  2830000 | reward(last100)  0.4116 | eps 0.050 | elapsed 7198.6s
step  2835000 | reward(last100)  0.3789 | eps 0.050 | elapsed 7209.8s
step  2840000 | reward(last100)  0.4401 | eps 0.050 | elapsed 7221.0s
step  2845000 | reward(last100)  0.3800 | eps 0.050 | elapsed 7232.2s
step  2850000 | reward(last100)  0.4398 | eps 0.050 | elapsed 7243.5s
step  2855000 | reward(last100)  0.4205 | eps 0.050 | elapsed 7255.0s
step  2860000 | reward(last100)  0.3314 | eps 0.050 | elapsed 7266.1s
step  2865000 | reward(last100)  0.4378 | eps 0.050 | elapsed 7277.3s
step  2870000 | reward(last100)  0.3857 | eps 0.050 | elapsed 7288.4s
step  2875000 | reward(last100)  0.3574 | eps 0.050 | elapsed 7299.6s
step  2880000 | reward(last100)  0.3761 | eps 0.050 | elapsed 7310.8s
step  2885000 | reward(last100)  0.4164 | eps 0.050 | elapsed 7321.9s
step  2890000 | reward(last100)  0.4298 | eps 0.050 | elapsed 7333.0s
step  2895000 | reward(last100)  0.3650 | eps 0.050 | elapsed 7344.2s
step  2900000 | reward(last100)  0.4646 | eps 0.050 | elapsed 7355.4s
step  2905000 | reward(last100)  0.4192 | eps 0.050 | elapsed 7367.2s
step  2910000 | reward(last100)  0.4830 | eps 0.050 | elapsed 7378.3s
step  2915000 | reward(last100)  0.3836 | eps 0.050 | elapsed 7393.0s
step  2920000 | reward(last100)  0.3884 | eps 0.050 | elapsed 7408.6s
step  2925000 | reward(last100)  0.4215 | eps 0.050 | elapsed 7424.2s
step  2930000 | reward(last100)  0.4452 | eps 0.050 | elapsed 7439.7s
step  2935000 | reward(last100)  0.3778 | eps 0.050 | elapsed 7455.3s
step  2940000 | reward(last100)  0.4460 | eps 0.050 | elapsed 7470.9s
step  2945000 | reward(last100)  0.3508 | eps 0.050 | elapsed 7486.4s
step  2950000 | reward(last100)  0.3658 | eps 0.050 | elapsed 7501.2s
step  2955000 | reward(last100)  0.3764 | eps 0.050 | elapsed 7512.8s
step  2960000 | reward(last100)  0.3765 | eps 0.050 | elapsed 7524.1s
step  2965000 | reward(last100)  0.3720 | eps 0.050 | elapsed 7535.3s
step  2970000 | reward(last100)  0.4110 | eps 0.050 | elapsed 7546.7s
step  2975000 | reward(last100)  0.4378 | eps 0.050 | elapsed 7558.2s
step  2980000 | reward(last100)  0.4308 | eps 0.050 | elapsed 7569.6s
step  2985000 | reward(last100)  0.3469 | eps 0.050 | elapsed 7581.0s
step  2990000 | reward(last100)  0.3734 | eps 0.050 | elapsed 7592.4s
step  2995000 | reward(last100)  0.4531 | eps 0.050 | elapsed 7603.9s
step  3000000 | reward(last100)  0.4524 | eps 0.050 | elapsed 7615.2s
