step     5000 | reward(last100)  0.0292 | eps 0.976 | elapsed    1.1s
step    10000 | reward(last100)  0.0121 | eps 0.953 | elapsed    2.3s
step    15000 | reward(last100)  0.0183 | eps 0.929 | elapsed   12.4s
step    20000 | reward(last100)  0.0194 | eps 0.905 | elapsed   23.7s
step    25000 | reward(last100)  0.0454 | eps 0.881 | elapsed   37.2s
step    30000 | reward(last100)  0.0230 | eps 0.858 | elapsed   51.4s
step    35000 | reward(last100)  0.0338 | eps 0.834 | elapsed   65.1s
step    40000 | reward(last100)  0.0610 | eps 0.810 | elapsed   78.3s
step    45000 | reward(last100)  0.0497 | eps 0.786 | elapsed   91.8s
step    50000 | reward(last100)  0.0328 | eps 0.762 | elapsed  105.3s
step    55000 | reward(last100)  0.0390 | eps 0.739 | elapsed  120.2s
step    60000 | reward(last100)  0.0481 | eps 0.715 | elapsed  131.0s
step    65000 | reward(last100)  0.0430 | eps 0.691 | elapsed  141.0s
step    70000 | reward(last100)  0.0490 | eps 0.667 | elapsed  150.5s
step    75000 | reward(last100)  0.0648 | eps 0.644 | elapsed  161.2s
step    80000 | reward(last100)  0.0241 | eps 0.620 | elapsed  172.1s
step    85000 | reward(last100)  0.0323 | eps 0.596 | elapsed  181.6s
step    90000 | reward(last100)  0.0533 | eps 0.573 | elapsed  189.6s
step    95000 | reward(last100)  0.0091 | eps 0.549 | elapsed  199.9s
step   100000 | reward(last100)  0.0112 | eps 0.525 | elapsed  211.9s
step   105000 | reward(last100)  0.0175 | eps 0.501 | elapsed  220.1s
step   110000 | reward(last100)  0.0422 | eps 0.478 | elapsed  227.6s
step   115000 | reward(last100)  0.0345 | eps 0.454 | elapsed  234.8s
step   120000 | reward(last100)  0.0303 | eps 0.430 | elapsed  242.0s
step   125000 | reward(last100)  0.0377 | eps 0.406 | elapsed  249.6s
step   130000 | reward(last100)  0.0050 | eps 0.383 | elapsed  259.9s
step   135000 | reward(last100)  0.0030 | eps 0.359 | elapsed  270.3s
step   140000 | reward(last100)  0.0186 | eps 0.335 | elapsed  280.9s
step   145000 | reward(last100)  0.0120 | eps 0.311 | elapsed  291.5s
step   150000 | reward(last100)  0.0026 | eps 0.288 | elapsed  302.1s
step   155000 | reward(last100)  0.0299 | eps 0.264 | elapsed  309.8s
step   160000 | reward(last100)  0.0057 | eps 0.240 | elapsed  317.2s
step   165000 | reward(last100)  0.0015 | eps 0.216 | elapsed  324.6s
step   170000 | reward(last100)  0.0035 | eps 0.193 | elapsed  332.0s
step   175000 | reward(last100)  0.0181 | eps 0.169 | elapsed  339.7s
step   180000 | reward(last100)  0.0496 | eps 0.145 | elapsed  348.4s
step   185000 | reward(last100)  0.0139 | eps 0.121 | elapsed  357.1s
step   190000 | reward(last100)  0.0694 | eps 0.098 | elapsed  365.8s
step   195000 | reward(last100)  0.1234 | eps 0.074 | elapsed  373.8s
step   200000 | reward(last100)  0.1118 | eps 0.050 | elapsed  381.5s
step   205000 | reward(last100)  0.0352 | eps 0.050 | elapsed  390.2s
step   210000 | reward(last100)  0.0650 | eps 0.050 | elapsed  398.9s
step   215000 | reward(last100)  0.0149 | eps 0.050 | elapsed  407.6s
step   220000 | reward(last100)  0.0824 | eps 0.050 | elapsed  418.0s
step   225000 | reward(last100)  0.0615 | eps 0.050 | elapsed  430.5s
step   230000 | reward(last100)  0.0265 | eps 0.050 | elapsed  442.8s
step   235000 | reward(last100)  0.0830 | eps 0.050 | elapsed  454.2s
step   240000 | reward(last100)  0.0355 | eps 0.050 | elapsed  464.5s
step   245000 | reward(last100)  0.0169 | eps 0.050 | elapsed  476.1s
step   250000 | reward(last100)  0.0241 | eps 0.050 | elapsed  486.4s
step   255000 | reward(last100)  0.0700 | eps 0.050 | elapsed  495.5s
step   260000 | reward(last100)  0.0163 | eps 0.050 | elapsed  504.3s
step   265000 | reward(last100)  0.0000 | eps 0.050 | elapsed  513.1s
step   270000 | reward(last100)  0.0035 | eps 0.050 | elapsed  521.7s
step   275000 | reward(last100)  0.0488 | eps 0.050 | elapsed  532.2s
step   280000 | reward(last100)  0.0368 | eps 0.050 | elapsed  542.7s
step   285000 | reward(last100)  0.0129 | eps 0.050 | elapsed  555.2s
step   290000 | reward(last100)  0.0367 | eps 0.050 | elapsed  566.5s
step   295000 | reward(last100)  0.0000 | eps 0.050 | elapsed  576.1s
step   300000 | reward(last100)  0.0548 | eps 0.050 | elapsed  585.9s
step   305000 | reward(last100)  0.0588 | eps 0.050 | elapsed  595.7s
step   310000 | reward(last100)  0.0302 | eps 0.050 | elapsed  605.3s
step   315000 | reward(last100)  0.0690 | eps 0.050 | elapsed  614.3s
step   320000 | reward(last100)  0.0843 | eps 0.050 | elapsed  623.6s
step   325000 | reward(last100)  0.2197 | eps 0.050 | elapsed  634.0s
step   330000 | reward(last100)  0.3199 | eps 0.050 | elapsed  644.3s
step   335000 | reward(last100)  0.3290 | eps 0.050 | elapsed  653.5s
step   340000 | reward(last100)  0.0906 | eps 0.050 | elapsed  662.4s
step   345000 | reward(last100)  0.0587 | eps 0.050 | elapsed  671.6s
step   350000 | reward(last100)  0.0293 | eps 0.050 | elapsed  680.8s
step   355000 | reward(last100)  0.0101 | eps 0.050 | elapsed  691.0s
step   360000 | reward(last100)  0.1697 | eps 0.050 | elapsed  700.5s
step   365000 | reward(last100)  0.1056 | eps 0.050 | elapsed  710.2s
step   370000 | reward(last100)  0.2101 | eps 0.050 | elapsed  720.9s
step   375000 | reward(last100)  0.1323 | eps 0.050 | elapsed  730.9s
step   380000 | reward(last100)  0.0801 | eps 0.050 | elapsed  741.0s
step   385000 | reward(last100)  0.1952 | eps 0.050 | elapsed  752.3s
step   390000 | reward(last100)  0.2356 | eps 0.050 | elapsed  762.4s
step   395000 | reward(last100)  0.1129 | eps 0.050 | elapsed  772.3s
step   400000 | reward(last100)  0.0094 | eps 0.050 | elapsed  783.8s
step   405000 | reward(last100)  0.1428 | eps 0.050 | elapsed  797.0s
step   410000 | reward(last100)  0.0196 | eps 0.050 | elapsed  807.1s
step   415000 | reward(last100)  0.0309 | eps 0.050 | elapsed  816.6s
step   420000 | reward(last100)  0.0136 | eps 0.050 | elapsed  826.3s
step   425000 | reward(last100)  0.0669 | eps 0.050 | elapsed  836.9s
step   430000 | reward(last100)  0.1673 | eps 0.050 | elapsed  847.1s
step   435000 | reward(last100)  0.0082 | eps 0.050 | elapsed  859.7s
step   440000 | reward(last100)  0.0170 | eps 0.050 | elapsed  871.9s
step   445000 | reward(last100)  0.1134 | eps 0.050 | elapsed  884.1s
step   450000 | reward(last100)  0.2490 | eps 0.050 | elapsed  896.7s
step   455000 | reward(last100)  0.1732 | eps 0.050 | elapsed  908.5s
step   460000 | reward(last100)  0.1165 | eps 0.050 | elapsed  918.6s
step   465000 | reward(last100)  0.0611 | eps 0.050 | elapsed  930.4s
step   470000 | reward(last100)  0.1969 | eps 0.050 | elapsed  943.6s
step   475000 | reward(last100)  0.2767 | eps 0.050 | elapsed  956.4s
step   480000 | reward(last100)  0.2033 | eps 0.050 | elapsed  969.2s
step   485000 | reward(last100)  0.0000 | eps 0.050 | elapsed  982.3s
step   490000 | reward(last100)  0.0026 | eps 0.050 | elapsed  995.3s
step   495000 | reward(last100)  0.0531 | eps 0.050 | elapsed 1008.5s
step   500000 | reward(last100)  0.1008 | eps 0.050 | elapsed 1021.4s
step   505000 | reward(last100)  0.0890 | eps 0.050 | elapsed 1032.1s
step   510000 | reward(last100)  0.1733 | eps 0.050 | elapsed 1041.7s
step   515000 | reward(last100)  0.2114 | eps 0.050 | elapsed 1051.3s
step   520000 | reward(last100)  0.1961 | eps 0.050 | elapsed 1060.8s
step   525000 | reward(last100)  0.3142 | eps 0.050 | elapsed 1070.2s
step   530000 | reward(last100)  0.1679 | eps 0.050 | elapsed 1081.3s
step   535000 | reward(last100)  0.2754 | eps 0.050 | elapsed 1093.6s
step   540000 | reward(last100)  0.0419 | eps 0.050 | elapsed 1105.9s
step   545000 | reward(last100)  0.0653 | eps 0.050 | elapsed 1118.2s
step   550000 | reward(last100)  0.1255 | eps 0.050 | elapsed 1130.7s
step   555000 | reward(last100)  0.1583 | eps 0.050 | elapsed 1142.7s
step   560000 | reward(last100)  0.0835 | eps 0.050 | elapsed 1155.9s
step   565000 | reward(last100)  0.1184 | eps 0.050 | elapsed 1168.3s
step   570000 | reward(last100)  0.0268 | eps 0.050 | elapsed 1180.9s
step   575000 | reward(last100)  0.1127 | eps 0.050 | elapsed 1192.4s
step   580000 | reward(last100)  0.1106 | eps 0.050 | elapsed 1201.9s
step   585000 | reward(last100)  0.1235 | eps 0.050 | elapsed 1211.4s
step   590000 | reward(last100)  0.1143 | eps 0.050 | elapsed 1221.2s
step   595000 | reward(last100)  0.0377 | eps 0.050 | elapsed 1231.4s
step   600000 | reward(last100)  0.0961 | eps 0.050 | elapsed 1241.2s
step   605000 | reward(last100)  0.2228 | eps 0.050 | elapsed 1252.3s
step   610000 | reward(last100)  0.0249 | eps 0.050 | elapsed 1261.6s
step   615000 | reward(last100)  0.0062 | eps 0.050 | elapsed 1271.0s
step   620000 | reward(last100)  0.0492 | eps 0.050 | elapsed 1280.4s
step   625000 | reward(last100)  0.0332 | eps 0.050 | elapsed 1290.3s
step   630000 | reward(last100)  0.0430 | eps 0.050 | elapsed 1299.8s
step   635000 | reward(last100)  0.1049 | eps 0.050 | elapsed 1309.8s
step   640000 | reward(last100)  0.0416 | eps 0.050 | elapsed 1319.5s
step   645000 | reward(last100)  0.0842 | eps 0.050 | elapsed 1330.5s
step   650000 | reward(last100)  0.1188 | eps 0.050 | elapsed 1340.5s
step   655000 | reward(last100)  0.1496 | eps 0.050 | elapsed 1352.0s
step   660000 | reward(last100)  0.0668 | eps 0.050 | elapsed 1363.0s
step   665000 | reward(last100)  0.0115 | eps 0.050 | elapsed 1374.7s
step   670000 | reward(last100)  0.0108 | eps 0.050 | elapsed 1386.9s
step   675000 | reward(last100)  0.0752 | eps 0.050 | elapsed 1399.2s
step   680000 | reward(last100)  0.0810 | eps 0.050 | elapsed 1411.5s
step   685000 | reward(last100)  0.0624 | eps 0.050 | elapsed 1423.7s
step   690000 | reward(last100)  0.0626 | eps 0.050 | elapsed 1436.0s
step   695000 | reward(last100)  0.0301 | eps 0.050 | elapsed 1448.3s
step   700000 | reward(last100)  0.0233 | eps 0.050 | elapsed 1460.5s
step   705000 | reward(last100)  0.0169 | eps 0.050 | elapsed 1471.2s
step   710000 | reward(last100)  0.0241 | eps 0.050 | elapsed 1481.6s
step   715000 | reward(last100)  0.1061 | eps 0.050 | elapsed 1492.7s
step   720000 | reward(last100)  0.0233 | eps 0.050 | elapsed 1503.5s
step   725000 | reward(last100)  0.0688 | eps 0.050 | elapsed 1515.6s
step   730000 | reward(last100)  0.1130 | eps 0.050 | elapsed 1528.9s
step   735000 | reward(last100)  0.0447 | eps 0.050 | elapsed 1542.1s
step   740000 | reward(last100)  0.0447 | eps 0.050 | elapsed 1555.5s
step   745000 | reward(last100)  0.1005 | eps 0.050 | elapsed 1567.6s
step   750000 | reward(last100)  0.0789 | eps 0.050 | elapsed 1578.0s
step   755000 | reward(last100)  0.0958 | eps 0.050 | elapsed 1588.1s
step   760000 | reward(last100)  0.0332 | eps 0.050 | elapsed 1597.5s
step   765000 | reward(last100)  0.0636 | eps 0.050 | elapsed 1606.9s
step   770000 | reward(last100)  0.0221 | eps 0.050 | elapsed 1616.6s
step   775000 | reward(last100)  0.1243 | eps 0.050 | elapsed 1627.6s
step   780000 | reward(last100)  0.0591 | eps 0.050 | elapsed 1638.6s
step   785000 | reward(last100)  0.1459 | eps 0.050 | elapsed 1649.6s
step   790000 | reward(last100)  0.0785 | eps 0.050 | elapsed 1660.6s
step   795000 | reward(last100)  0.1026 | eps 0.050 | elapsed 1671.0s
step   800000 | reward(last100)  0.0927 | eps 0.050 | elapsed 1681.5s
step   805000 | reward(last100)  0.0819 | eps 0.050 | elapsed 1692.8s
step   810000 | reward(last100)  0.1182 | eps 0.050 | elapsed 1703.9s
step   815000 | reward(last100)  0.1359 | eps 0.050 | elapsed 1715.9s
step   820000 | reward(last100)  0.1454 | eps 0.050 | elapsed 1727.2s
step   825000 | reward(last100)  0.0440 | eps 0.050 | elapsed 1737.3s
step   830000 | reward(last100)  0.0247 | eps 0.050 | elapsed 1746.6s
step   835000 | reward(last100)  0.1391 | eps 0.050 | elapsed 1755.9s
step   840000 | reward(last100)  0.1110 | eps 0.050 | elapsed 1765.1s
step   845000 | reward(last100)  0.0558 | eps 0.050 | elapsed 1774.4s
step   850000 | reward(last100)  0.0377 | eps 0.050 | elapsed 1783.6s
step   855000 | reward(last100)  0.1577 | eps 0.050 | elapsed 1793.3s
step   860000 | reward(last100)  0.0645 | eps 0.050 | elapsed 1802.6s
step   865000 | reward(last100)  0.0583 | eps 0.050 | elapsed 1811.8s
step   870000 | reward(last100)  0.1604 | eps 0.050 | elapsed 1821.2s
step   875000 | reward(last100)  0.0670 | eps 0.050 | elapsed 1830.5s
step   880000 | reward(last100)  0.0820 | eps 0.050 | elapsed 1839.8s
step   885000 | reward(last100)  0.1076 | eps 0.050 | elapsed 1849.5s
step   890000 | reward(last100)  0.0642 | eps 0.050 | elapsed 1860.2s
step   895000 | reward(last100)  0.1549 | eps 0.050 | elapsed 1870.7s
step   900000 | reward(last100)  0.1313 | eps 0.050 | elapsed 1881.1s
step   905000 | reward(last100)  0.1025 | eps 0.050 | elapsed 1890.7s
step   910000 | reward(last100)  0.0521 | eps 0.050 | elapsed 1899.9s
step   915000 | reward(last100)  0.0330 | eps 0.050 | elapsed 1909.5s
step   920000 | reward(last100)  0.1145 | eps 0.050 | elapsed 1919.6s
step   925000 | reward(last100)  0.0288 | eps 0.050 | elapsed 1929.4s
step   930000 | reward(last100)  0.1611 | eps 0.050 | elapsed 1938.6s
step   935000 | reward(last100)  0.1730 | eps 0.050 | elapsed 1948.9s
step   940000 | reward(last100)  0.1198 | eps 0.050 | elapsed 1958.9s
step   945000 | reward(last100)  0.0953 | eps 0.050 | elapsed 1968.2s
step   950000 | reward(last100)  0.0376 | eps 0.050 | elapsed 1977.6s
step   955000 | reward(last100)  0.0816 | eps 0.050 | elapsed 1988.2s
step   960000 | reward(last100)  0.0930 | eps 0.050 | elapsed 1998.1s
step   965000 | reward(last100)  0.1242 | eps 0.050 | elapsed 2007.5s
step   970000 | reward(last100)  0.1164 | eps 0.050 | elapsed 2016.8s
step   975000 | reward(last100)  0.0036 | eps 0.050 | elapsed 2026.4s
step   980000 | reward(last100)  0.0300 | eps 0.050 | elapsed 2037.4s
step   985000 | reward(last100)  0.0278 | eps 0.050 | elapsed 2049.6s
step   990000 | reward(last100)  0.1395 | eps 0.050 | elapsed 2061.7s
step   995000 | reward(last100)  0.0752 | eps 0.050 | elapsed 2073.8s
step  1000000 | reward(last100)  0.1174 | eps 0.050 | elapsed 2085.9s
step  1005000 | reward(last100)  0.0121 | eps 0.050 | elapsed 2095.6s
step  1010000 | reward(last100)  0.0101 | eps 0.050 | elapsed 2104.9s
step  1015000 | reward(last100)  0.0393 | eps 0.050 | elapsed 2114.2s
step  1020000 | reward(last100)  0.1172 | eps 0.050 | elapsed 2123.6s
step  1025000 | reward(last100)  0.0353 | eps 0.050 | elapsed 2132.9s
step  1030000 | reward(last100)  0.0196 | eps 0.050 | elapsed 2142.3s
step  1035000 | reward(last100)  0.0364 | eps 0.050 | elapsed 2151.6s
step  1040000 | reward(last100)  0.0687 | eps 0.050 | elapsed 2161.0s
step  1045000 | reward(last100)  0.0292 | eps 0.050 | elapsed 2170.4s
step  1050000 | reward(last100)  0.0927 | eps 0.050 | elapsed 2179.7s
step  1055000 | reward(last100)  0.1436 | eps 0.050 | elapsed 2191.5s
step  1060000 | reward(last100)  0.1155 | eps 0.050 | elapsed 2203.8s
step  1065000 | reward(last100)  0.0265 | eps 0.050 | elapsed 2216.1s
step  1070000 | reward(last100)  0.0336 | eps 0.050 | elapsed 2228.5s
step  1075000 | reward(last100)  0.0626 | eps 0.050 | elapsed 2240.8s
step  1080000 | reward(last100)  0.0175 | eps 0.050 | elapsed 2251.0s
step  1085000 | reward(last100)  0.1247 | eps 0.050 | elapsed 2260.4s
step  1090000 | reward(last100)  0.1450 | eps 0.050 | elapsed 2270.3s
step  1095000 | reward(last100)  0.0537 | eps 0.050 | elapsed 2280.5s
step  1100000 | reward(last100)  0.0117 | eps 0.050 | elapsed 2290.7s
step  1105000 | reward(last100)  0.0156 | eps 0.050 | elapsed 2304.1s
step  1110000 | reward(last100)  0.1797 | eps 0.050 | elapsed 2317.0s
step  1115000 | reward(last100)  0.1047 | eps 0.050 | elapsed 2329.8s
step  1120000 | reward(last100)  0.0412 | eps 0.050 | elapsed 2342.9s
step  1125000 | reward(last100)  0.0472 | eps 0.050 | elapsed 2356.1s
step  1130000 | reward(last100)  0.0522 | eps 0.050 | elapsed 2370.2s
step  1135000 | reward(last100)  0.1302 | eps 0.050 | elapsed 2384.3s
step  1140000 | reward(last100)  0.0390 | eps 0.050 | elapsed 2398.3s
step  1145000 | reward(last100)  0.1044 | eps 0.050 | elapsed 2411.4s
step  1150000 | reward(last100)  0.0673 | eps 0.050 | elapsed 2424.6s
step  1155000 | reward(last100)  0.0438 | eps 0.050 | elapsed 2434.3s
step  1160000 | reward(last100)  0.0562 | eps 0.050 | elapsed 2444.7s
step  1165000 | reward(last100)  0.0250 | eps 0.050 | elapsed 2455.7s
step  1170000 | reward(last100)  0.1010 | eps 0.050 | elapsed 2467.2s
step  1175000 | reward(last100)  0.1425 | eps 0.050 | elapsed 2479.1s
step  1180000 | reward(last100)  0.1555 | eps 0.050 | elapsed 2490.9s
step  1185000 | reward(last100)  0.0806 | eps 0.050 | elapsed 2504.0s
step  1190000 | reward(last100)  0.1217 | eps 0.050 | elapsed 2515.8s
step  1195000 | reward(last100)  0.0648 | eps 0.050 | elapsed 2527.0s
step  1200000 | reward(last100)  0.0270 | eps 0.050 | elapsed 2538.3s
step  1205000 | reward(last100)  0.0086 | eps 0.050 | elapsed 2550.4s
step  1210000 | reward(last100)  0.1130 | eps 0.050 | elapsed 2561.6s
step  1215000 | reward(last100)  0.2044 | eps 0.050 | elapsed 2574.6s
step  1220000 | reward(last100)  0.2254 | eps 0.050 | elapsed 2588.3s
step  1225000 | reward(last100)  0.1423 | eps 0.050 | elapsed 2601.7s
step  1230000 | reward(last100)  0.2140 | eps 0.050 | elapsed 2614.5s
step  1235000 | reward(last100)  0.0752 | eps 0.050 | elapsed 2627.8s
step  1240000 | reward(last100)  0.0533 | eps 0.050 | elapsed 2640.9s
step  1245000 | reward(last100)  0.1281 | eps 0.050 | elapsed 2653.9s
step  1250000 | reward(last100)  0.1117 | eps 0.050 | elapsed 2666.7s
step  1255000 | reward(last100)  0.0229 | eps 0.050 | elapsed 2678.3s
step  1260000 | reward(last100)  0.0258 | eps 0.050 | elapsed 2692.1s
step  1265000 | reward(last100)  0.0304 | eps 0.050 | elapsed 2704.2s
step  1270000 | reward(last100)  0.0737 | eps 0.050 | elapsed 2715.7s
step  1275000 | reward(last100)  0.0840 | eps 0.050 | elapsed 2727.3s
step  1280000 | reward(last100)  0.0236 | eps 0.050 | elapsed 2739.0s
step  1285000 | reward(last100)  0.1118 | eps 0.050 | elapsed 2750.3s
step  1290000 | reward(last100)  0.0873 | eps 0.050 | elapsed 2760.7s
step  1295000 | reward(last100)  0.1207 | eps 0.050 | elapsed 2771.0s
step  1300000 | reward(last100)  0.1305 | eps 0.050 | elapsed 2781.0s
step  1305000 | reward(last100)  0.1497 | eps 0.050 | elapsed 2794.0s
step  1310000 | reward(last100)  0.1134 | eps 0.050 | elapsed 2807.3s
step  1315000 | reward(last100)  0.0270 | eps 0.050 | elapsed 2820.6s
step  1320000 | reward(last100)  0.0439 | eps 0.050 | elapsed 2833.9s
step  1325000 | reward(last100)  0.0952 | eps 0.050 | elapsed 2846.6s
step  1330000 | reward(last100)  0.2161 | eps 0.050 | elapsed 2859.4s
step  1335000 | reward(last100)  0.0587 | eps 0.050 | elapsed 2872.6s
step  1340000 | reward(last100)  0.1166 | eps 0.050 | elapsed 2885.9s
step  1345000 | reward(last100)  0.1269 | eps 0.050 | elapsed 2899.1s
step  1350000 | reward(last100)  0.2311 | eps 0.050 | elapsed 2910.3s
step  1355000 | reward(last100)  0.0728 | eps 0.050 | elapsed 2923.7s
step  1360000 | reward(last100)  0.0940 | eps 0.050 | elapsed 2937.2s
step  1365000 | reward(last100)  0.0978 | eps 0.050 | elapsed 2951.0s
step  1370000 | reward(last100)  0.0944 | eps 0.050 | elapsed 2964.7s
step  1375000 | reward(last100)  0.0703 | eps 0.050 | elapsed 2978.3s
step  1380000 | reward(last100)  0.1945 | eps 0.050 | elapsed 2991.9s
step  1385000 | reward(last100)  0.1754 | eps 0.050 | elapsed 3005.4s
step  1390000 | reward(last100)  0.0574 | eps 0.050 | elapsed 3017.5s
step  1395000 | reward(last100)  0.0240 | eps 0.050 | elapsed 3027.7s
step  1400000 | reward(last100)  0.1025 | eps 0.050 | elapsed 3038.0s
step  1405000 | reward(last100)  0.0347 | eps 0.050 | elapsed 3049.2s
step  1410000 | reward(last100)  0.0194 | eps 0.050 | elapsed 3059.9s
step  1415000 | reward(last100)  0.1021 | eps 0.050 | elapsed 3070.7s
step  1420000 | reward(last100)  0.0775 | eps 0.050 | elapsed 3081.4s
step  1425000 | reward(last100)  0.0615 | eps 0.050 | elapsed 3092.1s
step  1430000 | reward(last100)  0.0910 | eps 0.050 | elapsed 3102.8s
step  1435000 | reward(last100)  0.1125 | eps 0.050 | elapsed 3113.5s
step  1440000 | reward(last100)  0.1300 | eps 0.050 | elapsed 3124.3s
step  1445000 | reward(last100)  0.1444 | eps 0.050 | elapsed 3135.5s
step  1450000 | reward(last100)  0.1291 | eps 0.050 | elapsed 3145.4s
step  1455000 | reward(last100)  0.1153 | eps 0.050 | elapsed 3155.4s
step  1460000 | reward(last100)  0.1048 | eps 0.050 | elapsed 3164.9s
step  1465000 | reward(last100)  0.0749 | eps 0.050 | elapsed 3174.5s
step  1470000 | reward(last100)  0.1314 | eps 0.050 | elapsed 3185.2s
step  1475000 | reward(last100)  0.0535 | eps 0.050 | elapsed 3196.6s
step  1480000 | reward(last100)  0.0571 | eps 0.050 | elapsed 3207.8s
step  1485000 | reward(last100)  0.1244 | eps 0.050 | elapsed 3219.1s
step  1490000 | reward(last100)  0.1017 | eps 0.050 | elapsed 3230.5s
step  1495000 | reward(last100)  0.0223 | eps 0.050 | elapsed 3243.5s
step  1500000 | reward(last100)  0.0386 | eps 0.050 | elapsed 3257.5s
step  1505000 | reward(last100)  0.0487 | eps 0.050 | elapsed 3267.6s
step  1510000 | reward(last100)  0.1614 | eps 0.050 | elapsed 3278.0s
step  1515000 | reward(last100)  0.1080 | eps 0.050 | elapsed 3288.7s
step  1520000 | reward(last100)  0.1539 | eps 0.050 | elapsed 3299.5s
step  1525000 | reward(last100)  0.0366 | eps 0.050 | elapsed 3309.5s
step  1530000 | reward(last100)  0.0535 | eps 0.050 | elapsed 3319.2s
step  1535000 | reward(last100)  0.1184 | eps 0.050 | elapsed 3329.6s
step  1540000 | reward(last100)  0.1835 | eps 0.050 | elapsed 3340.0s
step  1545000 | reward(last100)  0.0867 | eps 0.050 | elapsed 3350.5s
step  1550000 | reward(last100)  0.0944 | eps 0.050 | elapsed 3360.9s
step  1555000 | reward(last100)  0.0303 | eps 0.050 | elapsed 3373.7s
step  1560000 | reward(last100)  0.1477 | eps 0.050 | elapsed 3386.5s
step  1565000 | reward(last100)  0.1470 | eps 0.050 | elapsed 3397.9s
step  1570000 | reward(last100)  0.0511 | eps 0.050 | elapsed 3407.5s
step  1575000 | reward(last100)  0.1345 | eps 0.050 | elapsed 3417.1s
step  1580000 | reward(last100)  0.0860 | eps 0.050 | elapsed 3426.7s
step  1585000 | reward(last100)  0.1066 | eps 0.050 | elapsed 3436.4s
step  1590000 | reward(last100)  0.0797 | eps 0.050 | elapsed 3446.0s
step  1595000 | reward(last100)  0.0512 | eps 0.050 | elapsed 3455.6s
step  1600000 | reward(last100)  0.0820 | eps 0.050 | elapsed 3465.4s
step  1605000 | reward(last100)  0.0789 | eps 0.050 | elapsed 3476.9s
step  1610000 | reward(last100)  0.1075 | eps 0.050 | elapsed 3487.2s
step  1615000 | reward(last100)  0.1377 | eps 0.050 | elapsed 3496.7s
step  1620000 | reward(last100)  0.0512 | eps 0.050 | elapsed 3507.1s
step  1625000 | reward(last100)  0.0337 | eps 0.050 | elapsed 3519.9s
step  1630000 | reward(last100)  0.0612 | eps 0.050 | elapsed 3532.7s
step  1635000 | reward(last100)  0.0506 | eps 0.050 | elapsed 3545.5s
step  1640000 | reward(last100)  0.1507 | eps 0.050 | elapsed 3558.4s
step  1645000 | reward(last100)  0.1113 | eps 0.050 | elapsed 3571.3s
step  1650000 | reward(last100)  0.0467 | eps 0.050 | elapsed 3584.3s
step  1655000 | reward(last100)  0.0779 | eps 0.050 | elapsed 3594.5s
step  1660000 | reward(last100)  0.1997 | eps 0.050 | elapsed 3604.9s
step  1665000 | reward(last100)  0.0012 | eps 0.050 | elapsed 3615.4s
step  1670000 | reward(last100)  0.0557 | eps 0.050 | elapsed 3625.8s
step  1675000 | reward(last100)  0.1222 | eps 0.050 | elapsed 3636.3s
step  1680000 | reward(last100)  0.1719 | eps 0.050 | elapsed 3646.8s
step  1685000 | reward(last100)  0.0517 | eps 0.050 | elapsed 3656.6s
step  1690000 | reward(last100)  0.0626 | eps 0.050 | elapsed 3666.5s
step  1695000 | reward(last100)  0.2265 | eps 0.050 | elapsed 3677.2s
step  1700000 | reward(last100)  0.1914 | eps 0.050 | elapsed 3689.7s
step  1705000 | reward(last100)  0.0717 | eps 0.050 | elapsed 3702.6s
step  1710000 | reward(last100)  0.1184 | eps 0.050 | elapsed 3715.5s
step  1715000 | reward(last100)  0.0853 | eps 0.050 | elapsed 3728.1s
step  1720000 | reward(last100)  0.1468 | eps 0.050 | elapsed 3741.2s
step  1725000 | reward(last100)  0.0484 | eps 0.050 | elapsed 3754.7s
step  1730000 | reward(last100)  0.1426 | eps 0.050 | elapsed 3768.1s
step  1735000 | reward(last100)  0.1626 | eps 0.050 | elapsed 3779.5s
step  1740000 | reward(last100)  0.1214 | eps 0.050 | elapsed 3790.9s
step  1745000 | reward(last100)  0.1957 | eps 0.050 | elapsed 3801.8s
step  1750000 | reward(last100)  0.1859 | eps 0.050 | elapsed 3811.5s
step  1755000 | reward(last100)  0.1045 | eps 0.050 | elapsed 3822.8s
step  1760000 | reward(last100)  0.0825 | eps 0.050 | elapsed 3833.3s
step  1765000 | reward(last100)  0.1852 | eps 0.050 | elapsed 3843.8s
step  1770000 | reward(last100)  0.1158 | eps 0.050 | elapsed 3854.4s
step  1775000 | reward(last100)  0.0287 | eps 0.050 | elapsed 3864.9s
step  1780000 | reward(last100)  0.1103 | eps 0.050 | elapsed 3875.5s
step  1785000 | reward(last100)  0.1376 | eps 0.050 | elapsed 3886.0s
step  1790000 | reward(last100)  0.1561 | eps 0.050 | elapsed 3896.5s
step  1795000 | reward(last100)  0.0930 | eps 0.050 | elapsed 3907.0s
step  1800000 | reward(last100)  0.2162 | eps 0.050 | elapsed 3918.1s
step  1805000 | reward(last100)  0.1072 | eps 0.050 | elapsed 3929.0s
step  1810000 | reward(last100)  0.1570 | eps 0.050 | elapsed 3939.5s
step  1815000 | reward(last100)  0.1019 | eps 0.050 | elapsed 3950.6s
step  1820000 | reward(last100)  0.0408 | eps 0.050 | elapsed 3961.0s
step  1825000 | reward(last100)  0.0735 | eps 0.050 | elapsed 3971.3s
step  1830000 | reward(last100)  0.0787 | eps 0.050 | elapsed 3981.7s
step  1835000 | reward(last100)  0.0558 | eps 0.050 | elapsed 3992.0s
step  1840000 | reward(last100)  0.0445 | eps 0.050 | elapsed 4002.3s
step  1845000 | reward(last100)  0.0507 | eps 0.050 | elapsed 4012.6s
step  1850000 | reward(last100)  0.0335 | eps 0.050 | elapsed 4023.7s
step  1855000 | reward(last100)  0.0574 | eps 0.050 | elapsed 4034.9s
step  1860000 | reward(last100)  0.1100 | eps 0.050 | elapsed 4047.9s
step  1865000 | reward(last100)  0.0984 | eps 0.050 | elapsed 4061.3s
step  1870000 | reward(last100)  0.0630 | eps 0.050 | elapsed 4074.6s
step  1875000 | reward(last100)  0.1031 | eps 0.050 | elapsed 4087.4s
step  1880000 | reward(last100)  0.1129 | eps 0.050 | elapsed 4098.9s
step  1885000 | reward(last100)  0.0600 | eps 0.050 | elapsed 4109.1s
step  1890000 | reward(last100)  0.1292 | eps 0.050 | elapsed 4120.1s
step  1895000 | reward(last100)  0.0295 | eps 0.050 | elapsed 4131.0s
step  1900000 | reward(last100)  0.0497 | eps 0.050 | elapsed 4141.3s
step  1905000 | reward(last100)  0.0511 | eps 0.050 | elapsed 4151.3s
step  1910000 | reward(last100)  0.0768 | eps 0.050 | elapsed 4160.8s
step  1915000 | reward(last100)  0.1026 | eps 0.050 | elapsed 4170.4s
step  1920000 | reward(last100)  0.2059 | eps 0.050 | elapsed 4179.9s
step  1925000 | reward(last100)  0.0695 | eps 0.050 | elapsed 4189.5s
step  1930000 | reward(last100)  0.0345 | eps 0.050 | elapsed 4199.0s
step  1935000 | reward(last100)  0.1115 | eps 0.050 | elapsed 4208.6s
step  1940000 | reward(last100)  0.1313 | eps 0.050 | elapsed 4218.1s
step  1945000 | reward(last100)  0.0765 | eps 0.050 | elapsed 4227.7s
step  1950000 | reward(last100)  0.1369 | eps 0.050 | elapsed 4237.3s
step  1955000 | reward(last100)  0.0140 | eps 0.050 | elapsed 4247.3s
step  1960000 | reward(last100)  0.0995 | eps 0.050 | elapsed 4256.8s
step  1965000 | reward(last100)  0.1342 | eps 0.050 | elapsed 4267.5s
step  1970000 | reward(last100)  0.0884 | eps 0.050 | elapsed 4280.3s
step  1975000 | reward(last100)  0.1658 | eps 0.050 | elapsed 4293.8s
step  1980000 | reward(last100)  0.0233 | eps 0.050 | elapsed 4306.1s
step  1985000 | reward(last100)  0.0702 | eps 0.050 | elapsed 4316.6s
step  1990000 | reward(last100)  0.1526 | eps 0.050 | elapsed 4326.6s
step  1995000 | reward(last100)  0.1389 | eps 0.050 | elapsed 4336.1s
step  2000000 | reward(last100)  0.1477 | eps 0.050 | elapsed 4345.6s
step  2005000 | reward(last100)  0.1011 | eps 0.050 | elapsed 4356.4s
step  2010000 | reward(last100)  0.1136 | eps 0.050 | elapsed 4366.9s
step  2015000 | reward(last100)  0.0571 | eps 0.050 | elapsed 4376.8s
step  2020000 | reward(last100)  0.1540 | eps 0.050 | elapsed 4386.4s
step  2025000 | reward(last100)  0.1151 | eps 0.050 | elapsed 4396.8s
step  2030000 | reward(last100)  0.0794 | eps 0.050 | elapsed 4409.8s
step  2035000 | reward(last100)  0.1217 | eps 0.050 | elapsed 4424.1s
step  2040000 | reward(last100)  0.1847 | eps 0.050 | elapsed 4438.3s
step  2045000 | reward(last100)  0.0162 | eps 0.050 | elapsed 4452.3s
step  2050000 | reward(last100)  0.0462 | eps 0.050 | elapsed 4466.4s
step  2055000 | reward(last100)  0.0703 | eps 0.050 | elapsed 4479.8s
step  2060000 | reward(last100)  0.0221 | eps 0.050 | elapsed 4492.5s
step  2065000 | reward(last100)  0.1309 | eps 0.050 | elapsed 4505.2s
step  2070000 | reward(last100)  0.0563 | eps 0.050 | elapsed 4518.0s
step  2075000 | reward(last100)  0.0620 | eps 0.050 | elapsed 4529.6s
step  2080000 | reward(last100)  0.2422 | eps 0.050 | elapsed 4540.0s
step  2085000 | reward(last100)  0.2359 | eps 0.050 | elapsed 4549.9s
step  2090000 | reward(last100)  0.2249 | eps 0.050 | elapsed 4559.5s
step  2095000 | reward(last100)  0.1196 | eps 0.050 | elapsed 4569.1s
step  2100000 | reward(last100)  0.1407 | eps 0.050 | elapsed 4579.0s
step  2105000 | reward(last100)  0.0740 | eps 0.050 | elapsed 4589.6s
step  2110000 | reward(last100)  0.0423 | eps 0.050 | elapsed 4600.0s
step  2115000 | reward(last100)  0.0326 | eps 0.050 | elapsed 4610.9s
step  2120000 | reward(last100)  0.0532 | eps 0.050 | elapsed 4621.8s
step  2125000 | reward(last100)  0.0449 | eps 0.050 | elapsed 4632.7s
step  2130000 | reward(last100)  0.0593 | eps 0.050 | elapsed 4642.9s
step  2135000 | reward(last100)  0.0077 | eps 0.050 | elapsed 4652.6s
step  2140000 | reward(last100)  0.1423 | eps 0.050 | elapsed 4662.1s
step  2145000 | reward(last100)  0.0956 | eps 0.050 | elapsed 4671.6s
step  2150000 | reward(last100)  0.1217 | eps 0.050 | elapsed 4681.1s
step  2155000 | reward(last100)  0.2006 | eps 0.050 | elapsed 4694.0s
step  2160000 | reward(last100)  0.0154 | eps 0.050 | elapsed 4707.2s
step  2165000 | reward(last100)  0.1442 | eps 0.050 | elapsed 4718.9s
step  2170000 | reward(last100)  0.1223 | eps 0.050 | elapsed 4731.8s
step  2175000 | reward(last100)  0.1871 | eps 0.050 | elapsed 4744.6s
step  2180000 | reward(last100)  0.0950 | eps 0.050 | elapsed 4757.5s
step  2185000 | reward(last100)  0.2192 | eps 0.050 | elapsed 4770.4s
step  2190000 | reward(last100)  0.2374 | eps 0.050 | elapsed 4783.3s
step  2195000 | reward(last100)  0.0549 | eps 0.050 | elapsed 4796.3s
step  2200000 | reward(last100)  0.0023 | eps 0.050 | elapsed 4809.6s
step  2205000 | reward(last100)  0.0245 | eps 0.050 | elapsed 4819.6s
step  2210000 | reward(last100)  0.0398 | eps 0.050 | elapsed 4829.1s
step  2215000 | reward(last100)  0.0868 | eps 0.050 | elapsed 4838.7s
step  2220000 | reward(last100)  0.0592 | eps 0.050 | elapsed 4848.3s
step  2225000 | reward(last100)  0.1608 | eps 0.050 | elapsed 4857.8s
step  2230000 | reward(last100)  0.1298 | eps 0.050 | elapsed 4867.4s
step  2235000 | reward(last100)  0.1798 | eps 0.050 | elapsed 4877.0s
step  2240000 | reward(last100)  0.3548 | eps 0.050 | elapsed 4886.8s
step  2245000 | reward(last100)  0.2561 | eps 0.050 | elapsed 4897.2s
step  2250000 | reward(last100)  0.1875 | eps 0.050 | elapsed 4907.8s
step  2255000 | reward(last100)  0.2416 | eps 0.050 | elapsed 4917.7s
step  2260000 | reward(last100)  0.0701 | eps 0.050 | elapsed 4927.4s
step  2265000 | reward(last100)  0.2236 | eps 0.050 | elapsed 4937.0s
step  2270000 | reward(last100)  0.2444 | eps 0.050 | elapsed 4946.6s
step  2275000 | reward(last100)  0.1449 | eps 0.050 | elapsed 4956.2s
step  2280000 | reward(last100)  0.1948 | eps 0.050 | elapsed 4965.8s
step  2285000 | reward(last100)  0.1617 | eps 0.050 | elapsed 4975.5s
step  2290000 | reward(last100)  0.1798 | eps 0.050 | elapsed 4985.1s
step  2295000 | reward(last100)  0.2310 | eps 0.050 | elapsed 4995.0s
step  2300000 | reward(last100)  0.1462 | eps 0.050 | elapsed 5005.9s
step  2305000 | reward(last100)  0.2372 | eps 0.050 | elapsed 5017.4s
step  2310000 | reward(last100)  0.1729 | eps 0.050 | elapsed 5027.7s
step  2315000 | reward(last100)  0.2443 | eps 0.050 | elapsed 5037.3s
step  2320000 | reward(last100)  0.2564 | eps 0.050 | elapsed 5046.9s
step  2325000 | reward(last100)  0.2900 | eps 0.050 | elapsed 5056.5s
step  2330000 | reward(last100)  0.3338 | eps 0.050 | elapsed 5066.1s
step  2335000 | reward(last100)  0.0907 | eps 0.050 | elapsed 5075.7s
step  2340000 | reward(last100)  0.1369 | eps 0.050 | elapsed 5085.3s
step  2345000 | reward(last100)  0.2842 | eps 0.050 | elapsed 5095.0s
step  2350000 | reward(last100)  0.2001 | eps 0.050 | elapsed 5104.6s
step  2355000 | reward(last100)  0.1945 | eps 0.050 | elapsed 5114.7s
step  2360000 | reward(last100)  0.1086 | eps 0.050 | elapsed 5126.5s
step  2365000 | reward(last100)  0.0858 | eps 0.050 | elapsed 5140.5s
step  2370000 | reward(last100)  0.1229 | eps 0.050 | elapsed 5152.3s
step  2375000 | reward(last100)  0.1902 | eps 0.050 | elapsed 5163.1s
step  2380000 | reward(last100)  0.1773 | eps 0.050 | elapsed 5173.9s
step  2385000 | reward(last100)  0.0128 | eps 0.050 | elapsed 5184.8s
step  2390000 | reward(last100)  0.0872 | eps 0.050 | elapsed 5195.6s
step  2395000 | reward(last100)  0.0953 | eps 0.050 | elapsed 5206.5s
step  2400000 | reward(last100)  0.2055 | eps 0.050 | elapsed 5217.4s
step  2405000 | reward(last100)  0.2117 | eps 0.050 | elapsed 5228.7s
step  2410000 | reward(last100)  0.2732 | eps 0.050 | elapsed 5239.5s
step  2415000 | reward(last100)  0.2546 | eps 0.050 | elapsed 5251.1s
step  2420000 | reward(last100)  0.0802 | eps 0.050 | elapsed 5262.7s
step  2425000 | reward(last100)  0.0753 | eps 0.050 | elapsed 5274.3s
step  2430000 | reward(last100)  0.0940 | eps 0.050 | elapsed 5285.8s
step  2435000 | reward(last100)  0.0186 | eps 0.050 | elapsed 5297.4s
step  2440000 | reward(last100)  0.1531 | eps 0.050 | elapsed 5308.6s
step  2445000 | reward(last100)  0.2463 | eps 0.050 | elapsed 5319.5s
step  2450000 | reward(last100)  0.0406 | eps 0.050 | elapsed 5330.4s
step  2455000 | reward(last100)  0.0636 | eps 0.050 | elapsed 5341.6s
step  2460000 | reward(last100)  0.1456 | eps 0.050 | elapsed 5352.4s
step  2465000 | reward(last100)  0.1214 | eps 0.050 | elapsed 5363.7s
step  2470000 | reward(last100)  0.1748 | eps 0.050 | elapsed 5374.2s
step  2475000 | reward(last100)  0.1655 | eps 0.050 | elapsed 5384.7s
step  2480000 | reward(last100)  0.1835 | eps 0.050 | elapsed 5396.0s
step  2485000 | reward(last100)  0.1023 | eps 0.050 | elapsed 5405.6s
step  2490000 | reward(last100)  0.1135 | eps 0.050 | elapsed 5415.3s
step  2495000 | reward(last100)  0.2025 | eps 0.050 | elapsed 5425.0s
step  2500000 | reward(last100)  0.2650 | eps 0.050 | elapsed 5434.8s
step  2505000 | reward(last100)  0.0815 | eps 0.050 | elapsed 5444.7s
step  2510000 | reward(last100)  0.1371 | eps 0.050 | elapsed 5454.4s
step  2515000 | reward(last100)  0.1563 | eps 0.050 | elapsed 5464.1s
step  2520000 | reward(last100)  0.1955 | eps 0.050 | elapsed 5473.7s
step  2525000 | reward(last100)  0.2140 | eps 0.050 | elapsed 5483.4s
step  2530000 | reward(last100)  0.0721 | eps 0.050 | elapsed 5493.0s
step  2535000 | reward(last100)  0.0870 | eps 0.050 | elapsed 5502.7s
step  2540000 | reward(last100)  0.1718 | eps 0.050 | elapsed 5512.4s
step  2545000 | reward(last100)  0.1368 | eps 0.050 | elapsed 5522.1s
step  2550000 | reward(last100)  0.1907 | eps 0.050 | elapsed 5531.8s
step  2555000 | reward(last100)  0.2375 | eps 0.050 | elapsed 5541.8s
step  2560000 | reward(last100)  0.1941 | eps 0.050 | elapsed 5551.5s
step  2565000 | reward(last100)  0.0585 | eps 0.050 | elapsed 5561.1s
step  2570000 | reward(last100)  0.3027 | eps 0.050 | elapsed 5570.7s
step  2575000 | reward(last100)  0.1728 | eps 0.050 | elapsed 5581.2s
step  2580000 | reward(last100)  0.3046 | eps 0.050 | elapsed 5591.8s
step  2585000 | reward(last100)  0.1304 | eps 0.050 | elapsed 5602.4s
step  2590000 | reward(last100)  0.1726 | eps 0.050 | elapsed 5612.9s
step  2595000 | reward(last100)  0.2169 | eps 0.050 | elapsed 5623.4s
step  2600000 | reward(last100)  0.3332 | eps 0.050 | elapsed 5633.9s
step  2605000 | reward(last100)  0.1308 | eps 0.050 | elapsed 5644.3s
step  2610000 | reward(last100)  0.2508 | eps 0.050 | elapsed 5654.9s
step  2615000 | reward(last100)  0.2165 | eps 0.050 | elapsed 5665.2s
step  2620000 | reward(last100)  0.2532 | eps 0.050 | elapsed 5675.0s
step  2625000 | reward(last100)  0.1933 | eps 0.050 | elapsed 5684.7s
step  2630000 | reward(last100)  0.2569 | eps 0.050 | elapsed 5694.5s
step  2635000 | reward(last100)  0.1994 | eps 0.050 | elapsed 5704.2s
step  2640000 | reward(last100)  0.1667 | eps 0.050 | elapsed 5713.9s
step  2645000 | reward(last100)  0.2498 | eps 0.050 | elapsed 5723.6s
step  2650000 | reward(last100)  0.2747 | eps 0.050 | elapsed 5733.4s
step  2655000 | reward(last100)  0.1813 | eps 0.050 | elapsed 5743.5s
step  2660000 | reward(last100)  0.2056 | eps 0.050 | elapsed 5753.2s
step  2665000 | reward(last100)  0.1430 | eps 0.050 | elapsed 5763.0s
step  2670000 | reward(last100)  0.0991 | eps 0.050 | elapsed 5773.2s
step  2675000 | reward(last100)  0.1742 | eps 0.050 | elapsed 5784.0s
step  2680000 | reward(last100)  0.2190 | eps 0.050 | elapsed 5795.1s
step  2685000 | reward(last100)  0.1447 | eps 0.050 | elapsed 5806.2s
step  2690000 | reward(last100)  0.1782 | eps 0.050 | elapsed 5817.8s
step  2695000 | reward(last100)  0.1982 | eps 0.050 | elapsed 5829.3s
step  2700000 | reward(last100)  0.2892 | eps 0.050 | elapsed 5840.8s
step  2705000 | reward(last100)  0.2280 | eps 0.050 | elapsed 5851.5s
step  2710000 | reward(last100)  0.1353 | eps 0.050 | elapsed 5862.0s
step  2715000 | reward(last100)  0.1217 | eps 0.050 | elapsed 5873.8s
step  2720000 | reward(last100)  0.2081 | eps 0.050 | elapsed 5886.7s
step  2725000 | reward(last100)  0.2130 | eps 0.050 | elapsed 5898.1s
step  2730000 | reward(last100)  0.0521 | eps 0.050 | elapsed 5909.6s
step  2735000 | reward(last100)  0.1157 | eps 0.050 | elapsed 5921.2s
step  2740000 | reward(last100)  0.2143 | eps 0.050 | elapsed 5933.0s
step  2745000 | reward(last100)  0.2276 | eps 0.050 | elapsed 5945.0s
step  2750000 | reward(last100)  0.0435 | eps 0.050 | elapsed 5957.1s
step  2755000 | reward(last100)  0.1921 | eps 0.050 | elapsed 5967.2s
step  2760000 | reward(last100)  0.2328 | eps 0.050 | elapsed 5977.1s
step  2765000 | reward(last100)  0.1075 | eps 0.050 | elapsed 5987.0s
step  2770000 | reward(last100)  0.2117 | eps 0.050 | elapsed 5997.6s
step  2775000 | reward(last100)  0.3274 | eps 0.050 | elapsed 6008.1s
step  2780000 | reward(last100)  0.2149 | eps 0.050 | elapsed 6018.7s
step  2785000 | reward(last100)  0.1902 | eps 0.050 | elapsed 6029.2s
step  2790000 | reward(last100)  0.2872 | eps 0.050 | elapsed 6039.0s
step  2795000 | reward(last100)  0.1462 | eps 0.050 | elapsed 6048.7s
step  2800000 | reward(last100)  0.1378 | eps 0.050 | elapsed 6058.4s
step  2805000 | reward(last100)  0.1874 | eps 0.050 | elapsed 6068.6s
step  2810000 | reward(last100)  0.2944 | eps 0.050 | elapsed 6078.4s
step  2815000 | reward(last100)  0.2610 | eps 0.050 | elapsed 6088.2s
step  2820000 | reward(last100)  0.2717 | eps 0.050 | elapsed 6097.9s
step  2825000 | reward(last100)  0.1155 | eps 0.050 | elapsed 6107.6s
step  2830000 | reward(last100)  0.2890 | eps 0.050 | elapsed 6117.4s
step  2835000 | reward(last100)  0.2508 | eps 0.050 | elapsed 6127.1s
step  2840000 | reward(last100)  0.0479 | eps 0.050 | elapsed 6136.9s
step  2845000 | reward(last100)  0.2024 | eps 0.050 | elapsed 6146.6s
step  2850000 | reward(last100)  0.2688 | eps 0.050 | elapsed 6156.4s
step  2855000 | reward(last100)  0.1673 | eps 0.050 | elapsed 6166.5s
step  2860000 | reward(last100)  0.0792 | eps 0.050 | elapsed 6177.2s
step  2865000 | reward(last100)  0.1505 | eps 0.050 | elapsed 6188.1s
step  2870000 | reward(last100)  0.2790 | eps 0.050 | elapsed 6199.3s
step  2875000 | reward(last100)  0.1788 | eps 0.050 | elapsed 6210.9s
step  2880000 | reward(last100)  0.3440 | eps 0.050 | elapsed 6222.1s
step  2885000 | reward(last100)  0.1675 | eps 0.050 | elapsed 6233.1s
step  2890000 | reward(last100)  0.0897 | eps 0.050 | elapsed 6243.2s
step  2895000 | reward(last100)  0.1144 | eps 0.050 | elapsed 6253.0s
step  2900000 | reward(last100)  0.1613 | eps 0.050 | elapsed 6265.1s
step  2905000 | reward(last100)  0.3048 | eps 0.050 | elapsed 6278.1s
step  2910000 | reward(last100)  0.2143 | eps 0.050 | elapsed 6287.9s
step  2915000 | reward(last100)  0.1279 | eps 0.050 | elapsed 6297.7s
step  2920000 | reward(last100)  0.2551 | eps 0.050 | elapsed 6307.7s
step  2925000 | reward(last100)  0.2540 | eps 0.050 | elapsed 6317.6s
step  2930000 | reward(last100)  0.2653 | eps 0.050 | elapsed 6327.4s
step  2935000 | reward(last100)  0.2927 | eps 0.050 | elapsed 6337.3s
step  2940000 | reward(last100)  0.2374 | eps 0.050 | elapsed 6347.1s
step  2945000 | reward(last100)  0.2456 | eps 0.050 | elapsed 6357.0s
step  2950000 | reward(last100)  0.3229 | eps 0.050 | elapsed 6366.8s
step  2955000 | reward(last100)  0.3000 | eps 0.050 | elapsed 6377.0s
step  2960000 | reward(last100)  0.2266 | eps 0.050 | elapsed 6387.0s
step  2965000 | reward(last100)  0.3166 | eps 0.050 | elapsed 6397.7s
step  2970000 | reward(last100)  0.2206 | eps 0.050 | elapsed 6409.3s
step  2975000 | reward(last100)  0.2538 | eps 0.050 | elapsed 6422.7s
step  2980000 | reward(last100)  0.3265 | eps 0.050 | elapsed 6435.9s
step  2985000 | reward(last100)  0.3463 | eps 0.050 | elapsed 6448.6s
step  2990000 | reward(last100)  0.2592 | eps 0.050 | elapsed 6460.2s
step  2995000 | reward(last100)  0.2939 | eps 0.050 | elapsed 6472.9s
step  3000000 | reward(last100)  0.2230 | eps 0.050 | elapsed 6486.6s
