step     5000 | reward(last100)  0.0000 | sigma 0.0309 | elapsed    5.5s
step    10000 | reward(last100)  0.0000 | sigma 0.0309 | elapsed   11.6s
step    15000 | reward(last100)  0.0000 | sigma 0.0298 | elapsed   34.4s
step    20000 | reward(last100)  0.0229 | sigma 0.0285 | elapsed   58.3s
step    25000 | reward(last100)  0.1039 | sigma 0.0275 | elapsed   80.9s
step    30000 | reward(last100)  0.1934 | sigma 0.0271 | elapsed   99.3s
step    35000 | reward(last100)  0.2480 | sigma 0.0267 | elapsed  117.1s
step    40000 | reward(last100)  0.2672 | sigma 0.0261 | elapsed  135.2s
step    45000 | reward(last100)  0.1722 | sigma 0.0255 | elapsed  156.8s
step    50000 | reward(last100)  0.1462 | sigma 0.0250 | elapsed  179.0s
step    55000 | reward(last100)  0.0897 | sigma 0.0246 | elapsed  200.4s
step    60000 | reward(last100)  0.0457 | sigma 0.0243 | elapsed  223.0s
step    65000 | reward(last100)  0.0091 | sigma 0.0241 | elapsed  241.6s
step    70000 | reward(last100)  0.0235 | sigma 0.0239 | elapsed  259.6s
step    75000 | reward(last100)  0.0331 | sigma 0.0238 | elapsed  281.4s
step    80000 | reward(last100)  0.0191 | sigma 0.0237 | elapsed  303.6s
step    85000 | reward(last100)  0.0037 | sigma 0.0236 | elapsed  321.9s
step    90000 | reward(last100)  0.0397 | sigma 0.0236 | elapsed  339.6s
step    95000 | reward(last100)  0.0198 | sigma 0.0235 | elapsed  357.0s
step   100000 | reward(last100)  0.0347 | sigma 0.0235 | elapsed  376.4s
step   105000 | reward(last100)  0.0654 | sigma 0.0234 | elapsed  399.8s
step   110000 | reward(last100)  0.1074 | sigma 0.0234 | elapsed  422.5s
step   115000 | reward(last100)  0.0393 | sigma 0.0234 | elapsed  444.9s
step   120000 | reward(last100)  0.0441 | sigma 0.0234 | elapsed  465.8s
step   125000 | reward(last100)  0.0742 | sigma 0.0234 | elapsed  487.9s
step   130000 | reward(last100)  0.0769 | sigma 0.0234 | elapsed  508.2s
step   135000 | reward(last100)  0.0660 | sigma 0.0234 | elapsed  527.0s
step   140000 | reward(last100)  0.0622 | sigma 0.0234 | elapsed  548.9s
step   145000 | reward(last100)  0.0815 | sigma 0.0233 | elapsed  571.3s
step   150000 | reward(last100)  0.0311 | sigma 0.0233 | elapsed  591.3s
step   155000 | reward(last100)  0.0642 | sigma 0.0233 | elapsed  611.5s
step   160000 | reward(last100)  0.0678 | sigma 0.0233 | elapsed  628.4s
step   165000 | reward(last100)  0.0686 | sigma 0.0233 | elapsed  645.6s
step   170000 | reward(last100)  0.0477 | sigma 0.0233 | elapsed  667.5s
step   175000 | reward(last100)  0.0767 | sigma 0.0232 | elapsed  688.1s
step   180000 | reward(last100)  0.0650 | sigma 0.0232 | elapsed  710.3s
step   185000 | reward(last100)  0.1161 | sigma 0.0232 | elapsed  732.1s
step   190000 | reward(last100)  0.1098 | sigma 0.0232 | elapsed  753.8s
step   195000 | reward(last100)  0.1526 | sigma 0.0232 | elapsed  769.9s
step   200000 | reward(last100)  0.1177 | sigma 0.0231 | elapsed  789.5s
step   205000 | reward(last100)  0.0783 | sigma 0.0232 | elapsed  809.0s
step   210000 | reward(last100)  0.0968 | sigma 0.0231 | elapsed  830.4s
step   215000 | reward(last100)  0.1100 | sigma 0.0231 | elapsed  851.3s
step   220000 | reward(last100)  0.0789 | sigma 0.0231 | elapsed  869.9s
step   225000 | reward(last100)  0.0576 | sigma 0.0231 | elapsed  892.9s
step   230000 | reward(last100)  0.0738 | sigma 0.0231 | elapsed  915.1s
step   235000 | reward(last100)  0.0991 | sigma 0.0231 | elapsed  938.9s
step   240000 | reward(last100)  0.1074 | sigma 0.0232 | elapsed  962.1s
step   245000 | reward(last100)  0.1444 | sigma 0.0231 | elapsed  985.5s
step   250000 | reward(last100)  0.1157 | sigma 0.0232 | elapsed 1005.9s
step   255000 | reward(last100)  0.1064 | sigma 0.0231 | elapsed 1022.7s
step   260000 | reward(last100)  0.0842 | sigma 0.0231 | elapsed 1042.8s
step   265000 | reward(last100)  0.0874 | sigma 0.0231 | elapsed 1064.0s
step   270000 | reward(last100)  0.0865 | sigma 0.0231 | elapsed 1083.8s
step   275000 | reward(last100)  0.1106 | sigma 0.0231 | elapsed 1104.7s
step   280000 | reward(last100)  0.0824 | sigma 0.0231 | elapsed 1125.5s
step   285000 | reward(last100)  0.1457 | sigma 0.0231 | elapsed 1146.7s
step   290000 | reward(last100)  0.1401 | sigma 0.0232 | elapsed 1167.8s
step   295000 | reward(last100)  0.0763 | sigma 0.0231 | elapsed 1184.7s
step   300000 | reward(last100)  0.0989 | sigma 0.0232 | elapsed 1205.7s
step   305000 | reward(last100)  0.0822 | sigma 0.0232 | elapsed 1223.5s
step   310000 | reward(last100)  0.0594 | sigma 0.0232 | elapsed 1244.3s
step   315000 | reward(last100)  0.0833 | sigma 0.0232 | elapsed 1267.6s
step   320000 | reward(last100)  0.1074 | sigma 0.0232 | elapsed 1291.5s
step   325000 | reward(last100)  0.0934 | sigma 0.0232 | elapsed 1313.5s
step   330000 | reward(last100)  0.1170 | sigma 0.0232 | elapsed 1333.1s
step   335000 | reward(last100)  0.1056 | sigma 0.0232 | elapsed 1352.9s
step   340000 | reward(last100)  0.0782 | sigma 0.0232 | elapsed 1370.8s
step   345000 | reward(last100)  0.1082 | sigma 0.0232 | elapsed 1392.5s
step   350000 | reward(last100)  0.0849 | sigma 0.0232 | elapsed 1414.1s
step   355000 | reward(last100)  0.1637 | sigma 0.0232 | elapsed 1431.9s
step   360000 | reward(last100)  0.1064 | sigma 0.0232 | elapsed 1449.0s
step   365000 | reward(last100)  0.0345 | sigma 0.0232 | elapsed 1465.9s
step   370000 | reward(last100)  0.0804 | sigma 0.0232 | elapsed 1483.6s
step   375000 | reward(last100)  0.1157 | sigma 0.0232 | elapsed 1501.4s
step   380000 | reward(last100)  0.0600 | sigma 0.0232 | elapsed 1521.4s
step   385000 | reward(last100)  0.0490 | sigma 0.0232 | elapsed 1543.9s
step   390000 | reward(last100)  0.1007 | sigma 0.0232 | elapsed 1566.3s
step   395000 | reward(last100)  0.0747 | sigma 0.0232 | elapsed 1588.1s
step   400000 | reward(last100)  0.0950 | sigma 0.0233 | elapsed 1604.6s
step   405000 | reward(last100)  0.0682 | sigma 0.0233 | elapsed 1622.1s
step   410000 | reward(last100)  0.1236 | sigma 0.0233 | elapsed 1639.5s
step   415000 | reward(last100)  0.1200 | sigma 0.0233 | elapsed 1657.6s
step   420000 | reward(last100)  0.1110 | sigma 0.0232 | elapsed 1675.6s
step   425000 | reward(last100)  0.1086 | sigma 0.0233 | elapsed 1692.6s
step   430000 | reward(last100)  0.0884 | sigma 0.0233 | elapsed 1708.0s
step   435000 | reward(last100)  0.0833 | sigma 0.0233 | elapsed 1724.1s
step   440000 | reward(last100)  0.0763 | sigma 0.0233 | elapsed 1740.8s
step   445000 | reward(last100)  0.0492 | sigma 0.0233 | elapsed 1758.1s
step   450000 | reward(last100)  0.1402 | sigma 0.0233 | elapsed 1775.0s
step   455000 | reward(last100)  0.0918 | sigma 0.0233 | elapsed 1793.8s
step   460000 | reward(last100)  0.1369 | sigma 0.0233 | elapsed 1811.4s
step   465000 | reward(last100)  0.0984 | sigma 0.0232 | elapsed 1827.3s
step   470000 | reward(last100)  0.0538 | sigma 0.0232 | elapsed 1844.1s
step   475000 | reward(last100)  0.1727 | sigma 0.0232 | elapsed 1860.8s
step   480000 | reward(last100)  0.0818 | sigma 0.0232 | elapsed 1878.8s
step   485000 | reward(last100)  0.0695 | sigma 0.0232 | elapsed 1901.4s
step   490000 | reward(last100)  0.1471 | sigma 0.0232 | elapsed 1919.8s
step   495000 | reward(last100)  0.1580 | sigma 0.0232 | elapsed 1939.3s
step   500000 | reward(last100)  0.0925 | sigma 0.0232 | elapsed 1960.2s
step   505000 | reward(last100)  0.1510 | sigma 0.0232 | elapsed 1977.1s
step   510000 | reward(last100)  0.0778 | sigma 0.0232 | elapsed 1993.8s
step   515000 | reward(last100)  0.1065 | sigma 0.0232 | elapsed 2009.8s
step   520000 | reward(last100)  0.1239 | sigma 0.0232 | elapsed 2026.1s
step   525000 | reward(last100)  0.0703 | sigma 0.0232 | elapsed 2042.1s
step   530000 | reward(last100)  0.0581 | sigma 0.0232 | elapsed 2060.4s
step   535000 | reward(last100)  0.1388 | sigma 0.0232 | elapsed 2081.1s
step   540000 | reward(last100)  0.0518 | sigma 0.0232 | elapsed 2099.1s
step   545000 | reward(last100)  0.1017 | sigma 0.0232 | elapsed 2116.6s
step   550000 | reward(last100)  0.0966 | sigma 0.0232 | elapsed 2133.3s
step   555000 | reward(last100)  0.1106 | sigma 0.0232 | elapsed 2153.0s
step   560000 | reward(last100)  0.1092 | sigma 0.0232 | elapsed 2171.1s
step   565000 | reward(last100)  0.1100 | sigma 0.0232 | elapsed 2189.1s
step   570000 | reward(last100)  0.1148 | sigma 0.0233 | elapsed 2211.0s
step   575000 | reward(last100)  0.1029 | sigma 0.0233 | elapsed 2228.8s
step   580000 | reward(last100)  0.0396 | sigma 0.0233 | elapsed 2247.0s
step   585000 | reward(last100)  0.0749 | sigma 0.0233 | elapsed 2267.3s
step   590000 | reward(last100)  0.0664 | sigma 0.0233 | elapsed 2290.0s
step   595000 | reward(last100)  0.1206 | sigma 0.0233 | elapsed 2313.5s
step   600000 | reward(last100)  0.0862 | sigma 0.0233 | elapsed 2335.9s
step   605000 | reward(last100)  0.0970 | sigma 0.0233 | elapsed 2355.6s
step   610000 | reward(last100)  0.1066 | sigma 0.0232 | elapsed 2379.0s
step   615000 | reward(last100)  0.1101 | sigma 0.0232 | elapsed 2398.5s
step   620000 | reward(last100)  0.1159 | sigma 0.0233 | elapsed 2416.9s
step   625000 | reward(last100)  0.1166 | sigma 0.0232 | elapsed 2439.2s
step   630000 | reward(last100)  0.1190 | sigma 0.0232 | elapsed 2463.4s
step   635000 | reward(last100)  0.1163 | sigma 0.0232 | elapsed 2487.3s
step   640000 | reward(last100)  0.0824 | sigma 0.0233 | elapsed 2506.7s
step   645000 | reward(last100)  0.0929 | sigma 0.0233 | elapsed 2525.1s
step   650000 | reward(last100)  0.0903 | sigma 0.0233 | elapsed 2543.3s
step   655000 | reward(last100)  0.0621 | sigma 0.0232 | elapsed 2565.8s
step   660000 | reward(last100)  0.1297 | sigma 0.0233 | elapsed 2587.8s
step   665000 | reward(last100)  0.0736 | sigma 0.0233 | elapsed 2606.0s
step   670000 | reward(last100)  0.0886 | sigma 0.0233 | elapsed 2624.5s
step   675000 | reward(last100)  0.0496 | sigma 0.0233 | elapsed 2642.2s
step   680000 | reward(last100)  0.0562 | sigma 0.0233 | elapsed 2660.1s
step   685000 | reward(last100)  0.1737 | sigma 0.0233 | elapsed 2678.6s
step   690000 | reward(last100)  0.1038 | sigma 0.0233 | elapsed 2696.8s
step   695000 | reward(last100)  0.0997 | sigma 0.0233 | elapsed 2715.0s
step   700000 | reward(last100)  0.1224 | sigma 0.0233 | elapsed 2734.1s
step   705000 | reward(last100)  0.0572 | sigma 0.0233 | elapsed 2751.2s
step   710000 | reward(last100)  0.0881 | sigma 0.0233 | elapsed 2767.7s
step   715000 | reward(last100)  0.0691 | sigma 0.0233 | elapsed 2784.0s
step   720000 | reward(last100)  0.0995 | sigma 0.0233 | elapsed 2800.3s
step   725000 | reward(last100)  0.1264 | sigma 0.0233 | elapsed 2816.6s
step   730000 | reward(last100)  0.0736 | sigma 0.0233 | elapsed 2833.9s
step   735000 | reward(last100)  0.1006 | sigma 0.0233 | elapsed 2850.3s
step   740000 | reward(last100)  0.1015 | sigma 0.0233 | elapsed 2867.5s
step   745000 | reward(last100)  0.0877 | sigma 0.0232 | elapsed 2887.9s
step   750000 | reward(last100)  0.1168 | sigma 0.0232 | elapsed 2909.7s
step   755000 | reward(last100)  0.0790 | sigma 0.0232 | elapsed 2932.3s
step   760000 | reward(last100)  0.0995 | sigma 0.0232 | elapsed 2954.0s
step   765000 | reward(last100)  0.0622 | sigma 0.0232 | elapsed 2971.8s
step   770000 | reward(last100)  0.0998 | sigma 0.0233 | elapsed 2988.8s
step   775000 | reward(last100)  0.1182 | sigma 0.0233 | elapsed 3006.5s
step   780000 | reward(last100)  0.0495 | sigma 0.0232 | elapsed 3030.0s
step   785000 | reward(last100)  0.0818 | sigma 0.0232 | elapsed 3049.8s
step   790000 | reward(last100)  0.1308 | sigma 0.0232 | elapsed 3068.4s
step   795000 | reward(last100)  0.0792 | sigma 0.0232 | elapsed 3087.0s
step   800000 | reward(last100)  0.1091 | sigma 0.0232 | elapsed 3104.3s
step   805000 | reward(last100)  0.1002 | sigma 0.0232 | elapsed 3122.6s
step   810000 | reward(last100)  0.1412 | sigma 0.0232 | elapsed 3139.9s
step   815000 | reward(last100)  0.0943 | sigma 0.0232 | elapsed 3160.0s
step   820000 | reward(last100)  0.0815 | sigma 0.0232 | elapsed 3180.8s
step   825000 | reward(last100)  0.1038 | sigma 0.0232 | elapsed 3201.7s
step   830000 | reward(last100)  0.0688 | sigma 0.0232 | elapsed 3222.5s
step   835000 | reward(last100)  0.1007 | sigma 0.0232 | elapsed 3243.3s
step   840000 | reward(last100)  0.0747 | sigma 0.0232 | elapsed 3263.1s
step   845000 | reward(last100)  0.0867 | sigma 0.0232 | elapsed 3285.3s
step   850000 | reward(last100)  0.0836 | sigma 0.0233 | elapsed 3306.5s
step   855000 | reward(last100)  0.1450 | sigma 0.0232 | elapsed 3324.5s
step   860000 | reward(last100)  0.0832 | sigma 0.0232 | elapsed 3344.3s
step   865000 | reward(last100)  0.4050 | sigma 0.0233 | elapsed 3365.2s
step   870000 | reward(last100)  0.3444 | sigma 0.0233 | elapsed 3384.1s
step   875000 | reward(last100)  0.6147 | sigma 0.0233 | elapsed 3400.7s
step   880000 | reward(last100)  0.2856 | sigma 0.0233 | elapsed 3418.1s
step   885000 | reward(last100)  0.2493 | sigma 0.0233 | elapsed 3435.2s
step   890000 | reward(last100)  0.1636 | sigma 0.0233 | elapsed 3452.8s
step   895000 | reward(last100)  0.2516 | sigma 0.0233 | elapsed 3470.6s
step   900000 | reward(last100)  0.4196 | sigma 0.0233 | elapsed 3487.8s
step   905000 | reward(last100)  0.3114 | sigma 0.0232 | elapsed 3505.4s
step   910000 | reward(last100)  0.3083 | sigma 0.0232 | elapsed 3522.3s
step   915000 | reward(last100)  0.2505 | sigma 0.0232 | elapsed 3538.7s
step   920000 | reward(last100)  0.2321 | sigma 0.0232 | elapsed 3556.3s
step   925000 | reward(last100)  0.1494 | sigma 0.0232 | elapsed 3574.0s
step   930000 | reward(last100)  0.2299 | sigma 0.0232 | elapsed 3591.9s
step   935000 | reward(last100)  0.2495 | sigma 0.0232 | elapsed 3610.0s
step   940000 | reward(last100)  0.3069 | sigma 0.0232 | elapsed 3630.6s
step   945000 | reward(last100)  0.2750 | sigma 0.0232 | elapsed 3649.0s
step   950000 | reward(last100)  0.3150 | sigma 0.0232 | elapsed 3667.6s
step   955000 | reward(last100)  0.4185 | sigma 0.0232 | elapsed 3685.9s
step   960000 | reward(last100)  0.4100 | sigma 0.0232 | elapsed 3703.7s
step   965000 | reward(last100)  0.3559 | sigma 0.0232 | elapsed 3724.0s
step   970000 | reward(last100)  0.3192 | sigma 0.0232 | elapsed 3746.3s
step   975000 | reward(last100)  0.3121 | sigma 0.0232 | elapsed 3768.5s
step   980000 | reward(last100)  0.2155 | sigma 0.0232 | elapsed 3790.7s
step   985000 | reward(last100)  0.3020 | sigma 0.0232 | elapsed 3813.0s
step   990000 | reward(last100)  0.3347 | sigma 0.0232 | elapsed 3835.2s
step   995000 | reward(last100)  0.2989 | sigma 0.0232 | elapsed 3855.2s
step  1000000 | reward(last100)  0.3610 | sigma 0.0232 | elapsed 3874.9s
step  1005000 | reward(last100)  0.2363 | sigma 0.0232 | elapsed 3897.1s
step  1010000 | reward(last100)  0.3174 | sigma 0.0232 | elapsed 3919.3s
step  1015000 | reward(last100)  0.3238 | sigma 0.0232 | elapsed 3938.2s
step  1020000 | reward(last100)  0.3305 | sigma 0.0233 | elapsed 3955.6s
step  1025000 | reward(last100)  0.2754 | sigma 0.0233 | elapsed 3972.6s
step  1030000 | reward(last100)  0.2727 | sigma 0.0233 | elapsed 3990.6s
step  1035000 | reward(last100)  0.2408 | sigma 0.0232 | elapsed 4010.1s
step  1040000 | reward(last100)  0.3531 | sigma 0.0232 | elapsed 4029.6s
step  1045000 | reward(last100)  0.3335 | sigma 0.0233 | elapsed 4047.2s
step  1050000 | reward(last100)  0.3648 | sigma 0.0233 | elapsed 4064.7s
step  1055000 | reward(last100)  0.3438 | sigma 0.0233 | elapsed 4083.3s
step  1060000 | reward(last100)  0.3188 | sigma 0.0233 | elapsed 4101.7s
step  1065000 | reward(last100)  0.3574 | sigma 0.0232 | elapsed 4120.0s
step  1070000 | reward(last100)  0.3149 | sigma 0.0232 | elapsed 4137.9s
step  1075000 | reward(last100)  0.3646 | sigma 0.0232 | elapsed 4155.1s
step  1080000 | reward(last100)  0.3426 | sigma 0.0232 | elapsed 4172.3s
step  1085000 | reward(last100)  0.3160 | sigma 0.0232 | elapsed 4189.4s
step  1090000 | reward(last100)  0.3347 | sigma 0.0232 | elapsed 4207.3s
step  1095000 | reward(last100)  0.3234 | sigma 0.0232 | elapsed 4226.3s
step  1100000 | reward(last100)  0.3804 | sigma 0.0232 | elapsed 4245.5s
step  1105000 | reward(last100)  0.2971 | sigma 0.0232 | elapsed 4263.8s
step  1110000 | reward(last100)  0.3806 | sigma 0.0232 | elapsed 4281.2s
step  1115000 | reward(last100)  0.2750 | sigma 0.0232 | elapsed 4298.8s
step  1120000 | reward(last100)  0.3604 | sigma 0.0232 | elapsed 4317.8s
step  1125000 | reward(last100)  0.2825 | sigma 0.0232 | elapsed 4336.2s
step  1130000 | reward(last100)  0.3301 | sigma 0.0232 | elapsed 4353.4s
step  1135000 | reward(last100)  0.2814 | sigma 0.0232 | elapsed 4370.5s
step  1140000 | reward(last100)  0.3091 | sigma 0.0232 | elapsed 4387.7s
step  1145000 | reward(last100)  0.3032 | sigma 0.0232 | elapsed 4406.3s
step  1150000 | reward(last100)  0.3579 | sigma 0.0232 | elapsed 4428.5s
step  1155000 | reward(last100)  0.2605 | sigma 0.0232 | elapsed 4452.3s
step  1160000 | reward(last100)  0.2552 | sigma 0.0232 | elapsed 4475.4s
step  1165000 | reward(last100)  0.3376 | sigma 0.0232 | elapsed 4498.4s
step  1170000 | reward(last100)  0.3249 | sigma 0.0232 | elapsed 4518.6s
step  1175000 | reward(last100)  0.2607 | sigma 0.0232 | elapsed 4537.1s
step  1180000 | reward(last100)  0.3476 | sigma 0.0232 | elapsed 4555.4s
step  1185000 | reward(last100)  0.3174 | sigma 0.0232 | elapsed 4572.8s
step  1190000 | reward(last100)  0.2286 | sigma 0.0232 | elapsed 4589.9s
step  1195000 | reward(last100)  0.3052 | sigma 0.0232 | elapsed 4607.0s
step  1200000 | reward(last100)  0.2646 | sigma 0.0232 | elapsed 4624.3s
step  1205000 | reward(last100)  0.2681 | sigma 0.0232 | elapsed 4645.4s
step  1210000 | reward(last100)  0.2918 | sigma 0.0232 | elapsed 4663.9s
step  1215000 | reward(last100)  0.3895 | sigma 0.0232 | elapsed 4684.4s
step  1220000 | reward(last100)  0.3641 | sigma 0.0232 | elapsed 4705.9s
step  1225000 | reward(last100)  0.2627 | sigma 0.0233 | elapsed 4726.8s
step  1230000 | reward(last100)  0.3340 | sigma 0.0232 | elapsed 4745.8s
step  1235000 | reward(last100)  0.3148 | sigma 0.0232 | elapsed 4765.0s
step  1240000 | reward(last100)  0.2741 | sigma 0.0232 | elapsed 4783.9s
step  1245000 | reward(last100)  0.3899 | sigma 0.0232 | elapsed 4804.8s
step  1250000 | reward(last100)  0.3070 | sigma 0.0232 | elapsed 4824.5s
step  1255000 | reward(last100)  0.3211 | sigma 0.0232 | elapsed 4843.6s
step  1260000 | reward(last100)  0.3226 | sigma 0.0232 | elapsed 4865.3s
step  1265000 | reward(last100)  0.3357 | sigma 0.0232 | elapsed 4887.0s
step  1270000 | reward(last100)  0.3361 | sigma 0.0232 | elapsed 4908.1s
step  1275000 | reward(last100)  0.3688 | sigma 0.0232 | elapsed 4926.5s
step  1280000 | reward(last100)  0.2919 | sigma 0.0232 | elapsed 4944.8s
step  1285000 | reward(last100)  0.3340 | sigma 0.0232 | elapsed 4961.7s
step  1290000 | reward(last100)  0.2312 | sigma 0.0232 | elapsed 4978.8s
step  1295000 | reward(last100)  0.2890 | sigma 0.0232 | elapsed 4995.9s
step  1300000 | reward(last100)  0.3671 | sigma 0.0232 | elapsed 5012.8s
step  1305000 | reward(last100)  0.3546 | sigma 0.0232 | elapsed 5031.0s
step  1310000 | reward(last100)  0.2928 | sigma 0.0232 | elapsed 5048.2s
step  1315000 | reward(last100)  0.2915 | sigma 0.0232 | elapsed 5065.3s
step  1320000 | reward(last100)  0.3178 | sigma 0.0232 | elapsed 5084.0s
step  1325000 | reward(last100)  0.2666 | sigma 0.0232 | elapsed 5103.1s
step  1330000 | reward(last100)  0.2900 | sigma 0.0232 | elapsed 5122.1s
step  1335000 | reward(last100)  0.3771 | sigma 0.0232 | elapsed 5140.7s
step  1340000 | reward(last100)  0.3315 | sigma 0.0232 | elapsed 5159.2s
step  1345000 | reward(last100)  0.3001 | sigma 0.0232 | elapsed 5177.2s
step  1350000 | reward(last100)  0.2679 | sigma 0.0232 | elapsed 5194.1s
step  1355000 | reward(last100)  0.3158 | sigma 0.0232 | elapsed 5211.5s
step  1360000 | reward(last100)  0.3608 | sigma 0.0232 | elapsed 5228.7s
step  1365000 | reward(last100)  0.2907 | sigma 0.0232 | elapsed 5245.8s
step  1370000 | reward(last100)  0.3730 | sigma 0.0232 | elapsed 5262.8s
step  1375000 | reward(last100)  0.3371 | sigma 0.0232 | elapsed 5280.7s
step  1380000 | reward(last100)  0.3616 | sigma 0.0232 | elapsed 5297.8s
step  1385000 | reward(last100)  0.2621 | sigma 0.0232 | elapsed 5316.0s
step  1390000 | reward(last100)  0.3495 | sigma 0.0232 | elapsed 5332.9s
step  1395000 | reward(last100)  0.3039 | sigma 0.0232 | elapsed 5349.8s
step  1400000 | reward(last100)  0.3999 | sigma 0.0232 | elapsed 5366.8s
step  1405000 | reward(last100)  0.3884 | sigma 0.0232 | elapsed 5384.8s
step  1410000 | reward(last100)  0.2661 | sigma 0.0232 | elapsed 5401.8s
step  1415000 | reward(last100)  0.3227 | sigma 0.0232 | elapsed 5419.5s
step  1420000 | reward(last100)  0.3467 | sigma 0.0232 | elapsed 5437.4s
step  1425000 | reward(last100)  0.3428 | sigma 0.0232 | elapsed 5455.3s
step  1430000 | reward(last100)  0.2830 | sigma 0.0232 | elapsed 5472.4s
step  1435000 | reward(last100)  0.2996 | sigma 0.0232 | elapsed 5489.5s
step  1440000 | reward(last100)  0.3456 | sigma 0.0232 | elapsed 5506.6s
step  1445000 | reward(last100)  0.3897 | sigma 0.0232 | elapsed 5523.6s
step  1450000 | reward(last100)  0.3113 | sigma 0.0232 | elapsed 5540.5s
step  1455000 | reward(last100)  0.3438 | sigma 0.0232 | elapsed 5563.5s
step  1460000 | reward(last100)  0.2491 | sigma 0.0232 | elapsed 5586.6s
step  1465000 | reward(last100)  0.3453 | sigma 0.0232 | elapsed 5609.7s
step  1470000 | reward(last100)  0.3021 | sigma 0.0232 | elapsed 5632.9s
step  1475000 | reward(last100)  0.2890 | sigma 0.0232 | elapsed 5656.3s
step  1480000 | reward(last100)  0.3224 | sigma 0.0232 | elapsed 5675.7s
step  1485000 | reward(last100)  0.2778 | sigma 0.0232 | elapsed 5694.5s
step  1490000 | reward(last100)  0.3660 | sigma 0.0232 | elapsed 5711.9s
step  1495000 | reward(last100)  0.2785 | sigma 0.0232 | elapsed 5729.1s
step  1500000 | reward(last100)  0.3021 | sigma 0.0232 | elapsed 5746.3s
step  1505000 | reward(last100)  0.3748 | sigma 0.0232 | elapsed 5766.1s
step  1510000 | reward(last100)  0.3242 | sigma 0.0232 | elapsed 5784.8s
step  1515000 | reward(last100)  0.3026 | sigma 0.0232 | elapsed 5801.9s
step  1520000 | reward(last100)  0.3808 | sigma 0.0232 | elapsed 5819.1s
step  1525000 | reward(last100)  0.3043 | sigma 0.0232 | elapsed 5837.6s
step  1530000 | reward(last100)  0.3508 | sigma 0.0232 | elapsed 5858.3s
step  1535000 | reward(last100)  0.3155 | sigma 0.0232 | elapsed 5880.8s
step  1540000 | reward(last100)  0.3187 | sigma 0.0232 | elapsed 5900.5s
step  1545000 | reward(last100)  0.3726 | sigma 0.0231 | elapsed 5920.5s
step  1550000 | reward(last100)  0.3078 | sigma 0.0231 | elapsed 5945.6s
step  1555000 | reward(last100)  0.3253 | sigma 0.0232 | elapsed 5966.2s
step  1560000 | reward(last100)  0.3325 | sigma 0.0231 | elapsed 5985.2s
step  1565000 | reward(last100)  0.3392 | sigma 0.0232 | elapsed 6002.6s
step  1570000 | reward(last100)  0.3408 | sigma 0.0232 | elapsed 6020.0s
step  1575000 | reward(last100)  0.3563 | sigma 0.0232 | elapsed 6037.4s
step  1580000 | reward(last100)  0.4245 | sigma 0.0231 | elapsed 6054.8s
step  1585000 | reward(last100)  0.3233 | sigma 0.0232 | elapsed 6072.3s
step  1590000 | reward(last100)  0.3622 | sigma 0.0231 | elapsed 6090.9s
step  1595000 | reward(last100)  0.3225 | sigma 0.0232 | elapsed 6109.5s
step  1600000 | reward(last100)  0.3385 | sigma 0.0231 | elapsed 6129.7s
step  1605000 | reward(last100)  0.2338 | sigma 0.0231 | elapsed 6148.5s
step  1610000 | reward(last100)  0.3606 | sigma 0.0231 | elapsed 6166.2s
step  1615000 | reward(last100)  0.3267 | sigma 0.0231 | elapsed 6183.7s
step  1620000 | reward(last100)  0.3445 | sigma 0.0232 | elapsed 6201.2s
step  1625000 | reward(last100)  0.2946 | sigma 0.0232 | elapsed 6218.7s
step  1630000 | reward(last100)  0.3522 | sigma 0.0231 | elapsed 6236.0s
step  1635000 | reward(last100)  0.3474 | sigma 0.0231 | elapsed 6253.5s
step  1640000 | reward(last100)  0.3435 | sigma 0.0231 | elapsed 6270.8s
step  1645000 | reward(last100)  0.2896 | sigma 0.0231 | elapsed 6289.6s
step  1650000 | reward(last100)  0.2709 | sigma 0.0231 | elapsed 6311.3s
step  1655000 | reward(last100)  0.3220 | sigma 0.0231 | elapsed 6330.1s
step  1660000 | reward(last100)  0.3385 | sigma 0.0231 | elapsed 6347.8s
step  1665000 | reward(last100)  0.2486 | sigma 0.0231 | elapsed 6365.2s
step  1670000 | reward(last100)  0.3465 | sigma 0.0231 | elapsed 6382.6s
step  1675000 | reward(last100)  0.2686 | sigma 0.0231 | elapsed 6400.0s
step  1680000 | reward(last100)  0.2983 | sigma 0.0231 | elapsed 6417.2s
step  1685000 | reward(last100)  0.2752 | sigma 0.0231 | elapsed 6435.4s
step  1690000 | reward(last100)  0.3007 | sigma 0.0231 | elapsed 6452.9s
step  1695000 | reward(last100)  0.3744 | sigma 0.0231 | elapsed 6470.3s
step  1700000 | reward(last100)  0.3513 | sigma 0.0231 | elapsed 6487.7s
step  1705000 | reward(last100)  0.3291 | sigma 0.0231 | elapsed 6506.2s
step  1710000 | reward(last100)  0.2570 | sigma 0.0231 | elapsed 6523.6s
step  1715000 | reward(last100)  0.2670 | sigma 0.0231 | elapsed 6541.0s
step  1720000 | reward(last100)  0.2697 | sigma 0.0231 | elapsed 6558.3s
step  1725000 | reward(last100)  0.3014 | sigma 0.0231 | elapsed 6575.4s
step  1730000 | reward(last100)  0.3429 | sigma 0.0231 | elapsed 6592.4s
step  1735000 | reward(last100)  0.2433 | sigma 0.0231 | elapsed 6609.4s
step  1740000 | reward(last100)  0.3305 | sigma 0.0231 | elapsed 6626.5s
step  1745000 | reward(last100)  0.3187 | sigma 0.0231 | elapsed 6643.7s
step  1750000 | reward(last100)  0.3009 | sigma 0.0231 | elapsed 6660.6s
step  1755000 | reward(last100)  0.2566 | sigma 0.0231 | elapsed 6678.5s
step  1760000 | reward(last100)  0.3492 | sigma 0.0231 | elapsed 6695.9s
step  1765000 | reward(last100)  0.4107 | sigma 0.0231 | elapsed 6713.2s
step  1770000 | reward(last100)  0.2839 | sigma 0.0231 | elapsed 6730.5s
step  1775000 | reward(last100)  0.2861 | sigma 0.0231 | elapsed 6747.7s
step  1780000 | reward(last100)  0.2730 | sigma 0.0231 | elapsed 6764.9s
step  1785000 | reward(last100)  0.3665 | sigma 0.0231 | elapsed 6781.9s
step  1790000 | reward(last100)  0.3369 | sigma 0.0231 | elapsed 6799.0s
step  1795000 | reward(last100)  0.2557 | sigma 0.0231 | elapsed 6816.0s
step  1800000 | reward(last100)  0.3995 | sigma 0.0231 | elapsed 6833.0s
step  1805000 | reward(last100)  0.3325 | sigma 0.0231 | elapsed 6854.0s
step  1810000 | reward(last100)  0.2766 | sigma 0.0231 | elapsed 6874.8s
step  1815000 | reward(last100)  0.3784 | sigma 0.0231 | elapsed 6901.1s
step  1820000 | reward(last100)  0.3242 | sigma 0.0231 | elapsed 6922.0s
step  1825000 | reward(last100)  0.3435 | sigma 0.0231 | elapsed 6941.3s
step  1830000 | reward(last100)  0.3032 | sigma 0.0231 | elapsed 6960.0s
step  1835000 | reward(last100)  0.3961 | sigma 0.0231 | elapsed 6978.8s
step  1840000 | reward(last100)  0.2795 | sigma 0.0231 | elapsed 6997.9s
step  1845000 | reward(last100)  0.3804 | sigma 0.0231 | elapsed 7017.0s
step  1850000 | reward(last100)  0.3487 | sigma 0.0231 | elapsed 7036.4s
step  1855000 | reward(last100)  0.3303 | sigma 0.0231 | elapsed 7055.6s
step  1860000 | reward(last100)  0.3136 | sigma 0.0231 | elapsed 7074.1s
step  1865000 | reward(last100)  0.2930 | sigma 0.0231 | elapsed 7091.2s
step  1870000 | reward(last100)  0.2912 | sigma 0.0231 | elapsed 7108.3s
step  1875000 | reward(last100)  0.3397 | sigma 0.0231 | elapsed 7125.4s
step  1880000 | reward(last100)  0.3337 | sigma 0.0231 | elapsed 7142.5s
step  1885000 | reward(last100)  0.3423 | sigma 0.0231 | elapsed 7159.6s
step  1890000 | reward(last100)  0.3171 | sigma 0.0231 | elapsed 7176.7s
step  1895000 | reward(last100)  0.3112 | sigma 0.0231 | elapsed 7193.8s
step  1900000 | reward(last100)  0.3148 | sigma 0.0231 | elapsed 7210.9s
step  1905000 | reward(last100)  0.4123 | sigma 0.0231 | elapsed 7228.5s
step  1910000 | reward(last100)  0.2436 | sigma 0.0231 | elapsed 7245.5s
step  1915000 | reward(last100)  0.4127 | sigma 0.0231 | elapsed 7262.6s
step  1920000 | reward(last100)  0.4009 | sigma 0.0231 | elapsed 7279.7s
step  1925000 | reward(last100)  0.3134 | sigma 0.0231 | elapsed 7297.0s
step  1930000 | reward(last100)  0.3080 | sigma 0.0231 | elapsed 7314.1s
step  1935000 | reward(last100)  0.3545 | sigma 0.0231 | elapsed 7331.2s
step  1940000 | reward(last100)  0.3831 | sigma 0.0231 | elapsed 7348.4s
step  1945000 | reward(last100)  0.3053 | sigma 0.0231 | elapsed 7365.5s
step  1950000 | reward(last100)  0.3158 | sigma 0.0231 | elapsed 7382.6s
step  1955000 | reward(last100)  0.2667 | sigma 0.0231 | elapsed 7402.1s
step  1960000 | reward(last100)  0.3704 | sigma 0.0231 | elapsed 7419.1s
step  1965000 | reward(last100)  0.2996 | sigma 0.0231 | elapsed 7436.0s
step  1970000 | reward(last100)  0.2998 | sigma 0.0231 | elapsed 7452.9s
step  1975000 | reward(last100)  0.3923 | sigma 0.0231 | elapsed 7469.9s
step  1980000 | reward(last100)  0.2909 | sigma 0.0231 | elapsed 7487.4s
step  1985000 | reward(last100)  0.3189 | sigma 0.0231 | elapsed 7510.0s
step  1990000 | reward(last100)  0.3089 | sigma 0.0231 | elapsed 7527.8s
step  1995000 | reward(last100)  0.3879 | sigma 0.0231 | elapsed 7545.8s
step  2000000 | reward(last100)  0.3023 | sigma 0.0231 | elapsed 7565.1s
step  2005000 | reward(last100)  0.3751 | sigma 0.0231 | elapsed 7582.3s
step  2010000 | reward(last100)  0.3140 | sigma 0.0231 | elapsed 7599.1s
step  2015000 | reward(last100)  0.3049 | sigma 0.0231 | elapsed 7616.0s
step  2020000 | reward(last100)  0.2889 | sigma 0.0231 | elapsed 7632.8s
step  2025000 | reward(last100)  0.2971 | sigma 0.0231 | elapsed 7649.7s
step  2030000 | reward(last100)  0.2821 | sigma 0.0231 | elapsed 7667.0s
step  2035000 | reward(last100)  0.3917 | sigma 0.0231 | elapsed 7685.8s
step  2040000 | reward(last100)  0.2815 | sigma 0.0231 | elapsed 7704.6s
step  2045000 | reward(last100)  0.2759 | sigma 0.0231 | elapsed 7723.4s
step  2050000 | reward(last100)  0.2322 | sigma 0.0231 | elapsed 7742.3s
step  2055000 | reward(last100)  0.3959 | sigma 0.0231 | elapsed 7761.4s
step  2060000 | reward(last100)  0.3772 | sigma 0.0231 | elapsed 7778.5s
step  2065000 | reward(last100)  0.3677 | sigma 0.0231 | elapsed 7795.6s
step  2070000 | reward(last100)  0.2541 | sigma 0.0231 | elapsed 7812.6s
step  2075000 | reward(last100)  0.2630 | sigma 0.0231 | elapsed 7829.6s
step  2080000 | reward(last100)  0.3453 | sigma 0.0231 | elapsed 7846.6s
step  2085000 | reward(last100)  0.2841 | sigma 0.0231 | elapsed 7863.6s
step  2090000 | reward(last100)  0.3811 | sigma 0.0231 | elapsed 7880.7s
step  2095000 | reward(last100)  0.2976 | sigma 0.0231 | elapsed 7897.6s
step  2100000 | reward(last100)  0.3598 | sigma 0.0231 | elapsed 7914.6s
step  2105000 | reward(last100)  0.3890 | sigma 0.0231 | elapsed 7932.0s
step  2110000 | reward(last100)  0.2633 | sigma 0.0231 | elapsed 7949.0s
step  2115000 | reward(last100)  0.3090 | sigma 0.0231 | elapsed 7965.9s
step  2120000 | reward(last100)  0.4029 | sigma 0.0231 | elapsed 7982.9s
step  2125000 | reward(last100)  0.3483 | sigma 0.0231 | elapsed 8000.1s
step  2130000 | reward(last100)  0.2672 | sigma 0.0231 | elapsed 8017.2s
step  2135000 | reward(last100)  0.2947 | sigma 0.0231 | elapsed 8034.3s
step  2140000 | reward(last100)  0.2837 | sigma 0.0231 | elapsed 8051.4s
step  2145000 | reward(last100)  0.3622 | sigma 0.0231 | elapsed 8068.4s
step  2150000 | reward(last100)  0.3112 | sigma 0.0231 | elapsed 8085.4s
step  2155000 | reward(last100)  0.2994 | sigma 0.0231 | elapsed 8104.7s
step  2160000 | reward(last100)  0.3205 | sigma 0.0231 | elapsed 8122.9s
step  2165000 | reward(last100)  0.3664 | sigma 0.0231 | elapsed 8140.0s
step  2170000 | reward(last100)  0.3695 | sigma 0.0231 | elapsed 8158.0s
step  2175000 | reward(last100)  0.3033 | sigma 0.0231 | elapsed 8176.5s
step  2180000 | reward(last100)  0.3398 | sigma 0.0231 | elapsed 8194.0s
step  2185000 | reward(last100)  0.3713 | sigma 0.0231 | elapsed 8211.1s
step  2190000 | reward(last100)  0.3262 | sigma 0.0231 | elapsed 8228.2s
step  2195000 | reward(last100)  0.3843 | sigma 0.0231 | elapsed 8245.2s
step  2200000 | reward(last100)  0.3877 | sigma 0.0231 | elapsed 8262.3s
step  2205000 | reward(last100)  0.3872 | sigma 0.0231 | elapsed 8279.7s
step  2210000 | reward(last100)  0.3715 | sigma 0.0231 | elapsed 8296.7s
step  2215000 | reward(last100)  0.2675 | sigma 0.0231 | elapsed 8314.7s
step  2220000 | reward(last100)  0.3519 | sigma 0.0231 | elapsed 8333.7s
step  2225000 | reward(last100)  0.3085 | sigma 0.0231 | elapsed 8352.6s
step  2230000 | reward(last100)  0.3781 | sigma 0.0231 | elapsed 8371.6s
step  2235000 | reward(last100)  0.3467 | sigma 0.0231 | elapsed 8390.5s
step  2240000 | reward(last100)  0.3658 | sigma 0.0231 | elapsed 8409.3s
step  2245000 | reward(last100)  0.3861 | sigma 0.0231 | elapsed 8427.3s
step  2250000 | reward(last100)  0.2602 | sigma 0.0231 | elapsed 8444.4s
step  2255000 | reward(last100)  0.3533 | sigma 0.0231 | elapsed 8461.8s
step  2260000 | reward(last100)  0.2540 | sigma 0.0231 | elapsed 8478.9s
step  2265000 | reward(last100)  0.3476 | sigma 0.0231 | elapsed 8496.0s
step  2270000 | reward(last100)  0.3397 | sigma 0.0231 | elapsed 8514.0s
step  2275000 | reward(last100)  0.3096 | sigma 0.0231 | elapsed 8531.6s
step  2280000 | reward(last100)  0.3293 | sigma 0.0231 | elapsed 8548.7s
step  2285000 | reward(last100)  0.3021 | sigma 0.0231 | elapsed 8566.4s
step  2290000 | reward(last100)  0.2914 | sigma 0.0231 | elapsed 8584.1s
step  2295000 | reward(last100)  0.2846 | sigma 0.0231 | elapsed 8601.2s
step  2300000 | reward(last100)  0.3476 | sigma 0.0231 | elapsed 8618.3s
step  2305000 | reward(last100)  0.2262 | sigma 0.0231 | elapsed 8635.9s
step  2310000 | reward(last100)  0.2429 | sigma 0.0231 | elapsed 8653.0s
step  2315000 | reward(last100)  0.2427 | sigma 0.0231 | elapsed 8671.7s
step  2320000 | reward(last100)  0.3857 | sigma 0.0231 | elapsed 8690.4s
step  2325000 | reward(last100)  0.3358 | sigma 0.0231 | elapsed 8709.1s
step  2330000 | reward(last100)  0.2830 | sigma 0.0231 | elapsed 8727.7s
step  2335000 | reward(last100)  0.3194 | sigma 0.0231 | elapsed 8746.3s
step  2340000 | reward(last100)  0.2479 | sigma 0.0231 | elapsed 8763.8s
step  2345000 | reward(last100)  0.2892 | sigma 0.0231 | elapsed 8780.9s
step  2350000 | reward(last100)  0.3041 | sigma 0.0231 | elapsed 8797.9s
step  2355000 | reward(last100)  0.3467 | sigma 0.0231 | elapsed 8815.5s
step  2360000 | reward(last100)  0.3258 | sigma 0.0231 | elapsed 8832.6s
step  2365000 | reward(last100)  0.2941 | sigma 0.0231 | elapsed 8849.7s
step  2370000 | reward(last100)  0.2850 | sigma 0.0231 | elapsed 8866.9s
step  2375000 | reward(last100)  0.3307 | sigma 0.0231 | elapsed 8884.1s
step  2380000 | reward(last100)  0.3495 | sigma 0.0231 | elapsed 8901.3s
step  2385000 | reward(last100)  0.3021 | sigma 0.0231 | elapsed 8918.4s
step  2390000 | reward(last100)  0.2541 | sigma 0.0231 | elapsed 8935.7s
step  2395000 | reward(last100)  0.3162 | sigma 0.0231 | elapsed 8955.1s
step  2400000 | reward(last100)  0.3176 | sigma 0.0231 | elapsed 8974.3s
step  2405000 | reward(last100)  0.2796 | sigma 0.0231 | elapsed 8991.6s
step  2410000 | reward(last100)  0.3542 | sigma 0.0231 | elapsed 9008.5s
step  2415000 | reward(last100)  0.3046 | sigma 0.0231 | elapsed 9025.4s
step  2420000 | reward(last100)  0.3289 | sigma 0.0231 | elapsed 9042.3s
step  2425000 | reward(last100)  0.3360 | sigma 0.0231 | elapsed 9059.1s
step  2430000 | reward(last100)  0.3052 | sigma 0.0231 | elapsed 9076.0s
step  2435000 | reward(last100)  0.3827 | sigma 0.0231 | elapsed 9093.4s
step  2440000 | reward(last100)  0.2601 | sigma 0.0231 | elapsed 9112.0s
step  2445000 | reward(last100)  0.3158 | sigma 0.0231 | elapsed 9131.1s
step  2450000 | reward(last100)  0.3096 | sigma 0.0231 | elapsed 9147.9s
step  2455000 | reward(last100)  0.3158 | sigma 0.0231 | elapsed 9165.0s
step  2460000 | reward(last100)  0.3604 | sigma 0.0231 | elapsed 9181.8s
step  2465000 | reward(last100)  0.2375 | sigma 0.0231 | elapsed 9198.5s
step  2470000 | reward(last100)  0.3030 | sigma 0.0231 | elapsed 9217.2s
step  2475000 | reward(last100)  0.2823 | sigma 0.0231 | elapsed 9240.2s
step  2480000 | reward(last100)  0.3078 | sigma 0.0231 | elapsed 9262.7s
step  2485000 | reward(last100)  0.3507 | sigma 0.0231 | elapsed 9283.3s
step  2490000 | reward(last100)  0.3547 | sigma 0.0231 | elapsed 9300.1s
step  2495000 | reward(last100)  0.3083 | sigma 0.0231 | elapsed 9316.9s
step  2500000 | reward(last100)  0.3675 | sigma 0.0231 | elapsed 9333.7s
step  2505000 | reward(last100)  0.3660 | sigma 0.0231 | elapsed 9357.0s
step  2510000 | reward(last100)  0.4078 | sigma 0.0231 | elapsed 9380.3s
step  2515000 | reward(last100)  0.2980 | sigma 0.0231 | elapsed 9402.9s
step  2520000 | reward(last100)  0.3278 | sigma 0.0231 | elapsed 9425.3s
step  2525000 | reward(last100)  0.2962 | sigma 0.0231 | elapsed 9448.3s
step  2530000 | reward(last100)  0.3043 | sigma 0.0231 | elapsed 9468.3s
step  2535000 | reward(last100)  0.3728 | sigma 0.0231 | elapsed 9489.6s
step  2540000 | reward(last100)  0.3562 | sigma 0.0231 | elapsed 9510.1s
step  2545000 | reward(last100)  0.2881 | sigma 0.0231 | elapsed 9529.9s
step  2550000 | reward(last100)  0.3124 | sigma 0.0231 | elapsed 9548.5s
step  2555000 | reward(last100)  0.2770 | sigma 0.0231 | elapsed 9565.6s
step  2560000 | reward(last100)  0.3223 | sigma 0.0231 | elapsed 9582.4s
step  2565000 | reward(last100)  0.2983 | sigma 0.0231 | elapsed 9599.2s
step  2570000 | reward(last100)  0.3961 | sigma 0.0231 | elapsed 9616.0s
step  2575000 | reward(last100)  0.2971 | sigma 0.0231 | elapsed 9632.7s
step  2580000 | reward(last100)  0.3879 | sigma 0.0231 | elapsed 9649.5s
step  2585000 | reward(last100)  0.4118 | sigma 0.0231 | elapsed 9666.3s
step  2590000 | reward(last100)  0.3238 | sigma 0.0231 | elapsed 9683.1s
step  2595000 | reward(last100)  0.3443 | sigma 0.0231 | elapsed 9699.8s
step  2600000 | reward(last100)  0.3766 | sigma 0.0231 | elapsed 9716.5s
step  2605000 | reward(last100)  0.2763 | sigma 0.0231 | elapsed 9733.6s
step  2610000 | reward(last100)  0.2918 | sigma 0.0230 | elapsed 9750.4s
step  2615000 | reward(last100)  0.3911 | sigma 0.0231 | elapsed 9767.1s
step  2620000 | reward(last100)  0.3282 | sigma 0.0231 | elapsed 9783.9s
step  2625000 | reward(last100)  0.3178 | sigma 0.0231 | elapsed 9800.7s
step  2630000 | reward(last100)  0.3497 | sigma 0.0231 | elapsed 9817.5s
step  2635000 | reward(last100)  0.3322 | sigma 0.0231 | elapsed 9834.3s
step  2640000 | reward(last100)  0.3025 | sigma 0.0231 | elapsed 9851.1s
step  2645000 | reward(last100)  0.3071 | sigma 0.0230 | elapsed 9867.9s
step  2650000 | reward(last100)  0.3191 | sigma 0.0230 | elapsed 9885.7s
step  2655000 | reward(last100)  0.4180 | sigma 0.0231 | elapsed 9902.8s
step  2660000 | reward(last100)  0.3135 | sigma 0.0230 | elapsed 9919.7s
step  2665000 | reward(last100)  0.2541 | sigma 0.0230 | elapsed 9936.5s
step  2670000 | reward(last100)  0.3174 | sigma 0.0230 | elapsed 9953.3s
step  2675000 | reward(last100)  0.2834 | sigma 0.0230 | elapsed 9970.1s
step  2680000 | reward(last100)  0.3253 | sigma 0.0230 | elapsed 9986.9s
step  2685000 | reward(last100)  0.3775 | sigma 0.0230 | elapsed 10003.8s
step  2690000 | reward(last100)  0.3187 | sigma 0.0230 | elapsed 10020.7s
step  2695000 | reward(last100)  0.4032 | sigma 0.0230 | elapsed 10037.6s
step  2700000 | reward(last100)  0.3668 | sigma 0.0230 | elapsed 10054.4s
step  2705000 | reward(last100)  0.2420 | sigma 0.0230 | elapsed 10073.3s
step  2710000 | reward(last100)  0.2399 | sigma 0.0230 | elapsed 10091.6s
step  2715000 | reward(last100)  0.3884 | sigma 0.0230 | elapsed 10109.3s
step  2720000 | reward(last100)  0.2172 | sigma 0.0230 | elapsed 10126.4s
step  2725000 | reward(last100)  0.3320 | sigma 0.0230 | elapsed 10143.5s
step  2730000 | reward(last100)  0.3845 | sigma 0.0230 | elapsed 10160.7s
step  2735000 | reward(last100)  0.2861 | sigma 0.0230 | elapsed 10177.6s
step  2740000 | reward(last100)  0.2759 | sigma 0.0230 | elapsed 10194.5s
step  2745000 | reward(last100)  0.3326 | sigma 0.0230 | elapsed 10212.3s
step  2750000 | reward(last100)  0.3397 | sigma 0.0230 | elapsed 10230.9s
step  2755000 | reward(last100)  0.3908 | sigma 0.0230 | elapsed 10249.0s
step  2760000 | reward(last100)  0.3349 | sigma 0.0230 | elapsed 10265.8s
step  2765000 | reward(last100)  0.2488 | sigma 0.0230 | elapsed 10282.6s
step  2770000 | reward(last100)  0.3586 | sigma 0.0230 | elapsed 10299.4s
step  2775000 | reward(last100)  0.2974 | sigma 0.0230 | elapsed 10316.2s
step  2780000 | reward(last100)  0.3231 | sigma 0.0230 | elapsed 10333.0s
step  2785000 | reward(last100)  0.2777 | sigma 0.0230 | elapsed 10349.8s
step  2790000 | reward(last100)  0.3623 | sigma 0.0230 | elapsed 10366.6s
step  2795000 | reward(last100)  0.2652 | sigma 0.0230 | elapsed 10383.3s
step  2800000 | reward(last100)  0.3427 | sigma 0.0230 | elapsed 10400.1s
step  2805000 | reward(last100)  0.2994 | sigma 0.0230 | elapsed 10417.3s
step  2810000 | reward(last100)  0.2669 | sigma 0.0230 | elapsed 10434.9s
step  2815000 | reward(last100)  0.2895 | sigma 0.0230 | elapsed 10453.3s
step  2820000 | reward(last100)  0.3112 | sigma 0.0230 | elapsed 10471.4s
step  2825000 | reward(last100)  0.3158 | sigma 0.0230 | elapsed 10491.3s
step  2830000 | reward(last100)  0.2909 | sigma 0.0230 | elapsed 10513.3s
step  2835000 | reward(last100)  0.2543 | sigma 0.0230 | elapsed 10535.7s
step  2840000 | reward(last100)  0.2633 | sigma 0.0230 | elapsed 10558.1s
step  2845000 | reward(last100)  0.3032 | sigma 0.0230 | elapsed 10580.6s
step  2850000 | reward(last100)  0.3749 | sigma 0.0230 | elapsed 10603.1s
step  2855000 | reward(last100)  0.3572 | sigma 0.0230 | elapsed 10622.4s
step  2860000 | reward(last100)  0.2570 | sigma 0.0230 | elapsed 10641.1s
step  2865000 | reward(last100)  0.3110 | sigma 0.0230 | elapsed 10659.6s
step  2870000 | reward(last100)  0.3511 | sigma 0.0230 | elapsed 10678.3s
step  2875000 | reward(last100)  0.2925 | sigma 0.0230 | elapsed 10696.9s
step  2880000 | reward(last100)  0.2616 | sigma 0.0230 | elapsed 10715.6s
step  2885000 | reward(last100)  0.2435 | sigma 0.0231 | elapsed 10734.2s
step  2890000 | reward(last100)  0.1912 | sigma 0.0231 | elapsed 10752.8s
step  2895000 | reward(last100)  0.3151 | sigma 0.0230 | elapsed 10771.4s
step  2900000 | reward(last100)  0.2936 | sigma 0.0230 | elapsed 10790.0s
step  2905000 | reward(last100)  0.4068 | sigma 0.0230 | elapsed 10809.0s
step  2910000 | reward(last100)  0.3118 | sigma 0.0230 | elapsed 10827.5s
step  2915000 | reward(last100)  0.3631 | sigma 0.0231 | elapsed 10846.0s
step  2920000 | reward(last100)  0.3162 | sigma 0.0230 | elapsed 10864.6s
step  2925000 | reward(last100)  0.2732 | sigma 0.0231 | elapsed 10883.1s
step  2930000 | reward(last100)  0.3137 | sigma 0.0230 | elapsed 10901.7s
step  2935000 | reward(last100)  0.2759 | sigma 0.0230 | elapsed 10920.3s
step  2940000 | reward(last100)  0.3071 | sigma 0.0230 | elapsed 10938.7s
step  2945000 | reward(last100)  0.3745 | sigma 0.0231 | elapsed 10957.2s
step  2950000 | reward(last100)  0.2703 | sigma 0.0231 | elapsed 10975.2s
step  2955000 | reward(last100)  0.3205 | sigma 0.0230 | elapsed 10992.1s
step  2960000 | reward(last100)  0.3925 | sigma 0.0230 | elapsed 11008.7s
step  2965000 | reward(last100)  0.3134 | sigma 0.0230 | elapsed 11025.2s
step  2970000 | reward(last100)  0.2854 | sigma 0.0230 | elapsed 11041.7s
step  2975000 | reward(last100)  0.3143 | sigma 0.0230 | elapsed 11058.2s
step  2980000 | reward(last100)  0.3026 | sigma 0.0230 | elapsed 11074.7s
step  2985000 | reward(last100)  0.4007 | sigma 0.0230 | elapsed 11091.2s
step  2990000 | reward(last100)  0.3389 | sigma 0.0230 | elapsed 11107.7s
step  2995000 | reward(last100)  0.3020 | sigma 0.0230 | elapsed 11124.2s
step  3000000 | reward(last100)  0.3094 | sigma 0.0230 | elapsed 11140.7s
