step     5000 | reward(last100)  0.0000 | sigma 0.0309 | elapsed    4.2s
step    10000 | reward(last100)  0.0000 | sigma 0.0309 | elapsed    8.7s
step    15000 | reward(last100)  0.0000 | sigma 0.0302 | elapsed   27.8s
step    20000 | reward(last100)  0.0244 | sigma 0.0290 | elapsed   50.6s
step    25000 | reward(last100)  0.0414 | sigma 0.0278 | elapsed   72.1s
step    30000 | reward(last100)  0.0104 | sigma 0.0269 | elapsed   92.7s
step    35000 | reward(last100)  0.0585 | sigma 0.0262 | elapsed  113.5s
step    40000 | reward(last100)  0.0545 | sigma 0.0259 | elapsed  131.1s
step    45000 | reward(last100)  0.0524 | sigma 0.0257 | elapsed  149.2s
step    50000 | reward(last100)  0.1010 | sigma 0.0256 | elapsed  169.1s
step    55000 | reward(last100)  0.1166 | sigma 0.0256 | elapsed  181.8s
step    60000 | reward(last100)  0.1566 | sigma 0.0255 | elapsed  193.2s
step    65000 | reward(last100)  0.1989 | sigma 0.0255 | elapsed  204.6s
step    70000 | reward(last100)  0.3497 | sigma 0.0254 | elapsed  216.5s
step    75000 | reward(last100)  0.5191 | sigma 0.0254 | elapsed  229.5s
step    80000 | reward(last100)  0.6915 | sigma 0.0252 | elapsed  242.6s
step    85000 | reward(last100)  0.3120 | sigma 0.0251 | elapsed  255.6s
step    90000 | reward(last100)  0.3981 | sigma 0.0248 | elapsed  268.7s
step    95000 | reward(last100)  0.0537 | sigma 0.0246 | elapsed  281.8s
step   100000 | reward(last100)  0.0071 | sigma 0.0244 | elapsed  294.8s
step   105000 | reward(last100)  0.0000 | sigma 0.0243 | elapsed  306.5s
step   110000 | reward(last100)  0.0000 | sigma 0.0243 | elapsed  317.9s
step   115000 | reward(last100)  0.0000 | sigma 0.0242 | elapsed  329.6s
step   120000 | reward(last100)  0.0137 | sigma 0.0242 | elapsed  341.4s
step   125000 | reward(last100)  0.0950 | sigma 0.0241 | elapsed  353.8s
step   130000 | reward(last100)  0.1134 | sigma 0.0241 | elapsed  366.0s
step   135000 | reward(last100)  0.1762 | sigma 0.0241 | elapsed  377.4s
step   140000 | reward(last100)  0.2210 | sigma 0.0241 | elapsed  388.7s
step   145000 | reward(last100)  0.3684 | sigma 0.0241 | elapsed  400.4s
step   150000 | reward(last100)  0.4214 | sigma 0.0241 | elapsed  412.0s
step   155000 | reward(last100)  0.5221 | sigma 0.0241 | elapsed  425.7s
step   160000 | reward(last100)  0.5496 | sigma 0.0241 | elapsed  439.0s
step   165000 | reward(last100)  0.5614 | sigma 0.0241 | elapsed  451.1s
step   170000 | reward(last100)  0.7175 | sigma 0.0241 | elapsed  463.1s
step   175000 | reward(last100)  0.3176 | sigma 0.0240 | elapsed  476.5s
step   180000 | reward(last100)  0.2948 | sigma 0.0240 | elapsed  489.5s
step   185000 | reward(last100)  0.1099 | sigma 0.0240 | elapsed  501.8s
step   190000 | reward(last100)  0.1385 | sigma 0.0239 | elapsed  513.9s
step   195000 | reward(last100)  0.1797 | sigma 0.0239 | elapsed  525.9s
step   200000 | reward(last100)  0.3233 | sigma 0.0239 | elapsed  539.4s
step   205000 | reward(last100)  0.4666 | sigma 0.0239 | elapsed  552.0s
step   210000 | reward(last100)  0.5409 | sigma 0.0239 | elapsed  563.8s
step   215000 | reward(last100)  0.5718 | sigma 0.0239 | elapsed  576.2s
step   220000 | reward(last100)  0.5146 | sigma 0.0239 | elapsed  588.4s
step   225000 | reward(last100)  0.5802 | sigma 0.0239 | elapsed  601.5s
step   230000 | reward(last100)  0.5695 | sigma 0.0239 | elapsed  617.0s
step   235000 | reward(last100)  0.6082 | sigma 0.0239 | elapsed  629.7s
step   240000 | reward(last100)  0.6235 | sigma 0.0238 | elapsed  642.5s
step   245000 | reward(last100)  0.5292 | sigma 0.0239 | elapsed  655.1s
step   250000 | reward(last100)  0.6630 | sigma 0.0239 | elapsed  667.9s
step   255000 | reward(last100)  0.4977 | sigma 0.0238 | elapsed  680.8s
step   260000 | reward(last100)  0.5503 | sigma 0.0238 | elapsed  693.3s
step   265000 | reward(last100)  0.5562 | sigma 0.0238 | elapsed  705.8s
step   270000 | reward(last100)  0.6094 | sigma 0.0238 | elapsed  721.5s
step   275000 | reward(last100)  0.6948 | sigma 0.0238 | elapsed  738.9s
step   280000 | reward(last100)  0.4032 | sigma 0.0238 | elapsed  756.4s
step   285000 | reward(last100)  0.5191 | sigma 0.0238 | elapsed  773.9s
step   290000 | reward(last100)  0.4716 | sigma 0.0238 | elapsed  791.7s
step   295000 | reward(last100)  0.5793 | sigma 0.0238 | elapsed  809.9s
step   300000 | reward(last100)  0.5746 | sigma 0.0237 | elapsed  828.3s
step   305000 | reward(last100)  0.5964 | sigma 0.0237 | elapsed  843.3s
step   310000 | reward(last100)  0.5058 | sigma 0.0237 | elapsed  857.4s
step   315000 | reward(last100)  0.5811 | sigma 0.0237 | elapsed  873.1s
step   320000 | reward(last100)  0.5916 | sigma 0.0237 | elapsed  887.1s
step   325000 | reward(last100)  0.5633 | sigma 0.0237 | elapsed  901.8s
step   330000 | reward(last100)  0.6917 | sigma 0.0237 | elapsed  918.7s
step   335000 | reward(last100)  0.6413 | sigma 0.0237 | elapsed  936.4s
step   340000 | reward(last100)  0.5883 | sigma 0.0237 | elapsed  952.3s
step   345000 | reward(last100)  0.4816 | sigma 0.0237 | elapsed  966.3s
step   350000 | reward(last100)  0.6006 | sigma 0.0237 | elapsed  981.3s
step   355000 | reward(last100)  0.5869 | sigma 0.0237 | elapsed  995.8s
step   360000 | reward(last100)  0.6058 | sigma 0.0237 | elapsed 1010.2s
step   365000 | reward(last100)  0.5469 | sigma 0.0237 | elapsed 1026.9s
step   370000 | reward(last100)  0.5732 | sigma 0.0237 | elapsed 1043.3s
step   375000 | reward(last100)  0.5208 | sigma 0.0237 | elapsed 1058.0s
step   380000 | reward(last100)  0.5795 | sigma 0.0237 | elapsed 1071.8s
step   385000 | reward(last100)  0.5747 | sigma 0.0237 | elapsed 1086.3s
step   390000 | reward(last100)  0.5848 | sigma 0.0237 | elapsed 1104.1s
step   395000 | reward(last100)  0.5826 | sigma 0.0237 | elapsed 1120.9s
step   400000 | reward(last100)  0.6126 | sigma 0.0237 | elapsed 1140.5s
step   405000 | reward(last100)  0.5448 | sigma 0.0237 | elapsed 1156.6s
step   410000 | reward(last100)  0.4577 | sigma 0.0237 | elapsed 1172.8s
step   415000 | reward(last100)  0.6131 | sigma 0.0237 | elapsed 1188.0s
step   420000 | reward(last100)  0.6115 | sigma 0.0237 | elapsed 1202.2s
step   425000 | reward(last100)  0.6139 | sigma 0.0237 | elapsed 1221.5s
step   430000 | reward(last100)  0.5161 | sigma 0.0237 | elapsed 1241.3s
step   435000 | reward(last100)  0.5396 | sigma 0.0237 | elapsed 1261.2s
step   440000 | reward(last100)  0.5181 | sigma 0.0237 | elapsed 1281.1s
step   445000 | reward(last100)  0.5032 | sigma 0.0237 | elapsed 1301.1s
step   450000 | reward(last100)  0.5229 | sigma 0.0237 | elapsed 1321.3s
step   455000 | reward(last100)  0.4839 | sigma 0.0237 | elapsed 1336.8s
step   460000 | reward(last100)  0.5240 | sigma 0.0237 | elapsed 1355.7s
step   465000 | reward(last100)  0.5128 | sigma 0.0237 | elapsed 1374.5s
step   470000 | reward(last100)  0.3530 | sigma 0.0237 | elapsed 1393.4s
step   475000 | reward(last100)  0.4144 | sigma 0.0237 | elapsed 1412.2s
step   480000 | reward(last100)  0.5538 | sigma 0.0237 | elapsed 1431.1s
step   485000 | reward(last100)  0.4940 | sigma 0.0237 | elapsed 1450.2s
step   490000 | reward(last100)  0.5761 | sigma 0.0237 | elapsed 1465.4s
step   495000 | reward(last100)  0.5856 | sigma 0.0237 | elapsed 1480.2s
step   500000 | reward(last100)  0.5631 | sigma 0.0237 | elapsed 1495.1s
step   505000 | reward(last100)  0.5233 | sigma 0.0237 | elapsed 1511.6s
step   510000 | reward(last100)  0.6823 | sigma 0.0237 | elapsed 1527.2s
step   515000 | reward(last100)  0.4731 | sigma 0.0237 | elapsed 1542.0s
step   520000 | reward(last100)  0.5569 | sigma 0.0237 | elapsed 1556.9s
step   525000 | reward(last100)  0.5573 | sigma 0.0237 | elapsed 1573.3s
step   530000 | reward(last100)  0.5514 | sigma 0.0237 | elapsed 1590.3s
step   535000 | reward(last100)  0.5885 | sigma 0.0237 | elapsed 1607.0s
step   540000 | reward(last100)  0.4898 | sigma 0.0237 | elapsed 1624.9s
step   545000 | reward(last100)  0.4739 | sigma 0.0237 | elapsed 1645.0s
step   550000 | reward(last100)  0.5782 | sigma 0.0237 | elapsed 1665.1s
step   555000 | reward(last100)  0.5762 | sigma 0.0237 | elapsed 1682.8s
step   560000 | reward(last100)  0.5952 | sigma 0.0237 | elapsed 1701.0s
step   565000 | reward(last100)  0.5716 | sigma 0.0237 | elapsed 1720.3s
step   570000 | reward(last100)  0.5794 | sigma 0.0237 | elapsed 1740.3s
step   575000 | reward(last100)  0.5864 | sigma 0.0237 | elapsed 1760.3s
step   580000 | reward(last100)  0.5614 | sigma 0.0237 | elapsed 1777.3s
step   585000 | reward(last100)  0.6241 | sigma 0.0237 | elapsed 1794.4s
step   590000 | reward(last100)  0.5574 | sigma 0.0237 | elapsed 1811.4s
step   595000 | reward(last100)  0.5500 | sigma 0.0237 | elapsed 1827.8s
step   600000 | reward(last100)  0.5927 | sigma 0.0237 | elapsed 1844.6s
step   605000 | reward(last100)  0.5902 | sigma 0.0238 | elapsed 1860.1s
step   610000 | reward(last100)  0.6314 | sigma 0.0238 | elapsed 1875.4s
step   615000 | reward(last100)  0.5176 | sigma 0.0238 | elapsed 1891.7s
step   620000 | reward(last100)  0.6214 | sigma 0.0238 | elapsed 1908.1s
step   625000 | reward(last100)  0.6155 | sigma 0.0237 | elapsed 1924.6s
step   630000 | reward(last100)  0.6313 | sigma 0.0238 | elapsed 1941.1s
step   635000 | reward(last100)  0.5694 | sigma 0.0237 | elapsed 1957.4s
step   640000 | reward(last100)  0.5788 | sigma 0.0237 | elapsed 1973.9s
step   645000 | reward(last100)  0.6160 | sigma 0.0237 | elapsed 1991.1s
step   650000 | reward(last100)  0.6782 | sigma 0.0237 | elapsed 2008.0s
step   655000 | reward(last100)  0.6171 | sigma 0.0237 | elapsed 2028.4s
step   660000 | reward(last100)  0.6299 | sigma 0.0237 | elapsed 2048.3s
step   665000 | reward(last100)  0.6323 | sigma 0.0237 | elapsed 2066.0s
step   670000 | reward(last100)  0.5776 | sigma 0.0237 | elapsed 2081.4s
step   675000 | reward(last100)  0.5646 | sigma 0.0237 | elapsed 2100.8s
step   680000 | reward(last100)  0.6467 | sigma 0.0237 | elapsed 2121.4s
step   685000 | reward(last100)  0.6508 | sigma 0.0237 | elapsed 2139.2s
step   690000 | reward(last100)  0.6074 | sigma 0.0237 | elapsed 2155.1s
step   695000 | reward(last100)  0.6131 | sigma 0.0237 | elapsed 2170.6s
step   700000 | reward(last100)  0.6099 | sigma 0.0237 | elapsed 2189.5s
step   705000 | reward(last100)  0.6035 | sigma 0.0237 | elapsed 2205.8s
step   710000 | reward(last100)  0.5722 | sigma 0.0237 | elapsed 2221.9s
step   715000 | reward(last100)  0.6260 | sigma 0.0237 | elapsed 2238.1s
step   720000 | reward(last100)  0.5840 | sigma 0.0237 | elapsed 2254.4s
step   725000 | reward(last100)  0.6114 | sigma 0.0237 | elapsed 2269.9s
step   730000 | reward(last100)  0.6340 | sigma 0.0237 | elapsed 2285.4s
step   735000 | reward(last100)  0.6322 | sigma 0.0237 | elapsed 2301.3s
step   740000 | reward(last100)  0.6144 | sigma 0.0237 | elapsed 2317.9s
step   745000 | reward(last100)  0.6254 | sigma 0.0237 | elapsed 2334.4s
step   750000 | reward(last100)  0.5465 | sigma 0.0237 | elapsed 2350.0s
step   755000 | reward(last100)  0.5892 | sigma 0.0237 | elapsed 2366.1s
step   760000 | reward(last100)  0.6485 | sigma 0.0238 | elapsed 2381.6s
step   765000 | reward(last100)  0.6046 | sigma 0.0237 | elapsed 2397.0s
step   770000 | reward(last100)  0.6352 | sigma 0.0237 | elapsed 2413.6s
step   775000 | reward(last100)  0.6037 | sigma 0.0237 | elapsed 2430.8s
step   780000 | reward(last100)  0.5796 | sigma 0.0238 | elapsed 2448.0s
step   785000 | reward(last100)  0.5544 | sigma 0.0238 | elapsed 2465.2s
step   790000 | reward(last100)  0.6524 | sigma 0.0238 | elapsed 2482.4s
step   795000 | reward(last100)  0.6395 | sigma 0.0237 | elapsed 2499.5s
step   800000 | reward(last100)  0.6256 | sigma 0.0237 | elapsed 2516.4s
step   805000 | reward(last100)  0.6059 | sigma 0.0237 | elapsed 2532.2s
step   810000 | reward(last100)  0.6012 | sigma 0.0237 | elapsed 2547.6s
step   815000 | reward(last100)  0.6484 | sigma 0.0237 | elapsed 2563.1s
step   820000 | reward(last100)  0.5364 | sigma 0.0237 | elapsed 2578.6s
step   825000 | reward(last100)  0.6348 | sigma 0.0237 | elapsed 2594.2s
step   830000 | reward(last100)  0.6784 | sigma 0.0237 | elapsed 2610.3s
step   835000 | reward(last100)  0.5341 | sigma 0.0237 | elapsed 2627.6s
step   840000 | reward(last100)  0.5921 | sigma 0.0237 | elapsed 2645.0s
step   845000 | reward(last100)  0.5171 | sigma 0.0237 | elapsed 2662.2s
step   850000 | reward(last100)  0.5861 | sigma 0.0237 | elapsed 2678.2s
step   855000 | reward(last100)  0.5933 | sigma 0.0237 | elapsed 2694.0s
step   860000 | reward(last100)  0.5771 | sigma 0.0238 | elapsed 2709.5s
step   865000 | reward(last100)  0.5120 | sigma 0.0237 | elapsed 2725.0s
step   870000 | reward(last100)  0.6699 | sigma 0.0237 | elapsed 2740.6s
step   875000 | reward(last100)  0.5966 | sigma 0.0237 | elapsed 2756.0s
step   880000 | reward(last100)  0.5835 | sigma 0.0237 | elapsed 2771.6s
step   885000 | reward(last100)  0.6423 | sigma 0.0237 | elapsed 2787.3s
step   890000 | reward(last100)  0.6008 | sigma 0.0237 | elapsed 2803.0s
step   895000 | reward(last100)  0.5775 | sigma 0.0237 | elapsed 2818.6s
step   900000 | reward(last100)  0.5862 | sigma 0.0237 | elapsed 2834.3s
step   905000 | reward(last100)  0.5996 | sigma 0.0237 | elapsed 2850.3s
step   910000 | reward(last100)  0.6112 | sigma 0.0237 | elapsed 2865.9s
step   915000 | reward(last100)  0.6320 | sigma 0.0237 | elapsed 2881.4s
step   920000 | reward(last100)  0.6209 | sigma 0.0237 | elapsed 2897.0s
step   925000 | reward(last100)  0.5623 | sigma 0.0237 | elapsed 2912.7s
step   930000 | reward(last100)  0.6327 | sigma 0.0237 | elapsed 2928.3s
step   935000 | reward(last100)  0.5481 | sigma 0.0237 | elapsed 2943.9s
step   940000 | reward(last100)  0.5993 | sigma 0.0237 | elapsed 2959.6s
step   945000 | reward(last100)  0.6268 | sigma 0.0237 | elapsed 2975.4s
step   950000 | reward(last100)  0.6004 | sigma 0.0237 | elapsed 2991.1s
step   955000 | reward(last100)  0.6220 | sigma 0.0237 | elapsed 3007.1s
step   960000 | reward(last100)  0.6842 | sigma 0.0237 | elapsed 3022.8s
step   965000 | reward(last100)  0.6675 | sigma 0.0237 | elapsed 3038.5s
step   970000 | reward(last100)  0.5006 | sigma 0.0237 | elapsed 3055.4s
step   975000 | reward(last100)  0.6340 | sigma 0.0237 | elapsed 3072.3s
step   980000 | reward(last100)  0.5949 | sigma 0.0237 | elapsed 3089.2s
step   985000 | reward(last100)  0.6318 | sigma 0.0237 | elapsed 3106.2s
step   990000 | reward(last100)  0.6041 | sigma 0.0237 | elapsed 3123.1s
step   995000 | reward(last100)  0.6708 | sigma 0.0237 | elapsed 3140.6s
step  1000000 | reward(last100)  0.5821 | sigma 0.0237 | elapsed 3158.4s
step  1005000 | reward(last100)  0.6404 | sigma 0.0237 | elapsed 3177.6s
step  1010000 | reward(last100)  0.5748 | sigma 0.0237 | elapsed 3196.3s
step  1015000 | reward(last100)  0.6579 | sigma 0.0237 | elapsed 3215.1s
step  1020000 | reward(last100)  0.6577 | sigma 0.0237 | elapsed 3233.8s
step  1025000 | reward(last100)  0.5944 | sigma 0.0237 | elapsed 3251.9s
step  1030000 | reward(last100)  0.6756 | sigma 0.0237 | elapsed 3269.1s
step  1035000 | reward(last100)  0.6081 | sigma 0.0237 | elapsed 3288.6s
step  1040000 | reward(last100)  0.5786 | sigma 0.0237 | elapsed 3310.3s
step  1045000 | reward(last100)  0.5973 | sigma 0.0237 | elapsed 3332.8s
step  1050000 | reward(last100)  0.6508 | sigma 0.0237 | elapsed 3356.2s
step  1055000 | reward(last100)  0.6559 | sigma 0.0237 | elapsed 3373.6s
step  1060000 | reward(last100)  0.5623 | sigma 0.0237 | elapsed 3390.5s
step  1065000 | reward(last100)  0.6206 | sigma 0.0237 | elapsed 3406.7s
step  1070000 | reward(last100)  0.6373 | sigma 0.0237 | elapsed 3423.9s
step  1075000 | reward(last100)  0.5905 | sigma 0.0237 | elapsed 3444.8s
step  1080000 | reward(last100)  0.5486 | sigma 0.0237 | elapsed 3465.7s
step  1085000 | reward(last100)  0.5658 | sigma 0.0237 | elapsed 3487.2s
step  1090000 | reward(last100)  0.6022 | sigma 0.0237 | elapsed 3508.3s
step  1095000 | reward(last100)  0.5229 | sigma 0.0237 | elapsed 3529.3s
step  1100000 | reward(last100)  0.6122 | sigma 0.0237 | elapsed 3547.3s
step  1105000 | reward(last100)  0.5986 | sigma 0.0237 | elapsed 3568.0s
step  1110000 | reward(last100)  0.5053 | sigma 0.0237 | elapsed 3588.5s
step  1115000 | reward(last100)  0.6175 | sigma 0.0237 | elapsed 3609.6s
step  1120000 | reward(last100)  0.6391 | sigma 0.0237 | elapsed 3630.9s
step  1125000 | reward(last100)  0.5264 | sigma 0.0238 | elapsed 3649.9s
step  1130000 | reward(last100)  0.6048 | sigma 0.0238 | elapsed 3667.6s
step  1135000 | reward(last100)  0.6061 | sigma 0.0238 | elapsed 3689.3s
step  1140000 | reward(last100)  0.6324 | sigma 0.0238 | elapsed 3710.7s
step  1145000 | reward(last100)  0.6127 | sigma 0.0238 | elapsed 3728.7s
step  1150000 | reward(last100)  0.6502 | sigma 0.0238 | elapsed 3746.0s
step  1155000 | reward(last100)  0.6234 | sigma 0.0238 | elapsed 3767.4s
step  1160000 | reward(last100)  0.6509 | sigma 0.0238 | elapsed 3785.7s
step  1165000 | reward(last100)  0.6178 | sigma 0.0238 | elapsed 3804.0s
step  1170000 | reward(last100)  0.6298 | sigma 0.0237 | elapsed 3822.5s
step  1175000 | reward(last100)  0.5966 | sigma 0.0237 | elapsed 3847.1s
step  1180000 | reward(last100)  0.6596 | sigma 0.0238 | elapsed 3871.9s
step  1185000 | reward(last100)  0.6286 | sigma 0.0237 | elapsed 3895.6s
step  1190000 | reward(last100)  0.6439 | sigma 0.0238 | elapsed 3916.8s
step  1195000 | reward(last100)  0.6349 | sigma 0.0237 | elapsed 3934.8s
step  1200000 | reward(last100)  0.6655 | sigma 0.0237 | elapsed 3954.5s
step  1205000 | reward(last100)  0.6743 | sigma 0.0238 | elapsed 3972.0s
step  1210000 | reward(last100)  0.7200 | sigma 0.0238 | elapsed 3989.2s
step  1215000 | reward(last100)  0.7447 | sigma 0.0238 | elapsed 4006.3s
step  1220000 | reward(last100)  0.6609 | sigma 0.0237 | elapsed 4022.3s
step  1225000 | reward(last100)  0.7127 | sigma 0.0237 | elapsed 4038.4s
step  1230000 | reward(last100)  0.6472 | sigma 0.0237 | elapsed 4054.4s
step  1235000 | reward(last100)  0.6907 | sigma 0.0237 | elapsed 4070.4s
step  1240000 | reward(last100)  0.7627 | sigma 0.0237 | elapsed 4087.1s
step  1245000 | reward(last100)  0.7368 | sigma 0.0237 | elapsed 4103.1s
step  1250000 | reward(last100)  0.7183 | sigma 0.0237 | elapsed 4119.5s
step  1255000 | reward(last100)  0.6731 | sigma 0.0237 | elapsed 4139.6s
step  1260000 | reward(last100)  0.7547 | sigma 0.0237 | elapsed 4158.4s
step  1265000 | reward(last100)  0.6489 | sigma 0.0237 | elapsed 4177.8s
step  1270000 | reward(last100)  0.6583 | sigma 0.0237 | elapsed 4195.5s
step  1275000 | reward(last100)  0.7174 | sigma 0.0237 | elapsed 4212.7s
step  1280000 | reward(last100)  0.7233 | sigma 0.0237 | elapsed 4229.8s
step  1285000 | reward(last100)  0.6695 | sigma 0.0237 | elapsed 4246.8s
step  1290000 | reward(last100)  0.7419 | sigma 0.0237 | elapsed 4267.1s
step  1295000 | reward(last100)  0.6721 | sigma 0.0237 | elapsed 4287.6s
step  1300000 | reward(last100)  0.7525 | sigma 0.0237 | elapsed 4304.2s
step  1305000 | reward(last100)  0.7431 | sigma 0.0237 | elapsed 4320.5s
step  1310000 | reward(last100)  0.6197 | sigma 0.0237 | elapsed 4339.6s
step  1315000 | reward(last100)  0.6850 | sigma 0.0237 | elapsed 4359.8s
step  1320000 | reward(last100)  0.6677 | sigma 0.0237 | elapsed 4380.0s
step  1325000 | reward(last100)  0.6965 | sigma 0.0237 | elapsed 4401.1s
step  1330000 | reward(last100)  0.7195 | sigma 0.0237 | elapsed 4422.9s
step  1335000 | reward(last100)  0.7914 | sigma 0.0237 | elapsed 4444.7s
step  1340000 | reward(last100)  0.6992 | sigma 0.0237 | elapsed 4466.4s
step  1345000 | reward(last100)  0.7138 | sigma 0.0237 | elapsed 4486.1s
step  1350000 | reward(last100)  0.6916 | sigma 0.0237 | elapsed 4506.4s
step  1355000 | reward(last100)  0.6875 | sigma 0.0237 | elapsed 4524.3s
step  1360000 | reward(last100)  0.6849 | sigma 0.0237 | elapsed 4541.6s
step  1365000 | reward(last100)  0.7308 | sigma 0.0237 | elapsed 4558.9s
step  1370000 | reward(last100)  0.6917 | sigma 0.0237 | elapsed 4576.4s
step  1375000 | reward(last100)  0.7042 | sigma 0.0237 | elapsed 4593.9s
step  1380000 | reward(last100)  0.7199 | sigma 0.0237 | elapsed 4611.4s
step  1385000 | reward(last100)  0.7360 | sigma 0.0237 | elapsed 4627.8s
step  1390000 | reward(last100)  0.6807 | sigma 0.0237 | elapsed 4643.7s
step  1395000 | reward(last100)  0.6755 | sigma 0.0237 | elapsed 4659.7s
step  1400000 | reward(last100)  0.6518 | sigma 0.0237 | elapsed 4675.7s
step  1405000 | reward(last100)  0.7399 | sigma 0.0237 | elapsed 4693.1s
step  1410000 | reward(last100)  0.7162 | sigma 0.0237 | elapsed 4709.0s
step  1415000 | reward(last100)  0.7087 | sigma 0.0237 | elapsed 4727.7s
step  1420000 | reward(last100)  0.7306 | sigma 0.0237 | elapsed 4747.8s
step  1425000 | reward(last100)  0.7081 | sigma 0.0237 | elapsed 4768.0s
step  1430000 | reward(last100)  0.7024 | sigma 0.0237 | elapsed 4788.1s
step  1435000 | reward(last100)  0.7129 | sigma 0.0237 | elapsed 4808.8s
step  1440000 | reward(last100)  0.7019 | sigma 0.0237 | elapsed 4825.0s
step  1445000 | reward(last100)  0.7446 | sigma 0.0237 | elapsed 4841.8s
step  1450000 | reward(last100)  0.6928 | sigma 0.0237 | elapsed 4857.7s
step  1455000 | reward(last100)  0.7527 | sigma 0.0237 | elapsed 4874.0s
step  1460000 | reward(last100)  0.6523 | sigma 0.0237 | elapsed 4890.0s
step  1465000 | reward(last100)  0.7112 | sigma 0.0237 | elapsed 4906.0s
step  1470000 | reward(last100)  0.6647 | sigma 0.0237 | elapsed 4922.7s
step  1475000 | reward(last100)  0.7392 | sigma 0.0237 | elapsed 4939.6s
step  1480000 | reward(last100)  0.6940 | sigma 0.0237 | elapsed 4956.9s
step  1485000 | reward(last100)  0.7064 | sigma 0.0237 | elapsed 4973.7s
step  1490000 | reward(last100)  0.7037 | sigma 0.0237 | elapsed 4989.5s
step  1495000 | reward(last100)  0.7151 | sigma 0.0237 | elapsed 5006.3s
step  1500000 | reward(last100)  0.7539 | sigma 0.0237 | elapsed 5023.3s
step  1505000 | reward(last100)  0.7267 | sigma 0.0237 | elapsed 5041.5s
step  1510000 | reward(last100)  0.7085 | sigma 0.0237 | elapsed 5059.5s
step  1515000 | reward(last100)  0.7171 | sigma 0.0237 | elapsed 5077.6s
step  1520000 | reward(last100)  0.7238 | sigma 0.0237 | elapsed 5095.7s
step  1525000 | reward(last100)  0.7134 | sigma 0.0237 | elapsed 5113.8s
step  1530000 | reward(last100)  0.6928 | sigma 0.0237 | elapsed 5131.9s
step  1535000 | reward(last100)  0.7107 | sigma 0.0237 | elapsed 5153.3s
step  1540000 | reward(last100)  0.6761 | sigma 0.0237 | elapsed 5175.6s
step  1545000 | reward(last100)  0.7298 | sigma 0.0237 | elapsed 5197.9s
step  1550000 | reward(last100)  0.7458 | sigma 0.0237 | elapsed 5220.1s
step  1555000 | reward(last100)  0.7082 | sigma 0.0237 | elapsed 5240.9s
step  1560000 | reward(last100)  0.7336 | sigma 0.0237 | elapsed 5256.8s
step  1565000 | reward(last100)  0.7718 | sigma 0.0237 | elapsed 5272.8s
step  1570000 | reward(last100)  0.7075 | sigma 0.0237 | elapsed 5288.8s
step  1575000 | reward(last100)  0.7298 | sigma 0.0237 | elapsed 5304.8s
step  1580000 | reward(last100)  0.7223 | sigma 0.0237 | elapsed 5320.8s
step  1585000 | reward(last100)  0.6493 | sigma 0.0237 | elapsed 5336.8s
step  1590000 | reward(last100)  0.7371 | sigma 0.0237 | elapsed 5352.8s
step  1595000 | reward(last100)  0.6761 | sigma 0.0237 | elapsed 5368.9s
step  1600000 | reward(last100)  0.7338 | sigma 0.0237 | elapsed 5384.9s
step  1605000 | reward(last100)  0.7437 | sigma 0.0237 | elapsed 5401.3s
step  1610000 | reward(last100)  0.7596 | sigma 0.0237 | elapsed 5417.7s
step  1615000 | reward(last100)  0.7360 | sigma 0.0237 | elapsed 5435.5s
step  1620000 | reward(last100)  0.7601 | sigma 0.0237 | elapsed 5452.4s
step  1625000 | reward(last100)  0.7235 | sigma 0.0237 | elapsed 5468.4s
step  1630000 | reward(last100)  0.7125 | sigma 0.0237 | elapsed 5484.3s
step  1635000 | reward(last100)  0.6943 | sigma 0.0237 | elapsed 5500.2s
step  1640000 | reward(last100)  0.6939 | sigma 0.0237 | elapsed 5516.2s
step  1645000 | reward(last100)  0.6948 | sigma 0.0237 | elapsed 5532.3s
step  1650000 | reward(last100)  0.6858 | sigma 0.0237 | elapsed 5548.2s
step  1655000 | reward(last100)  0.7160 | sigma 0.0237 | elapsed 5564.6s
step  1660000 | reward(last100)  0.7201 | sigma 0.0237 | elapsed 5580.5s
step  1665000 | reward(last100)  0.6882 | sigma 0.0237 | elapsed 5597.4s
step  1670000 | reward(last100)  0.7149 | sigma 0.0237 | elapsed 5614.4s
step  1675000 | reward(last100)  0.6870 | sigma 0.0237 | elapsed 5631.3s
step  1680000 | reward(last100)  0.6946 | sigma 0.0237 | elapsed 5649.0s
step  1685000 | reward(last100)  0.7028 | sigma 0.0237 | elapsed 5666.8s
step  1690000 | reward(last100)  0.6454 | sigma 0.0237 | elapsed 5684.5s
step  1695000 | reward(last100)  0.7064 | sigma 0.0237 | elapsed 5701.0s
step  1700000 | reward(last100)  0.7510 | sigma 0.0237 | elapsed 5717.0s
step  1705000 | reward(last100)  0.7256 | sigma 0.0237 | elapsed 5734.6s
step  1710000 | reward(last100)  0.7279 | sigma 0.0237 | elapsed 5750.5s
step  1715000 | reward(last100)  0.7290 | sigma 0.0237 | elapsed 5766.4s
step  1720000 | reward(last100)  0.7386 | sigma 0.0237 | elapsed 5782.3s
step  1725000 | reward(last100)  0.7289 | sigma 0.0237 | elapsed 5799.0s
step  1730000 | reward(last100)  0.7232 | sigma 0.0237 | elapsed 5816.1s
step  1735000 | reward(last100)  0.7268 | sigma 0.0237 | elapsed 5832.0s
step  1740000 | reward(last100)  0.7219 | sigma 0.0237 | elapsed 5848.1s
step  1745000 | reward(last100)  0.7415 | sigma 0.0237 | elapsed 5865.2s
step  1750000 | reward(last100)  0.7248 | sigma 0.0237 | elapsed 5883.2s
step  1755000 | reward(last100)  0.7082 | sigma 0.0237 | elapsed 5899.6s
step  1760000 | reward(last100)  0.7466 | sigma 0.0237 | elapsed 5915.6s
step  1765000 | reward(last100)  0.7039 | sigma 0.0237 | elapsed 5931.6s
step  1770000 | reward(last100)  0.7002 | sigma 0.0237 | elapsed 5947.8s
step  1775000 | reward(last100)  0.6110 | sigma 0.0237 | elapsed 5963.9s
step  1780000 | reward(last100)  0.7387 | sigma 0.0238 | elapsed 5980.0s
step  1785000 | reward(last100)  0.6777 | sigma 0.0237 | elapsed 5996.1s
step  1790000 | reward(last100)  0.7017 | sigma 0.0237 | elapsed 6012.0s
step  1795000 | reward(last100)  0.7899 | sigma 0.0237 | elapsed 6029.5s
step  1800000 | reward(last100)  0.7298 | sigma 0.0238 | elapsed 6047.1s
step  1805000 | reward(last100)  0.6613 | sigma 0.0237 | elapsed 6065.3s
step  1810000 | reward(last100)  0.5655 | sigma 0.0237 | elapsed 6083.1s
step  1815000 | reward(last100)  0.7058 | sigma 0.0237 | elapsed 6100.7s
step  1820000 | reward(last100)  0.6162 | sigma 0.0237 | elapsed 6117.7s
step  1825000 | reward(last100)  0.6196 | sigma 0.0237 | elapsed 6133.7s
step  1830000 | reward(last100)  0.6884 | sigma 0.0237 | elapsed 6149.7s
step  1835000 | reward(last100)  0.6779 | sigma 0.0237 | elapsed 6165.8s
step  1840000 | reward(last100)  0.6385 | sigma 0.0237 | elapsed 6181.8s
step  1845000 | reward(last100)  0.5803 | sigma 0.0237 | elapsed 6197.6s
step  1850000 | reward(last100)  0.6542 | sigma 0.0237 | elapsed 6213.6s
step  1855000 | reward(last100)  0.6342 | sigma 0.0237 | elapsed 6230.1s
step  1860000 | reward(last100)  0.7586 | sigma 0.0237 | elapsed 6246.1s
step  1865000 | reward(last100)  0.7203 | sigma 0.0237 | elapsed 6262.1s
step  1870000 | reward(last100)  0.6367 | sigma 0.0237 | elapsed 6278.7s
step  1875000 | reward(last100)  0.6112 | sigma 0.0237 | elapsed 6295.0s
step  1880000 | reward(last100)  0.7654 | sigma 0.0237 | elapsed 6311.2s
step  1885000 | reward(last100)  0.6046 | sigma 0.0237 | elapsed 6327.3s
step  1890000 | reward(last100)  0.5454 | sigma 0.0238 | elapsed 6343.4s
step  1895000 | reward(last100)  0.6501 | sigma 0.0237 | elapsed 6359.5s
step  1900000 | reward(last100)  0.5607 | sigma 0.0237 | elapsed 6375.5s
step  1905000 | reward(last100)  0.6174 | sigma 0.0237 | elapsed 6393.6s
step  1910000 | reward(last100)  0.6276 | sigma 0.0237 | elapsed 6410.4s
step  1915000 | reward(last100)  0.6111 | sigma 0.0237 | elapsed 6426.4s
step  1920000 | reward(last100)  0.6314 | sigma 0.0237 | elapsed 6443.8s
step  1925000 | reward(last100)  0.5914 | sigma 0.0237 | elapsed 6462.5s
step  1930000 | reward(last100)  0.5939 | sigma 0.0237 | elapsed 6479.0s
step  1935000 | reward(last100)  0.6302 | sigma 0.0237 | elapsed 6494.8s
step  1940000 | reward(last100)  0.6367 | sigma 0.0237 | elapsed 6510.7s
step  1945000 | reward(last100)  0.6172 | sigma 0.0237 | elapsed 6526.5s
step  1950000 | reward(last100)  0.5981 | sigma 0.0238 | elapsed 6542.4s
step  1955000 | reward(last100)  0.6234 | sigma 0.0237 | elapsed 6558.7s
step  1960000 | reward(last100)  0.6163 | sigma 0.0237 | elapsed 6574.6s
step  1965000 | reward(last100)  0.6087 | sigma 0.0237 | elapsed 6590.6s
step  1970000 | reward(last100)  0.5673 | sigma 0.0237 | elapsed 6606.5s
step  1975000 | reward(last100)  0.6411 | sigma 0.0237 | elapsed 6622.4s
step  1980000 | reward(last100)  0.5907 | sigma 0.0237 | elapsed 6638.3s
step  1985000 | reward(last100)  0.5554 | sigma 0.0237 | elapsed 6654.2s
step  1990000 | reward(last100)  0.6308 | sigma 0.0237 | elapsed 6670.1s
step  1995000 | reward(last100)  0.6002 | sigma 0.0237 | elapsed 6686.0s
step  2000000 | reward(last100)  0.6022 | sigma 0.0237 | elapsed 6701.8s
step  2005000 | reward(last100)  0.5913 | sigma 0.0237 | elapsed 6718.0s
step  2010000 | reward(last100)  0.5649 | sigma 0.0237 | elapsed 6733.9s
step  2015000 | reward(last100)  0.6298 | sigma 0.0237 | elapsed 6749.8s
step  2020000 | reward(last100)  0.6155 | sigma 0.0237 | elapsed 6765.7s
step  2025000 | reward(last100)  0.6458 | sigma 0.0237 | elapsed 6781.6s
step  2030000 | reward(last100)  0.6238 | sigma 0.0237 | elapsed 6797.4s
step  2035000 | reward(last100)  0.6669 | sigma 0.0237 | elapsed 6813.2s
step  2040000 | reward(last100)  0.6663 | sigma 0.0237 | elapsed 6829.0s
step  2045000 | reward(last100)  0.5661 | sigma 0.0237 | elapsed 6844.8s
step  2050000 | reward(last100)  0.6136 | sigma 0.0237 | elapsed 6860.6s
step  2055000 | reward(last100)  0.6423 | sigma 0.0237 | elapsed 6877.2s
step  2060000 | reward(last100)  0.6649 | sigma 0.0237 | elapsed 6894.0s
step  2065000 | reward(last100)  0.6732 | sigma 0.0237 | elapsed 6910.3s
step  2070000 | reward(last100)  0.6949 | sigma 0.0237 | elapsed 6926.2s
step  2075000 | reward(last100)  0.6130 | sigma 0.0238 | elapsed 6942.9s
step  2080000 | reward(last100)  0.6164 | sigma 0.0238 | elapsed 6960.2s
step  2085000 | reward(last100)  0.6173 | sigma 0.0237 | elapsed 6977.1s
step  2090000 | reward(last100)  0.6032 | sigma 0.0237 | elapsed 6993.8s
step  2095000 | reward(last100)  0.6435 | sigma 0.0237 | elapsed 7010.5s
step  2100000 | reward(last100)  0.5643 | sigma 0.0237 | elapsed 7027.3s
step  2105000 | reward(last100)  0.6433 | sigma 0.0237 | elapsed 7045.1s
step  2110000 | reward(last100)  0.6299 | sigma 0.0237 | elapsed 7063.1s
step  2115000 | reward(last100)  0.6081 | sigma 0.0237 | elapsed 7083.4s
step  2120000 | reward(last100)  0.5668 | sigma 0.0237 | elapsed 7103.6s
step  2125000 | reward(last100)  0.6412 | sigma 0.0237 | elapsed 7124.0s
step  2130000 | reward(last100)  0.6344 | sigma 0.0237 | elapsed 7145.2s
step  2135000 | reward(last100)  0.6674 | sigma 0.0237 | elapsed 7166.5s
step  2140000 | reward(last100)  0.5805 | sigma 0.0236 | elapsed 7187.4s
step  2145000 | reward(last100)  0.6692 | sigma 0.0237 | elapsed 7205.1s
step  2150000 | reward(last100)  0.6509 | sigma 0.0237 | elapsed 7222.6s
step  2155000 | reward(last100)  0.6644 | sigma 0.0237 | elapsed 7244.2s
step  2160000 | reward(last100)  0.6150 | sigma 0.0237 | elapsed 7259.7s
step  2165000 | reward(last100)  0.6108 | sigma 0.0237 | elapsed 7275.1s
step  2170000 | reward(last100)  0.6381 | sigma 0.0237 | elapsed 7290.6s
step  2175000 | reward(last100)  0.6343 | sigma 0.0237 | elapsed 7306.2s
step  2180000 | reward(last100)  0.6794 | sigma 0.0236 | elapsed 7321.7s
step  2185000 | reward(last100)  0.6353 | sigma 0.0236 | elapsed 7337.2s
step  2190000 | reward(last100)  0.6371 | sigma 0.0237 | elapsed 7352.7s
step  2195000 | reward(last100)  0.5795 | sigma 0.0237 | elapsed 7368.3s
step  2200000 | reward(last100)  0.6675 | sigma 0.0237 | elapsed 7383.8s
step  2205000 | reward(last100)  0.6920 | sigma 0.0237 | elapsed 7401.6s
step  2210000 | reward(last100)  0.5919 | sigma 0.0237 | elapsed 7418.9s
step  2215000 | reward(last100)  0.6474 | sigma 0.0237 | elapsed 7436.3s
step  2220000 | reward(last100)  0.5901 | sigma 0.0237 | elapsed 7453.5s
step  2225000 | reward(last100)  0.6630 | sigma 0.0237 | elapsed 7470.8s
step  2230000 | reward(last100)  0.5802 | sigma 0.0237 | elapsed 7488.1s
step  2235000 | reward(last100)  0.6649 | sigma 0.0237 | elapsed 7505.4s
step  2240000 | reward(last100)  0.6164 | sigma 0.0237 | elapsed 7522.0s
step  2245000 | reward(last100)  0.6037 | sigma 0.0237 | elapsed 7537.8s
step  2250000 | reward(last100)  0.6600 | sigma 0.0237 | elapsed 7553.7s
step  2255000 | reward(last100)  0.6077 | sigma 0.0237 | elapsed 7571.1s
step  2260000 | reward(last100)  0.5028 | sigma 0.0237 | elapsed 7586.9s
step  2265000 | reward(last100)  0.6456 | sigma 0.0237 | elapsed 7602.8s
step  2270000 | reward(last100)  0.5845 | sigma 0.0237 | elapsed 7618.5s
step  2275000 | reward(last100)  0.6305 | sigma 0.0237 | elapsed 7634.0s
step  2280000 | reward(last100)  0.5757 | sigma 0.0237 | elapsed 7649.5s
step  2285000 | reward(last100)  0.6074 | sigma 0.0236 | elapsed 7665.0s
step  2290000 | reward(last100)  0.5868 | sigma 0.0236 | elapsed 7680.5s
step  2295000 | reward(last100)  0.6932 | sigma 0.0236 | elapsed 7696.1s
step  2300000 | reward(last100)  0.5839 | sigma 0.0236 | elapsed 7711.7s
step  2305000 | reward(last100)  0.6365 | sigma 0.0236 | elapsed 7727.7s
step  2310000 | reward(last100)  0.6633 | sigma 0.0236 | elapsed 7743.2s
step  2315000 | reward(last100)  0.6804 | sigma 0.0236 | elapsed 7758.7s
step  2320000 | reward(last100)  0.7086 | sigma 0.0237 | elapsed 7774.3s
step  2325000 | reward(last100)  0.5933 | sigma 0.0237 | elapsed 7789.8s
step  2330000 | reward(last100)  0.5802 | sigma 0.0236 | elapsed 7805.3s
step  2335000 | reward(last100)  0.6298 | sigma 0.0237 | elapsed 7820.8s
step  2340000 | reward(last100)  0.6941 | sigma 0.0237 | elapsed 7836.3s
step  2345000 | reward(last100)  0.6766 | sigma 0.0237 | elapsed 7851.8s
step  2350000 | reward(last100)  0.6100 | sigma 0.0237 | elapsed 7867.3s
step  2355000 | reward(last100)  0.6246 | sigma 0.0237 | elapsed 7884.7s
step  2360000 | reward(last100)  0.6356 | sigma 0.0237 | elapsed 7901.7s
step  2365000 | reward(last100)  0.6489 | sigma 0.0237 | elapsed 7918.7s
step  2370000 | reward(last100)  0.6525 | sigma 0.0237 | elapsed 7936.1s
step  2375000 | reward(last100)  0.6309 | sigma 0.0237 | elapsed 7954.0s
step  2380000 | reward(last100)  0.6560 | sigma 0.0237 | elapsed 7971.8s
step  2385000 | reward(last100)  0.6326 | sigma 0.0237 | elapsed 7989.7s
step  2390000 | reward(last100)  0.6361 | sigma 0.0237 | elapsed 8007.4s
step  2395000 | reward(last100)  0.6148 | sigma 0.0237 | elapsed 8025.3s
step  2400000 | reward(last100)  0.5891 | sigma 0.0237 | elapsed 8043.1s
step  2405000 | reward(last100)  0.6028 | sigma 0.0237 | elapsed 8063.3s
step  2410000 | reward(last100)  0.6579 | sigma 0.0237 | elapsed 8080.4s
step  2415000 | reward(last100)  0.6219 | sigma 0.0237 | elapsed 8097.4s
step  2420000 | reward(last100)  0.6462 | sigma 0.0237 | elapsed 8114.5s
step  2425000 | reward(last100)  0.6269 | sigma 0.0237 | elapsed 8131.5s
step  2430000 | reward(last100)  0.6744 | sigma 0.0237 | elapsed 8148.6s
step  2435000 | reward(last100)  0.6201 | sigma 0.0237 | elapsed 8165.7s
step  2440000 | reward(last100)  0.6230 | sigma 0.0237 | elapsed 8186.3s
step  2445000 | reward(last100)  0.6607 | sigma 0.0237 | elapsed 8206.8s
step  2450000 | reward(last100)  0.6676 | sigma 0.0237 | elapsed 8227.4s
step  2455000 | reward(last100)  0.6815 | sigma 0.0237 | elapsed 8247.9s
step  2460000 | reward(last100)  0.6216 | sigma 0.0237 | elapsed 8265.7s
step  2465000 | reward(last100)  0.5543 | sigma 0.0237 | elapsed 8283.5s
step  2470000 | reward(last100)  0.6467 | sigma 0.0237 | elapsed 8301.2s
step  2475000 | reward(last100)  0.6292 | sigma 0.0237 | elapsed 8319.0s
step  2480000 | reward(last100)  0.6592 | sigma 0.0237 | elapsed 8336.8s
step  2485000 | reward(last100)  0.5937 | sigma 0.0237 | elapsed 8354.6s
step  2490000 | reward(last100)  0.6132 | sigma 0.0237 | elapsed 8372.5s
step  2495000 | reward(last100)  0.5757 | sigma 0.0237 | elapsed 8390.3s
step  2500000 | reward(last100)  0.6617 | sigma 0.0237 | elapsed 8408.1s
step  2505000 | reward(last100)  0.6420 | sigma 0.0237 | elapsed 8424.2s
step  2510000 | reward(last100)  0.6249 | sigma 0.0237 | elapsed 8439.9s
step  2515000 | reward(last100)  0.6019 | sigma 0.0237 | elapsed 8455.7s
step  2520000 | reward(last100)  0.6821 | sigma 0.0237 | elapsed 8471.4s
step  2525000 | reward(last100)  0.5982 | sigma 0.0237 | elapsed 8487.1s
step  2530000 | reward(last100)  0.6658 | sigma 0.0237 | elapsed 8503.0s
step  2535000 | reward(last100)  0.6362 | sigma 0.0237 | elapsed 8518.9s
step  2540000 | reward(last100)  0.6294 | sigma 0.0237 | elapsed 8534.7s
step  2545000 | reward(last100)  0.6244 | sigma 0.0237 | elapsed 8550.5s
step  2550000 | reward(last100)  0.6410 | sigma 0.0237 | elapsed 8566.2s
step  2555000 | reward(last100)  0.6274 | sigma 0.0237 | elapsed 8583.6s
step  2560000 | reward(last100)  0.6738 | sigma 0.0237 | elapsed 8600.6s
step  2565000 | reward(last100)  0.5646 | sigma 0.0237 | elapsed 8617.5s
step  2570000 | reward(last100)  0.6772 | sigma 0.0237 | elapsed 8633.5s
step  2575000 | reward(last100)  0.6431 | sigma 0.0237 | elapsed 8649.1s
step  2580000 | reward(last100)  0.6222 | sigma 0.0237 | elapsed 8664.7s
step  2585000 | reward(last100)  0.6077 | sigma 0.0237 | elapsed 8680.3s
step  2590000 | reward(last100)  0.5736 | sigma 0.0237 | elapsed 8695.9s
step  2595000 | reward(last100)  0.6246 | sigma 0.0237 | elapsed 8711.5s
step  2600000 | reward(last100)  0.6034 | sigma 0.0237 | elapsed 8727.1s
step  2605000 | reward(last100)  0.5581 | sigma 0.0237 | elapsed 8745.3s
step  2610000 | reward(last100)  0.6011 | sigma 0.0237 | elapsed 8763.1s
step  2615000 | reward(last100)  0.5779 | sigma 0.0237 | elapsed 8780.9s
step  2620000 | reward(last100)  0.6572 | sigma 0.0237 | elapsed 8798.7s
step  2625000 | reward(last100)  0.6321 | sigma 0.0237 | elapsed 8816.4s
step  2630000 | reward(last100)  0.5465 | sigma 0.0237 | elapsed 8834.1s
step  2635000 | reward(last100)  0.6621 | sigma 0.0237 | elapsed 8851.8s
step  2640000 | reward(last100)  0.6815 | sigma 0.0237 | elapsed 8868.9s
step  2645000 | reward(last100)  0.7015 | sigma 0.0237 | elapsed 8886.0s
step  2650000 | reward(last100)  0.6339 | sigma 0.0237 | elapsed 8903.1s
step  2655000 | reward(last100)  0.6947 | sigma 0.0237 | elapsed 8919.3s
step  2660000 | reward(last100)  0.6053 | sigma 0.0237 | elapsed 8935.1s
step  2665000 | reward(last100)  0.6160 | sigma 0.0237 | elapsed 8950.9s
step  2670000 | reward(last100)  0.6095 | sigma 0.0237 | elapsed 8966.8s
step  2675000 | reward(last100)  0.6504 | sigma 0.0237 | elapsed 8982.7s
step  2680000 | reward(last100)  0.6244 | sigma 0.0237 | elapsed 8998.5s
step  2685000 | reward(last100)  0.6637 | sigma 0.0237 | elapsed 9014.3s
step  2690000 | reward(last100)  0.6689 | sigma 0.0237 | elapsed 9030.1s
step  2695000 | reward(last100)  0.6341 | sigma 0.0237 | elapsed 9046.0s
step  2700000 | reward(last100)  0.6117 | sigma 0.0237 | elapsed 9061.9s
step  2705000 | reward(last100)  0.6387 | sigma 0.0237 | elapsed 9078.1s
step  2710000 | reward(last100)  0.6999 | sigma 0.0237 | elapsed 9095.5s
step  2715000 | reward(last100)  0.6423 | sigma 0.0237 | elapsed 9112.8s
step  2720000 | reward(last100)  0.6501 | sigma 0.0237 | elapsed 9128.9s
step  2725000 | reward(last100)  0.6655 | sigma 0.0237 | elapsed 9144.7s
step  2730000 | reward(last100)  0.5775 | sigma 0.0237 | elapsed 9160.5s
step  2735000 | reward(last100)  0.6649 | sigma 0.0237 | elapsed 9176.2s
step  2740000 | reward(last100)  0.6014 | sigma 0.0237 | elapsed 9192.0s
step  2745000 | reward(last100)  0.6098 | sigma 0.0237 | elapsed 9207.8s
step  2750000 | reward(last100)  0.6565 | sigma 0.0237 | elapsed 9223.6s
step  2755000 | reward(last100)  0.6223 | sigma 0.0237 | elapsed 9241.4s
step  2760000 | reward(last100)  0.6146 | sigma 0.0237 | elapsed 9258.8s
step  2765000 | reward(last100)  0.6448 | sigma 0.0237 | elapsed 9275.9s
step  2770000 | reward(last100)  0.6828 | sigma 0.0237 | elapsed 9293.0s
step  2775000 | reward(last100)  0.6393 | sigma 0.0237 | elapsed 9308.7s
step  2780000 | reward(last100)  0.6212 | sigma 0.0237 | elapsed 9324.4s
step  2785000 | reward(last100)  0.6266 | sigma 0.0237 | elapsed 9340.2s
step  2790000 | reward(last100)  0.6480 | sigma 0.0237 | elapsed 9355.9s
step  2795000 | reward(last100)  0.6268 | sigma 0.0237 | elapsed 9371.7s
step  2800000 | reward(last100)  0.6713 | sigma 0.0237 | elapsed 9387.4s
step  2805000 | reward(last100)  0.6328 | sigma 0.0237 | elapsed 9403.7s
step  2810000 | reward(last100)  0.5973 | sigma 0.0237 | elapsed 9419.5s
step  2815000 | reward(last100)  0.6362 | sigma 0.0237 | elapsed 9435.3s
step  2820000 | reward(last100)  0.6556 | sigma 0.0237 | elapsed 9451.1s
step  2825000 | reward(last100)  0.6562 | sigma 0.0237 | elapsed 9466.8s
step  2830000 | reward(last100)  0.5986 | sigma 0.0237 | elapsed 9482.7s
step  2835000 | reward(last100)  0.6259 | sigma 0.0237 | elapsed 9498.7s
step  2840000 | reward(last100)  0.5809 | sigma 0.0237 | elapsed 9516.2s
step  2845000 | reward(last100)  0.6959 | sigma 0.0237 | elapsed 9533.5s
step  2850000 | reward(last100)  0.5821 | sigma 0.0237 | elapsed 9550.7s
step  2855000 | reward(last100)  0.6587 | sigma 0.0237 | elapsed 9567.2s
step  2860000 | reward(last100)  0.6458 | sigma 0.0237 | elapsed 9583.2s
step  2865000 | reward(last100)  0.6384 | sigma 0.0237 | elapsed 9600.3s
step  2870000 | reward(last100)  0.6567 | sigma 0.0237 | elapsed 9617.5s
step  2875000 | reward(last100)  0.6300 | sigma 0.0237 | elapsed 9634.7s
step  2880000 | reward(last100)  0.6761 | sigma 0.0237 | elapsed 9651.9s
step  2885000 | reward(last100)  0.6916 | sigma 0.0237 | elapsed 9670.7s
step  2890000 | reward(last100)  0.5998 | sigma 0.0237 | elapsed 9686.2s
step  2895000 | reward(last100)  0.6016 | sigma 0.0237 | elapsed 9701.7s
step  2900000 | reward(last100)  0.6514 | sigma 0.0237 | elapsed 9717.1s
step  2905000 | reward(last100)  0.5841 | sigma 0.0237 | elapsed 9732.9s
step  2910000 | reward(last100)  0.6051 | sigma 0.0237 | elapsed 9748.4s
step  2915000 | reward(last100)  0.6108 | sigma 0.0237 | elapsed 9763.9s
step  2920000 | reward(last100)  0.6565 | sigma 0.0237 | elapsed 9779.4s
step  2925000 | reward(last100)  0.5421 | sigma 0.0237 | elapsed 9794.8s
step  2930000 | reward(last100)  0.6646 | sigma 0.0237 | elapsed 9810.3s
step  2935000 | reward(last100)  0.6231 | sigma 0.0237 | elapsed 9825.8s
step  2940000 | reward(last100)  0.6247 | sigma 0.0237 | elapsed 9841.3s
step  2945000 | reward(last100)  0.5636 | sigma 0.0237 | elapsed 9856.7s
step  2950000 | reward(last100)  0.6437 | sigma 0.0237 | elapsed 9872.2s
step  2955000 | reward(last100)  0.6099 | sigma 0.0237 | elapsed 9889.3s
step  2960000 | reward(last100)  0.6053 | sigma 0.0237 | elapsed 9905.9s
step  2965000 | reward(last100)  0.6287 | sigma 0.0237 | elapsed 9922.6s
step  2970000 | reward(last100)  0.6173 | sigma 0.0237 | elapsed 9939.4s
step  2975000 | reward(last100)  0.6369 | sigma 0.0237 | elapsed 9956.1s
step  2980000 | reward(last100)  0.6456 | sigma 0.0237 | elapsed 9971.6s
step  2985000 | reward(last100)  0.6057 | sigma 0.0237 | elapsed 9987.1s
step  2990000 | reward(last100)  0.6685 | sigma 0.0237 | elapsed 10002.5s
step  2995000 | reward(last100)  0.6492 | sigma 0.0237 | elapsed 10018.1s
step  3000000 | reward(last100)  0.6086 | sigma 0.0237 | elapsed 10033.6s
