step     5000 | reward(last100)  0.0103 | eps 0.976 | elapsed    1.2s
step    10000 | reward(last100)  0.0065 | eps 0.953 | elapsed    2.5s
step    15000 | reward(last100)  0.0193 | eps 0.929 | elapsed   14.5s
step    20000 | reward(last100)  0.0038 | eps 0.905 | elapsed   26.5s
step    25000 | reward(last100)  0.0297 | eps 0.881 | elapsed   38.2s
step    30000 | reward(last100)  0.0361 | eps 0.858 | elapsed   52.6s
step    35000 | reward(last100)  0.0477 | eps 0.834 | elapsed   67.9s
step    40000 | reward(last100)  0.0476 | eps 0.810 | elapsed   82.8s
step    45000 | reward(last100)  0.0422 | eps 0.786 | elapsed   96.8s
step    50000 | reward(last100)  0.0973 | eps 0.762 | elapsed  111.7s
step    55000 | reward(last100)  0.0345 | eps 0.739 | elapsed  123.6s
step    60000 | reward(last100)  0.0375 | eps 0.715 | elapsed  138.6s
step    65000 | reward(last100)  0.0436 | eps 0.691 | elapsed  151.1s
step    70000 | reward(last100)  0.0482 | eps 0.667 | elapsed  163.0s
step    75000 | reward(last100)  0.0753 | eps 0.644 | elapsed  178.7s
step    80000 | reward(last100)  0.0380 | eps 0.620 | elapsed  194.9s
step    85000 | reward(last100)  0.0718 | eps 0.596 | elapsed  210.3s
step    90000 | reward(last100)  0.0293 | eps 0.573 | elapsed  225.9s
step    95000 | reward(last100)  0.0595 | eps 0.549 | elapsed  237.7s
step   100000 | reward(last100)  0.0552 | eps 0.525 | elapsed  249.1s
step   105000 | reward(last100)  0.0241 | eps 0.501 | elapsed  261.6s
step   110000 | reward(last100)  0.0260 | eps 0.478 | elapsed  274.1s
step   115000 | reward(last100)  0.0235 | eps 0.454 | elapsed  286.3s
step   120000 | reward(last100)  0.0250 | eps 0.430 | elapsed  298.7s
step   125000 | reward(last100)  0.0417 | eps 0.406 | elapsed  311.1s
step   130000 | reward(last100)  0.0550 | eps 0.383 | elapsed  323.3s
step   135000 | reward(last100)  0.0261 | eps 0.359 | elapsed  335.5s
step   140000 | reward(last100)  0.0072 | eps 0.335 | elapsed  347.2s
step   145000 | reward(last100)  0.0035 | eps 0.311 | elapsed  358.4s
step   150000 | reward(last100)  0.0000 | eps 0.288 | elapsed  369.5s
step   155000 | reward(last100)  0.0319 | eps 0.264 | elapsed  381.5s
step   160000 | reward(last100)  0.0058 | eps 0.240 | elapsed  393.7s
step   165000 | reward(last100)  0.0138 | eps 0.216 | elapsed  408.7s
step   170000 | reward(last100)  0.0563 | eps 0.193 | elapsed  425.4s
step   175000 | reward(last100)  0.0302 | eps 0.169 | elapsed  438.8s
step   180000 | reward(last100)  0.0752 | eps 0.145 | elapsed  448.8s
step   185000 | reward(last100)  0.1408 | eps 0.121 | elapsed  459.6s
step   190000 | reward(last100)  0.2402 | eps 0.098 | elapsed  473.4s
step   195000 | reward(last100)  0.1674 | eps 0.074 | elapsed  488.5s
step   200000 | reward(last100)  0.2374 | eps 0.050 | elapsed  504.2s
step   205000 | reward(last100)  0.0676 | eps 0.050 | elapsed  518.0s
step   210000 | reward(last100)  0.0699 | eps 0.050 | elapsed  532.3s
step   215000 | reward(last100)  0.1979 | eps 0.050 | elapsed  545.2s
step   220000 | reward(last100)  0.1404 | eps 0.050 | elapsed  556.9s
step   225000 | reward(last100)  0.0984 | eps 0.050 | elapsed  567.7s
step   230000 | reward(last100)  0.0505 | eps 0.050 | elapsed  579.6s
step   235000 | reward(last100)  0.0945 | eps 0.050 | elapsed  591.5s
step   240000 | reward(last100)  0.0367 | eps 0.050 | elapsed  606.4s
step   245000 | reward(last100)  0.0762 | eps 0.050 | elapsed  622.5s
step   250000 | reward(last100)  0.0036 | eps 0.050 | elapsed  638.7s
step   255000 | reward(last100)  0.0373 | eps 0.050 | elapsed  652.1s
step   260000 | reward(last100)  0.0345 | eps 0.050 | elapsed  665.1s
step   265000 | reward(last100)  0.0147 | eps 0.050 | elapsed  680.7s
step   270000 | reward(last100)  0.0603 | eps 0.050 | elapsed  697.5s
step   275000 | reward(last100)  0.1051 | eps 0.050 | elapsed  714.1s
step   280000 | reward(last100)  0.1354 | eps 0.050 | elapsed  730.3s
step   285000 | reward(last100)  0.0704 | eps 0.050 | elapsed  746.3s
step   290000 | reward(last100)  0.0877 | eps 0.050 | elapsed  762.7s
step   295000 | reward(last100)  0.0885 | eps 0.050 | elapsed  779.7s
step   300000 | reward(last100)  0.0932 | eps 0.050 | elapsed  796.7s
step   305000 | reward(last100)  0.0463 | eps 0.050 | elapsed  811.4s
step   310000 | reward(last100)  0.0548 | eps 0.050 | elapsed  824.8s
step   315000 | reward(last100)  0.0726 | eps 0.050 | elapsed  838.3s
step   320000 | reward(last100)  0.0109 | eps 0.050 | elapsed  849.8s
step   325000 | reward(last100)  0.1210 | eps 0.050 | elapsed  864.3s
step   330000 | reward(last100)  0.0496 | eps 0.050 | elapsed  879.9s
step   335000 | reward(last100)  0.1328 | eps 0.050 | elapsed  895.8s
step   340000 | reward(last100)  0.1140 | eps 0.050 | elapsed  911.2s
step   345000 | reward(last100)  0.0835 | eps 0.050 | elapsed  924.4s
step   350000 | reward(last100)  0.0729 | eps 0.050 | elapsed  938.0s
step   355000 | reward(last100)  0.1449 | eps 0.050 | elapsed  956.8s
step   360000 | reward(last100)  0.0885 | eps 0.050 | elapsed  974.7s
step   365000 | reward(last100)  0.1141 | eps 0.050 | elapsed  992.5s
step   370000 | reward(last100)  0.0676 | eps 0.050 | elapsed 1009.9s
step   375000 | reward(last100)  0.0988 | eps 0.050 | elapsed 1025.7s
step   380000 | reward(last100)  0.1625 | eps 0.050 | elapsed 1036.8s
step   385000 | reward(last100)  0.1567 | eps 0.050 | elapsed 1047.9s
step   390000 | reward(last100)  0.1576 | eps 0.050 | elapsed 1059.7s
step   395000 | reward(last100)  0.0746 | eps 0.050 | elapsed 1075.1s
step   400000 | reward(last100)  0.1410 | eps 0.050 | elapsed 1091.2s
step   405000 | reward(last100)  0.1459 | eps 0.050 | elapsed 1109.0s
step   410000 | reward(last100)  0.1970 | eps 0.050 | elapsed 1121.2s
step   415000 | reward(last100)  0.1900 | eps 0.050 | elapsed 1135.0s
step   420000 | reward(last100)  0.1741 | eps 0.050 | elapsed 1151.1s
step   425000 | reward(last100)  0.2039 | eps 0.050 | elapsed 1167.6s
step   430000 | reward(last100)  0.0652 | eps 0.050 | elapsed 1183.2s
step   435000 | reward(last100)  0.1122 | eps 0.050 | elapsed 1196.6s
step   440000 | reward(last100)  0.0866 | eps 0.050 | elapsed 1210.4s
step   445000 | reward(last100)  0.0544 | eps 0.050 | elapsed 1224.3s
step   450000 | reward(last100)  0.1107 | eps 0.050 | elapsed 1237.6s
step   455000 | reward(last100)  0.0549 | eps 0.050 | elapsed 1252.4s
step   460000 | reward(last100)  0.1971 | eps 0.050 | elapsed 1265.7s
step   465000 | reward(last100)  0.0277 | eps 0.050 | elapsed 1281.8s
step   470000 | reward(last100)  0.0933 | eps 0.050 | elapsed 1298.0s
step   475000 | reward(last100)  0.1377 | eps 0.050 | elapsed 1314.3s
step   480000 | reward(last100)  0.2128 | eps 0.050 | elapsed 1330.3s
step   485000 | reward(last100)  0.0756 | eps 0.050 | elapsed 1346.2s
step   490000 | reward(last100)  0.0593 | eps 0.050 | elapsed 1358.8s
step   495000 | reward(last100)  0.1267 | eps 0.050 | elapsed 1375.0s
step   500000 | reward(last100)  0.0801 | eps 0.050 | elapsed 1392.1s
step   505000 | reward(last100)  0.0723 | eps 0.050 | elapsed 1407.1s
step   510000 | reward(last100)  0.0775 | eps 0.050 | elapsed 1420.6s
step   515000 | reward(last100)  0.1330 | eps 0.050 | elapsed 1432.6s
step   520000 | reward(last100)  0.0913 | eps 0.050 | elapsed 1445.0s
step   525000 | reward(last100)  0.0586 | eps 0.050 | elapsed 1457.9s
step   530000 | reward(last100)  0.1032 | eps 0.050 | elapsed 1471.4s
step   535000 | reward(last100)  0.1851 | eps 0.050 | elapsed 1488.3s
step   540000 | reward(last100)  0.0879 | eps 0.050 | elapsed 1505.2s
step   545000 | reward(last100)  0.1577 | eps 0.050 | elapsed 1520.2s
step   550000 | reward(last100)  0.0732 | eps 0.050 | elapsed 1536.6s
step   555000 | reward(last100)  0.0426 | eps 0.050 | elapsed 1548.5s
step   560000 | reward(last100)  0.1489 | eps 0.050 | elapsed 1559.5s
step   565000 | reward(last100)  0.0915 | eps 0.050 | elapsed 1570.5s
step   570000 | reward(last100)  0.1246 | eps 0.050 | elapsed 1582.2s
step   575000 | reward(last100)  0.1256 | eps 0.050 | elapsed 1594.6s
step   580000 | reward(last100)  0.1066 | eps 0.050 | elapsed 1610.4s
step   585000 | reward(last100)  0.0989 | eps 0.050 | elapsed 1624.5s
step   590000 | reward(last100)  0.0650 | eps 0.050 | elapsed 1636.7s
step   595000 | reward(last100)  0.0790 | eps 0.050 | elapsed 1647.4s
step   600000 | reward(last100)  0.0984 | eps 0.050 | elapsed 1658.2s
step   605000 | reward(last100)  0.0404 | eps 0.050 | elapsed 1672.2s
step   610000 | reward(last100)  0.0227 | eps 0.050 | elapsed 1684.9s
step   615000 | reward(last100)  0.0203 | eps 0.050 | elapsed 1697.5s
step   620000 | reward(last100)  0.1232 | eps 0.050 | elapsed 1710.0s
step   625000 | reward(last100)  0.0729 | eps 0.050 | elapsed 1723.0s
step   630000 | reward(last100)  0.1181 | eps 0.050 | elapsed 1736.0s
step   635000 | reward(last100)  0.0797 | eps 0.050 | elapsed 1747.1s
step   640000 | reward(last100)  0.0311 | eps 0.050 | elapsed 1760.4s
step   645000 | reward(last100)  0.2219 | eps 0.050 | elapsed 1772.6s
step   650000 | reward(last100)  0.1114 | eps 0.050 | elapsed 1784.6s
step   655000 | reward(last100)  0.1223 | eps 0.050 | elapsed 1799.9s
step   660000 | reward(last100)  0.2071 | eps 0.050 | elapsed 1814.7s
step   665000 | reward(last100)  0.1589 | eps 0.050 | elapsed 1830.1s
step   670000 | reward(last100)  0.2180 | eps 0.050 | elapsed 1845.6s
step   675000 | reward(last100)  0.0825 | eps 0.050 | elapsed 1858.3s
step   680000 | reward(last100)  0.1184 | eps 0.050 | elapsed 1869.1s
step   685000 | reward(last100)  0.0606 | eps 0.050 | elapsed 1880.2s
step   690000 | reward(last100)  0.1039 | eps 0.050 | elapsed 1891.1s
step   695000 | reward(last100)  0.1363 | eps 0.050 | elapsed 1902.1s
step   700000 | reward(last100)  0.2648 | eps 0.050 | elapsed 1913.1s
step   705000 | reward(last100)  0.2004 | eps 0.050 | elapsed 1924.7s
step   710000 | reward(last100)  0.2142 | eps 0.050 | elapsed 1938.1s
step   715000 | reward(last100)  0.1454 | eps 0.050 | elapsed 1951.1s
step   720000 | reward(last100)  0.1684 | eps 0.050 | elapsed 1962.6s
step   725000 | reward(last100)  0.1989 | eps 0.050 | elapsed 1974.2s
step   730000 | reward(last100)  0.1421 | eps 0.050 | elapsed 1988.8s
step   735000 | reward(last100)  0.1729 | eps 0.050 | elapsed 2002.5s
step   740000 | reward(last100)  0.1812 | eps 0.050 | elapsed 2013.9s
step   745000 | reward(last100)  0.0932 | eps 0.050 | elapsed 2025.4s
step   750000 | reward(last100)  0.1692 | eps 0.050 | elapsed 2037.5s
step   755000 | reward(last100)  0.1811 | eps 0.050 | elapsed 2048.7s
step   760000 | reward(last100)  0.1103 | eps 0.050 | elapsed 2059.3s
step   765000 | reward(last100)  0.1623 | eps 0.050 | elapsed 2070.0s
step   770000 | reward(last100)  0.0705 | eps 0.050 | elapsed 2080.6s
step   775000 | reward(last100)  0.1613 | eps 0.050 | elapsed 2091.1s
step   780000 | reward(last100)  0.1060 | eps 0.050 | elapsed 2101.7s
step   785000 | reward(last100)  0.0713 | eps 0.050 | elapsed 2113.1s
step   790000 | reward(last100)  0.0690 | eps 0.050 | elapsed 2126.0s
step   795000 | reward(last100)  0.1249 | eps 0.050 | elapsed 2137.9s
step   800000 | reward(last100)  0.2155 | eps 0.050 | elapsed 2149.9s
step   805000 | reward(last100)  0.1234 | eps 0.050 | elapsed 2162.2s
step   810000 | reward(last100)  0.1661 | eps 0.050 | elapsed 2174.0s
step   815000 | reward(last100)  0.1291 | eps 0.050 | elapsed 2185.9s
step   820000 | reward(last100)  0.1609 | eps 0.050 | elapsed 2197.8s
step   825000 | reward(last100)  0.2396 | eps 0.050 | elapsed 2209.7s
step   830000 | reward(last100)  0.0959 | eps 0.050 | elapsed 2221.6s
step   835000 | reward(last100)  0.1305 | eps 0.050 | elapsed 2232.9s
step   840000 | reward(last100)  0.0728 | eps 0.050 | elapsed 2243.5s
step   845000 | reward(last100)  0.0296 | eps 0.050 | elapsed 2255.3s
step   850000 | reward(last100)  0.1767 | eps 0.050 | elapsed 2267.1s
step   855000 | reward(last100)  0.1169 | eps 0.050 | elapsed 2279.8s
step   860000 | reward(last100)  0.2167 | eps 0.050 | elapsed 2291.2s
step   865000 | reward(last100)  0.1812 | eps 0.050 | elapsed 2302.5s
step   870000 | reward(last100)  0.2235 | eps 0.050 | elapsed 2314.4s
step   875000 | reward(last100)  0.2616 | eps 0.050 | elapsed 2325.0s
step   880000 | reward(last100)  0.1879 | eps 0.050 | elapsed 2335.6s
step   885000 | reward(last100)  0.1845 | eps 0.050 | elapsed 2346.2s
step   890000 | reward(last100)  0.2524 | eps 0.050 | elapsed 2357.7s
step   895000 | reward(last100)  0.1506 | eps 0.050 | elapsed 2369.3s
step   900000 | reward(last100)  0.1899 | eps 0.050 | elapsed 2380.8s
step   905000 | reward(last100)  0.3272 | eps 0.050 | elapsed 2393.0s
step   910000 | reward(last100)  0.1612 | eps 0.050 | elapsed 2404.3s
step   915000 | reward(last100)  0.1845 | eps 0.050 | elapsed 2416.5s
step   920000 | reward(last100)  0.1483 | eps 0.050 | elapsed 2428.7s
step   925000 | reward(last100)  0.1643 | eps 0.050 | elapsed 2440.9s
step   930000 | reward(last100)  0.1936 | eps 0.050 | elapsed 2452.8s
step   935000 | reward(last100)  0.1306 | eps 0.050 | elapsed 2464.8s
step   940000 | reward(last100)  0.1475 | eps 0.050 | elapsed 2476.7s
step   945000 | reward(last100)  0.1761 | eps 0.050 | elapsed 2488.7s
step   950000 | reward(last100)  0.0650 | eps 0.050 | elapsed 2500.6s
step   955000 | reward(last100)  0.1804 | eps 0.050 | elapsed 2514.1s
step   960000 | reward(last100)  0.1721 | eps 0.050 | elapsed 2529.3s
step   965000 | reward(last100)  0.0842 | eps 0.050 | elapsed 2544.4s
step   970000 | reward(last100)  0.1939 | eps 0.050 | elapsed 2559.3s
step   975000 | reward(last100)  0.2286 | eps 0.050 | elapsed 2574.2s
step   980000 | reward(last100)  0.1619 | eps 0.050 | elapsed 2589.1s
step   985000 | reward(last100)  0.0818 | eps 0.050 | elapsed 2604.7s
step   990000 | reward(last100)  0.0697 | eps 0.050 | elapsed 2620.2s
step   995000 | reward(last100)  0.0838 | eps 0.050 | elapsed 2632.3s
step  1000000 | reward(last100)  0.1532 | eps 0.050 | elapsed 2644.3s
step  1005000 | reward(last100)  0.1510 | eps 0.050 | elapsed 2657.2s
step  1010000 | reward(last100)  0.1533 | eps 0.050 | elapsed 2669.9s
step  1015000 | reward(last100)  0.1198 | eps 0.050 | elapsed 2682.8s
step  1020000 | reward(last100)  0.0884 | eps 0.050 | elapsed 2695.7s
step  1025000 | reward(last100)  0.1953 | eps 0.050 | elapsed 2708.8s
step  1030000 | reward(last100)  0.1653 | eps 0.050 | elapsed 2722.1s
step  1035000 | reward(last100)  0.1739 | eps 0.050 | elapsed 2735.5s
step  1040000 | reward(last100)  0.1019 | eps 0.050 | elapsed 2748.7s
step  1045000 | reward(last100)  0.1467 | eps 0.050 | elapsed 2760.8s
step  1050000 | reward(last100)  0.1361 | eps 0.050 | elapsed 2772.5s
step  1055000 | reward(last100)  0.1727 | eps 0.050 | elapsed 2786.8s
step  1060000 | reward(last100)  0.1599 | eps 0.050 | elapsed 2798.1s
step  1065000 | reward(last100)  0.1632 | eps 0.050 | elapsed 2808.9s
step  1070000 | reward(last100)  0.1604 | eps 0.050 | elapsed 2819.8s
step  1075000 | reward(last100)  0.2115 | eps 0.050 | elapsed 2832.0s
step  1080000 | reward(last100)  0.1088 | eps 0.050 | elapsed 2843.7s
step  1085000 | reward(last100)  0.1019 | eps 0.050 | elapsed 2856.0s
step  1090000 | reward(last100)  0.1387 | eps 0.050 | elapsed 2868.6s
step  1095000 | reward(last100)  0.1760 | eps 0.050 | elapsed 2880.5s
step  1100000 | reward(last100)  0.2069 | eps 0.050 | elapsed 2893.2s
step  1105000 | reward(last100)  0.0957 | eps 0.050 | elapsed 2908.3s
step  1110000 | reward(last100)  0.1984 | eps 0.050 | elapsed 2921.5s
step  1115000 | reward(last100)  0.1288 | eps 0.050 | elapsed 2934.5s
step  1120000 | reward(last100)  0.1300 | eps 0.050 | elapsed 2949.3s
step  1125000 | reward(last100)  0.1168 | eps 0.050 | elapsed 2961.2s
step  1130000 | reward(last100)  0.1429 | eps 0.050 | elapsed 2972.9s
step  1135000 | reward(last100)  0.1116 | eps 0.050 | elapsed 2983.7s
step  1140000 | reward(last100)  0.0998 | eps 0.050 | elapsed 2996.7s
step  1145000 | reward(last100)  0.0870 | eps 0.050 | elapsed 3009.3s
step  1150000 | reward(last100)  0.1276 | eps 0.050 | elapsed 3021.5s
step  1155000 | reward(last100)  0.1150 | eps 0.050 | elapsed 3033.1s
step  1160000 | reward(last100)  0.1268 | eps 0.050 | elapsed 3043.9s
step  1165000 | reward(last100)  0.2203 | eps 0.050 | elapsed 3058.3s
step  1170000 | reward(last100)  0.0311 | eps 0.050 | elapsed 3073.3s
step  1175000 | reward(last100)  0.1835 | eps 0.050 | elapsed 3088.1s
step  1180000 | reward(last100)  0.1150 | eps 0.050 | elapsed 3103.0s
step  1185000 | reward(last100)  0.1376 | eps 0.050 | elapsed 3117.8s
step  1190000 | reward(last100)  0.1536 | eps 0.050 | elapsed 3132.5s
step  1195000 | reward(last100)  0.1461 | eps 0.050 | elapsed 3147.3s
step  1200000 | reward(last100)  0.1321 | eps 0.050 | elapsed 3162.1s
step  1205000 | reward(last100)  0.1797 | eps 0.050 | elapsed 3176.3s
step  1210000 | reward(last100)  0.1135 | eps 0.050 | elapsed 3188.0s
step  1215000 | reward(last100)  0.0558 | eps 0.050 | elapsed 3199.5s
step  1220000 | reward(last100)  0.1676 | eps 0.050 | elapsed 3212.0s
step  1225000 | reward(last100)  0.0829 | eps 0.050 | elapsed 3224.7s
step  1230000 | reward(last100)  0.1305 | eps 0.050 | elapsed 3239.1s
step  1235000 | reward(last100)  0.1600 | eps 0.050 | elapsed 3252.2s
step  1240000 | reward(last100)  0.0901 | eps 0.050 | elapsed 3263.8s
step  1245000 | reward(last100)  0.1739 | eps 0.050 | elapsed 3277.1s
step  1250000 | reward(last100)  0.2079 | eps 0.050 | elapsed 3293.0s
step  1255000 | reward(last100)  0.1479 | eps 0.050 | elapsed 3305.4s
step  1260000 | reward(last100)  0.1632 | eps 0.050 | elapsed 3317.2s
step  1265000 | reward(last100)  0.1744 | eps 0.050 | elapsed 3329.1s
step  1270000 | reward(last100)  0.1667 | eps 0.050 | elapsed 3340.9s
step  1275000 | reward(last100)  0.1340 | eps 0.050 | elapsed 3352.6s
step  1280000 | reward(last100)  0.1623 | eps 0.050 | elapsed 3363.6s
step  1285000 | reward(last100)  0.0528 | eps 0.050 | elapsed 3376.1s
step  1290000 | reward(last100)  0.1271 | eps 0.050 | elapsed 3389.2s
step  1295000 | reward(last100)  0.1533 | eps 0.050 | elapsed 3402.4s
step  1300000 | reward(last100)  0.1374 | eps 0.050 | elapsed 3415.7s
step  1305000 | reward(last100)  0.2072 | eps 0.050 | elapsed 3427.5s
step  1310000 | reward(last100)  0.0559 | eps 0.050 | elapsed 3440.7s
step  1315000 | reward(last100)  0.1587 | eps 0.050 | elapsed 3452.6s
step  1320000 | reward(last100)  0.2221 | eps 0.050 | elapsed 3464.6s
step  1325000 | reward(last100)  0.1098 | eps 0.050 | elapsed 3478.1s
step  1330000 | reward(last100)  0.0795 | eps 0.050 | elapsed 3493.1s
step  1335000 | reward(last100)  0.0793 | eps 0.050 | elapsed 3508.0s
step  1340000 | reward(last100)  0.0809 | eps 0.050 | elapsed 3522.8s
step  1345000 | reward(last100)  0.1674 | eps 0.050 | elapsed 3537.7s
step  1350000 | reward(last100)  0.0354 | eps 0.050 | elapsed 3552.3s
step  1355000 | reward(last100)  0.1632 | eps 0.050 | elapsed 3566.2s
step  1360000 | reward(last100)  0.1958 | eps 0.050 | elapsed 3579.1s
step  1365000 | reward(last100)  0.1051 | eps 0.050 | elapsed 3591.6s
step  1370000 | reward(last100)  0.2121 | eps 0.050 | elapsed 3604.1s
step  1375000 | reward(last100)  0.3321 | eps 0.050 | elapsed 3616.6s
step  1380000 | reward(last100)  0.2165 | eps 0.050 | elapsed 3629.1s
step  1385000 | reward(last100)  0.1831 | eps 0.050 | elapsed 3641.5s
step  1390000 | reward(last100)  0.1649 | eps 0.050 | elapsed 3654.0s
step  1395000 | reward(last100)  0.1632 | eps 0.050 | elapsed 3666.4s
step  1400000 | reward(last100)  0.0796 | eps 0.050 | elapsed 3678.3s
step  1405000 | reward(last100)  0.1249 | eps 0.050 | elapsed 3689.9s
step  1410000 | reward(last100)  0.1989 | eps 0.050 | elapsed 3701.1s
step  1415000 | reward(last100)  0.1425 | eps 0.050 | elapsed 3712.3s
step  1420000 | reward(last100)  0.2289 | eps 0.050 | elapsed 3723.7s
step  1425000 | reward(last100)  0.2447 | eps 0.050 | elapsed 3736.6s
step  1430000 | reward(last100)  0.2330 | eps 0.050 | elapsed 3749.9s
step  1435000 | reward(last100)  0.2296 | eps 0.050 | elapsed 3762.0s
step  1440000 | reward(last100)  0.2051 | eps 0.050 | elapsed 3774.1s
step  1445000 | reward(last100)  0.2441 | eps 0.050 | elapsed 3788.3s
step  1450000 | reward(last100)  0.2439 | eps 0.050 | elapsed 3802.9s
step  1455000 | reward(last100)  0.2210 | eps 0.050 | elapsed 3816.0s
step  1460000 | reward(last100)  0.3075 | eps 0.050 | elapsed 3830.6s
step  1465000 | reward(last100)  0.4000 | eps 0.050 | elapsed 3845.3s
step  1470000 | reward(last100)  0.2012 | eps 0.050 | elapsed 3860.0s
step  1475000 | reward(last100)  0.2904 | eps 0.050 | elapsed 3874.6s
step  1480000 | reward(last100)  0.2460 | eps 0.050 | elapsed 3888.7s
step  1485000 | reward(last100)  0.2335 | eps 0.050 | elapsed 3899.9s
step  1490000 | reward(last100)  0.2527 | eps 0.050 | elapsed 3911.1s
step  1495000 | reward(last100)  0.1976 | eps 0.050 | elapsed 3923.2s
step  1500000 | reward(last100)  0.1217 | eps 0.050 | elapsed 3937.8s
step  1505000 | reward(last100)  0.1770 | eps 0.050 | elapsed 3950.5s
step  1510000 | reward(last100)  0.1696 | eps 0.050 | elapsed 3962.1s
step  1515000 | reward(last100)  0.2630 | eps 0.050 | elapsed 3973.2s
step  1520000 | reward(last100)  0.2060 | eps 0.050 | elapsed 3984.5s
step  1525000 | reward(last100)  0.3021 | eps 0.050 | elapsed 3996.6s
step  1530000 | reward(last100)  0.2792 | eps 0.050 | elapsed 4008.6s
step  1535000 | reward(last100)  0.3419 | eps 0.050 | elapsed 4019.8s
step  1540000 | reward(last100)  0.1973 | eps 0.050 | elapsed 4031.0s
step  1545000 | reward(last100)  0.2389 | eps 0.050 | elapsed 4043.0s
step  1550000 | reward(last100)  0.3710 | eps 0.050 | elapsed 4055.6s
step  1555000 | reward(last100)  0.2695 | eps 0.050 | elapsed 4069.0s
step  1560000 | reward(last100)  0.2063 | eps 0.050 | elapsed 4081.9s
step  1565000 | reward(last100)  0.1984 | eps 0.050 | elapsed 4094.7s
step  1570000 | reward(last100)  0.3226 | eps 0.050 | elapsed 4107.1s
step  1575000 | reward(last100)  0.2176 | eps 0.050 | elapsed 4120.2s
step  1580000 | reward(last100)  0.1985 | eps 0.050 | elapsed 4134.6s
step  1585000 | reward(last100)  0.2102 | eps 0.050 | elapsed 4146.3s
step  1590000 | reward(last100)  0.2805 | eps 0.050 | elapsed 4157.4s
step  1595000 | reward(last100)  0.1194 | eps 0.050 | elapsed 4169.9s
step  1600000 | reward(last100)  0.1840 | eps 0.050 | elapsed 4182.4s
step  1605000 | reward(last100)  0.2610 | eps 0.050 | elapsed 4195.5s
step  1610000 | reward(last100)  0.2528 | eps 0.050 | elapsed 4208.4s
step  1615000 | reward(last100)  0.1981 | eps 0.050 | elapsed 4221.2s
step  1620000 | reward(last100)  0.1575 | eps 0.050 | elapsed 4233.8s
step  1625000 | reward(last100)  0.2617 | eps 0.050 | elapsed 4247.5s
step  1630000 | reward(last100)  0.2836 | eps 0.050 | elapsed 4262.2s
step  1635000 | reward(last100)  0.1826 | eps 0.050 | elapsed 4275.7s
step  1640000 | reward(last100)  0.2190 | eps 0.050 | elapsed 4286.9s
step  1645000 | reward(last100)  0.2127 | eps 0.050 | elapsed 4298.0s
step  1650000 | reward(last100)  0.1615 | eps 0.050 | elapsed 4309.1s
step  1655000 | reward(last100)  0.2201 | eps 0.050 | elapsed 4320.7s
step  1660000 | reward(last100)  0.2056 | eps 0.050 | elapsed 4331.8s
step  1665000 | reward(last100)  0.2444 | eps 0.050 | elapsed 4343.0s
step  1670000 | reward(last100)  0.2704 | eps 0.050 | elapsed 4354.3s
step  1675000 | reward(last100)  0.2477 | eps 0.050 | elapsed 4369.0s
step  1680000 | reward(last100)  0.1975 | eps 0.050 | elapsed 4383.7s
step  1685000 | reward(last100)  0.0745 | eps 0.050 | elapsed 4398.6s
step  1690000 | reward(last100)  0.2378 | eps 0.050 | elapsed 4413.4s
step  1695000 | reward(last100)  0.3045 | eps 0.050 | elapsed 4428.2s
step  1700000 | reward(last100)  0.3392 | eps 0.050 | elapsed 4442.9s
step  1705000 | reward(last100)  0.3119 | eps 0.050 | elapsed 4455.3s
step  1710000 | reward(last100)  0.2200 | eps 0.050 | elapsed 4467.3s
step  1715000 | reward(last100)  0.2347 | eps 0.050 | elapsed 4479.3s
step  1720000 | reward(last100)  0.2868 | eps 0.050 | elapsed 4491.2s
step  1725000 | reward(last100)  0.2189 | eps 0.050 | elapsed 4502.3s
step  1730000 | reward(last100)  0.2440 | eps 0.050 | elapsed 4513.5s
step  1735000 | reward(last100)  0.1298 | eps 0.050 | elapsed 4524.6s
step  1740000 | reward(last100)  0.2204 | eps 0.050 | elapsed 4535.7s
step  1745000 | reward(last100)  0.3856 | eps 0.050 | elapsed 4546.8s
step  1750000 | reward(last100)  0.3397 | eps 0.050 | elapsed 4557.9s
step  1755000 | reward(last100)  0.3486 | eps 0.050 | elapsed 4569.4s
step  1760000 | reward(last100)  0.3300 | eps 0.050 | elapsed 4581.5s
step  1765000 | reward(last100)  0.3727 | eps 0.050 | elapsed 4593.6s
step  1770000 | reward(last100)  0.3269 | eps 0.050 | elapsed 4604.9s
step  1775000 | reward(last100)  0.3083 | eps 0.050 | elapsed 4616.0s
step  1780000 | reward(last100)  0.3830 | eps 0.050 | elapsed 4627.2s
step  1785000 | reward(last100)  0.3665 | eps 0.050 | elapsed 4638.4s
step  1790000 | reward(last100)  0.3144 | eps 0.050 | elapsed 4649.6s
step  1795000 | reward(last100)  0.3143 | eps 0.050 | elapsed 4660.7s
step  1800000 | reward(last100)  0.3530 | eps 0.050 | elapsed 4672.0s
step  1805000 | reward(last100)  0.3102 | eps 0.050 | elapsed 4683.6s
step  1810000 | reward(last100)  0.2907 | eps 0.050 | elapsed 4696.0s
step  1815000 | reward(last100)  0.2990 | eps 0.050 | elapsed 4710.9s
step  1820000 | reward(last100)  0.1725 | eps 0.050 | elapsed 4724.0s
step  1825000 | reward(last100)  0.2717 | eps 0.050 | elapsed 4735.2s
step  1830000 | reward(last100)  0.3422 | eps 0.050 | elapsed 4746.4s
step  1835000 | reward(last100)  0.2882 | eps 0.050 | elapsed 4757.6s
step  1840000 | reward(last100)  0.2281 | eps 0.050 | elapsed 4768.8s
step  1845000 | reward(last100)  0.3519 | eps 0.050 | elapsed 4780.0s
step  1850000 | reward(last100)  0.2621 | eps 0.050 | elapsed 4791.3s
step  1855000 | reward(last100)  0.3283 | eps 0.050 | elapsed 4802.9s
step  1860000 | reward(last100)  0.3749 | eps 0.050 | elapsed 4814.1s
step  1865000 | reward(last100)  0.2382 | eps 0.050 | elapsed 4825.4s
step  1870000 | reward(last100)  0.2928 | eps 0.050 | elapsed 4836.7s
step  1875000 | reward(last100)  0.2210 | eps 0.050 | elapsed 4847.9s
step  1880000 | reward(last100)  0.3776 | eps 0.050 | elapsed 4859.1s
step  1885000 | reward(last100)  0.3078 | eps 0.050 | elapsed 4870.9s
step  1890000 | reward(last100)  0.2345 | eps 0.050 | elapsed 4883.0s
step  1895000 | reward(last100)  0.2328 | eps 0.050 | elapsed 4895.1s
step  1900000 | reward(last100)  0.3200 | eps 0.050 | elapsed 4906.4s
step  1905000 | reward(last100)  0.2802 | eps 0.050 | elapsed 4918.0s
step  1910000 | reward(last100)  0.2897 | eps 0.050 | elapsed 4929.3s
step  1915000 | reward(last100)  0.2311 | eps 0.050 | elapsed 4940.5s
step  1920000 | reward(last100)  0.3386 | eps 0.050 | elapsed 4951.8s
step  1925000 | reward(last100)  0.2238 | eps 0.050 | elapsed 4963.1s
step  1930000 | reward(last100)  0.2151 | eps 0.050 | elapsed 4974.3s
step  1935000 | reward(last100)  0.2764 | eps 0.050 | elapsed 4985.6s
step  1940000 | reward(last100)  0.2235 | eps 0.050 | elapsed 4996.9s
step  1945000 | reward(last100)  0.2672 | eps 0.050 | elapsed 5008.2s
step  1950000 | reward(last100)  0.1409 | eps 0.050 | elapsed 5019.4s
step  1955000 | reward(last100)  0.2570 | eps 0.050 | elapsed 5031.1s
step  1960000 | reward(last100)  0.2940 | eps 0.050 | elapsed 5042.3s
step  1965000 | reward(last100)  0.3109 | eps 0.050 | elapsed 5053.5s
step  1970000 | reward(last100)  0.2570 | eps 0.050 | elapsed 5064.8s
step  1975000 | reward(last100)  0.2451 | eps 0.050 | elapsed 5076.1s
step  1980000 | reward(last100)  0.2093 | eps 0.050 | elapsed 5087.3s
step  1985000 | reward(last100)  0.3256 | eps 0.050 | elapsed 5098.5s
step  1990000 | reward(last100)  0.3116 | eps 0.050 | elapsed 5109.7s
step  1995000 | reward(last100)  0.2913 | eps 0.050 | elapsed 5120.9s
step  2000000 | reward(last100)  0.3982 | eps 0.050 | elapsed 5132.1s
step  2005000 | reward(last100)  0.2210 | eps 0.050 | elapsed 5143.6s
step  2010000 | reward(last100)  0.3715 | eps 0.050 | elapsed 5154.7s
step  2015000 | reward(last100)  0.3424 | eps 0.050 | elapsed 5165.9s
step  2020000 | reward(last100)  0.2637 | eps 0.050 | elapsed 5178.0s
step  2025000 | reward(last100)  0.3191 | eps 0.050 | elapsed 5190.1s
step  2030000 | reward(last100)  0.2865 | eps 0.050 | elapsed 5202.2s
step  2035000 | reward(last100)  0.2272 | eps 0.050 | elapsed 5214.4s
step  2040000 | reward(last100)  0.3151 | eps 0.050 | elapsed 5226.6s
step  2045000 | reward(last100)  0.3571 | eps 0.050 | elapsed 5238.7s
step  2050000 | reward(last100)  0.2202 | eps 0.050 | elapsed 5250.7s
step  2055000 | reward(last100)  0.2291 | eps 0.050 | elapsed 5265.0s
step  2060000 | reward(last100)  0.2772 | eps 0.050 | elapsed 5279.9s
step  2065000 | reward(last100)  0.3247 | eps 0.050 | elapsed 5295.2s
step  2070000 | reward(last100)  0.2331 | eps 0.050 | elapsed 5308.8s
step  2075000 | reward(last100)  0.2632 | eps 0.050 | elapsed 5320.9s
step  2080000 | reward(last100)  0.2581 | eps 0.050 | elapsed 5333.0s
step  2085000 | reward(last100)  0.3313 | eps 0.050 | elapsed 5345.7s
step  2090000 | reward(last100)  0.2532 | eps 0.050 | elapsed 5359.1s
step  2095000 | reward(last100)  0.2832 | eps 0.050 | elapsed 5371.3s
step  2100000 | reward(last100)  0.2631 | eps 0.050 | elapsed 5383.4s
step  2105000 | reward(last100)  0.3167 | eps 0.050 | elapsed 5396.6s
step  2110000 | reward(last100)  0.2367 | eps 0.050 | elapsed 5408.7s
step  2115000 | reward(last100)  0.2422 | eps 0.050 | elapsed 5419.8s
step  2120000 | reward(last100)  0.2656 | eps 0.050 | elapsed 5430.9s
step  2125000 | reward(last100)  0.3156 | eps 0.050 | elapsed 5442.0s
step  2130000 | reward(last100)  0.2713 | eps 0.050 | elapsed 5453.5s
step  2135000 | reward(last100)  0.2474 | eps 0.050 | elapsed 5465.9s
step  2140000 | reward(last100)  0.3095 | eps 0.050 | elapsed 5478.2s
step  2145000 | reward(last100)  0.2698 | eps 0.050 | elapsed 5490.1s
step  2150000 | reward(last100)  0.1989 | eps 0.050 | elapsed 5501.2s
step  2155000 | reward(last100)  0.2926 | eps 0.050 | elapsed 5517.7s
step  2160000 | reward(last100)  0.3525 | eps 0.050 | elapsed 5533.1s
step  2165000 | reward(last100)  0.2818 | eps 0.050 | elapsed 5548.3s
step  2170000 | reward(last100)  0.2997 | eps 0.050 | elapsed 5563.5s
step  2175000 | reward(last100)  0.2950 | eps 0.050 | elapsed 5576.2s
step  2180000 | reward(last100)  0.2464 | eps 0.050 | elapsed 5588.7s
step  2185000 | reward(last100)  0.2196 | eps 0.050 | elapsed 5601.1s
step  2190000 | reward(last100)  0.2793 | eps 0.050 | elapsed 5613.5s
step  2195000 | reward(last100)  0.3562 | eps 0.050 | elapsed 5625.9s
step  2200000 | reward(last100)  0.3423 | eps 0.050 | elapsed 5638.6s
step  2205000 | reward(last100)  0.3509 | eps 0.050 | elapsed 5650.9s
step  2210000 | reward(last100)  0.2134 | eps 0.050 | elapsed 5662.9s
step  2215000 | reward(last100)  0.3084 | eps 0.050 | elapsed 5674.9s
step  2220000 | reward(last100)  0.3101 | eps 0.050 | elapsed 5687.1s
step  2225000 | reward(last100)  0.1338 | eps 0.050 | elapsed 5701.6s
step  2230000 | reward(last100)  0.4389 | eps 0.050 | elapsed 5716.6s
step  2235000 | reward(last100)  0.3045 | eps 0.050 | elapsed 5731.8s
step  2240000 | reward(last100)  0.3152 | eps 0.050 | elapsed 5746.6s
step  2245000 | reward(last100)  0.4092 | eps 0.050 | elapsed 5762.0s
step  2250000 | reward(last100)  0.3368 | eps 0.050 | elapsed 5776.8s
step  2255000 | reward(last100)  0.3618 | eps 0.050 | elapsed 5788.3s
step  2260000 | reward(last100)  0.3763 | eps 0.050 | elapsed 5799.5s
step  2265000 | reward(last100)  0.4039 | eps 0.050 | elapsed 5810.8s
step  2270000 | reward(last100)  0.2915 | eps 0.050 | elapsed 5822.0s
step  2275000 | reward(last100)  0.3541 | eps 0.050 | elapsed 5833.2s
step  2280000 | reward(last100)  0.3199 | eps 0.050 | elapsed 5844.4s
step  2285000 | reward(last100)  0.3316 | eps 0.050 | elapsed 5855.8s
step  2290000 | reward(last100)  0.3371 | eps 0.050 | elapsed 5867.6s
step  2295000 | reward(last100)  0.3438 | eps 0.050 | elapsed 5878.8s
step  2300000 | reward(last100)  0.2772 | eps 0.050 | elapsed 5890.1s
step  2305000 | reward(last100)  0.3518 | eps 0.050 | elapsed 5902.2s
step  2310000 | reward(last100)  0.2668 | eps 0.050 | elapsed 5914.8s
step  2315000 | reward(last100)  0.2548 | eps 0.050 | elapsed 5928.3s
step  2320000 | reward(last100)  0.3352 | eps 0.050 | elapsed 5944.8s
step  2325000 | reward(last100)  0.3459 | eps 0.050 | elapsed 5961.1s
step  2330000 | reward(last100)  0.3176 | eps 0.050 | elapsed 5977.0s
step  2335000 | reward(last100)  0.3262 | eps 0.050 | elapsed 5990.8s
step  2340000 | reward(last100)  0.3404 | eps 0.050 | elapsed 6002.9s
step  2345000 | reward(last100)  0.2559 | eps 0.050 | elapsed 6015.1s
step  2350000 | reward(last100)  0.4026 | eps 0.050 | elapsed 6027.3s
step  2355000 | reward(last100)  0.2585 | eps 0.050 | elapsed 6040.2s
step  2360000 | reward(last100)  0.2408 | eps 0.050 | elapsed 6053.3s
step  2365000 | reward(last100)  0.3811 | eps 0.050 | elapsed 6065.9s
step  2370000 | reward(last100)  0.3246 | eps 0.050 | elapsed 6078.5s
step  2375000 | reward(last100)  0.2477 | eps 0.050 | elapsed 6090.3s
step  2380000 | reward(last100)  0.2947 | eps 0.050 | elapsed 6101.4s
step  2385000 | reward(last100)  0.2552 | eps 0.050 | elapsed 6113.9s
step  2390000 | reward(last100)  0.2671 | eps 0.050 | elapsed 6126.2s
step  2395000 | reward(last100)  0.3284 | eps 0.050 | elapsed 6138.5s
step  2400000 | reward(last100)  0.3412 | eps 0.050 | elapsed 6150.8s
step  2405000 | reward(last100)  0.3347 | eps 0.050 | elapsed 6163.7s
step  2410000 | reward(last100)  0.3349 | eps 0.050 | elapsed 6176.2s
step  2415000 | reward(last100)  0.2583 | eps 0.050 | elapsed 6188.6s
step  2420000 | reward(last100)  0.2282 | eps 0.050 | elapsed 6201.0s
step  2425000 | reward(last100)  0.3195 | eps 0.050 | elapsed 6213.5s
step  2430000 | reward(last100)  0.2932 | eps 0.050 | elapsed 6224.8s
step  2435000 | reward(last100)  0.2975 | eps 0.050 | elapsed 6236.1s
step  2440000 | reward(last100)  0.2747 | eps 0.050 | elapsed 6247.4s
step  2445000 | reward(last100)  0.2225 | eps 0.050 | elapsed 6258.5s
step  2450000 | reward(last100)  0.2773 | eps 0.050 | elapsed 6269.8s
step  2455000 | reward(last100)  0.2931 | eps 0.050 | elapsed 6282.7s
step  2460000 | reward(last100)  0.3092 | eps 0.050 | elapsed 6294.0s
step  2465000 | reward(last100)  0.3599 | eps 0.050 | elapsed 6305.2s
step  2470000 | reward(last100)  0.3185 | eps 0.050 | elapsed 6316.5s
step  2475000 | reward(last100)  0.2407 | eps 0.050 | elapsed 6327.7s
step  2480000 | reward(last100)  0.2974 | eps 0.050 | elapsed 6339.0s
step  2485000 | reward(last100)  0.2554 | eps 0.050 | elapsed 6350.3s
step  2490000 | reward(last100)  0.2967 | eps 0.050 | elapsed 6361.5s
step  2495000 | reward(last100)  0.3477 | eps 0.050 | elapsed 6372.8s
step  2500000 | reward(last100)  0.2679 | eps 0.050 | elapsed 6384.0s
step  2505000 | reward(last100)  0.2558 | eps 0.050 | elapsed 6396.6s
step  2510000 | reward(last100)  0.2898 | eps 0.050 | elapsed 6408.7s
step  2515000 | reward(last100)  0.2170 | eps 0.050 | elapsed 6420.0s
step  2520000 | reward(last100)  0.3325 | eps 0.050 | elapsed 6431.4s
step  2525000 | reward(last100)  0.2689 | eps 0.050 | elapsed 6442.6s
step  2530000 | reward(last100)  0.2910 | eps 0.050 | elapsed 6453.9s
step  2535000 | reward(last100)  0.2798 | eps 0.050 | elapsed 6465.2s
step  2540000 | reward(last100)  0.2080 | eps 0.050 | elapsed 6476.5s
step  2545000 | reward(last100)  0.3595 | eps 0.050 | elapsed 6487.8s
step  2550000 | reward(last100)  0.3014 | eps 0.050 | elapsed 6500.9s
step  2555000 | reward(last100)  0.4176 | eps 0.050 | elapsed 6513.3s
step  2560000 | reward(last100)  0.4042 | eps 0.050 | elapsed 6524.6s
step  2565000 | reward(last100)  0.4219 | eps 0.050 | elapsed 6535.9s
step  2570000 | reward(last100)  0.3538 | eps 0.050 | elapsed 6547.1s
step  2575000 | reward(last100)  0.3132 | eps 0.050 | elapsed 6558.4s
step  2580000 | reward(last100)  0.2681 | eps 0.050 | elapsed 6569.7s
step  2585000 | reward(last100)  0.3636 | eps 0.050 | elapsed 6580.9s
step  2590000 | reward(last100)  0.4064 | eps 0.050 | elapsed 6592.2s
step  2595000 | reward(last100)  0.3716 | eps 0.050 | elapsed 6603.8s
step  2600000 | reward(last100)  0.4307 | eps 0.050 | elapsed 6618.0s
step  2605000 | reward(last100)  0.4142 | eps 0.050 | elapsed 6629.6s
step  2610000 | reward(last100)  0.3555 | eps 0.050 | elapsed 6640.8s
step  2615000 | reward(last100)  0.3221 | eps 0.050 | elapsed 6652.2s
step  2620000 | reward(last100)  0.3240 | eps 0.050 | elapsed 6664.6s
step  2625000 | reward(last100)  0.3819 | eps 0.050 | elapsed 6676.9s
step  2630000 | reward(last100)  0.3183 | eps 0.050 | elapsed 6689.6s
step  2635000 | reward(last100)  0.3194 | eps 0.050 | elapsed 6702.2s
step  2640000 | reward(last100)  0.3567 | eps 0.050 | elapsed 6714.8s
step  2645000 | reward(last100)  0.3353 | eps 0.050 | elapsed 6727.5s
step  2650000 | reward(last100)  0.4352 | eps 0.050 | elapsed 6740.2s
step  2655000 | reward(last100)  0.3865 | eps 0.050 | elapsed 6753.4s
step  2660000 | reward(last100)  0.3629 | eps 0.050 | elapsed 6767.4s
step  2665000 | reward(last100)  0.3872 | eps 0.050 | elapsed 6778.8s
step  2670000 | reward(last100)  0.3977 | eps 0.050 | elapsed 6790.1s
step  2675000 | reward(last100)  0.2860 | eps 0.050 | elapsed 6801.4s
step  2680000 | reward(last100)  0.3090 | eps 0.050 | elapsed 6812.7s
step  2685000 | reward(last100)  0.3150 | eps 0.050 | elapsed 6823.9s
step  2690000 | reward(last100)  0.3379 | eps 0.050 | elapsed 6838.4s
step  2695000 | reward(last100)  0.3133 | eps 0.050 | elapsed 6854.5s
step  2700000 | reward(last100)  0.2890 | eps 0.050 | elapsed 6870.4s
step  2705000 | reward(last100)  0.3204 | eps 0.050 | elapsed 6883.3s
step  2710000 | reward(last100)  0.3091 | eps 0.050 | elapsed 6896.0s
step  2715000 | reward(last100)  0.2874 | eps 0.050 | elapsed 6910.3s
step  2720000 | reward(last100)  0.3204 | eps 0.050 | elapsed 6925.4s
step  2725000 | reward(last100)  0.2638 | eps 0.050 | elapsed 6940.4s
step  2730000 | reward(last100)  0.3221 | eps 0.050 | elapsed 6955.4s
step  2735000 | reward(last100)  0.2388 | eps 0.050 | elapsed 6970.5s
step  2740000 | reward(last100)  0.2836 | eps 0.050 | elapsed 6985.5s
step  2745000 | reward(last100)  0.3399 | eps 0.050 | elapsed 7000.6s
step  2750000 | reward(last100)  0.2748 | eps 0.050 | elapsed 7015.6s
step  2755000 | reward(last100)  0.3370 | eps 0.050 | elapsed 7027.0s
step  2760000 | reward(last100)  0.2526 | eps 0.050 | elapsed 7038.1s
step  2765000 | reward(last100)  0.2282 | eps 0.050 | elapsed 7049.2s
step  2770000 | reward(last100)  0.2804 | eps 0.050 | elapsed 7060.3s
step  2775000 | reward(last100)  0.3039 | eps 0.050 | elapsed 7071.4s
step  2780000 | reward(last100)  0.3704 | eps 0.050 | elapsed 7082.5s
step  2785000 | reward(last100)  0.2891 | eps 0.050 | elapsed 7093.5s
step  2790000 | reward(last100)  0.2719 | eps 0.050 | elapsed 7104.6s
step  2795000 | reward(last100)  0.3179 | eps 0.050 | elapsed 7115.7s
step  2800000 | reward(last100)  0.3818 | eps 0.050 | elapsed 7126.7s
step  2805000 | reward(last100)  0.2943 | eps 0.050 | elapsed 7137.9s
step  2810000 | reward(last100)  0.3239 | eps 0.050 | elapsed 7148.9s
step  2815000 | reward(last100)  0.2427 | eps 0.050 | elapsed 7159.8s
step  2820000 | reward(last100)  0.2877 | eps 0.050 | elapsed 7170.8s
step  2825000 | reward(last100)  0.2741 | eps 0.050 | elapsed 7181.7s
step  2830000 | reward(last100)  0.3720 | eps 0.050 | elapsed 7192.7s
step  2835000 | reward(last100)  0.3264 | eps 0.050 | elapsed 7203.5s
step  2840000 | reward(last100)  0.3286 | eps 0.050 | elapsed 7214.4s
step  2845000 | reward(last100)  0.3679 | eps 0.050 | elapsed 7225.2s
step  2850000 | reward(last100)  0.2753 | eps 0.050 | elapsed 7236.1s
step  2855000 | reward(last100)  0.2806 | eps 0.050 | elapsed 7247.3s
step  2860000 | reward(last100)  0.3782 | eps 0.050 | elapsed 7258.1s
step  2865000 | reward(last100)  0.3114 | eps 0.050 | elapsed 7268.9s
step  2870000 | reward(last100)  0.3189 | eps 0.050 | elapsed 7279.7s
step  2875000 | reward(last100)  0.2541 | eps 0.050 | elapsed 7290.5s
step  2880000 | reward(last100)  0.3262 | eps 0.050 | elapsed 7301.3s
step  2885000 | reward(last100)  0.2496 | eps 0.050 | elapsed 7312.1s
step  2890000 | reward(last100)  0.3340 | eps 0.050 | elapsed 7322.9s
step  2895000 | reward(last100)  0.2745 | eps 0.050 | elapsed 7333.7s
step  2900000 | reward(last100)  0.2174 | eps 0.050 | elapsed 7344.9s
step  2905000 | reward(last100)  0.1794 | eps 0.050 | elapsed 7357.6s
step  2910000 | reward(last100)  0.2669 | eps 0.050 | elapsed 7370.0s
step  2915000 | reward(last100)  0.3155 | eps 0.050 | elapsed 7382.3s
step  2920000 | reward(last100)  0.3331 | eps 0.050 | elapsed 7393.4s
step  2925000 | reward(last100)  0.2890 | eps 0.050 | elapsed 7404.5s
step  2930000 | reward(last100)  0.2048 | eps 0.050 | elapsed 7415.5s
step  2935000 | reward(last100)  0.2674 | eps 0.050 | elapsed 7426.5s
step  2940000 | reward(last100)  0.2792 | eps 0.050 | elapsed 7437.6s
step  2945000 | reward(last100)  0.2944 | eps 0.050 | elapsed 7448.6s
step  2950000 | reward(last100)  0.2987 | eps 0.050 | elapsed 7459.5s
step  2955000 | reward(last100)  0.4158 | eps 0.050 | elapsed 7474.6s
step  2960000 | reward(last100)  0.3244 | eps 0.050 | elapsed 7489.4s
step  2965000 | reward(last100)  0.3527 | eps 0.050 | elapsed 7502.6s
step  2970000 | reward(last100)  0.3898 | eps 0.050 | elapsed 7514.8s
step  2975000 | reward(last100)  0.2669 | eps 0.050 | elapsed 7527.0s
step  2980000 | reward(last100)  0.3681 | eps 0.050 | elapsed 7539.2s
step  2985000 | reward(last100)  0.2961 | eps 0.050 | elapsed 7551.6s
step  2990000 | reward(last100)  0.3154 | eps 0.050 | elapsed 7564.0s
step  2995000 | reward(last100)  0.2842 | eps 0.050 | elapsed 7577.1s
step  3000000 | reward(last100)  0.3352 | eps 0.050 | elapsed 7590.4s
