step     5000 | reward(last100)  0.0000 | sigma 0.0309 | elapsed    6.3s
step    10000 | reward(last100)  0.0033 | sigma 0.0309 | elapsed   13.0s
step    15000 | reward(last100)  0.1519 | sigma 0.0300 | elapsed   36.6s
step    20000 | reward(last100)  0.1732 | sigma 0.0284 | elapsed   59.2s
step    25000 | reward(last100)  0.9108 | sigma 0.0271 | elapsed   81.8s
step    30000 | reward(last100)  0.7974 | sigma 0.0261 | elapsed  101.3s
step    35000 | reward(last100)  0.6264 | sigma 0.0255 | elapsed  118.9s
step    40000 | reward(last100)  0.4386 | sigma 0.0252 | elapsed  136.1s
step    45000 | reward(last100)  0.2641 | sigma 0.0250 | elapsed  152.8s
step    50000 | reward(last100)  0.2366 | sigma 0.0248 | elapsed  170.4s
step    55000 | reward(last100)  0.2334 | sigma 0.0247 | elapsed  190.8s
step    60000 | reward(last100)  0.3163 | sigma 0.0246 | elapsed  214.4s
step    65000 | reward(last100)  0.3191 | sigma 0.0245 | elapsed  238.4s
step    70000 | reward(last100)  0.3462 | sigma 0.0244 | elapsed  261.4s
step    75000 | reward(last100)  0.3937 | sigma 0.0243 | elapsed  284.2s
step    80000 | reward(last100)  0.5056 | sigma 0.0243 | elapsed  307.0s
step    85000 | reward(last100)  0.5285 | sigma 0.0242 | elapsed  329.6s
step    90000 | reward(last100)  0.5130 | sigma 0.0241 | elapsed  351.9s
step    95000 | reward(last100)  0.5064 | sigma 0.0241 | elapsed  374.5s
step   100000 | reward(last100)  0.8025 | sigma 0.0240 | elapsed  397.1s
step   105000 | reward(last100)  0.9333 | sigma 0.0240 | elapsed  415.6s
step   110000 | reward(last100)  0.9036 | sigma 0.0239 | elapsed  435.8s
step   115000 | reward(last100)  0.7904 | sigma 0.0238 | elapsed  456.9s
step   120000 | reward(last100)  0.6642 | sigma 0.0238 | elapsed  477.9s
step   125000 | reward(last100)  0.5565 | sigma 0.0238 | elapsed  498.2s
step   130000 | reward(last100)  0.5497 | sigma 0.0237 | elapsed  516.9s
step   135000 | reward(last100)  0.4414 | sigma 0.0237 | elapsed  537.4s
step   140000 | reward(last100)  0.4386 | sigma 0.0237 | elapsed  559.6s
step   145000 | reward(last100)  0.4055 | sigma 0.0237 | elapsed  581.3s
step   150000 | reward(last100)  0.4341 | sigma 0.0237 | elapsed  600.9s
step   155000 | reward(last100)  0.3368 | sigma 0.0237 | elapsed  620.7s
step   160000 | reward(last100)  0.2428 | sigma 0.0236 | elapsed  642.8s
step   165000 | reward(last100)  0.1984 | sigma 0.0236 | elapsed  663.9s
step   170000 | reward(last100)  0.1854 | sigma 0.0236 | elapsed  683.7s
step   175000 | reward(last100)  0.1527 | sigma 0.0236 | elapsed  700.0s
step   180000 | reward(last100)  0.1313 | sigma 0.0236 | elapsed  718.4s
step   185000 | reward(last100)  0.3756 | sigma 0.0236 | elapsed  739.3s
step   190000 | reward(last100)  0.8104 | sigma 0.0236 | elapsed  759.1s
step   195000 | reward(last100)  0.8625 | sigma 0.0236 | elapsed  775.6s
step   200000 | reward(last100)  0.9035 | sigma 0.0236 | elapsed  793.1s
step   205000 | reward(last100)  0.9093 | sigma 0.0236 | elapsed  814.3s
step   210000 | reward(last100)  0.8690 | sigma 0.0236 | elapsed  834.2s
step   215000 | reward(last100)  0.9275 | sigma 0.0236 | elapsed  853.4s
step   220000 | reward(last100)  0.9282 | sigma 0.0236 | elapsed  872.9s
step   225000 | reward(last100)  0.9344 | sigma 0.0235 | elapsed  892.8s
step   230000 | reward(last100)  0.9402 | sigma 0.0235 | elapsed  912.6s
step   235000 | reward(last100)  0.9526 | sigma 0.0235 | elapsed  931.5s
step   240000 | reward(last100)  0.9514 | sigma 0.0235 | elapsed  950.2s
step   245000 | reward(last100)  0.9514 | sigma 0.0235 | elapsed  969.6s
step   250000 | reward(last100)  0.9425 | sigma 0.0235 | elapsed  989.7s
step   255000 | reward(last100)  0.9527 | sigma 0.0234 | elapsed 1010.5s
step   260000 | reward(last100)  0.9501 | sigma 0.0235 | elapsed 1029.6s
step   265000 | reward(last100)  0.9517 | sigma 0.0235 | elapsed 1048.3s
step   270000 | reward(last100)  0.9349 | sigma 0.0234 | elapsed 1065.0s
step   275000 | reward(last100)  0.9228 | sigma 0.0234 | elapsed 1082.2s
step   280000 | reward(last100)  0.9516 | sigma 0.0234 | elapsed 1099.2s
step   285000 | reward(last100)  0.9535 | sigma 0.0234 | elapsed 1121.4s
step   290000 | reward(last100)  0.9537 | sigma 0.0234 | elapsed 1143.2s
step   295000 | reward(last100)  0.9496 | sigma 0.0234 | elapsed 1164.9s
step   300000 | reward(last100)  0.9442 | sigma 0.0234 | elapsed 1186.1s
step   305000 | reward(last100)  0.9482 | sigma 0.0234 | elapsed 1204.4s
step   310000 | reward(last100)  0.9527 | sigma 0.0234 | elapsed 1224.9s
step   315000 | reward(last100)  0.9535 | sigma 0.0234 | elapsed 1247.3s
step   320000 | reward(last100)  0.9528 | sigma 0.0234 | elapsed 1269.3s
step   325000 | reward(last100)  0.9515 | sigma 0.0234 | elapsed 1291.4s
step   330000 | reward(last100)  0.9477 | sigma 0.0234 | elapsed 1314.2s
step   335000 | reward(last100)  0.9473 | sigma 0.0234 | elapsed 1336.5s
step   340000 | reward(last100)  0.9483 | sigma 0.0234 | elapsed 1356.5s
step   345000 | reward(last100)  0.9482 | sigma 0.0234 | elapsed 1377.4s
step   350000 | reward(last100)  0.9518 | sigma 0.0234 | elapsed 1400.3s
step   355000 | reward(last100)  0.9495 | sigma 0.0234 | elapsed 1418.7s
step   360000 | reward(last100)  0.9437 | sigma 0.0234 | elapsed 1438.9s
step   365000 | reward(last100)  0.9527 | sigma 0.0234 | elapsed 1454.7s
step   370000 | reward(last100)  0.9521 | sigma 0.0234 | elapsed 1473.6s
step   375000 | reward(last100)  0.9511 | sigma 0.0234 | elapsed 1496.2s
step   380000 | reward(last100)  0.9472 | sigma 0.0234 | elapsed 1516.2s
step   385000 | reward(last100)  0.9491 | sigma 0.0234 | elapsed 1537.8s
step   390000 | reward(last100)  0.9509 | sigma 0.0234 | elapsed 1557.5s
step   395000 | reward(last100)  0.9481 | sigma 0.0234 | elapsed 1578.7s
step   400000 | reward(last100)  0.9366 | sigma 0.0234 | elapsed 1600.5s
step   405000 | reward(last100)  0.9508 | sigma 0.0234 | elapsed 1619.7s
step   410000 | reward(last100)  0.9514 | sigma 0.0234 | elapsed 1638.6s
step   415000 | reward(last100)  0.9490 | sigma 0.0234 | elapsed 1660.6s
step   420000 | reward(last100)  0.9409 | sigma 0.0234 | elapsed 1684.5s
step   425000 | reward(last100)  0.9437 | sigma 0.0234 | elapsed 1703.9s
step   430000 | reward(last100)  0.9520 | sigma 0.0234 | elapsed 1719.8s
step   435000 | reward(last100)  0.9517 | sigma 0.0234 | elapsed 1736.1s
step   440000 | reward(last100)  0.9525 | sigma 0.0234 | elapsed 1752.4s
step   445000 | reward(last100)  0.9478 | sigma 0.0234 | elapsed 1768.5s
step   450000 | reward(last100)  0.9508 | sigma 0.0234 | elapsed 1786.2s
step   455000 | reward(last100)  0.9469 | sigma 0.0234 | elapsed 1805.6s
step   460000 | reward(last100)  0.9520 | sigma 0.0234 | elapsed 1828.7s
step   465000 | reward(last100)  0.9533 | sigma 0.0234 | elapsed 1853.1s
step   470000 | reward(last100)  0.9498 | sigma 0.0234 | elapsed 1878.2s
step   475000 | reward(last100)  0.9522 | sigma 0.0234 | elapsed 1904.6s
step   480000 | reward(last100)  0.9530 | sigma 0.0234 | elapsed 1927.6s
step   485000 | reward(last100)  0.9511 | sigma 0.0234 | elapsed 1946.4s
step   490000 | reward(last100)  0.9483 | sigma 0.0234 | elapsed 1968.9s
step   495000 | reward(last100)  0.9518 | sigma 0.0234 | elapsed 1992.0s
step   500000 | reward(last100)  0.9483 | sigma 0.0234 | elapsed 2012.3s
