step     5000 | reward(last100)  0.0046 | eps 0.976 | elapsed    1.2s
step    10000 | reward(last100)  0.0000 | eps 0.953 | elapsed    2.7s
step    15000 | reward(last100)  0.0048 | eps 0.929 | elapsed   16.0s
step    20000 | reward(last100)  0.0104 | eps 0.905 | elapsed   29.1s
step    25000 | reward(last100)  0.0459 | eps 0.881 | elapsed   42.3s
step    30000 | reward(last100)  0.0367 | eps 0.858 | elapsed   55.4s
step    35000 | reward(last100)  0.0865 | eps 0.834 | elapsed   68.5s
step    40000 | reward(last100)  0.0553 | eps 0.810 | elapsed   81.5s
step    45000 | reward(last100)  0.0728 | eps 0.786 | elapsed   94.7s
step    50000 | reward(last100)  0.0666 | eps 0.762 | elapsed  108.6s
step    55000 | reward(last100)  0.0648 | eps 0.739 | elapsed  123.8s
step    60000 | reward(last100)  0.0679 | eps 0.715 | elapsed  135.5s
step    65000 | reward(last100)  0.0556 | eps 0.691 | elapsed  146.8s
step    70000 | reward(last100)  0.0371 | eps 0.667 | elapsed  159.9s
step    75000 | reward(last100)  0.0696 | eps 0.644 | elapsed  172.6s
step    80000 | reward(last100)  0.0219 | eps 0.620 | elapsed  185.9s
step    85000 | reward(last100)  0.0203 | eps 0.596 | elapsed  199.8s
step    90000 | reward(last100)  0.0106 | eps 0.573 | elapsed  209.9s
step    95000 | reward(last100)  0.0084 | eps 0.549 | elapsed  217.8s
step   100000 | reward(last100)  0.0079 | eps 0.525 | elapsed  225.5s
step   105000 | reward(last100)  0.0129 | eps 0.501 | elapsed  239.5s
step   110000 | reward(last100)  0.0294 | eps 0.478 | elapsed  252.8s
step   115000 | reward(last100)  0.0414 | eps 0.454 | elapsed  266.5s
step   120000 | reward(last100)  0.0162 | eps 0.430 | elapsed  280.4s
step   125000 | reward(last100)  0.0179 | eps 0.406 | elapsed  294.3s
step   130000 | reward(last100)  0.0200 | eps 0.383 | elapsed  306.9s
step   135000 | reward(last100)  0.0243 | eps 0.359 | elapsed  319.7s
step   140000 | reward(last100)  0.0118 | eps 0.335 | elapsed  331.7s
step   145000 | reward(last100)  0.0095 | eps 0.311 | elapsed  343.7s
step   150000 | reward(last100)  0.0688 | eps 0.288 | elapsed  355.9s
step   155000 | reward(last100)  0.0063 | eps 0.264 | elapsed  366.5s
step   160000 | reward(last100)  0.0184 | eps 0.240 | elapsed  376.8s
step   165000 | reward(last100)  0.0150 | eps 0.216 | elapsed  388.0s
step   170000 | reward(last100)  0.0041 | eps 0.193 | elapsed  401.8s
step   175000 | reward(last100)  0.0482 | eps 0.169 | elapsed  415.2s
step   180000 | reward(last100)  0.0282 | eps 0.145 | elapsed  426.3s
step   185000 | reward(last100)  0.1631 | eps 0.121 | elapsed  438.7s
step   190000 | reward(last100)  0.1667 | eps 0.098 | elapsed  452.5s
step   195000 | reward(last100)  0.5212 | eps 0.074 | elapsed  466.0s
step   200000 | reward(last100)  0.4372 | eps 0.050 | elapsed  478.8s
step   205000 | reward(last100)  0.1650 | eps 0.050 | elapsed  490.1s
step   210000 | reward(last100)  0.0539 | eps 0.050 | elapsed  500.9s
step   215000 | reward(last100)  0.0256 | eps 0.050 | elapsed  511.7s
step   220000 | reward(last100)  0.0017 | eps 0.050 | elapsed  525.0s
step   225000 | reward(last100)  0.0000 | eps 0.050 | elapsed  537.6s
step   230000 | reward(last100)  0.0000 | eps 0.050 | elapsed  551.5s
step   235000 | reward(last100)  0.0000 | eps 0.050 | elapsed  561.8s
step   240000 | reward(last100)  0.0365 | eps 0.050 | elapsed  572.7s
step   245000 | reward(last100)  0.1682 | eps 0.050 | elapsed  586.6s
step   250000 | reward(last100)  0.2818 | eps 0.050 | elapsed  601.0s
step   255000 | reward(last100)  0.3269 | eps 0.050 | elapsed  612.6s
step   260000 | reward(last100)  0.5964 | eps 0.050 | elapsed  624.1s
step   265000 | reward(last100)  0.3481 | eps 0.050 | elapsed  639.5s
step   270000 | reward(last100)  0.6321 | eps 0.050 | elapsed  654.2s
step   275000 | reward(last100)  0.4432 | eps 0.050 | elapsed  668.5s
step   280000 | reward(last100)  0.2464 | eps 0.050 | elapsed  682.7s
step   285000 | reward(last100)  0.3891 | eps 0.050 | elapsed  697.9s
step   290000 | reward(last100)  0.1902 | eps 0.050 | elapsed  712.4s
step   295000 | reward(last100)  0.2832 | eps 0.050 | elapsed  727.2s
step   300000 | reward(last100)  0.1632 | eps 0.050 | elapsed  742.0s
step   305000 | reward(last100)  0.0974 | eps 0.050 | elapsed  754.4s
step   310000 | reward(last100)  0.0383 | eps 0.050 | elapsed  766.3s
step   315000 | reward(last100)  0.1663 | eps 0.050 | elapsed  780.4s
step   320000 | reward(last100)  0.2876 | eps 0.050 | elapsed  792.2s
step   325000 | reward(last100)  0.3102 | eps 0.050 | elapsed  803.8s
step   330000 | reward(last100)  0.3592 | eps 0.050 | elapsed  814.9s
step   335000 | reward(last100)  0.2467 | eps 0.050 | elapsed  826.0s
step   340000 | reward(last100)  0.2734 | eps 0.050 | elapsed  839.4s
step   345000 | reward(last100)  0.2862 | eps 0.050 | elapsed  851.7s
step   350000 | reward(last100)  0.3315 | eps 0.050 | elapsed  866.2s
step   355000 | reward(last100)  0.3637 | eps 0.050 | elapsed  879.2s
step   360000 | reward(last100)  0.4036 | eps 0.050 | elapsed  892.4s
step   365000 | reward(last100)  0.1977 | eps 0.050 | elapsed  907.6s
step   370000 | reward(last100)  0.2386 | eps 0.050 | elapsed  923.1s
step   375000 | reward(last100)  0.0541 | eps 0.050 | elapsed  938.3s
step   380000 | reward(last100)  0.1679 | eps 0.050 | elapsed  953.6s
step   385000 | reward(last100)  0.2534 | eps 0.050 | elapsed  968.8s
step   390000 | reward(last100)  0.1350 | eps 0.050 | elapsed  983.5s
step   395000 | reward(last100)  0.1565 | eps 0.050 | elapsed  997.3s
step   400000 | reward(last100)  0.2343 | eps 0.050 | elapsed 1012.3s
step   405000 | reward(last100)  0.1980 | eps 0.050 | elapsed 1024.1s
step   410000 | reward(last100)  0.3018 | eps 0.050 | elapsed 1039.3s
step   415000 | reward(last100)  0.1905 | eps 0.050 | elapsed 1052.9s
step   420000 | reward(last100)  0.2697 | eps 0.050 | elapsed 1067.6s
step   425000 | reward(last100)  0.0803 | eps 0.050 | elapsed 1078.3s
step   430000 | reward(last100)  0.0670 | eps 0.050 | elapsed 1089.0s
step   435000 | reward(last100)  0.0976 | eps 0.050 | elapsed 1102.0s
step   440000 | reward(last100)  0.1907 | eps 0.050 | elapsed 1113.3s
step   445000 | reward(last100)  0.2411 | eps 0.050 | elapsed 1124.3s
step   450000 | reward(last100)  0.1290 | eps 0.050 | elapsed 1135.8s
step   455000 | reward(last100)  0.2303 | eps 0.050 | elapsed 1145.8s
step   460000 | reward(last100)  0.1418 | eps 0.050 | elapsed 1158.9s
step   465000 | reward(last100)  0.2477 | eps 0.050 | elapsed 1170.8s
step   470000 | reward(last100)  0.1279 | eps 0.050 | elapsed 1182.4s
step   475000 | reward(last100)  0.3197 | eps 0.050 | elapsed 1194.5s
step   480000 | reward(last100)  0.1184 | eps 0.050 | elapsed 1208.8s
step   485000 | reward(last100)  0.0972 | eps 0.050 | elapsed 1218.7s
step   490000 | reward(last100)  0.1141 | eps 0.050 | elapsed 1230.5s
step   495000 | reward(last100)  0.0578 | eps 0.050 | elapsed 1243.4s
step   500000 | reward(last100)  0.1916 | eps 0.050 | elapsed 1254.9s
step   505000 | reward(last100)  0.2764 | eps 0.050 | elapsed 1272.2s
step   510000 | reward(last100)  0.1831 | eps 0.050 | elapsed 1287.9s
step   515000 | reward(last100)  0.2272 | eps 0.050 | elapsed 1302.7s
step   520000 | reward(last100)  0.0962 | eps 0.050 | elapsed 1313.8s
step   525000 | reward(last100)  0.1853 | eps 0.050 | elapsed 1324.9s
step   530000 | reward(last100)  0.3431 | eps 0.050 | elapsed 1339.2s
step   535000 | reward(last100)  0.0152 | eps 0.050 | elapsed 1352.6s
step   540000 | reward(last100)  0.1901 | eps 0.050 | elapsed 1366.5s
step   545000 | reward(last100)  0.1545 | eps 0.050 | elapsed 1380.4s
step   550000 | reward(last100)  0.2424 | eps 0.050 | elapsed 1394.4s
step   555000 | reward(last100)  0.2361 | eps 0.050 | elapsed 1406.4s
step   560000 | reward(last100)  0.2068 | eps 0.050 | elapsed 1417.6s
step   565000 | reward(last100)  0.0262 | eps 0.050 | elapsed 1428.4s
step   570000 | reward(last100)  0.1076 | eps 0.050 | elapsed 1439.1s
step   575000 | reward(last100)  0.1096 | eps 0.050 | elapsed 1449.8s
step   580000 | reward(last100)  0.2561 | eps 0.050 | elapsed 1461.1s
step   585000 | reward(last100)  0.1318 | eps 0.050 | elapsed 1472.6s
step   590000 | reward(last100)  0.0275 | eps 0.050 | elapsed 1484.2s
step   595000 | reward(last100)  0.0856 | eps 0.050 | elapsed 1495.8s
step   600000 | reward(last100)  0.0564 | eps 0.050 | elapsed 1507.7s
step   605000 | reward(last100)  0.1820 | eps 0.050 | elapsed 1520.7s
step   610000 | reward(last100)  0.2163 | eps 0.050 | elapsed 1534.0s
step   615000 | reward(last100)  0.0479 | eps 0.050 | elapsed 1547.5s
step   620000 | reward(last100)  0.1620 | eps 0.050 | elapsed 1557.9s
step   625000 | reward(last100)  0.1127 | eps 0.050 | elapsed 1567.4s
step   630000 | reward(last100)  0.2128 | eps 0.050 | elapsed 1577.4s
step   635000 | reward(last100)  0.1194 | eps 0.050 | elapsed 1587.4s
step   640000 | reward(last100)  0.0465 | eps 0.050 | elapsed 1600.1s
step   645000 | reward(last100)  0.1786 | eps 0.050 | elapsed 1611.7s
step   650000 | reward(last100)  0.2209 | eps 0.050 | elapsed 1622.6s
step   655000 | reward(last100)  0.2645 | eps 0.050 | elapsed 1636.9s
step   660000 | reward(last100)  0.0169 | eps 0.050 | elapsed 1648.8s
step   665000 | reward(last100)  0.0094 | eps 0.050 | elapsed 1658.4s
step   670000 | reward(last100)  0.2018 | eps 0.050 | elapsed 1667.8s
step   675000 | reward(last100)  0.2001 | eps 0.050 | elapsed 1678.2s
step   680000 | reward(last100)  0.0328 | eps 0.050 | elapsed 1689.5s
step   685000 | reward(last100)  0.2230 | eps 0.050 | elapsed 1700.8s
step   690000 | reward(last100)  0.1052 | eps 0.050 | elapsed 1711.3s
step   695000 | reward(last100)  0.3555 | eps 0.050 | elapsed 1722.4s
step   700000 | reward(last100)  0.1140 | eps 0.050 | elapsed 1733.7s
step   705000 | reward(last100)  0.1729 | eps 0.050 | elapsed 1745.9s
step   710000 | reward(last100)  0.2637 | eps 0.050 | elapsed 1760.6s
step   715000 | reward(last100)  0.1496 | eps 0.050 | elapsed 1775.0s
step   720000 | reward(last100)  0.0487 | eps 0.050 | elapsed 1789.7s
step   725000 | reward(last100)  0.3215 | eps 0.050 | elapsed 1801.9s
step   730000 | reward(last100)  0.0635 | eps 0.050 | elapsed 1813.1s
step   735000 | reward(last100)  0.2304 | eps 0.050 | elapsed 1824.2s
step   740000 | reward(last100)  0.3080 | eps 0.050 | elapsed 1835.2s
step   745000 | reward(last100)  0.3259 | eps 0.050 | elapsed 1848.5s
step   750000 | reward(last100)  0.1407 | eps 0.050 | elapsed 1861.2s
step   755000 | reward(last100)  0.1871 | eps 0.050 | elapsed 1876.1s
step   760000 | reward(last100)  0.2411 | eps 0.050 | elapsed 1891.4s
step   765000 | reward(last100)  0.2550 | eps 0.050 | elapsed 1907.0s
step   770000 | reward(last100)  0.1315 | eps 0.050 | elapsed 1919.2s
step   775000 | reward(last100)  0.3538 | eps 0.050 | elapsed 1928.5s
step   780000 | reward(last100)  0.2843 | eps 0.050 | elapsed 1937.8s
step   785000 | reward(last100)  0.2982 | eps 0.050 | elapsed 1947.3s
step   790000 | reward(last100)  0.3454 | eps 0.050 | elapsed 1956.8s
step   795000 | reward(last100)  0.3080 | eps 0.050 | elapsed 1966.2s
step   800000 | reward(last100)  0.3140 | eps 0.050 | elapsed 1976.5s
step   805000 | reward(last100)  0.3785 | eps 0.050 | elapsed 1987.6s
step   810000 | reward(last100)  0.3746 | eps 0.050 | elapsed 1998.1s
step   815000 | reward(last100)  0.0245 | eps 0.050 | elapsed 2008.5s
step   820000 | reward(last100)  0.2385 | eps 0.050 | elapsed 2018.8s
step   825000 | reward(last100)  0.3655 | eps 0.050 | elapsed 2028.3s
step   830000 | reward(last100)  0.3039 | eps 0.050 | elapsed 2037.6s
step   835000 | reward(last100)  0.2615 | eps 0.050 | elapsed 2048.0s
step   840000 | reward(last100)  0.0073 | eps 0.050 | elapsed 2059.6s
step   845000 | reward(last100)  0.2217 | eps 0.050 | elapsed 2071.1s
step   850000 | reward(last100)  0.3625 | eps 0.050 | elapsed 2082.5s
step   855000 | reward(last100)  0.2925 | eps 0.050 | elapsed 2094.1s
step   860000 | reward(last100)  0.2917 | eps 0.050 | elapsed 2105.6s
step   865000 | reward(last100)  0.1954 | eps 0.050 | elapsed 2117.0s
step   870000 | reward(last100)  0.2851 | eps 0.050 | elapsed 2128.5s
step   875000 | reward(last100)  0.2506 | eps 0.050 | elapsed 2140.0s
step   880000 | reward(last100)  0.3284 | eps 0.050 | elapsed 2151.5s
step   885000 | reward(last100)  0.2709 | eps 0.050 | elapsed 2164.6s
step   890000 | reward(last100)  0.3684 | eps 0.050 | elapsed 2178.8s
step   895000 | reward(last100)  0.1914 | eps 0.050 | elapsed 2193.0s
step   900000 | reward(last100)  0.3739 | eps 0.050 | elapsed 2206.6s
step   905000 | reward(last100)  0.1005 | eps 0.050 | elapsed 2217.7s
step   910000 | reward(last100)  0.2600 | eps 0.050 | elapsed 2228.7s
step   915000 | reward(last100)  0.2769 | eps 0.050 | elapsed 2239.3s
step   920000 | reward(last100)  0.0685 | eps 0.050 | elapsed 2249.9s
step   925000 | reward(last100)  0.2788 | eps 0.050 | elapsed 2260.5s
step   930000 | reward(last100)  0.3486 | eps 0.050 | elapsed 2274.2s
step   935000 | reward(last100)  0.3433 | eps 0.050 | elapsed 2287.5s
step   940000 | reward(last100)  0.0976 | eps 0.050 | elapsed 2300.7s
step   945000 | reward(last100)  0.4144 | eps 0.050 | elapsed 2313.9s
step   950000 | reward(last100)  0.3820 | eps 0.050 | elapsed 2327.6s
step   955000 | reward(last100)  0.4061 | eps 0.050 | elapsed 2338.7s
step   960000 | reward(last100)  0.0611 | eps 0.050 | elapsed 2349.9s
step   965000 | reward(last100)  0.1405 | eps 0.050 | elapsed 2363.2s
step   970000 | reward(last100)  0.2580 | eps 0.050 | elapsed 2376.5s
step   975000 | reward(last100)  0.3753 | eps 0.050 | elapsed 2389.8s
step   980000 | reward(last100)  0.1032 | eps 0.050 | elapsed 2403.1s
step   985000 | reward(last100)  0.2056 | eps 0.050 | elapsed 2413.8s
step   990000 | reward(last100)  0.0553 | eps 0.050 | elapsed 2423.4s
step   995000 | reward(last100)  0.2035 | eps 0.050 | elapsed 2433.2s
step  1000000 | reward(last100)  0.2900 | eps 0.050 | elapsed 2442.7s
step  1005000 | reward(last100)  0.1663 | eps 0.050 | elapsed 2453.5s
step  1010000 | reward(last100)  0.1808 | eps 0.050 | elapsed 2464.0s
step  1015000 | reward(last100)  0.2645 | eps 0.050 | elapsed 2474.7s
step  1020000 | reward(last100)  0.2612 | eps 0.050 | elapsed 2484.3s
step  1025000 | reward(last100)  0.0221 | eps 0.050 | elapsed 2494.6s
step  1030000 | reward(last100)  0.2311 | eps 0.050 | elapsed 2505.1s
step  1035000 | reward(last100)  0.2701 | eps 0.050 | elapsed 2515.7s
step  1040000 | reward(last100)  0.1229 | eps 0.050 | elapsed 2526.3s
step  1045000 | reward(last100)  0.3115 | eps 0.050 | elapsed 2536.7s
step  1050000 | reward(last100)  0.1333 | eps 0.050 | elapsed 2547.3s
step  1055000 | reward(last100)  0.0759 | eps 0.050 | elapsed 2557.8s
step  1060000 | reward(last100)  0.3575 | eps 0.050 | elapsed 2567.4s
step  1065000 | reward(last100)  0.2290 | eps 0.050 | elapsed 2581.7s
step  1070000 | reward(last100)  0.2547 | eps 0.050 | elapsed 2596.8s
step  1075000 | reward(last100)  0.1884 | eps 0.050 | elapsed 2609.0s
step  1080000 | reward(last100)  0.3338 | eps 0.050 | elapsed 2619.6s
step  1085000 | reward(last100)  0.4446 | eps 0.050 | elapsed 2630.3s
step  1090000 | reward(last100)  0.3361 | eps 0.050 | elapsed 2640.9s
step  1095000 | reward(last100)  0.1421 | eps 0.050 | elapsed 2651.5s
step  1100000 | reward(last100)  0.1493 | eps 0.050 | elapsed 2662.0s
step  1105000 | reward(last100)  0.2755 | eps 0.050 | elapsed 2672.0s
step  1110000 | reward(last100)  0.2925 | eps 0.050 | elapsed 2681.6s
step  1115000 | reward(last100)  0.2717 | eps 0.050 | elapsed 2691.1s
step  1120000 | reward(last100)  0.1741 | eps 0.050 | elapsed 2700.7s
step  1125000 | reward(last100)  0.3028 | eps 0.050 | elapsed 2710.2s
step  1130000 | reward(last100)  0.2021 | eps 0.050 | elapsed 2719.8s
step  1135000 | reward(last100)  0.1343 | eps 0.050 | elapsed 2729.4s
step  1140000 | reward(last100)  0.0230 | eps 0.050 | elapsed 2739.0s
step  1145000 | reward(last100)  0.0149 | eps 0.050 | elapsed 2748.9s
step  1150000 | reward(last100)  0.3069 | eps 0.050 | elapsed 2759.8s
step  1155000 | reward(last100)  0.1866 | eps 0.050 | elapsed 2770.9s
step  1160000 | reward(last100)  0.1120 | eps 0.050 | elapsed 2781.5s
step  1165000 | reward(last100)  0.1284 | eps 0.050 | elapsed 2792.1s
step  1170000 | reward(last100)  0.1194 | eps 0.050 | elapsed 2802.3s
step  1175000 | reward(last100)  0.3008 | eps 0.050 | elapsed 2811.8s
step  1180000 | reward(last100)  0.0856 | eps 0.050 | elapsed 2821.3s
step  1185000 | reward(last100)  0.2294 | eps 0.050 | elapsed 2830.9s
step  1190000 | reward(last100)  0.1658 | eps 0.050 | elapsed 2841.2s
step  1195000 | reward(last100)  0.1942 | eps 0.050 | elapsed 2851.8s
step  1200000 | reward(last100)  0.0503 | eps 0.050 | elapsed 2864.5s
step  1205000 | reward(last100)  0.1916 | eps 0.050 | elapsed 2876.3s
step  1210000 | reward(last100)  0.1022 | eps 0.050 | elapsed 2887.6s
step  1215000 | reward(last100)  0.0484 | eps 0.050 | elapsed 2898.8s
step  1220000 | reward(last100)  0.1983 | eps 0.050 | elapsed 2910.0s
step  1225000 | reward(last100)  0.2380 | eps 0.050 | elapsed 2920.5s
step  1230000 | reward(last100)  0.1827 | eps 0.050 | elapsed 2930.9s
step  1235000 | reward(last100)  0.3348 | eps 0.050 | elapsed 2941.3s
step  1240000 | reward(last100)  0.1863 | eps 0.050 | elapsed 2951.7s
step  1245000 | reward(last100)  0.2195 | eps 0.050 | elapsed 2962.1s
step  1250000 | reward(last100)  0.0069 | eps 0.050 | elapsed 2972.4s
step  1255000 | reward(last100)  0.2565 | eps 0.050 | elapsed 2983.8s
step  1260000 | reward(last100)  0.2686 | eps 0.050 | elapsed 2994.7s
step  1265000 | reward(last100)  0.2461 | eps 0.050 | elapsed 3005.4s
step  1270000 | reward(last100)  0.2019 | eps 0.050 | elapsed 3016.2s
step  1275000 | reward(last100)  0.0656 | eps 0.050 | elapsed 3027.0s
step  1280000 | reward(last100)  0.3926 | eps 0.050 | elapsed 3037.7s
step  1285000 | reward(last100)  0.2866 | eps 0.050 | elapsed 3048.3s
step  1290000 | reward(last100)  0.3161 | eps 0.050 | elapsed 3057.9s
step  1295000 | reward(last100)  0.1052 | eps 0.050 | elapsed 3067.6s
step  1300000 | reward(last100)  0.2323 | eps 0.050 | elapsed 3077.3s
step  1305000 | reward(last100)  0.2120 | eps 0.050 | elapsed 3092.5s
step  1310000 | reward(last100)  0.1812 | eps 0.050 | elapsed 3106.9s
step  1315000 | reward(last100)  0.2232 | eps 0.050 | elapsed 3121.2s
step  1320000 | reward(last100)  0.2105 | eps 0.050 | elapsed 3134.7s
step  1325000 | reward(last100)  0.2382 | eps 0.050 | elapsed 3145.4s
step  1330000 | reward(last100)  0.3067 | eps 0.050 | elapsed 3155.9s
step  1335000 | reward(last100)  0.2277 | eps 0.050 | elapsed 3166.3s
step  1340000 | reward(last100)  0.2499 | eps 0.050 | elapsed 3176.7s
step  1345000 | reward(last100)  0.2255 | eps 0.050 | elapsed 3187.1s
step  1350000 | reward(last100)  0.2897 | eps 0.050 | elapsed 3197.6s
step  1355000 | reward(last100)  0.3642 | eps 0.050 | elapsed 3208.3s
step  1360000 | reward(last100)  0.2289 | eps 0.050 | elapsed 3217.9s
step  1365000 | reward(last100)  0.1718 | eps 0.050 | elapsed 3227.6s
step  1370000 | reward(last100)  0.2415 | eps 0.050 | elapsed 3237.3s
step  1375000 | reward(last100)  0.3070 | eps 0.050 | elapsed 3247.0s
step  1380000 | reward(last100)  0.3428 | eps 0.050 | elapsed 3256.6s
step  1385000 | reward(last100)  0.3182 | eps 0.050 | elapsed 3266.9s
step  1390000 | reward(last100)  0.0046 | eps 0.050 | elapsed 3278.8s
step  1395000 | reward(last100)  0.3537 | eps 0.050 | elapsed 3290.4s
step  1400000 | reward(last100)  0.2414 | eps 0.050 | elapsed 3301.8s
step  1405000 | reward(last100)  0.0755 | eps 0.050 | elapsed 3315.1s
step  1410000 | reward(last100)  0.2572 | eps 0.050 | elapsed 3328.1s
step  1415000 | reward(last100)  0.2291 | eps 0.050 | elapsed 3341.1s
step  1420000 | reward(last100)  0.2797 | eps 0.050 | elapsed 3354.0s
step  1425000 | reward(last100)  0.0752 | eps 0.050 | elapsed 3367.0s
step  1430000 | reward(last100)  0.1797 | eps 0.050 | elapsed 3376.9s
step  1435000 | reward(last100)  0.3455 | eps 0.050 | elapsed 3386.6s
step  1440000 | reward(last100)  0.1676 | eps 0.050 | elapsed 3396.2s
step  1445000 | reward(last100)  0.1024 | eps 0.050 | elapsed 3405.9s
step  1450000 | reward(last100)  0.1902 | eps 0.050 | elapsed 3415.6s
step  1455000 | reward(last100)  0.0751 | eps 0.050 | elapsed 3425.6s
step  1460000 | reward(last100)  0.1299 | eps 0.050 | elapsed 3436.0s
step  1465000 | reward(last100)  0.2065 | eps 0.050 | elapsed 3446.3s
step  1470000 | reward(last100)  0.2255 | eps 0.050 | elapsed 3457.1s
step  1475000 | reward(last100)  0.2193 | eps 0.050 | elapsed 3467.9s
step  1480000 | reward(last100)  0.2741 | eps 0.050 | elapsed 3478.7s
step  1485000 | reward(last100)  0.0352 | eps 0.050 | elapsed 3489.7s
step  1490000 | reward(last100)  0.0571 | eps 0.050 | elapsed 3500.7s
step  1495000 | reward(last100)  0.3384 | eps 0.050 | elapsed 3511.6s
step  1500000 | reward(last100)  0.1634 | eps 0.050 | elapsed 3522.4s
step  1505000 | reward(last100)  0.2439 | eps 0.050 | elapsed 3533.9s
step  1510000 | reward(last100)  0.0760 | eps 0.050 | elapsed 3544.9s
step  1515000 | reward(last100)  0.2695 | eps 0.050 | elapsed 3556.0s
step  1520000 | reward(last100)  0.3365 | eps 0.050 | elapsed 3566.9s
step  1525000 | reward(last100)  0.1111 | eps 0.050 | elapsed 3577.9s
step  1530000 | reward(last100)  0.3635 | eps 0.050 | elapsed 3589.0s
step  1535000 | reward(last100)  0.3075 | eps 0.050 | elapsed 3600.1s
step  1540000 | reward(last100)  0.1802 | eps 0.050 | elapsed 3611.8s
step  1545000 | reward(last100)  0.1667 | eps 0.050 | elapsed 3625.1s
step  1550000 | reward(last100)  0.3443 | eps 0.050 | elapsed 3635.6s
step  1555000 | reward(last100)  0.3390 | eps 0.050 | elapsed 3645.8s
step  1560000 | reward(last100)  0.0906 | eps 0.050 | elapsed 3655.6s
step  1565000 | reward(last100)  0.3785 | eps 0.050 | elapsed 3665.3s
step  1570000 | reward(last100)  0.2739 | eps 0.050 | elapsed 3674.9s
step  1575000 | reward(last100)  0.3239 | eps 0.050 | elapsed 3684.5s
step  1580000 | reward(last100)  0.2579 | eps 0.050 | elapsed 3698.1s
step  1585000 | reward(last100)  0.1382 | eps 0.050 | elapsed 3712.2s
step  1590000 | reward(last100)  0.3574 | eps 0.050 | elapsed 3726.2s
step  1595000 | reward(last100)  0.1393 | eps 0.050 | elapsed 3738.1s
step  1600000 | reward(last100)  0.0980 | eps 0.050 | elapsed 3749.6s
step  1605000 | reward(last100)  0.0768 | eps 0.050 | elapsed 3762.5s
step  1610000 | reward(last100)  0.3873 | eps 0.050 | elapsed 3775.6s
step  1615000 | reward(last100)  0.3391 | eps 0.050 | elapsed 3788.7s
step  1620000 | reward(last100)  0.3402 | eps 0.050 | elapsed 3801.8s
step  1625000 | reward(last100)  0.3610 | eps 0.050 | elapsed 3815.0s
step  1630000 | reward(last100)  0.3119 | eps 0.050 | elapsed 3826.6s
step  1635000 | reward(last100)  0.3576 | eps 0.050 | elapsed 3836.4s
step  1640000 | reward(last100)  0.2892 | eps 0.050 | elapsed 3846.2s
step  1645000 | reward(last100)  0.2419 | eps 0.050 | elapsed 3856.0s
step  1650000 | reward(last100)  0.0058 | eps 0.050 | elapsed 3865.8s
step  1655000 | reward(last100)  0.3842 | eps 0.050 | elapsed 3876.9s
step  1660000 | reward(last100)  0.2266 | eps 0.050 | elapsed 3889.8s
step  1665000 | reward(last100)  0.3033 | eps 0.050 | elapsed 3904.2s
step  1670000 | reward(last100)  0.3105 | eps 0.050 | elapsed 3918.5s
step  1675000 | reward(last100)  0.2544 | eps 0.050 | elapsed 3933.2s
step  1680000 | reward(last100)  0.1397 | eps 0.050 | elapsed 3948.3s
step  1685000 | reward(last100)  0.1625 | eps 0.050 | elapsed 3963.3s
step  1690000 | reward(last100)  0.1632 | eps 0.050 | elapsed 3978.2s
step  1695000 | reward(last100)  0.1653 | eps 0.050 | elapsed 3993.1s
step  1700000 | reward(last100)  0.2279 | eps 0.050 | elapsed 4008.1s
step  1705000 | reward(last100)  0.3409 | eps 0.050 | elapsed 4022.3s
step  1710000 | reward(last100)  0.2688 | eps 0.050 | elapsed 4035.5s
step  1715000 | reward(last100)  0.3069 | eps 0.050 | elapsed 4048.7s
step  1720000 | reward(last100)  0.3206 | eps 0.050 | elapsed 4062.2s
step  1725000 | reward(last100)  0.3700 | eps 0.050 | elapsed 4073.0s
step  1730000 | reward(last100)  0.2744 | eps 0.050 | elapsed 4083.3s
step  1735000 | reward(last100)  0.3400 | eps 0.050 | elapsed 4094.4s
step  1740000 | reward(last100)  0.3022 | eps 0.050 | elapsed 4105.4s
step  1745000 | reward(last100)  0.3583 | eps 0.050 | elapsed 4116.3s
step  1750000 | reward(last100)  0.3002 | eps 0.050 | elapsed 4127.2s
step  1755000 | reward(last100)  0.2895 | eps 0.050 | elapsed 4138.0s
step  1760000 | reward(last100)  0.0585 | eps 0.050 | elapsed 4147.8s
step  1765000 | reward(last100)  0.4350 | eps 0.050 | elapsed 4157.6s
step  1770000 | reward(last100)  0.1770 | eps 0.050 | elapsed 4167.3s
step  1775000 | reward(last100)  0.1524 | eps 0.050 | elapsed 4177.1s
step  1780000 | reward(last100)  0.2645 | eps 0.050 | elapsed 4187.6s
step  1785000 | reward(last100)  0.2899 | eps 0.050 | elapsed 4198.1s
step  1790000 | reward(last100)  0.2034 | eps 0.050 | elapsed 4208.0s
step  1795000 | reward(last100)  0.3629 | eps 0.050 | elapsed 4219.5s
step  1800000 | reward(last100)  0.1434 | eps 0.050 | elapsed 4230.1s
step  1805000 | reward(last100)  0.2631 | eps 0.050 | elapsed 4240.2s
step  1810000 | reward(last100)  0.4536 | eps 0.050 | elapsed 4250.0s
step  1815000 | reward(last100)  0.2858 | eps 0.050 | elapsed 4259.7s
step  1820000 | reward(last100)  0.2783 | eps 0.050 | elapsed 4269.5s
step  1825000 | reward(last100)  0.1442 | eps 0.050 | elapsed 4279.2s
step  1830000 | reward(last100)  0.0876 | eps 0.050 | elapsed 4289.0s
step  1835000 | reward(last100)  0.3593 | eps 0.050 | elapsed 4299.2s
step  1840000 | reward(last100)  0.0238 | eps 0.050 | elapsed 4310.3s
step  1845000 | reward(last100)  0.3156 | eps 0.050 | elapsed 4321.7s
step  1850000 | reward(last100)  0.2751 | eps 0.050 | elapsed 4332.7s
step  1855000 | reward(last100)  0.2739 | eps 0.050 | elapsed 4343.6s
step  1860000 | reward(last100)  0.1601 | eps 0.050 | elapsed 4354.5s
step  1865000 | reward(last100)  0.1573 | eps 0.050 | elapsed 4365.5s
step  1870000 | reward(last100)  0.2573 | eps 0.050 | elapsed 4376.4s
step  1875000 | reward(last100)  0.3026 | eps 0.050 | elapsed 4387.3s
step  1880000 | reward(last100)  0.2143 | eps 0.050 | elapsed 4398.3s
step  1885000 | reward(last100)  0.2916 | eps 0.050 | elapsed 4409.1s
step  1890000 | reward(last100)  0.1988 | eps 0.050 | elapsed 4419.0s
step  1895000 | reward(last100)  0.3343 | eps 0.050 | elapsed 4428.8s
step  1900000 | reward(last100)  0.3358 | eps 0.050 | elapsed 4438.6s
step  1905000 | reward(last100)  0.3796 | eps 0.050 | elapsed 4450.7s
step  1910000 | reward(last100)  0.2469 | eps 0.050 | elapsed 4462.5s
step  1915000 | reward(last100)  0.3601 | eps 0.050 | elapsed 4474.1s
step  1920000 | reward(last100)  0.2674 | eps 0.050 | elapsed 4485.8s
step  1925000 | reward(last100)  0.1830 | eps 0.050 | elapsed 4497.3s
step  1930000 | reward(last100)  0.2354 | eps 0.050 | elapsed 4508.8s
step  1935000 | reward(last100)  0.2632 | eps 0.050 | elapsed 4519.8s
step  1940000 | reward(last100)  0.3188 | eps 0.050 | elapsed 4530.8s
step  1945000 | reward(last100)  0.2179 | eps 0.050 | elapsed 4541.7s
step  1950000 | reward(last100)  0.2909 | eps 0.050 | elapsed 4552.7s
step  1955000 | reward(last100)  0.4203 | eps 0.050 | elapsed 4563.4s
step  1960000 | reward(last100)  0.3665 | eps 0.050 | elapsed 4573.4s
step  1965000 | reward(last100)  0.3330 | eps 0.050 | elapsed 4583.9s
step  1970000 | reward(last100)  0.2968 | eps 0.050 | elapsed 4595.2s
step  1975000 | reward(last100)  0.1596 | eps 0.050 | elapsed 4607.2s
step  1980000 | reward(last100)  0.3582 | eps 0.050 | elapsed 4618.9s
step  1985000 | reward(last100)  0.3437 | eps 0.050 | elapsed 4630.1s
step  1990000 | reward(last100)  0.3548 | eps 0.050 | elapsed 4640.9s
step  1995000 | reward(last100)  0.2039 | eps 0.050 | elapsed 4653.4s
step  2000000 | reward(last100)  0.4488 | eps 0.050 | elapsed 4664.2s
step  2005000 | reward(last100)  0.0906 | eps 0.050 | elapsed 4677.6s
step  2010000 | reward(last100)  0.0605 | eps 0.050 | elapsed 4690.8s
step  2015000 | reward(last100)  0.2285 | eps 0.050 | elapsed 4703.8s
step  2020000 | reward(last100)  0.3170 | eps 0.050 | elapsed 4716.8s
step  2025000 | reward(last100)  0.2184 | eps 0.050 | elapsed 4729.8s
step  2030000 | reward(last100)  0.3551 | eps 0.050 | elapsed 4742.8s
step  2035000 | reward(last100)  0.2816 | eps 0.050 | elapsed 4755.8s
step  2040000 | reward(last100)  0.4750 | eps 0.050 | elapsed 4765.5s
step  2045000 | reward(last100)  0.1299 | eps 0.050 | elapsed 4775.3s
step  2050000 | reward(last100)  0.3844 | eps 0.050 | elapsed 4785.0s
step  2055000 | reward(last100)  0.2983 | eps 0.050 | elapsed 4795.2s
step  2060000 | reward(last100)  0.2872 | eps 0.050 | elapsed 4807.4s
step  2065000 | reward(last100)  0.2985 | eps 0.050 | elapsed 4820.4s
step  2070000 | reward(last100)  0.3466 | eps 0.050 | elapsed 4833.3s
step  2075000 | reward(last100)  0.2293 | eps 0.050 | elapsed 4847.0s
step  2080000 | reward(last100)  0.4175 | eps 0.050 | elapsed 4858.7s
step  2085000 | reward(last100)  0.2133 | eps 0.050 | elapsed 4868.5s
step  2090000 | reward(last100)  0.1588 | eps 0.050 | elapsed 4878.3s
step  2095000 | reward(last100)  0.1636 | eps 0.050 | elapsed 4888.1s
step  2100000 | reward(last100)  0.1057 | eps 0.050 | elapsed 4898.0s
step  2105000 | reward(last100)  0.3829 | eps 0.050 | elapsed 4909.8s
step  2110000 | reward(last100)  0.2898 | eps 0.050 | elapsed 4919.9s
step  2115000 | reward(last100)  0.0357 | eps 0.050 | elapsed 4929.6s
step  2120000 | reward(last100)  0.2886 | eps 0.050 | elapsed 4939.4s
step  2125000 | reward(last100)  0.2005 | eps 0.050 | elapsed 4949.1s
step  2130000 | reward(last100)  0.3765 | eps 0.050 | elapsed 4958.9s
step  2135000 | reward(last100)  0.3627 | eps 0.050 | elapsed 4968.7s
step  2140000 | reward(last100)  0.4496 | eps 0.050 | elapsed 4978.5s
step  2145000 | reward(last100)  0.2586 | eps 0.050 | elapsed 4988.3s
step  2150000 | reward(last100)  0.3610 | eps 0.050 | elapsed 4998.0s
step  2155000 | reward(last100)  0.3797 | eps 0.050 | elapsed 5008.7s
step  2160000 | reward(last100)  0.3315 | eps 0.050 | elapsed 5019.4s
step  2165000 | reward(last100)  0.2538 | eps 0.050 | elapsed 5030.7s
step  2170000 | reward(last100)  0.0928 | eps 0.050 | elapsed 5041.7s
step  2175000 | reward(last100)  0.1414 | eps 0.050 | elapsed 5052.6s
step  2180000 | reward(last100)  0.1311 | eps 0.050 | elapsed 5063.2s
step  2185000 | reward(last100)  0.4051 | eps 0.050 | elapsed 5073.0s
step  2190000 | reward(last100)  0.4222 | eps 0.050 | elapsed 5083.2s
step  2195000 | reward(last100)  0.3066 | eps 0.050 | elapsed 5094.1s
step  2200000 | reward(last100)  0.4009 | eps 0.050 | elapsed 5105.1s
step  2205000 | reward(last100)  0.3423 | eps 0.050 | elapsed 5116.1s
step  2210000 | reward(last100)  0.3277 | eps 0.050 | elapsed 5126.7s
step  2215000 | reward(last100)  0.2955 | eps 0.050 | elapsed 5137.3s
step  2220000 | reward(last100)  0.4248 | eps 0.050 | elapsed 5147.9s
step  2225000 | reward(last100)  0.3171 | eps 0.050 | elapsed 5158.5s
step  2230000 | reward(last100)  0.3561 | eps 0.050 | elapsed 5169.1s
step  2235000 | reward(last100)  0.4455 | eps 0.050 | elapsed 5178.8s
step  2240000 | reward(last100)  0.2336 | eps 0.050 | elapsed 5188.5s
step  2245000 | reward(last100)  0.3984 | eps 0.050 | elapsed 5198.3s
step  2250000 | reward(last100)  0.5033 | eps 0.050 | elapsed 5208.0s
step  2255000 | reward(last100)  0.1928 | eps 0.050 | elapsed 5218.8s
step  2260000 | reward(last100)  0.4366 | eps 0.050 | elapsed 5229.9s
step  2265000 | reward(last100)  0.3434 | eps 0.050 | elapsed 5241.4s
step  2270000 | reward(last100)  0.4267 | eps 0.050 | elapsed 5252.8s
step  2275000 | reward(last100)  0.4270 | eps 0.050 | elapsed 5264.0s
step  2280000 | reward(last100)  0.5001 | eps 0.050 | elapsed 5275.2s
step  2285000 | reward(last100)  0.4876 | eps 0.050 | elapsed 5286.4s
step  2290000 | reward(last100)  0.4666 | eps 0.050 | elapsed 5297.6s
step  2295000 | reward(last100)  0.3744 | eps 0.050 | elapsed 5308.8s
step  2300000 | reward(last100)  0.3826 | eps 0.050 | elapsed 5319.9s
step  2305000 | reward(last100)  0.3549 | eps 0.050 | elapsed 5330.2s
step  2310000 | reward(last100)  0.2962 | eps 0.050 | elapsed 5339.9s
step  2315000 | reward(last100)  0.3282 | eps 0.050 | elapsed 5349.6s
step  2320000 | reward(last100)  0.3503 | eps 0.050 | elapsed 5359.2s
step  2325000 | reward(last100)  0.3749 | eps 0.050 | elapsed 5369.0s
step  2330000 | reward(last100)  0.3210 | eps 0.050 | elapsed 5379.0s
step  2335000 | reward(last100)  0.2678 | eps 0.050 | elapsed 5389.5s
step  2340000 | reward(last100)  0.3204 | eps 0.050 | elapsed 5399.9s
step  2345000 | reward(last100)  0.3698 | eps 0.050 | elapsed 5410.4s
step  2350000 | reward(last100)  0.2317 | eps 0.050 | elapsed 5420.9s
step  2355000 | reward(last100)  0.3175 | eps 0.050 | elapsed 5433.0s
step  2360000 | reward(last100)  0.3219 | eps 0.050 | elapsed 5444.7s
step  2365000 | reward(last100)  0.3517 | eps 0.050 | elapsed 5456.4s
step  2370000 | reward(last100)  0.3751 | eps 0.050 | elapsed 5467.4s
step  2375000 | reward(last100)  0.2262 | eps 0.050 | elapsed 5478.4s
step  2380000 | reward(last100)  0.4099 | eps 0.050 | elapsed 5489.3s
step  2385000 | reward(last100)  0.2010 | eps 0.050 | elapsed 5500.3s
step  2390000 | reward(last100)  0.2253 | eps 0.050 | elapsed 5511.4s
step  2395000 | reward(last100)  0.3334 | eps 0.050 | elapsed 5523.2s
step  2400000 | reward(last100)  0.1995 | eps 0.050 | elapsed 5534.9s
step  2405000 | reward(last100)  0.3426 | eps 0.050 | elapsed 5545.0s
step  2410000 | reward(last100)  0.4362 | eps 0.050 | elapsed 5554.7s
step  2415000 | reward(last100)  0.1074 | eps 0.050 | elapsed 5564.5s
step  2420000 | reward(last100)  0.2512 | eps 0.050 | elapsed 5574.3s
step  2425000 | reward(last100)  0.2318 | eps 0.050 | elapsed 5584.0s
step  2430000 | reward(last100)  0.1711 | eps 0.050 | elapsed 5593.7s
step  2435000 | reward(last100)  0.3080 | eps 0.050 | elapsed 5603.5s
step  2440000 | reward(last100)  0.3091 | eps 0.050 | elapsed 5613.2s
step  2445000 | reward(last100)  0.3474 | eps 0.050 | elapsed 5623.0s
step  2450000 | reward(last100)  0.1297 | eps 0.050 | elapsed 5632.9s
step  2455000 | reward(last100)  0.2716 | eps 0.050 | elapsed 5643.0s
step  2460000 | reward(last100)  0.1768 | eps 0.050 | elapsed 5652.8s
step  2465000 | reward(last100)  0.3793 | eps 0.050 | elapsed 5662.6s
step  2470000 | reward(last100)  0.1966 | eps 0.050 | elapsed 5672.3s
step  2475000 | reward(last100)  0.1949 | eps 0.050 | elapsed 5682.0s
step  2480000 | reward(last100)  0.3426 | eps 0.050 | elapsed 5691.9s
step  2485000 | reward(last100)  0.2387 | eps 0.050 | elapsed 5701.7s
step  2490000 | reward(last100)  0.2739 | eps 0.050 | elapsed 5711.6s
step  2495000 | reward(last100)  0.3290 | eps 0.050 | elapsed 5721.4s
step  2500000 | reward(last100)  0.2593 | eps 0.050 | elapsed 5731.3s
step  2505000 | reward(last100)  0.4056 | eps 0.050 | elapsed 5743.4s
step  2510000 | reward(last100)  0.2407 | eps 0.050 | elapsed 5755.1s
step  2515000 | reward(last100)  0.3364 | eps 0.050 | elapsed 5766.5s
step  2520000 | reward(last100)  0.3890 | eps 0.050 | elapsed 5777.8s
step  2525000 | reward(last100)  0.3284 | eps 0.050 | elapsed 5788.9s
step  2530000 | reward(last100)  0.3599 | eps 0.050 | elapsed 5800.0s
step  2535000 | reward(last100)  0.1944 | eps 0.050 | elapsed 5811.2s
step  2540000 | reward(last100)  0.3978 | eps 0.050 | elapsed 5822.4s
step  2545000 | reward(last100)  0.2669 | eps 0.050 | elapsed 5834.1s
step  2550000 | reward(last100)  0.2824 | eps 0.050 | elapsed 5847.3s
step  2555000 | reward(last100)  0.3982 | eps 0.050 | elapsed 5857.5s
step  2560000 | reward(last100)  0.3544 | eps 0.050 | elapsed 5867.7s
step  2565000 | reward(last100)  0.2053 | eps 0.050 | elapsed 5877.8s
step  2570000 | reward(last100)  0.3270 | eps 0.050 | elapsed 5889.8s
step  2575000 | reward(last100)  0.3363 | eps 0.050 | elapsed 5901.8s
step  2580000 | reward(last100)  0.3653 | eps 0.050 | elapsed 5913.7s
step  2585000 | reward(last100)  0.4199 | eps 0.050 | elapsed 5925.4s
step  2590000 | reward(last100)  0.3293 | eps 0.050 | elapsed 5937.2s
step  2595000 | reward(last100)  0.1115 | eps 0.050 | elapsed 5948.9s
step  2600000 | reward(last100)  0.3379 | eps 0.050 | elapsed 5960.5s
step  2605000 | reward(last100)  0.3160 | eps 0.050 | elapsed 5970.9s
step  2610000 | reward(last100)  0.3065 | eps 0.050 | elapsed 5981.7s
step  2615000 | reward(last100)  0.2982 | eps 0.050 | elapsed 5992.7s
step  2620000 | reward(last100)  0.4909 | eps 0.050 | elapsed 6003.7s
step  2625000 | reward(last100)  0.3286 | eps 0.050 | elapsed 6014.7s
step  2630000 | reward(last100)  0.3241 | eps 0.050 | elapsed 6025.6s
step  2635000 | reward(last100)  0.3061 | eps 0.050 | elapsed 6037.0s
step  2640000 | reward(last100)  0.3541 | eps 0.050 | elapsed 6048.0s
step  2645000 | reward(last100)  0.3250 | eps 0.050 | elapsed 6058.9s
step  2650000 | reward(last100)  0.2232 | eps 0.050 | elapsed 6069.8s
step  2655000 | reward(last100)  0.3101 | eps 0.050 | elapsed 6081.5s
step  2660000 | reward(last100)  0.3474 | eps 0.050 | elapsed 6092.7s
step  2665000 | reward(last100)  0.3606 | eps 0.050 | elapsed 6103.9s
step  2670000 | reward(last100)  0.4130 | eps 0.050 | elapsed 6115.9s
step  2675000 | reward(last100)  0.4225 | eps 0.050 | elapsed 6129.7s
step  2680000 | reward(last100)  0.4133 | eps 0.050 | elapsed 6140.7s
step  2685000 | reward(last100)  0.3262 | eps 0.050 | elapsed 6151.2s
step  2690000 | reward(last100)  0.3327 | eps 0.050 | elapsed 6161.8s
step  2695000 | reward(last100)  0.1909 | eps 0.050 | elapsed 6172.3s
step  2700000 | reward(last100)  0.3505 | eps 0.050 | elapsed 6182.9s
step  2705000 | reward(last100)  0.3352 | eps 0.050 | elapsed 6194.1s
step  2710000 | reward(last100)  0.3200 | eps 0.050 | elapsed 6203.9s
step  2715000 | reward(last100)  0.3973 | eps 0.050 | elapsed 6214.0s
step  2720000 | reward(last100)  0.3697 | eps 0.050 | elapsed 6224.7s
step  2725000 | reward(last100)  0.3517 | eps 0.050 | elapsed 6235.5s
step  2730000 | reward(last100)  0.2464 | eps 0.050 | elapsed 6247.2s
step  2735000 | reward(last100)  0.4278 | eps 0.050 | elapsed 6260.6s
step  2740000 | reward(last100)  0.3808 | eps 0.050 | elapsed 6274.5s
step  2745000 | reward(last100)  0.3256 | eps 0.050 | elapsed 6288.3s
step  2750000 | reward(last100)  0.3713 | eps 0.050 | elapsed 6302.2s
step  2755000 | reward(last100)  0.2937 | eps 0.050 | elapsed 6313.2s
step  2760000 | reward(last100)  0.2600 | eps 0.050 | elapsed 6324.1s
step  2765000 | reward(last100)  0.2436 | eps 0.050 | elapsed 6335.2s
step  2770000 | reward(last100)  0.2816 | eps 0.050 | elapsed 6346.7s
step  2775000 | reward(last100)  0.2939 | eps 0.050 | elapsed 6358.3s
step  2780000 | reward(last100)  0.3693 | eps 0.050 | elapsed 6369.8s
step  2785000 | reward(last100)  0.2352 | eps 0.050 | elapsed 6381.0s
step  2790000 | reward(last100)  0.3403 | eps 0.050 | elapsed 6391.3s
step  2795000 | reward(last100)  0.2293 | eps 0.050 | elapsed 6401.2s
step  2800000 | reward(last100)  0.1091 | eps 0.050 | elapsed 6411.3s
step  2805000 | reward(last100)  0.2934 | eps 0.050 | elapsed 6421.5s
step  2810000 | reward(last100)  0.3087 | eps 0.050 | elapsed 6431.9s
step  2815000 | reward(last100)  0.3603 | eps 0.050 | elapsed 6442.7s
step  2820000 | reward(last100)  0.1481 | eps 0.050 | elapsed 6455.6s
step  2825000 | reward(last100)  0.3413 | eps 0.050 | elapsed 6469.1s
step  2830000 | reward(last100)  0.4325 | eps 0.050 | elapsed 6482.9s
step  2835000 | reward(last100)  0.4219 | eps 0.050 | elapsed 6495.5s
step  2840000 | reward(last100)  0.2519 | eps 0.050 | elapsed 6508.9s
step  2845000 | reward(last100)  0.3736 | eps 0.050 | elapsed 6522.0s
step  2850000 | reward(last100)  0.3675 | eps 0.050 | elapsed 6534.8s
step  2855000 | reward(last100)  0.3034 | eps 0.050 | elapsed 6546.7s
step  2860000 | reward(last100)  0.3793 | eps 0.050 | elapsed 6557.9s
step  2865000 | reward(last100)  0.2155 | eps 0.050 | elapsed 6571.5s
step  2870000 | reward(last100)  0.3537 | eps 0.050 | elapsed 6585.5s
step  2875000 | reward(last100)  0.2634 | eps 0.050 | elapsed 6599.5s
step  2880000 | reward(last100)  0.3384 | eps 0.050 | elapsed 6613.5s
step  2885000 | reward(last100)  0.3387 | eps 0.050 | elapsed 6626.8s
step  2890000 | reward(last100)  0.1687 | eps 0.050 | elapsed 6636.7s
step  2895000 | reward(last100)  0.3040 | eps 0.050 | elapsed 6646.7s
step  2900000 | reward(last100)  0.2928 | eps 0.050 | elapsed 6656.6s
step  2905000 | reward(last100)  0.2718 | eps 0.050 | elapsed 6668.0s
step  2910000 | reward(last100)  0.2296 | eps 0.050 | elapsed 6678.0s
step  2915000 | reward(last100)  0.3807 | eps 0.050 | elapsed 6687.9s
step  2920000 | reward(last100)  0.2332 | eps 0.050 | elapsed 6697.9s
step  2925000 | reward(last100)  0.3401 | eps 0.050 | elapsed 6707.7s
step  2930000 | reward(last100)  0.2530 | eps 0.050 | elapsed 6717.6s
step  2935000 | reward(last100)  0.1779 | eps 0.050 | elapsed 6727.6s
step  2940000 | reward(last100)  0.2876 | eps 0.050 | elapsed 6737.6s
step  2945000 | reward(last100)  0.3640 | eps 0.050 | elapsed 6747.6s
step  2950000 | reward(last100)  0.4370 | eps 0.050 | elapsed 6757.6s
step  2955000 | reward(last100)  0.2501 | eps 0.050 | elapsed 6768.0s
step  2960000 | reward(last100)  0.1497 | eps 0.050 | elapsed 6778.0s
step  2965000 | reward(last100)  0.1723 | eps 0.050 | elapsed 6787.9s
step  2970000 | reward(last100)  0.2749 | eps 0.050 | elapsed 6797.7s
step  2975000 | reward(last100)  0.4371 | eps 0.050 | elapsed 6807.6s
step  2980000 | reward(last100)  0.2327 | eps 0.050 | elapsed 6817.5s
step  2985000 | reward(last100)  0.3130 | eps 0.050 | elapsed 6827.3s
step  2990000 | reward(last100)  0.3175 | eps 0.050 | elapsed 6837.2s
step  2995000 | reward(last100)  0.0619 | eps 0.050 | elapsed 6847.0s
step  3000000 | reward(last100)  0.3469 | eps 0.050 | elapsed 6856.9s
