step     5000 | reward(last100)  0.0000 | sigma 0.0309 | elapsed    6.3s
step    10000 | reward(last100)  0.0000 | sigma 0.0309 | elapsed   13.0s
step    15000 | reward(last100)  0.0000 | sigma 0.0298 | elapsed   30.2s
step    20000 | reward(last100)  0.0000 | sigma 0.0286 | elapsed   45.8s
step    25000 | reward(last100)  0.0356 | sigma 0.0277 | elapsed   61.8s
step    30000 | reward(last100)  0.0086 | sigma 0.0273 | elapsed   77.6s
step    35000 | reward(last100)  0.0825 | sigma 0.0272 | elapsed   99.2s
step    40000 | reward(last100)  0.1419 | sigma 0.0271 | elapsed  117.2s
step    45000 | reward(last100)  0.3097 | sigma 0.0271 | elapsed  132.4s
step    50000 | reward(last100)  0.3126 | sigma 0.0269 | elapsed  148.1s
step    55000 | reward(last100)  0.2949 | sigma 0.0267 | elapsed  162.6s
step    60000 | reward(last100)  0.3851 | sigma 0.0263 | elapsed  178.7s
step    65000 | reward(last100)  0.3560 | sigma 0.0261 | elapsed  195.2s
step    70000 | reward(last100)  0.1488 | sigma 0.0258 | elapsed  214.5s
step    75000 | reward(last100)  0.0601 | sigma 0.0255 | elapsed  229.9s
step    80000 | reward(last100)  0.0000 | sigma 0.0254 | elapsed  244.5s
step    85000 | reward(last100)  0.0000 | sigma 0.0253 | elapsed  258.9s
step    90000 | reward(last100)  0.0000 | sigma 0.0252 | elapsed  273.4s
step    95000 | reward(last100)  0.0000 | sigma 0.0251 | elapsed  291.0s
step   100000 | reward(last100)  0.0000 | sigma 0.0250 | elapsed  310.4s
step   105000 | reward(last100)  0.0000 | sigma 0.0249 | elapsed  325.8s
step   110000 | reward(last100)  0.0000 | sigma 0.0249 | elapsed  342.2s
step   115000 | reward(last100)  0.0055 | sigma 0.0249 | elapsed  362.5s
step   120000 | reward(last100)  0.0210 | sigma 0.0249 | elapsed  383.9s
step   125000 | reward(last100)  0.0416 | sigma 0.0249 | elapsed  401.5s
step   130000 | reward(last100)  0.0355 | sigma 0.0248 | elapsed  417.6s
step   135000 | reward(last100)  0.0077 | sigma 0.0248 | elapsed  434.3s
step   140000 | reward(last100)  0.0167 | sigma 0.0248 | elapsed  456.5s
step   145000 | reward(last100)  0.0166 | sigma 0.0248 | elapsed  474.6s
step   150000 | reward(last100)  0.0452 | sigma 0.0247 | elapsed  492.0s
step   155000 | reward(last100)  0.1896 | sigma 0.0247 | elapsed  508.5s
step   160000 | reward(last100)  0.0857 | sigma 0.0247 | elapsed  527.1s
step   165000 | reward(last100)  0.0830 | sigma 0.0247 | elapsed  541.5s
step   170000 | reward(last100)  0.0000 | sigma 0.0247 | elapsed  557.0s
step   175000 | reward(last100)  0.0000 | sigma 0.0247 | elapsed  572.2s
step   180000 | reward(last100)  0.0341 | sigma 0.0247 | elapsed  587.1s
step   185000 | reward(last100)  0.0451 | sigma 0.0247 | elapsed  602.2s
step   190000 | reward(last100)  0.0932 | sigma 0.0247 | elapsed  617.2s
step   195000 | reward(last100)  0.0820 | sigma 0.0247 | elapsed  636.2s
step   200000 | reward(last100)  0.1681 | sigma 0.0247 | elapsed  654.4s
step   205000 | reward(last100)  0.2289 | sigma 0.0246 | elapsed  669.2s
step   210000 | reward(last100)  0.1498 | sigma 0.0247 | elapsed  684.6s
step   215000 | reward(last100)  0.2258 | sigma 0.0246 | elapsed  702.0s
step   220000 | reward(last100)  0.1220 | sigma 0.0246 | elapsed  720.0s
step   225000 | reward(last100)  0.1441 | sigma 0.0245 | elapsed  738.5s
step   230000 | reward(last100)  0.1120 | sigma 0.0245 | elapsed  755.8s
step   235000 | reward(last100)  0.2167 | sigma 0.0245 | elapsed  773.5s
step   240000 | reward(last100)  0.2172 | sigma 0.0244 | elapsed  792.3s
step   245000 | reward(last100)  0.1607 | sigma 0.0244 | elapsed  811.1s
step   250000 | reward(last100)  0.1732 | sigma 0.0244 | elapsed  830.0s
step   255000 | reward(last100)  0.1792 | sigma 0.0244 | elapsed  846.6s
step   260000 | reward(last100)  0.1416 | sigma 0.0244 | elapsed  864.5s
step   265000 | reward(last100)  0.1426 | sigma 0.0244 | elapsed  885.2s
step   270000 | reward(last100)  0.1452 | sigma 0.0244 | elapsed  905.0s
step   275000 | reward(last100)  0.0963 | sigma 0.0244 | elapsed  923.5s
step   280000 | reward(last100)  0.2280 | sigma 0.0244 | elapsed  942.6s
step   285000 | reward(last100)  0.2316 | sigma 0.0244 | elapsed  956.8s
step   290000 | reward(last100)  0.2099 | sigma 0.0244 | elapsed  973.9s
step   295000 | reward(last100)  0.1280 | sigma 0.0244 | elapsed  993.0s
step   300000 | reward(last100)  0.1231 | sigma 0.0244 | elapsed 1009.6s
step   305000 | reward(last100)  0.1896 | sigma 0.0244 | elapsed 1026.1s
step   310000 | reward(last100)  0.0372 | sigma 0.0244 | elapsed 1047.8s
step   315000 | reward(last100)  0.1375 | sigma 0.0244 | elapsed 1067.9s
step   320000 | reward(last100)  0.2118 | sigma 0.0244 | elapsed 1084.8s
step   325000 | reward(last100)  0.1649 | sigma 0.0244 | elapsed 1104.2s
step   330000 | reward(last100)  0.2536 | sigma 0.0244 | elapsed 1121.8s
step   335000 | reward(last100)  0.1097 | sigma 0.0244 | elapsed 1138.3s
step   340000 | reward(last100)  0.2447 | sigma 0.0244 | elapsed 1155.2s
step   345000 | reward(last100)  0.2011 | sigma 0.0244 | elapsed 1175.9s
step   350000 | reward(last100)  0.1613 | sigma 0.0244 | elapsed 1195.6s
step   355000 | reward(last100)  0.1920 | sigma 0.0244 | elapsed 1211.1s
step   360000 | reward(last100)  0.1278 | sigma 0.0244 | elapsed 1229.5s
step   365000 | reward(last100)  0.1454 | sigma 0.0244 | elapsed 1246.5s
step   370000 | reward(last100)  0.1545 | sigma 0.0244 | elapsed 1267.0s
step   375000 | reward(last100)  0.1651 | sigma 0.0244 | elapsed 1287.6s
step   380000 | reward(last100)  0.1763 | sigma 0.0244 | elapsed 1307.6s
step   385000 | reward(last100)  0.2139 | sigma 0.0244 | elapsed 1327.4s
step   390000 | reward(last100)  0.1126 | sigma 0.0244 | elapsed 1347.7s
step   395000 | reward(last100)  0.2280 | sigma 0.0244 | elapsed 1368.3s
step   400000 | reward(last100)  0.1141 | sigma 0.0244 | elapsed 1388.8s
step   405000 | reward(last100)  0.1310 | sigma 0.0243 | elapsed 1410.6s
step   410000 | reward(last100)  0.1963 | sigma 0.0243 | elapsed 1430.6s
step   415000 | reward(last100)  0.1868 | sigma 0.0243 | elapsed 1447.3s
step   420000 | reward(last100)  0.2340 | sigma 0.0244 | elapsed 1463.2s
step   425000 | reward(last100)  0.1027 | sigma 0.0243 | elapsed 1479.0s
step   430000 | reward(last100)  0.1413 | sigma 0.0244 | elapsed 1495.2s
step   435000 | reward(last100)  0.1624 | sigma 0.0244 | elapsed 1510.6s
step   440000 | reward(last100)  0.1535 | sigma 0.0244 | elapsed 1525.9s
step   445000 | reward(last100)  0.1351 | sigma 0.0244 | elapsed 1541.6s
step   450000 | reward(last100)  0.2102 | sigma 0.0244 | elapsed 1557.1s
step   455000 | reward(last100)  0.1674 | sigma 0.0244 | elapsed 1576.2s
step   460000 | reward(last100)  0.1402 | sigma 0.0244 | elapsed 1595.5s
step   465000 | reward(last100)  0.1318 | sigma 0.0244 | elapsed 1610.9s
step   470000 | reward(last100)  0.1993 | sigma 0.0244 | elapsed 1626.5s
step   475000 | reward(last100)  0.1765 | sigma 0.0244 | elapsed 1646.3s
step   480000 | reward(last100)  0.0898 | sigma 0.0244 | elapsed 1667.1s
step   485000 | reward(last100)  0.1338 | sigma 0.0244 | elapsed 1685.8s
step   490000 | reward(last100)  0.1620 | sigma 0.0244 | elapsed 1703.0s
step   495000 | reward(last100)  0.1873 | sigma 0.0244 | elapsed 1723.2s
step   500000 | reward(last100)  0.1846 | sigma 0.0244 | elapsed 1743.2s
step   505000 | reward(last100)  0.2316 | sigma 0.0244 | elapsed 1759.6s
step   510000 | reward(last100)  0.1614 | sigma 0.0244 | elapsed 1773.7s
step   515000 | reward(last100)  0.1902 | sigma 0.0244 | elapsed 1787.8s
step   520000 | reward(last100)  0.1752 | sigma 0.0244 | elapsed 1802.0s
step   525000 | reward(last100)  0.1180 | sigma 0.0243 | elapsed 1816.3s
step   530000 | reward(last100)  0.2187 | sigma 0.0243 | elapsed 1830.8s
step   535000 | reward(last100)  0.1021 | sigma 0.0243 | elapsed 1849.3s
step   540000 | reward(last100)  0.1233 | sigma 0.0243 | elapsed 1866.2s
step   545000 | reward(last100)  0.2292 | sigma 0.0243 | elapsed 1882.8s
step   550000 | reward(last100)  0.1290 | sigma 0.0243 | elapsed 1899.4s
step   555000 | reward(last100)  0.1012 | sigma 0.0242 | elapsed 1916.1s
step   560000 | reward(last100)  0.1113 | sigma 0.0242 | elapsed 1932.2s
step   565000 | reward(last100)  0.1718 | sigma 0.0242 | elapsed 1948.5s
step   570000 | reward(last100)  0.1231 | sigma 0.0242 | elapsed 1964.8s
step   575000 | reward(last100)  0.1265 | sigma 0.0242 | elapsed 1981.3s
step   580000 | reward(last100)  0.1590 | sigma 0.0242 | elapsed 2001.4s
step   585000 | reward(last100)  0.1836 | sigma 0.0242 | elapsed 2017.7s
step   590000 | reward(last100)  0.1768 | sigma 0.0242 | elapsed 2035.6s
step   595000 | reward(last100)  0.1334 | sigma 0.0242 | elapsed 2056.7s
step   600000 | reward(last100)  0.1680 | sigma 0.0242 | elapsed 2078.0s
step   605000 | reward(last100)  0.1384 | sigma 0.0242 | elapsed 2097.5s
step   610000 | reward(last100)  0.1691 | sigma 0.0242 | elapsed 2113.4s
step   615000 | reward(last100)  0.1245 | sigma 0.0242 | elapsed 2128.1s
step   620000 | reward(last100)  0.0940 | sigma 0.0242 | elapsed 2148.6s
step   625000 | reward(last100)  0.1487 | sigma 0.0242 | elapsed 2165.8s
step   630000 | reward(last100)  0.1336 | sigma 0.0242 | elapsed 2180.9s
step   635000 | reward(last100)  0.2064 | sigma 0.0242 | elapsed 2197.2s
step   640000 | reward(last100)  0.1353 | sigma 0.0242 | elapsed 2213.4s
step   645000 | reward(last100)  0.1608 | sigma 0.0242 | elapsed 2229.7s
step   650000 | reward(last100)  0.1243 | sigma 0.0242 | elapsed 2246.4s
step   655000 | reward(last100)  0.1251 | sigma 0.0242 | elapsed 2265.5s
step   660000 | reward(last100)  0.0668 | sigma 0.0242 | elapsed 2280.8s
step   665000 | reward(last100)  0.1798 | sigma 0.0242 | elapsed 2296.0s
step   670000 | reward(last100)  0.0540 | sigma 0.0242 | elapsed 2313.7s
step   675000 | reward(last100)  0.1665 | sigma 0.0242 | elapsed 2329.8s
step   680000 | reward(last100)  0.1252 | sigma 0.0242 | elapsed 2344.7s
step   685000 | reward(last100)  0.1961 | sigma 0.0242 | elapsed 2360.8s
step   690000 | reward(last100)  0.1458 | sigma 0.0242 | elapsed 2377.7s
step   695000 | reward(last100)  0.0825 | sigma 0.0242 | elapsed 2394.6s
step   700000 | reward(last100)  0.2835 | sigma 0.0242 | elapsed 2411.7s
step   705000 | reward(last100)  0.5059 | sigma 0.0243 | elapsed 2430.0s
step   710000 | reward(last100)  0.3779 | sigma 0.0243 | elapsed 2446.6s
step   715000 | reward(last100)  0.5526 | sigma 0.0243 | elapsed 2462.2s
step   720000 | reward(last100)  0.3710 | sigma 0.0242 | elapsed 2478.4s
step   725000 | reward(last100)  0.5992 | sigma 0.0242 | elapsed 2495.4s
step   730000 | reward(last100)  0.7123 | sigma 0.0242 | elapsed 2512.5s
step   735000 | reward(last100)  0.7095 | sigma 0.0242 | elapsed 2529.1s
step   740000 | reward(last100)  0.7190 | sigma 0.0242 | elapsed 2545.5s
step   745000 | reward(last100)  0.7188 | sigma 0.0242 | elapsed 2560.9s
step   750000 | reward(last100)  0.6060 | sigma 0.0242 | elapsed 2576.6s
step   755000 | reward(last100)  0.5178 | sigma 0.0242 | elapsed 2594.7s
step   760000 | reward(last100)  0.4823 | sigma 0.0242 | elapsed 2610.7s
step   765000 | reward(last100)  0.5296 | sigma 0.0242 | elapsed 2627.2s
step   770000 | reward(last100)  0.5414 | sigma 0.0242 | elapsed 2643.8s
step   775000 | reward(last100)  0.4971 | sigma 0.0242 | elapsed 2660.4s
step   780000 | reward(last100)  0.4542 | sigma 0.0242 | elapsed 2676.1s
step   785000 | reward(last100)  0.5238 | sigma 0.0242 | elapsed 2691.7s
step   790000 | reward(last100)  0.4259 | sigma 0.0242 | elapsed 2711.5s
step   795000 | reward(last100)  0.5373 | sigma 0.0242 | elapsed 2733.8s
step   800000 | reward(last100)  0.5414 | sigma 0.0242 | elapsed 2753.6s
step   805000 | reward(last100)  0.5808 | sigma 0.0242 | elapsed 2776.3s
step   810000 | reward(last100)  0.6052 | sigma 0.0242 | elapsed 2793.8s
step   815000 | reward(last100)  0.5823 | sigma 0.0243 | elapsed 2810.8s
step   820000 | reward(last100)  0.4651 | sigma 0.0243 | elapsed 2829.5s
step   825000 | reward(last100)  0.5249 | sigma 0.0242 | elapsed 2846.2s
step   830000 | reward(last100)  0.5285 | sigma 0.0243 | elapsed 2862.2s
step   835000 | reward(last100)  0.4827 | sigma 0.0243 | elapsed 2878.3s
step   840000 | reward(last100)  0.5554 | sigma 0.0243 | elapsed 2902.0s
step   845000 | reward(last100)  0.4829 | sigma 0.0242 | elapsed 2925.8s
step   850000 | reward(last100)  0.4414 | sigma 0.0242 | elapsed 2948.7s
step   855000 | reward(last100)  0.4466 | sigma 0.0242 | elapsed 2966.2s
step   860000 | reward(last100)  0.4684 | sigma 0.0242 | elapsed 2983.2s
step   865000 | reward(last100)  0.4874 | sigma 0.0243 | elapsed 3000.1s
step   870000 | reward(last100)  0.5376 | sigma 0.0242 | elapsed 3016.4s
step   875000 | reward(last100)  0.5558 | sigma 0.0242 | elapsed 3036.7s
step   880000 | reward(last100)  0.4990 | sigma 0.0243 | elapsed 3055.6s
step   885000 | reward(last100)  0.5157 | sigma 0.0243 | elapsed 3074.0s
step   890000 | reward(last100)  0.5545 | sigma 0.0243 | elapsed 3095.3s
step   895000 | reward(last100)  0.5423 | sigma 0.0243 | elapsed 3117.4s
step   900000 | reward(last100)  0.4650 | sigma 0.0243 | elapsed 3137.9s
step   905000 | reward(last100)  0.5617 | sigma 0.0243 | elapsed 3154.6s
step   910000 | reward(last100)  0.5554 | sigma 0.0243 | elapsed 3170.8s
step   915000 | reward(last100)  0.5772 | sigma 0.0243 | elapsed 3189.1s
step   920000 | reward(last100)  0.5008 | sigma 0.0243 | elapsed 3210.9s
step   925000 | reward(last100)  0.5009 | sigma 0.0243 | elapsed 3231.4s
step   930000 | reward(last100)  0.5199 | sigma 0.0243 | elapsed 3251.0s
step   935000 | reward(last100)  0.3377 | sigma 0.0243 | elapsed 3268.0s
step   940000 | reward(last100)  0.4632 | sigma 0.0243 | elapsed 3284.9s
step   945000 | reward(last100)  0.5702 | sigma 0.0243 | elapsed 3301.3s
step   950000 | reward(last100)  0.5626 | sigma 0.0243 | elapsed 3317.1s
step   955000 | reward(last100)  0.5171 | sigma 0.0242 | elapsed 3335.6s
step   960000 | reward(last100)  0.5215 | sigma 0.0242 | elapsed 3353.9s
step   965000 | reward(last100)  0.5339 | sigma 0.0242 | elapsed 3372.8s
step   970000 | reward(last100)  0.4068 | sigma 0.0242 | elapsed 3395.8s
step   975000 | reward(last100)  0.4583 | sigma 0.0242 | elapsed 3418.7s
step   980000 | reward(last100)  0.4624 | sigma 0.0242 | elapsed 3439.8s
step   985000 | reward(last100)  0.4625 | sigma 0.0242 | elapsed 3459.4s
step   990000 | reward(last100)  0.5589 | sigma 0.0242 | elapsed 3482.4s
step   995000 | reward(last100)  0.5607 | sigma 0.0242 | elapsed 3505.2s
step  1000000 | reward(last100)  0.5349 | sigma 0.0242 | elapsed 3524.1s
step  1005000 | reward(last100)  0.4177 | sigma 0.0242 | elapsed 3545.1s
step  1010000 | reward(last100)  0.4415 | sigma 0.0242 | elapsed 3562.4s
step  1015000 | reward(last100)  0.5942 | sigma 0.0242 | elapsed 3579.1s
step  1020000 | reward(last100)  0.5084 | sigma 0.0242 | elapsed 3596.0s
step  1025000 | reward(last100)  0.5776 | sigma 0.0242 | elapsed 3612.9s
step  1030000 | reward(last100)  0.3750 | sigma 0.0241 | elapsed 3629.3s
step  1035000 | reward(last100)  0.6123 | sigma 0.0241 | elapsed 3645.1s
step  1040000 | reward(last100)  0.4213 | sigma 0.0241 | elapsed 3662.1s
step  1045000 | reward(last100)  0.5067 | sigma 0.0241 | elapsed 3677.7s
step  1050000 | reward(last100)  0.5545 | sigma 0.0241 | elapsed 3694.2s
step  1055000 | reward(last100)  0.4832 | sigma 0.0242 | elapsed 3715.0s
step  1060000 | reward(last100)  0.5757 | sigma 0.0242 | elapsed 3736.9s
step  1065000 | reward(last100)  0.5069 | sigma 0.0242 | elapsed 3757.7s
step  1070000 | reward(last100)  0.4356 | sigma 0.0241 | elapsed 3778.3s
step  1075000 | reward(last100)  0.5445 | sigma 0.0241 | elapsed 3799.1s
step  1080000 | reward(last100)  0.5362 | sigma 0.0241 | elapsed 3820.4s
step  1085000 | reward(last100)  0.4702 | sigma 0.0241 | elapsed 3841.9s
step  1090000 | reward(last100)  0.5114 | sigma 0.0241 | elapsed 3863.5s
step  1095000 | reward(last100)  0.4831 | sigma 0.0241 | elapsed 3884.6s
step  1100000 | reward(last100)  0.3698 | sigma 0.0241 | elapsed 3905.8s
step  1105000 | reward(last100)  0.4969 | sigma 0.0241 | elapsed 3923.8s
step  1110000 | reward(last100)  0.5285 | sigma 0.0241 | elapsed 3940.0s
step  1115000 | reward(last100)  0.5276 | sigma 0.0241 | elapsed 3956.1s
step  1120000 | reward(last100)  0.4737 | sigma 0.0241 | elapsed 3972.3s
step  1125000 | reward(last100)  0.4009 | sigma 0.0241 | elapsed 3988.4s
step  1130000 | reward(last100)  0.5182 | sigma 0.0241 | elapsed 4004.5s
step  1135000 | reward(last100)  0.5417 | sigma 0.0242 | elapsed 4020.6s
step  1140000 | reward(last100)  0.4279 | sigma 0.0241 | elapsed 4037.3s
step  1145000 | reward(last100)  0.5765 | sigma 0.0241 | elapsed 4054.9s
step  1150000 | reward(last100)  0.5748 | sigma 0.0241 | elapsed 4072.9s
step  1155000 | reward(last100)  0.5002 | sigma 0.0241 | elapsed 4089.6s
step  1160000 | reward(last100)  0.4375 | sigma 0.0242 | elapsed 4105.9s
step  1165000 | reward(last100)  0.5419 | sigma 0.0241 | elapsed 4122.0s
step  1170000 | reward(last100)  0.4628 | sigma 0.0241 | elapsed 4138.6s
step  1175000 | reward(last100)  0.5327 | sigma 0.0242 | elapsed 4155.4s
step  1180000 | reward(last100)  0.5574 | sigma 0.0241 | elapsed 4171.6s
step  1185000 | reward(last100)  0.4912 | sigma 0.0241 | elapsed 4188.5s
step  1190000 | reward(last100)  0.5350 | sigma 0.0241 | elapsed 4205.6s
step  1195000 | reward(last100)  0.5722 | sigma 0.0241 | elapsed 4224.8s
step  1200000 | reward(last100)  0.5543 | sigma 0.0241 | elapsed 4242.0s
step  1205000 | reward(last100)  0.5226 | sigma 0.0241 | elapsed 4259.5s
step  1210000 | reward(last100)  0.4971 | sigma 0.0241 | elapsed 4276.0s
step  1215000 | reward(last100)  0.5407 | sigma 0.0241 | elapsed 4292.3s
step  1220000 | reward(last100)  0.4998 | sigma 0.0241 | elapsed 4308.6s
step  1225000 | reward(last100)  0.5719 | sigma 0.0241 | elapsed 4324.9s
step  1230000 | reward(last100)  0.4802 | sigma 0.0241 | elapsed 4341.3s
step  1235000 | reward(last100)  0.5312 | sigma 0.0241 | elapsed 4357.5s
step  1240000 | reward(last100)  0.4903 | sigma 0.0241 | elapsed 4373.7s
step  1245000 | reward(last100)  0.4969 | sigma 0.0241 | elapsed 4389.9s
step  1250000 | reward(last100)  0.4981 | sigma 0.0241 | elapsed 4406.5s
step  1255000 | reward(last100)  0.4805 | sigma 0.0241 | elapsed 4423.9s
step  1260000 | reward(last100)  0.5146 | sigma 0.0241 | elapsed 4441.9s
step  1265000 | reward(last100)  0.5221 | sigma 0.0241 | elapsed 4460.1s
step  1270000 | reward(last100)  0.4323 | sigma 0.0241 | elapsed 4478.4s
step  1275000 | reward(last100)  0.5764 | sigma 0.0240 | elapsed 4496.7s
step  1280000 | reward(last100)  0.5806 | sigma 0.0240 | elapsed 4514.3s
step  1285000 | reward(last100)  0.4797 | sigma 0.0240 | elapsed 4531.7s
step  1290000 | reward(last100)  0.5686 | sigma 0.0241 | elapsed 4549.2s
step  1295000 | reward(last100)  0.5104 | sigma 0.0240 | elapsed 4569.6s
step  1300000 | reward(last100)  0.4684 | sigma 0.0241 | elapsed 4589.8s
step  1305000 | reward(last100)  0.4864 | sigma 0.0240 | elapsed 4606.4s
step  1310000 | reward(last100)  0.4786 | sigma 0.0240 | elapsed 4622.6s
step  1315000 | reward(last100)  0.4309 | sigma 0.0240 | elapsed 4638.9s
step  1320000 | reward(last100)  0.4560 | sigma 0.0240 | elapsed 4655.0s
step  1325000 | reward(last100)  0.4869 | sigma 0.0240 | elapsed 4671.2s
step  1330000 | reward(last100)  0.4600 | sigma 0.0240 | elapsed 4688.2s
step  1335000 | reward(last100)  0.5710 | sigma 0.0240 | elapsed 4705.3s
step  1340000 | reward(last100)  0.4766 | sigma 0.0240 | elapsed 4722.5s
step  1345000 | reward(last100)  0.4864 | sigma 0.0240 | elapsed 4739.6s
step  1350000 | reward(last100)  0.4887 | sigma 0.0240 | elapsed 4756.6s
step  1355000 | reward(last100)  0.4845 | sigma 0.0240 | elapsed 4777.8s
step  1360000 | reward(last100)  0.4389 | sigma 0.0240 | elapsed 4794.5s
step  1365000 | reward(last100)  0.5335 | sigma 0.0240 | elapsed 4810.8s
step  1370000 | reward(last100)  0.5227 | sigma 0.0239 | elapsed 4826.9s
step  1375000 | reward(last100)  0.5691 | sigma 0.0239 | elapsed 4843.9s
step  1380000 | reward(last100)  0.5007 | sigma 0.0239 | elapsed 4865.1s
step  1385000 | reward(last100)  0.4643 | sigma 0.0239 | elapsed 4886.1s
step  1390000 | reward(last100)  0.5077 | sigma 0.0239 | elapsed 4906.6s
step  1395000 | reward(last100)  0.4879 | sigma 0.0239 | elapsed 4924.2s
step  1400000 | reward(last100)  0.5394 | sigma 0.0239 | elapsed 4941.7s
step  1405000 | reward(last100)  0.4290 | sigma 0.0239 | elapsed 4958.0s
step  1410000 | reward(last100)  0.4607 | sigma 0.0239 | elapsed 4974.0s
step  1415000 | reward(last100)  0.4958 | sigma 0.0239 | elapsed 4991.5s
step  1420000 | reward(last100)  0.5397 | sigma 0.0239 | elapsed 5009.0s
step  1425000 | reward(last100)  0.4539 | sigma 0.0239 | elapsed 5026.5s
step  1430000 | reward(last100)  0.5062 | sigma 0.0239 | elapsed 5044.3s
step  1435000 | reward(last100)  0.4688 | sigma 0.0239 | elapsed 5062.2s
step  1440000 | reward(last100)  0.4649 | sigma 0.0238 | elapsed 5078.3s
step  1445000 | reward(last100)  0.5256 | sigma 0.0239 | elapsed 5094.2s
step  1450000 | reward(last100)  0.5121 | sigma 0.0239 | elapsed 5110.0s
step  1455000 | reward(last100)  0.5457 | sigma 0.0239 | elapsed 5128.1s
step  1460000 | reward(last100)  0.5063 | sigma 0.0239 | elapsed 5145.7s
step  1465000 | reward(last100)  0.5585 | sigma 0.0239 | elapsed 5163.3s
step  1470000 | reward(last100)  0.4803 | sigma 0.0239 | elapsed 5181.1s
step  1475000 | reward(last100)  0.5793 | sigma 0.0238 | elapsed 5198.9s
step  1480000 | reward(last100)  0.5218 | sigma 0.0238 | elapsed 5216.5s
step  1485000 | reward(last100)  0.5540 | sigma 0.0239 | elapsed 5234.0s
step  1490000 | reward(last100)  0.5594 | sigma 0.0238 | elapsed 5251.7s
step  1495000 | reward(last100)  0.5285 | sigma 0.0238 | elapsed 5269.1s
step  1500000 | reward(last100)  0.5102 | sigma 0.0238 | elapsed 5286.6s
step  1505000 | reward(last100)  0.5169 | sigma 0.0238 | elapsed 5302.8s
step  1510000 | reward(last100)  0.4705 | sigma 0.0238 | elapsed 5318.4s
step  1515000 | reward(last100)  0.5086 | sigma 0.0238 | elapsed 5334.1s
step  1520000 | reward(last100)  0.5828 | sigma 0.0238 | elapsed 5350.8s
step  1525000 | reward(last100)  0.4763 | sigma 0.0238 | elapsed 5368.0s
step  1530000 | reward(last100)  0.5343 | sigma 0.0238 | elapsed 5385.3s
step  1535000 | reward(last100)  0.5429 | sigma 0.0238 | elapsed 5402.5s
step  1540000 | reward(last100)  0.5270 | sigma 0.0238 | elapsed 5419.6s
step  1545000 | reward(last100)  0.5276 | sigma 0.0238 | elapsed 5435.2s
step  1550000 | reward(last100)  0.5362 | sigma 0.0238 | elapsed 5451.9s
step  1555000 | reward(last100)  0.4308 | sigma 0.0238 | elapsed 5468.5s
step  1560000 | reward(last100)  0.5300 | sigma 0.0238 | elapsed 5484.6s
step  1565000 | reward(last100)  0.5173 | sigma 0.0238 | elapsed 5500.6s
step  1570000 | reward(last100)  0.5644 | sigma 0.0238 | elapsed 5516.6s
step  1575000 | reward(last100)  0.5299 | sigma 0.0238 | elapsed 5532.4s
step  1580000 | reward(last100)  0.4692 | sigma 0.0238 | elapsed 5548.3s
step  1585000 | reward(last100)  0.5974 | sigma 0.0238 | elapsed 5564.2s
step  1590000 | reward(last100)  0.5569 | sigma 0.0238 | elapsed 5582.5s
step  1595000 | reward(last100)  0.5339 | sigma 0.0238 | elapsed 5601.0s
step  1600000 | reward(last100)  0.5076 | sigma 0.0238 | elapsed 5618.9s
step  1605000 | reward(last100)  0.5254 | sigma 0.0238 | elapsed 5638.8s
step  1610000 | reward(last100)  0.5510 | sigma 0.0238 | elapsed 5658.4s
step  1615000 | reward(last100)  0.4561 | sigma 0.0238 | elapsed 5675.6s
step  1620000 | reward(last100)  0.4930 | sigma 0.0238 | elapsed 5692.0s
step  1625000 | reward(last100)  0.5605 | sigma 0.0237 | elapsed 5707.7s
step  1630000 | reward(last100)  0.5555 | sigma 0.0237 | elapsed 5723.5s
step  1635000 | reward(last100)  0.5463 | sigma 0.0237 | elapsed 5739.3s
step  1640000 | reward(last100)  0.4677 | sigma 0.0237 | elapsed 5755.9s
step  1645000 | reward(last100)  0.5502 | sigma 0.0237 | elapsed 5773.3s
step  1650000 | reward(last100)  0.5470 | sigma 0.0237 | elapsed 5790.2s
step  1655000 | reward(last100)  0.4276 | sigma 0.0237 | elapsed 5806.2s
step  1660000 | reward(last100)  0.6028 | sigma 0.0237 | elapsed 5822.0s
step  1665000 | reward(last100)  0.5241 | sigma 0.0237 | elapsed 5839.9s
step  1670000 | reward(last100)  0.5362 | sigma 0.0237 | elapsed 5858.0s
step  1675000 | reward(last100)  0.4721 | sigma 0.0237 | elapsed 5875.8s
step  1680000 | reward(last100)  0.5735 | sigma 0.0237 | elapsed 5893.1s
step  1685000 | reward(last100)  0.5062 | sigma 0.0237 | elapsed 5910.7s
step  1690000 | reward(last100)  0.5698 | sigma 0.0237 | elapsed 5928.5s
step  1695000 | reward(last100)  0.5863 | sigma 0.0237 | elapsed 5946.6s
step  1700000 | reward(last100)  0.4911 | sigma 0.0237 | elapsed 5963.0s
step  1705000 | reward(last100)  0.4513 | sigma 0.0237 | elapsed 5986.3s
step  1710000 | reward(last100)  0.5144 | sigma 0.0237 | elapsed 6008.9s
step  1715000 | reward(last100)  0.5845 | sigma 0.0237 | elapsed 6030.0s
step  1720000 | reward(last100)  0.5488 | sigma 0.0237 | elapsed 6047.9s
step  1725000 | reward(last100)  0.5396 | sigma 0.0237 | elapsed 6065.1s
step  1730000 | reward(last100)  0.5830 | sigma 0.0237 | elapsed 6081.3s
step  1735000 | reward(last100)  0.6322 | sigma 0.0237 | elapsed 6097.5s
step  1740000 | reward(last100)  0.5922 | sigma 0.0237 | elapsed 6113.7s
step  1745000 | reward(last100)  0.5048 | sigma 0.0237 | elapsed 6129.9s
step  1750000 | reward(last100)  0.5047 | sigma 0.0237 | elapsed 6146.1s
step  1755000 | reward(last100)  0.5439 | sigma 0.0237 | elapsed 6162.7s
step  1760000 | reward(last100)  0.5027 | sigma 0.0237 | elapsed 6179.1s
step  1765000 | reward(last100)  0.4953 | sigma 0.0237 | elapsed 6195.4s
step  1770000 | reward(last100)  0.4965 | sigma 0.0237 | elapsed 6212.2s
step  1775000 | reward(last100)  0.5005 | sigma 0.0237 | elapsed 6228.6s
step  1780000 | reward(last100)  0.4960 | sigma 0.0237 | elapsed 6245.0s
step  1785000 | reward(last100)  0.5633 | sigma 0.0237 | elapsed 6261.5s
step  1790000 | reward(last100)  0.4967 | sigma 0.0237 | elapsed 6279.0s
step  1795000 | reward(last100)  0.4543 | sigma 0.0237 | elapsed 6295.7s
step  1800000 | reward(last100)  0.3952 | sigma 0.0237 | elapsed 6312.7s
step  1805000 | reward(last100)  0.4451 | sigma 0.0237 | elapsed 6332.0s
step  1810000 | reward(last100)  0.4837 | sigma 0.0237 | elapsed 6350.1s
step  1815000 | reward(last100)  0.5521 | sigma 0.0237 | elapsed 6367.9s
step  1820000 | reward(last100)  0.5272 | sigma 0.0238 | elapsed 6385.8s
step  1825000 | reward(last100)  0.5348 | sigma 0.0238 | elapsed 6402.1s
step  1830000 | reward(last100)  0.5702 | sigma 0.0237 | elapsed 6418.2s
step  1835000 | reward(last100)  0.5341 | sigma 0.0237 | elapsed 6434.5s
step  1840000 | reward(last100)  0.5054 | sigma 0.0238 | elapsed 6450.7s
step  1845000 | reward(last100)  0.4648 | sigma 0.0238 | elapsed 6467.1s
step  1850000 | reward(last100)  0.4851 | sigma 0.0238 | elapsed 6483.4s
step  1855000 | reward(last100)  0.4916 | sigma 0.0238 | elapsed 6504.5s
step  1860000 | reward(last100)  0.4726 | sigma 0.0238 | elapsed 6523.2s
step  1865000 | reward(last100)  0.5799 | sigma 0.0238 | elapsed 6539.6s
step  1870000 | reward(last100)  0.5443 | sigma 0.0238 | elapsed 6556.0s
step  1875000 | reward(last100)  0.4833 | sigma 0.0238 | elapsed 6572.3s
step  1880000 | reward(last100)  0.4417 | sigma 0.0238 | elapsed 6588.5s
step  1885000 | reward(last100)  0.5042 | sigma 0.0238 | elapsed 6604.7s
step  1890000 | reward(last100)  0.4409 | sigma 0.0238 | elapsed 6621.1s
step  1895000 | reward(last100)  0.6042 | sigma 0.0238 | elapsed 6637.5s
step  1900000 | reward(last100)  0.5883 | sigma 0.0238 | elapsed 6653.9s
step  1905000 | reward(last100)  0.4670 | sigma 0.0238 | elapsed 6671.1s
step  1910000 | reward(last100)  0.5745 | sigma 0.0238 | elapsed 6687.7s
step  1915000 | reward(last100)  0.4960 | sigma 0.0238 | elapsed 6704.5s
step  1920000 | reward(last100)  0.5492 | sigma 0.0238 | elapsed 6723.1s
step  1925000 | reward(last100)  0.5157 | sigma 0.0237 | elapsed 6743.4s
step  1930000 | reward(last100)  0.4751 | sigma 0.0238 | elapsed 6760.0s
step  1935000 | reward(last100)  0.5229 | sigma 0.0238 | elapsed 6777.0s
step  1940000 | reward(last100)  0.4955 | sigma 0.0237 | elapsed 6793.9s
step  1945000 | reward(last100)  0.5536 | sigma 0.0238 | elapsed 6810.6s
step  1950000 | reward(last100)  0.4903 | sigma 0.0238 | elapsed 6827.4s
step  1955000 | reward(last100)  0.5340 | sigma 0.0237 | elapsed 6844.4s
step  1960000 | reward(last100)  0.5245 | sigma 0.0238 | elapsed 6862.7s
step  1965000 | reward(last100)  0.5538 | sigma 0.0237 | elapsed 6880.9s
step  1970000 | reward(last100)  0.4926 | sigma 0.0238 | elapsed 6898.8s
step  1975000 | reward(last100)  0.5048 | sigma 0.0237 | elapsed 6916.8s
step  1980000 | reward(last100)  0.5235 | sigma 0.0237 | elapsed 6934.9s
step  1985000 | reward(last100)  0.4868 | sigma 0.0237 | elapsed 6952.9s
step  1990000 | reward(last100)  0.6437 | sigma 0.0237 | elapsed 6970.9s
step  1995000 | reward(last100)  0.5734 | sigma 0.0237 | elapsed 6988.4s
step  2000000 | reward(last100)  0.6033 | sigma 0.0237 | elapsed 7005.0s
step  2005000 | reward(last100)  0.5594 | sigma 0.0237 | elapsed 7022.2s
step  2010000 | reward(last100)  0.6234 | sigma 0.0237 | elapsed 7038.5s
step  2015000 | reward(last100)  0.4938 | sigma 0.0237 | elapsed 7055.0s
step  2020000 | reward(last100)  0.5639 | sigma 0.0237 | elapsed 7071.4s
step  2025000 | reward(last100)  0.4938 | sigma 0.0237 | elapsed 7087.8s
step  2030000 | reward(last100)  0.5153 | sigma 0.0237 | elapsed 7104.1s
step  2035000 | reward(last100)  0.5105 | sigma 0.0237 | elapsed 7120.4s
step  2040000 | reward(last100)  0.5059 | sigma 0.0237 | elapsed 7136.8s
step  2045000 | reward(last100)  0.4742 | sigma 0.0237 | elapsed 7153.2s
step  2050000 | reward(last100)  0.5619 | sigma 0.0237 | elapsed 7169.4s
step  2055000 | reward(last100)  0.4978 | sigma 0.0237 | elapsed 7188.2s
step  2060000 | reward(last100)  0.5566 | sigma 0.0237 | elapsed 7206.4s
step  2065000 | reward(last100)  0.5209 | sigma 0.0237 | elapsed 7224.5s
step  2070000 | reward(last100)  0.5621 | sigma 0.0237 | elapsed 7242.4s
step  2075000 | reward(last100)  0.5510 | sigma 0.0237 | elapsed 7260.4s
step  2080000 | reward(last100)  0.5150 | sigma 0.0237 | elapsed 7278.5s
step  2085000 | reward(last100)  0.5214 | sigma 0.0237 | elapsed 7296.5s
step  2090000 | reward(last100)  0.5494 | sigma 0.0237 | elapsed 7312.8s
step  2095000 | reward(last100)  0.4287 | sigma 0.0237 | elapsed 7328.9s
step  2100000 | reward(last100)  0.5073 | sigma 0.0237 | elapsed 7345.0s
step  2105000 | reward(last100)  0.5092 | sigma 0.0237 | elapsed 7363.3s
step  2110000 | reward(last100)  0.4968 | sigma 0.0237 | elapsed 7386.0s
step  2115000 | reward(last100)  0.5449 | sigma 0.0237 | elapsed 7409.4s
step  2120000 | reward(last100)  0.5726 | sigma 0.0237 | elapsed 7431.6s
step  2125000 | reward(last100)  0.4902 | sigma 0.0237 | elapsed 7450.4s
step  2130000 | reward(last100)  0.6132 | sigma 0.0237 | elapsed 7469.2s
step  2135000 | reward(last100)  0.5269 | sigma 0.0237 | elapsed 7487.2s
step  2140000 | reward(last100)  0.4923 | sigma 0.0237 | elapsed 7506.0s
step  2145000 | reward(last100)  0.5528 | sigma 0.0237 | elapsed 7524.8s
step  2150000 | reward(last100)  0.5740 | sigma 0.0237 | elapsed 7543.0s
step  2155000 | reward(last100)  0.5095 | sigma 0.0237 | elapsed 7561.4s
step  2160000 | reward(last100)  0.4939 | sigma 0.0237 | elapsed 7578.8s
step  2165000 | reward(last100)  0.5289 | sigma 0.0237 | elapsed 7596.5s
step  2170000 | reward(last100)  0.5217 | sigma 0.0237 | elapsed 7614.3s
step  2175000 | reward(last100)  0.4604 | sigma 0.0237 | elapsed 7631.7s
step  2180000 | reward(last100)  0.4891 | sigma 0.0237 | elapsed 7648.4s
step  2185000 | reward(last100)  0.5881 | sigma 0.0237 | elapsed 7664.6s
step  2190000 | reward(last100)  0.5132 | sigma 0.0237 | elapsed 7680.8s
step  2195000 | reward(last100)  0.5369 | sigma 0.0237 | elapsed 7696.8s
step  2200000 | reward(last100)  0.5184 | sigma 0.0237 | elapsed 7713.0s
step  2205000 | reward(last100)  0.4524 | sigma 0.0237 | elapsed 7729.9s
step  2210000 | reward(last100)  0.5756 | sigma 0.0237 | elapsed 7746.1s
step  2215000 | reward(last100)  0.4433 | sigma 0.0237 | elapsed 7762.4s
step  2220000 | reward(last100)  0.5017 | sigma 0.0237 | elapsed 7780.3s
step  2225000 | reward(last100)  0.5565 | sigma 0.0237 | elapsed 7798.3s
step  2230000 | reward(last100)  0.4510 | sigma 0.0237 | elapsed 7816.8s
step  2235000 | reward(last100)  0.4533 | sigma 0.0237 | elapsed 7835.4s
step  2240000 | reward(last100)  0.4916 | sigma 0.0237 | elapsed 7853.9s
step  2245000 | reward(last100)  0.5163 | sigma 0.0237 | elapsed 7872.6s
step  2250000 | reward(last100)  0.5175 | sigma 0.0237 | elapsed 7891.0s
step  2255000 | reward(last100)  0.6102 | sigma 0.0237 | elapsed 7907.4s
step  2260000 | reward(last100)  0.5239 | sigma 0.0237 | elapsed 7923.6s
step  2265000 | reward(last100)  0.5247 | sigma 0.0237 | elapsed 7941.1s
step  2270000 | reward(last100)  0.5779 | sigma 0.0237 | elapsed 7958.6s
step  2275000 | reward(last100)  0.5489 | sigma 0.0237 | elapsed 7976.2s
step  2280000 | reward(last100)  0.4618 | sigma 0.0237 | elapsed 7993.8s
step  2285000 | reward(last100)  0.5389 | sigma 0.0237 | elapsed 8011.4s
step  2290000 | reward(last100)  0.4793 | sigma 0.0237 | elapsed 8029.1s
step  2295000 | reward(last100)  0.4936 | sigma 0.0237 | elapsed 8046.7s
step  2300000 | reward(last100)  0.4993 | sigma 0.0237 | elapsed 8064.3s
step  2305000 | reward(last100)  0.5897 | sigma 0.0237 | elapsed 8080.9s
step  2310000 | reward(last100)  0.5571 | sigma 0.0237 | elapsed 8097.2s
step  2315000 | reward(last100)  0.5144 | sigma 0.0237 | elapsed 8113.4s
step  2320000 | reward(last100)  0.5594 | sigma 0.0237 | elapsed 8129.6s
step  2325000 | reward(last100)  0.5945 | sigma 0.0238 | elapsed 8145.9s
step  2330000 | reward(last100)  0.5387 | sigma 0.0237 | elapsed 8162.1s
step  2335000 | reward(last100)  0.5048 | sigma 0.0237 | elapsed 8178.4s
step  2340000 | reward(last100)  0.5462 | sigma 0.0237 | elapsed 8194.7s
step  2345000 | reward(last100)  0.4823 | sigma 0.0238 | elapsed 8211.0s
step  2350000 | reward(last100)  0.4950 | sigma 0.0237 | elapsed 8227.3s
step  2355000 | reward(last100)  0.5339 | sigma 0.0237 | elapsed 8245.7s
step  2360000 | reward(last100)  0.5150 | sigma 0.0237 | elapsed 8263.5s
step  2365000 | reward(last100)  0.5255 | sigma 0.0237 | elapsed 8281.2s
step  2370000 | reward(last100)  0.5748 | sigma 0.0238 | elapsed 8299.0s
step  2375000 | reward(last100)  0.4448 | sigma 0.0237 | elapsed 8316.0s
step  2380000 | reward(last100)  0.5553 | sigma 0.0237 | elapsed 8332.0s
step  2385000 | reward(last100)  0.4730 | sigma 0.0237 | elapsed 8348.0s
step  2390000 | reward(last100)  0.4920 | sigma 0.0237 | elapsed 8364.7s
step  2395000 | reward(last100)  0.5000 | sigma 0.0237 | elapsed 8381.3s
step  2400000 | reward(last100)  0.5478 | sigma 0.0237 | elapsed 8397.1s
step  2405000 | reward(last100)  0.5815 | sigma 0.0237 | elapsed 8415.8s
step  2410000 | reward(last100)  0.5483 | sigma 0.0237 | elapsed 8434.2s
step  2415000 | reward(last100)  0.4292 | sigma 0.0237 | elapsed 8452.1s
step  2420000 | reward(last100)  0.5727 | sigma 0.0237 | elapsed 8470.7s
step  2425000 | reward(last100)  0.5042 | sigma 0.0237 | elapsed 8488.5s
step  2430000 | reward(last100)  0.5548 | sigma 0.0237 | elapsed 8505.4s
step  2435000 | reward(last100)  0.5143 | sigma 0.0237 | elapsed 8523.3s
step  2440000 | reward(last100)  0.4920 | sigma 0.0238 | elapsed 8542.9s
step  2445000 | reward(last100)  0.5191 | sigma 0.0237 | elapsed 8560.2s
step  2450000 | reward(last100)  0.5689 | sigma 0.0238 | elapsed 8576.8s
step  2455000 | reward(last100)  0.4705 | sigma 0.0237 | elapsed 8593.1s
step  2460000 | reward(last100)  0.4718 | sigma 0.0237 | elapsed 8610.3s
step  2465000 | reward(last100)  0.5794 | sigma 0.0237 | elapsed 8627.8s
step  2470000 | reward(last100)  0.5200 | sigma 0.0237 | elapsed 8645.5s
step  2475000 | reward(last100)  0.4760 | sigma 0.0237 | elapsed 8663.3s
step  2480000 | reward(last100)  0.5948 | sigma 0.0237 | elapsed 8681.4s
step  2485000 | reward(last100)  0.5026 | sigma 0.0238 | elapsed 8698.8s
step  2490000 | reward(last100)  0.6110 | sigma 0.0237 | elapsed 8716.2s
step  2495000 | reward(last100)  0.5264 | sigma 0.0237 | elapsed 8733.5s
step  2500000 | reward(last100)  0.4970 | sigma 0.0237 | elapsed 8750.9s
step  2505000 | reward(last100)  0.5309 | sigma 0.0237 | elapsed 8767.2s
step  2510000 | reward(last100)  0.5051 | sigma 0.0237 | elapsed 8783.1s
step  2515000 | reward(last100)  0.5254 | sigma 0.0238 | elapsed 8799.0s
step  2520000 | reward(last100)  0.5676 | sigma 0.0237 | elapsed 8814.9s
step  2525000 | reward(last100)  0.5994 | sigma 0.0238 | elapsed 8830.8s
step  2530000 | reward(last100)  0.5555 | sigma 0.0237 | elapsed 8846.7s
step  2535000 | reward(last100)  0.6134 | sigma 0.0237 | elapsed 8862.6s
step  2540000 | reward(last100)  0.5544 | sigma 0.0238 | elapsed 8878.6s
step  2545000 | reward(last100)  0.6055 | sigma 0.0238 | elapsed 8894.5s
step  2550000 | reward(last100)  0.5242 | sigma 0.0238 | elapsed 8910.4s
step  2555000 | reward(last100)  0.5478 | sigma 0.0238 | elapsed 8927.6s
step  2560000 | reward(last100)  0.5187 | sigma 0.0238 | elapsed 8945.4s
step  2565000 | reward(last100)  0.5997 | sigma 0.0238 | elapsed 8963.1s
step  2570000 | reward(last100)  0.5779 | sigma 0.0238 | elapsed 8979.5s
step  2575000 | reward(last100)  0.5018 | sigma 0.0238 | elapsed 8995.5s
step  2580000 | reward(last100)  0.5617 | sigma 0.0238 | elapsed 9011.5s
step  2585000 | reward(last100)  0.5639 | sigma 0.0238 | elapsed 9027.5s
step  2590000 | reward(last100)  0.5508 | sigma 0.0238 | elapsed 9043.5s
step  2595000 | reward(last100)  0.4645 | sigma 0.0238 | elapsed 9059.6s
step  2600000 | reward(last100)  0.6100 | sigma 0.0238 | elapsed 9075.6s
step  2605000 | reward(last100)  0.5166 | sigma 0.0238 | elapsed 9092.3s
step  2610000 | reward(last100)  0.5574 | sigma 0.0238 | elapsed 9108.8s
step  2615000 | reward(last100)  0.4604 | sigma 0.0238 | elapsed 9127.2s
step  2620000 | reward(last100)  0.5351 | sigma 0.0238 | elapsed 9145.1s
step  2625000 | reward(last100)  0.5536 | sigma 0.0238 | elapsed 9162.9s
step  2630000 | reward(last100)  0.5619 | sigma 0.0238 | elapsed 9180.6s
step  2635000 | reward(last100)  0.4386 | sigma 0.0238 | elapsed 9198.4s
step  2640000 | reward(last100)  0.5879 | sigma 0.0238 | elapsed 9216.2s
step  2645000 | reward(last100)  0.5800 | sigma 0.0238 | elapsed 9234.1s
step  2650000 | reward(last100)  0.4918 | sigma 0.0238 | elapsed 9252.1s
step  2655000 | reward(last100)  0.5314 | sigma 0.0238 | elapsed 9269.1s
step  2660000 | reward(last100)  0.5321 | sigma 0.0238 | elapsed 9286.6s
step  2665000 | reward(last100)  0.5348 | sigma 0.0237 | elapsed 9304.0s
step  2670000 | reward(last100)  0.5111 | sigma 0.0238 | elapsed 9321.5s
step  2675000 | reward(last100)  0.5293 | sigma 0.0237 | elapsed 9340.0s
step  2680000 | reward(last100)  0.5337 | sigma 0.0237 | elapsed 9361.5s
step  2685000 | reward(last100)  0.4841 | sigma 0.0237 | elapsed 9383.3s
step  2690000 | reward(last100)  0.5251 | sigma 0.0237 | elapsed 9404.6s
step  2695000 | reward(last100)  0.5544 | sigma 0.0237 | elapsed 9425.8s
step  2700000 | reward(last100)  0.5920 | sigma 0.0237 | elapsed 9447.8s
step  2705000 | reward(last100)  0.5325 | sigma 0.0237 | elapsed 9464.1s
step  2710000 | reward(last100)  0.4723 | sigma 0.0238 | elapsed 9480.2s
step  2715000 | reward(last100)  0.5701 | sigma 0.0237 | elapsed 9496.3s
step  2720000 | reward(last100)  0.5821 | sigma 0.0237 | elapsed 9512.4s
step  2725000 | reward(last100)  0.5033 | sigma 0.0238 | elapsed 9528.4s
step  2730000 | reward(last100)  0.5899 | sigma 0.0238 | elapsed 9544.5s
step  2735000 | reward(last100)  0.5497 | sigma 0.0238 | elapsed 9560.6s
step  2740000 | reward(last100)  0.5533 | sigma 0.0238 | elapsed 9576.7s
step  2745000 | reward(last100)  0.5032 | sigma 0.0238 | elapsed 9592.8s
step  2750000 | reward(last100)  0.4850 | sigma 0.0237 | elapsed 9608.9s
step  2755000 | reward(last100)  0.5443 | sigma 0.0237 | elapsed 9625.7s
step  2760000 | reward(last100)  0.5189 | sigma 0.0238 | elapsed 9641.9s
step  2765000 | reward(last100)  0.5945 | sigma 0.0238 | elapsed 9658.2s
step  2770000 | reward(last100)  0.4406 | sigma 0.0237 | elapsed 9674.4s
step  2775000 | reward(last100)  0.5180 | sigma 0.0237 | elapsed 9690.6s
step  2780000 | reward(last100)  0.4479 | sigma 0.0237 | elapsed 9706.9s
step  2785000 | reward(last100)  0.5446 | sigma 0.0237 | elapsed 9723.1s
step  2790000 | reward(last100)  0.5309 | sigma 0.0238 | elapsed 9739.3s
step  2795000 | reward(last100)  0.4907 | sigma 0.0237 | elapsed 9755.5s
step  2800000 | reward(last100)  0.5466 | sigma 0.0238 | elapsed 9772.9s
step  2805000 | reward(last100)  0.4856 | sigma 0.0238 | elapsed 9789.6s
step  2810000 | reward(last100)  0.4590 | sigma 0.0238 | elapsed 9805.9s
step  2815000 | reward(last100)  0.3876 | sigma 0.0238 | elapsed 9822.1s
step  2820000 | reward(last100)  0.5672 | sigma 0.0238 | elapsed 9838.4s
step  2825000 | reward(last100)  0.5387 | sigma 0.0238 | elapsed 9854.7s
step  2830000 | reward(last100)  0.4672 | sigma 0.0238 | elapsed 9871.0s
step  2835000 | reward(last100)  0.5412 | sigma 0.0238 | elapsed 9887.3s
step  2840000 | reward(last100)  0.5776 | sigma 0.0238 | elapsed 9903.6s
step  2845000 | reward(last100)  0.6047 | sigma 0.0238 | elapsed 9920.0s
step  2850000 | reward(last100)  0.5505 | sigma 0.0238 | elapsed 9936.3s
step  2855000 | reward(last100)  0.5481 | sigma 0.0238 | elapsed 9953.7s
step  2860000 | reward(last100)  0.5087 | sigma 0.0238 | elapsed 9970.4s
step  2865000 | reward(last100)  0.5719 | sigma 0.0238 | elapsed 9987.0s
step  2870000 | reward(last100)  0.5089 | sigma 0.0238 | elapsed 10003.6s
step  2875000 | reward(last100)  0.5792 | sigma 0.0238 | elapsed 10020.2s
step  2880000 | reward(last100)  0.6222 | sigma 0.0238 | elapsed 10036.7s
step  2885000 | reward(last100)  0.5052 | sigma 0.0238 | elapsed 10053.2s
step  2890000 | reward(last100)  0.5516 | sigma 0.0238 | elapsed 10069.8s
step  2895000 | reward(last100)  0.5546 | sigma 0.0238 | elapsed 10086.4s
step  2900000 | reward(last100)  0.5992 | sigma 0.0238 | elapsed 10103.1s
step  2905000 | reward(last100)  0.4968 | sigma 0.0238 | elapsed 10119.8s
step  2910000 | reward(last100)  0.5953 | sigma 0.0237 | elapsed 10136.1s
step  2915000 | reward(last100)  0.5496 | sigma 0.0238 | elapsed 10152.5s
step  2920000 | reward(last100)  0.5200 | sigma 0.0237 | elapsed 10168.7s
step  2925000 | reward(last100)  0.5296 | sigma 0.0237 | elapsed 10184.8s
step  2930000 | reward(last100)  0.6056 | sigma 0.0237 | elapsed 10201.0s
step  2935000 | reward(last100)  0.5184 | sigma 0.0237 | elapsed 10217.1s
step  2940000 | reward(last100)  0.5118 | sigma 0.0238 | elapsed 10233.2s
step  2945000 | reward(last100)  0.5011 | sigma 0.0238 | elapsed 10249.4s
step  2950000 | reward(last100)  0.5481 | sigma 0.0238 | elapsed 10265.6s
step  2955000 | reward(last100)  0.5175 | sigma 0.0238 | elapsed 10282.0s
step  2960000 | reward(last100)  0.5676 | sigma 0.0238 | elapsed 10298.0s
step  2965000 | reward(last100)  0.5251 | sigma 0.0238 | elapsed 10314.8s
step  2970000 | reward(last100)  0.5984 | sigma 0.0238 | elapsed 10332.5s
step  2975000 | reward(last100)  0.5930 | sigma 0.0238 | elapsed 10350.2s
step  2980000 | reward(last100)  0.5087 | sigma 0.0238 | elapsed 10367.9s
step  2985000 | reward(last100)  0.5424 | sigma 0.0238 | elapsed 10385.5s
step  2990000 | reward(last100)  0.4947 | sigma 0.0238 | elapsed 10403.2s
step  2995000 | reward(last100)  0.5317 | sigma 0.0238 | elapsed 10421.2s
step  3000000 | reward(last100)  0.4410 | sigma 0.0238 | elapsed 10438.8s
