step     5000 | reward(last100)  0.0000 | eps 0.976 | elapsed    1.0s
step    10000 | reward(last100)  0.0000 | eps 0.953 | elapsed    2.0s
step    15000 | reward(last100)  0.0000 | eps 0.929 | elapsed    9.9s
step    20000 | reward(last100)  0.0201 | eps 0.905 | elapsed   18.2s
step    25000 | reward(last100)  0.0161 | eps 0.881 | elapsed   27.0s
step    30000 | reward(last100)  0.0183 | eps 0.858 | elapsed   35.8s
step    35000 | reward(last100)  0.0285 | eps 0.834 | elapsed   44.6s
step    40000 | reward(last100)  0.0367 | eps 0.810 | elapsed   53.4s
step    45000 | reward(last100)  0.0529 | eps 0.786 | elapsed   62.3s
step    50000 | reward(last100)  0.0846 | eps 0.762 | elapsed   71.2s
step    55000 | reward(last100)  0.0995 | eps 0.739 | elapsed   79.8s
step    60000 | reward(last100)  0.1378 | eps 0.715 | elapsed   87.9s
step    65000 | reward(last100)  0.1684 | eps 0.691 | elapsed   96.1s
step    70000 | reward(last100)  0.2155 | eps 0.667 | elapsed  104.3s
step    75000 | reward(last100)  0.2835 | eps 0.644 | elapsed  112.5s
step    80000 | reward(last100)  0.3418 | eps 0.620 | elapsed  120.7s
step    85000 | reward(last100)  0.3410 | eps 0.596 | elapsed  129.0s
step    90000 | reward(last100)  0.4027 | eps 0.573 | elapsed  137.3s
step    95000 | reward(last100)  0.3879 | eps 0.549 | elapsed  145.7s
step   100000 | reward(last100)  0.3503 | eps 0.525 | elapsed  154.1s
step   105000 | reward(last100)  0.3026 | eps 0.501 | elapsed  162.8s
step   110000 | reward(last100)  0.2939 | eps 0.478 | elapsed  171.2s
step   115000 | reward(last100)  0.2623 | eps 0.454 | elapsed  179.7s
step   120000 | reward(last100)  0.2383 | eps 0.430 | elapsed  188.1s
step   125000 | reward(last100)  0.2037 | eps 0.406 | elapsed  196.6s
step   130000 | reward(last100)  0.1803 | eps 0.383 | elapsed  205.0s
step   135000 | reward(last100)  0.1727 | eps 0.359 | elapsed  213.5s
step   140000 | reward(last100)  0.1409 | eps 0.335 | elapsed  222.0s
step   145000 | reward(last100)  0.1478 | eps 0.311 | elapsed  230.6s
step   150000 | reward(last100)  0.1096 | eps 0.288 | elapsed  239.1s
step   155000 | reward(last100)  0.1086 | eps 0.264 | elapsed  248.1s
step   160000 | reward(last100)  0.1077 | eps 0.240 | elapsed  256.7s
step   165000 | reward(last100)  0.1025 | eps 0.216 | elapsed  265.4s
step   170000 | reward(last100)  0.1064 | eps 0.193 | elapsed  274.9s
step   175000 | reward(last100)  0.1212 | eps 0.169 | elapsed  284.7s
step   180000 | reward(last100)  0.0878 | eps 0.145 | elapsed  297.2s
step   185000 | reward(last100)  0.0898 | eps 0.121 | elapsed  309.8s
step   190000 | reward(last100)  0.0818 | eps 0.098 | elapsed  322.4s
step   195000 | reward(last100)  0.0780 | eps 0.074 | elapsed  335.1s
step   200000 | reward(last100)  0.0764 | eps 0.050 | elapsed  347.9s
step   205000 | reward(last100)  0.0857 | eps 0.050 | elapsed  357.1s
step   210000 | reward(last100)  0.0742 | eps 0.050 | elapsed  366.0s
step   215000 | reward(last100)  0.0946 | eps 0.050 | elapsed  374.9s
step   220000 | reward(last100)  0.0876 | eps 0.050 | elapsed  386.9s
step   225000 | reward(last100)  0.0936 | eps 0.050 | elapsed  399.1s
step   230000 | reward(last100)  0.0939 | eps 0.050 | elapsed  411.5s
step   235000 | reward(last100)  0.1064 | eps 0.050 | elapsed  423.9s
step   240000 | reward(last100)  0.1243 | eps 0.050 | elapsed  436.4s
step   245000 | reward(last100)  0.1763 | eps 0.050 | elapsed  449.6s
step   250000 | reward(last100)  0.1853 | eps 0.050 | elapsed  462.9s
step   255000 | reward(last100)  0.1888 | eps 0.050 | elapsed  472.6s
step   260000 | reward(last100)  0.1917 | eps 0.050 | elapsed  482.3s
step   265000 | reward(last100)  0.1829 | eps 0.050 | elapsed  492.7s
step   270000 | reward(last100)  0.1597 | eps 0.050 | elapsed  503.2s
step   275000 | reward(last100)  0.1156 | eps 0.050 | elapsed  513.7s
step   280000 | reward(last100)  0.0750 | eps 0.050 | elapsed  524.2s
step   285000 | reward(last100)  0.0690 | eps 0.050 | elapsed  534.6s
step   290000 | reward(last100)  0.0753 | eps 0.050 | elapsed  545.1s
step   295000 | reward(last100)  0.0518 | eps 0.050 | elapsed  555.6s
step   300000 | reward(last100)  0.0835 | eps 0.050 | elapsed  566.2s
step   305000 | reward(last100)  0.1796 | eps 0.050 | elapsed  577.0s
step   310000 | reward(last100)  0.2527 | eps 0.050 | elapsed  588.0s
step   315000 | reward(last100)  0.2492 | eps 0.050 | elapsed  599.1s
step   320000 | reward(last100)  0.2470 | eps 0.050 | elapsed  610.3s
step   325000 | reward(last100)  0.2316 | eps 0.050 | elapsed  621.5s
step   330000 | reward(last100)  0.2093 | eps 0.050 | elapsed  635.8s
step   335000 | reward(last100)  0.1819 | eps 0.050 | elapsed  648.7s
step   340000 | reward(last100)  0.2118 | eps 0.050 | elapsed  660.3s
step   345000 | reward(last100)  0.2223 | eps 0.050 | elapsed  671.7s
step   350000 | reward(last100)  0.2241 | eps 0.050 | elapsed  683.1s
step   355000 | reward(last100)  0.2197 | eps 0.050 | elapsed  696.4s
step   360000 | reward(last100)  0.2511 | eps 0.050 | elapsed  710.1s
step   365000 | reward(last100)  0.2377 | eps 0.050 | elapsed  723.9s
step   370000 | reward(last100)  0.2779 | eps 0.050 | elapsed  737.8s
step   375000 | reward(last100)  0.3501 | eps 0.050 | elapsed  751.6s
step   380000 | reward(last100)  0.3714 | eps 0.050 | elapsed  763.0s
step   385000 | reward(last100)  0.3808 | eps 0.050 | elapsed  774.3s
step   390000 | reward(last100)  0.3636 | eps 0.050 | elapsed  785.5s
step   395000 | reward(last100)  0.3818 | eps 0.050 | elapsed  796.8s
step   400000 | reward(last100)  0.4013 | eps 0.050 | elapsed  808.2s
step   405000 | reward(last100)  0.4284 | eps 0.050 | elapsed  821.7s
step   410000 | reward(last100)  0.4251 | eps 0.050 | elapsed  833.8s
step   415000 | reward(last100)  0.4143 | eps 0.050 | elapsed  844.5s
step   420000 | reward(last100)  0.3614 | eps 0.050 | elapsed  855.3s
step   425000 | reward(last100)  0.3350 | eps 0.050 | elapsed  866.0s
step   430000 | reward(last100)  0.3742 | eps 0.050 | elapsed  876.7s
step   435000 | reward(last100)  0.3643 | eps 0.050 | elapsed  887.4s
step   440000 | reward(last100)  0.4017 | eps 0.050 | elapsed  898.2s
step   445000 | reward(last100)  0.3828 | eps 0.050 | elapsed  909.0s
step   450000 | reward(last100)  0.3726 | eps 0.050 | elapsed  919.8s
step   455000 | reward(last100)  0.4084 | eps 0.050 | elapsed  930.6s
step   460000 | reward(last100)  0.4395 | eps 0.050 | elapsed  940.6s
step   465000 | reward(last100)  0.4874 | eps 0.050 | elapsed  950.7s
step   470000 | reward(last100)  0.5487 | eps 0.050 | elapsed  960.8s
step   475000 | reward(last100)  0.5160 | eps 0.050 | elapsed  970.8s
step   480000 | reward(last100)  0.5742 | eps 0.050 | elapsed  980.9s
step   485000 | reward(last100)  0.6355 | eps 0.050 | elapsed  990.9s
step   490000 | reward(last100)  0.6545 | eps 0.050 | elapsed 1001.0s
step   495000 | reward(last100)  0.6652 | eps 0.050 | elapsed 1011.1s
step   500000 | reward(last100)  0.6399 | eps 0.050 | elapsed 1021.2s
step   505000 | reward(last100)  0.6343 | eps 0.050 | elapsed 1031.6s
step   510000 | reward(last100)  0.6060 | eps 0.050 | elapsed 1041.6s
step   515000 | reward(last100)  0.6629 | eps 0.050 | elapsed 1051.6s
step   520000 | reward(last100)  0.6381 | eps 0.050 | elapsed 1061.7s
step   525000 | reward(last100)  0.6403 | eps 0.050 | elapsed 1071.8s
step   530000 | reward(last100)  0.5638 | eps 0.050 | elapsed 1081.9s
step   535000 | reward(last100)  0.4812 | eps 0.050 | elapsed 1092.0s
step   540000 | reward(last100)  0.5339 | eps 0.050 | elapsed 1102.2s
step   545000 | reward(last100)  0.4695 | eps 0.050 | elapsed 1112.3s
step   550000 | reward(last100)  0.5527 | eps 0.050 | elapsed 1122.4s
step   555000 | reward(last100)  0.5309 | eps 0.050 | elapsed 1132.8s
step   560000 | reward(last100)  0.5746 | eps 0.050 | elapsed 1142.9s
step   565000 | reward(last100)  0.5188 | eps 0.050 | elapsed 1153.0s
step   570000 | reward(last100)  0.5575 | eps 0.050 | elapsed 1163.1s
step   575000 | reward(last100)  0.5727 | eps 0.050 | elapsed 1173.1s
step   580000 | reward(last100)  0.6165 | eps 0.050 | elapsed 1183.2s
step   585000 | reward(last100)  0.5972 | eps 0.050 | elapsed 1193.2s
step   590000 | reward(last100)  0.6253 | eps 0.050 | elapsed 1203.3s
step   595000 | reward(last100)  0.6195 | eps 0.050 | elapsed 1213.3s
step   600000 | reward(last100)  0.6205 | eps 0.050 | elapsed 1223.3s
step   605000 | reward(last100)  0.5908 | eps 0.050 | elapsed 1234.6s
step   610000 | reward(last100)  0.5834 | eps 0.050 | elapsed 1245.5s
step   615000 | reward(last100)  0.5837 | eps 0.050 | elapsed 1256.8s
step   620000 | reward(last100)  0.6367 | eps 0.050 | elapsed 1271.0s
step   625000 | reward(last100)  0.6555 | eps 0.050 | elapsed 1285.2s
step   630000 | reward(last100)  0.6713 | eps 0.050 | elapsed 1298.8s
step   635000 | reward(last100)  0.6069 | eps 0.050 | elapsed 1311.2s
step   640000 | reward(last100)  0.5858 | eps 0.050 | elapsed 1321.3s
step   645000 | reward(last100)  0.6143 | eps 0.050 | elapsed 1331.5s
step   650000 | reward(last100)  0.6438 | eps 0.050 | elapsed 1341.7s
step   655000 | reward(last100)  0.6041 | eps 0.050 | elapsed 1353.4s
step   660000 | reward(last100)  0.5835 | eps 0.050 | elapsed 1364.4s
step   665000 | reward(last100)  0.5634 | eps 0.050 | elapsed 1375.3s
step   670000 | reward(last100)  0.6230 | eps 0.050 | elapsed 1386.3s
step   675000 | reward(last100)  0.5959 | eps 0.050 | elapsed 1397.2s
step   680000 | reward(last100)  0.5883 | eps 0.050 | elapsed 1408.2s
step   685000 | reward(last100)  0.5792 | eps 0.050 | elapsed 1419.0s
step   690000 | reward(last100)  0.4945 | eps 0.050 | elapsed 1429.0s
step   695000 | reward(last100)  0.4875 | eps 0.050 | elapsed 1439.1s
step   700000 | reward(last100)  0.5050 | eps 0.050 | elapsed 1449.3s
step   705000 | reward(last100)  0.5400 | eps 0.050 | elapsed 1460.4s
step   710000 | reward(last100)  0.5543 | eps 0.050 | elapsed 1471.3s
step   715000 | reward(last100)  0.5078 | eps 0.050 | elapsed 1482.9s
step   720000 | reward(last100)  0.5506 | eps 0.050 | elapsed 1494.5s
step   725000 | reward(last100)  0.5419 | eps 0.050 | elapsed 1506.0s
step   730000 | reward(last100)  0.5642 | eps 0.050 | elapsed 1518.1s
step   735000 | reward(last100)  0.5777 | eps 0.050 | elapsed 1530.0s
step   740000 | reward(last100)  0.5901 | eps 0.050 | elapsed 1541.9s
step   745000 | reward(last100)  0.6925 | eps 0.050 | elapsed 1553.8s
step   750000 | reward(last100)  0.6426 | eps 0.050 | elapsed 1565.7s
step   755000 | reward(last100)  0.6317 | eps 0.050 | elapsed 1580.8s
step   760000 | reward(last100)  0.5812 | eps 0.050 | elapsed 1595.8s
step   765000 | reward(last100)  0.6515 | eps 0.050 | elapsed 1610.7s
step   770000 | reward(last100)  0.6610 | eps 0.050 | elapsed 1625.6s
step   775000 | reward(last100)  0.6880 | eps 0.050 | elapsed 1640.6s
step   780000 | reward(last100)  0.6038 | eps 0.050 | elapsed 1655.0s
step   785000 | reward(last100)  0.5917 | eps 0.050 | elapsed 1669.5s
step   790000 | reward(last100)  0.5433 | eps 0.050 | elapsed 1684.0s
step   795000 | reward(last100)  0.5411 | eps 0.050 | elapsed 1698.5s
step   800000 | reward(last100)  0.5497 | eps 0.050 | elapsed 1713.6s
step   805000 | reward(last100)  0.5718 | eps 0.050 | elapsed 1724.8s
step   810000 | reward(last100)  0.5715 | eps 0.050 | elapsed 1735.7s
step   815000 | reward(last100)  0.5279 | eps 0.050 | elapsed 1746.7s
step   820000 | reward(last100)  0.5254 | eps 0.050 | elapsed 1757.6s
step   825000 | reward(last100)  0.5263 | eps 0.050 | elapsed 1768.5s
step   830000 | reward(last100)  0.5574 | eps 0.050 | elapsed 1780.1s
step   835000 | reward(last100)  0.5441 | eps 0.050 | elapsed 1791.7s
step   840000 | reward(last100)  0.6680 | eps 0.050 | elapsed 1803.3s
step   845000 | reward(last100)  0.6983 | eps 0.050 | elapsed 1814.3s
step   850000 | reward(last100)  0.6670 | eps 0.050 | elapsed 1825.9s
step   855000 | reward(last100)  0.6513 | eps 0.050 | elapsed 1839.7s
step   860000 | reward(last100)  0.6385 | eps 0.050 | elapsed 1853.1s
step   865000 | reward(last100)  0.6448 | eps 0.050 | elapsed 1866.5s
step   870000 | reward(last100)  0.6299 | eps 0.050 | elapsed 1880.0s
step   875000 | reward(last100)  0.6203 | eps 0.050 | elapsed 1893.5s
step   880000 | reward(last100)  0.5865 | eps 0.050 | elapsed 1907.1s
step   885000 | reward(last100)  0.6474 | eps 0.050 | elapsed 1921.1s
step   890000 | reward(last100)  0.6578 | eps 0.050 | elapsed 1935.5s
step   895000 | reward(last100)  0.6760 | eps 0.050 | elapsed 1948.2s
step   900000 | reward(last100)  0.6328 | eps 0.050 | elapsed 1958.7s
step   905000 | reward(last100)  0.6179 | eps 0.050 | elapsed 1969.5s
step   910000 | reward(last100)  0.7591 | eps 0.050 | elapsed 1979.9s
step   915000 | reward(last100)  0.7713 | eps 0.050 | elapsed 1990.3s
step   920000 | reward(last100)  0.7136 | eps 0.050 | elapsed 2000.7s
step   925000 | reward(last100)  0.6445 | eps 0.050 | elapsed 2011.0s
step   930000 | reward(last100)  0.6744 | eps 0.050 | elapsed 2021.4s
step   935000 | reward(last100)  0.6983 | eps 0.050 | elapsed 2031.8s
step   940000 | reward(last100)  0.6591 | eps 0.050 | elapsed 2042.2s
step   945000 | reward(last100)  0.6729 | eps 0.050 | elapsed 2052.6s
step   950000 | reward(last100)  0.6422 | eps 0.050 | elapsed 2063.2s
step   955000 | reward(last100)  0.6077 | eps 0.050 | elapsed 2073.7s
step   960000 | reward(last100)  0.5734 | eps 0.050 | elapsed 2084.0s
step   965000 | reward(last100)  0.5961 | eps 0.050 | elapsed 2094.3s
step   970000 | reward(last100)  0.6115 | eps 0.050 | elapsed 2104.5s
step   975000 | reward(last100)  0.6957 | eps 0.050 | elapsed 2114.8s
step   980000 | reward(last100)  0.6765 | eps 0.050 | elapsed 2125.1s
step   985000 | reward(last100)  0.6475 | eps 0.050 | elapsed 2135.4s
step   990000 | reward(last100)  0.6105 | eps 0.050 | elapsed 2145.7s
step   995000 | reward(last100)  0.6089 | eps 0.050 | elapsed 2157.2s
step  1000000 | reward(last100)  0.7035 | eps 0.050 | elapsed 2170.7s
step  1005000 | reward(last100)  0.7091 | eps 0.050 | elapsed 2181.4s
step  1010000 | reward(last100)  0.6944 | eps 0.050 | elapsed 2191.8s
step  1015000 | reward(last100)  0.6702 | eps 0.050 | elapsed 2202.2s
step  1020000 | reward(last100)  0.6290 | eps 0.050 | elapsed 2212.6s
step  1025000 | reward(last100)  0.6198 | eps 0.050 | elapsed 2222.9s
step  1030000 | reward(last100)  0.6285 | eps 0.050 | elapsed 2233.9s
step  1035000 | reward(last100)  0.6099 | eps 0.050 | elapsed 2245.0s
step  1040000 | reward(last100)  0.6445 | eps 0.050 | elapsed 2256.2s
step  1045000 | reward(last100)  0.6070 | eps 0.050 | elapsed 2267.4s
step  1050000 | reward(last100)  0.6202 | eps 0.050 | elapsed 2278.5s
step  1055000 | reward(last100)  0.5439 | eps 0.050 | elapsed 2290.7s
step  1060000 | reward(last100)  0.5922 | eps 0.050 | elapsed 2302.6s
step  1065000 | reward(last100)  0.5598 | eps 0.050 | elapsed 2314.5s
step  1070000 | reward(last100)  0.5633 | eps 0.050 | elapsed 2326.3s
step  1075000 | reward(last100)  0.5551 | eps 0.050 | elapsed 2338.1s
step  1080000 | reward(last100)  0.5406 | eps 0.050 | elapsed 2349.9s
step  1085000 | reward(last100)  0.5705 | eps 0.050 | elapsed 2361.8s
step  1090000 | reward(last100)  0.6194 | eps 0.050 | elapsed 2373.7s
step  1095000 | reward(last100)  0.7099 | eps 0.050 | elapsed 2385.5s
step  1100000 | reward(last100)  0.7156 | eps 0.050 | elapsed 2396.7s
step  1105000 | reward(last100)  0.6922 | eps 0.050 | elapsed 2407.1s
step  1110000 | reward(last100)  0.7101 | eps 0.050 | elapsed 2417.3s
step  1115000 | reward(last100)  0.6744 | eps 0.050 | elapsed 2428.2s
step  1120000 | reward(last100)  0.6692 | eps 0.050 | elapsed 2439.2s
step  1125000 | reward(last100)  0.6593 | eps 0.050 | elapsed 2450.3s
step  1130000 | reward(last100)  0.6834 | eps 0.050 | elapsed 2461.2s
step  1135000 | reward(last100)  0.6817 | eps 0.050 | elapsed 2472.2s
step  1140000 | reward(last100)  0.6739 | eps 0.050 | elapsed 2483.1s
step  1145000 | reward(last100)  0.7135 | eps 0.050 | elapsed 2494.1s
step  1150000 | reward(last100)  0.6597 | eps 0.050 | elapsed 2505.0s
step  1155000 | reward(last100)  0.6280 | eps 0.050 | elapsed 2515.7s
step  1160000 | reward(last100)  0.6105 | eps 0.050 | elapsed 2526.1s
step  1165000 | reward(last100)  0.5962 | eps 0.050 | elapsed 2536.5s
step  1170000 | reward(last100)  0.5818 | eps 0.050 | elapsed 2546.9s
step  1175000 | reward(last100)  0.5914 | eps 0.050 | elapsed 2557.3s
step  1180000 | reward(last100)  0.7548 | eps 0.050 | elapsed 2567.7s
step  1185000 | reward(last100)  0.7128 | eps 0.050 | elapsed 2578.1s
step  1190000 | reward(last100)  0.6814 | eps 0.050 | elapsed 2588.5s
step  1195000 | reward(last100)  0.7442 | eps 0.050 | elapsed 2598.8s
step  1200000 | reward(last100)  0.7937 | eps 0.050 | elapsed 2609.2s
step  1205000 | reward(last100)  0.8309 | eps 0.050 | elapsed 2619.8s
step  1210000 | reward(last100)  0.8975 | eps 0.050 | elapsed 2630.0s
step  1215000 | reward(last100)  0.7965 | eps 0.050 | elapsed 2640.2s
step  1220000 | reward(last100)  0.7783 | eps 0.050 | elapsed 2650.4s
step  1225000 | reward(last100)  0.9070 | eps 0.050 | elapsed 2660.6s
step  1230000 | reward(last100)  0.8490 | eps 0.050 | elapsed 2670.8s
step  1235000 | reward(last100)  0.8920 | eps 0.050 | elapsed 2681.0s
step  1240000 | reward(last100)  0.9035 | eps 0.050 | elapsed 2691.2s
step  1245000 | reward(last100)  0.9170 | eps 0.050 | elapsed 2701.5s
step  1250000 | reward(last100)  0.9268 | eps 0.050 | elapsed 2711.9s
step  1255000 | reward(last100)  0.9541 | eps 0.050 | elapsed 2723.3s
step  1260000 | reward(last100)  0.9454 | eps 0.050 | elapsed 2734.5s
step  1265000 | reward(last100)  0.9568 | eps 0.050 | elapsed 2745.6s
step  1270000 | reward(last100)  0.9512 | eps 0.050 | elapsed 2756.7s
step  1275000 | reward(last100)  0.9426 | eps 0.050 | elapsed 2767.8s
step  1280000 | reward(last100)  0.9567 | eps 0.050 | elapsed 2778.5s
step  1285000 | reward(last100)  0.9402 | eps 0.050 | elapsed 2788.7s
step  1290000 | reward(last100)  0.9466 | eps 0.050 | elapsed 2798.9s
step  1295000 | reward(last100)  0.9437 | eps 0.050 | elapsed 2809.2s
step  1300000 | reward(last100)  0.9551 | eps 0.050 | elapsed 2819.5s
step  1305000 | reward(last100)  0.9524 | eps 0.050 | elapsed 2830.0s
step  1310000 | reward(last100)  0.9640 | eps 0.050 | elapsed 2840.3s
step  1315000 | reward(last100)  0.9595 | eps 0.050 | elapsed 2850.6s
step  1320000 | reward(last100)  0.9613 | eps 0.050 | elapsed 2860.8s
step  1325000 | reward(last100)  0.9614 | eps 0.050 | elapsed 2871.1s
step  1330000 | reward(last100)  0.9479 | eps 0.050 | elapsed 2881.7s
step  1335000 | reward(last100)  0.9588 | eps 0.050 | elapsed 2892.9s
step  1340000 | reward(last100)  0.9650 | eps 0.050 | elapsed 2904.1s
step  1345000 | reward(last100)  0.9665 | eps 0.050 | elapsed 2915.3s
step  1350000 | reward(last100)  0.9589 | eps 0.050 | elapsed 2926.5s
step  1355000 | reward(last100)  0.9663 | eps 0.050 | elapsed 2938.0s
step  1360000 | reward(last100)  0.9650 | eps 0.050 | elapsed 2949.1s
step  1365000 | reward(last100)  0.9659 | eps 0.050 | elapsed 2959.9s
step  1370000 | reward(last100)  0.9625 | eps 0.050 | elapsed 2970.2s
step  1375000 | reward(last100)  0.9661 | eps 0.050 | elapsed 2980.6s
step  1380000 | reward(last100)  0.9660 | eps 0.050 | elapsed 2990.9s
step  1385000 | reward(last100)  0.9665 | eps 0.050 | elapsed 3001.3s
step  1390000 | reward(last100)  0.9657 | eps 0.050 | elapsed 3011.6s
step  1395000 | reward(last100)  0.9674 | eps 0.050 | elapsed 3022.0s
step  1400000 | reward(last100)  0.9670 | eps 0.050 | elapsed 3032.6s
step  1405000 | reward(last100)  0.9660 | eps 0.050 | elapsed 3044.4s
step  1410000 | reward(last100)  0.9618 | eps 0.050 | elapsed 3055.6s
step  1415000 | reward(last100)  0.9658 | eps 0.050 | elapsed 3066.9s
step  1420000 | reward(last100)  0.9584 | eps 0.050 | elapsed 3078.2s
step  1425000 | reward(last100)  0.9616 | eps 0.050 | elapsed 3090.7s
step  1430000 | reward(last100)  0.9588 | eps 0.050 | elapsed 3105.2s
step  1435000 | reward(last100)  0.9642 | eps 0.050 | elapsed 3119.7s
step  1440000 | reward(last100)  0.9651 | eps 0.050 | elapsed 3134.2s
step  1445000 | reward(last100)  0.9586 | eps 0.050 | elapsed 3146.9s
step  1450000 | reward(last100)  0.9651 | eps 0.050 | elapsed 3161.8s
step  1455000 | reward(last100)  0.9650 | eps 0.050 | elapsed 3172.8s
step  1460000 | reward(last100)  0.9642 | eps 0.050 | elapsed 3183.5s
step  1465000 | reward(last100)  0.9659 | eps 0.050 | elapsed 3194.1s
step  1470000 | reward(last100)  0.9659 | eps 0.050 | elapsed 3204.8s
step  1475000 | reward(last100)  0.9657 | eps 0.050 | elapsed 3215.8s
step  1480000 | reward(last100)  0.9637 | eps 0.050 | elapsed 3227.3s
step  1485000 | reward(last100)  0.9628 | eps 0.050 | elapsed 3238.8s
step  1490000 | reward(last100)  0.9670 | eps 0.050 | elapsed 3250.4s
step  1495000 | reward(last100)  0.9660 | eps 0.050 | elapsed 3261.9s
step  1500000 | reward(last100)  0.9621 | eps 0.050 | elapsed 3273.4s
step  1505000 | reward(last100)  0.9666 | eps 0.050 | elapsed 3285.0s
step  1510000 | reward(last100)  0.9687 | eps 0.050 | elapsed 3295.6s
step  1515000 | reward(last100)  0.9649 | eps 0.050 | elapsed 3306.2s
step  1520000 | reward(last100)  0.9653 | eps 0.050 | elapsed 3316.8s
step  1525000 | reward(last100)  0.9614 | eps 0.050 | elapsed 3327.4s
step  1530000 | reward(last100)  0.9623 | eps 0.050 | elapsed 3338.0s
step  1535000 | reward(last100)  0.9664 | eps 0.050 | elapsed 3348.5s
step  1540000 | reward(last100)  0.9675 | eps 0.050 | elapsed 3359.1s
step  1545000 | reward(last100)  0.9663 | eps 0.050 | elapsed 3370.2s
step  1550000 | reward(last100)  0.9649 | eps 0.050 | elapsed 3381.7s
step  1555000 | reward(last100)  0.9659 | eps 0.050 | elapsed 3392.7s
step  1560000 | reward(last100)  0.9661 | eps 0.050 | elapsed 3403.4s
step  1565000 | reward(last100)  0.9611 | eps 0.050 | elapsed 3414.2s
step  1570000 | reward(last100)  0.9670 | eps 0.050 | elapsed 3425.1s
step  1575000 | reward(last100)  0.9631 | eps 0.050 | elapsed 3435.8s
step  1580000 | reward(last100)  0.9661 | eps 0.050 | elapsed 3446.5s
step  1585000 | reward(last100)  0.9649 | eps 0.050 | elapsed 3457.2s
step  1590000 | reward(last100)  0.9661 | eps 0.050 | elapsed 3467.9s
step  1595000 | reward(last100)  0.9668 | eps 0.050 | elapsed 3481.3s
step  1600000 | reward(last100)  0.9668 | eps 0.050 | elapsed 3494.8s
step  1605000 | reward(last100)  0.9666 | eps 0.050 | elapsed 3505.7s
step  1610000 | reward(last100)  0.9672 | eps 0.050 | elapsed 3516.3s
step  1615000 | reward(last100)  0.9674 | eps 0.050 | elapsed 3527.0s
step  1620000 | reward(last100)  0.9664 | eps 0.050 | elapsed 3537.6s
step  1625000 | reward(last100)  0.9671 | eps 0.050 | elapsed 3548.2s
step  1630000 | reward(last100)  0.9650 | eps 0.050 | elapsed 3558.8s
step  1635000 | reward(last100)  0.9651 | eps 0.050 | elapsed 3569.4s
step  1640000 | reward(last100)  0.9657 | eps 0.050 | elapsed 3580.0s
step  1645000 | reward(last100)  0.9662 | eps 0.050 | elapsed 3590.7s
step  1650000 | reward(last100)  0.9672 | eps 0.050 | elapsed 3601.3s
step  1655000 | reward(last100)  0.9677 | eps 0.050 | elapsed 3613.2s
step  1660000 | reward(last100)  0.9690 | eps 0.050 | elapsed 3624.8s
step  1665000 | reward(last100)  0.9640 | eps 0.050 | elapsed 3636.4s
step  1670000 | reward(last100)  0.9653 | eps 0.050 | elapsed 3648.0s
step  1675000 | reward(last100)  0.9642 | eps 0.050 | elapsed 3659.6s
step  1680000 | reward(last100)  0.9566 | eps 0.050 | elapsed 3672.6s
step  1685000 | reward(last100)  0.9665 | eps 0.050 | elapsed 3686.6s
step  1690000 | reward(last100)  0.9643 | eps 0.050 | elapsed 3698.2s
step  1695000 | reward(last100)  0.9667 | eps 0.050 | elapsed 3709.8s
step  1700000 | reward(last100)  0.9657 | eps 0.050 | elapsed 3721.4s
step  1705000 | reward(last100)  0.9645 | eps 0.050 | elapsed 3732.4s
step  1710000 | reward(last100)  0.9669 | eps 0.050 | elapsed 3743.2s
step  1715000 | reward(last100)  0.9667 | eps 0.050 | elapsed 3754.0s
step  1720000 | reward(last100)  0.9665 | eps 0.050 | elapsed 3764.7s
step  1725000 | reward(last100)  0.9680 | eps 0.050 | elapsed 3775.5s
step  1730000 | reward(last100)  0.9648 | eps 0.050 | elapsed 3786.2s
step  1735000 | reward(last100)  0.9648 | eps 0.050 | elapsed 3796.9s
step  1740000 | reward(last100)  0.9670 | eps 0.050 | elapsed 3808.2s
step  1745000 | reward(last100)  0.9666 | eps 0.050 | elapsed 3819.8s
step  1750000 | reward(last100)  0.9677 | eps 0.050 | elapsed 3831.4s
step  1755000 | reward(last100)  0.9671 | eps 0.050 | elapsed 3842.4s
step  1760000 | reward(last100)  0.9567 | eps 0.050 | elapsed 3853.0s
step  1765000 | reward(last100)  0.9662 | eps 0.050 | elapsed 3863.7s
step  1770000 | reward(last100)  0.9661 | eps 0.050 | elapsed 3874.4s
step  1775000 | reward(last100)  0.9678 | eps 0.050 | elapsed 3885.9s
step  1780000 | reward(last100)  0.9659 | eps 0.050 | elapsed 3897.9s
step  1785000 | reward(last100)  0.9634 | eps 0.050 | elapsed 3910.1s
step  1790000 | reward(last100)  0.9655 | eps 0.050 | elapsed 3922.3s
step  1795000 | reward(last100)  0.9674 | eps 0.050 | elapsed 3934.6s
step  1800000 | reward(last100)  0.9664 | eps 0.050 | elapsed 3946.8s
step  1805000 | reward(last100)  0.9557 | eps 0.050 | elapsed 3959.5s
step  1810000 | reward(last100)  0.9616 | eps 0.050 | elapsed 3972.0s
step  1815000 | reward(last100)  0.9661 | eps 0.050 | elapsed 3984.6s
step  1820000 | reward(last100)  0.9626 | eps 0.050 | elapsed 3996.8s
step  1825000 | reward(last100)  0.9634 | eps 0.050 | elapsed 4008.9s
step  1830000 | reward(last100)  0.9601 | eps 0.050 | elapsed 4020.6s
step  1835000 | reward(last100)  0.9661 | eps 0.050 | elapsed 4032.1s
step  1840000 | reward(last100)  0.9660 | eps 0.050 | elapsed 4043.6s
step  1845000 | reward(last100)  0.9666 | eps 0.050 | elapsed 4055.1s
step  1850000 | reward(last100)  0.9671 | eps 0.050 | elapsed 4066.6s
step  1855000 | reward(last100)  0.9668 | eps 0.050 | elapsed 4078.4s
step  1860000 | reward(last100)  0.9669 | eps 0.050 | elapsed 4089.9s
step  1865000 | reward(last100)  0.9651 | eps 0.050 | elapsed 4101.3s
step  1870000 | reward(last100)  0.9656 | eps 0.050 | elapsed 4112.0s
step  1875000 | reward(last100)  0.9651 | eps 0.050 | elapsed 4122.6s
step  1880000 | reward(last100)  0.9653 | eps 0.050 | elapsed 4133.3s
step  1885000 | reward(last100)  0.9552 | eps 0.050 | elapsed 4143.9s
step  1890000 | reward(last100)  0.9645 | eps 0.050 | elapsed 4154.5s
step  1895000 | reward(last100)  0.9663 | eps 0.050 | elapsed 4165.2s
step  1900000 | reward(last100)  0.9658 | eps 0.050 | elapsed 4175.8s
step  1905000 | reward(last100)  0.9659 | eps 0.050 | elapsed 4186.8s
step  1910000 | reward(last100)  0.9640 | eps 0.050 | elapsed 4197.4s
step  1915000 | reward(last100)  0.9664 | eps 0.050 | elapsed 4208.4s
step  1920000 | reward(last100)  0.9686 | eps 0.050 | elapsed 4219.5s
step  1925000 | reward(last100)  0.9574 | eps 0.050 | elapsed 4230.3s
step  1930000 | reward(last100)  0.9669 | eps 0.050 | elapsed 4240.9s
step  1935000 | reward(last100)  0.9678 | eps 0.050 | elapsed 4251.5s
step  1940000 | reward(last100)  0.9653 | eps 0.050 | elapsed 4262.2s
step  1945000 | reward(last100)  0.9656 | eps 0.050 | elapsed 4272.8s
step  1950000 | reward(last100)  0.9592 | eps 0.050 | elapsed 4283.5s
step  1955000 | reward(last100)  0.9631 | eps 0.050 | elapsed 4294.5s
step  1960000 | reward(last100)  0.9675 | eps 0.050 | elapsed 4305.3s
step  1965000 | reward(last100)  0.9626 | eps 0.050 | elapsed 4316.0s
step  1970000 | reward(last100)  0.9669 | eps 0.050 | elapsed 4326.6s
step  1975000 | reward(last100)  0.9660 | eps 0.050 | elapsed 4337.4s
step  1980000 | reward(last100)  0.9671 | eps 0.050 | elapsed 4348.2s
step  1985000 | reward(last100)  0.9613 | eps 0.050 | elapsed 4358.7s
step  1990000 | reward(last100)  0.9662 | eps 0.050 | elapsed 4369.3s
step  1995000 | reward(last100)  0.9661 | eps 0.050 | elapsed 4379.8s
step  2000000 | reward(last100)  0.9623 | eps 0.050 | elapsed 4390.4s
