step     5000 | reward(last100)  0.0255 | sigma 0.0309 | elapsed    5.6s
step    10000 | reward(last100)  0.0128 | sigma 0.0309 | elapsed   11.0s
step    15000 | reward(last100)  0.0087 | sigma 0.0295 | elapsed   31.8s
step    20000 | reward(last100)  0.0065 | sigma 0.0276 | elapsed   48.3s
step    25000 | reward(last100)  0.0116 | sigma 0.0263 | elapsed   67.8s
step    30000 | reward(last100)  0.0098 | sigma 0.0256 | elapsed   87.0s
step    35000 | reward(last100)  0.0113 | sigma 0.0253 | elapsed  104.2s
step    40000 | reward(last100)  0.0088 | sigma 0.0251 | elapsed  126.5s
step    45000 | reward(last100)  0.0088 | sigma 0.0250 | elapsed  146.8s
step    50000 | reward(last100)  0.0088 | sigma 0.0249 | elapsed  166.8s
step    55000 | reward(last100)  0.0088 | sigma 0.0248 | elapsed  185.7s
step    60000 | reward(last100)  0.0042 | sigma 0.0247 | elapsed  202.5s
step    65000 | reward(last100)  0.0073 | sigma 0.0247 | elapsed  221.7s
step    70000 | reward(last100)  0.0044 | sigma 0.0246 | elapsed  241.1s
step    75000 | reward(last100)  0.0031 | sigma 0.0246 | elapsed  259.9s
step    80000 | reward(last100)  0.0031 | sigma 0.0245 | elapsed  279.6s
step    85000 | reward(last100)  0.0031 | sigma 0.0245 | elapsed  298.6s
step    90000 | reward(last100)  0.0031 | sigma 0.0245 | elapsed  317.4s
step    95000 | reward(last100)  0.0031 | sigma 0.0244 | elapsed  335.9s
step   100000 | reward(last100)  0.0000 | sigma 0.0244 | elapsed  355.2s
step   105000 | reward(last100)  0.0000 | sigma 0.0244 | elapsed  373.4s
step   110000 | reward(last100)  0.0000 | sigma 0.0243 | elapsed  388.6s
step   115000 | reward(last100)  0.0000 | sigma 0.0243 | elapsed  404.6s
step   120000 | reward(last100)  0.0000 | sigma 0.0243 | elapsed  424.8s
step   125000 | reward(last100)  0.0000 | sigma 0.0243 | elapsed  440.2s
step   130000 | reward(last100)  0.0000 | sigma 0.0243 | elapsed  459.1s
step   135000 | reward(last100)  0.0000 | sigma 0.0243 | elapsed  477.9s
step   140000 | reward(last100)  0.0000 | sigma 0.0242 | elapsed  496.4s
step   145000 | reward(last100)  0.0000 | sigma 0.0242 | elapsed  515.5s
step   150000 | reward(last100)  0.0000 | sigma 0.0242 | elapsed  533.1s
step   155000 | reward(last100)  0.0000 | sigma 0.0242 | elapsed  550.4s
step   160000 | reward(last100)  0.0000 | sigma 0.0242 | elapsed  569.7s
step   165000 | reward(last100)  0.0000 | sigma 0.0241 | elapsed  585.5s
step   170000 | reward(last100)  0.0000 | sigma 0.0241 | elapsed  601.3s
step   175000 | reward(last100)  0.0000 | sigma 0.0241 | elapsed  618.3s
step   180000 | reward(last100)  0.0000 | sigma 0.0241 | elapsed  638.0s
step   185000 | reward(last100)  0.0000 | sigma 0.0241 | elapsed  655.8s
step   190000 | reward(last100)  0.0000 | sigma 0.0241 | elapsed  674.7s
step   195000 | reward(last100)  0.0000 | sigma 0.0241 | elapsed  691.9s
step   200000 | reward(last100)  0.0000 | sigma 0.0241 | elapsed  706.1s
step   205000 | reward(last100)  0.0000 | sigma 0.0241 | elapsed  721.6s
step   210000 | reward(last100)  0.0000 | sigma 0.0241 | elapsed  736.4s
step   215000 | reward(last100)  0.0000 | sigma 0.0241 | elapsed  751.5s
step   220000 | reward(last100)  0.0000 | sigma 0.0240 | elapsed  766.6s
step   225000 | reward(last100)  0.0000 | sigma 0.0240 | elapsed  785.3s
step   230000 | reward(last100)  0.0000 | sigma 0.0240 | elapsed  805.6s
step   235000 | reward(last100)  0.0000 | sigma 0.0240 | elapsed  824.5s
step   240000 | reward(last100)  0.0000 | sigma 0.0240 | elapsed  845.1s
step   245000 | reward(last100)  0.0000 | sigma 0.0240 | elapsed  865.1s
step   250000 | reward(last100)  0.0000 | sigma 0.0240 | elapsed  882.7s
step   255000 | reward(last100)  0.0000 | sigma 0.0240 | elapsed  899.5s
step   260000 | reward(last100)  0.0000 | sigma 0.0240 | elapsed  920.1s
step   265000 | reward(last100)  0.0000 | sigma 0.0240 | elapsed  940.6s
step   270000 | reward(last100)  0.0000 | sigma 0.0240 | elapsed  961.1s
step   275000 | reward(last100)  0.0000 | sigma 0.0240 | elapsed  978.5s
step   280000 | reward(last100)  0.0000 | sigma 0.0239 | elapsed  994.7s
step   285000 | reward(last100)  0.0000 | sigma 0.0239 | elapsed 1013.8s
step   290000 | reward(last100)  0.0000 | sigma 0.0239 | elapsed 1034.2s
step   295000 | reward(last100)  0.0000 | sigma 0.0239 | elapsed 1054.5s
step   300000 | reward(last100)  0.0000 | sigma 0.0239 | elapsed 1074.1s
step   305000 | reward(last100)  0.0000 | sigma 0.0239 | elapsed 1091.2s
step   310000 | reward(last100)  0.0000 | sigma 0.0239 | elapsed 1107.5s
step   315000 | reward(last100)  0.0000 | sigma 0.0239 | elapsed 1123.9s
step   320000 | reward(last100)  0.0000 | sigma 0.0239 | elapsed 1141.3s
step   325000 | reward(last100)  0.0000 | sigma 0.0239 | elapsed 1158.3s
step   330000 | reward(last100)  0.0000 | sigma 0.0239 | elapsed 1178.1s
step   335000 | reward(last100)  0.0000 | sigma 0.0239 | elapsed 1198.1s
step   340000 | reward(last100)  0.0000 | sigma 0.0239 | elapsed 1219.7s
step   345000 | reward(last100)  0.0000 | sigma 0.0238 | elapsed 1238.5s
step   350000 | reward(last100)  0.0000 | sigma 0.0238 | elapsed 1254.7s
step   355000 | reward(last100)  0.0000 | sigma 0.0238 | elapsed 1271.8s
step   360000 | reward(last100)  0.0000 | sigma 0.0238 | elapsed 1288.2s
step   365000 | reward(last100)  0.0000 | sigma 0.0238 | elapsed 1306.6s
step   370000 | reward(last100)  0.0000 | sigma 0.0238 | elapsed 1325.3s
step   375000 | reward(last100)  0.0000 | sigma 0.0238 | elapsed 1344.8s
step   380000 | reward(last100)  0.0000 | sigma 0.0238 | elapsed 1359.9s
step   385000 | reward(last100)  0.0000 | sigma 0.0238 | elapsed 1379.1s
step   390000 | reward(last100)  0.0000 | sigma 0.0238 | elapsed 1400.5s
step   395000 | reward(last100)  0.0000 | sigma 0.0238 | elapsed 1420.0s
step   400000 | reward(last100)  0.0000 | sigma 0.0238 | elapsed 1436.2s
step   405000 | reward(last100)  0.0000 | sigma 0.0238 | elapsed 1453.6s
step   410000 | reward(last100)  0.0000 | sigma 0.0238 | elapsed 1474.8s
step   415000 | reward(last100)  0.0057 | sigma 0.0238 | elapsed 1496.4s
step   420000 | reward(last100)  0.0057 | sigma 0.0238 | elapsed 1518.4s
step   425000 | reward(last100)  0.0057 | sigma 0.0238 | elapsed 1539.5s
step   430000 | reward(last100)  0.0139 | sigma 0.0238 | elapsed 1560.8s
step   435000 | reward(last100)  0.0153 | sigma 0.0238 | elapsed 1581.8s
step   440000 | reward(last100)  0.0153 | sigma 0.0238 | elapsed 1603.1s
step   445000 | reward(last100)  0.0153 | sigma 0.0239 | elapsed 1622.3s
step   450000 | reward(last100)  0.0096 | sigma 0.0238 | elapsed 1642.8s
step   455000 | reward(last100)  0.0096 | sigma 0.0238 | elapsed 1664.5s
step   460000 | reward(last100)  0.0096 | sigma 0.0238 | elapsed 1684.4s
step   465000 | reward(last100)  0.0014 | sigma 0.0239 | elapsed 1702.2s
step   470000 | reward(last100)  0.0014 | sigma 0.0239 | elapsed 1720.5s
step   475000 | reward(last100)  0.0000 | sigma 0.0239 | elapsed 1739.2s
step   480000 | reward(last100)  0.0000 | sigma 0.0238 | elapsed 1757.9s
step   485000 | reward(last100)  0.0051 | sigma 0.0239 | elapsed 1776.4s
step   490000 | reward(last100)  0.0051 | sigma 0.0239 | elapsed 1794.2s
step   495000 | reward(last100)  0.0051 | sigma 0.0239 | elapsed 1810.1s
step   500000 | reward(last100)  0.0051 | sigma 0.0239 | elapsed 1826.2s
step   505000 | reward(last100)  0.0051 | sigma 0.0239 | elapsed 1844.7s
step   510000 | reward(last100)  0.0051 | sigma 0.0239 | elapsed 1862.4s
step   515000 | reward(last100)  0.0051 | sigma 0.0239 | elapsed 1879.9s
step   520000 | reward(last100)  0.0000 | sigma 0.0239 | elapsed 1899.7s
step   525000 | reward(last100)  0.0000 | sigma 0.0239 | elapsed 1919.4s
step   530000 | reward(last100)  0.0000 | sigma 0.0239 | elapsed 1938.1s
step   535000 | reward(last100)  0.0000 | sigma 0.0239 | elapsed 1959.3s
step   540000 | reward(last100)  0.0041 | sigma 0.0239 | elapsed 1981.8s
step   545000 | reward(last100)  0.0041 | sigma 0.0239 | elapsed 2003.2s
step   550000 | reward(last100)  0.0041 | sigma 0.0239 | elapsed 2019.6s
step   555000 | reward(last100)  0.0041 | sigma 0.0239 | elapsed 2039.6s
step   560000 | reward(last100)  0.0041 | sigma 0.0239 | elapsed 2056.7s
step   565000 | reward(last100)  0.0041 | sigma 0.0239 | elapsed 2073.6s
step   570000 | reward(last100)  0.0041 | sigma 0.0239 | elapsed 2092.0s
step   575000 | reward(last100)  0.0041 | sigma 0.0239 | elapsed 2108.3s
step   580000 | reward(last100)  0.0000 | sigma 0.0239 | elapsed 2124.7s
step   585000 | reward(last100)  0.0000 | sigma 0.0239 | elapsed 2141.2s
step   590000 | reward(last100)  0.0000 | sigma 0.0239 | elapsed 2157.7s
step   595000 | reward(last100)  0.0000 | sigma 0.0239 | elapsed 2174.0s
step   600000 | reward(last100)  0.0000 | sigma 0.0239 | elapsed 2190.9s
step   605000 | reward(last100)  0.0000 | sigma 0.0239 | elapsed 2213.1s
step   610000 | reward(last100)  0.0045 | sigma 0.0239 | elapsed 2231.9s
step   615000 | reward(last100)  0.0069 | sigma 0.0239 | elapsed 2250.1s
step   620000 | reward(last100)  0.0069 | sigma 0.0239 | elapsed 2271.3s
step   625000 | reward(last100)  0.0069 | sigma 0.0239 | elapsed 2294.0s
step   630000 | reward(last100)  0.0069 | sigma 0.0239 | elapsed 2317.7s
step   635000 | reward(last100)  0.0069 | sigma 0.0239 | elapsed 2338.9s
step   640000 | reward(last100)  0.0069 | sigma 0.0239 | elapsed 2355.8s
step   645000 | reward(last100)  0.0105 | sigma 0.0239 | elapsed 2372.2s
step   650000 | reward(last100)  0.0080 | sigma 0.0239 | elapsed 2390.1s
step   655000 | reward(last100)  0.0080 | sigma 0.0239 | elapsed 2408.2s
step   660000 | reward(last100)  0.0096 | sigma 0.0239 | elapsed 2426.7s
step   665000 | reward(last100)  0.0096 | sigma 0.0239 | elapsed 2445.1s
step   670000 | reward(last100)  0.0096 | sigma 0.0239 | elapsed 2463.8s
step   675000 | reward(last100)  0.0096 | sigma 0.0239 | elapsed 2482.6s
step   680000 | reward(last100)  0.0016 | sigma 0.0239 | elapsed 2500.5s
step   685000 | reward(last100)  0.0016 | sigma 0.0239 | elapsed 2521.2s
step   690000 | reward(last100)  0.0016 | sigma 0.0239 | elapsed 2542.0s
step   695000 | reward(last100)  0.0053 | sigma 0.0239 | elapsed 2561.3s
step   700000 | reward(last100)  0.0053 | sigma 0.0239 | elapsed 2578.7s
step   705000 | reward(last100)  0.0233 | sigma 0.0239 | elapsed 2597.5s
step   710000 | reward(last100)  0.0233 | sigma 0.0239 | elapsed 2614.0s
step   715000 | reward(last100)  0.0299 | sigma 0.0239 | elapsed 2631.1s
step   720000 | reward(last100)  0.0326 | sigma 0.0239 | elapsed 2648.7s
step   725000 | reward(last100)  0.0326 | sigma 0.0239 | elapsed 2666.1s
step   730000 | reward(last100)  0.0273 | sigma 0.0239 | elapsed 2683.6s
step   735000 | reward(last100)  0.0360 | sigma 0.0239 | elapsed 2700.9s
step   740000 | reward(last100)  0.0249 | sigma 0.0239 | elapsed 2717.2s
step   745000 | reward(last100)  0.0180 | sigma 0.0239 | elapsed 2733.5s
step   750000 | reward(last100)  0.0259 | sigma 0.0239 | elapsed 2750.3s
step   755000 | reward(last100)  0.0328 | sigma 0.0239 | elapsed 2768.5s
step   760000 | reward(last100)  0.0422 | sigma 0.0239 | elapsed 2786.0s
step   765000 | reward(last100)  0.0488 | sigma 0.0239 | elapsed 2803.3s
step   770000 | reward(last100)  0.0412 | sigma 0.0239 | elapsed 2821.7s
step   775000 | reward(last100)  0.0596 | sigma 0.0239 | elapsed 2840.9s
step   780000 | reward(last100)  0.0596 | sigma 0.0239 | elapsed 2863.1s
step   785000 | reward(last100)  0.0547 | sigma 0.0239 | elapsed 2885.1s
step   790000 | reward(last100)  0.0518 | sigma 0.0238 | elapsed 2904.6s
step   795000 | reward(last100)  0.0424 | sigma 0.0238 | elapsed 2924.9s
step   800000 | reward(last100)  0.0359 | sigma 0.0238 | elapsed 2942.0s
step   805000 | reward(last100)  0.0347 | sigma 0.0237 | elapsed 2958.8s
step   810000 | reward(last100)  0.0163 | sigma 0.0237 | elapsed 2974.9s
step   815000 | reward(last100)  0.0163 | sigma 0.0236 | elapsed 2991.0s
step   820000 | reward(last100)  0.0068 | sigma 0.0236 | elapsed 3007.6s
step   825000 | reward(last100)  0.0000 | sigma 0.0236 | elapsed 3024.7s
step   830000 | reward(last100)  0.0000 | sigma 0.0235 | elapsed 3045.2s
step   835000 | reward(last100)  0.0000 | sigma 0.0235 | elapsed 3068.2s
step   840000 | reward(last100)  0.0000 | sigma 0.0235 | elapsed 3091.3s
step   845000 | reward(last100)  0.0081 | sigma 0.0234 | elapsed 3109.8s
step   850000 | reward(last100)  0.0081 | sigma 0.0234 | elapsed 3127.4s
step   855000 | reward(last100)  0.0081 | sigma 0.0234 | elapsed 3143.7s
step   860000 | reward(last100)  0.0081 | sigma 0.0234 | elapsed 3159.3s
step   865000 | reward(last100)  0.0162 | sigma 0.0233 | elapsed 3175.0s
step   870000 | reward(last100)  0.0343 | sigma 0.0233 | elapsed 3190.6s
step   875000 | reward(last100)  0.0386 | sigma 0.0233 | elapsed 3207.8s
step   880000 | reward(last100)  0.0305 | sigma 0.0233 | elapsed 3225.4s
step   885000 | reward(last100)  0.0497 | sigma 0.0233 | elapsed 3243.0s
step   890000 | reward(last100)  0.0568 | sigma 0.0232 | elapsed 3260.5s
step   895000 | reward(last100)  0.0762 | sigma 0.0232 | elapsed 3278.0s
step   900000 | reward(last100)  0.0878 | sigma 0.0233 | elapsed 3295.4s
step   905000 | reward(last100)  0.1032 | sigma 0.0233 | elapsed 3317.1s
step   910000 | reward(last100)  0.1298 | sigma 0.0232 | elapsed 3332.9s
step   915000 | reward(last100)  0.1302 | sigma 0.0232 | elapsed 3348.6s
step   920000 | reward(last100)  0.1224 | sigma 0.0232 | elapsed 3364.2s
step   925000 | reward(last100)  0.1479 | sigma 0.0232 | elapsed 3381.2s
step   930000 | reward(last100)  0.1799 | sigma 0.0232 | elapsed 3398.6s
step   935000 | reward(last100)  0.1833 | sigma 0.0232 | elapsed 3416.1s
step   940000 | reward(last100)  0.1636 | sigma 0.0232 | elapsed 3433.3s
step   945000 | reward(last100)  0.1575 | sigma 0.0232 | elapsed 3450.5s
step   950000 | reward(last100)  0.1606 | sigma 0.0232 | elapsed 3467.9s
step   955000 | reward(last100)  0.1418 | sigma 0.0232 | elapsed 3485.7s
step   960000 | reward(last100)  0.0927 | sigma 0.0232 | elapsed 3502.0s
step   965000 | reward(last100)  0.0497 | sigma 0.0232 | elapsed 3519.4s
step   970000 | reward(last100)  0.0363 | sigma 0.0232 | elapsed 3536.7s
step   975000 | reward(last100)  0.0852 | sigma 0.0232 | elapsed 3554.0s
step   980000 | reward(last100)  0.0890 | sigma 0.0232 | elapsed 3571.3s
step   985000 | reward(last100)  0.0923 | sigma 0.0232 | elapsed 3588.7s
step   990000 | reward(last100)  0.0883 | sigma 0.0231 | elapsed 3606.1s
step   995000 | reward(last100)  0.0883 | sigma 0.0231 | elapsed 3623.6s
step  1000000 | reward(last100)  0.1155 | sigma 0.0231 | elapsed 3640.8s
step  1005000 | reward(last100)  0.0871 | sigma 0.0231 | elapsed 3657.3s
step  1010000 | reward(last100)  0.0823 | sigma 0.0231 | elapsed 3673.4s
step  1015000 | reward(last100)  0.0652 | sigma 0.0231 | elapsed 3689.5s
step  1020000 | reward(last100)  0.0663 | sigma 0.0231 | elapsed 3705.3s
step  1025000 | reward(last100)  0.0935 | sigma 0.0231 | elapsed 3722.5s
step  1030000 | reward(last100)  0.1211 | sigma 0.0231 | elapsed 3739.7s
step  1035000 | reward(last100)  0.1190 | sigma 0.0231 | elapsed 3757.0s
step  1040000 | reward(last100)  0.1260 | sigma 0.0231 | elapsed 3773.9s
step  1045000 | reward(last100)  0.1291 | sigma 0.0231 | elapsed 3789.4s
step  1050000 | reward(last100)  0.1373 | sigma 0.0231 | elapsed 3805.1s
step  1055000 | reward(last100)  0.1677 | sigma 0.0231 | elapsed 3821.2s
step  1060000 | reward(last100)  0.1544 | sigma 0.0230 | elapsed 3838.2s
step  1065000 | reward(last100)  0.1579 | sigma 0.0231 | elapsed 3858.3s
step  1070000 | reward(last100)  0.1614 | sigma 0.0230 | elapsed 3878.3s
step  1075000 | reward(last100)  0.1844 | sigma 0.0230 | elapsed 3898.2s
step  1080000 | reward(last100)  0.1922 | sigma 0.0230 | elapsed 3918.1s
step  1085000 | reward(last100)  0.1633 | sigma 0.0230 | elapsed 3936.5s
step  1090000 | reward(last100)  0.1953 | sigma 0.0230 | elapsed 3952.2s
step  1095000 | reward(last100)  0.2505 | sigma 0.0230 | elapsed 3967.7s
step  1100000 | reward(last100)  0.2488 | sigma 0.0230 | elapsed 3983.1s
step  1105000 | reward(last100)  0.2516 | sigma 0.0230 | elapsed 3999.6s
step  1110000 | reward(last100)  0.2660 | sigma 0.0230 | elapsed 4016.2s
step  1115000 | reward(last100)  0.2847 | sigma 0.0230 | elapsed 4033.8s
step  1120000 | reward(last100)  0.2746 | sigma 0.0230 | elapsed 4051.3s
step  1125000 | reward(last100)  0.3036 | sigma 0.0230 | elapsed 4068.6s
step  1130000 | reward(last100)  0.3343 | sigma 0.0230 | elapsed 4086.3s
step  1135000 | reward(last100)  0.3499 | sigma 0.0230 | elapsed 4105.2s
step  1140000 | reward(last100)  0.3499 | sigma 0.0230 | elapsed 4124.4s
step  1145000 | reward(last100)  0.3389 | sigma 0.0230 | elapsed 4141.2s
step  1150000 | reward(last100)  0.3225 | sigma 0.0230 | elapsed 4159.8s
step  1155000 | reward(last100)  0.3261 | sigma 0.0230 | elapsed 4177.7s
step  1160000 | reward(last100)  0.3147 | sigma 0.0230 | elapsed 4197.7s
step  1165000 | reward(last100)  0.3027 | sigma 0.0230 | elapsed 4218.2s
step  1170000 | reward(last100)  0.3348 | sigma 0.0229 | elapsed 4234.7s
step  1175000 | reward(last100)  0.3344 | sigma 0.0229 | elapsed 4250.6s
step  1180000 | reward(last100)  0.3972 | sigma 0.0229 | elapsed 4266.1s
step  1185000 | reward(last100)  0.3709 | sigma 0.0229 | elapsed 4281.7s
step  1190000 | reward(last100)  0.3725 | sigma 0.0229 | elapsed 4301.8s
step  1195000 | reward(last100)  0.3453 | sigma 0.0229 | elapsed 4321.9s
step  1200000 | reward(last100)  0.2971 | sigma 0.0229 | elapsed 4342.0s
step  1205000 | reward(last100)  0.2522 | sigma 0.0229 | elapsed 4358.9s
step  1210000 | reward(last100)  0.2315 | sigma 0.0229 | elapsed 4375.4s
step  1215000 | reward(last100)  0.1812 | sigma 0.0229 | elapsed 4391.9s
step  1220000 | reward(last100)  0.1285 | sigma 0.0229 | elapsed 4409.0s
step  1225000 | reward(last100)  0.1096 | sigma 0.0229 | elapsed 4428.9s
step  1230000 | reward(last100)  0.1243 | sigma 0.0229 | elapsed 4446.0s
step  1235000 | reward(last100)  0.1593 | sigma 0.0229 | elapsed 4463.3s
step  1240000 | reward(last100)  0.2545 | sigma 0.0229 | elapsed 4480.6s
step  1245000 | reward(last100)  0.3103 | sigma 0.0229 | elapsed 4498.1s
step  1250000 | reward(last100)  0.3410 | sigma 0.0229 | elapsed 4513.9s
step  1255000 | reward(last100)  0.3936 | sigma 0.0229 | elapsed 4532.2s
step  1260000 | reward(last100)  0.3896 | sigma 0.0229 | elapsed 4550.4s
step  1265000 | reward(last100)  0.3536 | sigma 0.0229 | elapsed 4569.4s
step  1270000 | reward(last100)  0.3473 | sigma 0.0228 | elapsed 4584.9s
step  1275000 | reward(last100)  0.3907 | sigma 0.0228 | elapsed 4600.1s
step  1280000 | reward(last100)  0.3547 | sigma 0.0228 | elapsed 4615.5s
step  1285000 | reward(last100)  0.3297 | sigma 0.0228 | elapsed 4631.0s
step  1290000 | reward(last100)  0.3195 | sigma 0.0228 | elapsed 4647.9s
step  1295000 | reward(last100)  0.2785 | sigma 0.0227 | elapsed 4664.6s
step  1300000 | reward(last100)  0.2134 | sigma 0.0227 | elapsed 4680.2s
step  1305000 | reward(last100)  0.2244 | sigma 0.0227 | elapsed 4696.2s
step  1310000 | reward(last100)  0.1946 | sigma 0.0227 | elapsed 4711.7s
step  1315000 | reward(last100)  0.1962 | sigma 0.0227 | elapsed 4727.2s
step  1320000 | reward(last100)  0.2495 | sigma 0.0227 | elapsed 4742.7s
step  1325000 | reward(last100)  0.2509 | sigma 0.0226 | elapsed 4758.1s
step  1330000 | reward(last100)  0.2742 | sigma 0.0226 | elapsed 4773.7s
step  1335000 | reward(last100)  0.3033 | sigma 0.0226 | elapsed 4789.2s
step  1340000 | reward(last100)  0.2803 | sigma 0.0226 | elapsed 4804.9s
step  1345000 | reward(last100)  0.2961 | sigma 0.0226 | elapsed 4820.6s
step  1350000 | reward(last100)  0.2637 | sigma 0.0226 | elapsed 4837.3s
step  1355000 | reward(last100)  0.2384 | sigma 0.0226 | elapsed 4857.7s
step  1360000 | reward(last100)  0.2562 | sigma 0.0226 | elapsed 4877.5s
step  1365000 | reward(last100)  0.2878 | sigma 0.0226 | elapsed 4898.1s
step  1370000 | reward(last100)  0.3218 | sigma 0.0226 | elapsed 4916.6s
step  1375000 | reward(last100)  0.3556 | sigma 0.0226 | elapsed 4933.9s
step  1380000 | reward(last100)  0.3832 | sigma 0.0226 | elapsed 4953.2s
step  1385000 | reward(last100)  0.3748 | sigma 0.0226 | elapsed 4973.2s
step  1390000 | reward(last100)  0.3502 | sigma 0.0226 | elapsed 4992.8s
step  1395000 | reward(last100)  0.3147 | sigma 0.0226 | elapsed 5012.4s
step  1400000 | reward(last100)  0.3226 | sigma 0.0226 | elapsed 5028.6s
step  1405000 | reward(last100)  0.3040 | sigma 0.0225 | elapsed 5046.3s
step  1410000 | reward(last100)  0.3168 | sigma 0.0225 | elapsed 5062.2s
step  1415000 | reward(last100)  0.3754 | sigma 0.0225 | elapsed 5078.0s
step  1420000 | reward(last100)  0.4276 | sigma 0.0225 | elapsed 5093.7s
step  1425000 | reward(last100)  0.4207 | sigma 0.0226 | elapsed 5109.5s
step  1430000 | reward(last100)  0.4495 | sigma 0.0225 | elapsed 5126.7s
step  1435000 | reward(last100)  0.4389 | sigma 0.0225 | elapsed 5144.2s
step  1440000 | reward(last100)  0.4034 | sigma 0.0225 | elapsed 5161.7s
step  1445000 | reward(last100)  0.3751 | sigma 0.0225 | elapsed 5179.2s
step  1450000 | reward(last100)  0.3140 | sigma 0.0225 | elapsed 5196.7s
step  1455000 | reward(last100)  0.2995 | sigma 0.0225 | elapsed 5214.4s
step  1460000 | reward(last100)  0.2519 | sigma 0.0225 | elapsed 5232.3s
step  1465000 | reward(last100)  0.3096 | sigma 0.0225 | elapsed 5253.2s
step  1470000 | reward(last100)  0.2982 | sigma 0.0225 | elapsed 5270.5s
step  1475000 | reward(last100)  0.2926 | sigma 0.0225 | elapsed 5287.0s
step  1480000 | reward(last100)  0.3045 | sigma 0.0225 | elapsed 5302.7s
step  1485000 | reward(last100)  0.3595 | sigma 0.0225 | elapsed 5318.4s
step  1490000 | reward(last100)  0.3088 | sigma 0.0225 | elapsed 5334.1s
step  1495000 | reward(last100)  0.3283 | sigma 0.0225 | elapsed 5349.7s
step  1500000 | reward(last100)  0.3378 | sigma 0.0225 | elapsed 5366.6s
step  1505000 | reward(last100)  0.3205 | sigma 0.0224 | elapsed 5382.9s
step  1510000 | reward(last100)  0.2803 | sigma 0.0224 | elapsed 5398.8s
step  1515000 | reward(last100)  0.2828 | sigma 0.0224 | elapsed 5414.6s
step  1520000 | reward(last100)  0.2697 | sigma 0.0224 | elapsed 5430.4s
step  1525000 | reward(last100)  0.2366 | sigma 0.0224 | elapsed 5446.1s
step  1530000 | reward(last100)  0.2501 | sigma 0.0224 | elapsed 5461.9s
step  1535000 | reward(last100)  0.2439 | sigma 0.0224 | elapsed 5477.7s
step  1540000 | reward(last100)  0.2521 | sigma 0.0224 | elapsed 5493.6s
step  1545000 | reward(last100)  0.2183 | sigma 0.0224 | elapsed 5511.0s
step  1550000 | reward(last100)  0.1972 | sigma 0.0224 | elapsed 5528.1s
step  1555000 | reward(last100)  0.2482 | sigma 0.0224 | elapsed 5544.8s
step  1560000 | reward(last100)  0.2482 | sigma 0.0224 | elapsed 5561.6s
step  1565000 | reward(last100)  0.2454 | sigma 0.0223 | elapsed 5578.7s
step  1570000 | reward(last100)  0.2120 | sigma 0.0223 | elapsed 5595.7s
step  1575000 | reward(last100)  0.1874 | sigma 0.0223 | elapsed 5611.6s
step  1580000 | reward(last100)  0.1774 | sigma 0.0223 | elapsed 5627.5s
step  1585000 | reward(last100)  0.1321 | sigma 0.0223 | elapsed 5644.9s
step  1590000 | reward(last100)  0.0884 | sigma 0.0223 | elapsed 5662.4s
step  1595000 | reward(last100)  0.0780 | sigma 0.0222 | elapsed 5679.5s
step  1600000 | reward(last100)  0.0512 | sigma 0.0222 | elapsed 5695.1s
step  1605000 | reward(last100)  0.0494 | sigma 0.0222 | elapsed 5711.1s
step  1610000 | reward(last100)  0.0767 | sigma 0.0222 | elapsed 5726.7s
step  1615000 | reward(last100)  0.0707 | sigma 0.0222 | elapsed 5742.3s
step  1620000 | reward(last100)  0.0734 | sigma 0.0222 | elapsed 5758.0s
step  1625000 | reward(last100)  0.0740 | sigma 0.0222 | elapsed 5773.7s
step  1630000 | reward(last100)  0.0939 | sigma 0.0222 | elapsed 5789.3s
step  1635000 | reward(last100)  0.0995 | sigma 0.0222 | elapsed 5805.0s
step  1640000 | reward(last100)  0.0946 | sigma 0.0222 | elapsed 5820.7s
step  1645000 | reward(last100)  0.0673 | sigma 0.0222 | elapsed 5836.5s
step  1650000 | reward(last100)  0.0673 | sigma 0.0222 | elapsed 5855.2s
step  1655000 | reward(last100)  0.0815 | sigma 0.0222 | elapsed 5872.4s
step  1660000 | reward(last100)  0.0684 | sigma 0.0222 | elapsed 5888.1s
step  1665000 | reward(last100)  0.0489 | sigma 0.0222 | elapsed 5903.9s
step  1670000 | reward(last100)  0.0512 | sigma 0.0222 | elapsed 5919.7s
step  1675000 | reward(last100)  0.0598 | sigma 0.0222 | elapsed 5935.4s
step  1680000 | reward(last100)  0.0694 | sigma 0.0222 | elapsed 5951.0s
step  1685000 | reward(last100)  0.0598 | sigma 0.0222 | elapsed 5967.9s
step  1690000 | reward(last100)  0.0429 | sigma 0.0222 | elapsed 5984.4s
step  1695000 | reward(last100)  0.0525 | sigma 0.0221 | elapsed 6000.2s
step  1700000 | reward(last100)  0.0587 | sigma 0.0222 | elapsed 6016.0s
step  1705000 | reward(last100)  0.0530 | sigma 0.0222 | elapsed 6032.2s
step  1710000 | reward(last100)  0.0630 | sigma 0.0222 | elapsed 6052.8s
step  1715000 | reward(last100)  0.0976 | sigma 0.0222 | elapsed 6074.4s
step  1720000 | reward(last100)  0.1226 | sigma 0.0222 | elapsed 6096.1s
step  1725000 | reward(last100)  0.1717 | sigma 0.0222 | elapsed 6117.8s
step  1730000 | reward(last100)  0.1899 | sigma 0.0222 | elapsed 6137.0s
step  1735000 | reward(last100)  0.2310 | sigma 0.0221 | elapsed 6153.2s
step  1740000 | reward(last100)  0.2254 | sigma 0.0222 | elapsed 6169.2s
step  1745000 | reward(last100)  0.2532 | sigma 0.0222 | elapsed 6186.6s
step  1750000 | reward(last100)  0.2542 | sigma 0.0221 | elapsed 6204.5s
step  1755000 | reward(last100)  0.2883 | sigma 0.0221 | elapsed 6222.1s
step  1760000 | reward(last100)  0.3078 | sigma 0.0221 | elapsed 6238.2s
step  1765000 | reward(last100)  0.3655 | sigma 0.0221 | elapsed 6254.4s
step  1770000 | reward(last100)  0.4065 | sigma 0.0221 | elapsed 6270.6s
step  1775000 | reward(last100)  0.3629 | sigma 0.0222 | elapsed 6286.7s
step  1780000 | reward(last100)  0.3251 | sigma 0.0222 | elapsed 6304.2s
step  1785000 | reward(last100)  0.2770 | sigma 0.0222 | elapsed 6320.9s
step  1790000 | reward(last100)  0.2230 | sigma 0.0222 | elapsed 6337.0s
step  1795000 | reward(last100)  0.1346 | sigma 0.0221 | elapsed 6353.2s
step  1800000 | reward(last100)  0.0844 | sigma 0.0221 | elapsed 6375.1s
step  1805000 | reward(last100)  0.0359 | sigma 0.0221 | elapsed 6392.0s
step  1810000 | reward(last100)  0.0237 | sigma 0.0221 | elapsed 6408.3s
step  1815000 | reward(last100)  0.0000 | sigma 0.0221 | elapsed 6424.6s
step  1820000 | reward(last100)  0.0000 | sigma 0.0221 | elapsed 6441.9s
step  1825000 | reward(last100)  0.0000 | sigma 0.0221 | elapsed 6458.3s
step  1830000 | reward(last100)  0.0000 | sigma 0.0221 | elapsed 6474.6s
step  1835000 | reward(last100)  0.0000 | sigma 0.0221 | elapsed 6490.9s
step  1840000 | reward(last100)  0.0000 | sigma 0.0221 | elapsed 6507.2s
step  1845000 | reward(last100)  0.0000 | sigma 0.0221 | elapsed 6523.5s
step  1850000 | reward(last100)  0.0000 | sigma 0.0221 | elapsed 6539.9s
step  1855000 | reward(last100)  0.0000 | sigma 0.0221 | elapsed 6557.8s
step  1860000 | reward(last100)  0.0000 | sigma 0.0221 | elapsed 6574.1s
step  1865000 | reward(last100)  0.0000 | sigma 0.0220 | elapsed 6590.4s
step  1870000 | reward(last100)  0.0000 | sigma 0.0221 | elapsed 6606.7s
step  1875000 | reward(last100)  0.0000 | sigma 0.0220 | elapsed 6623.0s
step  1880000 | reward(last100)  0.0000 | sigma 0.0220 | elapsed 6639.4s
step  1885000 | reward(last100)  0.0000 | sigma 0.0221 | elapsed 6655.7s
step  1890000 | reward(last100)  0.0000 | sigma 0.0221 | elapsed 6672.0s
step  1895000 | reward(last100)  0.0060 | sigma 0.0221 | elapsed 6688.3s
step  1900000 | reward(last100)  0.0060 | sigma 0.0221 | elapsed 6705.6s
step  1905000 | reward(last100)  0.0125 | sigma 0.0221 | elapsed 6726.4s
step  1910000 | reward(last100)  0.0125 | sigma 0.0221 | elapsed 6746.1s
step  1915000 | reward(last100)  0.0125 | sigma 0.0221 | elapsed 6765.8s
step  1920000 | reward(last100)  0.0125 | sigma 0.0221 | elapsed 6785.2s
step  1925000 | reward(last100)  0.0125 | sigma 0.0221 | elapsed 6803.4s
step  1930000 | reward(last100)  0.0125 | sigma 0.0221 | elapsed 6820.7s
step  1935000 | reward(last100)  0.0065 | sigma 0.0221 | elapsed 6837.1s
step  1940000 | reward(last100)  0.0000 | sigma 0.0221 | elapsed 6853.6s
step  1945000 | reward(last100)  0.0000 | sigma 0.0221 | elapsed 6870.0s
step  1950000 | reward(last100)  0.0000 | sigma 0.0221 | elapsed 6886.5s
step  1955000 | reward(last100)  0.0000 | sigma 0.0221 | elapsed 6905.5s
step  1960000 | reward(last100)  0.0000 | sigma 0.0221 | elapsed 6926.8s
step  1965000 | reward(last100)  0.0000 | sigma 0.0221 | elapsed 6949.3s
step  1970000 | reward(last100)  0.0000 | sigma 0.0221 | elapsed 6967.7s
step  1975000 | reward(last100)  0.0000 | sigma 0.0220 | elapsed 6985.4s
step  1980000 | reward(last100)  0.0000 | sigma 0.0221 | elapsed 7001.9s
step  1985000 | reward(last100)  0.0000 | sigma 0.0220 | elapsed 7018.4s
step  1990000 | reward(last100)  0.0000 | sigma 0.0220 | elapsed 7035.7s
step  1995000 | reward(last100)  0.0000 | sigma 0.0220 | elapsed 7053.5s
step  2000000 | reward(last100)  0.0000 | sigma 0.0220 | elapsed 7071.5s
