step     5000 | reward(last100)  0.0292 | eps 0.976 | elapsed    1.2s
step    10000 | reward(last100)  0.0121 | eps 0.953 | elapsed    2.4s
step    15000 | reward(last100)  0.0253 | eps 0.929 | elapsed   14.4s
step    20000 | reward(last100)  0.0131 | eps 0.905 | elapsed   27.7s
step    25000 | reward(last100)  0.0200 | eps 0.881 | elapsed   41.9s
step    30000 | reward(last100)  0.0149 | eps 0.858 | elapsed   57.2s
step    35000 | reward(last100)  0.0492 | eps 0.834 | elapsed   72.5s
step    40000 | reward(last100)  0.0531 | eps 0.810 | elapsed   87.8s
step    45000 | reward(last100)  0.0636 | eps 0.786 | elapsed  103.5s
step    50000 | reward(last100)  0.0364 | eps 0.762 | elapsed  118.8s
step    55000 | reward(last100)  0.0456 | eps 0.739 | elapsed  130.8s
step    60000 | reward(last100)  0.0301 | eps 0.715 | elapsed  145.7s
step    65000 | reward(last100)  0.0451 | eps 0.691 | elapsed  158.9s
step    70000 | reward(last100)  0.0244 | eps 0.667 | elapsed  170.6s
step    75000 | reward(last100)  0.0060 | eps 0.644 | elapsed  183.8s
step    80000 | reward(last100)  0.0347 | eps 0.620 | elapsed  199.3s
step    85000 | reward(last100)  0.0175 | eps 0.596 | elapsed  211.5s
step    90000 | reward(last100)  0.0234 | eps 0.573 | elapsed  226.6s
step    95000 | reward(last100)  0.0261 | eps 0.549 | elapsed  242.2s
step   100000 | reward(last100)  0.0309 | eps 0.525 | elapsed  257.9s
step   105000 | reward(last100)  0.0288 | eps 0.501 | elapsed  270.0s
step   110000 | reward(last100)  0.0418 | eps 0.478 | elapsed  283.0s
step   115000 | reward(last100)  0.0310 | eps 0.454 | elapsed  298.9s
step   120000 | reward(last100)  0.0358 | eps 0.430 | elapsed  313.9s
step   125000 | reward(last100)  0.0034 | eps 0.406 | elapsed  328.7s
step   130000 | reward(last100)  0.0209 | eps 0.383 | elapsed  344.7s
step   135000 | reward(last100)  0.0171 | eps 0.359 | elapsed  360.1s
step   140000 | reward(last100)  0.0244 | eps 0.335 | elapsed  375.8s
step   145000 | reward(last100)  0.0287 | eps 0.311 | elapsed  391.5s
step   150000 | reward(last100)  0.0155 | eps 0.288 | elapsed  404.2s
step   155000 | reward(last100)  0.0104 | eps 0.264 | elapsed  417.4s
step   160000 | reward(last100)  0.0142 | eps 0.240 | elapsed  432.8s
step   165000 | reward(last100)  0.0000 | eps 0.216 | elapsed  448.6s
step   170000 | reward(last100)  0.0131 | eps 0.193 | elapsed  464.6s
step   175000 | reward(last100)  0.0078 | eps 0.169 | elapsed  481.1s
step   180000 | reward(last100)  0.0143 | eps 0.145 | elapsed  496.5s
step   185000 | reward(last100)  0.0235 | eps 0.121 | elapsed  510.3s
step   190000 | reward(last100)  0.0000 | eps 0.098 | elapsed  522.3s
step   195000 | reward(last100)  0.0082 | eps 0.074 | elapsed  534.8s
step   200000 | reward(last100)  0.0000 | eps 0.050 | elapsed  546.9s
step   205000 | reward(last100)  0.0000 | eps 0.050 | elapsed  562.1s
step   210000 | reward(last100)  0.0000 | eps 0.050 | elapsed  574.1s
step   215000 | reward(last100)  0.0180 | eps 0.050 | elapsed  586.1s
step   220000 | reward(last100)  0.0090 | eps 0.050 | elapsed  599.4s
step   225000 | reward(last100)  0.0835 | eps 0.050 | elapsed  614.8s
step   230000 | reward(last100)  0.1081 | eps 0.050 | elapsed  631.1s
step   235000 | reward(last100)  0.2246 | eps 0.050 | elapsed  647.3s
step   240000 | reward(last100)  0.2209 | eps 0.050 | elapsed  663.7s
step   245000 | reward(last100)  0.0981 | eps 0.050 | elapsed  676.8s
step   250000 | reward(last100)  0.1129 | eps 0.050 | elapsed  692.8s
step   255000 | reward(last100)  0.1033 | eps 0.050 | elapsed  706.6s
step   260000 | reward(last100)  0.1660 | eps 0.050 | elapsed  723.5s
step   265000 | reward(last100)  0.1127 | eps 0.050 | elapsed  740.1s
step   270000 | reward(last100)  0.0614 | eps 0.050 | elapsed  757.2s
step   275000 | reward(last100)  0.0749 | eps 0.050 | elapsed  773.7s
step   280000 | reward(last100)  0.0276 | eps 0.050 | elapsed  790.1s
step   285000 | reward(last100)  0.0302 | eps 0.050 | elapsed  804.1s
step   290000 | reward(last100)  0.0945 | eps 0.050 | elapsed  816.3s
step   295000 | reward(last100)  0.0512 | eps 0.050 | elapsed  829.6s
step   300000 | reward(last100)  0.0166 | eps 0.050 | elapsed  844.1s
step   305000 | reward(last100)  0.0813 | eps 0.050 | elapsed  861.3s
step   310000 | reward(last100)  0.0575 | eps 0.050 | elapsed  875.1s
step   315000 | reward(last100)  0.0166 | eps 0.050 | elapsed  889.8s
step   320000 | reward(last100)  0.0820 | eps 0.050 | elapsed  903.0s
step   325000 | reward(last100)  0.0691 | eps 0.050 | elapsed  915.9s
step   330000 | reward(last100)  0.0813 | eps 0.050 | elapsed  931.0s
step   335000 | reward(last100)  0.0273 | eps 0.050 | elapsed  945.0s
step   340000 | reward(last100)  0.0663 | eps 0.050 | elapsed  958.0s
step   345000 | reward(last100)  0.0381 | eps 0.050 | elapsed  972.5s
step   350000 | reward(last100)  0.0913 | eps 0.050 | elapsed  988.6s
step   355000 | reward(last100)  0.0932 | eps 0.050 | elapsed 1002.2s
step   360000 | reward(last100)  0.0788 | eps 0.050 | elapsed 1016.4s
step   365000 | reward(last100)  0.0568 | eps 0.050 | elapsed 1031.9s
step   370000 | reward(last100)  0.0500 | eps 0.050 | elapsed 1047.2s
step   375000 | reward(last100)  0.0331 | eps 0.050 | elapsed 1059.6s
step   380000 | reward(last100)  0.0394 | eps 0.050 | elapsed 1070.1s
step   385000 | reward(last100)  0.1378 | eps 0.050 | elapsed 1080.6s
step   390000 | reward(last100)  0.0789 | eps 0.050 | elapsed 1092.5s
step   395000 | reward(last100)  0.0493 | eps 0.050 | elapsed 1106.8s
step   400000 | reward(last100)  0.1100 | eps 0.050 | elapsed 1117.4s
step   405000 | reward(last100)  0.1135 | eps 0.050 | elapsed 1131.7s
step   410000 | reward(last100)  0.1700 | eps 0.050 | elapsed 1145.1s
step   415000 | reward(last100)  0.1213 | eps 0.050 | elapsed 1158.4s
step   420000 | reward(last100)  0.1456 | eps 0.050 | elapsed 1171.7s
step   425000 | reward(last100)  0.2428 | eps 0.050 | elapsed 1185.8s
step   430000 | reward(last100)  0.0464 | eps 0.050 | elapsed 1198.2s
step   435000 | reward(last100)  0.0803 | eps 0.050 | elapsed 1210.0s
step   440000 | reward(last100)  0.0645 | eps 0.050 | elapsed 1222.6s
step   445000 | reward(last100)  0.0421 | eps 0.050 | elapsed 1235.4s
step   450000 | reward(last100)  0.1408 | eps 0.050 | elapsed 1247.0s
step   455000 | reward(last100)  0.2404 | eps 0.050 | elapsed 1261.3s
step   460000 | reward(last100)  0.0813 | eps 0.050 | elapsed 1275.5s
step   465000 | reward(last100)  0.0237 | eps 0.050 | elapsed 1289.6s
step   470000 | reward(last100)  0.0854 | eps 0.050 | elapsed 1302.4s
step   475000 | reward(last100)  0.1736 | eps 0.050 | elapsed 1315.2s
step   480000 | reward(last100)  0.1318 | eps 0.050 | elapsed 1328.1s
step   485000 | reward(last100)  0.2622 | eps 0.050 | elapsed 1341.5s
step   490000 | reward(last100)  0.1682 | eps 0.050 | elapsed 1354.4s
step   495000 | reward(last100)  0.1138 | eps 0.050 | elapsed 1370.6s
step   500000 | reward(last100)  0.1593 | eps 0.050 | elapsed 1386.8s
step   505000 | reward(last100)  0.1578 | eps 0.050 | elapsed 1399.6s
step   510000 | reward(last100)  0.2423 | eps 0.050 | elapsed 1412.5s
step   515000 | reward(last100)  0.2209 | eps 0.050 | elapsed 1424.0s
step   520000 | reward(last100)  0.1478 | eps 0.050 | elapsed 1437.7s
step   525000 | reward(last100)  0.0609 | eps 0.050 | elapsed 1452.9s
step   530000 | reward(last100)  0.1465 | eps 0.050 | elapsed 1468.1s
step   535000 | reward(last100)  0.1048 | eps 0.050 | elapsed 1483.5s
step   540000 | reward(last100)  0.1906 | eps 0.050 | elapsed 1500.0s
step   545000 | reward(last100)  0.1474 | eps 0.050 | elapsed 1516.3s
step   550000 | reward(last100)  0.2213 | eps 0.050 | elapsed 1532.5s
step   555000 | reward(last100)  0.1852 | eps 0.050 | elapsed 1549.1s
step   560000 | reward(last100)  0.2281 | eps 0.050 | elapsed 1565.4s
step   565000 | reward(last100)  0.2439 | eps 0.050 | elapsed 1581.1s
step   570000 | reward(last100)  0.2006 | eps 0.050 | elapsed 1593.6s
step   575000 | reward(last100)  0.1985 | eps 0.050 | elapsed 1607.8s
step   580000 | reward(last100)  0.2150 | eps 0.050 | elapsed 1622.2s
step   585000 | reward(last100)  0.1638 | eps 0.050 | elapsed 1635.7s
step   590000 | reward(last100)  0.1810 | eps 0.050 | elapsed 1648.2s
step   595000 | reward(last100)  0.1873 | eps 0.050 | elapsed 1660.7s
step   600000 | reward(last100)  0.1545 | eps 0.050 | elapsed 1673.0s
step   605000 | reward(last100)  0.0913 | eps 0.050 | elapsed 1689.8s
step   610000 | reward(last100)  0.0210 | eps 0.050 | elapsed 1705.5s
step   615000 | reward(last100)  0.0732 | eps 0.050 | elapsed 1721.4s
step   620000 | reward(last100)  0.1716 | eps 0.050 | elapsed 1737.5s
step   625000 | reward(last100)  0.2722 | eps 0.050 | elapsed 1753.4s
step   630000 | reward(last100)  0.1070 | eps 0.050 | elapsed 1768.2s
step   635000 | reward(last100)  0.2129 | eps 0.050 | elapsed 1784.9s
step   640000 | reward(last100)  0.1642 | eps 0.050 | elapsed 1799.6s
step   645000 | reward(last100)  0.1296 | eps 0.050 | elapsed 1814.3s
step   650000 | reward(last100)  0.0525 | eps 0.050 | elapsed 1830.5s
step   655000 | reward(last100)  0.1411 | eps 0.050 | elapsed 1843.2s
step   660000 | reward(last100)  0.2347 | eps 0.050 | elapsed 1855.4s
step   665000 | reward(last100)  0.1350 | eps 0.050 | elapsed 1867.7s
step   670000 | reward(last100)  0.1357 | eps 0.050 | elapsed 1883.7s
step   675000 | reward(last100)  0.1119 | eps 0.050 | elapsed 1900.3s
step   680000 | reward(last100)  0.1071 | eps 0.050 | elapsed 1916.7s
step   685000 | reward(last100)  0.1826 | eps 0.050 | elapsed 1932.9s
step   690000 | reward(last100)  0.1707 | eps 0.050 | elapsed 1945.7s
step   695000 | reward(last100)  0.2532 | eps 0.050 | elapsed 1958.4s
step   700000 | reward(last100)  0.1641 | eps 0.050 | elapsed 1970.1s
step   705000 | reward(last100)  0.1759 | eps 0.050 | elapsed 1982.2s
step   710000 | reward(last100)  0.2273 | eps 0.050 | elapsed 1993.7s
step   715000 | reward(last100)  0.2159 | eps 0.050 | elapsed 2008.3s
step   720000 | reward(last100)  0.1695 | eps 0.050 | elapsed 2019.2s
step   725000 | reward(last100)  0.2692 | eps 0.050 | elapsed 2030.0s
step   730000 | reward(last100)  0.3017 | eps 0.050 | elapsed 2040.8s
step   735000 | reward(last100)  0.2195 | eps 0.050 | elapsed 2053.0s
step   740000 | reward(last100)  0.1313 | eps 0.050 | elapsed 2066.1s
step   745000 | reward(last100)  0.2047 | eps 0.050 | elapsed 2078.5s
step   750000 | reward(last100)  0.2717 | eps 0.050 | elapsed 2090.5s
step   755000 | reward(last100)  0.2497 | eps 0.050 | elapsed 2106.6s
step   760000 | reward(last100)  0.2324 | eps 0.050 | elapsed 2123.0s
step   765000 | reward(last100)  0.2514 | eps 0.050 | elapsed 2139.5s
step   770000 | reward(last100)  0.0966 | eps 0.050 | elapsed 2156.0s
step   775000 | reward(last100)  0.2376 | eps 0.050 | elapsed 2172.4s
step   780000 | reward(last100)  0.2214 | eps 0.050 | elapsed 2187.4s
step   785000 | reward(last100)  0.1508 | eps 0.050 | elapsed 2199.1s
step   790000 | reward(last100)  0.2935 | eps 0.050 | elapsed 2210.7s
step   795000 | reward(last100)  0.2427 | eps 0.050 | elapsed 2222.3s
step   800000 | reward(last100)  0.1951 | eps 0.050 | elapsed 2234.0s
step   805000 | reward(last100)  0.1828 | eps 0.050 | elapsed 2248.5s
step   810000 | reward(last100)  0.1906 | eps 0.050 | elapsed 2261.3s
step   815000 | reward(last100)  0.2562 | eps 0.050 | elapsed 2272.4s
step   820000 | reward(last100)  0.2891 | eps 0.050 | elapsed 2283.4s
step   825000 | reward(last100)  0.2400 | eps 0.050 | elapsed 2295.2s
step   830000 | reward(last100)  0.2791 | eps 0.050 | elapsed 2307.0s
step   835000 | reward(last100)  0.2550 | eps 0.050 | elapsed 2318.7s
step   840000 | reward(last100)  0.0830 | eps 0.050 | elapsed 2332.7s
step   845000 | reward(last100)  0.2007 | eps 0.050 | elapsed 2347.0s
step   850000 | reward(last100)  0.2059 | eps 0.050 | elapsed 2357.8s
step   855000 | reward(last100)  0.1584 | eps 0.050 | elapsed 2370.9s
step   860000 | reward(last100)  0.1378 | eps 0.050 | elapsed 2384.0s
step   865000 | reward(last100)  0.2752 | eps 0.050 | elapsed 2400.3s
step   870000 | reward(last100)  0.2031 | eps 0.050 | elapsed 2416.8s
step   875000 | reward(last100)  0.3315 | eps 0.050 | elapsed 2433.3s
step   880000 | reward(last100)  0.2256 | eps 0.050 | elapsed 2448.6s
step   885000 | reward(last100)  0.2592 | eps 0.050 | elapsed 2464.0s
step   890000 | reward(last100)  0.2117 | eps 0.050 | elapsed 2477.2s
step   895000 | reward(last100)  0.2075 | eps 0.050 | elapsed 2489.3s
step   900000 | reward(last100)  0.2516 | eps 0.050 | elapsed 2501.5s
step   905000 | reward(last100)  0.2879 | eps 0.050 | elapsed 2517.2s
step   910000 | reward(last100)  0.2209 | eps 0.050 | elapsed 2532.3s
step   915000 | reward(last100)  0.1268 | eps 0.050 | elapsed 2547.3s
step   920000 | reward(last100)  0.1880 | eps 0.050 | elapsed 2560.7s
step   925000 | reward(last100)  0.1689 | eps 0.050 | elapsed 2572.9s
step   930000 | reward(last100)  0.2464 | eps 0.050 | elapsed 2585.0s
step   935000 | reward(last100)  0.1725 | eps 0.050 | elapsed 2597.1s
step   940000 | reward(last100)  0.1834 | eps 0.050 | elapsed 2608.0s
step   945000 | reward(last100)  0.1978 | eps 0.050 | elapsed 2619.0s
step   950000 | reward(last100)  0.2731 | eps 0.050 | elapsed 2629.9s
step   955000 | reward(last100)  0.2831 | eps 0.050 | elapsed 2641.6s
step   960000 | reward(last100)  0.2781 | eps 0.050 | elapsed 2652.6s
step   965000 | reward(last100)  0.2567 | eps 0.050 | elapsed 2663.5s
step   970000 | reward(last100)  0.2405 | eps 0.050 | elapsed 2674.6s
step   975000 | reward(last100)  0.1544 | eps 0.050 | elapsed 2685.6s
step   980000 | reward(last100)  0.1425 | eps 0.050 | elapsed 2696.5s
step   985000 | reward(last100)  0.1407 | eps 0.050 | elapsed 2707.4s
step   990000 | reward(last100)  0.1461 | eps 0.050 | elapsed 2718.5s
step   995000 | reward(last100)  0.2542 | eps 0.050 | elapsed 2732.0s
step  1000000 | reward(last100)  0.1922 | eps 0.050 | elapsed 2746.9s
step  1005000 | reward(last100)  0.2416 | eps 0.050 | elapsed 2759.2s
step  1010000 | reward(last100)  0.2377 | eps 0.050 | elapsed 2771.6s
step  1015000 | reward(last100)  0.2339 | eps 0.050 | elapsed 2783.8s
step  1020000 | reward(last100)  0.2715 | eps 0.050 | elapsed 2796.1s
step  1025000 | reward(last100)  0.2710 | eps 0.050 | elapsed 2808.3s
step  1030000 | reward(last100)  0.1356 | eps 0.050 | elapsed 2820.2s
step  1035000 | reward(last100)  0.1444 | eps 0.050 | elapsed 2832.4s
step  1040000 | reward(last100)  0.2161 | eps 0.050 | elapsed 2844.4s
step  1045000 | reward(last100)  0.3003 | eps 0.050 | elapsed 2856.0s
step  1050000 | reward(last100)  0.2649 | eps 0.050 | elapsed 2867.0s
step  1055000 | reward(last100)  0.2123 | eps 0.050 | elapsed 2878.4s
step  1060000 | reward(last100)  0.1951 | eps 0.050 | elapsed 2889.5s
step  1065000 | reward(last100)  0.2075 | eps 0.050 | elapsed 2901.4s
step  1070000 | reward(last100)  0.0943 | eps 0.050 | elapsed 2914.3s
step  1075000 | reward(last100)  0.1904 | eps 0.050 | elapsed 2927.2s
step  1080000 | reward(last100)  0.2847 | eps 0.050 | elapsed 2939.8s
step  1085000 | reward(last100)  0.2722 | eps 0.050 | elapsed 2952.7s
step  1090000 | reward(last100)  0.2398 | eps 0.050 | elapsed 2965.5s
step  1095000 | reward(last100)  0.0930 | eps 0.050 | elapsed 2978.0s
step  1100000 | reward(last100)  0.1931 | eps 0.050 | elapsed 2990.2s
step  1105000 | reward(last100)  0.2942 | eps 0.050 | elapsed 3002.1s
step  1110000 | reward(last100)  0.2220 | eps 0.050 | elapsed 3013.3s
step  1115000 | reward(last100)  0.2127 | eps 0.050 | elapsed 3024.5s
step  1120000 | reward(last100)  0.2713 | eps 0.050 | elapsed 3036.5s
step  1125000 | reward(last100)  0.2802 | eps 0.050 | elapsed 3050.1s
step  1130000 | reward(last100)  0.2853 | eps 0.050 | elapsed 3062.7s
step  1135000 | reward(last100)  0.2180 | eps 0.050 | elapsed 3074.9s
step  1140000 | reward(last100)  0.1223 | eps 0.050 | elapsed 3087.2s
step  1145000 | reward(last100)  0.3007 | eps 0.050 | elapsed 3098.8s
step  1150000 | reward(last100)  0.3295 | eps 0.050 | elapsed 3109.8s
step  1155000 | reward(last100)  0.1614 | eps 0.050 | elapsed 3122.0s
step  1160000 | reward(last100)  0.1799 | eps 0.050 | elapsed 3136.1s
step  1165000 | reward(last100)  0.1638 | eps 0.050 | elapsed 3149.5s
step  1170000 | reward(last100)  0.2275 | eps 0.050 | elapsed 3164.7s
step  1175000 | reward(last100)  0.2145 | eps 0.050 | elapsed 3179.8s
step  1180000 | reward(last100)  0.2675 | eps 0.050 | elapsed 3195.0s
step  1185000 | reward(last100)  0.1034 | eps 0.050 | elapsed 3210.2s
step  1190000 | reward(last100)  0.2435 | eps 0.050 | elapsed 3225.3s
step  1195000 | reward(last100)  0.2254 | eps 0.050 | elapsed 3240.4s
step  1200000 | reward(last100)  0.1907 | eps 0.050 | elapsed 3254.4s
step  1205000 | reward(last100)  0.2591 | eps 0.050 | elapsed 3266.8s
step  1210000 | reward(last100)  0.1587 | eps 0.050 | elapsed 3281.2s
step  1215000 | reward(last100)  0.2363 | eps 0.050 | elapsed 3296.3s
step  1220000 | reward(last100)  0.2506 | eps 0.050 | elapsed 3308.0s
step  1225000 | reward(last100)  0.2178 | eps 0.050 | elapsed 3319.0s
step  1230000 | reward(last100)  0.1187 | eps 0.050 | elapsed 3330.0s
step  1235000 | reward(last100)  0.2405 | eps 0.050 | elapsed 3342.4s
step  1240000 | reward(last100)  0.3909 | eps 0.050 | elapsed 3356.8s
step  1245000 | reward(last100)  0.2040 | eps 0.050 | elapsed 3371.2s
step  1250000 | reward(last100)  0.3156 | eps 0.050 | elapsed 3384.4s
step  1255000 | reward(last100)  0.2245 | eps 0.050 | elapsed 3399.4s
step  1260000 | reward(last100)  0.2379 | eps 0.050 | elapsed 3414.4s
step  1265000 | reward(last100)  0.3329 | eps 0.050 | elapsed 3429.1s
step  1270000 | reward(last100)  0.3829 | eps 0.050 | elapsed 3445.9s
step  1275000 | reward(last100)  0.2763 | eps 0.050 | elapsed 3461.3s
step  1280000 | reward(last100)  0.3054 | eps 0.050 | elapsed 3473.4s
step  1285000 | reward(last100)  0.2858 | eps 0.050 | elapsed 3485.7s
step  1290000 | reward(last100)  0.3124 | eps 0.050 | elapsed 3498.3s
step  1295000 | reward(last100)  0.3162 | eps 0.050 | elapsed 3510.5s
step  1300000 | reward(last100)  0.0542 | eps 0.050 | elapsed 3521.5s
step  1305000 | reward(last100)  0.2179 | eps 0.050 | elapsed 3535.0s
step  1310000 | reward(last100)  0.2298 | eps 0.050 | elapsed 3547.6s
step  1315000 | reward(last100)  0.1577 | eps 0.050 | elapsed 3562.5s
step  1320000 | reward(last100)  0.2201 | eps 0.050 | elapsed 3577.9s
step  1325000 | reward(last100)  0.2303 | eps 0.050 | elapsed 3594.1s
step  1330000 | reward(last100)  0.2343 | eps 0.050 | elapsed 3610.2s
step  1335000 | reward(last100)  0.2590 | eps 0.050 | elapsed 3626.3s
step  1340000 | reward(last100)  0.2856 | eps 0.050 | elapsed 3641.5s
step  1345000 | reward(last100)  0.2224 | eps 0.050 | elapsed 3657.5s
step  1350000 | reward(last100)  0.2956 | eps 0.050 | elapsed 3673.0s
step  1355000 | reward(last100)  0.2711 | eps 0.050 | elapsed 3689.1s
step  1360000 | reward(last100)  0.2498 | eps 0.050 | elapsed 3704.8s
step  1365000 | reward(last100)  0.2872 | eps 0.050 | elapsed 3720.7s
step  1370000 | reward(last100)  0.1334 | eps 0.050 | elapsed 3736.1s
step  1375000 | reward(last100)  0.2516 | eps 0.050 | elapsed 3750.0s
step  1380000 | reward(last100)  0.2726 | eps 0.050 | elapsed 3762.9s
step  1385000 | reward(last100)  0.2826 | eps 0.050 | elapsed 3775.7s
step  1390000 | reward(last100)  0.2119 | eps 0.050 | elapsed 3788.2s
step  1395000 | reward(last100)  0.2435 | eps 0.050 | elapsed 3800.3s
step  1400000 | reward(last100)  0.3238 | eps 0.050 | elapsed 3812.4s
step  1405000 | reward(last100)  0.2377 | eps 0.050 | elapsed 3825.0s
step  1410000 | reward(last100)  0.3176 | eps 0.050 | elapsed 3836.9s
step  1415000 | reward(last100)  0.3373 | eps 0.050 | elapsed 3849.2s
step  1420000 | reward(last100)  0.3017 | eps 0.050 | elapsed 3863.7s
step  1425000 | reward(last100)  0.3846 | eps 0.050 | elapsed 3879.9s
step  1430000 | reward(last100)  0.2375 | eps 0.050 | elapsed 3894.7s
step  1435000 | reward(last100)  0.2022 | eps 0.050 | elapsed 3906.5s
step  1440000 | reward(last100)  0.2995 | eps 0.050 | elapsed 3917.7s
step  1445000 | reward(last100)  0.3050 | eps 0.050 | elapsed 3928.8s
step  1450000 | reward(last100)  0.2725 | eps 0.050 | elapsed 3939.9s
step  1455000 | reward(last100)  0.2164 | eps 0.050 | elapsed 3952.6s
step  1460000 | reward(last100)  0.3463 | eps 0.050 | elapsed 3965.0s
step  1465000 | reward(last100)  0.2401 | eps 0.050 | elapsed 3976.3s
step  1470000 | reward(last100)  0.3170 | eps 0.050 | elapsed 3987.5s
step  1475000 | reward(last100)  0.2780 | eps 0.050 | elapsed 3998.6s
step  1480000 | reward(last100)  0.2910 | eps 0.050 | elapsed 4009.7s
step  1485000 | reward(last100)  0.2692 | eps 0.050 | elapsed 4020.9s
step  1490000 | reward(last100)  0.2519 | eps 0.050 | elapsed 4033.3s
step  1495000 | reward(last100)  0.2049 | eps 0.050 | elapsed 4044.6s
step  1500000 | reward(last100)  0.1780 | eps 0.050 | elapsed 4055.7s
step  1505000 | reward(last100)  0.2243 | eps 0.050 | elapsed 4069.1s
step  1510000 | reward(last100)  0.1913 | eps 0.050 | elapsed 4083.8s
step  1515000 | reward(last100)  0.3523 | eps 0.050 | elapsed 4097.4s
step  1520000 | reward(last100)  0.3500 | eps 0.050 | elapsed 4108.6s
step  1525000 | reward(last100)  0.1799 | eps 0.050 | elapsed 4119.7s
step  1530000 | reward(last100)  0.2431 | eps 0.050 | elapsed 4130.8s
step  1535000 | reward(last100)  0.0882 | eps 0.050 | elapsed 4141.9s
step  1540000 | reward(last100)  0.2632 | eps 0.050 | elapsed 4152.9s
step  1545000 | reward(last100)  0.1574 | eps 0.050 | elapsed 4164.0s
step  1550000 | reward(last100)  0.2295 | eps 0.050 | elapsed 4175.1s
step  1555000 | reward(last100)  0.2294 | eps 0.050 | elapsed 4188.7s
step  1560000 | reward(last100)  0.2384 | eps 0.050 | elapsed 4201.4s
step  1565000 | reward(last100)  0.2326 | eps 0.050 | elapsed 4214.4s
step  1570000 | reward(last100)  0.3282 | eps 0.050 | elapsed 4228.7s
step  1575000 | reward(last100)  0.3283 | eps 0.050 | elapsed 4241.2s
step  1580000 | reward(last100)  0.2435 | eps 0.050 | elapsed 4253.6s
step  1585000 | reward(last100)  0.3592 | eps 0.050 | elapsed 4266.0s
step  1590000 | reward(last100)  0.2540 | eps 0.050 | elapsed 4277.9s
step  1595000 | reward(last100)  0.2727 | eps 0.050 | elapsed 4290.7s
step  1600000 | reward(last100)  0.3760 | eps 0.050 | elapsed 4305.1s
step  1605000 | reward(last100)  0.2858 | eps 0.050 | elapsed 4316.6s
step  1610000 | reward(last100)  0.2808 | eps 0.050 | elapsed 4327.8s
step  1615000 | reward(last100)  0.2446 | eps 0.050 | elapsed 4338.9s
step  1620000 | reward(last100)  0.2269 | eps 0.050 | elapsed 4349.9s
step  1625000 | reward(last100)  0.3092 | eps 0.050 | elapsed 4361.1s
step  1630000 | reward(last100)  0.2715 | eps 0.050 | elapsed 4372.2s
step  1635000 | reward(last100)  0.3218 | eps 0.050 | elapsed 4383.3s
step  1640000 | reward(last100)  0.3252 | eps 0.050 | elapsed 4394.8s
step  1645000 | reward(last100)  0.2007 | eps 0.050 | elapsed 4407.1s
step  1650000 | reward(last100)  0.1748 | eps 0.050 | elapsed 4418.4s
step  1655000 | reward(last100)  0.2869 | eps 0.050 | elapsed 4431.3s
step  1660000 | reward(last100)  0.3207 | eps 0.050 | elapsed 4444.6s
step  1665000 | reward(last100)  0.1705 | eps 0.050 | elapsed 4457.9s
step  1670000 | reward(last100)  0.2557 | eps 0.050 | elapsed 4471.2s
step  1675000 | reward(last100)  0.1778 | eps 0.050 | elapsed 4484.5s
step  1680000 | reward(last100)  0.2683 | eps 0.050 | elapsed 4497.9s
step  1685000 | reward(last100)  0.3348 | eps 0.050 | elapsed 4510.6s
step  1690000 | reward(last100)  0.2876 | eps 0.050 | elapsed 4523.1s
step  1695000 | reward(last100)  0.2009 | eps 0.050 | elapsed 4535.5s
step  1700000 | reward(last100)  0.2552 | eps 0.050 | elapsed 4548.0s
step  1705000 | reward(last100)  0.2867 | eps 0.050 | elapsed 4560.9s
step  1710000 | reward(last100)  0.2652 | eps 0.050 | elapsed 4573.6s
step  1715000 | reward(last100)  0.3189 | eps 0.050 | elapsed 4586.2s
step  1720000 | reward(last100)  0.3238 | eps 0.050 | elapsed 4598.6s
step  1725000 | reward(last100)  0.2735 | eps 0.050 | elapsed 4611.5s
step  1730000 | reward(last100)  0.3055 | eps 0.050 | elapsed 4624.5s
step  1735000 | reward(last100)  0.2533 | eps 0.050 | elapsed 4639.1s
step  1740000 | reward(last100)  0.3567 | eps 0.050 | elapsed 4651.5s
step  1745000 | reward(last100)  0.2385 | eps 0.050 | elapsed 4663.9s
step  1750000 | reward(last100)  0.2655 | eps 0.050 | elapsed 4676.3s
step  1755000 | reward(last100)  0.2855 | eps 0.050 | elapsed 4688.7s
step  1760000 | reward(last100)  0.2633 | eps 0.050 | elapsed 4699.9s
step  1765000 | reward(last100)  0.2191 | eps 0.050 | elapsed 4711.5s
step  1770000 | reward(last100)  0.1920 | eps 0.050 | elapsed 4723.6s
step  1775000 | reward(last100)  0.2270 | eps 0.050 | elapsed 4734.7s
step  1780000 | reward(last100)  0.1405 | eps 0.050 | elapsed 4745.7s
step  1785000 | reward(last100)  0.2408 | eps 0.050 | elapsed 4757.5s
step  1790000 | reward(last100)  0.2764 | eps 0.050 | elapsed 4769.8s
step  1795000 | reward(last100)  0.3343 | eps 0.050 | elapsed 4782.1s
step  1800000 | reward(last100)  0.3419 | eps 0.050 | elapsed 4793.5s
step  1805000 | reward(last100)  0.2638 | eps 0.050 | elapsed 4805.1s
step  1810000 | reward(last100)  0.3032 | eps 0.050 | elapsed 4816.2s
step  1815000 | reward(last100)  0.1947 | eps 0.050 | elapsed 4827.4s
step  1820000 | reward(last100)  0.2870 | eps 0.050 | elapsed 4838.5s
step  1825000 | reward(last100)  0.2789 | eps 0.050 | elapsed 4849.6s
step  1830000 | reward(last100)  0.2754 | eps 0.050 | elapsed 4861.9s
step  1835000 | reward(last100)  0.1226 | eps 0.050 | elapsed 4874.3s
step  1840000 | reward(last100)  0.1689 | eps 0.050 | elapsed 4886.7s
step  1845000 | reward(last100)  0.2226 | eps 0.050 | elapsed 4899.1s
step  1850000 | reward(last100)  0.2482 | eps 0.050 | elapsed 4911.9s
step  1855000 | reward(last100)  0.1483 | eps 0.050 | elapsed 4924.2s
step  1860000 | reward(last100)  0.2466 | eps 0.050 | elapsed 4936.4s
step  1865000 | reward(last100)  0.0969 | eps 0.050 | elapsed 4948.0s
step  1870000 | reward(last100)  0.2880 | eps 0.050 | elapsed 4959.1s
step  1875000 | reward(last100)  0.2691 | eps 0.050 | elapsed 4970.2s
step  1880000 | reward(last100)  0.1379 | eps 0.050 | elapsed 4981.4s
step  1885000 | reward(last100)  0.3155 | eps 0.050 | elapsed 4992.4s
step  1890000 | reward(last100)  0.1518 | eps 0.050 | elapsed 5003.9s
step  1895000 | reward(last100)  0.3422 | eps 0.050 | elapsed 5015.9s
step  1900000 | reward(last100)  0.2188 | eps 0.050 | elapsed 5028.8s
step  1905000 | reward(last100)  0.3724 | eps 0.050 | elapsed 5041.1s
step  1910000 | reward(last100)  0.3265 | eps 0.050 | elapsed 5053.4s
step  1915000 | reward(last100)  0.3104 | eps 0.050 | elapsed 5065.7s
step  1920000 | reward(last100)  0.3122 | eps 0.050 | elapsed 5078.0s
step  1925000 | reward(last100)  0.3108 | eps 0.050 | elapsed 5090.3s
step  1930000 | reward(last100)  0.2874 | eps 0.050 | elapsed 5104.4s
step  1935000 | reward(last100)  0.3830 | eps 0.050 | elapsed 5115.5s
step  1940000 | reward(last100)  0.4311 | eps 0.050 | elapsed 5126.7s
step  1945000 | reward(last100)  0.3276 | eps 0.050 | elapsed 5138.6s
step  1950000 | reward(last100)  0.3121 | eps 0.050 | elapsed 5150.6s
step  1955000 | reward(last100)  0.2766 | eps 0.050 | elapsed 5162.1s
step  1960000 | reward(last100)  0.3127 | eps 0.050 | elapsed 5173.2s
step  1965000 | reward(last100)  0.3647 | eps 0.050 | elapsed 5184.9s
step  1970000 | reward(last100)  0.1600 | eps 0.050 | elapsed 5196.5s
step  1975000 | reward(last100)  0.3320 | eps 0.050 | elapsed 5207.6s
step  1980000 | reward(last100)  0.3322 | eps 0.050 | elapsed 5218.7s
step  1985000 | reward(last100)  0.2918 | eps 0.050 | elapsed 5229.9s
step  1990000 | reward(last100)  0.2394 | eps 0.050 | elapsed 5241.1s
step  1995000 | reward(last100)  0.3035 | eps 0.050 | elapsed 5252.2s
step  2000000 | reward(last100)  0.1711 | eps 0.050 | elapsed 5263.2s
step  2005000 | reward(last100)  0.2792 | eps 0.050 | elapsed 5274.6s
step  2010000 | reward(last100)  0.3886 | eps 0.050 | elapsed 5285.7s
step  2015000 | reward(last100)  0.3337 | eps 0.050 | elapsed 5296.8s
step  2020000 | reward(last100)  0.2874 | eps 0.050 | elapsed 5307.9s
step  2025000 | reward(last100)  0.2896 | eps 0.050 | elapsed 5319.0s
step  2030000 | reward(last100)  0.1725 | eps 0.050 | elapsed 5330.0s
step  2035000 | reward(last100)  0.3287 | eps 0.050 | elapsed 5341.1s
step  2040000 | reward(last100)  0.3618 | eps 0.050 | elapsed 5352.2s
step  2045000 | reward(last100)  0.1861 | eps 0.050 | elapsed 5363.3s
step  2050000 | reward(last100)  0.2991 | eps 0.050 | elapsed 5375.3s
step  2055000 | reward(last100)  0.3063 | eps 0.050 | elapsed 5387.7s
step  2060000 | reward(last100)  0.2124 | eps 0.050 | elapsed 5399.8s
step  2065000 | reward(last100)  0.2640 | eps 0.050 | elapsed 5411.9s
step  2070000 | reward(last100)  0.2525 | eps 0.050 | elapsed 5423.7s
step  2075000 | reward(last100)  0.2895 | eps 0.050 | elapsed 5435.0s
step  2080000 | reward(last100)  0.2789 | eps 0.050 | elapsed 5447.5s
step  2085000 | reward(last100)  0.2071 | eps 0.050 | elapsed 5460.0s
step  2090000 | reward(last100)  0.1298 | eps 0.050 | elapsed 5474.9s
step  2095000 | reward(last100)  0.2148 | eps 0.050 | elapsed 5489.7s
step  2100000 | reward(last100)  0.2431 | eps 0.050 | elapsed 5504.6s
step  2105000 | reward(last100)  0.2434 | eps 0.050 | elapsed 5516.1s
step  2110000 | reward(last100)  0.3024 | eps 0.050 | elapsed 5527.2s
step  2115000 | reward(last100)  0.1947 | eps 0.050 | elapsed 5538.3s
step  2120000 | reward(last100)  0.2482 | eps 0.050 | elapsed 5549.5s
step  2125000 | reward(last100)  0.2402 | eps 0.050 | elapsed 5560.8s
step  2130000 | reward(last100)  0.2314 | eps 0.050 | elapsed 5572.0s
step  2135000 | reward(last100)  0.3162 | eps 0.050 | elapsed 5583.2s
step  2140000 | reward(last100)  0.2644 | eps 0.050 | elapsed 5594.2s
step  2145000 | reward(last100)  0.2661 | eps 0.050 | elapsed 5605.3s
step  2150000 | reward(last100)  0.2614 | eps 0.050 | elapsed 5616.5s
step  2155000 | reward(last100)  0.3470 | eps 0.050 | elapsed 5630.9s
step  2160000 | reward(last100)  0.3571 | eps 0.050 | elapsed 5645.6s
step  2165000 | reward(last100)  0.3380 | eps 0.050 | elapsed 5660.4s
step  2170000 | reward(last100)  0.3395 | eps 0.050 | elapsed 5673.2s
step  2175000 | reward(last100)  0.2494 | eps 0.050 | elapsed 5685.6s
step  2180000 | reward(last100)  0.0829 | eps 0.050 | elapsed 5696.8s
step  2185000 | reward(last100)  0.3482 | eps 0.050 | elapsed 5707.9s
step  2190000 | reward(last100)  0.1882 | eps 0.050 | elapsed 5719.0s
step  2195000 | reward(last100)  0.3737 | eps 0.050 | elapsed 5730.1s
step  2200000 | reward(last100)  0.3007 | eps 0.050 | elapsed 5741.2s
step  2205000 | reward(last100)  0.4158 | eps 0.050 | elapsed 5754.3s
step  2210000 | reward(last100)  0.3541 | eps 0.050 | elapsed 5767.0s
step  2215000 | reward(last100)  0.2603 | eps 0.050 | elapsed 5779.6s
step  2220000 | reward(last100)  0.3924 | eps 0.050 | elapsed 5792.1s
step  2225000 | reward(last100)  0.2564 | eps 0.050 | elapsed 5804.5s
step  2230000 | reward(last100)  0.3698 | eps 0.050 | elapsed 5815.7s
step  2235000 | reward(last100)  0.2885 | eps 0.050 | elapsed 5826.8s
step  2240000 | reward(last100)  0.4022 | eps 0.050 | elapsed 5838.1s
step  2245000 | reward(last100)  0.4155 | eps 0.050 | elapsed 5849.2s
step  2250000 | reward(last100)  0.4256 | eps 0.050 | elapsed 5860.5s
step  2255000 | reward(last100)  0.4020 | eps 0.050 | elapsed 5871.9s
step  2260000 | reward(last100)  0.4811 | eps 0.050 | elapsed 5883.0s
step  2265000 | reward(last100)  0.3300 | eps 0.050 | elapsed 5894.0s
step  2270000 | reward(last100)  0.4787 | eps 0.050 | elapsed 5905.1s
step  2275000 | reward(last100)  0.4372 | eps 0.050 | elapsed 5916.1s
step  2280000 | reward(last100)  0.3911 | eps 0.050 | elapsed 5927.2s
step  2285000 | reward(last100)  0.4281 | eps 0.050 | elapsed 5938.3s
step  2290000 | reward(last100)  0.4012 | eps 0.050 | elapsed 5949.3s
step  2295000 | reward(last100)  0.3955 | eps 0.050 | elapsed 5960.4s
step  2300000 | reward(last100)  0.4967 | eps 0.050 | elapsed 5971.5s
step  2305000 | reward(last100)  0.3880 | eps 0.050 | elapsed 5985.2s
step  2310000 | reward(last100)  0.3969 | eps 0.050 | elapsed 5998.6s
step  2315000 | reward(last100)  0.4065 | eps 0.050 | elapsed 6013.4s
step  2320000 | reward(last100)  0.3948 | eps 0.050 | elapsed 6028.2s
step  2325000 | reward(last100)  0.4550 | eps 0.050 | elapsed 6040.5s
step  2330000 | reward(last100)  0.3343 | eps 0.050 | elapsed 6052.9s
step  2335000 | reward(last100)  0.3521 | eps 0.050 | elapsed 6065.2s
step  2340000 | reward(last100)  0.4859 | eps 0.050 | elapsed 6079.6s
step  2345000 | reward(last100)  0.4393 | eps 0.050 | elapsed 6095.2s
step  2350000 | reward(last100)  0.4726 | eps 0.050 | elapsed 6110.5s
step  2355000 | reward(last100)  0.3297 | eps 0.050 | elapsed 6126.6s
step  2360000 | reward(last100)  0.4528 | eps 0.050 | elapsed 6140.0s
step  2365000 | reward(last100)  0.4132 | eps 0.050 | elapsed 6152.1s
step  2370000 | reward(last100)  0.4502 | eps 0.050 | elapsed 6164.1s
step  2375000 | reward(last100)  0.3817 | eps 0.050 | elapsed 6176.1s
step  2380000 | reward(last100)  0.4524 | eps 0.050 | elapsed 6187.8s
step  2385000 | reward(last100)  0.4227 | eps 0.050 | elapsed 6199.0s
step  2390000 | reward(last100)  0.3840 | eps 0.050 | elapsed 6210.1s
step  2395000 | reward(last100)  0.4265 | eps 0.050 | elapsed 6221.2s
step  2400000 | reward(last100)  0.4615 | eps 0.050 | elapsed 6232.2s
step  2405000 | reward(last100)  0.4385 | eps 0.050 | elapsed 6246.7s
step  2410000 | reward(last100)  0.5377 | eps 0.050 | elapsed 6260.1s
step  2415000 | reward(last100)  0.4614 | eps 0.050 | elapsed 6272.8s
step  2420000 | reward(last100)  0.5777 | eps 0.050 | elapsed 6284.3s
step  2425000 | reward(last100)  0.4789 | eps 0.050 | elapsed 6295.4s
step  2430000 | reward(last100)  0.5136 | eps 0.050 | elapsed 6306.6s
step  2435000 | reward(last100)  0.4380 | eps 0.050 | elapsed 6317.7s
step  2440000 | reward(last100)  0.4616 | eps 0.050 | elapsed 6330.7s
step  2445000 | reward(last100)  0.3287 | eps 0.050 | elapsed 6342.0s
step  2450000 | reward(last100)  0.4411 | eps 0.050 | elapsed 6353.2s
step  2455000 | reward(last100)  0.5019 | eps 0.050 | elapsed 6365.0s
step  2460000 | reward(last100)  0.3887 | eps 0.050 | elapsed 6376.1s
step  2465000 | reward(last100)  0.4350 | eps 0.050 | elapsed 6387.3s
step  2470000 | reward(last100)  0.4006 | eps 0.050 | elapsed 6398.4s
step  2475000 | reward(last100)  0.3623 | eps 0.050 | elapsed 6409.4s
step  2480000 | reward(last100)  0.4844 | eps 0.050 | elapsed 6420.5s
step  2485000 | reward(last100)  0.3882 | eps 0.050 | elapsed 6431.8s
step  2490000 | reward(last100)  0.4336 | eps 0.050 | elapsed 6442.9s
step  2495000 | reward(last100)  0.4222 | eps 0.050 | elapsed 6454.1s
step  2500000 | reward(last100)  0.3423 | eps 0.050 | elapsed 6465.2s
step  2505000 | reward(last100)  0.4139 | eps 0.050 | elapsed 6476.8s
step  2510000 | reward(last100)  0.4509 | eps 0.050 | elapsed 6487.9s
step  2515000 | reward(last100)  0.3997 | eps 0.050 | elapsed 6499.1s
step  2520000 | reward(last100)  0.3819 | eps 0.050 | elapsed 6510.1s
step  2525000 | reward(last100)  0.4168 | eps 0.050 | elapsed 6521.3s
step  2530000 | reward(last100)  0.3651 | eps 0.050 | elapsed 6532.4s
step  2535000 | reward(last100)  0.5269 | eps 0.050 | elapsed 6543.5s
step  2540000 | reward(last100)  0.4390 | eps 0.050 | elapsed 6554.7s
step  2545000 | reward(last100)  0.4507 | eps 0.050 | elapsed 6565.8s
step  2550000 | reward(last100)  0.4299 | eps 0.050 | elapsed 6576.7s
step  2555000 | reward(last100)  0.4799 | eps 0.050 | elapsed 6588.2s
step  2560000 | reward(last100)  0.4383 | eps 0.050 | elapsed 6599.5s
step  2565000 | reward(last100)  0.4126 | eps 0.050 | elapsed 6610.8s
step  2570000 | reward(last100)  0.4831 | eps 0.050 | elapsed 6622.0s
step  2575000 | reward(last100)  0.4737 | eps 0.050 | elapsed 6633.3s
step  2580000 | reward(last100)  0.3531 | eps 0.050 | elapsed 6644.6s
step  2585000 | reward(last100)  0.4269 | eps 0.050 | elapsed 6655.7s
step  2590000 | reward(last100)  0.4464 | eps 0.050 | elapsed 6666.8s
step  2595000 | reward(last100)  0.3977 | eps 0.050 | elapsed 6678.0s
step  2600000 | reward(last100)  0.4520 | eps 0.050 | elapsed 6689.2s
step  2605000 | reward(last100)  0.4361 | eps 0.050 | elapsed 6700.8s
step  2610000 | reward(last100)  0.5302 | eps 0.050 | elapsed 6712.1s
step  2615000 | reward(last100)  0.3591 | eps 0.050 | elapsed 6723.4s
step  2620000 | reward(last100)  0.3764 | eps 0.050 | elapsed 6734.7s
step  2625000 | reward(last100)  0.4722 | eps 0.050 | elapsed 6745.8s
step  2630000 | reward(last100)  0.4796 | eps 0.050 | elapsed 6757.1s
step  2635000 | reward(last100)  0.5094 | eps 0.050 | elapsed 6768.6s
step  2640000 | reward(last100)  0.3888 | eps 0.050 | elapsed 6780.7s
step  2645000 | reward(last100)  0.4924 | eps 0.050 | elapsed 6793.3s
step  2650000 | reward(last100)  0.4459 | eps 0.050 | elapsed 6805.9s
step  2655000 | reward(last100)  0.5225 | eps 0.050 | elapsed 6818.7s
step  2660000 | reward(last100)  0.3740 | eps 0.050 | elapsed 6831.1s
step  2665000 | reward(last100)  0.4622 | eps 0.050 | elapsed 6844.2s
step  2670000 | reward(last100)  0.4591 | eps 0.050 | elapsed 6857.5s
step  2675000 | reward(last100)  0.4756 | eps 0.050 | elapsed 6870.8s
step  2680000 | reward(last100)  0.4767 | eps 0.050 | elapsed 6884.9s
step  2685000 | reward(last100)  0.4884 | eps 0.050 | elapsed 6898.9s
step  2690000 | reward(last100)  0.3635 | eps 0.050 | elapsed 6912.8s
step  2695000 | reward(last100)  0.5195 | eps 0.050 | elapsed 6926.2s
step  2700000 | reward(last100)  0.3776 | eps 0.050 | elapsed 6939.5s
step  2705000 | reward(last100)  0.3887 | eps 0.050 | elapsed 6951.0s
step  2710000 | reward(last100)  0.4603 | eps 0.050 | elapsed 6962.1s
step  2715000 | reward(last100)  0.4008 | eps 0.050 | elapsed 6973.3s
step  2720000 | reward(last100)  0.3848 | eps 0.050 | elapsed 6984.5s
step  2725000 | reward(last100)  0.4927 | eps 0.050 | elapsed 6995.7s
step  2730000 | reward(last100)  0.4534 | eps 0.050 | elapsed 7006.8s
step  2735000 | reward(last100)  0.4385 | eps 0.050 | elapsed 7017.8s
step  2740000 | reward(last100)  0.4918 | eps 0.050 | elapsed 7028.9s
step  2745000 | reward(last100)  0.3985 | eps 0.050 | elapsed 7039.9s
step  2750000 | reward(last100)  0.3987 | eps 0.050 | elapsed 7051.0s
step  2755000 | reward(last100)  0.4088 | eps 0.050 | elapsed 7062.7s
step  2760000 | reward(last100)  0.4929 | eps 0.050 | elapsed 7073.9s
step  2765000 | reward(last100)  0.4462 | eps 0.050 | elapsed 7085.1s
step  2770000 | reward(last100)  0.4494 | eps 0.050 | elapsed 7096.2s
step  2775000 | reward(last100)  0.5240 | eps 0.050 | elapsed 7107.3s
step  2780000 | reward(last100)  0.2940 | eps 0.050 | elapsed 7118.4s
step  2785000 | reward(last100)  0.4244 | eps 0.050 | elapsed 7131.0s
step  2790000 | reward(last100)  0.4280 | eps 0.050 | elapsed 7143.6s
step  2795000 | reward(last100)  0.3892 | eps 0.050 | elapsed 7156.2s
step  2800000 | reward(last100)  0.4075 | eps 0.050 | elapsed 7168.6s
step  2805000 | reward(last100)  0.4786 | eps 0.050 | elapsed 7180.2s
step  2810000 | reward(last100)  0.4574 | eps 0.050 | elapsed 7191.3s
step  2815000 | reward(last100)  0.3744 | eps 0.050 | elapsed 7202.5s
step  2820000 | reward(last100)  0.3863 | eps 0.050 | elapsed 7213.6s
step  2825000 | reward(last100)  0.3685 | eps 0.050 | elapsed 7224.7s
step  2830000 | reward(last100)  0.3700 | eps 0.050 | elapsed 7235.6s
step  2835000 | reward(last100)  0.3723 | eps 0.050 | elapsed 7246.6s
step  2840000 | reward(last100)  0.4763 | eps 0.050 | elapsed 7257.6s
step  2845000 | reward(last100)  0.4028 | eps 0.050 | elapsed 7268.6s
step  2850000 | reward(last100)  0.3705 | eps 0.050 | elapsed 7279.6s
step  2855000 | reward(last100)  0.5140 | eps 0.050 | elapsed 7291.5s
step  2860000 | reward(last100)  0.4857 | eps 0.050 | elapsed 7304.1s
step  2865000 | reward(last100)  0.4684 | eps 0.050 | elapsed 7316.9s
step  2870000 | reward(last100)  0.4449 | eps 0.050 | elapsed 7330.0s
step  2875000 | reward(last100)  0.3701 | eps 0.050 | elapsed 7342.9s
step  2880000 | reward(last100)  0.4550 | eps 0.050 | elapsed 7355.5s
step  2885000 | reward(last100)  0.3861 | eps 0.050 | elapsed 7367.1s
step  2890000 | reward(last100)  0.4650 | eps 0.050 | elapsed 7378.1s
step  2895000 | reward(last100)  0.5603 | eps 0.050 | elapsed 7389.2s
step  2900000 | reward(last100)  0.4713 | eps 0.050 | elapsed 7400.3s
step  2905000 | reward(last100)  0.4315 | eps 0.050 | elapsed 7411.8s
step  2910000 | reward(last100)  0.3763 | eps 0.050 | elapsed 7423.7s
step  2915000 | reward(last100)  0.3132 | eps 0.050 | elapsed 7436.2s
step  2920000 | reward(last100)  0.4369 | eps 0.050 | elapsed 7448.7s
step  2925000 | reward(last100)  0.5030 | eps 0.050 | elapsed 7462.3s
step  2930000 | reward(last100)  0.4034 | eps 0.050 | elapsed 7475.8s
step  2935000 | reward(last100)  0.4041 | eps 0.050 | elapsed 7488.2s
step  2940000 | reward(last100)  0.4446 | eps 0.050 | elapsed 7500.3s
step  2945000 | reward(last100)  0.3752 | eps 0.050 | elapsed 7512.4s
step  2950000 | reward(last100)  0.4234 | eps 0.050 | elapsed 7524.4s
step  2955000 | reward(last100)  0.3963 | eps 0.050 | elapsed 7536.9s
step  2960000 | reward(last100)  0.4133 | eps 0.050 | elapsed 7549.3s
step  2965000 | reward(last100)  0.4326 | eps 0.050 | elapsed 7562.2s
step  2970000 | reward(last100)  0.4491 | eps 0.050 | elapsed 7574.5s
step  2975000 | reward(last100)  0.3593 | eps 0.050 | elapsed 7585.3s
step  2980000 | reward(last100)  0.4552 | eps 0.050 | elapsed 7596.0s
step  2985000 | reward(last100)  0.4294 | eps 0.050 | elapsed 7606.8s
step  2990000 | reward(last100)  0.4116 | eps 0.050 | elapsed 7617.6s
step  2995000 | reward(last100)  0.4111 | eps 0.050 | elapsed 7629.3s
step  3000000 | reward(last100)  0.4207 | eps 0.050 | elapsed 7641.3s
