step     5000 | reward(last100)  0.0115 | eps 0.976 | elapsed    1.4s
step    10000 | reward(last100)  0.0105 | eps 0.953 | elapsed    2.6s
step    15000 | reward(last100)  0.0280 | eps 0.929 | elapsed   16.3s
step    20000 | reward(last100)  0.0377 | eps 0.905 | elapsed   29.3s
step    25000 | reward(last100)  0.0328 | eps 0.881 | elapsed   41.9s
step    30000 | reward(last100)  0.0321 | eps 0.858 | elapsed   55.1s
step    35000 | reward(last100)  0.0497 | eps 0.834 | elapsed   67.8s
step    40000 | reward(last100)  0.0456 | eps 0.810 | elapsed   80.2s
step    45000 | reward(last100)  0.0243 | eps 0.786 | elapsed   92.8s
step    50000 | reward(last100)  0.0563 | eps 0.762 | elapsed  105.8s
step    55000 | reward(last100)  0.0545 | eps 0.739 | elapsed  121.0s
step    60000 | reward(last100)  0.0676 | eps 0.715 | elapsed  135.1s
step    65000 | reward(last100)  0.0862 | eps 0.691 | elapsed  147.8s
step    70000 | reward(last100)  0.0689 | eps 0.667 | elapsed  157.4s
step    75000 | reward(last100)  0.0436 | eps 0.644 | elapsed  169.2s
step    80000 | reward(last100)  0.0428 | eps 0.620 | elapsed  178.9s
step    85000 | reward(last100)  0.0461 | eps 0.596 | elapsed  189.3s
step    90000 | reward(last100)  0.0610 | eps 0.573 | elapsed  202.0s
step    95000 | reward(last100)  0.0457 | eps 0.549 | elapsed  212.5s
step   100000 | reward(last100)  0.0232 | eps 0.525 | elapsed  224.6s
step   105000 | reward(last100)  0.0413 | eps 0.501 | elapsed  235.0s
step   110000 | reward(last100)  0.0105 | eps 0.478 | elapsed  246.7s
step   115000 | reward(last100)  0.0138 | eps 0.454 | elapsed  260.2s
step   120000 | reward(last100)  0.0117 | eps 0.430 | elapsed  273.8s
step   125000 | reward(last100)  0.0169 | eps 0.406 | elapsed  287.2s
step   130000 | reward(last100)  0.0141 | eps 0.383 | elapsed  300.6s
step   135000 | reward(last100)  0.0351 | eps 0.359 | elapsed  314.2s
step   140000 | reward(last100)  0.0209 | eps 0.335 | elapsed  327.8s
step   145000 | reward(last100)  0.0032 | eps 0.311 | elapsed  340.8s
step   150000 | reward(last100)  0.0145 | eps 0.288 | elapsed  353.7s
step   155000 | reward(last100)  0.0211 | eps 0.264 | elapsed  364.6s
step   160000 | reward(last100)  0.0177 | eps 0.240 | elapsed  377.9s
step   165000 | reward(last100)  0.0084 | eps 0.216 | elapsed  391.5s
step   170000 | reward(last100)  0.0257 | eps 0.193 | elapsed  404.6s
step   175000 | reward(last100)  0.0099 | eps 0.169 | elapsed  417.0s
step   180000 | reward(last100)  0.0160 | eps 0.145 | elapsed  429.8s
step   185000 | reward(last100)  0.0277 | eps 0.121 | elapsed  442.1s
step   190000 | reward(last100)  0.0085 | eps 0.098 | elapsed  454.3s
step   195000 | reward(last100)  0.0133 | eps 0.074 | elapsed  464.5s
step   200000 | reward(last100)  0.0000 | eps 0.050 | elapsed  476.4s
step   205000 | reward(last100)  0.0010 | eps 0.050 | elapsed  489.1s
step   210000 | reward(last100)  0.0244 | eps 0.050 | elapsed  499.6s
step   215000 | reward(last100)  0.0475 | eps 0.050 | elapsed  509.1s
step   220000 | reward(last100)  0.0729 | eps 0.050 | elapsed  522.3s
step   225000 | reward(last100)  0.0323 | eps 0.050 | elapsed  535.2s
step   230000 | reward(last100)  0.1003 | eps 0.050 | elapsed  545.0s
step   235000 | reward(last100)  0.1293 | eps 0.050 | elapsed  555.6s
step   240000 | reward(last100)  0.1631 | eps 0.050 | elapsed  565.0s
step   245000 | reward(last100)  0.0597 | eps 0.050 | elapsed  576.6s
step   250000 | reward(last100)  0.0363 | eps 0.050 | elapsed  588.6s
step   255000 | reward(last100)  0.0381 | eps 0.050 | elapsed  600.9s
step   260000 | reward(last100)  0.0277 | eps 0.050 | elapsed  612.9s
step   265000 | reward(last100)  0.0338 | eps 0.050 | elapsed  626.7s
step   270000 | reward(last100)  0.0369 | eps 0.050 | elapsed  640.7s
step   275000 | reward(last100)  0.0633 | eps 0.050 | elapsed  654.3s
step   280000 | reward(last100)  0.0153 | eps 0.050 | elapsed  668.0s
step   285000 | reward(last100)  0.1256 | eps 0.050 | elapsed  682.6s
step   290000 | reward(last100)  0.0173 | eps 0.050 | elapsed  696.7s
step   295000 | reward(last100)  0.0324 | eps 0.050 | elapsed  710.7s
step   300000 | reward(last100)  0.0876 | eps 0.050 | elapsed  721.5s
step   305000 | reward(last100)  0.0115 | eps 0.050 | elapsed  736.3s
step   310000 | reward(last100)  0.0488 | eps 0.050 | elapsed  748.7s
step   315000 | reward(last100)  0.0235 | eps 0.050 | elapsed  764.2s
step   320000 | reward(last100)  0.0163 | eps 0.050 | elapsed  779.5s
step   325000 | reward(last100)  0.0075 | eps 0.050 | elapsed  794.7s
step   330000 | reward(last100)  0.0276 | eps 0.050 | elapsed  807.3s
step   335000 | reward(last100)  0.0368 | eps 0.050 | elapsed  817.6s
step   340000 | reward(last100)  0.1233 | eps 0.050 | elapsed  827.7s
step   345000 | reward(last100)  0.0849 | eps 0.050 | elapsed  840.9s
step   350000 | reward(last100)  0.1972 | eps 0.050 | elapsed  851.2s
step   355000 | reward(last100)  0.1783 | eps 0.050 | elapsed  866.6s
step   360000 | reward(last100)  0.0903 | eps 0.050 | elapsed  881.8s
step   365000 | reward(last100)  0.0454 | eps 0.050 | elapsed  894.9s
step   370000 | reward(last100)  0.0619 | eps 0.050 | elapsed  910.6s
step   375000 | reward(last100)  0.0090 | eps 0.050 | elapsed  925.9s
step   380000 | reward(last100)  0.0081 | eps 0.050 | elapsed  940.9s
step   385000 | reward(last100)  0.0000 | eps 0.050 | elapsed  955.1s
step   390000 | reward(last100)  0.0146 | eps 0.050 | elapsed  965.3s
step   395000 | reward(last100)  0.0493 | eps 0.050 | elapsed  978.1s
step   400000 | reward(last100)  0.0169 | eps 0.050 | elapsed  990.2s
step   405000 | reward(last100)  0.0271 | eps 0.050 | elapsed 1005.0s
step   410000 | reward(last100)  0.0979 | eps 0.050 | elapsed 1020.4s
step   415000 | reward(last100)  0.0792 | eps 0.050 | elapsed 1035.2s
step   420000 | reward(last100)  0.0733 | eps 0.050 | elapsed 1046.5s
step   425000 | reward(last100)  0.0786 | eps 0.050 | elapsed 1057.8s
step   430000 | reward(last100)  0.1161 | eps 0.050 | elapsed 1071.9s
step   435000 | reward(last100)  0.0597 | eps 0.050 | elapsed 1087.3s
step   440000 | reward(last100)  0.0176 | eps 0.050 | elapsed 1102.8s
step   445000 | reward(last100)  0.0902 | eps 0.050 | elapsed 1118.2s
step   450000 | reward(last100)  0.1001 | eps 0.050 | elapsed 1133.4s
step   455000 | reward(last100)  0.0420 | eps 0.050 | elapsed 1145.2s
step   460000 | reward(last100)  0.0525 | eps 0.050 | elapsed 1156.6s
step   465000 | reward(last100)  0.1387 | eps 0.050 | elapsed 1167.9s
step   470000 | reward(last100)  0.0623 | eps 0.050 | elapsed 1179.3s
step   475000 | reward(last100)  0.0966 | eps 0.050 | elapsed 1190.7s
step   480000 | reward(last100)  0.1287 | eps 0.050 | elapsed 1202.5s
step   485000 | reward(last100)  0.1598 | eps 0.050 | elapsed 1214.2s
step   490000 | reward(last100)  0.1469 | eps 0.050 | elapsed 1226.5s
step   495000 | reward(last100)  0.1070 | eps 0.050 | elapsed 1238.1s
step   500000 | reward(last100)  0.0850 | eps 0.050 | elapsed 1250.7s
step   505000 | reward(last100)  0.1599 | eps 0.050 | elapsed 1265.8s
step   510000 | reward(last100)  0.0455 | eps 0.050 | elapsed 1280.0s
step   515000 | reward(last100)  0.0584 | eps 0.050 | elapsed 1291.7s
step   520000 | reward(last100)  0.1574 | eps 0.050 | elapsed 1303.2s
step   525000 | reward(last100)  0.0395 | eps 0.050 | elapsed 1314.6s
step   530000 | reward(last100)  0.0053 | eps 0.050 | elapsed 1324.9s
step   535000 | reward(last100)  0.0000 | eps 0.050 | elapsed 1334.8s
step   540000 | reward(last100)  0.0946 | eps 0.050 | elapsed 1347.1s
step   545000 | reward(last100)  0.0682 | eps 0.050 | elapsed 1361.1s
step   550000 | reward(last100)  0.0400 | eps 0.050 | elapsed 1375.2s
step   555000 | reward(last100)  0.1276 | eps 0.050 | elapsed 1387.3s
step   560000 | reward(last100)  0.0268 | eps 0.050 | elapsed 1398.9s
step   565000 | reward(last100)  0.1561 | eps 0.050 | elapsed 1410.3s
step   570000 | reward(last100)  0.1766 | eps 0.050 | elapsed 1422.7s
step   575000 | reward(last100)  0.2891 | eps 0.050 | elapsed 1436.7s
step   580000 | reward(last100)  0.7933 | eps 0.050 | elapsed 1446.8s
step   585000 | reward(last100)  0.4925 | eps 0.050 | elapsed 1459.1s
step   590000 | reward(last100)  0.4073 | eps 0.050 | elapsed 1471.8s
step   595000 | reward(last100)  0.0922 | eps 0.050 | elapsed 1485.9s
step   600000 | reward(last100)  0.1130 | eps 0.050 | elapsed 1500.1s
step   605000 | reward(last100)  0.0246 | eps 0.050 | elapsed 1513.9s
step   610000 | reward(last100)  0.1709 | eps 0.050 | elapsed 1525.2s
step   615000 | reward(last100)  0.0141 | eps 0.050 | elapsed 1535.5s
step   620000 | reward(last100)  0.2860 | eps 0.050 | elapsed 1545.8s
step   625000 | reward(last100)  0.5800 | eps 0.050 | elapsed 1556.2s
step   630000 | reward(last100)  0.7563 | eps 0.050 | elapsed 1566.2s
step   635000 | reward(last100)  0.7528 | eps 0.050 | elapsed 1575.8s
step   640000 | reward(last100)  0.5982 | eps 0.050 | elapsed 1587.7s
step   645000 | reward(last100)  0.6959 | eps 0.050 | elapsed 1600.6s
step   650000 | reward(last100)  0.5641 | eps 0.050 | elapsed 1614.6s
step   655000 | reward(last100)  0.6912 | eps 0.050 | elapsed 1629.9s
step   660000 | reward(last100)  0.5502 | eps 0.050 | elapsed 1645.0s
step   665000 | reward(last100)  0.6565 | eps 0.050 | elapsed 1660.0s
step   670000 | reward(last100)  0.4876 | eps 0.050 | elapsed 1674.9s
step   675000 | reward(last100)  0.6203 | eps 0.050 | elapsed 1689.9s
step   680000 | reward(last100)  0.4796 | eps 0.050 | elapsed 1704.4s
step   685000 | reward(last100)  0.6019 | eps 0.050 | elapsed 1716.3s
step   690000 | reward(last100)  0.4966 | eps 0.050 | elapsed 1727.7s
step   695000 | reward(last100)  0.5616 | eps 0.050 | elapsed 1739.3s
step   700000 | reward(last100)  0.4998 | eps 0.050 | elapsed 1750.3s
step   705000 | reward(last100)  0.6277 | eps 0.050 | elapsed 1764.5s
step   710000 | reward(last100)  0.5894 | eps 0.050 | elapsed 1778.4s
step   715000 | reward(last100)  0.7055 | eps 0.050 | elapsed 1792.5s
step   720000 | reward(last100)  0.7036 | eps 0.050 | elapsed 1807.3s
step   725000 | reward(last100)  0.5283 | eps 0.050 | elapsed 1821.5s
step   730000 | reward(last100)  0.5830 | eps 0.050 | elapsed 1833.5s
step   735000 | reward(last100)  0.4801 | eps 0.050 | elapsed 1844.6s
step   740000 | reward(last100)  0.2289 | eps 0.050 | elapsed 1858.7s
step   745000 | reward(last100)  0.5215 | eps 0.050 | elapsed 1873.3s
step   750000 | reward(last100)  0.5664 | eps 0.050 | elapsed 1886.9s
step   755000 | reward(last100)  0.3788 | eps 0.050 | elapsed 1898.6s
step   760000 | reward(last100)  0.3345 | eps 0.050 | elapsed 1912.4s
step   765000 | reward(last100)  0.5592 | eps 0.050 | elapsed 1926.1s
step   770000 | reward(last100)  0.5961 | eps 0.050 | elapsed 1937.6s
step   775000 | reward(last100)  0.5215 | eps 0.050 | elapsed 1949.4s
step   780000 | reward(last100)  0.2582 | eps 0.050 | elapsed 1961.0s
step   785000 | reward(last100)  0.4363 | eps 0.050 | elapsed 1971.9s
step   790000 | reward(last100)  0.5811 | eps 0.050 | elapsed 1983.0s
step   795000 | reward(last100)  0.4841 | eps 0.050 | elapsed 1993.5s
step   800000 | reward(last100)  0.4581 | eps 0.050 | elapsed 2003.2s
step   805000 | reward(last100)  0.4178 | eps 0.050 | elapsed 2014.1s
step   810000 | reward(last100)  0.2368 | eps 0.050 | elapsed 2024.6s
step   815000 | reward(last100)  0.3888 | eps 0.050 | elapsed 2036.1s
step   820000 | reward(last100)  0.2252 | eps 0.050 | elapsed 2049.2s
step   825000 | reward(last100)  0.4169 | eps 0.050 | elapsed 2062.2s
step   830000 | reward(last100)  0.3224 | eps 0.050 | elapsed 2075.3s
step   835000 | reward(last100)  0.3299 | eps 0.050 | elapsed 2088.4s
step   840000 | reward(last100)  0.4397 | eps 0.050 | elapsed 2101.5s
step   845000 | reward(last100)  0.5879 | eps 0.050 | elapsed 2113.0s
step   850000 | reward(last100)  0.5142 | eps 0.050 | elapsed 2122.8s
step   855000 | reward(last100)  0.5270 | eps 0.050 | elapsed 2134.3s
step   860000 | reward(last100)  0.3080 | eps 0.050 | elapsed 2146.1s
step   865000 | reward(last100)  0.3327 | eps 0.050 | elapsed 2157.4s
step   870000 | reward(last100)  0.2200 | eps 0.050 | elapsed 2167.4s
step   875000 | reward(last100)  0.4132 | eps 0.050 | elapsed 2177.1s
step   880000 | reward(last100)  0.3548 | eps 0.050 | elapsed 2187.5s
step   885000 | reward(last100)  0.3053 | eps 0.050 | elapsed 2198.2s
step   890000 | reward(last100)  0.3673 | eps 0.050 | elapsed 2208.6s
step   895000 | reward(last100)  0.3677 | eps 0.050 | elapsed 2219.1s
step   900000 | reward(last100)  0.3697 | eps 0.050 | elapsed 2230.0s
step   905000 | reward(last100)  0.4678 | eps 0.050 | elapsed 2242.7s
step   910000 | reward(last100)  0.4091 | eps 0.050 | elapsed 2255.3s
step   915000 | reward(last100)  0.4915 | eps 0.050 | elapsed 2267.4s
step   920000 | reward(last100)  0.4823 | eps 0.050 | elapsed 2279.1s
step   925000 | reward(last100)  0.4958 | eps 0.050 | elapsed 2290.8s
step   930000 | reward(last100)  0.3679 | eps 0.050 | elapsed 2302.8s
step   935000 | reward(last100)  0.4172 | eps 0.050 | elapsed 2315.0s
step   940000 | reward(last100)  0.2749 | eps 0.050 | elapsed 2326.8s
step   945000 | reward(last100)  0.2063 | eps 0.050 | elapsed 2338.2s
step   950000 | reward(last100)  0.3623 | eps 0.050 | elapsed 2349.0s
step   955000 | reward(last100)  0.3027 | eps 0.050 | elapsed 2360.7s
step   960000 | reward(last100)  0.3793 | eps 0.050 | elapsed 2371.6s
step   965000 | reward(last100)  0.4304 | eps 0.050 | elapsed 2382.5s
step   970000 | reward(last100)  0.3582 | eps 0.050 | elapsed 2393.4s
step   975000 | reward(last100)  0.3762 | eps 0.050 | elapsed 2404.4s
step   980000 | reward(last100)  0.1944 | eps 0.050 | elapsed 2415.5s
step   985000 | reward(last100)  0.4054 | eps 0.050 | elapsed 2426.6s
step   990000 | reward(last100)  0.3427 | eps 0.050 | elapsed 2439.0s
step   995000 | reward(last100)  0.2284 | eps 0.050 | elapsed 2452.8s
step  1000000 | reward(last100)  0.1884 | eps 0.050 | elapsed 2466.6s
step  1005000 | reward(last100)  0.1913 | eps 0.050 | elapsed 2477.0s
step  1010000 | reward(last100)  0.1117 | eps 0.050 | elapsed 2486.8s
step  1015000 | reward(last100)  0.4283 | eps 0.050 | elapsed 2497.2s
step  1020000 | reward(last100)  0.4471 | eps 0.050 | elapsed 2507.7s
step  1025000 | reward(last100)  0.3218 | eps 0.050 | elapsed 2518.4s
step  1030000 | reward(last100)  0.3432 | eps 0.050 | elapsed 2528.9s
step  1035000 | reward(last100)  0.2269 | eps 0.050 | elapsed 2539.4s
step  1040000 | reward(last100)  0.3022 | eps 0.050 | elapsed 2549.8s
step  1045000 | reward(last100)  0.2716 | eps 0.050 | elapsed 2559.5s
step  1050000 | reward(last100)  0.4699 | eps 0.050 | elapsed 2569.3s
step  1055000 | reward(last100)  0.2086 | eps 0.050 | elapsed 2581.4s
step  1060000 | reward(last100)  0.4027 | eps 0.050 | elapsed 2592.0s
step  1065000 | reward(last100)  0.3648 | eps 0.050 | elapsed 2602.5s
step  1070000 | reward(last100)  0.3914 | eps 0.050 | elapsed 2615.5s
step  1075000 | reward(last100)  0.3584 | eps 0.050 | elapsed 2629.4s
step  1080000 | reward(last100)  0.2270 | eps 0.050 | elapsed 2642.5s
step  1085000 | reward(last100)  0.4756 | eps 0.050 | elapsed 2653.3s
step  1090000 | reward(last100)  0.2162 | eps 0.050 | elapsed 2664.4s
step  1095000 | reward(last100)  0.3371 | eps 0.050 | elapsed 2676.3s
step  1100000 | reward(last100)  0.4061 | eps 0.050 | elapsed 2688.1s
step  1105000 | reward(last100)  0.3124 | eps 0.050 | elapsed 2698.1s
step  1110000 | reward(last100)  0.2737 | eps 0.050 | elapsed 2707.9s
step  1115000 | reward(last100)  0.3582 | eps 0.050 | elapsed 2717.6s
step  1120000 | reward(last100)  0.3592 | eps 0.050 | elapsed 2728.6s
step  1125000 | reward(last100)  0.2159 | eps 0.050 | elapsed 2739.5s
step  1130000 | reward(last100)  0.3489 | eps 0.050 | elapsed 2749.4s
step  1135000 | reward(last100)  0.3095 | eps 0.050 | elapsed 2760.3s
step  1140000 | reward(last100)  0.0750 | eps 0.050 | elapsed 2770.8s
step  1145000 | reward(last100)  0.1270 | eps 0.050 | elapsed 2780.7s
step  1150000 | reward(last100)  0.3150 | eps 0.050 | elapsed 2790.6s
step  1155000 | reward(last100)  0.2858 | eps 0.050 | elapsed 2801.1s
step  1160000 | reward(last100)  0.2680 | eps 0.050 | elapsed 2812.7s
step  1165000 | reward(last100)  0.2553 | eps 0.050 | elapsed 2824.5s
step  1170000 | reward(last100)  0.3920 | eps 0.050 | elapsed 2834.9s
step  1175000 | reward(last100)  0.3768 | eps 0.050 | elapsed 2845.6s
step  1180000 | reward(last100)  0.3397 | eps 0.050 | elapsed 2856.8s
step  1185000 | reward(last100)  0.2933 | eps 0.050 | elapsed 2867.8s
step  1190000 | reward(last100)  0.2621 | eps 0.050 | elapsed 2880.4s
step  1195000 | reward(last100)  0.3340 | eps 0.050 | elapsed 2894.5s
step  1200000 | reward(last100)  0.1871 | eps 0.050 | elapsed 2908.6s
step  1205000 | reward(last100)  0.2065 | eps 0.050 | elapsed 2919.5s
step  1210000 | reward(last100)  0.2701 | eps 0.050 | elapsed 2930.0s
step  1215000 | reward(last100)  0.3097 | eps 0.050 | elapsed 2940.5s
step  1220000 | reward(last100)  0.2101 | eps 0.050 | elapsed 2951.0s
step  1225000 | reward(last100)  0.3533 | eps 0.050 | elapsed 2961.4s
step  1230000 | reward(last100)  0.0603 | eps 0.050 | elapsed 2971.9s
step  1235000 | reward(last100)  0.3467 | eps 0.050 | elapsed 2982.2s
step  1240000 | reward(last100)  0.0823 | eps 0.050 | elapsed 2993.4s
step  1245000 | reward(last100)  0.2394 | eps 0.050 | elapsed 3005.2s
step  1250000 | reward(last100)  0.2628 | eps 0.050 | elapsed 3015.8s
step  1255000 | reward(last100)  0.1743 | eps 0.050 | elapsed 3029.7s
step  1260000 | reward(last100)  0.0608 | eps 0.050 | elapsed 3040.2s
step  1265000 | reward(last100)  0.0997 | eps 0.050 | elapsed 3051.4s
step  1270000 | reward(last100)  0.1168 | eps 0.050 | elapsed 3062.7s
step  1275000 | reward(last100)  0.1191 | eps 0.050 | elapsed 3074.1s
step  1280000 | reward(last100)  0.0997 | eps 0.050 | elapsed 3085.6s
step  1285000 | reward(last100)  0.3108 | eps 0.050 | elapsed 3096.5s
step  1290000 | reward(last100)  0.1328 | eps 0.050 | elapsed 3107.5s
step  1295000 | reward(last100)  0.2258 | eps 0.050 | elapsed 3118.5s
step  1300000 | reward(last100)  0.1251 | eps 0.050 | elapsed 3129.5s
step  1305000 | reward(last100)  0.2705 | eps 0.050 | elapsed 3142.2s
step  1310000 | reward(last100)  0.1080 | eps 0.050 | elapsed 3153.2s
step  1315000 | reward(last100)  0.2933 | eps 0.050 | elapsed 3164.1s
step  1320000 | reward(last100)  0.0458 | eps 0.050 | elapsed 3174.9s
step  1325000 | reward(last100)  0.2996 | eps 0.050 | elapsed 3185.9s
step  1330000 | reward(last100)  0.1100 | eps 0.050 | elapsed 3195.8s
step  1335000 | reward(last100)  0.3327 | eps 0.050 | elapsed 3206.5s
step  1340000 | reward(last100)  0.2533 | eps 0.050 | elapsed 3217.6s
step  1345000 | reward(last100)  0.2181 | eps 0.050 | elapsed 3227.7s
step  1350000 | reward(last100)  0.1864 | eps 0.050 | elapsed 3237.5s
step  1355000 | reward(last100)  0.1714 | eps 0.050 | elapsed 3247.6s
step  1360000 | reward(last100)  0.1332 | eps 0.050 | elapsed 3257.4s
step  1365000 | reward(last100)  0.0127 | eps 0.050 | elapsed 3268.2s
step  1370000 | reward(last100)  0.1554 | eps 0.050 | elapsed 3279.2s
step  1375000 | reward(last100)  0.1411 | eps 0.050 | elapsed 3290.1s
step  1380000 | reward(last100)  0.1050 | eps 0.050 | elapsed 3301.4s
step  1385000 | reward(last100)  0.2541 | eps 0.050 | elapsed 3312.4s
step  1390000 | reward(last100)  0.0169 | eps 0.050 | elapsed 3322.4s
step  1395000 | reward(last100)  0.0035 | eps 0.050 | elapsed 3332.8s
step  1400000 | reward(last100)  0.2837 | eps 0.050 | elapsed 3347.5s
step  1405000 | reward(last100)  0.3093 | eps 0.050 | elapsed 3359.3s
step  1410000 | reward(last100)  0.2537 | eps 0.050 | elapsed 3369.9s
step  1415000 | reward(last100)  0.1980 | eps 0.050 | elapsed 3380.3s
step  1420000 | reward(last100)  0.1045 | eps 0.050 | elapsed 3390.2s
step  1425000 | reward(last100)  0.3400 | eps 0.050 | elapsed 3401.8s
step  1430000 | reward(last100)  0.2020 | eps 0.050 | elapsed 3412.5s
step  1435000 | reward(last100)  0.0914 | eps 0.050 | elapsed 3423.2s
step  1440000 | reward(last100)  0.2687 | eps 0.050 | elapsed 3433.8s
step  1445000 | reward(last100)  0.1236 | eps 0.050 | elapsed 3443.9s
step  1450000 | reward(last100)  0.0357 | eps 0.050 | elapsed 3456.8s
step  1455000 | reward(last100)  0.2775 | eps 0.050 | elapsed 3467.2s
step  1460000 | reward(last100)  0.3126 | eps 0.050 | elapsed 3477.2s
step  1465000 | reward(last100)  0.4419 | eps 0.050 | elapsed 3487.3s
step  1470000 | reward(last100)  0.2305 | eps 0.050 | elapsed 3497.9s
step  1475000 | reward(last100)  0.1115 | eps 0.050 | elapsed 3508.6s
step  1480000 | reward(last100)  0.3033 | eps 0.050 | elapsed 3519.2s
step  1485000 | reward(last100)  0.2284 | eps 0.050 | elapsed 3529.8s
step  1490000 | reward(last100)  0.1845 | eps 0.050 | elapsed 3540.5s
step  1495000 | reward(last100)  0.2894 | eps 0.050 | elapsed 3551.8s
step  1500000 | reward(last100)  0.1982 | eps 0.050 | elapsed 3563.2s
step  1505000 | reward(last100)  0.1061 | eps 0.050 | elapsed 3573.7s
step  1510000 | reward(last100)  0.1208 | eps 0.050 | elapsed 3583.6s
step  1515000 | reward(last100)  0.0724 | eps 0.050 | elapsed 3593.5s
step  1520000 | reward(last100)  0.1612 | eps 0.050 | elapsed 3603.4s
step  1525000 | reward(last100)  0.1873 | eps 0.050 | elapsed 3613.4s
step  1530000 | reward(last100)  0.3244 | eps 0.050 | elapsed 3623.9s
step  1535000 | reward(last100)  0.2243 | eps 0.050 | elapsed 3634.7s
step  1540000 | reward(last100)  0.1719 | eps 0.050 | elapsed 3645.4s
step  1545000 | reward(last100)  0.1691 | eps 0.050 | elapsed 3656.1s
step  1550000 | reward(last100)  0.2489 | eps 0.050 | elapsed 3668.5s
step  1555000 | reward(last100)  0.1996 | eps 0.050 | elapsed 3680.2s
step  1560000 | reward(last100)  0.1039 | eps 0.050 | elapsed 3691.6s
step  1565000 | reward(last100)  0.2429 | eps 0.050 | elapsed 3701.4s
step  1570000 | reward(last100)  0.2487 | eps 0.050 | elapsed 3712.8s
step  1575000 | reward(last100)  0.1322 | eps 0.050 | elapsed 3724.0s
step  1580000 | reward(last100)  0.2953 | eps 0.050 | elapsed 3735.1s
step  1585000 | reward(last100)  0.1581 | eps 0.050 | elapsed 3746.2s
step  1590000 | reward(last100)  0.1198 | eps 0.050 | elapsed 3757.4s
step  1595000 | reward(last100)  0.1921 | eps 0.050 | elapsed 3768.6s
step  1600000 | reward(last100)  0.0818 | eps 0.050 | elapsed 3780.7s
step  1605000 | reward(last100)  0.2012 | eps 0.050 | elapsed 3792.2s
step  1610000 | reward(last100)  0.2383 | eps 0.050 | elapsed 3803.3s
step  1615000 | reward(last100)  0.1537 | eps 0.050 | elapsed 3816.8s
step  1620000 | reward(last100)  0.3075 | eps 0.050 | elapsed 3830.5s
step  1625000 | reward(last100)  0.0541 | eps 0.050 | elapsed 3841.4s
step  1630000 | reward(last100)  0.1518 | eps 0.050 | elapsed 3852.1s
step  1635000 | reward(last100)  0.2874 | eps 0.050 | elapsed 3863.1s
step  1640000 | reward(last100)  0.3976 | eps 0.050 | elapsed 3874.1s
step  1645000 | reward(last100)  0.3103 | eps 0.050 | elapsed 3886.8s
step  1650000 | reward(last100)  0.0592 | eps 0.050 | elapsed 3899.9s
step  1655000 | reward(last100)  0.1631 | eps 0.050 | elapsed 3910.1s
step  1660000 | reward(last100)  0.1211 | eps 0.050 | elapsed 3919.8s
step  1665000 | reward(last100)  0.2314 | eps 0.050 | elapsed 3929.8s
step  1670000 | reward(last100)  0.2994 | eps 0.050 | elapsed 3940.8s
step  1675000 | reward(last100)  0.1429 | eps 0.050 | elapsed 3951.4s
step  1680000 | reward(last100)  0.1444 | eps 0.050 | elapsed 3962.0s
step  1685000 | reward(last100)  0.4202 | eps 0.050 | elapsed 3973.3s
step  1690000 | reward(last100)  0.2128 | eps 0.050 | elapsed 3984.2s
step  1695000 | reward(last100)  0.1438 | eps 0.050 | elapsed 3995.1s
step  1700000 | reward(last100)  0.1667 | eps 0.050 | elapsed 4005.2s
step  1705000 | reward(last100)  0.2242 | eps 0.050 | elapsed 4018.2s
step  1710000 | reward(last100)  0.0769 | eps 0.050 | elapsed 4030.0s
step  1715000 | reward(last100)  0.1537 | eps 0.050 | elapsed 4040.4s
step  1720000 | reward(last100)  0.1273 | eps 0.050 | elapsed 4050.2s
step  1725000 | reward(last100)  0.1678 | eps 0.050 | elapsed 4060.0s
step  1730000 | reward(last100)  0.2933 | eps 0.050 | elapsed 4069.8s
step  1735000 | reward(last100)  0.1598 | eps 0.050 | elapsed 4079.6s
step  1740000 | reward(last100)  0.3615 | eps 0.050 | elapsed 4089.9s
step  1745000 | reward(last100)  0.0816 | eps 0.050 | elapsed 4101.0s
step  1750000 | reward(last100)  0.1598 | eps 0.050 | elapsed 4112.0s
step  1755000 | reward(last100)  0.1658 | eps 0.050 | elapsed 4122.6s
step  1760000 | reward(last100)  0.2989 | eps 0.050 | elapsed 4133.9s
step  1765000 | reward(last100)  0.3214 | eps 0.050 | elapsed 4145.5s
step  1770000 | reward(last100)  0.0405 | eps 0.050 | elapsed 4159.4s
step  1775000 | reward(last100)  0.2777 | eps 0.050 | elapsed 4173.5s
step  1780000 | reward(last100)  0.1080 | eps 0.050 | elapsed 4187.3s
step  1785000 | reward(last100)  0.2502 | eps 0.050 | elapsed 4201.0s
step  1790000 | reward(last100)  0.1032 | eps 0.050 | elapsed 4212.7s
step  1795000 | reward(last100)  0.1596 | eps 0.050 | elapsed 4224.1s
step  1800000 | reward(last100)  0.2266 | eps 0.050 | elapsed 4237.0s
step  1805000 | reward(last100)  0.0553 | eps 0.050 | elapsed 4247.2s
step  1810000 | reward(last100)  0.2553 | eps 0.050 | elapsed 4257.1s
step  1815000 | reward(last100)  0.3211 | eps 0.050 | elapsed 4267.0s
step  1820000 | reward(last100)  0.0850 | eps 0.050 | elapsed 4276.9s
step  1825000 | reward(last100)  0.2383 | eps 0.050 | elapsed 4286.8s
step  1830000 | reward(last100)  0.5546 | eps 0.050 | elapsed 4296.6s
step  1835000 | reward(last100)  0.2110 | eps 0.050 | elapsed 4306.4s
step  1840000 | reward(last100)  0.2356 | eps 0.050 | elapsed 4316.3s
step  1845000 | reward(last100)  0.3006 | eps 0.050 | elapsed 4326.1s
step  1850000 | reward(last100)  0.3648 | eps 0.050 | elapsed 4335.9s
step  1855000 | reward(last100)  0.2313 | eps 0.050 | elapsed 4350.7s
step  1860000 | reward(last100)  0.0483 | eps 0.050 | elapsed 4364.7s
step  1865000 | reward(last100)  0.1052 | eps 0.050 | elapsed 4378.4s
step  1870000 | reward(last100)  0.0721 | eps 0.050 | elapsed 4391.7s
step  1875000 | reward(last100)  0.4392 | eps 0.050 | elapsed 4405.6s
step  1880000 | reward(last100)  0.3229 | eps 0.050 | elapsed 4417.6s
step  1885000 | reward(last100)  0.3099 | eps 0.050 | elapsed 4427.7s
step  1890000 | reward(last100)  0.4907 | eps 0.050 | elapsed 4437.6s
step  1895000 | reward(last100)  0.4478 | eps 0.050 | elapsed 4447.5s
step  1900000 | reward(last100)  0.3478 | eps 0.050 | elapsed 4457.4s
step  1905000 | reward(last100)  0.3891 | eps 0.050 | elapsed 4467.6s
step  1910000 | reward(last100)  0.2621 | eps 0.050 | elapsed 4477.4s
step  1915000 | reward(last100)  0.4066 | eps 0.050 | elapsed 4487.2s
step  1920000 | reward(last100)  0.3700 | eps 0.050 | elapsed 4497.0s
step  1925000 | reward(last100)  0.4138 | eps 0.050 | elapsed 4506.9s
step  1930000 | reward(last100)  0.0942 | eps 0.050 | elapsed 4516.7s
step  1935000 | reward(last100)  0.3127 | eps 0.050 | elapsed 4526.5s
step  1940000 | reward(last100)  0.3362 | eps 0.050 | elapsed 4536.3s
step  1945000 | reward(last100)  0.4175 | eps 0.050 | elapsed 4546.3s
step  1950000 | reward(last100)  0.2609 | eps 0.050 | elapsed 4556.9s
step  1955000 | reward(last100)  0.2795 | eps 0.050 | elapsed 4567.8s
step  1960000 | reward(last100)  0.3609 | eps 0.050 | elapsed 4577.7s
step  1965000 | reward(last100)  0.3690 | eps 0.050 | elapsed 4587.7s
step  1970000 | reward(last100)  0.3093 | eps 0.050 | elapsed 4597.6s
step  1975000 | reward(last100)  0.4137 | eps 0.050 | elapsed 4607.6s
step  1980000 | reward(last100)  0.3718 | eps 0.050 | elapsed 4618.3s
step  1985000 | reward(last100)  0.3071 | eps 0.050 | elapsed 4628.9s
step  1990000 | reward(last100)  0.1465 | eps 0.050 | elapsed 4641.1s
step  1995000 | reward(last100)  0.2580 | eps 0.050 | elapsed 4654.0s
step  2000000 | reward(last100)  0.3042 | eps 0.050 | elapsed 4666.9s
step  2005000 | reward(last100)  0.3540 | eps 0.050 | elapsed 4680.2s
step  2010000 | reward(last100)  0.3208 | eps 0.050 | elapsed 4693.1s
step  2015000 | reward(last100)  0.3065 | eps 0.050 | elapsed 4705.9s
step  2020000 | reward(last100)  0.3434 | eps 0.050 | elapsed 4718.8s
step  2025000 | reward(last100)  0.2029 | eps 0.050 | elapsed 4731.6s
step  2030000 | reward(last100)  0.3562 | eps 0.050 | elapsed 4743.1s
step  2035000 | reward(last100)  0.3445 | eps 0.050 | elapsed 4753.0s
step  2040000 | reward(last100)  0.4296 | eps 0.050 | elapsed 4762.8s
step  2045000 | reward(last100)  0.2725 | eps 0.050 | elapsed 4772.7s
step  2050000 | reward(last100)  0.4537 | eps 0.050 | elapsed 4782.5s
step  2055000 | reward(last100)  0.3238 | eps 0.050 | elapsed 4792.7s
step  2060000 | reward(last100)  0.3907 | eps 0.050 | elapsed 4802.6s
step  2065000 | reward(last100)  0.2803 | eps 0.050 | elapsed 4812.5s
step  2070000 | reward(last100)  0.2354 | eps 0.050 | elapsed 4822.3s
step  2075000 | reward(last100)  0.1720 | eps 0.050 | elapsed 4832.1s
step  2080000 | reward(last100)  0.2173 | eps 0.050 | elapsed 4842.2s
step  2085000 | reward(last100)  0.2979 | eps 0.050 | elapsed 4852.8s
step  2090000 | reward(last100)  0.2453 | eps 0.050 | elapsed 4863.1s
step  2095000 | reward(last100)  0.2848 | eps 0.050 | elapsed 4873.6s
step  2100000 | reward(last100)  0.1408 | eps 0.050 | elapsed 4884.2s
step  2105000 | reward(last100)  0.2447 | eps 0.050 | elapsed 4895.1s
step  2110000 | reward(last100)  0.1240 | eps 0.050 | elapsed 4905.7s
step  2115000 | reward(last100)  0.2969 | eps 0.050 | elapsed 4915.7s
step  2120000 | reward(last100)  0.2832 | eps 0.050 | elapsed 4925.6s
step  2125000 | reward(last100)  0.2296 | eps 0.050 | elapsed 4935.5s
step  2130000 | reward(last100)  0.2515 | eps 0.050 | elapsed 4945.4s
step  2135000 | reward(last100)  0.3063 | eps 0.050 | elapsed 4956.4s
step  2140000 | reward(last100)  0.2390 | eps 0.050 | elapsed 4967.8s
step  2145000 | reward(last100)  0.2560 | eps 0.050 | elapsed 4979.2s
step  2150000 | reward(last100)  0.0659 | eps 0.050 | elapsed 4990.5s
step  2155000 | reward(last100)  0.3010 | eps 0.050 | elapsed 5004.5s
step  2160000 | reward(last100)  0.1840 | eps 0.050 | elapsed 5017.7s
step  2165000 | reward(last100)  0.2391 | eps 0.050 | elapsed 5030.7s
step  2170000 | reward(last100)  0.2068 | eps 0.050 | elapsed 5043.8s
step  2175000 | reward(last100)  0.1575 | eps 0.050 | elapsed 5056.8s
step  2180000 | reward(last100)  0.4026 | eps 0.050 | elapsed 5069.9s
step  2185000 | reward(last100)  0.2773 | eps 0.050 | elapsed 5082.9s
step  2190000 | reward(last100)  0.3693 | eps 0.050 | elapsed 5096.0s
step  2195000 | reward(last100)  0.2802 | eps 0.050 | elapsed 5109.1s
step  2200000 | reward(last100)  0.3217 | eps 0.050 | elapsed 5119.4s
step  2205000 | reward(last100)  0.3549 | eps 0.050 | elapsed 5133.6s
step  2210000 | reward(last100)  0.2326 | eps 0.050 | elapsed 5146.8s
step  2215000 | reward(last100)  0.1752 | eps 0.050 | elapsed 5156.6s
step  2220000 | reward(last100)  0.2246 | eps 0.050 | elapsed 5166.4s
step  2225000 | reward(last100)  0.3079 | eps 0.050 | elapsed 5176.3s
step  2230000 | reward(last100)  0.2795 | eps 0.050 | elapsed 5186.1s
step  2235000 | reward(last100)  0.2155 | eps 0.050 | elapsed 5197.0s
step  2240000 | reward(last100)  0.4060 | eps 0.050 | elapsed 5208.1s
step  2245000 | reward(last100)  0.3704 | eps 0.050 | elapsed 5219.3s
step  2250000 | reward(last100)  0.2349 | eps 0.050 | elapsed 5230.4s
step  2255000 | reward(last100)  0.3952 | eps 0.050 | elapsed 5241.4s
step  2260000 | reward(last100)  0.3190 | eps 0.050 | elapsed 5252.0s
step  2265000 | reward(last100)  0.3806 | eps 0.050 | elapsed 5262.7s
step  2270000 | reward(last100)  0.2115 | eps 0.050 | elapsed 5273.3s
step  2275000 | reward(last100)  0.3161 | eps 0.050 | elapsed 5283.9s
step  2280000 | reward(last100)  0.0930 | eps 0.050 | elapsed 5294.6s
step  2285000 | reward(last100)  0.3544 | eps 0.050 | elapsed 5305.2s
step  2290000 | reward(last100)  0.2940 | eps 0.050 | elapsed 5315.9s
step  2295000 | reward(last100)  0.3945 | eps 0.050 | elapsed 5327.1s
step  2300000 | reward(last100)  0.3881 | eps 0.050 | elapsed 5339.9s
step  2305000 | reward(last100)  0.3233 | eps 0.050 | elapsed 5353.9s
step  2310000 | reward(last100)  0.3136 | eps 0.050 | elapsed 5366.8s
step  2315000 | reward(last100)  0.3476 | eps 0.050 | elapsed 5379.6s
step  2320000 | reward(last100)  0.2709 | eps 0.050 | elapsed 5392.4s
step  2325000 | reward(last100)  0.2875 | eps 0.050 | elapsed 5402.9s
step  2330000 | reward(last100)  0.3139 | eps 0.050 | elapsed 5412.7s
step  2335000 | reward(last100)  0.1570 | eps 0.050 | elapsed 5422.6s
step  2340000 | reward(last100)  0.2505 | eps 0.050 | elapsed 5432.5s
step  2345000 | reward(last100)  0.2878 | eps 0.050 | elapsed 5442.4s
step  2350000 | reward(last100)  0.3616 | eps 0.050 | elapsed 5452.3s
step  2355000 | reward(last100)  0.3881 | eps 0.050 | elapsed 5462.5s
step  2360000 | reward(last100)  0.3032 | eps 0.050 | elapsed 5472.4s
step  2365000 | reward(last100)  0.3541 | eps 0.050 | elapsed 5482.2s
step  2370000 | reward(last100)  0.2265 | eps 0.050 | elapsed 5492.1s
step  2375000 | reward(last100)  0.3558 | eps 0.050 | elapsed 5502.1s
step  2380000 | reward(last100)  0.3190 | eps 0.050 | elapsed 5512.0s
step  2385000 | reward(last100)  0.3659 | eps 0.050 | elapsed 5521.9s
step  2390000 | reward(last100)  0.2330 | eps 0.050 | elapsed 5531.8s
step  2395000 | reward(last100)  0.2843 | eps 0.050 | elapsed 5541.7s
step  2400000 | reward(last100)  0.2805 | eps 0.050 | elapsed 5551.8s
step  2405000 | reward(last100)  0.2050 | eps 0.050 | elapsed 5563.2s
step  2410000 | reward(last100)  0.3852 | eps 0.050 | elapsed 5574.4s
step  2415000 | reward(last100)  0.1771 | eps 0.050 | elapsed 5585.5s
step  2420000 | reward(last100)  0.1975 | eps 0.050 | elapsed 5596.7s
step  2425000 | reward(last100)  0.3461 | eps 0.050 | elapsed 5607.9s
step  2430000 | reward(last100)  0.3782 | eps 0.050 | elapsed 5619.0s
step  2435000 | reward(last100)  0.2246 | eps 0.050 | elapsed 5630.3s
step  2440000 | reward(last100)  0.2187 | eps 0.050 | elapsed 5641.4s
step  2445000 | reward(last100)  0.3275 | eps 0.050 | elapsed 5652.5s
step  2450000 | reward(last100)  0.2721 | eps 0.050 | elapsed 5663.5s
step  2455000 | reward(last100)  0.1813 | eps 0.050 | elapsed 5674.6s
step  2460000 | reward(last100)  0.4160 | eps 0.050 | elapsed 5685.5s
step  2465000 | reward(last100)  0.3431 | eps 0.050 | elapsed 5697.9s
step  2470000 | reward(last100)  0.3622 | eps 0.050 | elapsed 5711.3s
step  2475000 | reward(last100)  0.1953 | eps 0.050 | elapsed 5724.7s
step  2480000 | reward(last100)  0.2263 | eps 0.050 | elapsed 5737.9s
step  2485000 | reward(last100)  0.2331 | eps 0.050 | elapsed 5751.5s
step  2490000 | reward(last100)  0.1172 | eps 0.050 | elapsed 5765.2s
step  2495000 | reward(last100)  0.3673 | eps 0.050 | elapsed 5777.9s
step  2500000 | reward(last100)  0.1285 | eps 0.050 | elapsed 5787.8s
step  2505000 | reward(last100)  0.2363 | eps 0.050 | elapsed 5799.3s
step  2510000 | reward(last100)  0.3048 | eps 0.050 | elapsed 5810.5s
step  2515000 | reward(last100)  0.3212 | eps 0.050 | elapsed 5821.7s
step  2520000 | reward(last100)  0.3426 | eps 0.050 | elapsed 5831.7s
step  2525000 | reward(last100)  0.1905 | eps 0.050 | elapsed 5842.6s
step  2530000 | reward(last100)  0.3261 | eps 0.050 | elapsed 5855.7s
step  2535000 | reward(last100)  0.3314 | eps 0.050 | elapsed 5868.6s
step  2540000 | reward(last100)  0.3289 | eps 0.050 | elapsed 5881.5s
step  2545000 | reward(last100)  0.0374 | eps 0.050 | elapsed 5894.3s
step  2550000 | reward(last100)  0.2470 | eps 0.050 | elapsed 5907.2s
step  2555000 | reward(last100)  0.3300 | eps 0.050 | elapsed 5918.3s
step  2560000 | reward(last100)  0.3746 | eps 0.050 | elapsed 5928.3s
step  2565000 | reward(last100)  0.3791 | eps 0.050 | elapsed 5941.1s
step  2570000 | reward(last100)  0.2904 | eps 0.050 | elapsed 5955.8s
step  2575000 | reward(last100)  0.2179 | eps 0.050 | elapsed 5970.0s
step  2580000 | reward(last100)  0.2608 | eps 0.050 | elapsed 5984.3s
step  2585000 | reward(last100)  0.2555 | eps 0.050 | elapsed 5998.1s
step  2590000 | reward(last100)  0.1668 | eps 0.050 | elapsed 6012.2s
step  2595000 | reward(last100)  0.3665 | eps 0.050 | elapsed 6026.1s
step  2600000 | reward(last100)  0.3071 | eps 0.050 | elapsed 6038.1s
step  2605000 | reward(last100)  0.3250 | eps 0.050 | elapsed 6052.4s
step  2610000 | reward(last100)  0.2882 | eps 0.050 | elapsed 6065.9s
step  2615000 | reward(last100)  0.2827 | eps 0.050 | elapsed 6078.9s
step  2620000 | reward(last100)  0.4529 | eps 0.050 | elapsed 6091.9s
step  2625000 | reward(last100)  0.4950 | eps 0.050 | elapsed 6104.9s
step  2630000 | reward(last100)  0.1762 | eps 0.050 | elapsed 6117.9s
step  2635000 | reward(last100)  0.5017 | eps 0.050 | elapsed 6130.9s
step  2640000 | reward(last100)  0.3364 | eps 0.050 | elapsed 6143.9s
step  2645000 | reward(last100)  0.4185 | eps 0.050 | elapsed 6156.9s
step  2650000 | reward(last100)  0.3301 | eps 0.050 | elapsed 6170.0s
step  2655000 | reward(last100)  0.2127 | eps 0.050 | elapsed 6181.0s
step  2660000 | reward(last100)  0.2724 | eps 0.050 | elapsed 6190.7s
step  2665000 | reward(last100)  0.3426 | eps 0.050 | elapsed 6200.6s
step  2670000 | reward(last100)  0.3696 | eps 0.050 | elapsed 6210.5s
step  2675000 | reward(last100)  0.3749 | eps 0.050 | elapsed 6220.4s
step  2680000 | reward(last100)  0.2417 | eps 0.050 | elapsed 6230.3s
step  2685000 | reward(last100)  0.4933 | eps 0.050 | elapsed 6241.0s
step  2690000 | reward(last100)  0.3844 | eps 0.050 | elapsed 6250.9s
step  2695000 | reward(last100)  0.2654 | eps 0.050 | elapsed 6262.3s
step  2700000 | reward(last100)  0.3561 | eps 0.050 | elapsed 6275.7s
step  2705000 | reward(last100)  0.2802 | eps 0.050 | elapsed 6286.0s
step  2710000 | reward(last100)  0.2932 | eps 0.050 | elapsed 6296.0s
step  2715000 | reward(last100)  0.3801 | eps 0.050 | elapsed 6306.0s
step  2720000 | reward(last100)  0.3639 | eps 0.050 | elapsed 6317.0s
step  2725000 | reward(last100)  0.3928 | eps 0.050 | elapsed 6327.9s
step  2730000 | reward(last100)  0.3127 | eps 0.050 | elapsed 6339.2s
step  2735000 | reward(last100)  0.3538 | eps 0.050 | elapsed 6350.8s
step  2740000 | reward(last100)  0.1973 | eps 0.050 | elapsed 6362.3s
step  2745000 | reward(last100)  0.2183 | eps 0.050 | elapsed 6373.8s
step  2750000 | reward(last100)  0.2806 | eps 0.050 | elapsed 6384.9s
step  2755000 | reward(last100)  0.4122 | eps 0.050 | elapsed 6396.9s
step  2760000 | reward(last100)  0.2405 | eps 0.050 | elapsed 6408.0s
step  2765000 | reward(last100)  0.2632 | eps 0.050 | elapsed 6418.8s
step  2770000 | reward(last100)  0.4283 | eps 0.050 | elapsed 6429.7s
step  2775000 | reward(last100)  0.3930 | eps 0.050 | elapsed 6440.5s
step  2780000 | reward(last100)  0.3535 | eps 0.050 | elapsed 6451.6s
step  2785000 | reward(last100)  0.3383 | eps 0.050 | elapsed 6461.9s
step  2790000 | reward(last100)  0.0848 | eps 0.050 | elapsed 6471.9s
step  2795000 | reward(last100)  0.4577 | eps 0.050 | elapsed 6481.9s
step  2800000 | reward(last100)  0.3139 | eps 0.050 | elapsed 6491.9s
step  2805000 | reward(last100)  0.2724 | eps 0.050 | elapsed 6504.4s
step  2810000 | reward(last100)  0.3150 | eps 0.050 | elapsed 6515.0s
step  2815000 | reward(last100)  0.2791 | eps 0.050 | elapsed 6525.1s
step  2820000 | reward(last100)  0.4367 | eps 0.050 | elapsed 6535.1s
step  2825000 | reward(last100)  0.3306 | eps 0.050 | elapsed 6545.1s
step  2830000 | reward(last100)  0.1439 | eps 0.050 | elapsed 6555.1s
step  2835000 | reward(last100)  0.2889 | eps 0.050 | elapsed 6565.1s
step  2840000 | reward(last100)  0.4960 | eps 0.050 | elapsed 6575.1s
step  2845000 | reward(last100)  0.3341 | eps 0.050 | elapsed 6585.1s
step  2850000 | reward(last100)  0.3317 | eps 0.050 | elapsed 6595.2s
step  2855000 | reward(last100)  0.3581 | eps 0.050 | elapsed 6606.7s
step  2860000 | reward(last100)  0.3182 | eps 0.050 | elapsed 6617.9s
step  2865000 | reward(last100)  0.2826 | eps 0.050 | elapsed 6629.1s
step  2870000 | reward(last100)  0.3787 | eps 0.050 | elapsed 6640.3s
step  2875000 | reward(last100)  0.4045 | eps 0.050 | elapsed 6651.5s
step  2880000 | reward(last100)  0.1966 | eps 0.050 | elapsed 6662.6s
step  2885000 | reward(last100)  0.2158 | eps 0.050 | elapsed 6673.6s
step  2890000 | reward(last100)  0.2978 | eps 0.050 | elapsed 6683.6s
step  2895000 | reward(last100)  0.3361 | eps 0.050 | elapsed 6693.6s
step  2900000 | reward(last100)  0.3127 | eps 0.050 | elapsed 6703.6s
step  2905000 | reward(last100)  0.3939 | eps 0.050 | elapsed 6714.8s
step  2910000 | reward(last100)  0.3295 | eps 0.050 | elapsed 6724.8s
step  2915000 | reward(last100)  0.4042 | eps 0.050 | elapsed 6734.8s
step  2920000 | reward(last100)  0.2169 | eps 0.050 | elapsed 6744.9s
step  2925000 | reward(last100)  0.4013 | eps 0.050 | elapsed 6754.9s
step  2930000 | reward(last100)  0.3274 | eps 0.050 | elapsed 6764.9s
step  2935000 | reward(last100)  0.3677 | eps 0.050 | elapsed 6775.0s
step  2940000 | reward(last100)  0.3664 | eps 0.050 | elapsed 6785.0s
step  2945000 | reward(last100)  0.3536 | eps 0.050 | elapsed 6794.9s
step  2950000 | reward(last100)  0.2533 | eps 0.050 | elapsed 6804.9s
step  2955000 | reward(last100)  0.3307 | eps 0.050 | elapsed 6815.1s
step  2960000 | reward(last100)  0.3166 | eps 0.050 | elapsed 6825.0s
step  2965000 | reward(last100)  0.3973 | eps 0.050 | elapsed 6834.9s
step  2970000 | reward(last100)  0.1760 | eps 0.050 | elapsed 6844.8s
step  2975000 | reward(last100)  0.2044 | eps 0.050 | elapsed 6854.6s
step  2980000 | reward(last100)  0.2990 | eps 0.050 | elapsed 6865.5s
step  2985000 | reward(last100)  0.3180 | eps 0.050 | elapsed 6876.7s
step  2990000 | reward(last100)  0.3596 | eps 0.050 | elapsed 6887.8s
step  2995000 | reward(last100)  0.3864 | eps 0.050 | elapsed 6898.9s
step  3000000 | reward(last100)  0.3023 | eps 0.050 | elapsed 6910.3s
