step     5000 | reward(last100)  0.0037 | sigma 0.0309 | elapsed    4.7s
step    10000 | reward(last100)  0.0000 | sigma 0.0309 | elapsed    9.0s
step    15000 | reward(last100)  0.0351 | sigma 0.0299 | elapsed   28.4s
step    20000 | reward(last100)  0.0526 | sigma 0.0285 | elapsed   47.3s
step    25000 | reward(last100)  0.0999 | sigma 0.0272 | elapsed   65.6s
step    30000 | reward(last100)  0.1331 | sigma 0.0265 | elapsed   83.5s
step    35000 | reward(last100)  0.2042 | sigma 0.0261 | elapsed  101.6s
step    40000 | reward(last100)  0.1149 | sigma 0.0257 | elapsed  124.1s
step    45000 | reward(last100)  0.1396 | sigma 0.0254 | elapsed  146.7s
step    50000 | reward(last100)  0.0937 | sigma 0.0252 | elapsed  168.4s
step    55000 | reward(last100)  0.0293 | sigma 0.0249 | elapsed  189.3s
step    60000 | reward(last100)  0.0972 | sigma 0.0247 | elapsed  208.8s
step    65000 | reward(last100)  0.0644 | sigma 0.0246 | elapsed  227.2s
step    70000 | reward(last100)  0.0220 | sigma 0.0245 | elapsed  244.4s
step    75000 | reward(last100)  0.0094 | sigma 0.0244 | elapsed  264.9s
step    80000 | reward(last100)  0.0160 | sigma 0.0243 | elapsed  286.0s
step    85000 | reward(last100)  0.1187 | sigma 0.0242 | elapsed  306.9s
step    90000 | reward(last100)  0.0662 | sigma 0.0242 | elapsed  323.9s
step    95000 | reward(last100)  0.0696 | sigma 0.0241 | elapsed  345.5s
step   100000 | reward(last100)  0.0759 | sigma 0.0241 | elapsed  366.8s
step   105000 | reward(last100)  0.0689 | sigma 0.0241 | elapsed  382.8s
step   110000 | reward(last100)  0.0651 | sigma 0.0240 | elapsed  400.7s
step   115000 | reward(last100)  0.0858 | sigma 0.0240 | elapsed  423.1s
step   120000 | reward(last100)  0.0497 | sigma 0.0240 | elapsed  440.6s
step   125000 | reward(last100)  0.1051 | sigma 0.0239 | elapsed  463.0s
step   130000 | reward(last100)  0.1270 | sigma 0.0239 | elapsed  483.9s
step   135000 | reward(last100)  0.0926 | sigma 0.0239 | elapsed  505.2s
step   140000 | reward(last100)  0.0741 | sigma 0.0238 | elapsed  526.7s
step   145000 | reward(last100)  0.0647 | sigma 0.0238 | elapsed  545.1s
step   150000 | reward(last100)  0.0875 | sigma 0.0238 | elapsed  567.2s
step   155000 | reward(last100)  0.1049 | sigma 0.0238 | elapsed  588.1s
step   160000 | reward(last100)  0.1200 | sigma 0.0237 | elapsed  609.8s
step   165000 | reward(last100)  0.2134 | sigma 0.0237 | elapsed  631.4s
step   170000 | reward(last100)  0.2439 | sigma 0.0237 | elapsed  652.8s
step   175000 | reward(last100)  0.2146 | sigma 0.0236 | elapsed  674.1s
step   180000 | reward(last100)  0.2064 | sigma 0.0237 | elapsed  695.4s
step   185000 | reward(last100)  0.1803 | sigma 0.0236 | elapsed  716.4s
step   190000 | reward(last100)  0.1833 | sigma 0.0236 | elapsed  737.4s
step   195000 | reward(last100)  0.2770 | sigma 0.0236 | elapsed  757.3s
step   200000 | reward(last100)  0.1826 | sigma 0.0236 | elapsed  778.2s
step   205000 | reward(last100)  0.1829 | sigma 0.0236 | elapsed  797.1s
step   210000 | reward(last100)  0.0484 | sigma 0.0236 | elapsed  814.6s
step   215000 | reward(last100)  0.1354 | sigma 0.0235 | elapsed  831.8s
step   220000 | reward(last100)  0.1250 | sigma 0.0235 | elapsed  849.1s
step   225000 | reward(last100)  0.2156 | sigma 0.0235 | elapsed  871.8s
step   230000 | reward(last100)  0.1832 | sigma 0.0235 | elapsed  894.5s
step   235000 | reward(last100)  0.0737 | sigma 0.0235 | elapsed  916.8s
step   240000 | reward(last100)  0.2215 | sigma 0.0235 | elapsed  933.5s
step   245000 | reward(last100)  0.1973 | sigma 0.0234 | elapsed  953.8s
step   250000 | reward(last100)  0.1557 | sigma 0.0235 | elapsed  974.2s
step   255000 | reward(last100)  0.1789 | sigma 0.0235 | elapsed  992.2s
step   260000 | reward(last100)  0.1215 | sigma 0.0235 | elapsed 1010.9s
step   265000 | reward(last100)  0.1982 | sigma 0.0235 | elapsed 1030.9s
step   270000 | reward(last100)  0.1492 | sigma 0.0235 | elapsed 1053.0s
step   275000 | reward(last100)  0.1516 | sigma 0.0235 | elapsed 1074.6s
step   280000 | reward(last100)  0.1411 | sigma 0.0235 | elapsed 1092.2s
step   285000 | reward(last100)  0.1961 | sigma 0.0235 | elapsed 1110.1s
step   290000 | reward(last100)  0.1590 | sigma 0.0235 | elapsed 1126.8s
step   295000 | reward(last100)  0.0557 | sigma 0.0235 | elapsed 1145.5s
step   300000 | reward(last100)  0.0991 | sigma 0.0234 | elapsed 1166.8s
step   305000 | reward(last100)  0.1018 | sigma 0.0235 | elapsed 1184.1s
step   310000 | reward(last100)  0.0244 | sigma 0.0235 | elapsed 1201.4s
step   315000 | reward(last100)  0.1397 | sigma 0.0235 | elapsed 1222.7s
step   320000 | reward(last100)  0.1146 | sigma 0.0235 | elapsed 1240.8s
step   325000 | reward(last100)  0.1782 | sigma 0.0235 | elapsed 1263.3s
step   330000 | reward(last100)  0.1863 | sigma 0.0235 | elapsed 1287.0s
step   335000 | reward(last100)  0.1269 | sigma 0.0234 | elapsed 1310.2s
step   340000 | reward(last100)  0.1583 | sigma 0.0235 | elapsed 1333.5s
step   345000 | reward(last100)  0.2160 | sigma 0.0235 | elapsed 1353.4s
step   350000 | reward(last100)  0.1004 | sigma 0.0234 | elapsed 1374.7s
step   355000 | reward(last100)  0.1951 | sigma 0.0234 | elapsed 1395.7s
step   360000 | reward(last100)  0.1684 | sigma 0.0234 | elapsed 1415.4s
step   365000 | reward(last100)  0.1171 | sigma 0.0234 | elapsed 1435.4s
step   370000 | reward(last100)  0.1448 | sigma 0.0234 | elapsed 1454.8s
step   375000 | reward(last100)  0.1978 | sigma 0.0234 | elapsed 1477.1s
step   380000 | reward(last100)  0.1959 | sigma 0.0234 | elapsed 1499.2s
step   385000 | reward(last100)  0.2246 | sigma 0.0234 | elapsed 1521.3s
step   390000 | reward(last100)  0.2353 | sigma 0.0234 | elapsed 1543.4s
step   395000 | reward(last100)  0.1173 | sigma 0.0234 | elapsed 1565.8s
step   400000 | reward(last100)  0.1757 | sigma 0.0234 | elapsed 1586.8s
step   405000 | reward(last100)  0.2510 | sigma 0.0234 | elapsed 1606.0s
step   410000 | reward(last100)  0.1587 | sigma 0.0234 | elapsed 1625.9s
step   415000 | reward(last100)  0.1742 | sigma 0.0234 | elapsed 1643.9s
step   420000 | reward(last100)  0.2644 | sigma 0.0234 | elapsed 1667.2s
step   425000 | reward(last100)  0.1402 | sigma 0.0234 | elapsed 1691.0s
step   430000 | reward(last100)  0.1349 | sigma 0.0234 | elapsed 1708.2s
step   435000 | reward(last100)  0.2210 | sigma 0.0234 | elapsed 1725.0s
step   440000 | reward(last100)  0.1742 | sigma 0.0234 | elapsed 1743.2s
step   445000 | reward(last100)  0.1813 | sigma 0.0234 | elapsed 1762.6s
step   450000 | reward(last100)  0.1778 | sigma 0.0234 | elapsed 1781.4s
step   455000 | reward(last100)  0.1689 | sigma 0.0234 | elapsed 1799.5s
step   460000 | reward(last100)  0.1309 | sigma 0.0234 | elapsed 1820.1s
step   465000 | reward(last100)  0.1008 | sigma 0.0234 | elapsed 1843.7s
step   470000 | reward(last100)  0.0874 | sigma 0.0234 | elapsed 1868.2s
step   475000 | reward(last100)  0.1785 | sigma 0.0234 | elapsed 1894.4s
step   480000 | reward(last100)  0.1497 | sigma 0.0234 | elapsed 1919.9s
step   485000 | reward(last100)  0.1678 | sigma 0.0234 | elapsed 1938.4s
step   490000 | reward(last100)  0.1303 | sigma 0.0234 | elapsed 1955.5s
step   495000 | reward(last100)  0.1565 | sigma 0.0234 | elapsed 1972.3s
step   500000 | reward(last100)  0.2009 | sigma 0.0234 | elapsed 1991.6s
step   505000 | reward(last100)  0.1670 | sigma 0.0234 | elapsed 2010.1s
step   510000 | reward(last100)  0.2362 | sigma 0.0234 | elapsed 2031.8s
step   515000 | reward(last100)  0.1933 | sigma 0.0234 | elapsed 2051.5s
step   520000 | reward(last100)  0.1552 | sigma 0.0234 | elapsed 2072.8s
step   525000 | reward(last100)  0.1281 | sigma 0.0234 | elapsed 2090.4s
step   530000 | reward(last100)  0.0907 | sigma 0.0234 | elapsed 2107.3s
step   535000 | reward(last100)  0.0895 | sigma 0.0234 | elapsed 2123.7s
step   540000 | reward(last100)  0.1548 | sigma 0.0234 | elapsed 2140.2s
step   545000 | reward(last100)  0.1433 | sigma 0.0234 | elapsed 2156.8s
step   550000 | reward(last100)  0.1511 | sigma 0.0234 | elapsed 2173.2s
step   555000 | reward(last100)  0.1447 | sigma 0.0234 | elapsed 2190.3s
step   560000 | reward(last100)  0.1263 | sigma 0.0234 | elapsed 2207.3s
step   565000 | reward(last100)  0.1107 | sigma 0.0234 | elapsed 2223.9s
step   570000 | reward(last100)  0.1430 | sigma 0.0234 | elapsed 2240.6s
step   575000 | reward(last100)  0.2103 | sigma 0.0234 | elapsed 2258.9s
step   580000 | reward(last100)  0.2053 | sigma 0.0234 | elapsed 2280.6s
step   585000 | reward(last100)  0.1711 | sigma 0.0234 | elapsed 2302.2s
step   590000 | reward(last100)  0.1878 | sigma 0.0235 | elapsed 2324.0s
step   595000 | reward(last100)  0.1549 | sigma 0.0234 | elapsed 2343.0s
step   600000 | reward(last100)  0.1779 | sigma 0.0234 | elapsed 2361.2s
step   605000 | reward(last100)  0.1788 | sigma 0.0234 | elapsed 2378.6s
step   610000 | reward(last100)  0.1870 | sigma 0.0235 | elapsed 2401.0s
step   615000 | reward(last100)  0.1419 | sigma 0.0235 | elapsed 2424.4s
step   620000 | reward(last100)  0.2371 | sigma 0.0235 | elapsed 2447.8s
step   625000 | reward(last100)  0.1787 | sigma 0.0235 | elapsed 2471.7s
step   630000 | reward(last100)  0.2872 | sigma 0.0235 | elapsed 2495.4s
step   635000 | reward(last100)  0.1831 | sigma 0.0234 | elapsed 2518.3s
step   640000 | reward(last100)  0.2636 | sigma 0.0234 | elapsed 2536.9s
step   645000 | reward(last100)  0.2681 | sigma 0.0234 | elapsed 2556.3s
step   650000 | reward(last100)  0.1316 | sigma 0.0235 | elapsed 2574.7s
step   655000 | reward(last100)  0.2398 | sigma 0.0235 | elapsed 2592.7s
step   660000 | reward(last100)  0.1894 | sigma 0.0234 | elapsed 2611.6s
step   665000 | reward(last100)  0.2193 | sigma 0.0234 | elapsed 2630.0s
step   670000 | reward(last100)  0.1796 | sigma 0.0234 | elapsed 2648.1s
step   675000 | reward(last100)  0.1897 | sigma 0.0234 | elapsed 2666.7s
step   680000 | reward(last100)  0.1602 | sigma 0.0234 | elapsed 2685.6s
step   685000 | reward(last100)  0.1959 | sigma 0.0234 | elapsed 2705.6s
step   690000 | reward(last100)  0.1945 | sigma 0.0234 | elapsed 2729.5s
step   695000 | reward(last100)  0.1836 | sigma 0.0234 | elapsed 2751.3s
step   700000 | reward(last100)  0.1788 | sigma 0.0235 | elapsed 2769.8s
step   705000 | reward(last100)  0.1869 | sigma 0.0234 | elapsed 2789.6s
step   710000 | reward(last100)  0.1533 | sigma 0.0234 | elapsed 2808.4s
step   715000 | reward(last100)  0.1478 | sigma 0.0234 | elapsed 2827.2s
step   720000 | reward(last100)  0.2606 | sigma 0.0234 | elapsed 2844.9s
step   725000 | reward(last100)  0.1378 | sigma 0.0234 | elapsed 2863.0s
step   730000 | reward(last100)  0.2549 | sigma 0.0234 | elapsed 2881.4s
step   735000 | reward(last100)  0.1763 | sigma 0.0234 | elapsed 2898.3s
step   740000 | reward(last100)  0.2294 | sigma 0.0234 | elapsed 2915.7s
step   745000 | reward(last100)  0.1673 | sigma 0.0234 | elapsed 2935.0s
step   750000 | reward(last100)  0.1076 | sigma 0.0234 | elapsed 2953.3s
step   755000 | reward(last100)  0.2005 | sigma 0.0234 | elapsed 2970.6s
step   760000 | reward(last100)  0.1502 | sigma 0.0234 | elapsed 2987.9s
step   765000 | reward(last100)  0.0894 | sigma 0.0234 | elapsed 3006.1s
step   770000 | reward(last100)  0.1937 | sigma 0.0234 | elapsed 3023.1s
step   775000 | reward(last100)  0.2051 | sigma 0.0234 | elapsed 3040.1s
step   780000 | reward(last100)  0.1909 | sigma 0.0234 | elapsed 3056.8s
step   785000 | reward(last100)  0.2612 | sigma 0.0234 | elapsed 3074.1s
step   790000 | reward(last100)  0.2158 | sigma 0.0235 | elapsed 3092.1s
step   795000 | reward(last100)  0.2050 | sigma 0.0234 | elapsed 3109.0s
step   800000 | reward(last100)  0.1888 | sigma 0.0235 | elapsed 3127.2s
step   805000 | reward(last100)  0.2029 | sigma 0.0235 | elapsed 3144.6s
step   810000 | reward(last100)  0.1269 | sigma 0.0235 | elapsed 3161.4s
step   815000 | reward(last100)  0.2125 | sigma 0.0235 | elapsed 3178.3s
step   820000 | reward(last100)  0.2289 | sigma 0.0234 | elapsed 3195.1s
step   825000 | reward(last100)  0.1945 | sigma 0.0234 | elapsed 3212.0s
step   830000 | reward(last100)  0.1349 | sigma 0.0234 | elapsed 3232.2s
step   835000 | reward(last100)  0.2162 | sigma 0.0234 | elapsed 3255.0s
step   840000 | reward(last100)  0.1862 | sigma 0.0234 | elapsed 3278.2s
step   845000 | reward(last100)  0.2425 | sigma 0.0235 | elapsed 3295.6s
step   850000 | reward(last100)  0.2517 | sigma 0.0235 | elapsed 3317.4s
step   855000 | reward(last100)  0.2147 | sigma 0.0235 | elapsed 3338.7s
step   860000 | reward(last100)  0.2211 | sigma 0.0235 | elapsed 3358.2s
step   865000 | reward(last100)  0.2072 | sigma 0.0235 | elapsed 3377.2s
step   870000 | reward(last100)  0.2272 | sigma 0.0235 | elapsed 3394.1s
step   875000 | reward(last100)  0.2531 | sigma 0.0235 | elapsed 3411.0s
step   880000 | reward(last100)  0.1780 | sigma 0.0235 | elapsed 3427.9s
step   885000 | reward(last100)  0.2133 | sigma 0.0235 | elapsed 3446.1s
step   890000 | reward(last100)  0.2341 | sigma 0.0235 | elapsed 3463.8s
step   895000 | reward(last100)  0.1683 | sigma 0.0235 | elapsed 3481.2s
step   900000 | reward(last100)  0.1658 | sigma 0.0235 | elapsed 3503.2s
step   905000 | reward(last100)  0.1986 | sigma 0.0235 | elapsed 3520.6s
step   910000 | reward(last100)  0.1888 | sigma 0.0235 | elapsed 3537.6s
step   915000 | reward(last100)  0.1310 | sigma 0.0235 | elapsed 3554.5s
step   920000 | reward(last100)  0.1634 | sigma 0.0235 | elapsed 3571.5s
step   925000 | reward(last100)  0.2025 | sigma 0.0235 | elapsed 3588.6s
step   930000 | reward(last100)  0.1858 | sigma 0.0235 | elapsed 3606.3s
step   935000 | reward(last100)  0.2341 | sigma 0.0235 | elapsed 3626.9s
step   940000 | reward(last100)  0.1563 | sigma 0.0235 | elapsed 3648.9s
step   945000 | reward(last100)  0.1831 | sigma 0.0235 | elapsed 3670.1s
step   950000 | reward(last100)  0.1883 | sigma 0.0234 | elapsed 3688.0s
step   955000 | reward(last100)  0.2034 | sigma 0.0234 | elapsed 3706.8s
step   960000 | reward(last100)  0.1974 | sigma 0.0234 | elapsed 3730.4s
step   965000 | reward(last100)  0.1804 | sigma 0.0234 | elapsed 3753.1s
step   970000 | reward(last100)  0.1241 | sigma 0.0234 | elapsed 3775.2s
step   975000 | reward(last100)  0.2539 | sigma 0.0234 | elapsed 3797.4s
step   980000 | reward(last100)  0.1565 | sigma 0.0234 | elapsed 3820.4s
step   985000 | reward(last100)  0.1773 | sigma 0.0234 | elapsed 3843.6s
step   990000 | reward(last100)  0.2206 | sigma 0.0234 | elapsed 3866.8s
step   995000 | reward(last100)  0.1707 | sigma 0.0234 | elapsed 3889.1s
step  1000000 | reward(last100)  0.2206 | sigma 0.0234 | elapsed 3910.8s
step  1005000 | reward(last100)  0.2224 | sigma 0.0234 | elapsed 3930.3s
step  1010000 | reward(last100)  0.0823 | sigma 0.0234 | elapsed 3949.0s
step  1015000 | reward(last100)  0.1928 | sigma 0.0234 | elapsed 3967.2s
step  1020000 | reward(last100)  0.2916 | sigma 0.0234 | elapsed 3987.6s
step  1025000 | reward(last100)  0.2213 | sigma 0.0234 | elapsed 4005.0s
step  1030000 | reward(last100)  0.1891 | sigma 0.0233 | elapsed 4023.1s
step  1035000 | reward(last100)  0.2750 | sigma 0.0233 | elapsed 4041.9s
step  1040000 | reward(last100)  0.2099 | sigma 0.0233 | elapsed 4060.4s
step  1045000 | reward(last100)  0.1565 | sigma 0.0234 | elapsed 4077.7s
step  1050000 | reward(last100)  0.2036 | sigma 0.0234 | elapsed 4095.0s
step  1055000 | reward(last100)  0.1669 | sigma 0.0234 | elapsed 4112.7s
step  1060000 | reward(last100)  0.2218 | sigma 0.0234 | elapsed 4129.9s
step  1065000 | reward(last100)  0.1479 | sigma 0.0234 | elapsed 4147.0s
step  1070000 | reward(last100)  0.1723 | sigma 0.0234 | elapsed 4164.1s
step  1075000 | reward(last100)  0.1792 | sigma 0.0234 | elapsed 4181.4s
step  1080000 | reward(last100)  0.2097 | sigma 0.0234 | elapsed 4198.5s
step  1085000 | reward(last100)  0.1629 | sigma 0.0234 | elapsed 4217.3s
step  1090000 | reward(last100)  0.2188 | sigma 0.0234 | elapsed 4236.4s
step  1095000 | reward(last100)  0.2634 | sigma 0.0234 | elapsed 4254.5s
step  1100000 | reward(last100)  0.1750 | sigma 0.0234 | elapsed 4275.9s
step  1105000 | reward(last100)  0.1477 | sigma 0.0234 | elapsed 4296.5s
step  1110000 | reward(last100)  0.1858 | sigma 0.0234 | elapsed 4320.2s
step  1115000 | reward(last100)  0.2188 | sigma 0.0234 | elapsed 4342.0s
step  1120000 | reward(last100)  0.2150 | sigma 0.0234 | elapsed 4362.0s
step  1125000 | reward(last100)  0.2070 | sigma 0.0234 | elapsed 4384.5s
step  1130000 | reward(last100)  0.1012 | sigma 0.0234 | elapsed 4407.0s
step  1135000 | reward(last100)  0.1470 | sigma 0.0234 | elapsed 4429.4s
step  1140000 | reward(last100)  0.1752 | sigma 0.0234 | elapsed 4451.8s
step  1145000 | reward(last100)  0.2014 | sigma 0.0234 | elapsed 4469.4s
step  1150000 | reward(last100)  0.1865 | sigma 0.0234 | elapsed 4486.7s
step  1155000 | reward(last100)  0.1798 | sigma 0.0234 | elapsed 4510.0s
step  1160000 | reward(last100)  0.1615 | sigma 0.0234 | elapsed 4533.5s
step  1165000 | reward(last100)  0.2550 | sigma 0.0234 | elapsed 4556.3s
step  1170000 | reward(last100)  0.1941 | sigma 0.0234 | elapsed 4579.3s
step  1175000 | reward(last100)  0.2171 | sigma 0.0234 | elapsed 4603.0s
step  1180000 | reward(last100)  0.2664 | sigma 0.0234 | elapsed 4626.3s
step  1185000 | reward(last100)  0.2504 | sigma 0.0234 | elapsed 4649.7s
step  1190000 | reward(last100)  0.2758 | sigma 0.0234 | elapsed 4673.4s
step  1195000 | reward(last100)  0.2392 | sigma 0.0233 | elapsed 4696.9s
step  1200000 | reward(last100)  0.2109 | sigma 0.0233 | elapsed 4718.6s
step  1205000 | reward(last100)  0.1726 | sigma 0.0234 | elapsed 4743.3s
step  1210000 | reward(last100)  0.2057 | sigma 0.0233 | elapsed 4763.5s
step  1215000 | reward(last100)  0.1788 | sigma 0.0234 | elapsed 4782.7s
step  1220000 | reward(last100)  0.1481 | sigma 0.0233 | elapsed 4801.6s
step  1225000 | reward(last100)  0.1818 | sigma 0.0233 | elapsed 4820.3s
step  1230000 | reward(last100)  0.2301 | sigma 0.0233 | elapsed 4838.7s
step  1235000 | reward(last100)  0.1853 | sigma 0.0233 | elapsed 4856.2s
step  1240000 | reward(last100)  0.2185 | sigma 0.0233 | elapsed 4873.7s
step  1245000 | reward(last100)  0.1824 | sigma 0.0233 | elapsed 4891.2s
step  1250000 | reward(last100)  0.1660 | sigma 0.0233 | elapsed 4908.8s
step  1255000 | reward(last100)  0.2762 | sigma 0.0233 | elapsed 4926.8s
step  1260000 | reward(last100)  0.2289 | sigma 0.0233 | elapsed 4944.4s
step  1265000 | reward(last100)  0.2261 | sigma 0.0233 | elapsed 4962.4s
step  1270000 | reward(last100)  0.2257 | sigma 0.0233 | elapsed 4981.2s
step  1275000 | reward(last100)  0.2344 | sigma 0.0233 | elapsed 5001.9s
step  1280000 | reward(last100)  0.2979 | sigma 0.0233 | elapsed 5024.0s
step  1285000 | reward(last100)  0.1817 | sigma 0.0233 | elapsed 5045.9s
step  1290000 | reward(last100)  0.1384 | sigma 0.0233 | elapsed 5067.7s
step  1295000 | reward(last100)  0.1807 | sigma 0.0233 | elapsed 5089.5s
step  1300000 | reward(last100)  0.1487 | sigma 0.0233 | elapsed 5111.3s
step  1305000 | reward(last100)  0.1852 | sigma 0.0233 | elapsed 5131.2s
step  1310000 | reward(last100)  0.1266 | sigma 0.0233 | elapsed 5150.3s
step  1315000 | reward(last100)  0.1767 | sigma 0.0233 | elapsed 5168.9s
step  1320000 | reward(last100)  0.1953 | sigma 0.0232 | elapsed 5187.5s
step  1325000 | reward(last100)  0.1542 | sigma 0.0233 | elapsed 5206.2s
step  1330000 | reward(last100)  0.1452 | sigma 0.0232 | elapsed 5224.8s
step  1335000 | reward(last100)  0.1276 | sigma 0.0232 | elapsed 5243.6s
step  1340000 | reward(last100)  0.1900 | sigma 0.0232 | elapsed 5263.1s
step  1345000 | reward(last100)  0.1823 | sigma 0.0232 | elapsed 5282.7s
step  1350000 | reward(last100)  0.2338 | sigma 0.0233 | elapsed 5302.3s
step  1355000 | reward(last100)  0.2817 | sigma 0.0233 | elapsed 5320.0s
step  1360000 | reward(last100)  0.1557 | sigma 0.0232 | elapsed 5337.4s
step  1365000 | reward(last100)  0.1447 | sigma 0.0232 | elapsed 5355.4s
step  1370000 | reward(last100)  0.1348 | sigma 0.0232 | elapsed 5377.0s
step  1375000 | reward(last100)  0.2175 | sigma 0.0232 | elapsed 5398.3s
step  1380000 | reward(last100)  0.1726 | sigma 0.0232 | elapsed 5416.8s
step  1385000 | reward(last100)  0.2096 | sigma 0.0232 | elapsed 5435.4s
step  1390000 | reward(last100)  0.2020 | sigma 0.0232 | elapsed 5453.9s
step  1395000 | reward(last100)  0.2649 | sigma 0.0232 | elapsed 5472.3s
step  1400000 | reward(last100)  0.2454 | sigma 0.0232 | elapsed 5490.1s
step  1405000 | reward(last100)  0.2240 | sigma 0.0232 | elapsed 5507.9s
step  1410000 | reward(last100)  0.2087 | sigma 0.0232 | elapsed 5525.3s
step  1415000 | reward(last100)  0.2017 | sigma 0.0232 | elapsed 5542.6s
step  1420000 | reward(last100)  0.2421 | sigma 0.0232 | elapsed 5560.5s
step  1425000 | reward(last100)  0.2656 | sigma 0.0232 | elapsed 5578.9s
step  1430000 | reward(last100)  0.1967 | sigma 0.0232 | elapsed 5597.5s
step  1435000 | reward(last100)  0.1894 | sigma 0.0232 | elapsed 5616.0s
step  1440000 | reward(last100)  0.2468 | sigma 0.0232 | elapsed 5635.0s
step  1445000 | reward(last100)  0.2191 | sigma 0.0232 | elapsed 5653.4s
step  1450000 | reward(last100)  0.2035 | sigma 0.0232 | elapsed 5671.4s
step  1455000 | reward(last100)  0.2026 | sigma 0.0232 | elapsed 5689.2s
step  1460000 | reward(last100)  0.1885 | sigma 0.0232 | elapsed 5706.5s
step  1465000 | reward(last100)  0.1816 | sigma 0.0232 | elapsed 5723.8s
step  1470000 | reward(last100)  0.2707 | sigma 0.0232 | elapsed 5741.1s
step  1475000 | reward(last100)  0.1902 | sigma 0.0232 | elapsed 5758.4s
step  1480000 | reward(last100)  0.2044 | sigma 0.0232 | elapsed 5775.6s
step  1485000 | reward(last100)  0.2460 | sigma 0.0232 | elapsed 5792.9s
step  1490000 | reward(last100)  0.2024 | sigma 0.0232 | elapsed 5810.2s
step  1495000 | reward(last100)  0.2113 | sigma 0.0232 | elapsed 5827.6s
step  1500000 | reward(last100)  0.1644 | sigma 0.0232 | elapsed 5845.4s
step  1505000 | reward(last100)  0.1678 | sigma 0.0232 | elapsed 5863.6s
step  1510000 | reward(last100)  0.1596 | sigma 0.0232 | elapsed 5882.7s
step  1515000 | reward(last100)  0.1573 | sigma 0.0232 | elapsed 5901.7s
step  1520000 | reward(last100)  0.2743 | sigma 0.0232 | elapsed 5921.1s
step  1525000 | reward(last100)  0.2035 | sigma 0.0232 | elapsed 5941.7s
step  1530000 | reward(last100)  0.1602 | sigma 0.0232 | elapsed 5965.4s
step  1535000 | reward(last100)  0.2007 | sigma 0.0231 | elapsed 5988.5s
step  1540000 | reward(last100)  0.1820 | sigma 0.0232 | elapsed 6011.4s
step  1545000 | reward(last100)  0.1742 | sigma 0.0231 | elapsed 6033.0s
step  1550000 | reward(last100)  0.1880 | sigma 0.0231 | elapsed 6053.9s
step  1555000 | reward(last100)  0.1894 | sigma 0.0231 | elapsed 6071.7s
step  1560000 | reward(last100)  0.1595 | sigma 0.0231 | elapsed 6089.1s
step  1565000 | reward(last100)  0.1981 | sigma 0.0231 | elapsed 6107.3s
step  1570000 | reward(last100)  0.1618 | sigma 0.0231 | elapsed 6124.8s
step  1575000 | reward(last100)  0.1477 | sigma 0.0231 | elapsed 6142.2s
step  1580000 | reward(last100)  0.2265 | sigma 0.0231 | elapsed 6160.3s
step  1585000 | reward(last100)  0.1865 | sigma 0.0230 | elapsed 6178.8s
step  1590000 | reward(last100)  0.1990 | sigma 0.0230 | elapsed 6197.3s
step  1595000 | reward(last100)  0.2867 | sigma 0.0230 | elapsed 6215.7s
step  1600000 | reward(last100)  0.1802 | sigma 0.0230 | elapsed 6233.2s
step  1605000 | reward(last100)  0.2692 | sigma 0.0230 | elapsed 6252.4s
step  1610000 | reward(last100)  0.1419 | sigma 0.0230 | elapsed 6269.8s
step  1615000 | reward(last100)  0.1945 | sigma 0.0230 | elapsed 6287.3s
step  1620000 | reward(last100)  0.2310 | sigma 0.0230 | elapsed 6304.8s
step  1625000 | reward(last100)  0.1843 | sigma 0.0230 | elapsed 6322.4s
step  1630000 | reward(last100)  0.1246 | sigma 0.0230 | elapsed 6339.9s
step  1635000 | reward(last100)  0.1801 | sigma 0.0230 | elapsed 6357.2s
step  1640000 | reward(last100)  0.2229 | sigma 0.0230 | elapsed 6374.6s
step  1645000 | reward(last100)  0.1905 | sigma 0.0230 | elapsed 6392.0s
step  1650000 | reward(last100)  0.0959 | sigma 0.0230 | elapsed 6409.5s
step  1655000 | reward(last100)  0.0629 | sigma 0.0230 | elapsed 6427.8s
step  1660000 | reward(last100)  0.2279 | sigma 0.0230 | elapsed 6446.6s
step  1665000 | reward(last100)  0.1689 | sigma 0.0230 | elapsed 6465.9s
step  1670000 | reward(last100)  0.2129 | sigma 0.0230 | elapsed 6485.4s
step  1675000 | reward(last100)  0.2422 | sigma 0.0230 | elapsed 6504.8s
step  1680000 | reward(last100)  0.2033 | sigma 0.0230 | elapsed 6524.2s
step  1685000 | reward(last100)  0.2667 | sigma 0.0230 | elapsed 6543.8s
step  1690000 | reward(last100)  0.2026 | sigma 0.0230 | elapsed 6561.6s
step  1695000 | reward(last100)  0.1821 | sigma 0.0230 | elapsed 6580.0s
step  1700000 | reward(last100)  0.2097 | sigma 0.0230 | elapsed 6597.7s
step  1705000 | reward(last100)  0.1788 | sigma 0.0230 | elapsed 6615.9s
step  1710000 | reward(last100)  0.2186 | sigma 0.0230 | elapsed 6633.5s
step  1715000 | reward(last100)  0.1702 | sigma 0.0230 | elapsed 6651.1s
step  1720000 | reward(last100)  0.2494 | sigma 0.0230 | elapsed 6670.3s
step  1725000 | reward(last100)  0.2650 | sigma 0.0230 | elapsed 6689.4s
step  1730000 | reward(last100)  0.1928 | sigma 0.0230 | elapsed 6708.5s
step  1735000 | reward(last100)  0.2183 | sigma 0.0230 | elapsed 6727.7s
step  1740000 | reward(last100)  0.2382 | sigma 0.0230 | elapsed 6747.0s
step  1745000 | reward(last100)  0.1754 | sigma 0.0230 | elapsed 6766.2s
step  1750000 | reward(last100)  0.1795 | sigma 0.0229 | elapsed 6785.4s
step  1755000 | reward(last100)  0.1880 | sigma 0.0229 | elapsed 6805.0s
step  1760000 | reward(last100)  0.2748 | sigma 0.0229 | elapsed 6824.1s
step  1765000 | reward(last100)  0.2121 | sigma 0.0229 | elapsed 6843.6s
step  1770000 | reward(last100)  0.1089 | sigma 0.0229 | elapsed 6863.2s
step  1775000 | reward(last100)  0.2133 | sigma 0.0229 | elapsed 6882.5s
step  1780000 | reward(last100)  0.1565 | sigma 0.0229 | elapsed 6901.6s
step  1785000 | reward(last100)  0.1976 | sigma 0.0229 | elapsed 6920.7s
step  1790000 | reward(last100)  0.3109 | sigma 0.0229 | elapsed 6939.8s
step  1795000 | reward(last100)  0.1574 | sigma 0.0229 | elapsed 6958.9s
step  1800000 | reward(last100)  0.2508 | sigma 0.0229 | elapsed 6976.4s
step  1805000 | reward(last100)  0.1709 | sigma 0.0228 | elapsed 6994.6s
step  1810000 | reward(last100)  0.1934 | sigma 0.0228 | elapsed 7013.1s
step  1815000 | reward(last100)  0.2133 | sigma 0.0228 | elapsed 7032.0s
step  1820000 | reward(last100)  0.2679 | sigma 0.0228 | elapsed 7051.7s
step  1825000 | reward(last100)  0.2560 | sigma 0.0228 | elapsed 7073.4s
step  1830000 | reward(last100)  0.2116 | sigma 0.0228 | elapsed 7096.0s
step  1835000 | reward(last100)  0.2177 | sigma 0.0228 | elapsed 7118.6s
step  1840000 | reward(last100)  0.2033 | sigma 0.0228 | elapsed 7142.4s
step  1845000 | reward(last100)  0.0965 | sigma 0.0228 | elapsed 7166.4s
step  1850000 | reward(last100)  0.1360 | sigma 0.0228 | elapsed 7189.9s
step  1855000 | reward(last100)  0.1641 | sigma 0.0228 | elapsed 7210.3s
step  1860000 | reward(last100)  0.1713 | sigma 0.0228 | elapsed 7231.8s
step  1865000 | reward(last100)  0.1924 | sigma 0.0228 | elapsed 7253.5s
step  1870000 | reward(last100)  0.1559 | sigma 0.0228 | elapsed 7272.9s
step  1875000 | reward(last100)  0.2399 | sigma 0.0228 | elapsed 7292.1s
step  1880000 | reward(last100)  0.1452 | sigma 0.0228 | elapsed 7310.5s
step  1885000 | reward(last100)  0.1897 | sigma 0.0228 | elapsed 7328.8s
step  1890000 | reward(last100)  0.1657 | sigma 0.0228 | elapsed 7346.2s
step  1895000 | reward(last100)  0.2120 | sigma 0.0228 | elapsed 7364.8s
step  1900000 | reward(last100)  0.1541 | sigma 0.0228 | elapsed 7383.4s
step  1905000 | reward(last100)  0.2090 | sigma 0.0228 | elapsed 7403.1s
step  1910000 | reward(last100)  0.1705 | sigma 0.0228 | elapsed 7422.3s
step  1915000 | reward(last100)  0.2020 | sigma 0.0228 | elapsed 7441.4s
step  1920000 | reward(last100)  0.1965 | sigma 0.0228 | elapsed 7459.7s
step  1925000 | reward(last100)  0.1140 | sigma 0.0228 | elapsed 7477.3s
step  1930000 | reward(last100)  0.1117 | sigma 0.0228 | elapsed 7494.9s
step  1935000 | reward(last100)  0.1730 | sigma 0.0228 | elapsed 7512.5s
step  1940000 | reward(last100)  0.2136 | sigma 0.0228 | elapsed 7530.0s
step  1945000 | reward(last100)  0.0559 | sigma 0.0228 | elapsed 7547.6s
step  1950000 | reward(last100)  0.1359 | sigma 0.0228 | elapsed 7566.5s
step  1955000 | reward(last100)  0.1756 | sigma 0.0227 | elapsed 7586.8s
step  1960000 | reward(last100)  0.2404 | sigma 0.0227 | elapsed 7606.4s
step  1965000 | reward(last100)  0.2766 | sigma 0.0228 | elapsed 7625.6s
step  1970000 | reward(last100)  0.1867 | sigma 0.0227 | elapsed 7644.7s
step  1975000 | reward(last100)  0.1493 | sigma 0.0227 | elapsed 7663.8s
step  1980000 | reward(last100)  0.2092 | sigma 0.0227 | elapsed 7682.9s
step  1985000 | reward(last100)  0.2168 | sigma 0.0227 | elapsed 7700.7s
step  1990000 | reward(last100)  0.2557 | sigma 0.0227 | elapsed 7718.1s
step  1995000 | reward(last100)  0.0998 | sigma 0.0227 | elapsed 7735.4s
step  2000000 | reward(last100)  0.1332 | sigma 0.0227 | elapsed 7752.7s
step  2005000 | reward(last100)  0.1371 | sigma 0.0227 | elapsed 7770.5s
step  2010000 | reward(last100)  0.1367 | sigma 0.0227 | elapsed 7787.9s
step  2015000 | reward(last100)  0.1987 | sigma 0.0227 | elapsed 7805.3s
step  2020000 | reward(last100)  0.1475 | sigma 0.0227 | elapsed 7822.7s
step  2025000 | reward(last100)  0.1772 | sigma 0.0227 | elapsed 7840.0s
step  2030000 | reward(last100)  0.2117 | sigma 0.0227 | elapsed 7857.5s
step  2035000 | reward(last100)  0.2100 | sigma 0.0227 | elapsed 7874.9s
step  2040000 | reward(last100)  0.1989 | sigma 0.0227 | elapsed 7892.4s
step  2045000 | reward(last100)  0.1588 | sigma 0.0227 | elapsed 7909.8s
step  2050000 | reward(last100)  0.1670 | sigma 0.0227 | elapsed 7927.3s
step  2055000 | reward(last100)  0.1191 | sigma 0.0227 | elapsed 7947.5s
step  2060000 | reward(last100)  0.1582 | sigma 0.0227 | elapsed 7967.3s
step  2065000 | reward(last100)  0.2351 | sigma 0.0227 | elapsed 7987.1s
step  2070000 | reward(last100)  0.1805 | sigma 0.0227 | elapsed 8007.0s
step  2075000 | reward(last100)  0.1806 | sigma 0.0227 | elapsed 8026.8s
step  2080000 | reward(last100)  0.1998 | sigma 0.0227 | elapsed 8046.6s
step  2085000 | reward(last100)  0.1400 | sigma 0.0227 | elapsed 8066.3s
step  2090000 | reward(last100)  0.2385 | sigma 0.0227 | elapsed 8085.2s
step  2095000 | reward(last100)  0.2268 | sigma 0.0227 | elapsed 8104.1s
step  2100000 | reward(last100)  0.2163 | sigma 0.0227 | elapsed 8122.9s
step  2105000 | reward(last100)  0.1133 | sigma 0.0227 | elapsed 8142.0s
step  2110000 | reward(last100)  0.2034 | sigma 0.0227 | elapsed 8160.9s
step  2115000 | reward(last100)  0.1897 | sigma 0.0227 | elapsed 8182.6s
step  2120000 | reward(last100)  0.2308 | sigma 0.0227 | elapsed 8205.3s
step  2125000 | reward(last100)  0.1643 | sigma 0.0227 | elapsed 8227.8s
step  2130000 | reward(last100)  0.1659 | sigma 0.0227 | elapsed 8249.8s
step  2135000 | reward(last100)  0.1860 | sigma 0.0227 | elapsed 8270.0s
step  2140000 | reward(last100)  0.1245 | sigma 0.0226 | elapsed 8289.7s
step  2145000 | reward(last100)  0.1774 | sigma 0.0226 | elapsed 8309.4s
step  2150000 | reward(last100)  0.1810 | sigma 0.0226 | elapsed 8329.1s
step  2155000 | reward(last100)  0.1214 | sigma 0.0226 | elapsed 8349.2s
step  2160000 | reward(last100)  0.2346 | sigma 0.0226 | elapsed 8369.0s
step  2165000 | reward(last100)  0.1563 | sigma 0.0226 | elapsed 8388.8s
step  2170000 | reward(last100)  0.2413 | sigma 0.0226 | elapsed 8408.5s
step  2175000 | reward(last100)  0.1822 | sigma 0.0226 | elapsed 8427.6s
step  2180000 | reward(last100)  0.1526 | sigma 0.0226 | elapsed 8446.6s
step  2185000 | reward(last100)  0.1987 | sigma 0.0226 | elapsed 8465.6s
step  2190000 | reward(last100)  0.2015 | sigma 0.0226 | elapsed 8484.7s
step  2195000 | reward(last100)  0.1821 | sigma 0.0226 | elapsed 8503.7s
step  2200000 | reward(last100)  0.2090 | sigma 0.0226 | elapsed 8522.8s
step  2205000 | reward(last100)  0.1447 | sigma 0.0226 | elapsed 8540.4s
step  2210000 | reward(last100)  0.1611 | sigma 0.0226 | elapsed 8557.7s
step  2215000 | reward(last100)  0.1770 | sigma 0.0226 | elapsed 8575.1s
step  2220000 | reward(last100)  0.2045 | sigma 0.0226 | elapsed 8592.4s
step  2225000 | reward(last100)  0.2250 | sigma 0.0226 | elapsed 8609.8s
step  2230000 | reward(last100)  0.1631 | sigma 0.0226 | elapsed 8627.5s
step  2235000 | reward(last100)  0.2911 | sigma 0.0226 | elapsed 8646.7s
step  2240000 | reward(last100)  0.1735 | sigma 0.0226 | elapsed 8665.8s
step  2245000 | reward(last100)  0.1252 | sigma 0.0226 | elapsed 8684.9s
step  2250000 | reward(last100)  0.2282 | sigma 0.0226 | elapsed 8704.1s
step  2255000 | reward(last100)  0.2345 | sigma 0.0226 | elapsed 8728.9s
step  2260000 | reward(last100)  0.2356 | sigma 0.0226 | elapsed 8753.8s
step  2265000 | reward(last100)  0.2180 | sigma 0.0226 | elapsed 8778.8s
step  2270000 | reward(last100)  0.1816 | sigma 0.0226 | elapsed 8803.7s
step  2275000 | reward(last100)  0.1967 | sigma 0.0226 | elapsed 8828.3s
step  2280000 | reward(last100)  0.2002 | sigma 0.0226 | elapsed 8851.4s
step  2285000 | reward(last100)  0.1685 | sigma 0.0226 | elapsed 8870.2s
step  2290000 | reward(last100)  0.2258 | sigma 0.0226 | elapsed 8889.0s
step  2295000 | reward(last100)  0.2245 | sigma 0.0226 | elapsed 8907.4s
step  2300000 | reward(last100)  0.1910 | sigma 0.0226 | elapsed 8924.8s
step  2305000 | reward(last100)  0.2190 | sigma 0.0226 | elapsed 8945.2s
step  2310000 | reward(last100)  0.2149 | sigma 0.0226 | elapsed 8965.1s
step  2315000 | reward(last100)  0.1197 | sigma 0.0226 | elapsed 8984.9s
step  2320000 | reward(last100)  0.2117 | sigma 0.0226 | elapsed 9004.7s
step  2325000 | reward(last100)  0.2289 | sigma 0.0226 | elapsed 9024.4s
step  2330000 | reward(last100)  0.1614 | sigma 0.0226 | elapsed 9043.8s
step  2335000 | reward(last100)  0.2441 | sigma 0.0226 | elapsed 9062.0s
step  2340000 | reward(last100)  0.2014 | sigma 0.0226 | elapsed 9079.5s
step  2345000 | reward(last100)  0.1701 | sigma 0.0226 | elapsed 9098.4s
step  2350000 | reward(last100)  0.2026 | sigma 0.0226 | elapsed 9117.2s
step  2355000 | reward(last100)  0.1253 | sigma 0.0226 | elapsed 9134.8s
step  2360000 | reward(last100)  0.2071 | sigma 0.0226 | elapsed 9152.0s
step  2365000 | reward(last100)  0.2351 | sigma 0.0226 | elapsed 9169.2s
step  2370000 | reward(last100)  0.1838 | sigma 0.0226 | elapsed 9186.4s
step  2375000 | reward(last100)  0.1555 | sigma 0.0226 | elapsed 9203.7s
step  2380000 | reward(last100)  0.2245 | sigma 0.0226 | elapsed 9220.9s
step  2385000 | reward(last100)  0.1969 | sigma 0.0226 | elapsed 9238.1s
step  2390000 | reward(last100)  0.1819 | sigma 0.0226 | elapsed 9255.4s
step  2395000 | reward(last100)  0.2636 | sigma 0.0226 | elapsed 9274.3s
step  2400000 | reward(last100)  0.2721 | sigma 0.0226 | elapsed 9293.2s
step  2405000 | reward(last100)  0.2195 | sigma 0.0226 | elapsed 9312.6s
step  2410000 | reward(last100)  0.1532 | sigma 0.0226 | elapsed 9331.6s
step  2415000 | reward(last100)  0.2279 | sigma 0.0226 | elapsed 9350.7s
step  2420000 | reward(last100)  0.2179 | sigma 0.0226 | elapsed 9369.7s
step  2425000 | reward(last100)  0.2343 | sigma 0.0226 | elapsed 9388.6s
step  2430000 | reward(last100)  0.2071 | sigma 0.0226 | elapsed 9407.6s
step  2435000 | reward(last100)  0.1684 | sigma 0.0226 | elapsed 9425.1s
step  2440000 | reward(last100)  0.2131 | sigma 0.0226 | elapsed 9442.3s
step  2445000 | reward(last100)  0.1957 | sigma 0.0226 | elapsed 9459.5s
step  2450000 | reward(last100)  0.1507 | sigma 0.0226 | elapsed 9478.1s
step  2455000 | reward(last100)  0.1701 | sigma 0.0226 | elapsed 9495.9s
step  2460000 | reward(last100)  0.1726 | sigma 0.0226 | elapsed 9513.3s
step  2465000 | reward(last100)  0.2004 | sigma 0.0226 | elapsed 9530.7s
step  2470000 | reward(last100)  0.2079 | sigma 0.0226 | elapsed 9548.1s
step  2475000 | reward(last100)  0.2680 | sigma 0.0226 | elapsed 9566.1s
step  2480000 | reward(last100)  0.1478 | sigma 0.0226 | elapsed 9583.4s
step  2485000 | reward(last100)  0.2535 | sigma 0.0226 | elapsed 9600.8s
step  2490000 | reward(last100)  0.1732 | sigma 0.0226 | elapsed 9618.2s
step  2495000 | reward(last100)  0.2121 | sigma 0.0226 | elapsed 9635.6s
step  2500000 | reward(last100)  0.1419 | sigma 0.0226 | elapsed 9653.0s
step  2505000 | reward(last100)  0.1809 | sigma 0.0226 | elapsed 9674.2s
step  2510000 | reward(last100)  0.1774 | sigma 0.0226 | elapsed 9692.8s
step  2515000 | reward(last100)  0.2534 | sigma 0.0226 | elapsed 9712.6s
step  2520000 | reward(last100)  0.1963 | sigma 0.0226 | elapsed 9734.0s
step  2525000 | reward(last100)  0.1703 | sigma 0.0226 | elapsed 9757.5s
step  2530000 | reward(last100)  0.1730 | sigma 0.0226 | elapsed 9778.2s
step  2535000 | reward(last100)  0.2985 | sigma 0.0226 | elapsed 9795.3s
step  2540000 | reward(last100)  0.2170 | sigma 0.0226 | elapsed 9812.5s
step  2545000 | reward(last100)  0.1838 | sigma 0.0226 | elapsed 9829.8s
step  2550000 | reward(last100)  0.1998 | sigma 0.0225 | elapsed 9846.9s
step  2555000 | reward(last100)  0.2160 | sigma 0.0225 | elapsed 9864.5s
step  2560000 | reward(last100)  0.1888 | sigma 0.0225 | elapsed 9881.7s
step  2565000 | reward(last100)  0.1588 | sigma 0.0225 | elapsed 9899.0s
step  2570000 | reward(last100)  0.1933 | sigma 0.0225 | elapsed 9916.2s
step  2575000 | reward(last100)  0.1600 | sigma 0.0225 | elapsed 9933.5s
step  2580000 | reward(last100)  0.2094 | sigma 0.0225 | elapsed 9950.7s
step  2585000 | reward(last100)  0.2604 | sigma 0.0225 | elapsed 9968.3s
step  2590000 | reward(last100)  0.2108 | sigma 0.0225 | elapsed 9987.0s
step  2595000 | reward(last100)  0.0758 | sigma 0.0225 | elapsed 10005.6s
step  2600000 | reward(last100)  0.2165 | sigma 0.0225 | elapsed 10024.3s
step  2605000 | reward(last100)  0.1950 | sigma 0.0225 | elapsed 10043.4s
step  2610000 | reward(last100)  0.2225 | sigma 0.0225 | elapsed 10062.2s
step  2615000 | reward(last100)  0.2181 | sigma 0.0225 | elapsed 10080.1s
step  2620000 | reward(last100)  0.2978 | sigma 0.0225 | elapsed 10097.5s
step  2625000 | reward(last100)  0.2152 | sigma 0.0225 | elapsed 10116.3s
step  2630000 | reward(last100)  0.2125 | sigma 0.0225 | elapsed 10136.6s
step  2635000 | reward(last100)  0.1901 | sigma 0.0225 | elapsed 10155.1s
step  2640000 | reward(last100)  0.1740 | sigma 0.0225 | elapsed 10173.2s
step  2645000 | reward(last100)  0.2277 | sigma 0.0225 | elapsed 10191.2s
step  2650000 | reward(last100)  0.1580 | sigma 0.0225 | elapsed 10210.4s
step  2655000 | reward(last100)  0.1734 | sigma 0.0225 | elapsed 10229.7s
step  2660000 | reward(last100)  0.2325 | sigma 0.0225 | elapsed 10248.7s
step  2665000 | reward(last100)  0.1527 | sigma 0.0225 | elapsed 10266.2s
step  2670000 | reward(last100)  0.1601 | sigma 0.0225 | elapsed 10283.1s
step  2675000 | reward(last100)  0.1946 | sigma 0.0225 | elapsed 10300.0s
step  2680000 | reward(last100)  0.1434 | sigma 0.0225 | elapsed 10316.8s
step  2685000 | reward(last100)  0.2097 | sigma 0.0225 | elapsed 10333.7s
step  2690000 | reward(last100)  0.2229 | sigma 0.0225 | elapsed 10350.7s
step  2695000 | reward(last100)  0.1799 | sigma 0.0225 | elapsed 10367.6s
step  2700000 | reward(last100)  0.1696 | sigma 0.0225 | elapsed 10384.5s
step  2705000 | reward(last100)  0.1945 | sigma 0.0225 | elapsed 10401.6s
step  2710000 | reward(last100)  0.1838 | sigma 0.0225 | elapsed 10418.5s
step  2715000 | reward(last100)  0.1884 | sigma 0.0224 | elapsed 10435.4s
step  2720000 | reward(last100)  0.1488 | sigma 0.0224 | elapsed 10452.3s
step  2725000 | reward(last100)  0.1808 | sigma 0.0224 | elapsed 10469.2s
step  2730000 | reward(last100)  0.1960 | sigma 0.0224 | elapsed 10486.1s
step  2735000 | reward(last100)  0.1738 | sigma 0.0224 | elapsed 10503.0s
step  2740000 | reward(last100)  0.2293 | sigma 0.0224 | elapsed 10520.0s
step  2745000 | reward(last100)  0.1509 | sigma 0.0224 | elapsed 10536.9s
step  2750000 | reward(last100)  0.1075 | sigma 0.0224 | elapsed 10553.8s
step  2755000 | reward(last100)  0.2272 | sigma 0.0224 | elapsed 10572.2s
step  2760000 | reward(last100)  0.2217 | sigma 0.0224 | elapsed 10590.4s
step  2765000 | reward(last100)  0.2211 | sigma 0.0224 | elapsed 10608.5s
step  2770000 | reward(last100)  0.2313 | sigma 0.0224 | elapsed 10626.6s
step  2775000 | reward(last100)  0.2704 | sigma 0.0224 | elapsed 10645.0s
step  2780000 | reward(last100)  0.1575 | sigma 0.0224 | elapsed 10666.4s
step  2785000 | reward(last100)  0.2436 | sigma 0.0224 | elapsed 10686.5s
step  2790000 | reward(last100)  0.2038 | sigma 0.0224 | elapsed 10704.9s
step  2795000 | reward(last100)  0.2204 | sigma 0.0224 | elapsed 10724.2s
step  2800000 | reward(last100)  0.1973 | sigma 0.0224 | elapsed 10741.2s
step  2805000 | reward(last100)  0.1888 | sigma 0.0224 | elapsed 10759.7s
step  2810000 | reward(last100)  0.2231 | sigma 0.0224 | elapsed 10778.3s
step  2815000 | reward(last100)  0.2070 | sigma 0.0223 | elapsed 10796.9s
step  2820000 | reward(last100)  0.1605 | sigma 0.0224 | elapsed 10815.6s
step  2825000 | reward(last100)  0.1703 | sigma 0.0223 | elapsed 10834.2s
step  2830000 | reward(last100)  0.1359 | sigma 0.0223 | elapsed 10852.9s
step  2835000 | reward(last100)  0.2492 | sigma 0.0223 | elapsed 10871.4s
step  2840000 | reward(last100)  0.2369 | sigma 0.0223 | elapsed 10890.0s
step  2845000 | reward(last100)  0.1974 | sigma 0.0224 | elapsed 10908.0s
step  2850000 | reward(last100)  0.1734 | sigma 0.0224 | elapsed 10924.9s
step  2855000 | reward(last100)  0.1989 | sigma 0.0224 | elapsed 10942.3s
step  2860000 | reward(last100)  0.1677 | sigma 0.0223 | elapsed 10959.3s
step  2865000 | reward(last100)  0.2514 | sigma 0.0223 | elapsed 10976.3s
step  2870000 | reward(last100)  0.2466 | sigma 0.0223 | elapsed 10993.3s
step  2875000 | reward(last100)  0.2022 | sigma 0.0223 | elapsed 11010.3s
step  2880000 | reward(last100)  0.1623 | sigma 0.0223 | elapsed 11027.2s
step  2885000 | reward(last100)  0.2193 | sigma 0.0223 | elapsed 11044.2s
step  2890000 | reward(last100)  0.1878 | sigma 0.0223 | elapsed 11061.2s
step  2895000 | reward(last100)  0.1487 | sigma 0.0223 | elapsed 11078.8s
step  2900000 | reward(last100)  0.2685 | sigma 0.0223 | elapsed 11097.2s
step  2905000 | reward(last100)  0.1812 | sigma 0.0223 | elapsed 11114.3s
step  2910000 | reward(last100)  0.1489 | sigma 0.0223 | elapsed 11131.1s
step  2915000 | reward(last100)  0.1983 | sigma 0.0223 | elapsed 11147.9s
step  2920000 | reward(last100)  0.1621 | sigma 0.0223 | elapsed 11164.7s
step  2925000 | reward(last100)  0.1893 | sigma 0.0223 | elapsed 11181.5s
step  2930000 | reward(last100)  0.1731 | sigma 0.0223 | elapsed 11198.3s
step  2935000 | reward(last100)  0.2062 | sigma 0.0223 | elapsed 11215.1s
step  2940000 | reward(last100)  0.2231 | sigma 0.0223 | elapsed 11231.9s
step  2945000 | reward(last100)  0.1817 | sigma 0.0223 | elapsed 11248.7s
step  2950000 | reward(last100)  0.2270 | sigma 0.0224 | elapsed 11265.6s
step  2955000 | reward(last100)  0.2074 | sigma 0.0223 | elapsed 11282.7s
step  2960000 | reward(last100)  0.2397 | sigma 0.0223 | elapsed 11299.4s
step  2965000 | reward(last100)  0.2439 | sigma 0.0223 | elapsed 11316.1s
step  2970000 | reward(last100)  0.2226 | sigma 0.0223 | elapsed 11332.8s
step  2975000 | reward(last100)  0.1981 | sigma 0.0223 | elapsed 11349.5s
step  2980000 | reward(last100)  0.2176 | sigma 0.0223 | elapsed 11366.1s
step  2985000 | reward(last100)  0.1628 | sigma 0.0223 | elapsed 11382.8s
step  2990000 | reward(last100)  0.1460 | sigma 0.0223 | elapsed 11399.5s
step  2995000 | reward(last100)  0.2078 | sigma 0.0223 | elapsed 11416.2s
step  3000000 | reward(last100)  0.2424 | sigma 0.0223 | elapsed 11432.9s
