step     5000 | reward(last100)  0.0000 | eps 0.976 | elapsed    1.0s
step    10000 | reward(last100)  0.0000 | eps 0.953 | elapsed    2.0s
step    15000 | reward(last100)  0.0051 | eps 0.929 | elapsed   11.0s
step    20000 | reward(last100)  0.0229 | eps 0.905 | elapsed   19.9s
step    25000 | reward(last100)  0.0344 | eps 0.881 | elapsed   28.8s
step    30000 | reward(last100)  0.0408 | eps 0.858 | elapsed   37.9s
step    35000 | reward(last100)  0.0442 | eps 0.834 | elapsed   46.6s
step    40000 | reward(last100)  0.0608 | eps 0.810 | elapsed   55.5s
step    45000 | reward(last100)  0.0754 | eps 0.786 | elapsed   64.6s
step    50000 | reward(last100)  0.1062 | eps 0.762 | elapsed   74.2s
step    55000 | reward(last100)  0.1560 | eps 0.739 | elapsed   86.7s
step    60000 | reward(last100)  0.2256 | eps 0.715 | elapsed   98.9s
step    65000 | reward(last100)  0.2977 | eps 0.691 | elapsed  111.1s
step    70000 | reward(last100)  0.3421 | eps 0.667 | elapsed  123.5s
step    75000 | reward(last100)  0.3609 | eps 0.644 | elapsed  135.8s
step    80000 | reward(last100)  0.4071 | eps 0.620 | elapsed  148.2s
step    85000 | reward(last100)  0.3971 | eps 0.596 | elapsed  159.6s
step    90000 | reward(last100)  0.4489 | eps 0.573 | elapsed  169.4s
step    95000 | reward(last100)  0.4755 | eps 0.549 | elapsed  178.6s
step   100000 | reward(last100)  0.4587 | eps 0.525 | elapsed  187.8s
step   105000 | reward(last100)  0.4367 | eps 0.501 | elapsed  199.8s
step   110000 | reward(last100)  0.3635 | eps 0.478 | elapsed  211.4s
step   115000 | reward(last100)  0.3109 | eps 0.454 | elapsed  223.1s
step   120000 | reward(last100)  0.2591 | eps 0.430 | elapsed  234.7s
step   125000 | reward(last100)  0.2313 | eps 0.406 | elapsed  246.3s
step   130000 | reward(last100)  0.1865 | eps 0.383 | elapsed  258.4s
step   135000 | reward(last100)  0.1549 | eps 0.359 | elapsed  270.7s
step   140000 | reward(last100)  0.1264 | eps 0.335 | elapsed  281.2s
step   145000 | reward(last100)  0.1140 | eps 0.311 | elapsed  290.6s
step   150000 | reward(last100)  0.0742 | eps 0.288 | elapsed  300.1s
step   155000 | reward(last100)  0.0704 | eps 0.264 | elapsed  309.7s
step   160000 | reward(last100)  0.0682 | eps 0.240 | elapsed  319.0s
step   165000 | reward(last100)  0.0578 | eps 0.216 | elapsed  328.4s
step   170000 | reward(last100)  0.0545 | eps 0.193 | elapsed  337.3s
step   175000 | reward(last100)  0.0561 | eps 0.169 | elapsed  345.9s
step   180000 | reward(last100)  0.0438 | eps 0.145 | elapsed  354.8s
step   185000 | reward(last100)  0.0603 | eps 0.121 | elapsed  364.1s
step   190000 | reward(last100)  0.0650 | eps 0.098 | elapsed  373.5s
step   195000 | reward(last100)  0.0613 | eps 0.074 | elapsed  383.0s
step   200000 | reward(last100)  0.0541 | eps 0.050 | elapsed  392.6s
step   205000 | reward(last100)  0.0434 | eps 0.050 | elapsed  404.4s
step   210000 | reward(last100)  0.0418 | eps 0.050 | elapsed  414.9s
step   215000 | reward(last100)  0.0406 | eps 0.050 | elapsed  425.4s
step   220000 | reward(last100)  0.0257 | eps 0.050 | elapsed  435.9s
step   225000 | reward(last100)  0.0335 | eps 0.050 | elapsed  446.2s
step   230000 | reward(last100)  0.0699 | eps 0.050 | elapsed  456.6s
step   235000 | reward(last100)  0.0742 | eps 0.050 | elapsed  467.1s
step   240000 | reward(last100)  0.0959 | eps 0.050 | elapsed  477.8s
step   245000 | reward(last100)  0.1303 | eps 0.050 | elapsed  488.5s
step   250000 | reward(last100)  0.1467 | eps 0.050 | elapsed  499.0s
step   255000 | reward(last100)  0.1408 | eps 0.050 | elapsed  512.5s
step   260000 | reward(last100)  0.1329 | eps 0.050 | elapsed  525.7s
step   265000 | reward(last100)  0.1036 | eps 0.050 | elapsed  538.8s
step   270000 | reward(last100)  0.0900 | eps 0.050 | elapsed  551.9s
step   275000 | reward(last100)  0.0731 | eps 0.050 | elapsed  564.9s
step   280000 | reward(last100)  0.0420 | eps 0.050 | elapsed  575.9s
step   285000 | reward(last100)  0.0352 | eps 0.050 | elapsed  586.7s
step   290000 | reward(last100)  0.0220 | eps 0.050 | elapsed  597.6s
step   295000 | reward(last100)  0.0042 | eps 0.050 | elapsed  608.4s
step   300000 | reward(last100)  0.0108 | eps 0.050 | elapsed  619.5s
step   305000 | reward(last100)  0.0179 | eps 0.050 | elapsed  629.3s
step   310000 | reward(last100)  0.0421 | eps 0.050 | elapsed  638.5s
step   315000 | reward(last100)  0.0636 | eps 0.050 | elapsed  647.7s
step   320000 | reward(last100)  0.0779 | eps 0.050 | elapsed  656.9s
step   325000 | reward(last100)  0.0943 | eps 0.050 | elapsed  666.1s
step   330000 | reward(last100)  0.0921 | eps 0.050 | elapsed  675.3s
step   335000 | reward(last100)  0.0919 | eps 0.050 | elapsed  684.5s
step   340000 | reward(last100)  0.1000 | eps 0.050 | elapsed  693.8s
step   345000 | reward(last100)  0.0982 | eps 0.050 | elapsed  703.0s
step   350000 | reward(last100)  0.1018 | eps 0.050 | elapsed  712.3s
step   355000 | reward(last100)  0.0891 | eps 0.050 | elapsed  726.5s
step   360000 | reward(last100)  0.0923 | eps 0.050 | elapsed  739.6s
step   365000 | reward(last100)  0.1084 | eps 0.050 | elapsed  753.0s
step   370000 | reward(last100)  0.0931 | eps 0.050 | elapsed  764.5s
step   375000 | reward(last100)  0.1033 | eps 0.050 | elapsed  774.7s
step   380000 | reward(last100)  0.1104 | eps 0.050 | elapsed  785.0s
step   385000 | reward(last100)  0.0879 | eps 0.050 | elapsed  794.5s
step   390000 | reward(last100)  0.1109 | eps 0.050 | elapsed  803.7s
step   395000 | reward(last100)  0.1455 | eps 0.050 | elapsed  813.0s
step   400000 | reward(last100)  0.1773 | eps 0.050 | elapsed  822.2s
step   405000 | reward(last100)  0.1821 | eps 0.050 | elapsed  831.7s
step   410000 | reward(last100)  0.2202 | eps 0.050 | elapsed  840.9s
step   415000 | reward(last100)  0.2744 | eps 0.050 | elapsed  850.1s
step   420000 | reward(last100)  0.2563 | eps 0.050 | elapsed  859.3s
step   425000 | reward(last100)  0.2947 | eps 0.050 | elapsed  868.6s
step   430000 | reward(last100)  0.2957 | eps 0.050 | elapsed  877.8s
step   435000 | reward(last100)  0.3386 | eps 0.050 | elapsed  887.1s
step   440000 | reward(last100)  0.4082 | eps 0.050 | elapsed  896.3s
step   445000 | reward(last100)  0.3895 | eps 0.050 | elapsed  905.4s
step   450000 | reward(last100)  0.3910 | eps 0.050 | elapsed  914.6s
step   455000 | reward(last100)  0.3582 | eps 0.050 | elapsed  925.2s
step   460000 | reward(last100)  0.3002 | eps 0.050 | elapsed  935.4s
step   465000 | reward(last100)  0.2340 | eps 0.050 | elapsed  945.7s
step   470000 | reward(last100)  0.1528 | eps 0.050 | elapsed  955.9s
step   475000 | reward(last100)  0.1182 | eps 0.050 | elapsed  965.5s
step   480000 | reward(last100)  0.0772 | eps 0.050 | elapsed  974.8s
step   485000 | reward(last100)  0.0529 | eps 0.050 | elapsed  984.0s
step   490000 | reward(last100)  0.0532 | eps 0.050 | elapsed  993.3s
step   495000 | reward(last100)  0.0566 | eps 0.050 | elapsed 1002.6s
step   500000 | reward(last100)  0.0591 | eps 0.050 | elapsed 1011.9s
step   505000 | reward(last100)  0.0706 | eps 0.050 | elapsed 1021.3s
step   510000 | reward(last100)  0.0921 | eps 0.050 | elapsed 1030.5s
step   515000 | reward(last100)  0.1082 | eps 0.050 | elapsed 1039.7s
step   520000 | reward(last100)  0.1351 | eps 0.050 | elapsed 1049.0s
step   525000 | reward(last100)  0.1592 | eps 0.050 | elapsed 1058.2s
step   530000 | reward(last100)  0.1666 | eps 0.050 | elapsed 1068.0s
step   535000 | reward(last100)  0.1595 | eps 0.050 | elapsed 1081.3s
step   540000 | reward(last100)  0.1490 | eps 0.050 | elapsed 1094.6s
step   545000 | reward(last100)  0.1473 | eps 0.050 | elapsed 1107.5s
step   550000 | reward(last100)  0.1134 | eps 0.050 | elapsed 1120.2s
step   555000 | reward(last100)  0.0753 | eps 0.050 | elapsed 1130.6s
step   560000 | reward(last100)  0.0616 | eps 0.050 | elapsed 1140.7s
step   565000 | reward(last100)  0.0562 | eps 0.050 | elapsed 1150.8s
step   570000 | reward(last100)  0.0493 | eps 0.050 | elapsed 1161.4s
step   575000 | reward(last100)  0.0493 | eps 0.050 | elapsed 1171.4s
step   580000 | reward(last100)  0.0335 | eps 0.050 | elapsed 1181.5s
step   585000 | reward(last100)  0.0377 | eps 0.050 | elapsed 1191.5s
step   590000 | reward(last100)  0.1001 | eps 0.050 | elapsed 1201.6s
step   595000 | reward(last100)  0.1766 | eps 0.050 | elapsed 1211.7s
step   600000 | reward(last100)  0.2402 | eps 0.050 | elapsed 1221.8s
step   605000 | reward(last100)  0.3529 | eps 0.050 | elapsed 1232.0s
step   610000 | reward(last100)  0.4449 | eps 0.050 | elapsed 1241.2s
step   615000 | reward(last100)  0.4390 | eps 0.050 | elapsed 1250.4s
step   620000 | reward(last100)  0.4661 | eps 0.050 | elapsed 1259.6s
step   625000 | reward(last100)  0.4622 | eps 0.050 | elapsed 1268.7s
step   630000 | reward(last100)  0.4373 | eps 0.050 | elapsed 1278.0s
step   635000 | reward(last100)  0.4255 | eps 0.050 | elapsed 1287.9s
step   640000 | reward(last100)  0.4149 | eps 0.050 | elapsed 1298.2s
step   645000 | reward(last100)  0.4125 | eps 0.050 | elapsed 1308.5s
step   650000 | reward(last100)  0.3621 | eps 0.050 | elapsed 1318.8s
step   655000 | reward(last100)  0.3042 | eps 0.050 | elapsed 1330.5s
step   660000 | reward(last100)  0.2787 | eps 0.050 | elapsed 1341.9s
step   665000 | reward(last100)  0.2345 | eps 0.050 | elapsed 1353.4s
step   670000 | reward(last100)  0.1871 | eps 0.050 | elapsed 1364.8s
step   675000 | reward(last100)  0.1853 | eps 0.050 | elapsed 1376.2s
step   680000 | reward(last100)  0.2280 | eps 0.050 | elapsed 1387.8s
step   685000 | reward(last100)  0.2951 | eps 0.050 | elapsed 1400.0s
step   690000 | reward(last100)  0.3509 | eps 0.050 | elapsed 1414.3s
step   695000 | reward(last100)  0.3815 | eps 0.050 | elapsed 1428.6s
step   700000 | reward(last100)  0.3606 | eps 0.050 | elapsed 1442.9s
step   705000 | reward(last100)  0.3469 | eps 0.050 | elapsed 1453.2s
step   710000 | reward(last100)  0.3348 | eps 0.050 | elapsed 1462.8s
step   715000 | reward(last100)  0.2919 | eps 0.050 | elapsed 1472.3s
step   720000 | reward(last100)  0.2400 | eps 0.050 | elapsed 1481.8s
step   725000 | reward(last100)  0.2684 | eps 0.050 | elapsed 1491.4s
step   730000 | reward(last100)  0.2360 | eps 0.050 | elapsed 1500.9s
step   735000 | reward(last100)  0.2384 | eps 0.050 | elapsed 1510.4s
step   740000 | reward(last100)  0.2482 | eps 0.050 | elapsed 1520.0s
step   745000 | reward(last100)  0.2341 | eps 0.050 | elapsed 1529.5s
step   750000 | reward(last100)  0.2735 | eps 0.050 | elapsed 1539.0s
step   755000 | reward(last100)  0.2897 | eps 0.050 | elapsed 1549.4s
step   760000 | reward(last100)  0.3023 | eps 0.050 | elapsed 1559.2s
step   765000 | reward(last100)  0.3227 | eps 0.050 | elapsed 1568.8s
step   770000 | reward(last100)  0.4230 | eps 0.050 | elapsed 1578.4s
step   775000 | reward(last100)  0.4379 | eps 0.050 | elapsed 1588.0s
step   780000 | reward(last100)  0.4685 | eps 0.050 | elapsed 1597.7s
step   785000 | reward(last100)  0.4860 | eps 0.050 | elapsed 1607.2s
step   790000 | reward(last100)  0.4882 | eps 0.050 | elapsed 1616.9s
step   795000 | reward(last100)  0.4580 | eps 0.050 | elapsed 1627.4s
step   800000 | reward(last100)  0.4598 | eps 0.050 | elapsed 1638.0s
step   805000 | reward(last100)  0.4253 | eps 0.050 | elapsed 1648.1s
step   810000 | reward(last100)  0.3597 | eps 0.050 | elapsed 1657.6s
step   815000 | reward(last100)  0.3335 | eps 0.050 | elapsed 1667.1s
step   820000 | reward(last100)  0.3506 | eps 0.050 | elapsed 1676.6s
step   825000 | reward(last100)  0.3236 | eps 0.050 | elapsed 1686.1s
step   830000 | reward(last100)  0.3823 | eps 0.050 | elapsed 1695.7s
step   835000 | reward(last100)  0.4170 | eps 0.050 | elapsed 1705.3s
step   840000 | reward(last100)  0.4580 | eps 0.050 | elapsed 1714.9s
step   845000 | reward(last100)  0.5164 | eps 0.050 | elapsed 1724.3s
step   850000 | reward(last100)  0.5644 | eps 0.050 | elapsed 1733.8s
step   855000 | reward(last100)  0.6948 | eps 0.050 | elapsed 1745.5s
step   860000 | reward(last100)  0.7539 | eps 0.050 | elapsed 1756.5s
step   865000 | reward(last100)  0.6789 | eps 0.050 | elapsed 1766.2s
step   870000 | reward(last100)  0.6526 | eps 0.050 | elapsed 1775.9s
step   875000 | reward(last100)  0.7169 | eps 0.050 | elapsed 1785.5s
step   880000 | reward(last100)  0.7108 | eps 0.050 | elapsed 1795.0s
step   885000 | reward(last100)  0.6448 | eps 0.050 | elapsed 1804.6s
step   890000 | reward(last100)  0.6283 | eps 0.050 | elapsed 1814.1s
step   895000 | reward(last100)  0.6422 | eps 0.050 | elapsed 1823.6s
step   900000 | reward(last100)  0.6151 | eps 0.050 | elapsed 1833.1s
step   905000 | reward(last100)  0.6308 | eps 0.050 | elapsed 1842.8s
step   910000 | reward(last100)  0.6058 | eps 0.050 | elapsed 1852.3s
step   915000 | reward(last100)  0.6022 | eps 0.050 | elapsed 1861.8s
step   920000 | reward(last100)  0.6219 | eps 0.050 | elapsed 1871.3s
step   925000 | reward(last100)  0.6791 | eps 0.050 | elapsed 1880.8s
step   930000 | reward(last100)  0.7205 | eps 0.050 | elapsed 1890.2s
step   935000 | reward(last100)  0.6926 | eps 0.050 | elapsed 1899.7s
step   940000 | reward(last100)  0.6746 | eps 0.050 | elapsed 1909.2s
step   945000 | reward(last100)  0.7270 | eps 0.050 | elapsed 1918.6s
step   950000 | reward(last100)  0.7396 | eps 0.050 | elapsed 1928.1s
step   955000 | reward(last100)  0.7291 | eps 0.050 | elapsed 1938.1s
step   960000 | reward(last100)  0.7572 | eps 0.050 | elapsed 1947.7s
step   965000 | reward(last100)  0.6995 | eps 0.050 | elapsed 1957.3s
step   970000 | reward(last100)  0.6405 | eps 0.050 | elapsed 1966.9s
step   975000 | reward(last100)  0.5789 | eps 0.050 | elapsed 1976.5s
step   980000 | reward(last100)  0.5735 | eps 0.050 | elapsed 1986.0s
step   985000 | reward(last100)  0.5572 | eps 0.050 | elapsed 1995.6s
step   990000 | reward(last100)  0.5231 | eps 0.050 | elapsed 2005.2s
step   995000 | reward(last100)  0.4536 | eps 0.050 | elapsed 2014.8s
step  1000000 | reward(last100)  0.4323 | eps 0.050 | elapsed 2024.4s
step  1005000 | reward(last100)  0.4355 | eps 0.050 | elapsed 2034.4s
step  1010000 | reward(last100)  0.5359 | eps 0.050 | elapsed 2044.0s
step  1015000 | reward(last100)  0.6186 | eps 0.050 | elapsed 2053.7s
step  1020000 | reward(last100)  0.6512 | eps 0.050 | elapsed 2063.3s
step  1025000 | reward(last100)  0.6381 | eps 0.050 | elapsed 2073.0s
step  1030000 | reward(last100)  0.6170 | eps 0.050 | elapsed 2082.7s
step  1035000 | reward(last100)  0.5757 | eps 0.050 | elapsed 2092.3s
step  1040000 | reward(last100)  0.5557 | eps 0.050 | elapsed 2102.0s
step  1045000 | reward(last100)  0.6079 | eps 0.050 | elapsed 2111.7s
step  1050000 | reward(last100)  0.6328 | eps 0.050 | elapsed 2121.4s
step  1055000 | reward(last100)  0.6967 | eps 0.050 | elapsed 2132.4s
step  1060000 | reward(last100)  0.6517 | eps 0.050 | elapsed 2143.0s
step  1065000 | reward(last100)  0.6064 | eps 0.050 | elapsed 2153.7s
step  1070000 | reward(last100)  0.5365 | eps 0.050 | elapsed 2164.3s
step  1075000 | reward(last100)  0.4981 | eps 0.050 | elapsed 2174.9s
step  1080000 | reward(last100)  0.4976 | eps 0.050 | elapsed 2185.6s
step  1085000 | reward(last100)  0.5879 | eps 0.050 | elapsed 2196.2s
step  1090000 | reward(last100)  0.6953 | eps 0.050 | elapsed 2207.4s
step  1095000 | reward(last100)  0.7725 | eps 0.050 | elapsed 2218.8s
step  1100000 | reward(last100)  0.7648 | eps 0.050 | elapsed 2230.2s
step  1105000 | reward(last100)  0.7942 | eps 0.050 | elapsed 2240.9s
step  1110000 | reward(last100)  0.8226 | eps 0.050 | elapsed 2251.4s
step  1115000 | reward(last100)  0.8335 | eps 0.050 | elapsed 2261.8s
step  1120000 | reward(last100)  0.8993 | eps 0.050 | elapsed 2272.3s
step  1125000 | reward(last100)  0.8311 | eps 0.050 | elapsed 2282.7s
step  1130000 | reward(last100)  0.9278 | eps 0.050 | elapsed 2293.2s
step  1135000 | reward(last100)  0.9147 | eps 0.050 | elapsed 2303.7s
step  1140000 | reward(last100)  0.8970 | eps 0.050 | elapsed 2314.2s
step  1145000 | reward(last100)  0.8985 | eps 0.050 | elapsed 2324.4s
step  1150000 | reward(last100)  0.9237 | eps 0.050 | elapsed 2335.1s
step  1155000 | reward(last100)  0.8818 | eps 0.050 | elapsed 2345.2s
step  1160000 | reward(last100)  0.8815 | eps 0.050 | elapsed 2354.9s
step  1165000 | reward(last100)  0.8730 | eps 0.050 | elapsed 2364.5s
step  1170000 | reward(last100)  0.8517 | eps 0.050 | elapsed 2374.6s
step  1175000 | reward(last100)  0.8790 | eps 0.050 | elapsed 2385.2s
step  1180000 | reward(last100)  0.9291 | eps 0.050 | elapsed 2395.8s
step  1185000 | reward(last100)  0.8931 | eps 0.050 | elapsed 2406.4s
step  1190000 | reward(last100)  0.8849 | eps 0.050 | elapsed 2417.5s
step  1195000 | reward(last100)  0.8558 | eps 0.050 | elapsed 2429.0s
step  1200000 | reward(last100)  0.8691 | eps 0.050 | elapsed 2440.4s
step  1205000 | reward(last100)  0.8583 | eps 0.050 | elapsed 2450.9s
step  1210000 | reward(last100)  0.8959 | eps 0.050 | elapsed 2460.7s
step  1215000 | reward(last100)  0.7930 | eps 0.050 | elapsed 2470.4s
step  1220000 | reward(last100)  0.7948 | eps 0.050 | elapsed 2480.2s
step  1225000 | reward(last100)  0.7597 | eps 0.050 | elapsed 2490.0s
step  1230000 | reward(last100)  0.8423 | eps 0.050 | elapsed 2500.6s
step  1235000 | reward(last100)  0.8121 | eps 0.050 | elapsed 2511.4s
step  1240000 | reward(last100)  0.9008 | eps 0.050 | elapsed 2522.0s
step  1245000 | reward(last100)  0.8491 | eps 0.050 | elapsed 2531.8s
step  1250000 | reward(last100)  0.8235 | eps 0.050 | elapsed 2541.6s
step  1255000 | reward(last100)  0.9240 | eps 0.050 | elapsed 2551.8s
step  1260000 | reward(last100)  0.9270 | eps 0.050 | elapsed 2561.7s
step  1265000 | reward(last100)  0.9396 | eps 0.050 | elapsed 2571.6s
step  1270000 | reward(last100)  0.9238 | eps 0.050 | elapsed 2581.5s
step  1275000 | reward(last100)  0.9474 | eps 0.050 | elapsed 2591.4s
step  1280000 | reward(last100)  0.9464 | eps 0.050 | elapsed 2601.3s
step  1285000 | reward(last100)  0.9315 | eps 0.050 | elapsed 2611.2s
step  1290000 | reward(last100)  0.9570 | eps 0.050 | elapsed 2621.1s
step  1295000 | reward(last100)  0.9543 | eps 0.050 | elapsed 2632.0s
step  1300000 | reward(last100)  0.9622 | eps 0.050 | elapsed 2642.9s
step  1305000 | reward(last100)  0.9249 | eps 0.050 | elapsed 2653.1s
step  1310000 | reward(last100)  0.9475 | eps 0.050 | elapsed 2662.9s
step  1315000 | reward(last100)  0.9605 | eps 0.050 | elapsed 2672.8s
step  1320000 | reward(last100)  0.9539 | eps 0.050 | elapsed 2682.7s
step  1325000 | reward(last100)  0.9569 | eps 0.050 | elapsed 2692.6s
step  1330000 | reward(last100)  0.9576 | eps 0.050 | elapsed 2702.5s
step  1335000 | reward(last100)  0.9646 | eps 0.050 | elapsed 2712.4s
step  1340000 | reward(last100)  0.9522 | eps 0.050 | elapsed 2722.3s
step  1345000 | reward(last100)  0.9321 | eps 0.050 | elapsed 2732.2s
step  1350000 | reward(last100)  0.8426 | eps 0.050 | elapsed 2742.1s
step  1355000 | reward(last100)  0.8080 | eps 0.050 | elapsed 2752.4s
step  1360000 | reward(last100)  0.9382 | eps 0.050 | elapsed 2762.5s
step  1365000 | reward(last100)  0.9383 | eps 0.050 | elapsed 2772.5s
step  1370000 | reward(last100)  0.9426 | eps 0.050 | elapsed 2782.6s
step  1375000 | reward(last100)  0.9463 | eps 0.050 | elapsed 2792.7s
step  1380000 | reward(last100)  0.9455 | eps 0.050 | elapsed 2802.8s
step  1385000 | reward(last100)  0.9304 | eps 0.050 | elapsed 2813.0s
step  1390000 | reward(last100)  0.9572 | eps 0.050 | elapsed 2823.1s
step  1395000 | reward(last100)  0.9593 | eps 0.050 | elapsed 2833.2s
step  1400000 | reward(last100)  0.9546 | eps 0.050 | elapsed 2843.4s
step  1405000 | reward(last100)  0.9646 | eps 0.050 | elapsed 2855.1s
step  1410000 | reward(last100)  0.9611 | eps 0.050 | elapsed 2866.2s
step  1415000 | reward(last100)  0.9603 | eps 0.050 | elapsed 2877.3s
step  1420000 | reward(last100)  0.9424 | eps 0.050 | elapsed 2888.4s
step  1425000 | reward(last100)  0.9581 | eps 0.050 | elapsed 2899.6s
step  1430000 | reward(last100)  0.9643 | eps 0.050 | elapsed 2911.3s
step  1435000 | reward(last100)  0.9561 | eps 0.050 | elapsed 2922.9s
step  1440000 | reward(last100)  0.9611 | eps 0.050 | elapsed 2934.6s
step  1445000 | reward(last100)  0.9640 | eps 0.050 | elapsed 2946.3s
step  1450000 | reward(last100)  0.9587 | eps 0.050 | elapsed 2958.3s
step  1455000 | reward(last100)  0.9487 | eps 0.050 | elapsed 2970.7s
step  1460000 | reward(last100)  0.9637 | eps 0.050 | elapsed 2982.7s
step  1465000 | reward(last100)  0.9646 | eps 0.050 | elapsed 2994.5s
step  1470000 | reward(last100)  0.9630 | eps 0.050 | elapsed 3006.4s
step  1475000 | reward(last100)  0.9560 | eps 0.050 | elapsed 3018.2s
step  1480000 | reward(last100)  0.9198 | eps 0.050 | elapsed 3029.7s
step  1485000 | reward(last100)  0.9283 | eps 0.050 | elapsed 3040.8s
step  1490000 | reward(last100)  0.9451 | eps 0.050 | elapsed 3051.9s
step  1495000 | reward(last100)  0.9535 | eps 0.050 | elapsed 3063.0s
step  1500000 | reward(last100)  0.9644 | eps 0.050 | elapsed 3074.2s
step  1505000 | reward(last100)  0.9629 | eps 0.050 | elapsed 3084.8s
step  1510000 | reward(last100)  0.9582 | eps 0.050 | elapsed 3095.1s
step  1515000 | reward(last100)  0.9536 | eps 0.050 | elapsed 3105.5s
step  1520000 | reward(last100)  0.9477 | eps 0.050 | elapsed 3115.8s
step  1525000 | reward(last100)  0.9657 | eps 0.050 | elapsed 3126.1s
step  1530000 | reward(last100)  0.9612 | eps 0.050 | elapsed 3137.0s
step  1535000 | reward(last100)  0.9541 | eps 0.050 | elapsed 3148.2s
step  1540000 | reward(last100)  0.9571 | eps 0.050 | elapsed 3159.4s
step  1545000 | reward(last100)  0.9624 | eps 0.050 | elapsed 3170.6s
step  1550000 | reward(last100)  0.9629 | eps 0.050 | elapsed 3182.4s
step  1555000 | reward(last100)  0.9615 | eps 0.050 | elapsed 3193.0s
step  1560000 | reward(last100)  0.9533 | eps 0.050 | elapsed 3203.3s
step  1565000 | reward(last100)  0.9613 | eps 0.050 | elapsed 3213.6s
step  1570000 | reward(last100)  0.9650 | eps 0.050 | elapsed 3223.9s
step  1575000 | reward(last100)  0.9609 | eps 0.050 | elapsed 3234.4s
step  1580000 | reward(last100)  0.9610 | eps 0.050 | elapsed 3244.8s
step  1585000 | reward(last100)  0.9566 | eps 0.050 | elapsed 3255.1s
step  1590000 | reward(last100)  0.9317 | eps 0.050 | elapsed 3265.4s
step  1595000 | reward(last100)  0.9618 | eps 0.050 | elapsed 3275.7s
step  1600000 | reward(last100)  0.9542 | eps 0.050 | elapsed 3286.0s
step  1605000 | reward(last100)  0.9543 | eps 0.050 | elapsed 3296.6s
step  1610000 | reward(last100)  0.9514 | eps 0.050 | elapsed 3306.9s
step  1615000 | reward(last100)  0.9339 | eps 0.050 | elapsed 3317.3s
step  1620000 | reward(last100)  0.9566 | eps 0.050 | elapsed 3327.5s
step  1625000 | reward(last100)  0.9612 | eps 0.050 | elapsed 3337.9s
step  1630000 | reward(last100)  0.9620 | eps 0.050 | elapsed 3348.2s
step  1635000 | reward(last100)  0.9591 | eps 0.050 | elapsed 3358.5s
step  1640000 | reward(last100)  0.9623 | eps 0.050 | elapsed 3368.9s
step  1645000 | reward(last100)  0.9625 | eps 0.050 | elapsed 3379.2s
step  1650000 | reward(last100)  0.9616 | eps 0.050 | elapsed 3389.5s
step  1655000 | reward(last100)  0.9648 | eps 0.050 | elapsed 3400.2s
step  1660000 | reward(last100)  0.9635 | eps 0.050 | elapsed 3410.6s
step  1665000 | reward(last100)  0.9579 | eps 0.050 | elapsed 3420.9s
step  1670000 | reward(last100)  0.9633 | eps 0.050 | elapsed 3431.2s
step  1675000 | reward(last100)  0.9659 | eps 0.050 | elapsed 3441.6s
step  1680000 | reward(last100)  0.9645 | eps 0.050 | elapsed 3452.0s
step  1685000 | reward(last100)  0.9639 | eps 0.050 | elapsed 3465.8s
step  1690000 | reward(last100)  0.9655 | eps 0.050 | elapsed 3480.5s
step  1695000 | reward(last100)  0.9660 | eps 0.050 | elapsed 3495.2s
step  1700000 | reward(last100)  0.9652 | eps 0.050 | elapsed 3509.8s
step  1705000 | reward(last100)  0.9647 | eps 0.050 | elapsed 3520.5s
step  1710000 | reward(last100)  0.9546 | eps 0.050 | elapsed 3530.8s
step  1715000 | reward(last100)  0.9593 | eps 0.050 | elapsed 3541.2s
step  1720000 | reward(last100)  0.9589 | eps 0.050 | elapsed 3551.5s
step  1725000 | reward(last100)  0.9643 | eps 0.050 | elapsed 3561.8s
step  1730000 | reward(last100)  0.9642 | eps 0.050 | elapsed 3572.1s
step  1735000 | reward(last100)  0.9268 | eps 0.050 | elapsed 3582.4s
step  1740000 | reward(last100)  0.9417 | eps 0.050 | elapsed 3592.7s
step  1745000 | reward(last100)  0.9554 | eps 0.050 | elapsed 3603.0s
step  1750000 | reward(last100)  0.9648 | eps 0.050 | elapsed 3613.3s
step  1755000 | reward(last100)  0.9600 | eps 0.050 | elapsed 3625.1s
step  1760000 | reward(last100)  0.9671 | eps 0.050 | elapsed 3636.6s
step  1765000 | reward(last100)  0.9621 | eps 0.050 | elapsed 3647.7s
step  1770000 | reward(last100)  0.9646 | eps 0.050 | elapsed 3658.1s
step  1775000 | reward(last100)  0.9646 | eps 0.050 | elapsed 3668.5s
step  1780000 | reward(last100)  0.9643 | eps 0.050 | elapsed 3678.8s
step  1785000 | reward(last100)  0.9590 | eps 0.050 | elapsed 3689.2s
step  1790000 | reward(last100)  0.9642 | eps 0.050 | elapsed 3699.6s
step  1795000 | reward(last100)  0.9642 | eps 0.050 | elapsed 3710.0s
step  1800000 | reward(last100)  0.9656 | eps 0.050 | elapsed 3720.3s
step  1805000 | reward(last100)  0.9658 | eps 0.050 | elapsed 3732.1s
step  1810000 | reward(last100)  0.9667 | eps 0.050 | elapsed 3743.5s
step  1815000 | reward(last100)  0.9638 | eps 0.050 | elapsed 3754.9s
step  1820000 | reward(last100)  0.9647 | eps 0.050 | elapsed 3766.4s
step  1825000 | reward(last100)  0.9660 | eps 0.050 | elapsed 3776.9s
step  1830000 | reward(last100)  0.9650 | eps 0.050 | elapsed 3787.3s
step  1835000 | reward(last100)  0.9270 | eps 0.050 | elapsed 3797.7s
step  1840000 | reward(last100)  0.9438 | eps 0.050 | elapsed 3808.0s
step  1845000 | reward(last100)  0.9426 | eps 0.050 | elapsed 3818.3s
step  1850000 | reward(last100)  0.9618 | eps 0.050 | elapsed 3830.4s
step  1855000 | reward(last100)  0.9497 | eps 0.050 | elapsed 3842.0s
step  1860000 | reward(last100)  0.9656 | eps 0.050 | elapsed 3853.3s
step  1865000 | reward(last100)  0.9630 | eps 0.050 | elapsed 3864.6s
step  1870000 | reward(last100)  0.9468 | eps 0.050 | elapsed 3875.9s
step  1875000 | reward(last100)  0.9644 | eps 0.050 | elapsed 3887.2s
step  1880000 | reward(last100)  0.9421 | eps 0.050 | elapsed 3898.5s
step  1885000 | reward(last100)  0.9591 | eps 0.050 | elapsed 3909.8s
step  1890000 | reward(last100)  0.9629 | eps 0.050 | elapsed 3921.1s
step  1895000 | reward(last100)  0.9595 | eps 0.050 | elapsed 3932.4s
step  1900000 | reward(last100)  0.9648 | eps 0.050 | elapsed 3943.2s
step  1905000 | reward(last100)  0.9578 | eps 0.050 | elapsed 3953.9s
step  1910000 | reward(last100)  0.9598 | eps 0.050 | elapsed 3964.4s
step  1915000 | reward(last100)  0.9639 | eps 0.050 | elapsed 3974.8s
step  1920000 | reward(last100)  0.9638 | eps 0.050 | elapsed 3985.3s
step  1925000 | reward(last100)  0.9645 | eps 0.050 | elapsed 3995.7s
step  1930000 | reward(last100)  0.9661 | eps 0.050 | elapsed 4006.2s
step  1935000 | reward(last100)  0.9660 | eps 0.050 | elapsed 4016.7s
step  1940000 | reward(last100)  0.9628 | eps 0.050 | elapsed 4027.5s
step  1945000 | reward(last100)  0.9592 | eps 0.050 | elapsed 4039.0s
step  1950000 | reward(last100)  0.9661 | eps 0.050 | elapsed 4050.5s
step  1955000 | reward(last100)  0.9630 | eps 0.050 | elapsed 4061.0s
step  1960000 | reward(last100)  0.9615 | eps 0.050 | elapsed 4071.3s
step  1965000 | reward(last100)  0.9521 | eps 0.050 | elapsed 4081.5s
step  1970000 | reward(last100)  0.9432 | eps 0.050 | elapsed 4091.7s
step  1975000 | reward(last100)  0.9463 | eps 0.050 | elapsed 4101.8s
step  1980000 | reward(last100)  0.9657 | eps 0.050 | elapsed 4112.1s
step  1985000 | reward(last100)  0.9632 | eps 0.050 | elapsed 4122.3s
step  1990000 | reward(last100)  0.9643 | eps 0.050 | elapsed 4132.5s
step  1995000 | reward(last100)  0.9602 | eps 0.050 | elapsed 4142.6s
step  2000000 | reward(last100)  0.9648 | eps 0.050 | elapsed 4152.9s
