step     5000 | reward(last100)  0.0158 | sigma 0.0309 | elapsed    5.9s
step    10000 | reward(last100)  0.0023 | sigma 0.0309 | elapsed   11.8s
step    15000 | reward(last100)  0.0532 | sigma 0.0298 | elapsed   34.9s
step    20000 | reward(last100)  0.0765 | sigma 0.0279 | elapsed   57.6s
step    25000 | reward(last100)  0.0564 | sigma 0.0266 | elapsed   79.0s
step    30000 | reward(last100)  0.0862 | sigma 0.0261 | elapsed  101.0s
step    35000 | reward(last100)  0.0915 | sigma 0.0258 | elapsed  120.5s
step    40000 | reward(last100)  0.0659 | sigma 0.0257 | elapsed  136.0s
step    45000 | reward(last100)  0.0780 | sigma 0.0256 | elapsed  156.4s
step    50000 | reward(last100)  0.0513 | sigma 0.0255 | elapsed  177.4s
step    55000 | reward(last100)  0.0711 | sigma 0.0254 | elapsed  194.3s
step    60000 | reward(last100)  0.0663 | sigma 0.0252 | elapsed  211.9s
step    65000 | reward(last100)  0.0557 | sigma 0.0251 | elapsed  232.0s
step    70000 | reward(last100)  0.1075 | sigma 0.0251 | elapsed  253.9s
step    75000 | reward(last100)  0.1410 | sigma 0.0249 | elapsed  271.0s
step    80000 | reward(last100)  0.1417 | sigma 0.0248 | elapsed  294.7s
step    85000 | reward(last100)  0.1198 | sigma 0.0248 | elapsed  313.5s
step    90000 | reward(last100)  0.1490 | sigma 0.0247 | elapsed  331.8s
step    95000 | reward(last100)  0.1721 | sigma 0.0247 | elapsed  348.5s
step   100000 | reward(last100)  0.1498 | sigma 0.0246 | elapsed  368.2s
step   105000 | reward(last100)  0.1855 | sigma 0.0245 | elapsed  389.8s
step   110000 | reward(last100)  0.1421 | sigma 0.0245 | elapsed  410.7s
step   115000 | reward(last100)  0.1845 | sigma 0.0244 | elapsed  426.8s
step   120000 | reward(last100)  0.2318 | sigma 0.0244 | elapsed  441.8s
step   125000 | reward(last100)  0.0825 | sigma 0.0243 | elapsed  463.4s
step   130000 | reward(last100)  0.1354 | sigma 0.0243 | elapsed  481.9s
step   135000 | reward(last100)  0.1889 | sigma 0.0242 | elapsed  497.8s
step   140000 | reward(last100)  0.1459 | sigma 0.0242 | elapsed  516.1s
step   145000 | reward(last100)  0.1958 | sigma 0.0242 | elapsed  536.9s
step   150000 | reward(last100)  0.2051 | sigma 0.0241 | elapsed  556.3s
step   155000 | reward(last100)  0.1902 | sigma 0.0241 | elapsed  578.5s
step   160000 | reward(last100)  0.2019 | sigma 0.0241 | elapsed  597.9s
step   165000 | reward(last100)  0.1467 | sigma 0.0241 | elapsed  616.4s
step   170000 | reward(last100)  0.2041 | sigma 0.0241 | elapsed  637.5s
step   175000 | reward(last100)  0.1823 | sigma 0.0241 | elapsed  656.9s
step   180000 | reward(last100)  0.1214 | sigma 0.0241 | elapsed  678.1s
step   185000 | reward(last100)  0.2064 | sigma 0.0240 | elapsed  696.4s
step   190000 | reward(last100)  0.2111 | sigma 0.0240 | elapsed  716.3s
step   195000 | reward(last100)  0.1316 | sigma 0.0240 | elapsed  736.3s
step   200000 | reward(last100)  0.1288 | sigma 0.0240 | elapsed  756.6s
step   205000 | reward(last100)  0.1157 | sigma 0.0241 | elapsed  778.1s
step   210000 | reward(last100)  0.2131 | sigma 0.0241 | elapsed  798.9s
step   215000 | reward(last100)  0.2087 | sigma 0.0240 | elapsed  817.0s
step   220000 | reward(last100)  0.1618 | sigma 0.0240 | elapsed  833.0s
step   225000 | reward(last100)  0.1894 | sigma 0.0240 | elapsed  851.5s
step   230000 | reward(last100)  0.1689 | sigma 0.0240 | elapsed  869.1s
step   235000 | reward(last100)  0.1936 | sigma 0.0240 | elapsed  888.3s
step   240000 | reward(last100)  0.1708 | sigma 0.0240 | elapsed  908.3s
step   245000 | reward(last100)  0.1968 | sigma 0.0240 | elapsed  929.0s
step   250000 | reward(last100)  0.1459 | sigma 0.0240 | elapsed  949.5s
step   255000 | reward(last100)  0.1979 | sigma 0.0240 | elapsed  967.4s
step   260000 | reward(last100)  0.1439 | sigma 0.0240 | elapsed  983.2s
step   265000 | reward(last100)  0.0465 | sigma 0.0240 | elapsed 1001.3s
step   270000 | reward(last100)  0.1981 | sigma 0.0240 | elapsed 1024.2s
step   275000 | reward(last100)  0.1541 | sigma 0.0240 | elapsed 1046.3s
step   280000 | reward(last100)  0.1367 | sigma 0.0240 | elapsed 1068.0s
step   285000 | reward(last100)  0.1862 | sigma 0.0240 | elapsed 1090.1s
step   290000 | reward(last100)  0.1467 | sigma 0.0240 | elapsed 1112.3s
step   295000 | reward(last100)  0.1041 | sigma 0.0240 | elapsed 1134.4s
step   300000 | reward(last100)  0.2271 | sigma 0.0240 | elapsed 1156.5s
step   305000 | reward(last100)  0.2081 | sigma 0.0240 | elapsed 1172.6s
step   310000 | reward(last100)  0.1689 | sigma 0.0240 | elapsed 1188.7s
step   315000 | reward(last100)  0.1321 | sigma 0.0240 | elapsed 1206.2s
step   320000 | reward(last100)  0.1577 | sigma 0.0240 | elapsed 1227.2s
step   325000 | reward(last100)  0.1515 | sigma 0.0240 | elapsed 1249.7s
step   330000 | reward(last100)  0.2291 | sigma 0.0240 | elapsed 1272.1s
step   335000 | reward(last100)  0.1734 | sigma 0.0240 | elapsed 1294.7s
step   340000 | reward(last100)  0.1774 | sigma 0.0240 | elapsed 1317.9s
step   345000 | reward(last100)  0.0811 | sigma 0.0240 | elapsed 1340.6s
step   350000 | reward(last100)  0.1348 | sigma 0.0240 | elapsed 1361.8s
step   355000 | reward(last100)  0.1601 | sigma 0.0240 | elapsed 1381.1s
step   360000 | reward(last100)  0.2078 | sigma 0.0240 | elapsed 1398.5s
step   365000 | reward(last100)  0.1436 | sigma 0.0240 | elapsed 1416.3s
step   370000 | reward(last100)  0.2190 | sigma 0.0240 | elapsed 1434.3s
step   375000 | reward(last100)  0.1612 | sigma 0.0240 | elapsed 1452.2s
step   380000 | reward(last100)  0.1659 | sigma 0.0240 | elapsed 1470.0s
step   385000 | reward(last100)  0.1255 | sigma 0.0240 | elapsed 1488.3s
step   390000 | reward(last100)  0.1855 | sigma 0.0240 | elapsed 1506.6s
step   395000 | reward(last100)  0.1701 | sigma 0.0240 | elapsed 1523.9s
step   400000 | reward(last100)  0.2439 | sigma 0.0239 | elapsed 1541.6s
step   405000 | reward(last100)  0.1318 | sigma 0.0240 | elapsed 1564.5s
step   410000 | reward(last100)  0.2791 | sigma 0.0240 | elapsed 1583.9s
step   415000 | reward(last100)  0.1497 | sigma 0.0240 | elapsed 1600.3s
step   420000 | reward(last100)  0.1682 | sigma 0.0240 | elapsed 1616.8s
step   425000 | reward(last100)  0.1606 | sigma 0.0239 | elapsed 1633.1s
step   430000 | reward(last100)  0.1646 | sigma 0.0239 | elapsed 1649.6s
step   435000 | reward(last100)  0.1668 | sigma 0.0240 | elapsed 1666.0s
step   440000 | reward(last100)  0.2271 | sigma 0.0239 | elapsed 1682.5s
step   445000 | reward(last100)  0.2104 | sigma 0.0239 | elapsed 1700.9s
step   450000 | reward(last100)  0.1716 | sigma 0.0239 | elapsed 1721.0s
step   455000 | reward(last100)  0.1997 | sigma 0.0239 | elapsed 1739.7s
step   460000 | reward(last100)  0.1363 | sigma 0.0239 | elapsed 1757.5s
step   465000 | reward(last100)  0.1848 | sigma 0.0239 | elapsed 1775.0s
step   470000 | reward(last100)  0.1973 | sigma 0.0239 | elapsed 1792.6s
step   475000 | reward(last100)  0.1972 | sigma 0.0239 | elapsed 1809.7s
step   480000 | reward(last100)  0.1739 | sigma 0.0239 | elapsed 1826.0s
step   485000 | reward(last100)  0.2214 | sigma 0.0239 | elapsed 1843.4s
step   490000 | reward(last100)  0.1758 | sigma 0.0239 | elapsed 1861.0s
step   495000 | reward(last100)  0.2442 | sigma 0.0239 | elapsed 1878.2s
step   500000 | reward(last100)  0.1101 | sigma 0.0239 | elapsed 1898.9s
step   505000 | reward(last100)  0.2157 | sigma 0.0239 | elapsed 1916.7s
step   510000 | reward(last100)  0.2147 | sigma 0.0239 | elapsed 1934.2s
step   515000 | reward(last100)  0.2718 | sigma 0.0239 | elapsed 1951.9s
step   520000 | reward(last100)  0.1927 | sigma 0.0239 | elapsed 1969.5s
step   525000 | reward(last100)  0.2212 | sigma 0.0239 | elapsed 1987.2s
step   530000 | reward(last100)  0.2883 | sigma 0.0239 | elapsed 2004.8s
step   535000 | reward(last100)  0.2213 | sigma 0.0239 | elapsed 2025.4s
step   540000 | reward(last100)  0.1702 | sigma 0.0239 | elapsed 2047.5s
step   545000 | reward(last100)  0.1811 | sigma 0.0239 | elapsed 2069.0s
step   550000 | reward(last100)  0.2512 | sigma 0.0239 | elapsed 2090.5s
step   555000 | reward(last100)  0.1835 | sigma 0.0239 | elapsed 2110.2s
step   560000 | reward(last100)  0.2228 | sigma 0.0239 | elapsed 2131.4s
step   565000 | reward(last100)  0.2699 | sigma 0.0239 | elapsed 2153.6s
step   570000 | reward(last100)  0.1499 | sigma 0.0239 | elapsed 2174.9s
step   575000 | reward(last100)  0.1470 | sigma 0.0239 | elapsed 2192.6s
step   580000 | reward(last100)  0.1687 | sigma 0.0239 | elapsed 2210.3s
step   585000 | reward(last100)  0.2077 | sigma 0.0239 | elapsed 2228.0s
step   590000 | reward(last100)  0.1363 | sigma 0.0239 | elapsed 2246.1s
step   595000 | reward(last100)  0.2097 | sigma 0.0239 | elapsed 2265.1s
step   600000 | reward(last100)  0.2218 | sigma 0.0239 | elapsed 2283.6s
step   605000 | reward(last100)  0.1462 | sigma 0.0239 | elapsed 2301.8s
step   610000 | reward(last100)  0.1817 | sigma 0.0239 | elapsed 2318.5s
step   615000 | reward(last100)  0.1505 | sigma 0.0239 | elapsed 2335.0s
step   620000 | reward(last100)  0.2078 | sigma 0.0239 | elapsed 2351.6s
step   625000 | reward(last100)  0.2097 | sigma 0.0239 | elapsed 2368.1s
step   630000 | reward(last100)  0.1961 | sigma 0.0239 | elapsed 2384.6s
step   635000 | reward(last100)  0.1741 | sigma 0.0238 | elapsed 2401.1s
step   640000 | reward(last100)  0.2629 | sigma 0.0239 | elapsed 2417.6s
step   645000 | reward(last100)  0.2234 | sigma 0.0238 | elapsed 2434.1s
step   650000 | reward(last100)  0.1723 | sigma 0.0238 | elapsed 2451.6s
step   655000 | reward(last100)  0.1568 | sigma 0.0239 | elapsed 2468.5s
step   660000 | reward(last100)  0.1751 | sigma 0.0239 | elapsed 2484.8s
step   665000 | reward(last100)  0.1393 | sigma 0.0239 | elapsed 2501.3s
step   670000 | reward(last100)  0.2008 | sigma 0.0238 | elapsed 2517.8s
step   675000 | reward(last100)  0.1498 | sigma 0.0238 | elapsed 2534.2s
step   680000 | reward(last100)  0.1759 | sigma 0.0238 | elapsed 2550.7s
step   685000 | reward(last100)  0.1219 | sigma 0.0238 | elapsed 2567.3s
step   690000 | reward(last100)  0.1851 | sigma 0.0238 | elapsed 2583.8s
step   695000 | reward(last100)  0.1610 | sigma 0.0238 | elapsed 2600.4s
step   700000 | reward(last100)  0.1368 | sigma 0.0238 | elapsed 2617.1s
step   705000 | reward(last100)  0.2115 | sigma 0.0238 | elapsed 2635.9s
step   710000 | reward(last100)  0.1287 | sigma 0.0238 | elapsed 2652.5s
step   715000 | reward(last100)  0.0995 | sigma 0.0238 | elapsed 2669.1s
step   720000 | reward(last100)  0.2002 | sigma 0.0238 | elapsed 2685.6s
step   725000 | reward(last100)  0.1356 | sigma 0.0238 | elapsed 2702.3s
step   730000 | reward(last100)  0.1594 | sigma 0.0238 | elapsed 2720.0s
step   735000 | reward(last100)  0.1412 | sigma 0.0238 | elapsed 2737.7s
step   740000 | reward(last100)  0.1608 | sigma 0.0238 | elapsed 2755.2s
step   745000 | reward(last100)  0.1782 | sigma 0.0238 | elapsed 2773.0s
step   750000 | reward(last100)  0.2311 | sigma 0.0238 | elapsed 2793.5s
step   755000 | reward(last100)  0.1759 | sigma 0.0238 | elapsed 2814.1s
step   760000 | reward(last100)  0.2270 | sigma 0.0237 | elapsed 2835.2s
step   765000 | reward(last100)  0.2650 | sigma 0.0237 | elapsed 2855.3s
step   770000 | reward(last100)  0.2181 | sigma 0.0238 | elapsed 2873.2s
step   775000 | reward(last100)  0.1672 | sigma 0.0238 | elapsed 2890.2s
step   780000 | reward(last100)  0.2046 | sigma 0.0238 | elapsed 2907.0s
step   785000 | reward(last100)  0.1501 | sigma 0.0237 | elapsed 2923.7s
step   790000 | reward(last100)  0.2613 | sigma 0.0238 | elapsed 2940.4s
step   795000 | reward(last100)  0.2467 | sigma 0.0238 | elapsed 2958.7s
step   800000 | reward(last100)  0.1938 | sigma 0.0238 | elapsed 2980.4s
step   805000 | reward(last100)  0.2224 | sigma 0.0238 | elapsed 2997.7s
step   810000 | reward(last100)  0.2181 | sigma 0.0238 | elapsed 3014.7s
step   815000 | reward(last100)  0.2044 | sigma 0.0238 | elapsed 3032.6s
step   820000 | reward(last100)  0.2166 | sigma 0.0238 | elapsed 3049.9s
step   825000 | reward(last100)  0.2152 | sigma 0.0238 | elapsed 3067.2s
step   830000 | reward(last100)  0.1563 | sigma 0.0238 | elapsed 3087.0s
step   835000 | reward(last100)  0.2131 | sigma 0.0238 | elapsed 3105.0s
step   840000 | reward(last100)  0.2029 | sigma 0.0238 | elapsed 3123.1s
step   845000 | reward(last100)  0.2650 | sigma 0.0238 | elapsed 3141.3s
step   850000 | reward(last100)  0.2877 | sigma 0.0238 | elapsed 3159.5s
step   855000 | reward(last100)  0.1186 | sigma 0.0238 | elapsed 3176.9s
step   860000 | reward(last100)  0.1227 | sigma 0.0238 | elapsed 3194.0s
step   865000 | reward(last100)  0.1567 | sigma 0.0238 | elapsed 3211.0s
step   870000 | reward(last100)  0.2353 | sigma 0.0238 | elapsed 3228.8s
step   875000 | reward(last100)  0.1888 | sigma 0.0238 | elapsed 3248.7s
step   880000 | reward(last100)  0.1119 | sigma 0.0238 | elapsed 3267.7s
step   885000 | reward(last100)  0.2395 | sigma 0.0238 | elapsed 3285.9s
step   890000 | reward(last100)  0.2482 | sigma 0.0238 | elapsed 3302.9s
step   895000 | reward(last100)  0.2654 | sigma 0.0238 | elapsed 3320.8s
step   900000 | reward(last100)  0.1940 | sigma 0.0238 | elapsed 3338.9s
step   905000 | reward(last100)  0.2123 | sigma 0.0238 | elapsed 3356.3s
step   910000 | reward(last100)  0.2352 | sigma 0.0238 | elapsed 3373.2s
step   915000 | reward(last100)  0.1359 | sigma 0.0237 | elapsed 3390.0s
step   920000 | reward(last100)  0.2091 | sigma 0.0237 | elapsed 3406.9s
step   925000 | reward(last100)  0.1926 | sigma 0.0238 | elapsed 3425.3s
step   930000 | reward(last100)  0.1776 | sigma 0.0238 | elapsed 3447.5s
step   935000 | reward(last100)  0.1971 | sigma 0.0238 | elapsed 3469.6s
step   940000 | reward(last100)  0.1371 | sigma 0.0238 | elapsed 3492.4s
step   945000 | reward(last100)  0.1536 | sigma 0.0238 | elapsed 3514.6s
step   950000 | reward(last100)  0.1629 | sigma 0.0238 | elapsed 3536.6s
step   955000 | reward(last100)  0.1827 | sigma 0.0238 | elapsed 3554.5s
step   960000 | reward(last100)  0.2371 | sigma 0.0237 | elapsed 3571.5s
step   965000 | reward(last100)  0.2153 | sigma 0.0237 | elapsed 3588.6s
step   970000 | reward(last100)  0.2334 | sigma 0.0237 | elapsed 3605.6s
step   975000 | reward(last100)  0.1894 | sigma 0.0237 | elapsed 3622.6s
step   980000 | reward(last100)  0.1762 | sigma 0.0237 | elapsed 3639.6s
step   985000 | reward(last100)  0.2153 | sigma 0.0237 | elapsed 3656.7s
step   990000 | reward(last100)  0.1916 | sigma 0.0237 | elapsed 3673.9s
step   995000 | reward(last100)  0.2251 | sigma 0.0237 | elapsed 3691.0s
step  1000000 | reward(last100)  0.2196 | sigma 0.0237 | elapsed 3708.1s
step  1005000 | reward(last100)  0.1940 | sigma 0.0237 | elapsed 3726.6s
step  1010000 | reward(last100)  0.1684 | sigma 0.0237 | elapsed 3743.8s
step  1015000 | reward(last100)  0.2580 | sigma 0.0237 | elapsed 3761.0s
step  1020000 | reward(last100)  0.1975 | sigma 0.0237 | elapsed 3778.2s
step  1025000 | reward(last100)  0.1865 | sigma 0.0237 | elapsed 3795.3s
step  1030000 | reward(last100)  0.1627 | sigma 0.0237 | elapsed 3812.8s
step  1035000 | reward(last100)  0.0925 | sigma 0.0237 | elapsed 3829.9s
step  1040000 | reward(last100)  0.1950 | sigma 0.0237 | elapsed 3847.2s
step  1045000 | reward(last100)  0.2138 | sigma 0.0237 | elapsed 3864.4s
step  1050000 | reward(last100)  0.2078 | sigma 0.0237 | elapsed 3881.7s
step  1055000 | reward(last100)  0.2259 | sigma 0.0237 | elapsed 3899.3s
step  1060000 | reward(last100)  0.2127 | sigma 0.0237 | elapsed 3919.2s
step  1065000 | reward(last100)  0.1920 | sigma 0.0237 | elapsed 3942.6s
step  1070000 | reward(last100)  0.1502 | sigma 0.0237 | elapsed 3966.1s
step  1075000 | reward(last100)  0.1831 | sigma 0.0237 | elapsed 3989.6s
step  1080000 | reward(last100)  0.1548 | sigma 0.0237 | elapsed 4013.3s
step  1085000 | reward(last100)  0.2486 | sigma 0.0237 | elapsed 4036.7s
step  1090000 | reward(last100)  0.2067 | sigma 0.0237 | elapsed 4059.5s
step  1095000 | reward(last100)  0.2070 | sigma 0.0237 | elapsed 4080.2s
step  1100000 | reward(last100)  0.2294 | sigma 0.0237 | elapsed 4097.8s
step  1105000 | reward(last100)  0.2357 | sigma 0.0237 | elapsed 4115.3s
step  1110000 | reward(last100)  0.2520 | sigma 0.0237 | elapsed 4132.6s
step  1115000 | reward(last100)  0.2031 | sigma 0.0237 | elapsed 4149.9s
step  1120000 | reward(last100)  0.2304 | sigma 0.0237 | elapsed 4168.3s
step  1125000 | reward(last100)  0.1825 | sigma 0.0237 | elapsed 4185.6s
step  1130000 | reward(last100)  0.1521 | sigma 0.0237 | elapsed 4202.9s
step  1135000 | reward(last100)  0.2419 | sigma 0.0237 | elapsed 4220.2s
step  1140000 | reward(last100)  0.1948 | sigma 0.0237 | elapsed 4239.2s
step  1145000 | reward(last100)  0.2498 | sigma 0.0237 | elapsed 4261.0s
step  1150000 | reward(last100)  0.1813 | sigma 0.0237 | elapsed 4282.7s
step  1155000 | reward(last100)  0.1614 | sigma 0.0237 | elapsed 4304.1s
step  1160000 | reward(last100)  0.1465 | sigma 0.0237 | elapsed 4327.3s
step  1165000 | reward(last100)  0.2823 | sigma 0.0237 | elapsed 4345.3s
step  1170000 | reward(last100)  0.1829 | sigma 0.0237 | elapsed 4362.8s
step  1175000 | reward(last100)  0.2214 | sigma 0.0237 | elapsed 4382.8s
step  1180000 | reward(last100)  0.2029 | sigma 0.0237 | elapsed 4405.2s
step  1185000 | reward(last100)  0.2312 | sigma 0.0237 | elapsed 4427.5s
step  1190000 | reward(last100)  0.2603 | sigma 0.0237 | elapsed 4447.4s
step  1195000 | reward(last100)  0.2151 | sigma 0.0237 | elapsed 4467.7s
step  1200000 | reward(last100)  0.1755 | sigma 0.0237 | elapsed 4487.6s
step  1205000 | reward(last100)  0.2455 | sigma 0.0237 | elapsed 4506.5s
step  1210000 | reward(last100)  0.2822 | sigma 0.0237 | elapsed 4526.5s
step  1215000 | reward(last100)  0.2284 | sigma 0.0237 | elapsed 4546.4s
step  1220000 | reward(last100)  0.2222 | sigma 0.0237 | elapsed 4565.9s
step  1225000 | reward(last100)  0.2152 | sigma 0.0237 | elapsed 4585.4s
step  1230000 | reward(last100)  0.2213 | sigma 0.0237 | elapsed 4605.8s
step  1235000 | reward(last100)  0.2325 | sigma 0.0237 | elapsed 4625.7s
step  1240000 | reward(last100)  0.2361 | sigma 0.0237 | elapsed 4645.7s
step  1245000 | reward(last100)  0.2015 | sigma 0.0237 | elapsed 4666.5s
step  1250000 | reward(last100)  0.2468 | sigma 0.0236 | elapsed 4690.7s
step  1255000 | reward(last100)  0.2358 | sigma 0.0237 | elapsed 4710.6s
step  1260000 | reward(last100)  0.2146 | sigma 0.0236 | elapsed 4732.7s
step  1265000 | reward(last100)  0.1572 | sigma 0.0236 | elapsed 4754.9s
step  1270000 | reward(last100)  0.1797 | sigma 0.0236 | elapsed 4776.1s
step  1275000 | reward(last100)  0.1967 | sigma 0.0236 | elapsed 4795.0s
step  1280000 | reward(last100)  0.1659 | sigma 0.0236 | elapsed 4813.9s
step  1285000 | reward(last100)  0.2178 | sigma 0.0236 | elapsed 4832.7s
step  1290000 | reward(last100)  0.1669 | sigma 0.0236 | elapsed 4852.4s
step  1295000 | reward(last100)  0.1663 | sigma 0.0237 | elapsed 4872.6s
step  1300000 | reward(last100)  0.1849 | sigma 0.0237 | elapsed 4893.1s
step  1305000 | reward(last100)  0.2057 | sigma 0.0236 | elapsed 4911.8s
step  1310000 | reward(last100)  0.1844 | sigma 0.0236 | elapsed 4929.5s
step  1315000 | reward(last100)  0.2381 | sigma 0.0236 | elapsed 4946.9s
step  1320000 | reward(last100)  0.1309 | sigma 0.0236 | elapsed 4964.4s
step  1325000 | reward(last100)  0.1474 | sigma 0.0236 | elapsed 4981.9s
step  1330000 | reward(last100)  0.1108 | sigma 0.0236 | elapsed 4999.3s
step  1335000 | reward(last100)  0.1370 | sigma 0.0236 | elapsed 5016.8s
step  1340000 | reward(last100)  0.1656 | sigma 0.0236 | elapsed 5035.8s
step  1345000 | reward(last100)  0.1746 | sigma 0.0236 | elapsed 5054.7s
step  1350000 | reward(last100)  0.1787 | sigma 0.0236 | elapsed 5073.7s
step  1355000 | reward(last100)  0.2512 | sigma 0.0236 | elapsed 5091.5s
step  1360000 | reward(last100)  0.1223 | sigma 0.0236 | elapsed 5108.9s
step  1365000 | reward(last100)  0.1747 | sigma 0.0236 | elapsed 5126.3s
step  1370000 | reward(last100)  0.1409 | sigma 0.0236 | elapsed 5143.7s
step  1375000 | reward(last100)  0.1810 | sigma 0.0236 | elapsed 5161.9s
step  1380000 | reward(last100)  0.2188 | sigma 0.0236 | elapsed 5181.0s
step  1385000 | reward(last100)  0.1939 | sigma 0.0236 | elapsed 5200.2s
step  1390000 | reward(last100)  0.2585 | sigma 0.0235 | elapsed 5218.1s
step  1395000 | reward(last100)  0.1899 | sigma 0.0236 | elapsed 5235.7s
step  1400000 | reward(last100)  0.1374 | sigma 0.0236 | elapsed 5253.1s
step  1405000 | reward(last100)  0.1753 | sigma 0.0236 | elapsed 5271.0s
step  1410000 | reward(last100)  0.1819 | sigma 0.0236 | elapsed 5288.5s
step  1415000 | reward(last100)  0.1886 | sigma 0.0236 | elapsed 5306.0s
step  1420000 | reward(last100)  0.1642 | sigma 0.0236 | elapsed 5323.5s
step  1425000 | reward(last100)  0.2077 | sigma 0.0236 | elapsed 5341.0s
step  1430000 | reward(last100)  0.3078 | sigma 0.0236 | elapsed 5358.4s
step  1435000 | reward(last100)  0.1829 | sigma 0.0236 | elapsed 5375.9s
step  1440000 | reward(last100)  0.2238 | sigma 0.0236 | elapsed 5393.3s
step  1445000 | reward(last100)  0.1596 | sigma 0.0236 | elapsed 5410.7s
step  1450000 | reward(last100)  0.2369 | sigma 0.0236 | elapsed 5428.2s
step  1455000 | reward(last100)  0.1852 | sigma 0.0236 | elapsed 5446.4s
step  1460000 | reward(last100)  0.2542 | sigma 0.0236 | elapsed 5464.5s
step  1465000 | reward(last100)  0.1660 | sigma 0.0236 | elapsed 5482.0s
step  1470000 | reward(last100)  0.2029 | sigma 0.0236 | elapsed 5499.5s
step  1475000 | reward(last100)  0.1869 | sigma 0.0236 | elapsed 5517.2s
step  1480000 | reward(last100)  0.1785 | sigma 0.0236 | elapsed 5534.9s
step  1485000 | reward(last100)  0.2190 | sigma 0.0236 | elapsed 5552.5s
step  1490000 | reward(last100)  0.2115 | sigma 0.0236 | elapsed 5570.5s
step  1495000 | reward(last100)  0.2580 | sigma 0.0236 | elapsed 5588.4s
step  1500000 | reward(last100)  0.1695 | sigma 0.0236 | elapsed 5606.1s
step  1505000 | reward(last100)  0.1576 | sigma 0.0236 | elapsed 5626.2s
step  1510000 | reward(last100)  0.2444 | sigma 0.0235 | elapsed 5645.9s
step  1515000 | reward(last100)  0.1847 | sigma 0.0236 | elapsed 5665.9s
step  1520000 | reward(last100)  0.1813 | sigma 0.0236 | elapsed 5685.9s
step  1525000 | reward(last100)  0.2805 | sigma 0.0236 | elapsed 5705.7s
step  1530000 | reward(last100)  0.1917 | sigma 0.0236 | elapsed 5725.5s
step  1535000 | reward(last100)  0.2035 | sigma 0.0236 | elapsed 5745.1s
step  1540000 | reward(last100)  0.1385 | sigma 0.0236 | elapsed 5764.5s
step  1545000 | reward(last100)  0.2026 | sigma 0.0236 | elapsed 5782.3s
step  1550000 | reward(last100)  0.2068 | sigma 0.0235 | elapsed 5800.4s
step  1555000 | reward(last100)  0.1878 | sigma 0.0236 | elapsed 5820.6s
step  1560000 | reward(last100)  0.2448 | sigma 0.0236 | elapsed 5842.6s
step  1565000 | reward(last100)  0.1739 | sigma 0.0236 | elapsed 5865.5s
step  1570000 | reward(last100)  0.1191 | sigma 0.0236 | elapsed 5887.1s
step  1575000 | reward(last100)  0.1865 | sigma 0.0236 | elapsed 5906.5s
step  1580000 | reward(last100)  0.2130 | sigma 0.0236 | elapsed 5926.0s
step  1585000 | reward(last100)  0.2393 | sigma 0.0235 | elapsed 5945.5s
step  1590000 | reward(last100)  0.2249 | sigma 0.0236 | elapsed 5965.0s
step  1595000 | reward(last100)  0.1255 | sigma 0.0236 | elapsed 5988.5s
step  1600000 | reward(last100)  0.2261 | sigma 0.0236 | elapsed 6012.4s
step  1605000 | reward(last100)  0.2237 | sigma 0.0236 | elapsed 6032.5s
step  1610000 | reward(last100)  0.1769 | sigma 0.0236 | elapsed 6051.7s
step  1615000 | reward(last100)  0.1585 | sigma 0.0236 | elapsed 6069.8s
step  1620000 | reward(last100)  0.1784 | sigma 0.0236 | elapsed 6087.9s
step  1625000 | reward(last100)  0.2051 | sigma 0.0236 | elapsed 6107.7s
step  1630000 | reward(last100)  0.1709 | sigma 0.0236 | elapsed 6127.3s
step  1635000 | reward(last100)  0.2150 | sigma 0.0236 | elapsed 6146.9s
step  1640000 | reward(last100)  0.2542 | sigma 0.0236 | elapsed 6166.2s
step  1645000 | reward(last100)  0.2037 | sigma 0.0236 | elapsed 6184.7s
step  1650000 | reward(last100)  0.1760 | sigma 0.0236 | elapsed 6202.6s
step  1655000 | reward(last100)  0.1895 | sigma 0.0236 | elapsed 6221.1s
step  1660000 | reward(last100)  0.1608 | sigma 0.0236 | elapsed 6239.3s
step  1665000 | reward(last100)  0.2407 | sigma 0.0235 | elapsed 6257.3s
step  1670000 | reward(last100)  0.1969 | sigma 0.0236 | elapsed 6275.4s
step  1675000 | reward(last100)  0.2205 | sigma 0.0235 | elapsed 6293.7s
step  1680000 | reward(last100)  0.2014 | sigma 0.0236 | elapsed 6311.9s
step  1685000 | reward(last100)  0.2163 | sigma 0.0235 | elapsed 6330.1s
step  1690000 | reward(last100)  0.1919 | sigma 0.0235 | elapsed 6348.3s
step  1695000 | reward(last100)  0.1845 | sigma 0.0235 | elapsed 6366.4s
step  1700000 | reward(last100)  0.2177 | sigma 0.0235 | elapsed 6385.1s
step  1705000 | reward(last100)  0.2264 | sigma 0.0235 | elapsed 6403.8s
step  1710000 | reward(last100)  0.1949 | sigma 0.0235 | elapsed 6422.1s
step  1715000 | reward(last100)  0.2142 | sigma 0.0235 | elapsed 6441.1s
step  1720000 | reward(last100)  0.2225 | sigma 0.0235 | elapsed 6460.8s
step  1725000 | reward(last100)  0.1938 | sigma 0.0235 | elapsed 6480.6s
step  1730000 | reward(last100)  0.2315 | sigma 0.0235 | elapsed 6500.2s
step  1735000 | reward(last100)  0.1876 | sigma 0.0235 | elapsed 6519.9s
step  1740000 | reward(last100)  0.1676 | sigma 0.0235 | elapsed 6539.7s
step  1745000 | reward(last100)  0.1227 | sigma 0.0235 | elapsed 6559.4s
step  1750000 | reward(last100)  0.2341 | sigma 0.0235 | elapsed 6577.7s
step  1755000 | reward(last100)  0.2430 | sigma 0.0235 | elapsed 6596.5s
step  1760000 | reward(last100)  0.2252 | sigma 0.0235 | elapsed 6614.8s
step  1765000 | reward(last100)  0.2437 | sigma 0.0235 | elapsed 6633.1s
step  1770000 | reward(last100)  0.1672 | sigma 0.0235 | elapsed 6651.4s
step  1775000 | reward(last100)  0.1975 | sigma 0.0235 | elapsed 6669.7s
step  1780000 | reward(last100)  0.1885 | sigma 0.0235 | elapsed 6687.9s
step  1785000 | reward(last100)  0.1811 | sigma 0.0235 | elapsed 6706.1s
step  1790000 | reward(last100)  0.1783 | sigma 0.0235 | elapsed 6724.3s
step  1795000 | reward(last100)  0.2064 | sigma 0.0235 | elapsed 6742.7s
step  1800000 | reward(last100)  0.1709 | sigma 0.0235 | elapsed 6763.8s
step  1805000 | reward(last100)  0.1543 | sigma 0.0235 | elapsed 6782.4s
step  1810000 | reward(last100)  0.1428 | sigma 0.0235 | elapsed 6800.6s
step  1815000 | reward(last100)  0.2045 | sigma 0.0235 | elapsed 6818.6s
step  1820000 | reward(last100)  0.2442 | sigma 0.0234 | elapsed 6836.7s
step  1825000 | reward(last100)  0.2514 | sigma 0.0235 | elapsed 6854.7s
step  1830000 | reward(last100)  0.2332 | sigma 0.0235 | elapsed 6872.7s
step  1835000 | reward(last100)  0.1636 | sigma 0.0235 | elapsed 6890.7s
step  1840000 | reward(last100)  0.2295 | sigma 0.0235 | elapsed 6908.7s
step  1845000 | reward(last100)  0.2549 | sigma 0.0235 | elapsed 6926.8s
step  1850000 | reward(last100)  0.1992 | sigma 0.0235 | elapsed 6944.8s
step  1855000 | reward(last100)  0.2018 | sigma 0.0235 | elapsed 6968.2s
step  1860000 | reward(last100)  0.1886 | sigma 0.0235 | elapsed 6986.1s
step  1865000 | reward(last100)  0.2295 | sigma 0.0235 | elapsed 7004.1s
step  1870000 | reward(last100)  0.1901 | sigma 0.0235 | elapsed 7022.0s
step  1875000 | reward(last100)  0.1471 | sigma 0.0235 | elapsed 7039.9s
step  1880000 | reward(last100)  0.1592 | sigma 0.0235 | elapsed 7057.8s
step  1885000 | reward(last100)  0.2043 | sigma 0.0235 | elapsed 7075.7s
step  1890000 | reward(last100)  0.1601 | sigma 0.0235 | elapsed 7093.6s
step  1895000 | reward(last100)  0.2044 | sigma 0.0235 | elapsed 7111.4s
step  1900000 | reward(last100)  0.2343 | sigma 0.0235 | elapsed 7129.2s
step  1905000 | reward(last100)  0.1592 | sigma 0.0235 | elapsed 7147.4s
step  1910000 | reward(last100)  0.1504 | sigma 0.0235 | elapsed 7165.2s
step  1915000 | reward(last100)  0.2111 | sigma 0.0235 | elapsed 7182.9s
step  1920000 | reward(last100)  0.1963 | sigma 0.0235 | elapsed 7200.6s
step  1925000 | reward(last100)  0.1985 | sigma 0.0235 | elapsed 7218.3s
step  1930000 | reward(last100)  0.2246 | sigma 0.0235 | elapsed 7236.0s
step  1935000 | reward(last100)  0.2277 | sigma 0.0235 | elapsed 7253.7s
step  1940000 | reward(last100)  0.2673 | sigma 0.0235 | elapsed 7271.3s
step  1945000 | reward(last100)  0.2713 | sigma 0.0235 | elapsed 7289.8s
step  1950000 | reward(last100)  0.2434 | sigma 0.0235 | elapsed 7308.5s
step  1955000 | reward(last100)  0.1508 | sigma 0.0235 | elapsed 7326.7s
step  1960000 | reward(last100)  0.2294 | sigma 0.0235 | elapsed 7344.3s
step  1965000 | reward(last100)  0.1585 | sigma 0.0235 | elapsed 7362.1s
step  1970000 | reward(last100)  0.1742 | sigma 0.0235 | elapsed 7379.8s
step  1975000 | reward(last100)  0.1769 | sigma 0.0235 | elapsed 7397.6s
step  1980000 | reward(last100)  0.2524 | sigma 0.0235 | elapsed 7415.5s
step  1985000 | reward(last100)  0.2016 | sigma 0.0235 | elapsed 7433.3s
step  1990000 | reward(last100)  0.1583 | sigma 0.0235 | elapsed 7451.1s
step  1995000 | reward(last100)  0.1986 | sigma 0.0235 | elapsed 7471.3s
step  2000000 | reward(last100)  0.2031 | sigma 0.0235 | elapsed 7493.7s
step  2005000 | reward(last100)  0.2190 | sigma 0.0235 | elapsed 7513.0s
step  2010000 | reward(last100)  0.2353 | sigma 0.0235 | elapsed 7531.9s
step  2015000 | reward(last100)  0.1472 | sigma 0.0235 | elapsed 7550.9s
step  2020000 | reward(last100)  0.2084 | sigma 0.0235 | elapsed 7570.3s
step  2025000 | reward(last100)  0.1921 | sigma 0.0235 | elapsed 7590.2s
step  2030000 | reward(last100)  0.1614 | sigma 0.0235 | elapsed 7609.8s
step  2035000 | reward(last100)  0.2304 | sigma 0.0235 | elapsed 7629.0s
step  2040000 | reward(last100)  0.1385 | sigma 0.0235 | elapsed 7648.2s
step  2045000 | reward(last100)  0.2257 | sigma 0.0235 | elapsed 7667.3s
step  2050000 | reward(last100)  0.2090 | sigma 0.0235 | elapsed 7686.5s
step  2055000 | reward(last100)  0.1336 | sigma 0.0235 | elapsed 7704.5s
step  2060000 | reward(last100)  0.1498 | sigma 0.0235 | elapsed 7722.1s
step  2065000 | reward(last100)  0.2079 | sigma 0.0235 | elapsed 7739.7s
step  2070000 | reward(last100)  0.2570 | sigma 0.0235 | elapsed 7757.3s
step  2075000 | reward(last100)  0.1551 | sigma 0.0235 | elapsed 7774.8s
step  2080000 | reward(last100)  0.2036 | sigma 0.0235 | elapsed 7792.4s
step  2085000 | reward(last100)  0.2160 | sigma 0.0235 | elapsed 7810.0s
step  2090000 | reward(last100)  0.2600 | sigma 0.0235 | elapsed 7827.5s
step  2095000 | reward(last100)  0.2124 | sigma 0.0235 | elapsed 7845.1s
step  2100000 | reward(last100)  0.1669 | sigma 0.0235 | elapsed 7862.6s
step  2105000 | reward(last100)  0.2351 | sigma 0.0235 | elapsed 7881.7s
step  2110000 | reward(last100)  0.2396 | sigma 0.0235 | elapsed 7900.8s
step  2115000 | reward(last100)  0.2087 | sigma 0.0235 | elapsed 7919.8s
step  2120000 | reward(last100)  0.2867 | sigma 0.0235 | elapsed 7939.4s
step  2125000 | reward(last100)  0.1759 | sigma 0.0234 | elapsed 7959.2s
step  2130000 | reward(last100)  0.2434 | sigma 0.0235 | elapsed 7979.1s
step  2135000 | reward(last100)  0.2173 | sigma 0.0234 | elapsed 7999.0s
step  2140000 | reward(last100)  0.1632 | sigma 0.0234 | elapsed 8018.8s
step  2145000 | reward(last100)  0.1735 | sigma 0.0235 | elapsed 8038.6s
step  2150000 | reward(last100)  0.0830 | sigma 0.0234 | elapsed 8060.6s
step  2155000 | reward(last100)  0.1676 | sigma 0.0234 | elapsed 8079.1s
step  2160000 | reward(last100)  0.2296 | sigma 0.0235 | elapsed 8096.7s
step  2165000 | reward(last100)  0.2266 | sigma 0.0234 | elapsed 8114.3s
step  2170000 | reward(last100)  0.2207 | sigma 0.0234 | elapsed 8131.9s
step  2175000 | reward(last100)  0.1859 | sigma 0.0234 | elapsed 8149.4s
step  2180000 | reward(last100)  0.2054 | sigma 0.0234 | elapsed 8167.0s
step  2185000 | reward(last100)  0.1666 | sigma 0.0234 | elapsed 8184.6s
step  2190000 | reward(last100)  0.2487 | sigma 0.0234 | elapsed 8202.2s
step  2195000 | reward(last100)  0.2308 | sigma 0.0234 | elapsed 8219.8s
step  2200000 | reward(last100)  0.1457 | sigma 0.0234 | elapsed 8237.4s
step  2205000 | reward(last100)  0.2422 | sigma 0.0234 | elapsed 8258.2s
step  2210000 | reward(last100)  0.2042 | sigma 0.0234 | elapsed 8278.0s
step  2215000 | reward(last100)  0.2144 | sigma 0.0234 | elapsed 8297.8s
step  2220000 | reward(last100)  0.1614 | sigma 0.0234 | elapsed 8317.5s
step  2225000 | reward(last100)  0.1651 | sigma 0.0234 | elapsed 8337.3s
step  2230000 | reward(last100)  0.2491 | sigma 0.0234 | elapsed 8357.1s
step  2235000 | reward(last100)  0.1858 | sigma 0.0234 | elapsed 8376.9s
step  2240000 | reward(last100)  0.1749 | sigma 0.0235 | elapsed 8396.7s
step  2245000 | reward(last100)  0.2332 | sigma 0.0235 | elapsed 8416.2s
step  2250000 | reward(last100)  0.2457 | sigma 0.0235 | elapsed 8435.3s
step  2255000 | reward(last100)  0.1685 | sigma 0.0235 | elapsed 8454.6s
step  2260000 | reward(last100)  0.1951 | sigma 0.0235 | elapsed 8473.7s
step  2265000 | reward(last100)  0.2666 | sigma 0.0234 | elapsed 8492.7s
step  2270000 | reward(last100)  0.2648 | sigma 0.0234 | elapsed 8511.8s
step  2275000 | reward(last100)  0.1612 | sigma 0.0235 | elapsed 8530.2s
step  2280000 | reward(last100)  0.1687 | sigma 0.0234 | elapsed 8547.7s
step  2285000 | reward(last100)  0.1887 | sigma 0.0234 | elapsed 8565.1s
step  2290000 | reward(last100)  0.1510 | sigma 0.0234 | elapsed 8584.1s
step  2295000 | reward(last100)  0.2003 | sigma 0.0234 | elapsed 8603.1s
step  2300000 | reward(last100)  0.1312 | sigma 0.0234 | elapsed 8622.2s
step  2305000 | reward(last100)  0.2114 | sigma 0.0234 | elapsed 8641.7s
step  2310000 | reward(last100)  0.1778 | sigma 0.0234 | elapsed 8660.9s
step  2315000 | reward(last100)  0.2334 | sigma 0.0234 | elapsed 8680.0s
step  2320000 | reward(last100)  0.1740 | sigma 0.0234 | elapsed 8699.2s
step  2325000 | reward(last100)  0.2186 | sigma 0.0234 | elapsed 8722.3s
step  2330000 | reward(last100)  0.2104 | sigma 0.0234 | elapsed 8747.1s
step  2335000 | reward(last100)  0.2004 | sigma 0.0234 | elapsed 8772.2s
step  2340000 | reward(last100)  0.0957 | sigma 0.0234 | elapsed 8797.2s
step  2345000 | reward(last100)  0.2325 | sigma 0.0234 | elapsed 8821.8s
step  2350000 | reward(last100)  0.2633 | sigma 0.0234 | elapsed 8846.4s
step  2355000 | reward(last100)  0.2370 | sigma 0.0234 | elapsed 8864.5s
step  2360000 | reward(last100)  0.1964 | sigma 0.0234 | elapsed 8882.2s
step  2365000 | reward(last100)  0.1894 | sigma 0.0234 | elapsed 8899.8s
step  2370000 | reward(last100)  0.2101 | sigma 0.0234 | elapsed 8918.3s
step  2375000 | reward(last100)  0.1555 | sigma 0.0234 | elapsed 8938.0s
step  2380000 | reward(last100)  0.2263 | sigma 0.0234 | elapsed 8958.0s
step  2385000 | reward(last100)  0.2114 | sigma 0.0234 | elapsed 8977.9s
step  2390000 | reward(last100)  0.1355 | sigma 0.0234 | elapsed 8997.8s
step  2395000 | reward(last100)  0.2197 | sigma 0.0234 | elapsed 9017.7s
step  2400000 | reward(last100)  0.1784 | sigma 0.0234 | elapsed 9037.6s
step  2405000 | reward(last100)  0.1823 | sigma 0.0234 | elapsed 9055.6s
step  2410000 | reward(last100)  0.2390 | sigma 0.0234 | elapsed 9073.3s
step  2415000 | reward(last100)  0.2106 | sigma 0.0234 | elapsed 9091.9s
step  2420000 | reward(last100)  0.1468 | sigma 0.0234 | elapsed 9111.1s
step  2425000 | reward(last100)  0.1985 | sigma 0.0234 | elapsed 9130.2s
step  2430000 | reward(last100)  0.2620 | sigma 0.0234 | elapsed 9149.4s
step  2435000 | reward(last100)  0.2074 | sigma 0.0234 | elapsed 9168.5s
step  2440000 | reward(last100)  0.2324 | sigma 0.0234 | elapsed 9187.7s
step  2445000 | reward(last100)  0.2054 | sigma 0.0234 | elapsed 9206.7s
step  2450000 | reward(last100)  0.2007 | sigma 0.0234 | elapsed 9225.9s
step  2455000 | reward(last100)  0.1168 | sigma 0.0234 | elapsed 9243.8s
step  2460000 | reward(last100)  0.1605 | sigma 0.0234 | elapsed 9261.3s
step  2465000 | reward(last100)  0.1681 | sigma 0.0234 | elapsed 9278.8s
step  2470000 | reward(last100)  0.2104 | sigma 0.0234 | elapsed 9296.6s
step  2475000 | reward(last100)  0.2646 | sigma 0.0234 | elapsed 9315.7s
step  2480000 | reward(last100)  0.2402 | sigma 0.0234 | elapsed 9334.7s
step  2485000 | reward(last100)  0.1646 | sigma 0.0234 | elapsed 9353.7s
step  2490000 | reward(last100)  0.2134 | sigma 0.0234 | elapsed 9372.8s
step  2495000 | reward(last100)  0.2288 | sigma 0.0235 | elapsed 9391.7s
step  2500000 | reward(last100)  0.2060 | sigma 0.0234 | elapsed 9410.7s
step  2505000 | reward(last100)  0.2273 | sigma 0.0235 | elapsed 9429.2s
step  2510000 | reward(last100)  0.1703 | sigma 0.0234 | elapsed 9446.9s
step  2515000 | reward(last100)  0.1750 | sigma 0.0234 | elapsed 9464.5s
step  2520000 | reward(last100)  0.2386 | sigma 0.0234 | elapsed 9482.2s
step  2525000 | reward(last100)  0.1994 | sigma 0.0234 | elapsed 9500.1s
step  2530000 | reward(last100)  0.1931 | sigma 0.0234 | elapsed 9519.2s
step  2535000 | reward(last100)  0.2476 | sigma 0.0234 | elapsed 9538.3s
step  2540000 | reward(last100)  0.1562 | sigma 0.0234 | elapsed 9556.8s
step  2545000 | reward(last100)  0.2184 | sigma 0.0234 | elapsed 9574.4s
step  2550000 | reward(last100)  0.1789 | sigma 0.0234 | elapsed 9591.9s
step  2555000 | reward(last100)  0.2156 | sigma 0.0234 | elapsed 9609.7s
step  2560000 | reward(last100)  0.2390 | sigma 0.0234 | elapsed 9627.1s
step  2565000 | reward(last100)  0.1650 | sigma 0.0234 | elapsed 9644.5s
step  2570000 | reward(last100)  0.1965 | sigma 0.0234 | elapsed 9661.8s
step  2575000 | reward(last100)  0.2334 | sigma 0.0234 | elapsed 9679.2s
step  2580000 | reward(last100)  0.2026 | sigma 0.0234 | elapsed 9697.6s
step  2585000 | reward(last100)  0.1708 | sigma 0.0234 | elapsed 9717.3s
step  2590000 | reward(last100)  0.2251 | sigma 0.0234 | elapsed 9737.0s
step  2595000 | reward(last100)  0.1681 | sigma 0.0234 | elapsed 9756.7s
step  2600000 | reward(last100)  0.1897 | sigma 0.0234 | elapsed 9776.0s
step  2605000 | reward(last100)  0.2242 | sigma 0.0234 | elapsed 9793.7s
step  2610000 | reward(last100)  0.1985 | sigma 0.0234 | elapsed 9811.3s
step  2615000 | reward(last100)  0.2053 | sigma 0.0234 | elapsed 9828.7s
step  2620000 | reward(last100)  0.2663 | sigma 0.0234 | elapsed 9846.1s
step  2625000 | reward(last100)  0.1962 | sigma 0.0234 | elapsed 9863.4s
step  2630000 | reward(last100)  0.2454 | sigma 0.0234 | elapsed 9881.6s
step  2635000 | reward(last100)  0.1578 | sigma 0.0234 | elapsed 9900.4s
step  2640000 | reward(last100)  0.1967 | sigma 0.0234 | elapsed 9919.3s
step  2645000 | reward(last100)  0.2532 | sigma 0.0234 | elapsed 9938.1s
step  2650000 | reward(last100)  0.1815 | sigma 0.0234 | elapsed 9957.0s
step  2655000 | reward(last100)  0.2529 | sigma 0.0234 | elapsed 9974.8s
step  2660000 | reward(last100)  0.2277 | sigma 0.0234 | elapsed 9992.3s
step  2665000 | reward(last100)  0.2035 | sigma 0.0234 | elapsed 10009.7s
step  2670000 | reward(last100)  0.1560 | sigma 0.0234 | elapsed 10027.2s
step  2675000 | reward(last100)  0.1745 | sigma 0.0234 | elapsed 10045.1s
step  2680000 | reward(last100)  0.2451 | sigma 0.0234 | elapsed 10063.0s
step  2685000 | reward(last100)  0.2116 | sigma 0.0234 | elapsed 10080.4s
step  2690000 | reward(last100)  0.1947 | sigma 0.0234 | elapsed 10097.9s
step  2695000 | reward(last100)  0.1895 | sigma 0.0234 | elapsed 10115.4s
step  2700000 | reward(last100)  0.1992 | sigma 0.0234 | elapsed 10132.9s
step  2705000 | reward(last100)  0.2607 | sigma 0.0234 | elapsed 10150.6s
step  2710000 | reward(last100)  0.2473 | sigma 0.0234 | elapsed 10168.1s
step  2715000 | reward(last100)  0.2011 | sigma 0.0234 | elapsed 10190.3s
step  2720000 | reward(last100)  0.1811 | sigma 0.0234 | elapsed 10213.8s
step  2725000 | reward(last100)  0.1690 | sigma 0.0233 | elapsed 10237.2s
step  2730000 | reward(last100)  0.1533 | sigma 0.0234 | elapsed 10260.3s
step  2735000 | reward(last100)  0.2033 | sigma 0.0233 | elapsed 10282.8s
step  2740000 | reward(last100)  0.2689 | sigma 0.0234 | elapsed 10304.7s
step  2745000 | reward(last100)  0.1947 | sigma 0.0234 | elapsed 10327.0s
step  2750000 | reward(last100)  0.1594 | sigma 0.0233 | elapsed 10349.5s
step  2755000 | reward(last100)  0.1612 | sigma 0.0233 | elapsed 10368.8s
step  2760000 | reward(last100)  0.2246 | sigma 0.0234 | elapsed 10387.7s
step  2765000 | reward(last100)  0.1983 | sigma 0.0233 | elapsed 10406.5s
step  2770000 | reward(last100)  0.1608 | sigma 0.0234 | elapsed 10425.4s
step  2775000 | reward(last100)  0.2142 | sigma 0.0233 | elapsed 10444.3s
step  2780000 | reward(last100)  0.1467 | sigma 0.0233 | elapsed 10463.1s
step  2785000 | reward(last100)  0.2321 | sigma 0.0233 | elapsed 10482.0s
step  2790000 | reward(last100)  0.1915 | sigma 0.0233 | elapsed 10499.9s
step  2795000 | reward(last100)  0.2095 | sigma 0.0233 | elapsed 10517.3s
step  2800000 | reward(last100)  0.2166 | sigma 0.0233 | elapsed 10534.7s
step  2805000 | reward(last100)  0.2430 | sigma 0.0233 | elapsed 10552.3s
step  2810000 | reward(last100)  0.1785 | sigma 0.0233 | elapsed 10569.6s
step  2815000 | reward(last100)  0.2075 | sigma 0.0232 | elapsed 10586.9s
step  2820000 | reward(last100)  0.1628 | sigma 0.0232 | elapsed 10604.2s
step  2825000 | reward(last100)  0.1612 | sigma 0.0232 | elapsed 10621.5s
step  2830000 | reward(last100)  0.1791 | sigma 0.0232 | elapsed 10638.7s
step  2835000 | reward(last100)  0.1803 | sigma 0.0232 | elapsed 10659.3s
step  2840000 | reward(last100)  0.1528 | sigma 0.0232 | elapsed 10680.9s
step  2845000 | reward(last100)  0.2142 | sigma 0.0232 | elapsed 10699.3s
step  2850000 | reward(last100)  0.1793 | sigma 0.0232 | elapsed 10717.5s
step  2855000 | reward(last100)  0.1849 | sigma 0.0232 | elapsed 10737.1s
step  2860000 | reward(last100)  0.2193 | sigma 0.0232 | elapsed 10755.0s
step  2865000 | reward(last100)  0.2577 | sigma 0.0232 | elapsed 10773.7s
step  2870000 | reward(last100)  0.1503 | sigma 0.0232 | elapsed 10792.4s
step  2875000 | reward(last100)  0.2115 | sigma 0.0232 | elapsed 10811.0s
step  2880000 | reward(last100)  0.3107 | sigma 0.0232 | elapsed 10829.7s
step  2885000 | reward(last100)  0.3481 | sigma 0.0232 | elapsed 10848.3s
step  2890000 | reward(last100)  0.4449 | sigma 0.0232 | elapsed 10866.9s
step  2895000 | reward(last100)  0.5510 | sigma 0.0232 | elapsed 10885.5s
step  2900000 | reward(last100)  0.4665 | sigma 0.0232 | elapsed 10903.9s
step  2905000 | reward(last100)  0.4620 | sigma 0.0231 | elapsed 10920.9s
step  2910000 | reward(last100)  0.2077 | sigma 0.0231 | elapsed 10937.5s
step  2915000 | reward(last100)  0.1539 | sigma 0.0230 | elapsed 10954.2s
step  2920000 | reward(last100)  0.2371 | sigma 0.0229 | elapsed 10970.9s
step  2925000 | reward(last100)  0.3241 | sigma 0.0228 | elapsed 10987.5s
step  2930000 | reward(last100)  0.3331 | sigma 0.0228 | elapsed 11004.2s
step  2935000 | reward(last100)  0.4319 | sigma 0.0228 | elapsed 11020.8s
step  2940000 | reward(last100)  0.5071 | sigma 0.0228 | elapsed 11037.5s
step  2945000 | reward(last100)  0.4274 | sigma 0.0228 | elapsed 11054.1s
step  2950000 | reward(last100)  0.4784 | sigma 0.0228 | elapsed 11070.8s
step  2955000 | reward(last100)  0.4814 | sigma 0.0228 | elapsed 11089.5s
step  2960000 | reward(last100)  0.5431 | sigma 0.0228 | elapsed 11106.9s
step  2965000 | reward(last100)  0.4372 | sigma 0.0228 | elapsed 11123.4s
step  2970000 | reward(last100)  0.5551 | sigma 0.0228 | elapsed 11140.1s
step  2975000 | reward(last100)  0.4429 | sigma 0.0228 | elapsed 11156.7s
step  2980000 | reward(last100)  0.5208 | sigma 0.0228 | elapsed 11173.4s
step  2985000 | reward(last100)  0.5392 | sigma 0.0227 | elapsed 11190.0s
step  2990000 | reward(last100)  0.4988 | sigma 0.0227 | elapsed 11206.6s
step  2995000 | reward(last100)  0.5480 | sigma 0.0227 | elapsed 11223.4s
step  3000000 | reward(last100)  0.4944 | sigma 0.0227 | elapsed 11240.1s
