step     5000 | reward(last100)  0.0046 | eps 0.976 | elapsed    1.6s
step    10000 | reward(last100)  0.0000 | eps 0.953 | elapsed    3.0s
step    15000 | reward(last100)  0.0165 | eps 0.929 | elapsed   18.5s
step    20000 | reward(last100)  0.0250 | eps 0.905 | elapsed   32.2s
step    25000 | reward(last100)  0.0561 | eps 0.881 | elapsed   45.6s
step    30000 | reward(last100)  0.0471 | eps 0.858 | elapsed   59.4s
step    35000 | reward(last100)  0.0509 | eps 0.834 | elapsed   75.3s
step    40000 | reward(last100)  0.0248 | eps 0.810 | elapsed   91.6s
step    45000 | reward(last100)  0.0234 | eps 0.786 | elapsed  107.2s
step    50000 | reward(last100)  0.0266 | eps 0.762 | elapsed  122.2s
step    55000 | reward(last100)  0.0288 | eps 0.739 | elapsed  136.9s
step    60000 | reward(last100)  0.0352 | eps 0.715 | elapsed  149.1s
step    65000 | reward(last100)  0.0193 | eps 0.691 | elapsed  161.5s
step    70000 | reward(last100)  0.0130 | eps 0.667 | elapsed  174.9s
step    75000 | reward(last100)  0.0213 | eps 0.644 | elapsed  187.8s
step    80000 | reward(last100)  0.0074 | eps 0.620 | elapsed  200.4s
step    85000 | reward(last100)  0.0155 | eps 0.596 | elapsed  212.0s
step    90000 | reward(last100)  0.0135 | eps 0.573 | elapsed  223.1s
step    95000 | reward(last100)  0.0193 | eps 0.549 | elapsed  234.6s
step   100000 | reward(last100)  0.0000 | eps 0.525 | elapsed  246.4s
step   105000 | reward(last100)  0.0324 | eps 0.501 | elapsed  260.3s
step   110000 | reward(last100)  0.0180 | eps 0.478 | elapsed  272.7s
step   115000 | reward(last100)  0.0176 | eps 0.454 | elapsed  284.5s
step   120000 | reward(last100)  0.0209 | eps 0.430 | elapsed  299.5s
step   125000 | reward(last100)  0.0086 | eps 0.406 | elapsed  315.0s
step   130000 | reward(last100)  0.0118 | eps 0.383 | elapsed  329.9s
step   135000 | reward(last100)  0.0000 | eps 0.359 | elapsed  344.5s
step   140000 | reward(last100)  0.0375 | eps 0.335 | elapsed  356.9s
step   145000 | reward(last100)  0.0249 | eps 0.311 | elapsed  368.0s
step   150000 | reward(last100)  0.0187 | eps 0.288 | elapsed  378.9s
step   155000 | reward(last100)  0.0109 | eps 0.264 | elapsed  395.5s
step   160000 | reward(last100)  0.0182 | eps 0.240 | elapsed  411.8s
step   165000 | reward(last100)  0.0044 | eps 0.216 | elapsed  425.1s
step   170000 | reward(last100)  0.0102 | eps 0.193 | elapsed  441.3s
step   175000 | reward(last100)  0.0051 | eps 0.169 | elapsed  456.3s
step   180000 | reward(last100)  0.0079 | eps 0.145 | elapsed  469.0s
step   185000 | reward(last100)  0.0047 | eps 0.121 | elapsed  483.4s
step   190000 | reward(last100)  0.0000 | eps 0.098 | elapsed  499.4s
step   195000 | reward(last100)  0.0099 | eps 0.074 | elapsed  515.1s
step   200000 | reward(last100)  0.0077 | eps 0.050 | elapsed  528.1s
step   205000 | reward(last100)  0.0037 | eps 0.050 | elapsed  545.3s
step   210000 | reward(last100)  0.0047 | eps 0.050 | elapsed  559.5s
step   215000 | reward(last100)  0.0142 | eps 0.050 | elapsed  573.4s
step   220000 | reward(last100)  0.0391 | eps 0.050 | elapsed  591.2s
step   225000 | reward(last100)  0.1455 | eps 0.050 | elapsed  608.0s
step   230000 | reward(last100)  0.0820 | eps 0.050 | elapsed  624.6s
step   235000 | reward(last100)  0.1463 | eps 0.050 | elapsed  641.2s
step   240000 | reward(last100)  0.0806 | eps 0.050 | elapsed  657.8s
step   245000 | reward(last100)  0.0393 | eps 0.050 | elapsed  674.5s
step   250000 | reward(last100)  0.0917 | eps 0.050 | elapsed  691.4s
step   255000 | reward(last100)  0.0749 | eps 0.050 | elapsed  707.9s
step   260000 | reward(last100)  0.0545 | eps 0.050 | elapsed  724.5s
step   265000 | reward(last100)  0.0552 | eps 0.050 | elapsed  740.9s
step   270000 | reward(last100)  0.0403 | eps 0.050 | elapsed  757.6s
step   275000 | reward(last100)  0.0236 | eps 0.050 | elapsed  774.1s
step   280000 | reward(last100)  0.0654 | eps 0.050 | elapsed  790.5s
step   285000 | reward(last100)  0.0465 | eps 0.050 | elapsed  806.3s
step   290000 | reward(last100)  0.0324 | eps 0.050 | elapsed  821.9s
step   295000 | reward(last100)  0.0578 | eps 0.050 | elapsed  838.5s
step   300000 | reward(last100)  0.0759 | eps 0.050 | elapsed  854.4s
step   305000 | reward(last100)  0.0225 | eps 0.050 | elapsed  870.5s
step   310000 | reward(last100)  0.1498 | eps 0.050 | elapsed  886.0s
step   315000 | reward(last100)  0.0475 | eps 0.050 | elapsed  899.4s
step   320000 | reward(last100)  0.0478 | eps 0.050 | elapsed  912.7s
step   325000 | reward(last100)  0.0026 | eps 0.050 | elapsed  927.4s
step   330000 | reward(last100)  0.0130 | eps 0.050 | elapsed  942.4s
step   335000 | reward(last100)  0.0213 | eps 0.050 | elapsed  957.5s
step   340000 | reward(last100)  0.0306 | eps 0.050 | elapsed  969.9s
step   345000 | reward(last100)  0.0351 | eps 0.050 | elapsed  984.6s
step   350000 | reward(last100)  0.0023 | eps 0.050 | elapsed  998.8s
step   355000 | reward(last100)  0.0148 | eps 0.050 | elapsed 1011.6s
step   360000 | reward(last100)  0.0404 | eps 0.050 | elapsed 1025.8s
step   365000 | reward(last100)  0.1382 | eps 0.050 | elapsed 1040.7s
step   370000 | reward(last100)  0.0533 | eps 0.050 | elapsed 1055.6s
step   375000 | reward(last100)  0.1628 | eps 0.050 | elapsed 1070.4s
step   380000 | reward(last100)  0.0339 | eps 0.050 | elapsed 1085.3s
step   385000 | reward(last100)  0.0271 | eps 0.050 | elapsed 1100.1s
step   390000 | reward(last100)  0.0735 | eps 0.050 | elapsed 1115.0s
step   395000 | reward(last100)  0.1094 | eps 0.050 | elapsed 1131.2s
step   400000 | reward(last100)  0.0259 | eps 0.050 | elapsed 1147.5s
step   405000 | reward(last100)  0.0604 | eps 0.050 | elapsed 1160.6s
step   410000 | reward(last100)  0.0672 | eps 0.050 | elapsed 1172.9s
step   415000 | reward(last100)  0.0836 | eps 0.050 | elapsed 1185.0s
step   420000 | reward(last100)  0.1131 | eps 0.050 | elapsed 1197.1s
step   425000 | reward(last100)  0.1669 | eps 0.050 | elapsed 1212.1s
step   430000 | reward(last100)  0.2029 | eps 0.050 | elapsed 1227.4s
step   435000 | reward(last100)  0.3290 | eps 0.050 | elapsed 1240.5s
step   440000 | reward(last100)  0.2527 | eps 0.050 | elapsed 1253.4s
step   445000 | reward(last100)  0.1761 | eps 0.050 | elapsed 1264.6s
step   450000 | reward(last100)  0.0639 | eps 0.050 | elapsed 1277.5s
step   455000 | reward(last100)  0.0076 | eps 0.050 | elapsed 1291.9s
step   460000 | reward(last100)  0.0074 | eps 0.050 | elapsed 1307.3s
step   465000 | reward(last100)  0.0010 | eps 0.050 | elapsed 1321.8s
step   470000 | reward(last100)  0.0032 | eps 0.050 | elapsed 1336.3s
step   475000 | reward(last100)  0.0000 | eps 0.050 | elapsed 1350.2s
step   480000 | reward(last100)  0.0122 | eps 0.050 | elapsed 1361.3s
step   485000 | reward(last100)  0.0728 | eps 0.050 | elapsed 1375.6s
step   490000 | reward(last100)  0.0609 | eps 0.050 | elapsed 1392.4s
step   495000 | reward(last100)  0.1280 | eps 0.050 | elapsed 1408.9s
step   500000 | reward(last100)  0.1103 | eps 0.050 | elapsed 1424.2s
step   505000 | reward(last100)  0.2038 | eps 0.050 | elapsed 1442.0s
step   510000 | reward(last100)  0.1047 | eps 0.050 | elapsed 1457.5s
step   515000 | reward(last100)  0.1395 | eps 0.050 | elapsed 1469.8s
step   520000 | reward(last100)  0.1927 | eps 0.050 | elapsed 1485.4s
step   525000 | reward(last100)  0.0879 | eps 0.050 | elapsed 1500.9s
step   530000 | reward(last100)  0.0681 | eps 0.050 | elapsed 1515.4s
step   535000 | reward(last100)  0.1018 | eps 0.050 | elapsed 1527.5s
step   540000 | reward(last100)  0.1387 | eps 0.050 | elapsed 1538.9s
step   545000 | reward(last100)  0.0303 | eps 0.050 | elapsed 1550.3s
step   550000 | reward(last100)  0.0845 | eps 0.050 | elapsed 1561.6s
step   555000 | reward(last100)  0.0916 | eps 0.050 | elapsed 1575.0s
step   560000 | reward(last100)  0.1161 | eps 0.050 | elapsed 1587.5s
step   565000 | reward(last100)  0.1522 | eps 0.050 | elapsed 1603.0s
step   570000 | reward(last100)  0.1349 | eps 0.050 | elapsed 1619.1s
step   575000 | reward(last100)  0.1498 | eps 0.050 | elapsed 1633.0s
step   580000 | reward(last100)  0.2315 | eps 0.050 | elapsed 1648.9s
step   585000 | reward(last100)  0.2664 | eps 0.050 | elapsed 1664.7s
step   590000 | reward(last100)  0.3126 | eps 0.050 | elapsed 1680.4s
step   595000 | reward(last100)  0.2418 | eps 0.050 | elapsed 1693.3s
step   600000 | reward(last100)  0.1793 | eps 0.050 | elapsed 1705.3s
step   605000 | reward(last100)  0.2182 | eps 0.050 | elapsed 1718.0s
step   610000 | reward(last100)  0.1874 | eps 0.050 | elapsed 1730.4s
step   615000 | reward(last100)  0.1426 | eps 0.050 | elapsed 1742.9s
step   620000 | reward(last100)  0.2665 | eps 0.050 | elapsed 1756.2s
step   625000 | reward(last100)  0.2581 | eps 0.050 | elapsed 1769.8s
step   630000 | reward(last100)  0.3485 | eps 0.050 | elapsed 1781.6s
step   635000 | reward(last100)  0.3229 | eps 0.050 | elapsed 1794.9s
step   640000 | reward(last100)  0.1292 | eps 0.050 | elapsed 1809.7s
step   645000 | reward(last100)  0.1816 | eps 0.050 | elapsed 1824.7s
step   650000 | reward(last100)  0.3004 | eps 0.050 | elapsed 1841.0s
step   655000 | reward(last100)  0.0966 | eps 0.050 | elapsed 1852.8s
step   660000 | reward(last100)  0.2442 | eps 0.050 | elapsed 1864.7s
step   665000 | reward(last100)  0.2751 | eps 0.050 | elapsed 1876.7s
step   670000 | reward(last100)  0.2529 | eps 0.050 | elapsed 1891.0s
step   675000 | reward(last100)  0.1749 | eps 0.050 | elapsed 1905.3s
step   680000 | reward(last100)  0.1112 | eps 0.050 | elapsed 1919.5s
step   685000 | reward(last100)  0.2988 | eps 0.050 | elapsed 1933.8s
step   690000 | reward(last100)  0.2090 | eps 0.050 | elapsed 1948.0s
step   695000 | reward(last100)  0.2084 | eps 0.050 | elapsed 1962.3s
step   700000 | reward(last100)  0.1713 | eps 0.050 | elapsed 1976.5s
step   705000 | reward(last100)  0.1610 | eps 0.050 | elapsed 1988.2s
step   710000 | reward(last100)  0.1465 | eps 0.050 | elapsed 1998.7s
step   715000 | reward(last100)  0.2753 | eps 0.050 | elapsed 2009.3s
step   720000 | reward(last100)  0.2142 | eps 0.050 | elapsed 2019.9s
step   725000 | reward(last100)  0.1414 | eps 0.050 | elapsed 2030.6s
step   730000 | reward(last100)  0.0926 | eps 0.050 | elapsed 2041.2s
step   735000 | reward(last100)  0.1610 | eps 0.050 | elapsed 2051.8s
step   740000 | reward(last100)  0.1576 | eps 0.050 | elapsed 2062.5s
step   745000 | reward(last100)  0.2061 | eps 0.050 | elapsed 2073.1s
step   750000 | reward(last100)  0.2286 | eps 0.050 | elapsed 2083.7s
step   755000 | reward(last100)  0.1830 | eps 0.050 | elapsed 2094.8s
step   760000 | reward(last100)  0.1142 | eps 0.050 | elapsed 2105.5s
step   765000 | reward(last100)  0.1224 | eps 0.050 | elapsed 2116.2s
step   770000 | reward(last100)  0.1599 | eps 0.050 | elapsed 2126.9s
step   775000 | reward(last100)  0.2924 | eps 0.050 | elapsed 2137.6s
step   780000 | reward(last100)  0.2277 | eps 0.050 | elapsed 2148.3s
step   785000 | reward(last100)  0.1906 | eps 0.050 | elapsed 2159.1s
step   790000 | reward(last100)  0.2056 | eps 0.050 | elapsed 2169.8s
step   795000 | reward(last100)  0.1518 | eps 0.050 | elapsed 2181.2s
step   800000 | reward(last100)  0.2440 | eps 0.050 | elapsed 2192.8s
step   805000 | reward(last100)  0.1914 | eps 0.050 | elapsed 2204.9s
step   810000 | reward(last100)  0.2324 | eps 0.050 | elapsed 2216.6s
step   815000 | reward(last100)  0.2641 | eps 0.050 | elapsed 2228.2s
step   820000 | reward(last100)  0.3012 | eps 0.050 | elapsed 2239.8s
step   825000 | reward(last100)  0.1809 | eps 0.050 | elapsed 2251.4s
step   830000 | reward(last100)  0.1913 | eps 0.050 | elapsed 2263.0s
step   835000 | reward(last100)  0.3217 | eps 0.050 | elapsed 2274.6s
step   840000 | reward(last100)  0.1468 | eps 0.050 | elapsed 2286.2s
step   845000 | reward(last100)  0.3196 | eps 0.050 | elapsed 2298.2s
step   850000 | reward(last100)  0.3129 | eps 0.050 | elapsed 2310.6s
step   855000 | reward(last100)  0.1932 | eps 0.050 | elapsed 2321.7s
step   860000 | reward(last100)  0.3678 | eps 0.050 | elapsed 2334.5s
step   865000 | reward(last100)  0.3350 | eps 0.050 | elapsed 2347.1s
step   870000 | reward(last100)  0.3055 | eps 0.050 | elapsed 2361.4s
step   875000 | reward(last100)  0.1453 | eps 0.050 | elapsed 2377.3s
step   880000 | reward(last100)  0.1546 | eps 0.050 | elapsed 2393.5s
step   885000 | reward(last100)  0.3107 | eps 0.050 | elapsed 2406.3s
step   890000 | reward(last100)  0.3256 | eps 0.050 | elapsed 2418.8s
step   895000 | reward(last100)  0.3406 | eps 0.050 | elapsed 2430.4s
step   900000 | reward(last100)  0.1696 | eps 0.050 | elapsed 2441.1s
step   905000 | reward(last100)  0.1913 | eps 0.050 | elapsed 2456.6s
step   910000 | reward(last100)  0.2964 | eps 0.050 | elapsed 2472.7s
step   915000 | reward(last100)  0.3290 | eps 0.050 | elapsed 2489.3s
step   920000 | reward(last100)  0.3510 | eps 0.050 | elapsed 2505.6s
step   925000 | reward(last100)  0.1707 | eps 0.050 | elapsed 2521.0s
step   930000 | reward(last100)  0.1832 | eps 0.050 | elapsed 2536.4s
step   935000 | reward(last100)  0.2038 | eps 0.050 | elapsed 2552.1s
step   940000 | reward(last100)  0.1881 | eps 0.050 | elapsed 2567.6s
step   945000 | reward(last100)  0.1450 | eps 0.050 | elapsed 2583.5s
step   950000 | reward(last100)  0.1625 | eps 0.050 | elapsed 2598.0s
step   955000 | reward(last100)  0.1610 | eps 0.050 | elapsed 2609.2s
step   960000 | reward(last100)  0.2189 | eps 0.050 | elapsed 2623.1s
step   965000 | reward(last100)  0.4032 | eps 0.050 | elapsed 2638.4s
step   970000 | reward(last100)  0.4174 | eps 0.050 | elapsed 2653.8s
step   975000 | reward(last100)  0.1566 | eps 0.050 | elapsed 2668.8s
step   980000 | reward(last100)  0.2047 | eps 0.050 | elapsed 2683.0s
step   985000 | reward(last100)  0.2195 | eps 0.050 | elapsed 2693.9s
step   990000 | reward(last100)  0.2943 | eps 0.050 | elapsed 2704.7s
step   995000 | reward(last100)  0.3350 | eps 0.050 | elapsed 2715.6s
step  1000000 | reward(last100)  0.2627 | eps 0.050 | elapsed 2726.4s
step  1005000 | reward(last100)  0.3597 | eps 0.050 | elapsed 2737.6s
step  1010000 | reward(last100)  0.3854 | eps 0.050 | elapsed 2748.4s
step  1015000 | reward(last100)  0.3065 | eps 0.050 | elapsed 2759.3s
step  1020000 | reward(last100)  0.2391 | eps 0.050 | elapsed 2770.1s
step  1025000 | reward(last100)  0.3219 | eps 0.050 | elapsed 2781.0s
step  1030000 | reward(last100)  0.3772 | eps 0.050 | elapsed 2791.9s
step  1035000 | reward(last100)  0.4818 | eps 0.050 | elapsed 2802.8s
step  1040000 | reward(last100)  0.3263 | eps 0.050 | elapsed 2813.7s
step  1045000 | reward(last100)  0.3896 | eps 0.050 | elapsed 2824.8s
step  1050000 | reward(last100)  0.3052 | eps 0.050 | elapsed 2835.8s
step  1055000 | reward(last100)  0.3937 | eps 0.050 | elapsed 2848.1s
step  1060000 | reward(last100)  0.0923 | eps 0.050 | elapsed 2860.4s
step  1065000 | reward(last100)  0.1199 | eps 0.050 | elapsed 2873.1s
step  1070000 | reward(last100)  0.3126 | eps 0.050 | elapsed 2885.8s
step  1075000 | reward(last100)  0.3700 | eps 0.050 | elapsed 2898.4s
step  1080000 | reward(last100)  0.2926 | eps 0.050 | elapsed 2909.4s
step  1085000 | reward(last100)  0.3426 | eps 0.050 | elapsed 2920.4s
step  1090000 | reward(last100)  0.2845 | eps 0.050 | elapsed 2931.4s
step  1095000 | reward(last100)  0.3513 | eps 0.050 | elapsed 2943.0s
step  1100000 | reward(last100)  0.3026 | eps 0.050 | elapsed 2955.2s
step  1105000 | reward(last100)  0.3427 | eps 0.050 | elapsed 2966.8s
step  1110000 | reward(last100)  0.2590 | eps 0.050 | elapsed 2981.6s
step  1115000 | reward(last100)  0.2166 | eps 0.050 | elapsed 2996.4s
step  1120000 | reward(last100)  0.1736 | eps 0.050 | elapsed 3011.1s
step  1125000 | reward(last100)  0.3955 | eps 0.050 | elapsed 3025.8s
step  1130000 | reward(last100)  0.2994 | eps 0.050 | elapsed 3040.5s
step  1135000 | reward(last100)  0.1429 | eps 0.050 | elapsed 3055.2s
step  1140000 | reward(last100)  0.2249 | eps 0.050 | elapsed 3069.9s
step  1145000 | reward(last100)  0.2863 | eps 0.050 | elapsed 3084.8s
step  1150000 | reward(last100)  0.2292 | eps 0.050 | elapsed 3100.4s
step  1155000 | reward(last100)  0.2431 | eps 0.050 | elapsed 3111.7s
step  1160000 | reward(last100)  0.3398 | eps 0.050 | elapsed 3122.7s
step  1165000 | reward(last100)  0.2666 | eps 0.050 | elapsed 3134.6s
step  1170000 | reward(last100)  0.1680 | eps 0.050 | elapsed 3147.8s
step  1175000 | reward(last100)  0.3101 | eps 0.050 | elapsed 3163.5s
step  1180000 | reward(last100)  0.2940 | eps 0.050 | elapsed 3179.7s
step  1185000 | reward(last100)  0.2679 | eps 0.050 | elapsed 3196.2s
step  1190000 | reward(last100)  0.2608 | eps 0.050 | elapsed 3212.7s
step  1195000 | reward(last100)  0.1554 | eps 0.050 | elapsed 3229.3s
step  1200000 | reward(last100)  0.1723 | eps 0.050 | elapsed 3245.5s
step  1205000 | reward(last100)  0.2153 | eps 0.050 | elapsed 3258.8s
step  1210000 | reward(last100)  0.2326 | eps 0.050 | elapsed 3270.7s
step  1215000 | reward(last100)  0.2680 | eps 0.050 | elapsed 3281.8s
step  1220000 | reward(last100)  0.3812 | eps 0.050 | elapsed 3296.7s
step  1225000 | reward(last100)  0.3516 | eps 0.050 | elapsed 3312.0s
step  1230000 | reward(last100)  0.2930 | eps 0.050 | elapsed 3327.3s
step  1235000 | reward(last100)  0.3637 | eps 0.050 | elapsed 3342.6s
step  1240000 | reward(last100)  0.3190 | eps 0.050 | elapsed 3357.8s
step  1245000 | reward(last100)  0.2570 | eps 0.050 | elapsed 3373.1s
step  1250000 | reward(last100)  0.3276 | eps 0.050 | elapsed 3388.4s
step  1255000 | reward(last100)  0.2653 | eps 0.050 | elapsed 3400.7s
step  1260000 | reward(last100)  0.2643 | eps 0.050 | elapsed 3412.7s
step  1265000 | reward(last100)  0.2855 | eps 0.050 | elapsed 3424.7s
step  1270000 | reward(last100)  0.3249 | eps 0.050 | elapsed 3437.1s
step  1275000 | reward(last100)  0.2882 | eps 0.050 | elapsed 3449.0s
step  1280000 | reward(last100)  0.4557 | eps 0.050 | elapsed 3461.0s
step  1285000 | reward(last100)  0.2459 | eps 0.050 | elapsed 3473.6s
step  1290000 | reward(last100)  0.3107 | eps 0.050 | elapsed 3485.8s
step  1295000 | reward(last100)  0.2682 | eps 0.050 | elapsed 3497.2s
step  1300000 | reward(last100)  0.3567 | eps 0.050 | elapsed 3509.0s
step  1305000 | reward(last100)  0.3567 | eps 0.050 | elapsed 3520.5s
step  1310000 | reward(last100)  0.3451 | eps 0.050 | elapsed 3531.5s
step  1315000 | reward(last100)  0.3226 | eps 0.050 | elapsed 3543.1s
step  1320000 | reward(last100)  0.2325 | eps 0.050 | elapsed 3555.1s
step  1325000 | reward(last100)  0.3454 | eps 0.050 | elapsed 3567.0s
step  1330000 | reward(last100)  0.2913 | eps 0.050 | elapsed 3579.0s
step  1335000 | reward(last100)  0.1847 | eps 0.050 | elapsed 3590.4s
step  1340000 | reward(last100)  0.3088 | eps 0.050 | elapsed 3601.3s
step  1345000 | reward(last100)  0.2789 | eps 0.050 | elapsed 3612.8s
step  1350000 | reward(last100)  0.3795 | eps 0.050 | elapsed 3624.8s
step  1355000 | reward(last100)  0.3871 | eps 0.050 | elapsed 3636.8s
step  1360000 | reward(last100)  0.3783 | eps 0.050 | elapsed 3647.9s
step  1365000 | reward(last100)  0.2731 | eps 0.050 | elapsed 3659.0s
step  1370000 | reward(last100)  0.3695 | eps 0.050 | elapsed 3671.4s
step  1375000 | reward(last100)  0.3891 | eps 0.050 | elapsed 3683.8s
step  1380000 | reward(last100)  0.3301 | eps 0.050 | elapsed 3696.3s
step  1385000 | reward(last100)  0.2759 | eps 0.050 | elapsed 3708.7s
step  1390000 | reward(last100)  0.3762 | eps 0.050 | elapsed 3721.1s
step  1395000 | reward(last100)  0.3843 | eps 0.050 | elapsed 3733.6s
step  1400000 | reward(last100)  0.2971 | eps 0.050 | elapsed 3746.0s
step  1405000 | reward(last100)  0.3899 | eps 0.050 | elapsed 3761.7s
step  1410000 | reward(last100)  0.3806 | eps 0.050 | elapsed 3777.4s
step  1415000 | reward(last100)  0.3939 | eps 0.050 | elapsed 3792.8s
step  1420000 | reward(last100)  0.3943 | eps 0.050 | elapsed 3808.2s
step  1425000 | reward(last100)  0.2666 | eps 0.050 | elapsed 3823.5s
step  1430000 | reward(last100)  0.3528 | eps 0.050 | elapsed 3837.4s
step  1435000 | reward(last100)  0.3985 | eps 0.050 | elapsed 3851.8s
step  1440000 | reward(last100)  0.4461 | eps 0.050 | elapsed 3866.0s
step  1445000 | reward(last100)  0.4753 | eps 0.050 | elapsed 3879.9s
step  1450000 | reward(last100)  0.3599 | eps 0.050 | elapsed 3892.4s
step  1455000 | reward(last100)  0.4519 | eps 0.050 | elapsed 3905.0s
step  1460000 | reward(last100)  0.3603 | eps 0.050 | elapsed 3919.4s
step  1465000 | reward(last100)  0.2590 | eps 0.050 | elapsed 3931.9s
step  1470000 | reward(last100)  0.2736 | eps 0.050 | elapsed 3946.5s
step  1475000 | reward(last100)  0.2564 | eps 0.050 | elapsed 3961.0s
step  1480000 | reward(last100)  0.2956 | eps 0.050 | elapsed 3975.6s
step  1485000 | reward(last100)  0.4268 | eps 0.050 | elapsed 3990.0s
step  1490000 | reward(last100)  0.3078 | eps 0.050 | elapsed 4004.5s
step  1495000 | reward(last100)  0.3628 | eps 0.050 | elapsed 4019.3s
step  1500000 | reward(last100)  0.3692 | eps 0.050 | elapsed 4033.8s
step  1505000 | reward(last100)  0.4577 | eps 0.050 | elapsed 4047.0s
step  1510000 | reward(last100)  0.2547 | eps 0.050 | elapsed 4061.1s
step  1515000 | reward(last100)  0.4186 | eps 0.050 | elapsed 4076.3s
step  1520000 | reward(last100)  0.3696 | eps 0.050 | elapsed 4091.5s
step  1525000 | reward(last100)  0.2780 | eps 0.050 | elapsed 4106.3s
step  1530000 | reward(last100)  0.2244 | eps 0.050 | elapsed 4120.6s
step  1535000 | reward(last100)  0.2430 | eps 0.050 | elapsed 4133.4s
step  1540000 | reward(last100)  0.3960 | eps 0.050 | elapsed 4145.4s
step  1545000 | reward(last100)  0.2712 | eps 0.050 | elapsed 4157.3s
step  1550000 | reward(last100)  0.2354 | eps 0.050 | elapsed 4168.6s
step  1555000 | reward(last100)  0.2511 | eps 0.050 | elapsed 4180.0s
step  1560000 | reward(last100)  0.3731 | eps 0.050 | elapsed 4191.1s
step  1565000 | reward(last100)  0.3929 | eps 0.050 | elapsed 4202.2s
step  1570000 | reward(last100)  0.3691 | eps 0.050 | elapsed 4214.7s
step  1575000 | reward(last100)  0.4163 | eps 0.050 | elapsed 4229.0s
step  1580000 | reward(last100)  0.3028 | eps 0.050 | elapsed 4243.4s
step  1585000 | reward(last100)  0.3067 | eps 0.050 | elapsed 4257.8s
step  1590000 | reward(last100)  0.3986 | eps 0.050 | elapsed 4270.2s
step  1595000 | reward(last100)  0.4583 | eps 0.050 | elapsed 4281.3s
step  1600000 | reward(last100)  0.3359 | eps 0.050 | elapsed 4292.4s
step  1605000 | reward(last100)  0.3463 | eps 0.050 | elapsed 4303.9s
step  1610000 | reward(last100)  0.2298 | eps 0.050 | elapsed 4314.9s
step  1615000 | reward(last100)  0.3431 | eps 0.050 | elapsed 4326.0s
step  1620000 | reward(last100)  0.3753 | eps 0.050 | elapsed 4337.2s
step  1625000 | reward(last100)  0.3667 | eps 0.050 | elapsed 4348.3s
step  1630000 | reward(last100)  0.3573 | eps 0.050 | elapsed 4359.4s
step  1635000 | reward(last100)  0.3749 | eps 0.050 | elapsed 4370.6s
step  1640000 | reward(last100)  0.3083 | eps 0.050 | elapsed 4381.8s
step  1645000 | reward(last100)  0.3926 | eps 0.050 | elapsed 4392.9s
step  1650000 | reward(last100)  0.3427 | eps 0.050 | elapsed 4404.1s
step  1655000 | reward(last100)  0.3209 | eps 0.050 | elapsed 4415.6s
step  1660000 | reward(last100)  0.3850 | eps 0.050 | elapsed 4426.8s
step  1665000 | reward(last100)  0.4041 | eps 0.050 | elapsed 4438.0s
step  1670000 | reward(last100)  0.2285 | eps 0.050 | elapsed 4449.2s
step  1675000 | reward(last100)  0.1904 | eps 0.050 | elapsed 4460.4s
step  1680000 | reward(last100)  0.0999 | eps 0.050 | elapsed 4471.5s
step  1685000 | reward(last100)  0.3117 | eps 0.050 | elapsed 4482.6s
step  1690000 | reward(last100)  0.2999 | eps 0.050 | elapsed 4494.4s
step  1695000 | reward(last100)  0.3660 | eps 0.050 | elapsed 4506.2s
step  1700000 | reward(last100)  0.2869 | eps 0.050 | elapsed 4518.0s
step  1705000 | reward(last100)  0.2728 | eps 0.050 | elapsed 4530.2s
step  1710000 | reward(last100)  0.2520 | eps 0.050 | elapsed 4543.0s
step  1715000 | reward(last100)  0.3292 | eps 0.050 | elapsed 4557.0s
step  1720000 | reward(last100)  0.4370 | eps 0.050 | elapsed 4568.9s
step  1725000 | reward(last100)  0.3727 | eps 0.050 | elapsed 4580.2s
step  1730000 | reward(last100)  0.4148 | eps 0.050 | elapsed 4592.0s
step  1735000 | reward(last100)  0.3095 | eps 0.050 | elapsed 4603.7s
step  1740000 | reward(last100)  0.3682 | eps 0.050 | elapsed 4614.8s
step  1745000 | reward(last100)  0.2865 | eps 0.050 | elapsed 4626.0s
step  1750000 | reward(last100)  0.3961 | eps 0.050 | elapsed 4637.1s
step  1755000 | reward(last100)  0.3801 | eps 0.050 | elapsed 4652.8s
step  1760000 | reward(last100)  0.3839 | eps 0.050 | elapsed 4668.1s
step  1765000 | reward(last100)  0.2889 | eps 0.050 | elapsed 4681.8s
step  1770000 | reward(last100)  0.4299 | eps 0.050 | elapsed 4696.7s
step  1775000 | reward(last100)  0.3851 | eps 0.050 | elapsed 4711.3s
step  1780000 | reward(last100)  0.2643 | eps 0.050 | elapsed 4724.3s
step  1785000 | reward(last100)  0.3313 | eps 0.050 | elapsed 4737.6s
step  1790000 | reward(last100)  0.3401 | eps 0.050 | elapsed 4750.7s
step  1795000 | reward(last100)  0.3884 | eps 0.050 | elapsed 4763.4s
step  1800000 | reward(last100)  0.3705 | eps 0.050 | elapsed 4776.2s
step  1805000 | reward(last100)  0.4002 | eps 0.050 | elapsed 4790.0s
step  1810000 | reward(last100)  0.3483 | eps 0.050 | elapsed 4804.9s
step  1815000 | reward(last100)  0.2855 | eps 0.050 | elapsed 4819.9s
step  1820000 | reward(last100)  0.3832 | eps 0.050 | elapsed 4834.8s
step  1825000 | reward(last100)  0.3797 | eps 0.050 | elapsed 4849.8s
step  1830000 | reward(last100)  0.3999 | eps 0.050 | elapsed 4861.5s
step  1835000 | reward(last100)  0.3608 | eps 0.050 | elapsed 4873.3s
step  1840000 | reward(last100)  0.3944 | eps 0.050 | elapsed 4885.3s
step  1845000 | reward(last100)  0.3481 | eps 0.050 | elapsed 4898.0s
step  1850000 | reward(last100)  0.2499 | eps 0.050 | elapsed 4913.0s
step  1855000 | reward(last100)  0.4333 | eps 0.050 | elapsed 4924.7s
step  1860000 | reward(last100)  0.3765 | eps 0.050 | elapsed 4937.1s
step  1865000 | reward(last100)  0.4330 | eps 0.050 | elapsed 4949.7s
step  1870000 | reward(last100)  0.3000 | eps 0.050 | elapsed 4962.3s
step  1875000 | reward(last100)  0.3145 | eps 0.050 | elapsed 4974.3s
step  1880000 | reward(last100)  0.3690 | eps 0.050 | elapsed 4985.6s
step  1885000 | reward(last100)  0.3431 | eps 0.050 | elapsed 4996.8s
step  1890000 | reward(last100)  0.3274 | eps 0.050 | elapsed 5008.2s
step  1895000 | reward(last100)  0.3826 | eps 0.050 | elapsed 5019.4s
step  1900000 | reward(last100)  0.4608 | eps 0.050 | elapsed 5030.7s
step  1905000 | reward(last100)  0.3504 | eps 0.050 | elapsed 5044.6s
step  1910000 | reward(last100)  0.3461 | eps 0.050 | elapsed 5058.0s
step  1915000 | reward(last100)  0.3460 | eps 0.050 | elapsed 5071.6s
step  1920000 | reward(last100)  0.4262 | eps 0.050 | elapsed 5085.0s
step  1925000 | reward(last100)  0.4351 | eps 0.050 | elapsed 5098.5s
step  1930000 | reward(last100)  0.3140 | eps 0.050 | elapsed 5112.0s
step  1935000 | reward(last100)  0.4008 | eps 0.050 | elapsed 5125.6s
step  1940000 | reward(last100)  0.3713 | eps 0.050 | elapsed 5138.7s
step  1945000 | reward(last100)  0.3027 | eps 0.050 | elapsed 5152.1s
step  1950000 | reward(last100)  0.4237 | eps 0.050 | elapsed 5165.4s
step  1955000 | reward(last100)  0.3851 | eps 0.050 | elapsed 5177.8s
step  1960000 | reward(last100)  0.3063 | eps 0.050 | elapsed 5190.0s
step  1965000 | reward(last100)  0.4198 | eps 0.050 | elapsed 5202.1s
step  1970000 | reward(last100)  0.3198 | eps 0.050 | elapsed 5214.3s
step  1975000 | reward(last100)  0.4241 | eps 0.050 | elapsed 5226.5s
step  1980000 | reward(last100)  0.4107 | eps 0.050 | elapsed 5238.6s
step  1985000 | reward(last100)  0.3720 | eps 0.050 | elapsed 5250.7s
step  1990000 | reward(last100)  0.4172 | eps 0.050 | elapsed 5261.7s
step  1995000 | reward(last100)  0.4062 | eps 0.050 | elapsed 5272.8s
step  2000000 | reward(last100)  0.4296 | eps 0.050 | elapsed 5283.9s
step  2005000 | reward(last100)  0.3627 | eps 0.050 | elapsed 5297.4s
step  2010000 | reward(last100)  0.4026 | eps 0.050 | elapsed 5309.9s
step  2015000 | reward(last100)  0.3200 | eps 0.050 | elapsed 5322.0s
step  2020000 | reward(last100)  0.4724 | eps 0.050 | elapsed 5334.1s
step  2025000 | reward(last100)  0.5001 | eps 0.050 | elapsed 5347.6s
step  2030000 | reward(last100)  0.3907 | eps 0.050 | elapsed 5362.1s
step  2035000 | reward(last100)  0.3476 | eps 0.050 | elapsed 5376.5s
step  2040000 | reward(last100)  0.4201 | eps 0.050 | elapsed 5390.9s
step  2045000 | reward(last100)  0.3467 | eps 0.050 | elapsed 5402.9s
step  2050000 | reward(last100)  0.2837 | eps 0.050 | elapsed 5414.0s
step  2055000 | reward(last100)  0.3247 | eps 0.050 | elapsed 5425.5s
step  2060000 | reward(last100)  0.4230 | eps 0.050 | elapsed 5436.7s
step  2065000 | reward(last100)  0.3637 | eps 0.050 | elapsed 5447.9s
step  2070000 | reward(last100)  0.2388 | eps 0.050 | elapsed 5461.1s
step  2075000 | reward(last100)  0.4265 | eps 0.050 | elapsed 5472.3s
step  2080000 | reward(last100)  0.3111 | eps 0.050 | elapsed 5485.3s
step  2085000 | reward(last100)  0.3246 | eps 0.050 | elapsed 5498.7s
step  2090000 | reward(last100)  0.3561 | eps 0.050 | elapsed 5509.9s
step  2095000 | reward(last100)  0.3391 | eps 0.050 | elapsed 5521.1s
step  2100000 | reward(last100)  0.3405 | eps 0.050 | elapsed 5532.3s
step  2105000 | reward(last100)  0.4384 | eps 0.050 | elapsed 5543.8s
step  2110000 | reward(last100)  0.3518 | eps 0.050 | elapsed 5554.9s
step  2115000 | reward(last100)  0.3581 | eps 0.050 | elapsed 5566.1s
step  2120000 | reward(last100)  0.3013 | eps 0.050 | elapsed 5577.3s
step  2125000 | reward(last100)  0.3508 | eps 0.050 | elapsed 5588.5s
step  2130000 | reward(last100)  0.4191 | eps 0.050 | elapsed 5599.7s
step  2135000 | reward(last100)  0.3424 | eps 0.050 | elapsed 5610.8s
step  2140000 | reward(last100)  0.4864 | eps 0.050 | elapsed 5622.0s
step  2145000 | reward(last100)  0.4008 | eps 0.050 | elapsed 5633.1s
step  2150000 | reward(last100)  0.4455 | eps 0.050 | elapsed 5644.2s
step  2155000 | reward(last100)  0.5135 | eps 0.050 | elapsed 5656.5s
step  2160000 | reward(last100)  0.5011 | eps 0.050 | elapsed 5669.1s
step  2165000 | reward(last100)  0.4411 | eps 0.050 | elapsed 5681.6s
step  2170000 | reward(last100)  0.4846 | eps 0.050 | elapsed 5694.5s
step  2175000 | reward(last100)  0.4928 | eps 0.050 | elapsed 5707.2s
step  2180000 | reward(last100)  0.3725 | eps 0.050 | elapsed 5718.9s
step  2185000 | reward(last100)  0.4071 | eps 0.050 | elapsed 5731.6s
step  2190000 | reward(last100)  0.4141 | eps 0.050 | elapsed 5745.6s
step  2195000 | reward(last100)  0.2753 | eps 0.050 | elapsed 5760.5s
step  2200000 | reward(last100)  0.4059 | eps 0.050 | elapsed 5773.8s
step  2205000 | reward(last100)  0.3185 | eps 0.050 | elapsed 5785.6s
step  2210000 | reward(last100)  0.4050 | eps 0.050 | elapsed 5796.8s
step  2215000 | reward(last100)  0.3526 | eps 0.050 | elapsed 5808.0s
step  2220000 | reward(last100)  0.3999 | eps 0.050 | elapsed 5819.2s
step  2225000 | reward(last100)  0.4963 | eps 0.050 | elapsed 5830.5s
step  2230000 | reward(last100)  0.3030 | eps 0.050 | elapsed 5841.8s
step  2235000 | reward(last100)  0.3616 | eps 0.050 | elapsed 5853.5s
step  2240000 | reward(last100)  0.4582 | eps 0.050 | elapsed 5864.8s
step  2245000 | reward(last100)  0.4093 | eps 0.050 | elapsed 5876.0s
step  2250000 | reward(last100)  0.4000 | eps 0.050 | elapsed 5887.3s
step  2255000 | reward(last100)  0.3929 | eps 0.050 | elapsed 5898.8s
step  2260000 | reward(last100)  0.3751 | eps 0.050 | elapsed 5909.9s
step  2265000 | reward(last100)  0.3950 | eps 0.050 | elapsed 5921.0s
step  2270000 | reward(last100)  0.3481 | eps 0.050 | elapsed 5932.2s
step  2275000 | reward(last100)  0.2969 | eps 0.050 | elapsed 5943.4s
step  2280000 | reward(last100)  0.3900 | eps 0.050 | elapsed 5954.5s
step  2285000 | reward(last100)  0.3983 | eps 0.050 | elapsed 5965.7s
step  2290000 | reward(last100)  0.4208 | eps 0.050 | elapsed 5977.2s
step  2295000 | reward(last100)  0.3399 | eps 0.050 | elapsed 5989.3s
step  2300000 | reward(last100)  0.4016 | eps 0.050 | elapsed 6001.5s
step  2305000 | reward(last100)  0.4048 | eps 0.050 | elapsed 6015.3s
step  2310000 | reward(last100)  0.3859 | eps 0.050 | elapsed 6028.6s
step  2315000 | reward(last100)  0.3234 | eps 0.050 | elapsed 6041.6s
step  2320000 | reward(last100)  0.3530 | eps 0.050 | elapsed 6053.0s
step  2325000 | reward(last100)  0.3823 | eps 0.050 | elapsed 6064.2s
step  2330000 | reward(last100)  0.2914 | eps 0.050 | elapsed 6075.5s
step  2335000 | reward(last100)  0.4264 | eps 0.050 | elapsed 6086.7s
step  2340000 | reward(last100)  0.3802 | eps 0.050 | elapsed 6097.8s
step  2345000 | reward(last100)  0.3553 | eps 0.050 | elapsed 6111.8s
step  2350000 | reward(last100)  0.4361 | eps 0.050 | elapsed 6126.8s
step  2355000 | reward(last100)  0.4180 | eps 0.050 | elapsed 6140.2s
step  2360000 | reward(last100)  0.3924 | eps 0.050 | elapsed 6154.8s
step  2365000 | reward(last100)  0.3645 | eps 0.050 | elapsed 6169.3s
step  2370000 | reward(last100)  0.4310 | eps 0.050 | elapsed 6182.5s
step  2375000 | reward(last100)  0.3395 | eps 0.050 | elapsed 6194.7s
step  2380000 | reward(last100)  0.4226 | eps 0.050 | elapsed 6207.4s
step  2385000 | reward(last100)  0.3740 | eps 0.050 | elapsed 6221.3s
step  2390000 | reward(last100)  0.3569 | eps 0.050 | elapsed 6236.0s
step  2395000 | reward(last100)  0.4399 | eps 0.050 | elapsed 6248.1s
step  2400000 | reward(last100)  0.4474 | eps 0.050 | elapsed 6259.2s
step  2405000 | reward(last100)  0.3249 | eps 0.050 | elapsed 6270.7s
step  2410000 | reward(last100)  0.3639 | eps 0.050 | elapsed 6282.0s
step  2415000 | reward(last100)  0.4037 | eps 0.050 | elapsed 6293.3s
step  2420000 | reward(last100)  0.3914 | eps 0.050 | elapsed 6305.1s
step  2425000 | reward(last100)  0.4839 | eps 0.050 | elapsed 6317.8s
step  2430000 | reward(last100)  0.4699 | eps 0.050 | elapsed 6330.5s
step  2435000 | reward(last100)  0.3494 | eps 0.050 | elapsed 6343.1s
step  2440000 | reward(last100)  0.4164 | eps 0.050 | elapsed 6355.7s
step  2445000 | reward(last100)  0.3469 | eps 0.050 | elapsed 6368.2s
step  2450000 | reward(last100)  0.3212 | eps 0.050 | elapsed 6380.9s
step  2455000 | reward(last100)  0.4353 | eps 0.050 | elapsed 6392.4s
step  2460000 | reward(last100)  0.3220 | eps 0.050 | elapsed 6403.7s
step  2465000 | reward(last100)  0.3435 | eps 0.050 | elapsed 6415.0s
step  2470000 | reward(last100)  0.4626 | eps 0.050 | elapsed 6426.2s
step  2475000 | reward(last100)  0.3740 | eps 0.050 | elapsed 6437.5s
step  2480000 | reward(last100)  0.2622 | eps 0.050 | elapsed 6448.7s
step  2485000 | reward(last100)  0.4497 | eps 0.050 | elapsed 6459.9s
step  2490000 | reward(last100)  0.4481 | eps 0.050 | elapsed 6471.7s
step  2495000 | reward(last100)  0.5063 | eps 0.050 | elapsed 6484.3s
step  2500000 | reward(last100)  0.4419 | eps 0.050 | elapsed 6496.9s
step  2505000 | reward(last100)  0.3780 | eps 0.050 | elapsed 6509.8s
step  2510000 | reward(last100)  0.4609 | eps 0.050 | elapsed 6522.5s
step  2515000 | reward(last100)  0.3684 | eps 0.050 | elapsed 6537.4s
step  2520000 | reward(last100)  0.4862 | eps 0.050 | elapsed 6552.3s
step  2525000 | reward(last100)  0.4235 | eps 0.050 | elapsed 6567.1s
step  2530000 | reward(last100)  0.4012 | eps 0.050 | elapsed 6582.0s
step  2535000 | reward(last100)  0.4672 | eps 0.050 | elapsed 6596.8s
step  2540000 | reward(last100)  0.3981 | eps 0.050 | elapsed 6611.7s
step  2545000 | reward(last100)  0.3101 | eps 0.050 | elapsed 6626.9s
step  2550000 | reward(last100)  0.4196 | eps 0.050 | elapsed 6640.6s
step  2555000 | reward(last100)  0.3322 | eps 0.050 | elapsed 6653.1s
step  2560000 | reward(last100)  0.3157 | eps 0.050 | elapsed 6666.2s
step  2565000 | reward(last100)  0.4118 | eps 0.050 | elapsed 6678.4s
step  2570000 | reward(last100)  0.4181 | eps 0.050 | elapsed 6690.6s
step  2575000 | reward(last100)  0.3526 | eps 0.050 | elapsed 6702.8s
step  2580000 | reward(last100)  0.3616 | eps 0.050 | elapsed 6715.5s
step  2585000 | reward(last100)  0.4646 | eps 0.050 | elapsed 6729.9s
step  2590000 | reward(last100)  0.4303 | eps 0.050 | elapsed 6745.2s
step  2595000 | reward(last100)  0.3470 | eps 0.050 | elapsed 6760.3s
step  2600000 | reward(last100)  0.3738 | eps 0.050 | elapsed 6775.6s
step  2605000 | reward(last100)  0.3373 | eps 0.050 | elapsed 6790.6s
step  2610000 | reward(last100)  0.4079 | eps 0.050 | elapsed 6805.7s
step  2615000 | reward(last100)  0.3619 | eps 0.050 | elapsed 6819.1s
step  2620000 | reward(last100)  0.3746 | eps 0.050 | elapsed 6831.5s
step  2625000 | reward(last100)  0.4531 | eps 0.050 | elapsed 6844.0s
step  2630000 | reward(last100)  0.3714 | eps 0.050 | elapsed 6858.9s
step  2635000 | reward(last100)  0.3598 | eps 0.050 | elapsed 6875.0s
step  2640000 | reward(last100)  0.4010 | eps 0.050 | elapsed 6891.3s
step  2645000 | reward(last100)  0.4471 | eps 0.050 | elapsed 6907.7s
step  2650000 | reward(last100)  0.4181 | eps 0.050 | elapsed 6924.0s
step  2655000 | reward(last100)  0.4042 | eps 0.050 | elapsed 6936.8s
step  2660000 | reward(last100)  0.4290 | eps 0.050 | elapsed 6950.4s
step  2665000 | reward(last100)  0.3235 | eps 0.050 | elapsed 6966.1s
step  2670000 | reward(last100)  0.4062 | eps 0.050 | elapsed 6978.5s
step  2675000 | reward(last100)  0.3840 | eps 0.050 | elapsed 6991.2s
step  2680000 | reward(last100)  0.3878 | eps 0.050 | elapsed 7003.6s
step  2685000 | reward(last100)  0.4377 | eps 0.050 | elapsed 7016.3s
step  2690000 | reward(last100)  0.3144 | eps 0.050 | elapsed 7029.1s
step  2695000 | reward(last100)  0.3965 | eps 0.050 | elapsed 7042.3s
step  2700000 | reward(last100)  0.3959 | eps 0.050 | elapsed 7055.6s
step  2705000 | reward(last100)  0.3895 | eps 0.050 | elapsed 7067.0s
step  2710000 | reward(last100)  0.3975 | eps 0.050 | elapsed 7078.1s
step  2715000 | reward(last100)  0.3176 | eps 0.050 | elapsed 7089.2s
step  2720000 | reward(last100)  0.3912 | eps 0.050 | elapsed 7100.2s
step  2725000 | reward(last100)  0.3065 | eps 0.050 | elapsed 7111.3s
step  2730000 | reward(last100)  0.4462 | eps 0.050 | elapsed 7122.4s
step  2735000 | reward(last100)  0.4199 | eps 0.050 | elapsed 7133.4s
step  2740000 | reward(last100)  0.4295 | eps 0.050 | elapsed 7144.4s
step  2745000 | reward(last100)  0.3051 | eps 0.050 | elapsed 7155.4s
step  2750000 | reward(last100)  0.4040 | eps 0.050 | elapsed 7166.5s
step  2755000 | reward(last100)  0.2879 | eps 0.050 | elapsed 7177.8s
step  2760000 | reward(last100)  0.3508 | eps 0.050 | elapsed 7188.9s
step  2765000 | reward(last100)  0.3181 | eps 0.050 | elapsed 7199.9s
step  2770000 | reward(last100)  0.3983 | eps 0.050 | elapsed 7210.8s
step  2775000 | reward(last100)  0.3951 | eps 0.050 | elapsed 7221.8s
step  2780000 | reward(last100)  0.4143 | eps 0.050 | elapsed 7232.7s
step  2785000 | reward(last100)  0.4050 | eps 0.050 | elapsed 7243.7s
step  2790000 | reward(last100)  0.3433 | eps 0.050 | elapsed 7254.7s
step  2795000 | reward(last100)  0.3492 | eps 0.050 | elapsed 7265.6s
step  2800000 | reward(last100)  0.3894 | eps 0.050 | elapsed 7276.5s
step  2805000 | reward(last100)  0.3886 | eps 0.050 | elapsed 7289.3s
step  2810000 | reward(last100)  0.3879 | eps 0.050 | elapsed 7301.7s
step  2815000 | reward(last100)  0.4215 | eps 0.050 | elapsed 7313.5s
step  2820000 | reward(last100)  0.4058 | eps 0.050 | elapsed 7324.4s
step  2825000 | reward(last100)  0.4054 | eps 0.050 | elapsed 7335.3s
step  2830000 | reward(last100)  0.4811 | eps 0.050 | elapsed 7346.3s
step  2835000 | reward(last100)  0.3261 | eps 0.050 | elapsed 7357.2s
step  2840000 | reward(last100)  0.4231 | eps 0.050 | elapsed 7368.2s
step  2845000 | reward(last100)  0.3861 | eps 0.050 | elapsed 7379.1s
step  2850000 | reward(last100)  0.3993 | eps 0.050 | elapsed 7390.1s
step  2855000 | reward(last100)  0.4121 | eps 0.050 | elapsed 7401.4s
step  2860000 | reward(last100)  0.4360 | eps 0.050 | elapsed 7412.2s
step  2865000 | reward(last100)  0.5067 | eps 0.050 | elapsed 7423.1s
step  2870000 | reward(last100)  0.4844 | eps 0.050 | elapsed 7434.0s
step  2875000 | reward(last100)  0.4385 | eps 0.050 | elapsed 7444.8s
step  2880000 | reward(last100)  0.4462 | eps 0.050 | elapsed 7455.6s
step  2885000 | reward(last100)  0.4629 | eps 0.050 | elapsed 7466.4s
step  2890000 | reward(last100)  0.3329 | eps 0.050 | elapsed 7477.2s
step  2895000 | reward(last100)  0.4031 | eps 0.050 | elapsed 7488.0s
step  2900000 | reward(last100)  0.4296 | eps 0.050 | elapsed 7499.0s
step  2905000 | reward(last100)  0.5448 | eps 0.050 | elapsed 7510.0s
step  2910000 | reward(last100)  0.4706 | eps 0.050 | elapsed 7520.8s
step  2915000 | reward(last100)  0.3466 | eps 0.050 | elapsed 7531.8s
step  2920000 | reward(last100)  0.3283 | eps 0.050 | elapsed 7542.7s
step  2925000 | reward(last100)  0.3820 | eps 0.050 | elapsed 7553.7s
step  2930000 | reward(last100)  0.3822 | eps 0.050 | elapsed 7564.7s
step  2935000 | reward(last100)  0.4099 | eps 0.050 | elapsed 7575.7s
step  2940000 | reward(last100)  0.3817 | eps 0.050 | elapsed 7586.6s
step  2945000 | reward(last100)  0.3628 | eps 0.050 | elapsed 7597.6s
step  2950000 | reward(last100)  0.4313 | eps 0.050 | elapsed 7608.5s
step  2955000 | reward(last100)  0.3147 | eps 0.050 | elapsed 7619.6s
step  2960000 | reward(last100)  0.3444 | eps 0.050 | elapsed 7630.3s
step  2965000 | reward(last100)  0.4087 | eps 0.050 | elapsed 7641.0s
step  2970000 | reward(last100)  0.3748 | eps 0.050 | elapsed 7651.6s
step  2975000 | reward(last100)  0.4340 | eps 0.050 | elapsed 7662.2s
step  2980000 | reward(last100)  0.3876 | eps 0.050 | elapsed 7672.9s
step  2985000 | reward(last100)  0.4149 | eps 0.050 | elapsed 7683.5s
step  2990000 | reward(last100)  0.3604 | eps 0.050 | elapsed 7694.2s
step  2995000 | reward(last100)  0.4491 | eps 0.050 | elapsed 7704.8s
step  3000000 | reward(last100)  0.4219 | eps 0.050 | elapsed 7715.9s
