step     5000 | reward(last100)  0.0319 | eps 0.976 | elapsed    1.1s
step    10000 | reward(last100)  0.0376 | eps 0.953 | elapsed    2.2s
step    15000 | reward(last100)  0.0454 | eps 0.929 | elapsed   12.5s
step    20000 | reward(last100)  0.0611 | eps 0.905 | elapsed   22.8s
step    25000 | reward(last100)  0.1042 | eps 0.881 | elapsed   34.8s
step    30000 | reward(last100)  0.1550 | eps 0.858 | elapsed   46.0s
step    35000 | reward(last100)  0.2382 | eps 0.834 | elapsed   55.8s
step    40000 | reward(last100)  0.2675 | eps 0.810 | elapsed   65.3s
step    45000 | reward(last100)  0.2479 | eps 0.786 | elapsed   75.1s
step    50000 | reward(last100)  0.2275 | eps 0.762 | elapsed   87.1s
step    55000 | reward(last100)  0.1561 | eps 0.739 | elapsed   99.5s
step    60000 | reward(last100)  0.1279 | eps 0.715 | elapsed  112.1s
step    65000 | reward(last100)  0.1113 | eps 0.691 | elapsed  121.1s
step    70000 | reward(last100)  0.0763 | eps 0.667 | elapsed  129.6s
step    75000 | reward(last100)  0.0731 | eps 0.644 | elapsed  139.9s
step    80000 | reward(last100)  0.1029 | eps 0.620 | elapsed  152.6s
step    85000 | reward(last100)  0.1152 | eps 0.596 | elapsed  166.1s
step    90000 | reward(last100)  0.1291 | eps 0.573 | elapsed  177.2s
step    95000 | reward(last100)  0.1768 | eps 0.549 | elapsed  186.5s
step   100000 | reward(last100)  0.1981 | eps 0.525 | elapsed  195.8s
step   105000 | reward(last100)  0.2309 | eps 0.501 | elapsed  209.5s
step   110000 | reward(last100)  0.2963 | eps 0.478 | elapsed  223.2s
step   115000 | reward(last100)  0.2741 | eps 0.454 | elapsed  237.0s
step   120000 | reward(last100)  0.2951 | eps 0.430 | elapsed  250.4s
step   125000 | reward(last100)  0.3427 | eps 0.406 | elapsed  261.2s
step   130000 | reward(last100)  0.3764 | eps 0.383 | elapsed  271.4s
step   135000 | reward(last100)  0.4330 | eps 0.359 | elapsed  281.5s
step   140000 | reward(last100)  0.8043 | eps 0.335 | elapsed  291.4s
step   145000 | reward(last100)  0.7420 | eps 0.311 | elapsed  301.2s
step   150000 | reward(last100)  0.6010 | eps 0.288 | elapsed  311.2s
step   155000 | reward(last100)  0.4610 | eps 0.264 | elapsed  322.2s
step   160000 | reward(last100)  0.3405 | eps 0.240 | elapsed  332.4s
step   165000 | reward(last100)  0.1906 | eps 0.216 | elapsed  342.7s
step   170000 | reward(last100)  0.1447 | eps 0.193 | elapsed  352.6s
step   175000 | reward(last100)  0.1263 | eps 0.169 | elapsed  363.0s
step   180000 | reward(last100)  0.0578 | eps 0.145 | elapsed  373.0s
step   185000 | reward(last100)  0.0288 | eps 0.121 | elapsed  386.0s
step   190000 | reward(last100)  0.0017 | eps 0.098 | elapsed  399.9s
step   195000 | reward(last100)  0.2241 | eps 0.074 | elapsed  412.5s
step   200000 | reward(last100)  0.5833 | eps 0.050 | elapsed  425.6s
step   205000 | reward(last100)  0.6459 | eps 0.050 | elapsed  434.7s
step   210000 | reward(last100)  0.8110 | eps 0.050 | elapsed  443.4s
step   215000 | reward(last100)  0.6534 | eps 0.050 | elapsed  455.3s
step   220000 | reward(last100)  0.5398 | eps 0.050 | elapsed  467.7s
step   225000 | reward(last100)  0.5326 | eps 0.050 | elapsed  480.7s
step   230000 | reward(last100)  0.6250 | eps 0.050 | elapsed  493.8s
step   235000 | reward(last100)  0.6013 | eps 0.050 | elapsed  505.6s
step   240000 | reward(last100)  0.6281 | eps 0.050 | elapsed  519.1s
step   245000 | reward(last100)  0.8595 | eps 0.050 | elapsed  532.8s
step   250000 | reward(last100)  0.8959 | eps 0.050 | elapsed  546.8s
step   255000 | reward(last100)  0.8701 | eps 0.050 | elapsed  561.2s
step   260000 | reward(last100)  0.7808 | eps 0.050 | elapsed  575.7s
step   265000 | reward(last100)  0.6965 | eps 0.050 | elapsed  590.4s
step   270000 | reward(last100)  0.8656 | eps 0.050 | elapsed  604.5s
step   275000 | reward(last100)  0.8918 | eps 0.050 | elapsed  618.9s
step   280000 | reward(last100)  0.8697 | eps 0.050 | elapsed  633.9s
step   285000 | reward(last100)  0.8937 | eps 0.050 | elapsed  646.7s
step   290000 | reward(last100)  0.8861 | eps 0.050 | elapsed  658.4s
step   295000 | reward(last100)  0.7718 | eps 0.050 | elapsed  669.8s
step   300000 | reward(last100)  0.7073 | eps 0.050 | elapsed  681.7s
step   305000 | reward(last100)  0.7054 | eps 0.050 | elapsed  693.6s
step   310000 | reward(last100)  0.9332 | eps 0.050 | elapsed  704.6s
step   315000 | reward(last100)  0.8424 | eps 0.050 | elapsed  716.3s
step   320000 | reward(last100)  0.9022 | eps 0.050 | elapsed  729.2s
step   325000 | reward(last100)  0.9281 | eps 0.050 | elapsed  740.6s
step   330000 | reward(last100)  0.9453 | eps 0.050 | elapsed  755.2s
step   335000 | reward(last100)  0.9343 | eps 0.050 | elapsed  768.9s
step   340000 | reward(last100)  0.9318 | eps 0.050 | elapsed  780.4s
step   345000 | reward(last100)  0.9241 | eps 0.050 | elapsed  793.4s
step   350000 | reward(last100)  0.9440 | eps 0.050 | elapsed  806.3s
step   355000 | reward(last100)  0.9417 | eps 0.050 | elapsed  819.1s
step   360000 | reward(last100)  0.9356 | eps 0.050 | elapsed  833.6s
step   365000 | reward(last100)  0.9162 | eps 0.050 | elapsed  847.7s
step   370000 | reward(last100)  0.9259 | eps 0.050 | elapsed  860.0s
step   375000 | reward(last100)  0.9421 | eps 0.050 | elapsed  875.2s
step   380000 | reward(last100)  0.9472 | eps 0.050 | elapsed  890.3s
step   385000 | reward(last100)  0.9495 | eps 0.050 | elapsed  905.0s
step   390000 | reward(last100)  0.9448 | eps 0.050 | elapsed  919.2s
step   395000 | reward(last100)  0.9508 | eps 0.050 | elapsed  932.2s
step   400000 | reward(last100)  0.9455 | eps 0.050 | elapsed  945.6s
step   405000 | reward(last100)  0.9467 | eps 0.050 | elapsed  956.5s
step   410000 | reward(last100)  0.9456 | eps 0.050 | elapsed  967.8s
step   415000 | reward(last100)  0.9470 | eps 0.050 | elapsed  979.6s
step   420000 | reward(last100)  0.9514 | eps 0.050 | elapsed  991.1s
step   425000 | reward(last100)  0.9506 | eps 0.050 | elapsed 1006.2s
step   430000 | reward(last100)  0.9418 | eps 0.050 | elapsed 1022.2s
step   435000 | reward(last100)  0.9498 | eps 0.050 | elapsed 1037.8s
step   440000 | reward(last100)  0.9473 | eps 0.050 | elapsed 1052.4s
step   445000 | reward(last100)  0.9462 | eps 0.050 | elapsed 1066.1s
step   450000 | reward(last100)  0.9497 | eps 0.050 | elapsed 1079.5s
step   455000 | reward(last100)  0.9500 | eps 0.050 | elapsed 1093.1s
step   460000 | reward(last100)  0.9483 | eps 0.050 | elapsed 1105.8s
step   465000 | reward(last100)  0.9518 | eps 0.050 | elapsed 1117.9s
step   470000 | reward(last100)  0.9434 | eps 0.050 | elapsed 1130.1s
step   475000 | reward(last100)  0.9504 | eps 0.050 | elapsed 1144.1s
step   480000 | reward(last100)  0.9513 | eps 0.050 | elapsed 1157.9s
step   485000 | reward(last100)  0.9492 | eps 0.050 | elapsed 1171.7s
step   490000 | reward(last100)  0.9488 | eps 0.050 | elapsed 1184.9s
step   495000 | reward(last100)  0.9466 | eps 0.050 | elapsed 1194.6s
step   500000 | reward(last100)  0.9343 | eps 0.050 | elapsed 1206.4s
