step     5000 | reward(last100)  0.0103 | eps 0.976 | elapsed    1.6s
step    10000 | reward(last100)  0.0065 | eps 0.953 | elapsed    3.3s
step    15000 | reward(last100)  0.0222 | eps 0.929 | elapsed   16.9s
step    20000 | reward(last100)  0.0244 | eps 0.905 | elapsed   30.0s
step    25000 | reward(last100)  0.0143 | eps 0.881 | elapsed   43.2s
step    30000 | reward(last100)  0.0600 | eps 0.858 | elapsed   56.3s
step    35000 | reward(last100)  0.0352 | eps 0.834 | elapsed   69.1s
step    40000 | reward(last100)  0.0426 | eps 0.810 | elapsed   82.2s
step    45000 | reward(last100)  0.0531 | eps 0.786 | elapsed   95.3s
step    50000 | reward(last100)  0.0489 | eps 0.762 | elapsed  109.0s
step    55000 | reward(last100)  0.0613 | eps 0.739 | elapsed  119.1s
step    60000 | reward(last100)  0.0558 | eps 0.715 | elapsed  127.4s
step    65000 | reward(last100)  0.0507 | eps 0.691 | elapsed  136.2s
step    70000 | reward(last100)  0.0415 | eps 0.667 | elapsed  145.2s
step    75000 | reward(last100)  0.1059 | eps 0.644 | elapsed  155.4s
step    80000 | reward(last100)  0.0286 | eps 0.620 | elapsed  165.0s
step    85000 | reward(last100)  0.0670 | eps 0.596 | elapsed  174.6s
step    90000 | reward(last100)  0.0257 | eps 0.573 | elapsed  187.7s
step    95000 | reward(last100)  0.0480 | eps 0.549 | elapsed  200.7s
step   100000 | reward(last100)  0.0392 | eps 0.525 | elapsed  212.7s
step   105000 | reward(last100)  0.0266 | eps 0.501 | elapsed  221.3s
step   110000 | reward(last100)  0.0272 | eps 0.478 | elapsed  230.7s
step   115000 | reward(last100)  0.0518 | eps 0.454 | elapsed  240.6s
step   120000 | reward(last100)  0.0541 | eps 0.430 | elapsed  252.8s
step   125000 | reward(last100)  0.0880 | eps 0.406 | elapsed  265.6s
step   130000 | reward(last100)  0.1169 | eps 0.383 | elapsed  278.9s
step   135000 | reward(last100)  0.1425 | eps 0.359 | elapsed  291.9s
step   140000 | reward(last100)  0.1323 | eps 0.335 | elapsed  305.4s
step   145000 | reward(last100)  0.1292 | eps 0.311 | elapsed  315.6s
step   150000 | reward(last100)  0.1607 | eps 0.288 | elapsed  325.4s
step   155000 | reward(last100)  0.1271 | eps 0.264 | elapsed  335.8s
step   160000 | reward(last100)  0.0784 | eps 0.240 | elapsed  346.1s
step   165000 | reward(last100)  0.0663 | eps 0.216 | elapsed  356.4s
step   170000 | reward(last100)  0.0255 | eps 0.193 | elapsed  369.7s
step   175000 | reward(last100)  0.0800 | eps 0.169 | elapsed  383.5s
step   180000 | reward(last100)  0.0169 | eps 0.145 | elapsed  396.7s
step   185000 | reward(last100)  0.0489 | eps 0.121 | elapsed  410.1s
step   190000 | reward(last100)  0.0967 | eps 0.098 | elapsed  423.8s
step   195000 | reward(last100)  0.0715 | eps 0.074 | elapsed  437.9s
step   200000 | reward(last100)  0.0609 | eps 0.050 | elapsed  448.5s
step   205000 | reward(last100)  0.0513 | eps 0.050 | elapsed  461.0s
step   210000 | reward(last100)  0.0896 | eps 0.050 | elapsed  473.7s
step   215000 | reward(last100)  0.0379 | eps 0.050 | elapsed  487.1s
step   220000 | reward(last100)  0.0250 | eps 0.050 | elapsed  500.6s
step   225000 | reward(last100)  0.0064 | eps 0.050 | elapsed  514.1s
step   230000 | reward(last100)  0.0830 | eps 0.050 | elapsed  526.8s
step   235000 | reward(last100)  0.0455 | eps 0.050 | elapsed  537.9s
step   240000 | reward(last100)  0.0313 | eps 0.050 | elapsed  549.6s
step   245000 | reward(last100)  0.0017 | eps 0.050 | elapsed  562.9s
step   250000 | reward(last100)  0.0481 | eps 0.050 | elapsed  576.8s
step   255000 | reward(last100)  0.0592 | eps 0.050 | elapsed  589.8s
step   260000 | reward(last100)  0.1285 | eps 0.050 | elapsed  603.9s
step   265000 | reward(last100)  0.0748 | eps 0.050 | elapsed  613.8s
step   270000 | reward(last100)  0.0239 | eps 0.050 | elapsed  625.2s
step   275000 | reward(last100)  0.0858 | eps 0.050 | elapsed  637.0s
step   280000 | reward(last100)  0.1054 | eps 0.050 | elapsed  651.0s
step   285000 | reward(last100)  0.0069 | eps 0.050 | elapsed  666.0s
step   290000 | reward(last100)  0.0338 | eps 0.050 | elapsed  680.2s
step   295000 | reward(last100)  0.0174 | eps 0.050 | elapsed  694.4s
step   300000 | reward(last100)  0.0150 | eps 0.050 | elapsed  708.8s
step   305000 | reward(last100)  0.0378 | eps 0.050 | elapsed  723.3s
step   310000 | reward(last100)  0.3190 | eps 0.050 | elapsed  737.8s
step   315000 | reward(last100)  0.6374 | eps 0.050 | elapsed  753.3s
step   320000 | reward(last100)  0.5128 | eps 0.050 | elapsed  768.5s
step   325000 | reward(last100)  0.1144 | eps 0.050 | elapsed  783.5s
step   330000 | reward(last100)  0.0078 | eps 0.050 | elapsed  798.1s
step   335000 | reward(last100)  0.0195 | eps 0.050 | elapsed  812.5s
step   340000 | reward(last100)  0.0138 | eps 0.050 | elapsed  827.2s
step   345000 | reward(last100)  0.0000 | eps 0.050 | elapsed  841.2s
step   350000 | reward(last100)  0.0136 | eps 0.050 | elapsed  855.8s
step   355000 | reward(last100)  0.0090 | eps 0.050 | elapsed  867.9s
step   360000 | reward(last100)  0.0000 | eps 0.050 | elapsed  880.4s
step   365000 | reward(last100)  0.0000 | eps 0.050 | elapsed  891.8s
step   370000 | reward(last100)  0.0015 | eps 0.050 | elapsed  903.6s
step   375000 | reward(last100)  0.0198 | eps 0.050 | elapsed  915.5s
step   380000 | reward(last100)  0.0843 | eps 0.050 | elapsed  927.8s
step   385000 | reward(last100)  0.1230 | eps 0.050 | elapsed  940.9s
step   390000 | reward(last100)  0.1858 | eps 0.050 | elapsed  954.5s
step   395000 | reward(last100)  0.5188 | eps 0.050 | elapsed  967.6s
step   400000 | reward(last100)  0.5662 | eps 0.050 | elapsed  980.9s
step   405000 | reward(last100)  0.4013 | eps 0.050 | elapsed  993.8s
step   410000 | reward(last100)  0.5135 | eps 0.050 | elapsed 1009.6s
step   415000 | reward(last100)  0.4498 | eps 0.050 | elapsed 1025.5s
step   420000 | reward(last100)  0.4078 | eps 0.050 | elapsed 1041.1s
step   425000 | reward(last100)  0.4994 | eps 0.050 | elapsed 1055.2s
step   430000 | reward(last100)  0.3686 | eps 0.050 | elapsed 1068.8s
step   435000 | reward(last100)  0.5285 | eps 0.050 | elapsed 1081.6s
step   440000 | reward(last100)  0.5901 | eps 0.050 | elapsed 1091.7s
step   445000 | reward(last100)  0.6477 | eps 0.050 | elapsed 1101.9s
step   450000 | reward(last100)  0.4669 | eps 0.050 | elapsed 1112.1s
step   455000 | reward(last100)  0.4719 | eps 0.050 | elapsed 1125.6s
step   460000 | reward(last100)  0.4265 | eps 0.050 | elapsed 1140.7s
step   465000 | reward(last100)  0.3462 | eps 0.050 | elapsed 1155.8s
step   470000 | reward(last100)  0.4436 | eps 0.050 | elapsed 1168.8s
step   475000 | reward(last100)  0.3204 | eps 0.050 | elapsed 1180.5s
step   480000 | reward(last100)  0.3954 | eps 0.050 | elapsed 1192.5s
step   485000 | reward(last100)  0.3507 | eps 0.050 | elapsed 1204.3s
step   490000 | reward(last100)  0.4281 | eps 0.050 | elapsed 1215.6s
step   495000 | reward(last100)  0.2414 | eps 0.050 | elapsed 1226.4s
step   500000 | reward(last100)  0.3536 | eps 0.050 | elapsed 1236.8s
step   505000 | reward(last100)  0.5153 | eps 0.050 | elapsed 1249.9s
step   510000 | reward(last100)  0.3666 | eps 0.050 | elapsed 1260.0s
step   515000 | reward(last100)  0.4893 | eps 0.050 | elapsed 1269.5s
step   520000 | reward(last100)  0.5233 | eps 0.050 | elapsed 1279.1s
step   525000 | reward(last100)  0.4277 | eps 0.050 | elapsed 1291.4s
step   530000 | reward(last100)  0.5912 | eps 0.050 | elapsed 1304.9s
step   535000 | reward(last100)  0.3471 | eps 0.050 | elapsed 1317.9s
step   540000 | reward(last100)  0.3418 | eps 0.050 | elapsed 1330.8s
step   545000 | reward(last100)  0.1943 | eps 0.050 | elapsed 1343.7s
step   550000 | reward(last100)  0.4012 | eps 0.050 | elapsed 1355.0s
step   555000 | reward(last100)  0.4256 | eps 0.050 | elapsed 1366.5s
step   560000 | reward(last100)  0.4164 | eps 0.050 | elapsed 1377.5s
step   565000 | reward(last100)  0.2741 | eps 0.050 | elapsed 1388.0s
step   570000 | reward(last100)  0.3553 | eps 0.050 | elapsed 1398.1s
step   575000 | reward(last100)  0.2266 | eps 0.050 | elapsed 1407.8s
step   580000 | reward(last100)  0.3524 | eps 0.050 | elapsed 1418.8s
step   585000 | reward(last100)  0.2475 | eps 0.050 | elapsed 1433.3s
step   590000 | reward(last100)  0.3766 | eps 0.050 | elapsed 1446.3s
step   595000 | reward(last100)  0.3344 | eps 0.050 | elapsed 1456.0s
step   600000 | reward(last100)  0.3793 | eps 0.050 | elapsed 1465.7s
step   605000 | reward(last100)  0.3578 | eps 0.050 | elapsed 1475.8s
step   610000 | reward(last100)  0.3055 | eps 0.050 | elapsed 1486.1s
step   615000 | reward(last100)  0.1984 | eps 0.050 | elapsed 1495.9s
step   620000 | reward(last100)  0.4163 | eps 0.050 | elapsed 1507.7s
step   625000 | reward(last100)  0.3413 | eps 0.050 | elapsed 1521.3s
step   630000 | reward(last100)  0.2984 | eps 0.050 | elapsed 1535.6s
step   635000 | reward(last100)  0.0391 | eps 0.050 | elapsed 1547.7s
step   640000 | reward(last100)  0.1805 | eps 0.050 | elapsed 1559.6s
step   645000 | reward(last100)  0.3196 | eps 0.050 | elapsed 1572.6s
step   650000 | reward(last100)  0.1408 | eps 0.050 | elapsed 1583.2s
step   655000 | reward(last100)  0.2661 | eps 0.050 | elapsed 1595.2s
step   660000 | reward(last100)  0.4433 | eps 0.050 | elapsed 1608.7s
step   665000 | reward(last100)  0.4279 | eps 0.050 | elapsed 1621.2s
step   670000 | reward(last100)  0.2247 | eps 0.050 | elapsed 1633.7s
step   675000 | reward(last100)  0.0799 | eps 0.050 | elapsed 1644.5s
step   680000 | reward(last100)  0.3313 | eps 0.050 | elapsed 1655.3s
step   685000 | reward(last100)  0.1483 | eps 0.050 | elapsed 1666.0s
step   690000 | reward(last100)  0.1770 | eps 0.050 | elapsed 1678.1s
step   695000 | reward(last100)  0.3823 | eps 0.050 | elapsed 1689.3s
step   700000 | reward(last100)  0.3393 | eps 0.050 | elapsed 1700.6s
step   705000 | reward(last100)  0.3146 | eps 0.050 | elapsed 1714.7s
step   710000 | reward(last100)  0.4030 | eps 0.050 | elapsed 1728.6s
step   715000 | reward(last100)  0.0885 | eps 0.050 | elapsed 1742.8s
step   720000 | reward(last100)  0.3498 | eps 0.050 | elapsed 1757.3s
step   725000 | reward(last100)  0.2570 | eps 0.050 | elapsed 1771.7s
step   730000 | reward(last100)  0.3339 | eps 0.050 | elapsed 1785.5s
step   735000 | reward(last100)  0.3891 | eps 0.050 | elapsed 1795.1s
step   740000 | reward(last100)  0.3296 | eps 0.050 | elapsed 1804.5s
step   745000 | reward(last100)  0.4032 | eps 0.050 | elapsed 1814.0s
step   750000 | reward(last100)  0.4295 | eps 0.050 | elapsed 1824.0s
step   755000 | reward(last100)  0.4789 | eps 0.050 | elapsed 1835.9s
step   760000 | reward(last100)  0.3524 | eps 0.050 | elapsed 1847.3s
step   765000 | reward(last100)  0.2514 | eps 0.050 | elapsed 1858.5s
step   770000 | reward(last100)  0.2690 | eps 0.050 | elapsed 1870.9s
step   775000 | reward(last100)  0.2391 | eps 0.050 | elapsed 1886.0s
step   780000 | reward(last100)  0.4099 | eps 0.050 | elapsed 1901.2s
step   785000 | reward(last100)  0.2373 | eps 0.050 | elapsed 1916.4s
step   790000 | reward(last100)  0.2709 | eps 0.050 | elapsed 1928.9s
step   795000 | reward(last100)  0.1794 | eps 0.050 | elapsed 1938.9s
step   800000 | reward(last100)  0.2114 | eps 0.050 | elapsed 1949.6s
step   805000 | reward(last100)  0.5044 | eps 0.050 | elapsed 1962.2s
step   810000 | reward(last100)  0.2219 | eps 0.050 | elapsed 1973.8s
step   815000 | reward(last100)  0.2455 | eps 0.050 | elapsed 1984.8s
step   820000 | reward(last100)  0.1628 | eps 0.050 | elapsed 1996.3s
step   825000 | reward(last100)  0.1880 | eps 0.050 | elapsed 2007.5s
step   830000 | reward(last100)  0.2113 | eps 0.050 | elapsed 2020.8s
step   835000 | reward(last100)  0.2886 | eps 0.050 | elapsed 2033.9s
step   840000 | reward(last100)  0.1785 | eps 0.050 | elapsed 2047.0s
step   845000 | reward(last100)  0.1094 | eps 0.050 | elapsed 2060.0s
step   850000 | reward(last100)  0.3285 | eps 0.050 | elapsed 2072.0s
step   855000 | reward(last100)  0.2248 | eps 0.050 | elapsed 2081.6s
step   860000 | reward(last100)  0.1380 | eps 0.050 | elapsed 2090.9s
step   865000 | reward(last100)  0.2459 | eps 0.050 | elapsed 2100.2s
step   870000 | reward(last100)  0.3444 | eps 0.050 | elapsed 2109.6s
step   875000 | reward(last100)  0.2823 | eps 0.050 | elapsed 2118.9s
step   880000 | reward(last100)  0.4274 | eps 0.050 | elapsed 2130.1s
step   885000 | reward(last100)  0.2935 | eps 0.050 | elapsed 2144.0s
step   890000 | reward(last100)  0.1778 | eps 0.050 | elapsed 2157.2s
step   895000 | reward(last100)  0.2172 | eps 0.050 | elapsed 2168.3s
step   900000 | reward(last100)  0.3060 | eps 0.050 | elapsed 2179.5s
step   905000 | reward(last100)  0.4986 | eps 0.050 | elapsed 2189.1s
step   910000 | reward(last100)  0.3826 | eps 0.050 | elapsed 2198.4s
step   915000 | reward(last100)  0.2192 | eps 0.050 | elapsed 2207.7s
step   920000 | reward(last100)  0.0675 | eps 0.050 | elapsed 2217.0s
step   925000 | reward(last100)  0.2731 | eps 0.050 | elapsed 2227.1s
step   930000 | reward(last100)  0.3135 | eps 0.050 | elapsed 2237.5s
step   935000 | reward(last100)  0.4529 | eps 0.050 | elapsed 2247.1s
step   940000 | reward(last100)  0.3343 | eps 0.050 | elapsed 2256.4s
step   945000 | reward(last100)  0.1220 | eps 0.050 | elapsed 2265.8s
step   950000 | reward(last100)  0.2566 | eps 0.050 | elapsed 2275.1s
step   955000 | reward(last100)  0.4490 | eps 0.050 | elapsed 2288.9s
step   960000 | reward(last100)  0.2138 | eps 0.050 | elapsed 2302.0s
step   965000 | reward(last100)  0.2740 | eps 0.050 | elapsed 2315.2s
step   970000 | reward(last100)  0.4266 | eps 0.050 | elapsed 2328.3s
step   975000 | reward(last100)  0.3228 | eps 0.050 | elapsed 2338.7s
step   980000 | reward(last100)  0.3749 | eps 0.050 | elapsed 2349.2s
step   985000 | reward(last100)  0.2626 | eps 0.050 | elapsed 2359.6s
step   990000 | reward(last100)  0.4066 | eps 0.050 | elapsed 2370.1s
step   995000 | reward(last100)  0.3979 | eps 0.050 | elapsed 2379.5s
step  1000000 | reward(last100)  0.3643 | eps 0.050 | elapsed 2388.8s
step  1005000 | reward(last100)  0.3803 | eps 0.050 | elapsed 2399.4s
step  1010000 | reward(last100)  0.3690 | eps 0.050 | elapsed 2409.2s
step  1015000 | reward(last100)  0.3740 | eps 0.050 | elapsed 2418.9s
step  1020000 | reward(last100)  0.3970 | eps 0.050 | elapsed 2428.6s
step  1025000 | reward(last100)  0.2518 | eps 0.050 | elapsed 2438.3s
step  1030000 | reward(last100)  0.2615 | eps 0.050 | elapsed 2447.7s
step  1035000 | reward(last100)  0.3866 | eps 0.050 | elapsed 2459.0s
step  1040000 | reward(last100)  0.3411 | eps 0.050 | elapsed 2469.5s
step  1045000 | reward(last100)  0.2844 | eps 0.050 | elapsed 2480.5s
step  1050000 | reward(last100)  0.4107 | eps 0.050 | elapsed 2491.8s
step  1055000 | reward(last100)  0.3513 | eps 0.050 | elapsed 2502.7s
step  1060000 | reward(last100)  0.3892 | eps 0.050 | elapsed 2512.8s
step  1065000 | reward(last100)  0.3269 | eps 0.050 | elapsed 2523.0s
step  1070000 | reward(last100)  0.4152 | eps 0.050 | elapsed 2534.2s
step  1075000 | reward(last100)  0.3506 | eps 0.050 | elapsed 2545.4s
step  1080000 | reward(last100)  0.4250 | eps 0.050 | elapsed 2556.9s
step  1085000 | reward(last100)  0.3414 | eps 0.050 | elapsed 2568.6s
step  1090000 | reward(last100)  0.2539 | eps 0.050 | elapsed 2580.5s
step  1095000 | reward(last100)  0.2029 | eps 0.050 | elapsed 2592.3s
step  1100000 | reward(last100)  0.2923 | eps 0.050 | elapsed 2604.0s
step  1105000 | reward(last100)  0.2319 | eps 0.050 | elapsed 2617.1s
step  1110000 | reward(last100)  0.3803 | eps 0.050 | elapsed 2632.2s
step  1115000 | reward(last100)  0.2124 | eps 0.050 | elapsed 2643.0s
step  1120000 | reward(last100)  0.3907 | eps 0.050 | elapsed 2653.8s
step  1125000 | reward(last100)  0.2561 | eps 0.050 | elapsed 2665.4s
step  1130000 | reward(last100)  0.3994 | eps 0.050 | elapsed 2676.1s
step  1135000 | reward(last100)  0.3634 | eps 0.050 | elapsed 2686.2s
step  1140000 | reward(last100)  0.4045 | eps 0.050 | elapsed 2695.9s
step  1145000 | reward(last100)  0.1832 | eps 0.050 | elapsed 2705.6s
step  1150000 | reward(last100)  0.2664 | eps 0.050 | elapsed 2715.0s
step  1155000 | reward(last100)  0.4174 | eps 0.050 | elapsed 2724.9s
step  1160000 | reward(last100)  0.3379 | eps 0.050 | elapsed 2734.4s
step  1165000 | reward(last100)  0.0612 | eps 0.050 | elapsed 2745.0s
step  1170000 | reward(last100)  0.0149 | eps 0.050 | elapsed 2755.5s
step  1175000 | reward(last100)  0.1246 | eps 0.050 | elapsed 2766.8s
step  1180000 | reward(last100)  0.2108 | eps 0.050 | elapsed 2778.1s
step  1185000 | reward(last100)  0.2995 | eps 0.050 | elapsed 2790.9s
step  1190000 | reward(last100)  0.1904 | eps 0.050 | elapsed 2804.9s
step  1195000 | reward(last100)  0.3257 | eps 0.050 | elapsed 2818.9s
step  1200000 | reward(last100)  0.3333 | eps 0.050 | elapsed 2829.9s
step  1205000 | reward(last100)  0.3635 | eps 0.050 | elapsed 2840.2s
step  1210000 | reward(last100)  0.3165 | eps 0.050 | elapsed 2849.8s
step  1215000 | reward(last100)  0.1970 | eps 0.050 | elapsed 2859.8s
step  1220000 | reward(last100)  0.2242 | eps 0.050 | elapsed 2870.5s
step  1225000 | reward(last100)  0.2578 | eps 0.050 | elapsed 2880.6s
step  1230000 | reward(last100)  0.2132 | eps 0.050 | elapsed 2890.2s
step  1235000 | reward(last100)  0.3246 | eps 0.050 | elapsed 2899.9s
step  1240000 | reward(last100)  0.2793 | eps 0.050 | elapsed 2913.4s
step  1245000 | reward(last100)  0.2744 | eps 0.050 | elapsed 2925.7s
step  1250000 | reward(last100)  0.2800 | eps 0.050 | elapsed 2936.6s
step  1255000 | reward(last100)  0.3114 | eps 0.050 | elapsed 2946.8s
step  1260000 | reward(last100)  0.1794 | eps 0.050 | elapsed 2956.6s
step  1265000 | reward(last100)  0.2838 | eps 0.050 | elapsed 2966.3s
step  1270000 | reward(last100)  0.3288 | eps 0.050 | elapsed 2976.0s
step  1275000 | reward(last100)  0.3198 | eps 0.050 | elapsed 2986.5s
step  1280000 | reward(last100)  0.0261 | eps 0.050 | elapsed 2997.7s
step  1285000 | reward(last100)  0.2176 | eps 0.050 | elapsed 3009.1s
step  1290000 | reward(last100)  0.1942 | eps 0.050 | elapsed 3020.4s
step  1295000 | reward(last100)  0.1772 | eps 0.050 | elapsed 3031.5s
step  1300000 | reward(last100)  0.3208 | eps 0.050 | elapsed 3041.4s
step  1305000 | reward(last100)  0.2006 | eps 0.050 | elapsed 3051.5s
step  1310000 | reward(last100)  0.3017 | eps 0.050 | elapsed 3061.3s
step  1315000 | reward(last100)  0.4126 | eps 0.050 | elapsed 3071.1s
step  1320000 | reward(last100)  0.3604 | eps 0.050 | elapsed 3080.9s
step  1325000 | reward(last100)  0.3270 | eps 0.050 | elapsed 3090.7s
step  1330000 | reward(last100)  0.2838 | eps 0.050 | elapsed 3100.8s
step  1335000 | reward(last100)  0.2727 | eps 0.050 | elapsed 3112.8s
step  1340000 | reward(last100)  0.2046 | eps 0.050 | elapsed 3123.8s
step  1345000 | reward(last100)  0.3729 | eps 0.050 | elapsed 3133.4s
step  1350000 | reward(last100)  0.2590 | eps 0.050 | elapsed 3143.1s
step  1355000 | reward(last100)  0.2768 | eps 0.050 | elapsed 3153.2s
step  1360000 | reward(last100)  0.3603 | eps 0.050 | elapsed 3162.7s
step  1365000 | reward(last100)  0.2452 | eps 0.050 | elapsed 3172.3s
step  1370000 | reward(last100)  0.2281 | eps 0.050 | elapsed 3182.4s
step  1375000 | reward(last100)  0.2530 | eps 0.050 | elapsed 3192.7s
step  1380000 | reward(last100)  0.3860 | eps 0.050 | elapsed 3202.9s
step  1385000 | reward(last100)  0.1880 | eps 0.050 | elapsed 3212.6s
step  1390000 | reward(last100)  0.2606 | eps 0.050 | elapsed 3223.0s
step  1395000 | reward(last100)  0.2119 | eps 0.050 | elapsed 3235.7s
step  1400000 | reward(last100)  0.1615 | eps 0.050 | elapsed 3248.3s
step  1405000 | reward(last100)  0.1851 | eps 0.050 | elapsed 3258.5s
step  1410000 | reward(last100)  0.3482 | eps 0.050 | elapsed 3268.2s
step  1415000 | reward(last100)  0.2220 | eps 0.050 | elapsed 3277.9s
step  1420000 | reward(last100)  0.3745 | eps 0.050 | elapsed 3287.6s
step  1425000 | reward(last100)  0.1551 | eps 0.050 | elapsed 3297.6s
step  1430000 | reward(last100)  0.2109 | eps 0.050 | elapsed 3308.1s
step  1435000 | reward(last100)  0.2829 | eps 0.050 | elapsed 3318.5s
step  1440000 | reward(last100)  0.2030 | eps 0.050 | elapsed 3328.9s
step  1445000 | reward(last100)  0.1842 | eps 0.050 | elapsed 3339.4s
step  1450000 | reward(last100)  0.1300 | eps 0.050 | elapsed 3349.8s
step  1455000 | reward(last100)  0.1270 | eps 0.050 | elapsed 3360.4s
step  1460000 | reward(last100)  0.1995 | eps 0.050 | elapsed 3370.9s
step  1465000 | reward(last100)  0.3465 | eps 0.050 | elapsed 3381.2s
step  1470000 | reward(last100)  0.1731 | eps 0.050 | elapsed 3390.8s
step  1475000 | reward(last100)  0.2049 | eps 0.050 | elapsed 3400.5s
step  1480000 | reward(last100)  0.3640 | eps 0.050 | elapsed 3411.0s
step  1485000 | reward(last100)  0.2311 | eps 0.050 | elapsed 3421.5s
step  1490000 | reward(last100)  0.2537 | eps 0.050 | elapsed 3432.1s
step  1495000 | reward(last100)  0.3684 | eps 0.050 | elapsed 3442.5s
step  1500000 | reward(last100)  0.3341 | eps 0.050 | elapsed 3452.1s
step  1505000 | reward(last100)  0.2667 | eps 0.050 | elapsed 3463.9s
step  1510000 | reward(last100)  0.3485 | eps 0.050 | elapsed 3475.8s
step  1515000 | reward(last100)  0.1359 | eps 0.050 | elapsed 3489.3s
step  1520000 | reward(last100)  0.0672 | eps 0.050 | elapsed 3502.4s
step  1525000 | reward(last100)  0.2607 | eps 0.050 | elapsed 3515.5s
step  1530000 | reward(last100)  0.3135 | eps 0.050 | elapsed 3528.4s
step  1535000 | reward(last100)  0.1739 | eps 0.050 | elapsed 3541.4s
step  1540000 | reward(last100)  0.0822 | eps 0.050 | elapsed 3553.7s
step  1545000 | reward(last100)  0.2599 | eps 0.050 | elapsed 3563.3s
step  1550000 | reward(last100)  0.3837 | eps 0.050 | elapsed 3573.0s
step  1555000 | reward(last100)  0.1608 | eps 0.050 | elapsed 3583.3s
step  1560000 | reward(last100)  0.3634 | eps 0.050 | elapsed 3593.1s
step  1565000 | reward(last100)  0.3059 | eps 0.050 | elapsed 3602.9s
step  1570000 | reward(last100)  0.0650 | eps 0.050 | elapsed 3612.6s
step  1575000 | reward(last100)  0.3829 | eps 0.050 | elapsed 3622.8s
step  1580000 | reward(last100)  0.2978 | eps 0.050 | elapsed 3633.6s
step  1585000 | reward(last100)  0.2326 | eps 0.050 | elapsed 3644.3s
step  1590000 | reward(last100)  0.1308 | eps 0.050 | elapsed 3655.0s
step  1595000 | reward(last100)  0.1998 | eps 0.050 | elapsed 3666.0s
step  1600000 | reward(last100)  0.1440 | eps 0.050 | elapsed 3676.7s
step  1605000 | reward(last100)  0.2762 | eps 0.050 | elapsed 3687.5s
step  1610000 | reward(last100)  0.3141 | eps 0.050 | elapsed 3698.2s
step  1615000 | reward(last100)  0.1544 | eps 0.050 | elapsed 3709.5s
step  1620000 | reward(last100)  0.3053 | eps 0.050 | elapsed 3722.1s
step  1625000 | reward(last100)  0.3022 | eps 0.050 | elapsed 3731.7s
step  1630000 | reward(last100)  0.3393 | eps 0.050 | elapsed 3741.2s
step  1635000 | reward(last100)  0.1816 | eps 0.050 | elapsed 3750.8s
step  1640000 | reward(last100)  0.2036 | eps 0.050 | elapsed 3760.4s
step  1645000 | reward(last100)  0.3118 | eps 0.050 | elapsed 3770.0s
step  1650000 | reward(last100)  0.2389 | eps 0.050 | elapsed 3780.7s
step  1655000 | reward(last100)  0.1287 | eps 0.050 | elapsed 3791.6s
step  1660000 | reward(last100)  0.3508 | eps 0.050 | elapsed 3802.0s
step  1665000 | reward(last100)  0.2094 | eps 0.050 | elapsed 3813.2s
step  1670000 | reward(last100)  0.1841 | eps 0.050 | elapsed 3824.3s
step  1675000 | reward(last100)  0.2907 | eps 0.050 | elapsed 3835.3s
step  1680000 | reward(last100)  0.3790 | eps 0.050 | elapsed 3845.9s
step  1685000 | reward(last100)  0.2113 | eps 0.050 | elapsed 3856.8s
step  1690000 | reward(last100)  0.1642 | eps 0.050 | elapsed 3871.0s
step  1695000 | reward(last100)  0.3271 | eps 0.050 | elapsed 3884.8s
step  1700000 | reward(last100)  0.3428 | eps 0.050 | elapsed 3897.5s
step  1705000 | reward(last100)  0.2217 | eps 0.050 | elapsed 3907.4s
step  1710000 | reward(last100)  0.4330 | eps 0.050 | elapsed 3917.0s
step  1715000 | reward(last100)  0.2379 | eps 0.050 | elapsed 3926.5s
step  1720000 | reward(last100)  0.2890 | eps 0.050 | elapsed 3936.1s
step  1725000 | reward(last100)  0.2953 | eps 0.050 | elapsed 3945.8s
step  1730000 | reward(last100)  0.1916 | eps 0.050 | elapsed 3955.4s
step  1735000 | reward(last100)  0.3407 | eps 0.050 | elapsed 3965.1s
step  1740000 | reward(last100)  0.2509 | eps 0.050 | elapsed 3974.7s
step  1745000 | reward(last100)  0.3832 | eps 0.050 | elapsed 3984.4s
step  1750000 | reward(last100)  0.3640 | eps 0.050 | elapsed 3994.0s
step  1755000 | reward(last100)  0.2428 | eps 0.050 | elapsed 4004.1s
step  1760000 | reward(last100)  0.3215 | eps 0.050 | elapsed 4015.9s
step  1765000 | reward(last100)  0.4575 | eps 0.050 | elapsed 4030.9s
step  1770000 | reward(last100)  0.3263 | eps 0.050 | elapsed 4045.6s
step  1775000 | reward(last100)  0.3407 | eps 0.050 | elapsed 4060.3s
step  1780000 | reward(last100)  0.3614 | eps 0.050 | elapsed 4074.8s
step  1785000 | reward(last100)  0.3516 | eps 0.050 | elapsed 4088.9s
step  1790000 | reward(last100)  0.3502 | eps 0.050 | elapsed 4103.6s
step  1795000 | reward(last100)  0.3281 | eps 0.050 | elapsed 4118.0s
step  1800000 | reward(last100)  0.2695 | eps 0.050 | elapsed 4130.2s
step  1805000 | reward(last100)  0.2600 | eps 0.050 | elapsed 4141.4s
step  1810000 | reward(last100)  0.2683 | eps 0.050 | elapsed 4152.2s
step  1815000 | reward(last100)  0.3773 | eps 0.050 | elapsed 4162.7s
step  1820000 | reward(last100)  0.2778 | eps 0.050 | elapsed 4173.1s
step  1825000 | reward(last100)  0.2622 | eps 0.050 | elapsed 4183.6s
step  1830000 | reward(last100)  0.1107 | eps 0.050 | elapsed 4194.0s
step  1835000 | reward(last100)  0.3934 | eps 0.050 | elapsed 4203.7s
step  1840000 | reward(last100)  0.3907 | eps 0.050 | elapsed 4213.4s
step  1845000 | reward(last100)  0.3001 | eps 0.050 | elapsed 4223.0s
step  1850000 | reward(last100)  0.3067 | eps 0.050 | elapsed 4232.7s
step  1855000 | reward(last100)  0.2014 | eps 0.050 | elapsed 4242.8s
step  1860000 | reward(last100)  0.2870 | eps 0.050 | elapsed 4252.6s
step  1865000 | reward(last100)  0.2500 | eps 0.050 | elapsed 4262.3s
step  1870000 | reward(last100)  0.0270 | eps 0.050 | elapsed 4272.8s
step  1875000 | reward(last100)  0.4325 | eps 0.050 | elapsed 4283.3s
step  1880000 | reward(last100)  0.3160 | eps 0.050 | elapsed 4295.6s
step  1885000 | reward(last100)  0.2313 | eps 0.050 | elapsed 4307.5s
step  1890000 | reward(last100)  0.3687 | eps 0.050 | elapsed 4317.2s
step  1895000 | reward(last100)  0.0914 | eps 0.050 | elapsed 4328.1s
step  1900000 | reward(last100)  0.3023 | eps 0.050 | elapsed 4338.9s
step  1905000 | reward(last100)  0.3405 | eps 0.050 | elapsed 4350.4s
step  1910000 | reward(last100)  0.1745 | eps 0.050 | elapsed 4361.7s
step  1915000 | reward(last100)  0.3377 | eps 0.050 | elapsed 4373.2s
step  1920000 | reward(last100)  0.3288 | eps 0.050 | elapsed 4384.4s
step  1925000 | reward(last100)  0.0655 | eps 0.050 | elapsed 4395.3s
step  1930000 | reward(last100)  0.3356 | eps 0.050 | elapsed 4405.9s
step  1935000 | reward(last100)  0.3509 | eps 0.050 | elapsed 4419.2s
step  1940000 | reward(last100)  0.3640 | eps 0.050 | elapsed 4432.2s
step  1945000 | reward(last100)  0.2433 | eps 0.050 | elapsed 4445.9s
step  1950000 | reward(last100)  0.3986 | eps 0.050 | elapsed 4457.4s
step  1955000 | reward(last100)  0.1506 | eps 0.050 | elapsed 4469.2s
step  1960000 | reward(last100)  0.2221 | eps 0.050 | elapsed 4479.0s
step  1965000 | reward(last100)  0.2845 | eps 0.050 | elapsed 4488.8s
step  1970000 | reward(last100)  0.2729 | eps 0.050 | elapsed 4498.7s
step  1975000 | reward(last100)  0.2696 | eps 0.050 | elapsed 4508.8s
step  1980000 | reward(last100)  0.1476 | eps 0.050 | elapsed 4519.9s
step  1985000 | reward(last100)  0.2377 | eps 0.050 | elapsed 4530.9s
step  1990000 | reward(last100)  0.2218 | eps 0.050 | elapsed 4541.9s
step  1995000 | reward(last100)  0.0936 | eps 0.050 | elapsed 4554.1s
step  2000000 | reward(last100)  0.3795 | eps 0.050 | elapsed 4567.2s
step  2005000 | reward(last100)  0.1525 | eps 0.050 | elapsed 4579.5s
step  2010000 | reward(last100)  0.2650 | eps 0.050 | elapsed 4589.2s
step  2015000 | reward(last100)  0.2290 | eps 0.050 | elapsed 4598.9s
step  2020000 | reward(last100)  0.2741 | eps 0.050 | elapsed 4608.6s
step  2025000 | reward(last100)  0.3367 | eps 0.050 | elapsed 4618.3s
step  2030000 | reward(last100)  0.1086 | eps 0.050 | elapsed 4628.0s
step  2035000 | reward(last100)  0.3323 | eps 0.050 | elapsed 4637.8s
step  2040000 | reward(last100)  0.2528 | eps 0.050 | elapsed 4648.5s
step  2045000 | reward(last100)  0.2416 | eps 0.050 | elapsed 4659.2s
step  2050000 | reward(last100)  0.2783 | eps 0.050 | elapsed 4670.4s
step  2055000 | reward(last100)  0.2945 | eps 0.050 | elapsed 4681.9s
step  2060000 | reward(last100)  0.2750 | eps 0.050 | elapsed 4691.8s
step  2065000 | reward(last100)  0.4136 | eps 0.050 | elapsed 4702.6s
step  2070000 | reward(last100)  0.1869 | eps 0.050 | elapsed 4713.3s
step  2075000 | reward(last100)  0.1042 | eps 0.050 | elapsed 4724.1s
step  2080000 | reward(last100)  0.0231 | eps 0.050 | elapsed 4734.8s
step  2085000 | reward(last100)  0.2872 | eps 0.050 | elapsed 4745.9s
step  2090000 | reward(last100)  0.2935 | eps 0.050 | elapsed 4758.5s
step  2095000 | reward(last100)  0.2487 | eps 0.050 | elapsed 4769.2s
step  2100000 | reward(last100)  0.3347 | eps 0.050 | elapsed 4779.9s
step  2105000 | reward(last100)  0.2034 | eps 0.050 | elapsed 4790.1s
step  2110000 | reward(last100)  0.4063 | eps 0.050 | elapsed 4799.9s
step  2115000 | reward(last100)  0.2998 | eps 0.050 | elapsed 4809.7s
step  2120000 | reward(last100)  0.3422 | eps 0.050 | elapsed 4819.5s
step  2125000 | reward(last100)  0.3411 | eps 0.050 | elapsed 4829.2s
step  2130000 | reward(last100)  0.3983 | eps 0.050 | elapsed 4839.0s
step  2135000 | reward(last100)  0.3272 | eps 0.050 | elapsed 4848.7s
step  2140000 | reward(last100)  0.3586 | eps 0.050 | elapsed 4858.5s
step  2145000 | reward(last100)  0.2814 | eps 0.050 | elapsed 4868.3s
step  2150000 | reward(last100)  0.3599 | eps 0.050 | elapsed 4878.1s
step  2155000 | reward(last100)  0.1838 | eps 0.050 | elapsed 4888.3s
step  2160000 | reward(last100)  0.1640 | eps 0.050 | elapsed 4898.1s
step  2165000 | reward(last100)  0.3709 | eps 0.050 | elapsed 4908.5s
step  2170000 | reward(last100)  0.3021 | eps 0.050 | elapsed 4920.0s
step  2175000 | reward(last100)  0.2103 | eps 0.050 | elapsed 4930.9s
step  2180000 | reward(last100)  0.1727 | eps 0.050 | elapsed 4941.8s
step  2185000 | reward(last100)  0.3317 | eps 0.050 | elapsed 4952.6s
step  2190000 | reward(last100)  0.3795 | eps 0.050 | elapsed 4963.5s
step  2195000 | reward(last100)  0.2969 | eps 0.050 | elapsed 4974.3s
step  2200000 | reward(last100)  0.3414 | eps 0.050 | elapsed 4985.2s
step  2205000 | reward(last100)  0.3463 | eps 0.050 | elapsed 4995.2s
step  2210000 | reward(last100)  0.3778 | eps 0.050 | elapsed 5004.9s
step  2215000 | reward(last100)  0.3883 | eps 0.050 | elapsed 5014.6s
step  2220000 | reward(last100)  0.4319 | eps 0.050 | elapsed 5025.0s
step  2225000 | reward(last100)  0.1020 | eps 0.050 | elapsed 5035.6s
step  2230000 | reward(last100)  0.0132 | eps 0.050 | elapsed 5045.3s
step  2235000 | reward(last100)  0.1153 | eps 0.050 | elapsed 5055.1s
step  2240000 | reward(last100)  0.3116 | eps 0.050 | elapsed 5064.8s
step  2245000 | reward(last100)  0.3963 | eps 0.050 | elapsed 5074.5s
step  2250000 | reward(last100)  0.3359 | eps 0.050 | elapsed 5084.2s
step  2255000 | reward(last100)  0.3765 | eps 0.050 | elapsed 5097.5s
step  2260000 | reward(last100)  0.2947 | eps 0.050 | elapsed 5110.0s
step  2265000 | reward(last100)  0.1661 | eps 0.050 | elapsed 5122.4s
step  2270000 | reward(last100)  0.3713 | eps 0.050 | elapsed 5133.8s
step  2275000 | reward(last100)  0.4557 | eps 0.050 | elapsed 5144.4s
step  2280000 | reward(last100)  0.3636 | eps 0.050 | elapsed 5154.6s
step  2285000 | reward(last100)  0.0959 | eps 0.050 | elapsed 5164.4s
step  2290000 | reward(last100)  0.3298 | eps 0.050 | elapsed 5174.1s
step  2295000 | reward(last100)  0.2890 | eps 0.050 | elapsed 5184.5s
step  2300000 | reward(last100)  0.3840 | eps 0.050 | elapsed 5194.9s
step  2305000 | reward(last100)  0.2838 | eps 0.050 | elapsed 5208.8s
step  2310000 | reward(last100)  0.3588 | eps 0.050 | elapsed 5221.8s
step  2315000 | reward(last100)  0.2132 | eps 0.050 | elapsed 5235.4s
step  2320000 | reward(last100)  0.3002 | eps 0.050 | elapsed 5248.9s
step  2325000 | reward(last100)  0.2901 | eps 0.050 | elapsed 5262.4s
step  2330000 | reward(last100)  0.3336 | eps 0.050 | elapsed 5275.9s
step  2335000 | reward(last100)  0.3901 | eps 0.050 | elapsed 5289.3s
step  2340000 | reward(last100)  0.3634 | eps 0.050 | elapsed 5302.7s
step  2345000 | reward(last100)  0.3847 | eps 0.050 | elapsed 5316.2s
step  2350000 | reward(last100)  0.2913 | eps 0.050 | elapsed 5329.2s
step  2355000 | reward(last100)  0.3310 | eps 0.050 | elapsed 5339.5s
step  2360000 | reward(last100)  0.4090 | eps 0.050 | elapsed 5349.8s
step  2365000 | reward(last100)  0.3609 | eps 0.050 | elapsed 5359.6s
step  2370000 | reward(last100)  0.3361 | eps 0.050 | elapsed 5369.5s
step  2375000 | reward(last100)  0.3784 | eps 0.050 | elapsed 5379.3s
step  2380000 | reward(last100)  0.3296 | eps 0.050 | elapsed 5389.2s
step  2385000 | reward(last100)  0.3911 | eps 0.050 | elapsed 5399.1s
step  2390000 | reward(last100)  0.3244 | eps 0.050 | elapsed 5408.9s
step  2395000 | reward(last100)  0.4706 | eps 0.050 | elapsed 5418.8s
step  2400000 | reward(last100)  0.2105 | eps 0.050 | elapsed 5428.5s
step  2405000 | reward(last100)  0.2450 | eps 0.050 | elapsed 5438.7s
step  2410000 | reward(last100)  0.3503 | eps 0.050 | elapsed 5448.6s
step  2415000 | reward(last100)  0.3829 | eps 0.050 | elapsed 5458.4s
step  2420000 | reward(last100)  0.4009 | eps 0.050 | elapsed 5468.3s
step  2425000 | reward(last100)  0.4229 | eps 0.050 | elapsed 5478.3s
step  2430000 | reward(last100)  0.3152 | eps 0.050 | elapsed 5489.4s
step  2435000 | reward(last100)  0.2516 | eps 0.050 | elapsed 5500.6s
step  2440000 | reward(last100)  0.2817 | eps 0.050 | elapsed 5511.7s
step  2445000 | reward(last100)  0.4015 | eps 0.050 | elapsed 5522.7s
step  2450000 | reward(last100)  0.3737 | eps 0.050 | elapsed 5532.5s
step  2455000 | reward(last100)  0.3313 | eps 0.050 | elapsed 5544.3s
step  2460000 | reward(last100)  0.2968 | eps 0.050 | elapsed 5555.0s
step  2465000 | reward(last100)  0.2470 | eps 0.050 | elapsed 5564.9s
step  2470000 | reward(last100)  0.2050 | eps 0.050 | elapsed 5574.8s
step  2475000 | reward(last100)  0.2371 | eps 0.050 | elapsed 5584.7s
step  2480000 | reward(last100)  0.3455 | eps 0.050 | elapsed 5594.5s
step  2485000 | reward(last100)  0.3233 | eps 0.050 | elapsed 5604.4s
step  2490000 | reward(last100)  0.3624 | eps 0.050 | elapsed 5614.3s
step  2495000 | reward(last100)  0.4457 | eps 0.050 | elapsed 5624.3s
step  2500000 | reward(last100)  0.3462 | eps 0.050 | elapsed 5634.2s
step  2505000 | reward(last100)  0.2768 | eps 0.050 | elapsed 5644.4s
step  2510000 | reward(last100)  0.2857 | eps 0.050 | elapsed 5654.3s
step  2515000 | reward(last100)  0.2972 | eps 0.050 | elapsed 5664.1s
step  2520000 | reward(last100)  0.3669 | eps 0.050 | elapsed 5674.0s
step  2525000 | reward(last100)  0.3000 | eps 0.050 | elapsed 5683.8s
step  2530000 | reward(last100)  0.3166 | eps 0.050 | elapsed 5693.7s
step  2535000 | reward(last100)  0.3988 | eps 0.050 | elapsed 5703.7s
step  2540000 | reward(last100)  0.2397 | eps 0.050 | elapsed 5714.2s
step  2545000 | reward(last100)  0.3272 | eps 0.050 | elapsed 5725.3s
step  2550000 | reward(last100)  0.3841 | eps 0.050 | elapsed 5736.4s
step  2555000 | reward(last100)  0.4137 | eps 0.050 | elapsed 5747.5s
step  2560000 | reward(last100)  0.3579 | eps 0.050 | elapsed 5758.7s
step  2565000 | reward(last100)  0.2166 | eps 0.050 | elapsed 5769.9s
step  2570000 | reward(last100)  0.2079 | eps 0.050 | elapsed 5780.8s
step  2575000 | reward(last100)  0.3003 | eps 0.050 | elapsed 5791.6s
step  2580000 | reward(last100)  0.3253 | eps 0.050 | elapsed 5802.4s
step  2585000 | reward(last100)  0.4308 | eps 0.050 | elapsed 5813.5s
step  2590000 | reward(last100)  0.2988 | eps 0.050 | elapsed 5824.6s
step  2595000 | reward(last100)  0.3508 | eps 0.050 | elapsed 5835.7s
step  2600000 | reward(last100)  0.3342 | eps 0.050 | elapsed 5846.8s
step  2605000 | reward(last100)  0.3613 | eps 0.050 | elapsed 5858.2s
step  2610000 | reward(last100)  0.3314 | eps 0.050 | elapsed 5869.2s
step  2615000 | reward(last100)  0.3959 | eps 0.050 | elapsed 5880.3s
step  2620000 | reward(last100)  0.3147 | eps 0.050 | elapsed 5893.5s
step  2625000 | reward(last100)  0.3308 | eps 0.050 | elapsed 5907.4s
step  2630000 | reward(last100)  0.2445 | eps 0.050 | elapsed 5921.4s
step  2635000 | reward(last100)  0.3163 | eps 0.050 | elapsed 5932.3s
step  2640000 | reward(last100)  0.2679 | eps 0.050 | elapsed 5943.4s
step  2645000 | reward(last100)  0.3551 | eps 0.050 | elapsed 5955.0s
step  2650000 | reward(last100)  0.1877 | eps 0.050 | elapsed 5966.6s
step  2655000 | reward(last100)  0.3372 | eps 0.050 | elapsed 5976.9s
step  2660000 | reward(last100)  0.3002 | eps 0.050 | elapsed 5987.6s
step  2665000 | reward(last100)  0.3552 | eps 0.050 | elapsed 5998.8s
step  2670000 | reward(last100)  0.3222 | eps 0.050 | elapsed 6010.5s
step  2675000 | reward(last100)  0.3882 | eps 0.050 | elapsed 6022.1s
step  2680000 | reward(last100)  0.3570 | eps 0.050 | elapsed 6033.8s
step  2685000 | reward(last100)  0.4271 | eps 0.050 | elapsed 6045.4s
step  2690000 | reward(last100)  0.3914 | eps 0.050 | elapsed 6057.1s
step  2695000 | reward(last100)  0.2967 | eps 0.050 | elapsed 6068.4s
step  2700000 | reward(last100)  0.3172 | eps 0.050 | elapsed 6079.4s
step  2705000 | reward(last100)  0.2262 | eps 0.050 | elapsed 6089.6s
step  2710000 | reward(last100)  0.3819 | eps 0.050 | elapsed 6099.4s
step  2715000 | reward(last100)  0.3862 | eps 0.050 | elapsed 6109.3s
step  2720000 | reward(last100)  0.3987 | eps 0.050 | elapsed 6119.2s
step  2725000 | reward(last100)  0.2788 | eps 0.050 | elapsed 6128.9s
step  2730000 | reward(last100)  0.2654 | eps 0.050 | elapsed 6138.7s
step  2735000 | reward(last100)  0.3281 | eps 0.050 | elapsed 6148.5s
step  2740000 | reward(last100)  0.3356 | eps 0.050 | elapsed 6158.3s
step  2745000 | reward(last100)  0.4681 | eps 0.050 | elapsed 6168.2s
step  2750000 | reward(last100)  0.2798 | eps 0.050 | elapsed 6178.0s
step  2755000 | reward(last100)  0.3825 | eps 0.050 | elapsed 6188.1s
step  2760000 | reward(last100)  0.2978 | eps 0.050 | elapsed 6197.9s
step  2765000 | reward(last100)  0.2955 | eps 0.050 | elapsed 6207.7s
step  2770000 | reward(last100)  0.3154 | eps 0.050 | elapsed 6217.4s
step  2775000 | reward(last100)  0.3692 | eps 0.050 | elapsed 6227.2s
step  2780000 | reward(last100)  0.3474 | eps 0.050 | elapsed 6237.4s
step  2785000 | reward(last100)  0.3651 | eps 0.050 | elapsed 6248.4s
step  2790000 | reward(last100)  0.3313 | eps 0.050 | elapsed 6259.3s
step  2795000 | reward(last100)  0.3439 | eps 0.050 | elapsed 6270.2s
step  2800000 | reward(last100)  0.3308 | eps 0.050 | elapsed 6281.2s
step  2805000 | reward(last100)  0.3244 | eps 0.050 | elapsed 6294.4s
step  2810000 | reward(last100)  0.3855 | eps 0.050 | elapsed 6307.6s
step  2815000 | reward(last100)  0.3970 | eps 0.050 | elapsed 6319.1s
step  2820000 | reward(last100)  0.4309 | eps 0.050 | elapsed 6330.1s
step  2825000 | reward(last100)  0.3660 | eps 0.050 | elapsed 6341.0s
step  2830000 | reward(last100)  0.2821 | eps 0.050 | elapsed 6352.1s
step  2835000 | reward(last100)  0.3690 | eps 0.050 | elapsed 6365.1s
step  2840000 | reward(last100)  0.3198 | eps 0.050 | elapsed 6378.0s
step  2845000 | reward(last100)  0.2613 | eps 0.050 | elapsed 6391.0s
step  2850000 | reward(last100)  0.3177 | eps 0.050 | elapsed 6402.4s
step  2855000 | reward(last100)  0.2766 | eps 0.050 | elapsed 6415.8s
step  2860000 | reward(last100)  0.4222 | eps 0.050 | elapsed 6428.9s
step  2865000 | reward(last100)  0.1243 | eps 0.050 | elapsed 6442.3s
step  2870000 | reward(last100)  0.4132 | eps 0.050 | elapsed 6455.3s
step  2875000 | reward(last100)  0.2125 | eps 0.050 | elapsed 6468.3s
step  2880000 | reward(last100)  0.3403 | eps 0.050 | elapsed 6481.3s
step  2885000 | reward(last100)  0.3361 | eps 0.050 | elapsed 6494.9s
step  2890000 | reward(last100)  0.3095 | eps 0.050 | elapsed 6508.2s
step  2895000 | reward(last100)  0.2993 | eps 0.050 | elapsed 6520.2s
step  2900000 | reward(last100)  0.3306 | eps 0.050 | elapsed 6532.2s
step  2905000 | reward(last100)  0.2004 | eps 0.050 | elapsed 6542.6s
step  2910000 | reward(last100)  0.3050 | eps 0.050 | elapsed 6553.6s
step  2915000 | reward(last100)  0.3015 | eps 0.050 | elapsed 6563.5s
step  2920000 | reward(last100)  0.3744 | eps 0.050 | elapsed 6573.2s
step  2925000 | reward(last100)  0.3060 | eps 0.050 | elapsed 6583.0s
step  2930000 | reward(last100)  0.1672 | eps 0.050 | elapsed 6592.8s
step  2935000 | reward(last100)  0.3838 | eps 0.050 | elapsed 6602.6s
step  2940000 | reward(last100)  0.3814 | eps 0.050 | elapsed 6612.4s
step  2945000 | reward(last100)  0.2814 | eps 0.050 | elapsed 6622.3s
step  2950000 | reward(last100)  0.4430 | eps 0.050 | elapsed 6632.2s
step  2955000 | reward(last100)  0.2385 | eps 0.050 | elapsed 6644.2s
step  2960000 | reward(last100)  0.2627 | eps 0.050 | elapsed 6655.3s
step  2965000 | reward(last100)  0.1745 | eps 0.050 | elapsed 6666.2s
step  2970000 | reward(last100)  0.1998 | eps 0.050 | elapsed 6677.3s
step  2975000 | reward(last100)  0.3195 | eps 0.050 | elapsed 6688.4s
step  2980000 | reward(last100)  0.4083 | eps 0.050 | elapsed 6700.1s
step  2985000 | reward(last100)  0.1218 | eps 0.050 | elapsed 6711.9s
step  2990000 | reward(last100)  0.0686 | eps 0.050 | elapsed 6723.6s
step  2995000 | reward(last100)  0.3023 | eps 0.050 | elapsed 6735.4s
step  3000000 | reward(last100)  0.3836 | eps 0.050 | elapsed 6746.7s
