step     5000 | reward(last100)  0.0000 | eps 0.976 | elapsed    1.7s
step    10000 | reward(last100)  0.0293 | eps 0.953 | elapsed    3.4s
step    15000 | reward(last100)  0.0195 | eps 0.929 | elapsed   19.2s
step    20000 | reward(last100)  0.0214 | eps 0.905 | elapsed   35.1s
step    25000 | reward(last100)  0.0316 | eps 0.881 | elapsed   47.9s
step    30000 | reward(last100)  0.0562 | eps 0.858 | elapsed   59.7s
step    35000 | reward(last100)  0.0645 | eps 0.834 | elapsed   71.1s
step    40000 | reward(last100)  0.0868 | eps 0.810 | elapsed   84.9s
step    45000 | reward(last100)  0.1172 | eps 0.786 | elapsed   96.3s
step    50000 | reward(last100)  0.1693 | eps 0.762 | elapsed  108.2s
step    55000 | reward(last100)  0.2277 | eps 0.739 | elapsed  121.4s
step    60000 | reward(last100)  0.2537 | eps 0.715 | elapsed  137.5s
step    65000 | reward(last100)  0.3089 | eps 0.691 | elapsed  151.9s
step    70000 | reward(last100)  0.3290 | eps 0.667 | elapsed  167.1s
step    75000 | reward(last100)  0.3641 | eps 0.644 | elapsed  183.0s
step    80000 | reward(last100)  0.3599 | eps 0.620 | elapsed  198.5s
step    85000 | reward(last100)  0.3852 | eps 0.596 | elapsed  212.5s
step    90000 | reward(last100)  0.4106 | eps 0.573 | elapsed  222.6s
step    95000 | reward(last100)  0.4467 | eps 0.549 | elapsed  232.5s
step   100000 | reward(last100)  0.4748 | eps 0.525 | elapsed  242.5s
step   105000 | reward(last100)  0.4796 | eps 0.501 | elapsed  256.3s
step   110000 | reward(last100)  0.4991 | eps 0.478 | elapsed  271.1s
step   115000 | reward(last100)  0.4919 | eps 0.454 | elapsed  286.2s
step   120000 | reward(last100)  0.4614 | eps 0.430 | elapsed  301.6s
step   125000 | reward(last100)  0.4252 | eps 0.406 | elapsed  314.0s
step   130000 | reward(last100)  0.3511 | eps 0.383 | elapsed  326.5s
step   135000 | reward(last100)  0.2789 | eps 0.359 | elapsed  338.6s
step   140000 | reward(last100)  0.2308 | eps 0.335 | elapsed  350.2s
step   145000 | reward(last100)  0.1764 | eps 0.311 | elapsed  360.8s
step   150000 | reward(last100)  0.1489 | eps 0.288 | elapsed  371.2s
step   155000 | reward(last100)  0.1140 | eps 0.264 | elapsed  383.4s
step   160000 | reward(last100)  0.1109 | eps 0.240 | elapsed  394.8s
step   165000 | reward(last100)  0.0931 | eps 0.216 | elapsed  409.9s
step   170000 | reward(last100)  0.0792 | eps 0.193 | elapsed  423.6s
step   175000 | reward(last100)  0.0693 | eps 0.169 | elapsed  436.0s
step   180000 | reward(last100)  0.0804 | eps 0.145 | elapsed  448.1s
step   185000 | reward(last100)  0.0714 | eps 0.121 | elapsed  458.6s
step   190000 | reward(last100)  0.0672 | eps 0.098 | elapsed  470.0s
step   195000 | reward(last100)  0.0562 | eps 0.074 | elapsed  481.0s
step   200000 | reward(last100)  0.0462 | eps 0.050 | elapsed  493.5s
step   205000 | reward(last100)  0.0403 | eps 0.050 | elapsed  503.4s
step   210000 | reward(last100)  0.0355 | eps 0.050 | elapsed  515.5s
step   215000 | reward(last100)  0.0204 | eps 0.050 | elapsed  525.1s
step   220000 | reward(last100)  0.0124 | eps 0.050 | elapsed  535.2s
step   225000 | reward(last100)  0.0244 | eps 0.050 | elapsed  545.1s
step   230000 | reward(last100)  0.0285 | eps 0.050 | elapsed  554.5s
step   235000 | reward(last100)  0.0522 | eps 0.050 | elapsed  568.7s
step   240000 | reward(last100)  0.0987 | eps 0.050 | elapsed  583.7s
step   245000 | reward(last100)  0.1479 | eps 0.050 | elapsed  597.6s
step   250000 | reward(last100)  0.2170 | eps 0.050 | elapsed  607.5s
step   255000 | reward(last100)  0.3760 | eps 0.050 | elapsed  617.9s
step   260000 | reward(last100)  0.3982 | eps 0.050 | elapsed  628.6s
step   265000 | reward(last100)  0.3677 | eps 0.050 | elapsed  638.7s
step   270000 | reward(last100)  0.3656 | eps 0.050 | elapsed  649.9s
step   275000 | reward(last100)  0.3323 | eps 0.050 | elapsed  660.1s
step   280000 | reward(last100)  0.2847 | eps 0.050 | elapsed  670.1s
step   285000 | reward(last100)  0.2708 | eps 0.050 | elapsed  680.9s
step   290000 | reward(last100)  0.2587 | eps 0.050 | elapsed  690.9s
step   295000 | reward(last100)  0.2627 | eps 0.050 | elapsed  702.3s
step   300000 | reward(last100)  0.2223 | eps 0.050 | elapsed  714.2s
step   305000 | reward(last100)  0.1950 | eps 0.050 | elapsed  726.0s
step   310000 | reward(last100)  0.1474 | eps 0.050 | elapsed  736.3s
step   315000 | reward(last100)  0.1111 | eps 0.050 | elapsed  747.0s
step   320000 | reward(last100)  0.0793 | eps 0.050 | elapsed  757.9s
step   325000 | reward(last100)  0.0561 | eps 0.050 | elapsed  768.4s
step   330000 | reward(last100)  0.0474 | eps 0.050 | elapsed  779.0s
step   335000 | reward(last100)  0.0531 | eps 0.050 | elapsed  793.9s
step   340000 | reward(last100)  0.0566 | eps 0.050 | elapsed  808.5s
step   345000 | reward(last100)  0.1733 | eps 0.050 | elapsed  819.8s
step   350000 | reward(last100)  0.2606 | eps 0.050 | elapsed  831.2s
step   355000 | reward(last100)  0.3134 | eps 0.050 | elapsed  845.9s
step   360000 | reward(last100)  0.3764 | eps 0.050 | elapsed  860.9s
step   365000 | reward(last100)  0.3993 | eps 0.050 | elapsed  874.6s
step   370000 | reward(last100)  0.3480 | eps 0.050 | elapsed  887.6s
step   375000 | reward(last100)  0.3764 | eps 0.050 | elapsed  898.7s
step   380000 | reward(last100)  0.3484 | eps 0.050 | elapsed  908.8s
step   385000 | reward(last100)  0.3471 | eps 0.050 | elapsed  919.4s
step   390000 | reward(last100)  0.3528 | eps 0.050 | elapsed  929.9s
step   395000 | reward(last100)  0.3198 | eps 0.050 | elapsed  940.8s
step   400000 | reward(last100)  0.3069 | eps 0.050 | elapsed  951.0s
step   405000 | reward(last100)  0.3252 | eps 0.050 | elapsed  964.7s
step   410000 | reward(last100)  0.3420 | eps 0.050 | elapsed  979.3s
step   415000 | reward(last100)  0.3198 | eps 0.050 | elapsed  991.1s
step   420000 | reward(last100)  0.3745 | eps 0.050 | elapsed 1001.9s
step   425000 | reward(last100)  0.3688 | eps 0.050 | elapsed 1012.5s
step   430000 | reward(last100)  0.3519 | eps 0.050 | elapsed 1022.9s
step   435000 | reward(last100)  0.4322 | eps 0.050 | elapsed 1033.5s
step   440000 | reward(last100)  0.4160 | eps 0.050 | elapsed 1043.7s
step   445000 | reward(last100)  0.3925 | eps 0.050 | elapsed 1054.1s
step   450000 | reward(last100)  0.4102 | eps 0.050 | elapsed 1064.4s
step   455000 | reward(last100)  0.4311 | eps 0.050 | elapsed 1076.6s
step   460000 | reward(last100)  0.4074 | eps 0.050 | elapsed 1090.0s
step   465000 | reward(last100)  0.3882 | eps 0.050 | elapsed 1103.5s
step   470000 | reward(last100)  0.4209 | eps 0.050 | elapsed 1117.0s
step   475000 | reward(last100)  0.4285 | eps 0.050 | elapsed 1130.5s
step   480000 | reward(last100)  0.3814 | eps 0.050 | elapsed 1143.3s
step   485000 | reward(last100)  0.3406 | eps 0.050 | elapsed 1156.9s
step   490000 | reward(last100)  0.3575 | eps 0.050 | elapsed 1170.4s
step   495000 | reward(last100)  0.3019 | eps 0.050 | elapsed 1184.0s
step   500000 | reward(last100)  0.2589 | eps 0.050 | elapsed 1197.6s
step   505000 | reward(last100)  0.2726 | eps 0.050 | elapsed 1209.0s
step   510000 | reward(last100)  0.3812 | eps 0.050 | elapsed 1219.4s
step   515000 | reward(last100)  0.3716 | eps 0.050 | elapsed 1229.7s
step   520000 | reward(last100)  0.3860 | eps 0.050 | elapsed 1240.1s
step   525000 | reward(last100)  0.4109 | eps 0.050 | elapsed 1251.7s
step   530000 | reward(last100)  0.3681 | eps 0.050 | elapsed 1264.9s
step   535000 | reward(last100)  0.3068 | eps 0.050 | elapsed 1278.2s
step   540000 | reward(last100)  0.2636 | eps 0.050 | elapsed 1291.4s
step   545000 | reward(last100)  0.2239 | eps 0.050 | elapsed 1304.9s
step   550000 | reward(last100)  0.2307 | eps 0.050 | elapsed 1318.2s
step   555000 | reward(last100)  0.1834 | eps 0.050 | elapsed 1328.9s
step   560000 | reward(last100)  0.1535 | eps 0.050 | elapsed 1339.8s
step   565000 | reward(last100)  0.1519 | eps 0.050 | elapsed 1350.8s
step   570000 | reward(last100)  0.1576 | eps 0.050 | elapsed 1360.9s
step   575000 | reward(last100)  0.1505 | eps 0.050 | elapsed 1371.1s
step   580000 | reward(last100)  0.1572 | eps 0.050 | elapsed 1381.3s
step   585000 | reward(last100)  0.2022 | eps 0.050 | elapsed 1391.5s
step   590000 | reward(last100)  0.2480 | eps 0.050 | elapsed 1401.7s
step   595000 | reward(last100)  0.2295 | eps 0.050 | elapsed 1412.9s
step   600000 | reward(last100)  0.2396 | eps 0.050 | elapsed 1425.9s
step   605000 | reward(last100)  0.2591 | eps 0.050 | elapsed 1439.7s
step   610000 | reward(last100)  0.2417 | eps 0.050 | elapsed 1450.9s
step   615000 | reward(last100)  0.2007 | eps 0.050 | elapsed 1463.4s
step   620000 | reward(last100)  0.1585 | eps 0.050 | elapsed 1476.7s
step   625000 | reward(last100)  0.1549 | eps 0.050 | elapsed 1488.6s
step   630000 | reward(last100)  0.1066 | eps 0.050 | elapsed 1500.1s
step   635000 | reward(last100)  0.0905 | eps 0.050 | elapsed 1510.8s
step   640000 | reward(last100)  0.0726 | eps 0.050 | elapsed 1520.9s
step   645000 | reward(last100)  0.0740 | eps 0.050 | elapsed 1531.0s
step   650000 | reward(last100)  0.1220 | eps 0.050 | elapsed 1541.3s
step   655000 | reward(last100)  0.1774 | eps 0.050 | elapsed 1554.0s
step   660000 | reward(last100)  0.2298 | eps 0.050 | elapsed 1569.1s
step   665000 | reward(last100)  0.2733 | eps 0.050 | elapsed 1583.5s
step   670000 | reward(last100)  0.3010 | eps 0.050 | elapsed 1597.5s
step   675000 | reward(last100)  0.3357 | eps 0.050 | elapsed 1611.6s
step   680000 | reward(last100)  0.4224 | eps 0.050 | elapsed 1625.6s
step   685000 | reward(last100)  0.4613 | eps 0.050 | elapsed 1637.4s
step   690000 | reward(last100)  0.4351 | eps 0.050 | elapsed 1649.0s
step   695000 | reward(last100)  0.3866 | eps 0.050 | elapsed 1662.5s
step   700000 | reward(last100)  0.3252 | eps 0.050 | elapsed 1676.9s
step   705000 | reward(last100)  0.2281 | eps 0.050 | elapsed 1689.4s
step   710000 | reward(last100)  0.1616 | eps 0.050 | elapsed 1701.6s
step   715000 | reward(last100)  0.1077 | eps 0.050 | elapsed 1714.9s
step   720000 | reward(last100)  0.0621 | eps 0.050 | elapsed 1729.0s
step   725000 | reward(last100)  0.0575 | eps 0.050 | elapsed 1743.5s
step   730000 | reward(last100)  0.0667 | eps 0.050 | elapsed 1756.3s
step   735000 | reward(last100)  0.0758 | eps 0.050 | elapsed 1767.8s
step   740000 | reward(last100)  0.0959 | eps 0.050 | elapsed 1779.3s
step   745000 | reward(last100)  0.0940 | eps 0.050 | elapsed 1790.9s
step   750000 | reward(last100)  0.1013 | eps 0.050 | elapsed 1802.5s
step   755000 | reward(last100)  0.1454 | eps 0.050 | elapsed 1814.8s
step   760000 | reward(last100)  0.2128 | eps 0.050 | elapsed 1826.8s
step   765000 | reward(last100)  0.2076 | eps 0.050 | elapsed 1838.7s
step   770000 | reward(last100)  0.1752 | eps 0.050 | elapsed 1850.7s
step   775000 | reward(last100)  0.1928 | eps 0.050 | elapsed 1862.6s
step   780000 | reward(last100)  0.1826 | eps 0.050 | elapsed 1874.6s
step   785000 | reward(last100)  0.1536 | eps 0.050 | elapsed 1886.2s
step   790000 | reward(last100)  0.1512 | eps 0.050 | elapsed 1896.8s
step   795000 | reward(last100)  0.1138 | eps 0.050 | elapsed 1907.1s
step   800000 | reward(last100)  0.1129 | eps 0.050 | elapsed 1917.5s
step   805000 | reward(last100)  0.1239 | eps 0.050 | elapsed 1929.1s
step   810000 | reward(last100)  0.1022 | eps 0.050 | elapsed 1940.8s
step   815000 | reward(last100)  0.0954 | eps 0.050 | elapsed 1952.5s
step   820000 | reward(last100)  0.1025 | eps 0.050 | elapsed 1964.1s
step   825000 | reward(last100)  0.0813 | eps 0.050 | elapsed 1975.9s
step   830000 | reward(last100)  0.0952 | eps 0.050 | elapsed 1987.7s
step   835000 | reward(last100)  0.0913 | eps 0.050 | elapsed 1999.5s
step   840000 | reward(last100)  0.0787 | eps 0.050 | elapsed 2011.3s
step   845000 | reward(last100)  0.0820 | eps 0.050 | elapsed 2023.8s
step   850000 | reward(last100)  0.1207 | eps 0.050 | elapsed 2036.3s
step   855000 | reward(last100)  0.1351 | eps 0.050 | elapsed 2049.1s
step   860000 | reward(last100)  0.1010 | eps 0.050 | elapsed 2061.0s
step   865000 | reward(last100)  0.1061 | eps 0.050 | elapsed 2071.5s
step   870000 | reward(last100)  0.0995 | eps 0.050 | elapsed 2082.1s
step   875000 | reward(last100)  0.0979 | eps 0.050 | elapsed 2096.1s
step   880000 | reward(last100)  0.0800 | eps 0.050 | elapsed 2111.9s
step   885000 | reward(last100)  0.0673 | eps 0.050 | elapsed 2127.7s
step   890000 | reward(last100)  0.1169 | eps 0.050 | elapsed 2143.3s
step   895000 | reward(last100)  0.1616 | eps 0.050 | elapsed 2158.0s
step   900000 | reward(last100)  0.2497 | eps 0.050 | elapsed 2172.8s
step   905000 | reward(last100)  0.3750 | eps 0.050 | elapsed 2187.5s
step   910000 | reward(last100)  0.5017 | eps 0.050 | elapsed 2199.1s
step   915000 | reward(last100)  0.6338 | eps 0.050 | elapsed 2209.6s
step   920000 | reward(last100)  0.6042 | eps 0.050 | elapsed 2220.7s
step   925000 | reward(last100)  0.5408 | eps 0.050 | elapsed 2232.0s
step   930000 | reward(last100)  0.4827 | eps 0.050 | elapsed 2243.4s
step   935000 | reward(last100)  0.3841 | eps 0.050 | elapsed 2254.8s
step   940000 | reward(last100)  0.2875 | eps 0.050 | elapsed 2266.1s
step   945000 | reward(last100)  0.2502 | eps 0.050 | elapsed 2277.4s
step   950000 | reward(last100)  0.2360 | eps 0.050 | elapsed 2288.7s
step   955000 | reward(last100)  0.2045 | eps 0.050 | elapsed 2299.4s
step   960000 | reward(last100)  0.2359 | eps 0.050 | elapsed 2309.8s
step   965000 | reward(last100)  0.3150 | eps 0.050 | elapsed 2320.2s
step   970000 | reward(last100)  0.3872 | eps 0.050 | elapsed 2331.7s
step   975000 | reward(last100)  0.3818 | eps 0.050 | elapsed 2343.4s
step   980000 | reward(last100)  0.4433 | eps 0.050 | elapsed 2355.1s
step   985000 | reward(last100)  0.4698 | eps 0.050 | elapsed 2366.7s
step   990000 | reward(last100)  0.4735 | eps 0.050 | elapsed 2377.0s
step   995000 | reward(last100)  0.4946 | eps 0.050 | elapsed 2387.3s
step  1000000 | reward(last100)  0.5234 | eps 0.050 | elapsed 2397.7s
step  1005000 | reward(last100)  0.5440 | eps 0.050 | elapsed 2409.9s
step  1010000 | reward(last100)  0.5471 | eps 0.050 | elapsed 2420.5s
step  1015000 | reward(last100)  0.4812 | eps 0.050 | elapsed 2430.8s
step  1020000 | reward(last100)  0.4560 | eps 0.050 | elapsed 2441.1s
step  1025000 | reward(last100)  0.3644 | eps 0.050 | elapsed 2451.4s
step  1030000 | reward(last100)  0.3381 | eps 0.050 | elapsed 2461.7s
step  1035000 | reward(last100)  0.4130 | eps 0.050 | elapsed 2472.2s
step  1040000 | reward(last100)  0.4590 | eps 0.050 | elapsed 2482.5s
step  1045000 | reward(last100)  0.5477 | eps 0.050 | elapsed 2492.9s
step  1050000 | reward(last100)  0.6203 | eps 0.050 | elapsed 2503.3s
step  1055000 | reward(last100)  0.6458 | eps 0.050 | elapsed 2514.6s
step  1060000 | reward(last100)  0.6800 | eps 0.050 | elapsed 2525.0s
step  1065000 | reward(last100)  0.6503 | eps 0.050 | elapsed 2535.4s
step  1070000 | reward(last100)  0.6330 | eps 0.050 | elapsed 2545.8s
step  1075000 | reward(last100)  0.6115 | eps 0.050 | elapsed 2556.8s
step  1080000 | reward(last100)  0.6825 | eps 0.050 | elapsed 2568.1s
step  1085000 | reward(last100)  0.6642 | eps 0.050 | elapsed 2579.4s
step  1090000 | reward(last100)  0.6093 | eps 0.050 | elapsed 2593.9s
step  1095000 | reward(last100)  0.5158 | eps 0.050 | elapsed 2608.5s
step  1100000 | reward(last100)  0.4772 | eps 0.050 | elapsed 2623.2s
step  1105000 | reward(last100)  0.4342 | eps 0.050 | elapsed 2636.6s
step  1110000 | reward(last100)  0.3954 | eps 0.050 | elapsed 2651.5s
step  1115000 | reward(last100)  0.4329 | eps 0.050 | elapsed 2666.7s
step  1120000 | reward(last100)  0.4991 | eps 0.050 | elapsed 2681.5s
step  1125000 | reward(last100)  0.5020 | eps 0.050 | elapsed 2695.8s
step  1130000 | reward(last100)  0.5571 | eps 0.050 | elapsed 2710.1s
step  1135000 | reward(last100)  0.5569 | eps 0.050 | elapsed 2724.4s
step  1140000 | reward(last100)  0.5727 | eps 0.050 | elapsed 2738.7s
step  1145000 | reward(last100)  0.5680 | eps 0.050 | elapsed 2753.1s
step  1150000 | reward(last100)  0.6223 | eps 0.050 | elapsed 2766.4s
step  1155000 | reward(last100)  0.6193 | eps 0.050 | elapsed 2777.3s
step  1160000 | reward(last100)  0.5688 | eps 0.050 | elapsed 2789.5s
step  1165000 | reward(last100)  0.5004 | eps 0.050 | elapsed 2804.4s
step  1170000 | reward(last100)  0.4318 | eps 0.050 | elapsed 2819.1s
step  1175000 | reward(last100)  0.3898 | eps 0.050 | elapsed 2833.8s
step  1180000 | reward(last100)  0.3337 | eps 0.050 | elapsed 2847.7s
step  1185000 | reward(last100)  0.3806 | eps 0.050 | elapsed 2861.9s
step  1190000 | reward(last100)  0.3735 | eps 0.050 | elapsed 2876.5s
step  1195000 | reward(last100)  0.3755 | eps 0.050 | elapsed 2891.1s
step  1200000 | reward(last100)  0.4064 | eps 0.050 | elapsed 2905.4s
step  1205000 | reward(last100)  0.3832 | eps 0.050 | elapsed 2921.6s
step  1210000 | reward(last100)  0.3474 | eps 0.050 | elapsed 2937.1s
step  1215000 | reward(last100)  0.3398 | eps 0.050 | elapsed 2952.0s
step  1220000 | reward(last100)  0.3623 | eps 0.050 | elapsed 2966.2s
step  1225000 | reward(last100)  0.3299 | eps 0.050 | elapsed 2980.8s
step  1230000 | reward(last100)  0.3307 | eps 0.050 | elapsed 2995.6s
step  1235000 | reward(last100)  0.3324 | eps 0.050 | elapsed 3010.8s
step  1240000 | reward(last100)  0.3532 | eps 0.050 | elapsed 3025.4s
step  1245000 | reward(last100)  0.4489 | eps 0.050 | elapsed 3039.4s
step  1250000 | reward(last100)  0.4688 | eps 0.050 | elapsed 3053.5s
step  1255000 | reward(last100)  0.5131 | eps 0.050 | elapsed 3065.8s
step  1260000 | reward(last100)  0.5801 | eps 0.050 | elapsed 3077.3s
step  1265000 | reward(last100)  0.6764 | eps 0.050 | elapsed 3088.6s
step  1270000 | reward(last100)  0.6674 | eps 0.050 | elapsed 3100.4s
step  1275000 | reward(last100)  0.6389 | eps 0.050 | elapsed 3112.1s
step  1280000 | reward(last100)  0.5843 | eps 0.050 | elapsed 3123.9s
step  1285000 | reward(last100)  0.5877 | eps 0.050 | elapsed 3135.6s
step  1290000 | reward(last100)  0.6291 | eps 0.050 | elapsed 3147.4s
step  1295000 | reward(last100)  0.6089 | eps 0.050 | elapsed 3159.2s
step  1300000 | reward(last100)  0.5362 | eps 0.050 | elapsed 3170.6s
step  1305000 | reward(last100)  0.5037 | eps 0.050 | elapsed 3181.6s
step  1310000 | reward(last100)  0.4505 | eps 0.050 | elapsed 3192.1s
step  1315000 | reward(last100)  0.4441 | eps 0.050 | elapsed 3202.8s
step  1320000 | reward(last100)  0.4275 | eps 0.050 | elapsed 3213.3s
step  1325000 | reward(last100)  0.4453 | eps 0.050 | elapsed 3223.8s
step  1330000 | reward(last100)  0.4738 | eps 0.050 | elapsed 3234.3s
step  1335000 | reward(last100)  0.4176 | eps 0.050 | elapsed 3244.8s
step  1340000 | reward(last100)  0.4320 | eps 0.050 | elapsed 3255.3s
step  1345000 | reward(last100)  0.4478 | eps 0.050 | elapsed 3265.8s
step  1350000 | reward(last100)  0.4401 | eps 0.050 | elapsed 3276.4s
step  1355000 | reward(last100)  0.4311 | eps 0.050 | elapsed 3287.3s
step  1360000 | reward(last100)  0.5029 | eps 0.050 | elapsed 3297.9s
step  1365000 | reward(last100)  0.4697 | eps 0.050 | elapsed 3308.4s
step  1370000 | reward(last100)  0.4787 | eps 0.050 | elapsed 3319.0s
step  1375000 | reward(last100)  0.4381 | eps 0.050 | elapsed 3330.5s
step  1380000 | reward(last100)  0.4175 | eps 0.050 | elapsed 3342.1s
step  1385000 | reward(last100)  0.4011 | eps 0.050 | elapsed 3353.6s
step  1390000 | reward(last100)  0.4222 | eps 0.050 | elapsed 3365.7s
step  1395000 | reward(last100)  0.5036 | eps 0.050 | elapsed 3379.6s
step  1400000 | reward(last100)  0.6047 | eps 0.050 | elapsed 3393.5s
step  1405000 | reward(last100)  0.6876 | eps 0.050 | elapsed 3406.5s
step  1410000 | reward(last100)  0.6464 | eps 0.050 | elapsed 3419.1s
step  1415000 | reward(last100)  0.6086 | eps 0.050 | elapsed 3431.7s
step  1420000 | reward(last100)  0.4996 | eps 0.050 | elapsed 3444.3s
step  1425000 | reward(last100)  0.4163 | eps 0.050 | elapsed 3456.9s
step  1430000 | reward(last100)  0.3371 | eps 0.050 | elapsed 3469.3s
step  1435000 | reward(last100)  0.2746 | eps 0.050 | elapsed 3481.0s
step  1440000 | reward(last100)  0.1972 | eps 0.050 | elapsed 3492.0s
step  1445000 | reward(last100)  0.1154 | eps 0.050 | elapsed 3503.6s
step  1450000 | reward(last100)  0.1241 | eps 0.050 | elapsed 3517.8s
step  1455000 | reward(last100)  0.1696 | eps 0.050 | elapsed 3529.9s
step  1460000 | reward(last100)  0.2131 | eps 0.050 | elapsed 3543.8s
step  1465000 | reward(last100)  0.2634 | eps 0.050 | elapsed 3557.7s
step  1470000 | reward(last100)  0.3200 | eps 0.050 | elapsed 3572.7s
step  1475000 | reward(last100)  0.3924 | eps 0.050 | elapsed 3587.7s
step  1480000 | reward(last100)  0.4716 | eps 0.050 | elapsed 3602.7s
step  1485000 | reward(last100)  0.5844 | eps 0.050 | elapsed 3617.8s
step  1490000 | reward(last100)  0.5652 | eps 0.050 | elapsed 3632.8s
step  1495000 | reward(last100)  0.5571 | eps 0.050 | elapsed 3647.8s
step  1500000 | reward(last100)  0.5041 | eps 0.050 | elapsed 3662.3s
step  1505000 | reward(last100)  0.4661 | eps 0.050 | elapsed 3674.4s
step  1510000 | reward(last100)  0.4493 | eps 0.050 | elapsed 3686.1s
step  1515000 | reward(last100)  0.3708 | eps 0.050 | elapsed 3697.4s
step  1520000 | reward(last100)  0.3622 | eps 0.050 | elapsed 3709.5s
step  1525000 | reward(last100)  0.3141 | eps 0.050 | elapsed 3720.7s
step  1530000 | reward(last100)  0.2617 | eps 0.050 | elapsed 3732.4s
step  1535000 | reward(last100)  0.2346 | eps 0.050 | elapsed 3744.4s
step  1540000 | reward(last100)  0.1905 | eps 0.050 | elapsed 3758.7s
step  1545000 | reward(last100)  0.1948 | eps 0.050 | elapsed 3773.2s
step  1550000 | reward(last100)  0.1919 | eps 0.050 | elapsed 3787.7s
step  1555000 | reward(last100)  0.2089 | eps 0.050 | elapsed 3798.8s
step  1560000 | reward(last100)  0.2111 | eps 0.050 | elapsed 3810.0s
step  1565000 | reward(last100)  0.2705 | eps 0.050 | elapsed 3824.1s
step  1570000 | reward(last100)  0.3146 | eps 0.050 | elapsed 3838.4s
step  1575000 | reward(last100)  0.4118 | eps 0.050 | elapsed 3852.4s
step  1580000 | reward(last100)  0.5131 | eps 0.050 | elapsed 3864.2s
step  1585000 | reward(last100)  0.5483 | eps 0.050 | elapsed 3876.0s
step  1590000 | reward(last100)  0.5771 | eps 0.050 | elapsed 3887.7s
step  1595000 | reward(last100)  0.5402 | eps 0.050 | elapsed 3899.8s
step  1600000 | reward(last100)  0.5351 | eps 0.050 | elapsed 3912.3s
step  1605000 | reward(last100)  0.5435 | eps 0.050 | elapsed 3928.4s
step  1610000 | reward(last100)  0.5346 | eps 0.050 | elapsed 3944.4s
step  1615000 | reward(last100)  0.5785 | eps 0.050 | elapsed 3960.4s
step  1620000 | reward(last100)  0.5201 | eps 0.050 | elapsed 3976.1s
step  1625000 | reward(last100)  0.4825 | eps 0.050 | elapsed 3992.2s
step  1630000 | reward(last100)  0.4440 | eps 0.050 | elapsed 4008.3s
step  1635000 | reward(last100)  0.3847 | eps 0.050 | elapsed 4024.4s
step  1640000 | reward(last100)  0.3516 | eps 0.050 | elapsed 4040.0s
step  1645000 | reward(last100)  0.2858 | eps 0.050 | elapsed 4055.4s
step  1650000 | reward(last100)  0.2801 | eps 0.050 | elapsed 4070.8s
step  1655000 | reward(last100)  0.3170 | eps 0.050 | elapsed 4082.0s
step  1660000 | reward(last100)  0.3133 | eps 0.050 | elapsed 4092.8s
step  1665000 | reward(last100)  0.4471 | eps 0.050 | elapsed 4103.7s
step  1670000 | reward(last100)  0.6172 | eps 0.050 | elapsed 4114.8s
step  1675000 | reward(last100)  0.6339 | eps 0.050 | elapsed 4127.0s
step  1680000 | reward(last100)  0.5528 | eps 0.050 | elapsed 4142.5s
step  1685000 | reward(last100)  0.5072 | eps 0.050 | elapsed 4157.9s
step  1690000 | reward(last100)  0.4353 | eps 0.050 | elapsed 4173.4s
step  1695000 | reward(last100)  0.4485 | eps 0.050 | elapsed 4188.7s
step  1700000 | reward(last100)  0.5498 | eps 0.050 | elapsed 4203.6s
step  1705000 | reward(last100)  0.6389 | eps 0.050 | elapsed 4216.5s
step  1710000 | reward(last100)  0.6836 | eps 0.050 | elapsed 4228.9s
step  1715000 | reward(last100)  0.6429 | eps 0.050 | elapsed 4243.3s
step  1720000 | reward(last100)  0.6397 | eps 0.050 | elapsed 4258.7s
step  1725000 | reward(last100)  0.6268 | eps 0.050 | elapsed 4274.1s
step  1730000 | reward(last100)  0.6091 | eps 0.050 | elapsed 4289.6s
step  1735000 | reward(last100)  0.5699 | eps 0.050 | elapsed 4305.1s
step  1740000 | reward(last100)  0.5918 | eps 0.050 | elapsed 4320.5s
step  1745000 | reward(last100)  0.6817 | eps 0.050 | elapsed 4337.0s
step  1750000 | reward(last100)  0.6718 | eps 0.050 | elapsed 4353.7s
step  1755000 | reward(last100)  0.6180 | eps 0.050 | elapsed 4368.8s
step  1760000 | reward(last100)  0.5597 | eps 0.050 | elapsed 4383.3s
step  1765000 | reward(last100)  0.5466 | eps 0.050 | elapsed 4398.2s
step  1770000 | reward(last100)  0.5252 | eps 0.050 | elapsed 4412.9s
step  1775000 | reward(last100)  0.5212 | eps 0.050 | elapsed 4427.5s
step  1780000 | reward(last100)  0.5391 | eps 0.050 | elapsed 4442.2s
step  1785000 | reward(last100)  0.5272 | eps 0.050 | elapsed 4454.0s
step  1790000 | reward(last100)  0.5134 | eps 0.050 | elapsed 4465.8s
step  1795000 | reward(last100)  0.5226 | eps 0.050 | elapsed 4477.6s
step  1800000 | reward(last100)  0.5857 | eps 0.050 | elapsed 4489.4s
step  1805000 | reward(last100)  0.8557 | eps 0.050 | elapsed 4501.1s
step  1810000 | reward(last100)  0.8050 | eps 0.050 | elapsed 4512.0s
step  1815000 | reward(last100)  0.6995 | eps 0.050 | elapsed 4522.8s
step  1820000 | reward(last100)  0.5849 | eps 0.050 | elapsed 4533.6s
step  1825000 | reward(last100)  0.4889 | eps 0.050 | elapsed 4544.5s
step  1830000 | reward(last100)  0.4271 | eps 0.050 | elapsed 4556.7s
step  1835000 | reward(last100)  0.3812 | eps 0.050 | elapsed 4568.6s
step  1840000 | reward(last100)  0.5013 | eps 0.050 | elapsed 4581.4s
step  1845000 | reward(last100)  0.9335 | eps 0.050 | elapsed 4592.6s
step  1850000 | reward(last100)  0.9092 | eps 0.050 | elapsed 4603.5s
step  1855000 | reward(last100)  0.9319 | eps 0.050 | elapsed 4615.3s
step  1860000 | reward(last100)  0.8824 | eps 0.050 | elapsed 4627.0s
step  1865000 | reward(last100)  0.9236 | eps 0.050 | elapsed 4640.2s
step  1870000 | reward(last100)  0.9140 | eps 0.050 | elapsed 4654.1s
step  1875000 | reward(last100)  0.9532 | eps 0.050 | elapsed 4668.1s
step  1880000 | reward(last100)  0.9597 | eps 0.050 | elapsed 4682.2s
step  1885000 | reward(last100)  0.9640 | eps 0.050 | elapsed 4696.2s
step  1890000 | reward(last100)  0.9531 | eps 0.050 | elapsed 4710.3s
step  1895000 | reward(last100)  0.9552 | eps 0.050 | elapsed 4724.4s
step  1900000 | reward(last100)  0.9609 | eps 0.050 | elapsed 4738.4s
step  1905000 | reward(last100)  0.9651 | eps 0.050 | elapsed 4750.7s
step  1910000 | reward(last100)  0.9618 | eps 0.050 | elapsed 4762.4s
step  1915000 | reward(last100)  0.9656 | eps 0.050 | elapsed 4773.3s
step  1920000 | reward(last100)  0.9654 | eps 0.050 | elapsed 4785.2s
step  1925000 | reward(last100)  0.9674 | eps 0.050 | elapsed 4797.4s
step  1930000 | reward(last100)  0.9621 | eps 0.050 | elapsed 4809.6s
step  1935000 | reward(last100)  0.9623 | eps 0.050 | elapsed 4821.7s
step  1940000 | reward(last100)  0.9665 | eps 0.050 | elapsed 4834.0s
step  1945000 | reward(last100)  0.9617 | eps 0.050 | elapsed 4846.3s
step  1950000 | reward(last100)  0.9639 | eps 0.050 | elapsed 4858.1s
step  1955000 | reward(last100)  0.9665 | eps 0.050 | elapsed 4871.4s
step  1960000 | reward(last100)  0.9577 | eps 0.050 | elapsed 4884.2s
step  1965000 | reward(last100)  0.9666 | eps 0.050 | elapsed 4895.4s
step  1970000 | reward(last100)  0.9655 | eps 0.050 | elapsed 4906.4s
step  1975000 | reward(last100)  0.9622 | eps 0.050 | elapsed 4917.3s
step  1980000 | reward(last100)  0.9667 | eps 0.050 | elapsed 4928.2s
step  1985000 | reward(last100)  0.9662 | eps 0.050 | elapsed 4939.1s
step  1990000 | reward(last100)  0.9677 | eps 0.050 | elapsed 4950.7s
step  1995000 | reward(last100)  0.9667 | eps 0.050 | elapsed 4962.6s
step  2000000 | reward(last100)  0.9672 | eps 0.050 | elapsed 4974.6s
