step     5000 | reward(last100)  0.1026 | eps 0.976 | elapsed    1.5s
step    10000 | reward(last100)  0.0885 | eps 0.953 | elapsed    3.2s
step    15000 | reward(last100)  0.1028 | eps 0.929 | elapsed   16.8s
step    20000 | reward(last100)  0.1266 | eps 0.905 | elapsed   30.2s
step    25000 | reward(last100)  0.1408 | eps 0.881 | elapsed   43.6s
step    30000 | reward(last100)  0.1621 | eps 0.858 | elapsed   56.7s
step    35000 | reward(last100)  0.1832 | eps 0.834 | elapsed   69.8s
step    40000 | reward(last100)  0.2346 | eps 0.810 | elapsed   82.9s
step    45000 | reward(last100)  0.2677 | eps 0.786 | elapsed   96.1s
step    50000 | reward(last100)  0.3167 | eps 0.762 | elapsed  109.3s
step    55000 | reward(last100)  0.3541 | eps 0.739 | elapsed  119.2s
step    60000 | reward(last100)  0.2994 | eps 0.715 | elapsed  129.1s
step    65000 | reward(last100)  0.3203 | eps 0.691 | elapsed  142.1s
step    70000 | reward(last100)  0.2667 | eps 0.667 | elapsed  154.5s
step    75000 | reward(last100)  0.2264 | eps 0.644 | elapsed  167.5s
step    80000 | reward(last100)  0.2272 | eps 0.620 | elapsed  181.0s
step    85000 | reward(last100)  0.2092 | eps 0.596 | elapsed  195.0s
step    90000 | reward(last100)  0.1854 | eps 0.573 | elapsed  207.1s
step    95000 | reward(last100)  0.1854 | eps 0.549 | elapsed  217.1s
step   100000 | reward(last100)  0.1397 | eps 0.525 | elapsed  227.1s
step   105000 | reward(last100)  0.1378 | eps 0.501 | elapsed  237.3s
step   110000 | reward(last100)  0.1068 | eps 0.478 | elapsed  249.0s
step   115000 | reward(last100)  0.1223 | eps 0.454 | elapsed  261.6s
step   120000 | reward(last100)  0.1262 | eps 0.430 | elapsed  274.7s
step   125000 | reward(last100)  0.0846 | eps 0.406 | elapsed  288.0s
step   130000 | reward(last100)  0.0745 | eps 0.383 | elapsed  301.1s
step   135000 | reward(last100)  0.0839 | eps 0.359 | elapsed  314.4s
step   140000 | reward(last100)  0.0919 | eps 0.335 | elapsed  327.2s
step   145000 | reward(last100)  0.0956 | eps 0.311 | elapsed  339.7s
step   150000 | reward(last100)  0.0992 | eps 0.288 | elapsed  351.7s
step   155000 | reward(last100)  0.1107 | eps 0.264 | elapsed  363.3s
step   160000 | reward(last100)  0.1335 | eps 0.240 | elapsed  376.1s
step   165000 | reward(last100)  0.1460 | eps 0.216 | elapsed  388.3s
step   170000 | reward(last100)  0.1932 | eps 0.193 | elapsed  400.9s
step   175000 | reward(last100)  0.2128 | eps 0.169 | elapsed  412.3s
step   180000 | reward(last100)  0.2316 | eps 0.145 | elapsed  425.2s
step   185000 | reward(last100)  0.2199 | eps 0.121 | elapsed  436.9s
step   190000 | reward(last100)  0.2333 | eps 0.098 | elapsed  446.6s
step   195000 | reward(last100)  0.2976 | eps 0.074 | elapsed  455.8s
step   200000 | reward(last100)  0.2497 | eps 0.050 | elapsed  465.0s
step   205000 | reward(last100)  0.2163 | eps 0.050 | elapsed  476.4s
step   210000 | reward(last100)  0.1557 | eps 0.050 | elapsed  489.5s
step   215000 | reward(last100)  0.0734 | eps 0.050 | elapsed  503.4s
step   220000 | reward(last100)  0.0077 | eps 0.050 | elapsed  517.6s
step   225000 | reward(last100)  0.0000 | eps 0.050 | elapsed  530.4s
step   230000 | reward(last100)  0.0000 | eps 0.050 | elapsed  541.4s
step   235000 | reward(last100)  0.0000 | eps 0.050 | elapsed  552.6s
step   240000 | reward(last100)  0.0000 | eps 0.050 | elapsed  565.7s
step   245000 | reward(last100)  0.0000 | eps 0.050 | elapsed  578.8s
step   250000 | reward(last100)  0.0432 | eps 0.050 | elapsed  592.7s
step   255000 | reward(last100)  0.0885 | eps 0.050 | elapsed  604.2s
step   260000 | reward(last100)  0.1462 | eps 0.050 | elapsed  615.6s
step   265000 | reward(last100)  0.6190 | eps 0.050 | elapsed  626.1s
step   270000 | reward(last100)  0.7025 | eps 0.050 | elapsed  637.2s
step   275000 | reward(last100)  0.5769 | eps 0.050 | elapsed  649.9s
step   280000 | reward(last100)  0.4204 | eps 0.050 | elapsed  661.1s
step   285000 | reward(last100)  0.2614 | eps 0.050 | elapsed  672.5s
step   290000 | reward(last100)  0.1734 | eps 0.050 | elapsed  684.1s
step   295000 | reward(last100)  0.0608 | eps 0.050 | elapsed  696.0s
step   300000 | reward(last100)  0.0516 | eps 0.050 | elapsed  707.8s
step   305000 | reward(last100)  0.0482 | eps 0.050 | elapsed  721.8s
step   310000 | reward(last100)  0.0338 | eps 0.050 | elapsed  736.5s
step   315000 | reward(last100)  0.3745 | eps 0.050 | elapsed  751.3s
step   320000 | reward(last100)  0.3845 | eps 0.050 | elapsed  763.8s
step   325000 | reward(last100)  0.3715 | eps 0.050 | elapsed  774.2s
step   330000 | reward(last100)  0.2767 | eps 0.050 | elapsed  786.9s
step   335000 | reward(last100)  0.1372 | eps 0.050 | elapsed  799.9s
step   340000 | reward(last100)  0.0346 | eps 0.050 | elapsed  814.4s
step   345000 | reward(last100)  0.0137 | eps 0.050 | elapsed  829.4s
step   350000 | reward(last100)  0.0534 | eps 0.050 | elapsed  843.9s
step   355000 | reward(last100)  0.0534 | eps 0.050 | elapsed  855.4s
step   360000 | reward(last100)  0.9216 | eps 0.050 | elapsed  870.1s
step   365000 | reward(last100)  0.9420 | eps 0.050 | elapsed  884.1s
step   370000 | reward(last100)  0.9257 | eps 0.050 | elapsed  898.4s
step   375000 | reward(last100)  0.7672 | eps 0.050 | elapsed  912.9s
step   380000 | reward(last100)  0.5821 | eps 0.050 | elapsed  926.2s
step   385000 | reward(last100)  0.4055 | eps 0.050 | elapsed  939.6s
step   390000 | reward(last100)  0.5127 | eps 0.050 | elapsed  953.7s
step   395000 | reward(last100)  0.7298 | eps 0.050 | elapsed  967.8s
step   400000 | reward(last100)  0.9001 | eps 0.050 | elapsed  982.0s
step   405000 | reward(last100)  0.8555 | eps 0.050 | elapsed  993.9s
step   410000 | reward(last100)  0.9293 | eps 0.050 | elapsed 1003.8s
step   415000 | reward(last100)  0.9251 | eps 0.050 | elapsed 1014.9s
step   420000 | reward(last100)  0.9460 | eps 0.050 | elapsed 1027.9s
step   425000 | reward(last100)  0.9448 | eps 0.050 | elapsed 1039.8s
step   430000 | reward(last100)  0.9063 | eps 0.050 | elapsed 1049.1s
step   435000 | reward(last100)  0.8474 | eps 0.050 | elapsed 1058.6s
step   440000 | reward(last100)  0.9058 | eps 0.050 | elapsed 1067.9s
step   445000 | reward(last100)  0.9222 | eps 0.050 | elapsed 1077.4s
step   450000 | reward(last100)  0.9272 | eps 0.050 | elapsed 1087.0s
step   455000 | reward(last100)  0.9536 | eps 0.050 | elapsed 1098.3s
step   460000 | reward(last100)  0.9180 | eps 0.050 | elapsed 1108.4s
step   465000 | reward(last100)  0.9093 | eps 0.050 | elapsed 1119.8s
step   470000 | reward(last100)  0.8452 | eps 0.050 | elapsed 1129.2s
step   475000 | reward(last100)  0.8963 | eps 0.050 | elapsed 1140.6s
step   480000 | reward(last100)  0.7445 | eps 0.050 | elapsed 1152.0s
step   485000 | reward(last100)  0.9476 | eps 0.050 | elapsed 1163.4s
step   490000 | reward(last100)  0.9477 | eps 0.050 | elapsed 1174.8s
step   495000 | reward(last100)  0.9467 | eps 0.050 | elapsed 1186.2s
step   500000 | reward(last100)  0.9531 | eps 0.050 | elapsed 1196.4s
